[2023-04-02T03:17:18.723+0000] {taskinstance.py:1084} INFO - Dependencies all met for dep_context=non-requeueable deps ti=<TaskInstance: demo_dag.upload_to_mongodb manual__2023-04-02T03:17:17.683530+00:00 [queued]>
[2023-04-02T03:17:18.729+0000] {taskinstance.py:1084} INFO - Dependencies all met for dep_context=requeueable deps ti=<TaskInstance: demo_dag.upload_to_mongodb manual__2023-04-02T03:17:17.683530+00:00 [queued]>
[2023-04-02T03:17:18.729+0000] {taskinstance.py:1282} INFO - 
--------------------------------------------------------------------------------
[2023-04-02T03:17:18.730+0000] {taskinstance.py:1283} INFO - Starting attempt 1 of 1
[2023-04-02T03:17:18.730+0000] {taskinstance.py:1284} INFO - 
--------------------------------------------------------------------------------
[2023-04-02T03:17:18.738+0000] {taskinstance.py:1303} INFO - Executing <Task(_PythonDecoratedOperator): upload_to_mongodb> on 2023-04-02 03:17:17.683530+00:00
[2023-04-02T03:17:18.742+0000] {standard_task_runner.py:55} INFO - Started process 948 to run task
[2023-04-02T03:17:18.747+0000] {standard_task_runner.py:82} INFO - Running: ['***', 'tasks', 'run', 'demo_dag', 'upload_to_mongodb', 'manual__2023-04-02T03:17:17.683530+00:00', '--job-id', '424', '--raw', '--subdir', 'DAGS_FOLDER/test_dag.py', '--cfg-path', '/tmp/tmpq3fygxc4']
[2023-04-02T03:17:18.748+0000] {standard_task_runner.py:83} INFO - Job 424: Subtask upload_to_mongodb
[2023-04-02T03:17:18.822+0000] {task_command.py:388} INFO - Running <TaskInstance: demo_dag.upload_to_mongodb manual__2023-04-02T03:17:17.683530+00:00 [running]> on host 0b6a9b63e384
[2023-04-02T03:17:18.871+0000] {taskinstance.py:1511} INFO - Exporting the following env vars:
AIRFLOW_CTX_DAG_OWNER=***
AIRFLOW_CTX_DAG_ID=demo_dag
AIRFLOW_CTX_TASK_ID=upload_to_mongodb
AIRFLOW_CTX_EXECUTION_DATE=2023-04-02T03:17:17.683530+00:00
AIRFLOW_CTX_TRY_NUMBER=1
AIRFLOW_CTX_DAG_RUN_ID=manual__2023-04-02T03:17:17.683530+00:00
[2023-04-02T03:17:23.424+0000] {python.py:177} INFO - Done. Returned value was: None
[2023-04-02T03:17:23.452+0000] {taskinstance.py:1326} INFO - Marking task as SUCCESS. dag_id=demo_dag, task_id=upload_to_mongodb, execution_date=20230402T031717, start_date=20230402T031718, end_date=20230402T031723
[2023-04-02T03:17:23.492+0000] {local_task_job.py:212} INFO - Task exited with return code 0
[2023-04-02T03:17:23.512+0000] {taskinstance.py:2585} INFO - 0 downstream tasks scheduled from follow-on schedule check
