[2023-04-04T02:52:36.167+0000] {taskinstance.py:1084} INFO - Dependencies all met for dep_context=non-requeueable deps ti=<TaskInstance: demo_dag2.get_data_from_api scheduled__2023-04-01T00:00:00+00:00 [queued]>
[2023-04-04T02:52:36.247+0000] {taskinstance.py:1084} INFO - Dependencies all met for dep_context=requeueable deps ti=<TaskInstance: demo_dag2.get_data_from_api scheduled__2023-04-01T00:00:00+00:00 [queued]>
[2023-04-04T02:52:36.264+0000] {taskinstance.py:1282} INFO - 
--------------------------------------------------------------------------------
[2023-04-04T02:52:36.266+0000] {taskinstance.py:1283} INFO - Starting attempt 1 of 1
[2023-04-04T02:52:36.268+0000] {taskinstance.py:1284} INFO - 
--------------------------------------------------------------------------------
[2023-04-04T02:52:36.330+0000] {taskinstance.py:1303} INFO - Executing <Task(_PythonDecoratedOperator): get_data_from_api> on 2023-04-01 00:00:00+00:00
[2023-04-04T02:52:36.391+0000] {standard_task_runner.py:55} INFO - Started process 140 to run task
[2023-04-04T02:52:36.419+0000] {standard_task_runner.py:82} INFO - Running: ['***', 'tasks', 'run', 'demo_dag2', 'get_data_from_api', 'scheduled__2023-04-01T00:00:00+00:00', '--job-id', '446', '--raw', '--subdir', 'DAGS_FOLDER/test_dag2.py', '--cfg-path', '/tmp/tmpvl64brx4']
[2023-04-04T02:52:36.425+0000] {standard_task_runner.py:83} INFO - Job 446: Subtask get_data_from_api
[2023-04-04T02:52:36.694+0000] {task_command.py:388} INFO - Running <TaskInstance: demo_dag2.get_data_from_api scheduled__2023-04-01T00:00:00+00:00 [running]> on host dadb51b41a46
[2023-04-04T02:52:37.094+0000] {taskinstance.py:1511} INFO - Exporting the following env vars:
AIRFLOW_CTX_DAG_OWNER=***
AIRFLOW_CTX_DAG_ID=demo_dag2
AIRFLOW_CTX_TASK_ID=get_data_from_api
AIRFLOW_CTX_EXECUTION_DATE=2023-04-01T00:00:00+00:00
AIRFLOW_CTX_TRY_NUMBER=1
AIRFLOW_CTX_DAG_RUN_ID=scheduled__2023-04-01T00:00:00+00:00
[2023-04-04T02:52:45.610+0000] {python.py:177} INFO - Done. Returned value was: None
[2023-04-04T02:52:45.670+0000] {taskinstance.py:1326} INFO - Marking task as SUCCESS. dag_id=demo_dag2, task_id=get_data_from_api, execution_date=20230401T000000, start_date=20230404T025236, end_date=20230404T025245
[2023-04-04T02:52:46.040+0000] {local_task_job.py:212} INFO - Task exited with return code 0
[2023-04-04T02:52:46.085+0000] {taskinstance.py:2585} INFO - 1 downstream tasks scheduled from follow-on schedule check
