[2023-04-03T22:29:03.555+0000] {taskinstance.py:1084} INFO - Dependencies all met for dep_context=non-requeueable deps ti=<TaskInstance: demo_dag.get_data_from_api scheduled__2023-04-02T00:00:00+00:00 [queued]>
[2023-04-03T22:29:03.564+0000] {taskinstance.py:1084} INFO - Dependencies all met for dep_context=requeueable deps ti=<TaskInstance: demo_dag.get_data_from_api scheduled__2023-04-02T00:00:00+00:00 [queued]>
[2023-04-03T22:29:03.565+0000] {taskinstance.py:1282} INFO - 
--------------------------------------------------------------------------------
[2023-04-03T22:29:03.565+0000] {taskinstance.py:1283} INFO - Starting attempt 1 of 1
[2023-04-03T22:29:03.566+0000] {taskinstance.py:1284} INFO - 
--------------------------------------------------------------------------------
[2023-04-03T22:29:03.577+0000] {taskinstance.py:1303} INFO - Executing <Task(_PythonDecoratedOperator): get_data_from_api> on 2023-04-02 00:00:00+00:00
[2023-04-03T22:29:03.594+0000] {standard_task_runner.py:55} INFO - Started process 52 to run task
[2023-04-03T22:29:03.599+0000] {standard_task_runner.py:82} INFO - Running: ['***', 'tasks', 'run', 'demo_dag', 'get_data_from_api', 'scheduled__2023-04-02T00:00:00+00:00', '--job-id', '439', '--raw', '--subdir', 'DAGS_FOLDER/test_dag.py', '--cfg-path', '/tmp/tmpc81i74cz']
[2023-04-03T22:29:03.600+0000] {standard_task_runner.py:83} INFO - Job 439: Subtask get_data_from_api
[2023-04-03T22:29:03.656+0000] {task_command.py:388} INFO - Running <TaskInstance: demo_dag.get_data_from_api scheduled__2023-04-02T00:00:00+00:00 [running]> on host a5597e7a9da5
[2023-04-03T22:29:03.712+0000] {taskinstance.py:1511} INFO - Exporting the following env vars:
AIRFLOW_CTX_DAG_OWNER=***
AIRFLOW_CTX_DAG_ID=demo_dag
AIRFLOW_CTX_TASK_ID=get_data_from_api
AIRFLOW_CTX_EXECUTION_DATE=2023-04-02T00:00:00+00:00
AIRFLOW_CTX_TRY_NUMBER=1
AIRFLOW_CTX_DAG_RUN_ID=scheduled__2023-04-02T00:00:00+00:00
[2023-04-03T22:29:05.698+0000] {python.py:177} INFO - Done. Returned value was: None
[2023-04-03T22:29:05.724+0000] {taskinstance.py:1326} INFO - Marking task as SUCCESS. dag_id=demo_dag, task_id=get_data_from_api, execution_date=20230402T000000, start_date=20230403T222903, end_date=20230403T222905
[2023-04-03T22:29:05.890+0000] {local_task_job.py:212} INFO - Task exited with return code 0
[2023-04-03T22:29:05.922+0000] {taskinstance.py:2585} INFO - 1 downstream tasks scheduled from follow-on schedule check
