[2023-04-04T03:30:15.950+0000] {taskinstance.py:1084} INFO - Dependencies all met for dep_context=non-requeueable deps ti=<TaskInstance: demo_dag2.get_data_from_api manual__2023-04-04T03:30:14.382744+00:00 [queued]>
[2023-04-04T03:30:15.958+0000] {taskinstance.py:1084} INFO - Dependencies all met for dep_context=requeueable deps ti=<TaskInstance: demo_dag2.get_data_from_api manual__2023-04-04T03:30:14.382744+00:00 [queued]>
[2023-04-04T03:30:15.959+0000] {taskinstance.py:1282} INFO - 
--------------------------------------------------------------------------------
[2023-04-04T03:30:15.960+0000] {taskinstance.py:1283} INFO - Starting attempt 1 of 1
[2023-04-04T03:30:15.960+0000] {taskinstance.py:1284} INFO - 
--------------------------------------------------------------------------------
[2023-04-04T03:30:15.974+0000] {taskinstance.py:1303} INFO - Executing <Task(_PythonDecoratedOperator): get_data_from_api> on 2023-04-04 03:30:14.382744+00:00
[2023-04-04T03:30:16.001+0000] {standard_task_runner.py:55} INFO - Started process 343 to run task
[2023-04-04T03:30:16.007+0000] {standard_task_runner.py:82} INFO - Running: ['***', 'tasks', 'run', 'demo_dag2', 'get_data_from_api', 'manual__2023-04-04T03:30:14.382744+00:00', '--job-id', '463', '--raw', '--subdir', 'DAGS_FOLDER/test_dag2.py', '--cfg-path', '/tmp/tmpd360y0xa']
[2023-04-04T03:30:16.008+0000] {standard_task_runner.py:83} INFO - Job 463: Subtask get_data_from_api
[2023-04-04T03:30:16.073+0000] {task_command.py:388} INFO - Running <TaskInstance: demo_dag2.get_data_from_api manual__2023-04-04T03:30:14.382744+00:00 [running]> on host eb9f63ec844e
[2023-04-04T03:30:16.134+0000] {taskinstance.py:1511} INFO - Exporting the following env vars:
AIRFLOW_CTX_DAG_OWNER=***
AIRFLOW_CTX_DAG_ID=demo_dag2
AIRFLOW_CTX_TASK_ID=get_data_from_api
AIRFLOW_CTX_EXECUTION_DATE=2023-04-04T03:30:14.382744+00:00
AIRFLOW_CTX_TRY_NUMBER=1
AIRFLOW_CTX_DAG_RUN_ID=manual__2023-04-04T03:30:14.382744+00:00
[2023-04-04T03:30:20.470+0000] {python.py:177} INFO - Done. Returned value was: None
[2023-04-04T03:30:20.527+0000] {taskinstance.py:1326} INFO - Marking task as SUCCESS. dag_id=demo_dag2, task_id=get_data_from_api, execution_date=20230404T033014, start_date=20230404T033015, end_date=20230404T033020
[2023-04-04T03:30:20.704+0000] {local_task_job.py:212} INFO - Task exited with return code 0
[2023-04-04T03:30:20.744+0000] {taskinstance.py:2585} INFO - 1 downstream tasks scheduled from follow-on schedule check
