[2023-04-04T04:14:39.455+0000] {taskinstance.py:1084} INFO - Dependencies all met for dep_context=non-requeueable deps ti=<TaskInstance: demo_dag2.upload_to_azure_sql manual__2023-04-04T04:14:33.533617+00:00 [queued]>
[2023-04-04T04:14:39.460+0000] {taskinstance.py:1084} INFO - Dependencies all met for dep_context=requeueable deps ti=<TaskInstance: demo_dag2.upload_to_azure_sql manual__2023-04-04T04:14:33.533617+00:00 [queued]>
[2023-04-04T04:14:39.461+0000] {taskinstance.py:1282} INFO - 
--------------------------------------------------------------------------------
[2023-04-04T04:14:39.461+0000] {taskinstance.py:1283} INFO - Starting attempt 1 of 1
[2023-04-04T04:14:39.461+0000] {taskinstance.py:1284} INFO - 
--------------------------------------------------------------------------------
[2023-04-04T04:14:39.469+0000] {taskinstance.py:1303} INFO - Executing <Task(_PythonDecoratedOperator): upload_to_azure_sql> on 2023-04-04 04:14:33.533617+00:00
[2023-04-04T04:14:39.474+0000] {standard_task_runner.py:55} INFO - Started process 923 to run task
[2023-04-04T04:14:39.477+0000] {standard_task_runner.py:82} INFO - Running: ['***', 'tasks', 'run', 'demo_dag2', 'upload_to_azure_sql', 'manual__2023-04-04T04:14:33.533617+00:00', '--job-id', '482', '--raw', '--subdir', 'DAGS_FOLDER/test_dag2.py', '--cfg-path', '/tmp/tmpaksju335']
[2023-04-04T04:14:39.478+0000] {standard_task_runner.py:83} INFO - Job 482: Subtask upload_to_azure_sql
[2023-04-04T04:14:39.528+0000] {task_command.py:388} INFO - Running <TaskInstance: demo_dag2.upload_to_azure_sql manual__2023-04-04T04:14:33.533617+00:00 [running]> on host 8206d31aa2d9
[2023-04-04T04:14:39.575+0000] {taskinstance.py:1511} INFO - Exporting the following env vars:
AIRFLOW_CTX_DAG_OWNER=***
AIRFLOW_CTX_DAG_ID=demo_dag2
AIRFLOW_CTX_TASK_ID=upload_to_azure_sql
AIRFLOW_CTX_EXECUTION_DATE=2023-04-04T04:14:33.533617+00:00
AIRFLOW_CTX_TRY_NUMBER=1
AIRFLOW_CTX_DAG_RUN_ID=manual__2023-04-04T04:14:33.533617+00:00
[2023-04-04T04:15:00.983+0000] {python.py:177} INFO - Done. Returned value was: None
[2023-04-04T04:15:01.020+0000] {taskinstance.py:1326} INFO - Marking task as SUCCESS. dag_id=demo_dag2, task_id=upload_to_azure_sql, execution_date=20230404T041433, start_date=20230404T041439, end_date=20230404T041501
[2023-04-04T04:15:01.195+0000] {local_task_job.py:212} INFO - Task exited with return code 0
[2023-04-04T04:15:01.218+0000] {taskinstance.py:2585} INFO - 0 downstream tasks scheduled from follow-on schedule check
