[2023-04-04T02:52:37.946+0000] {taskinstance.py:1084} INFO - Dependencies all met for dep_context=non-requeueable deps ti=<TaskInstance: demo_dag2.get_data_from_api scheduled__2023-04-02T00:00:00+00:00 [queued]>
[2023-04-04T02:52:38.093+0000] {taskinstance.py:1084} INFO - Dependencies all met for dep_context=requeueable deps ti=<TaskInstance: demo_dag2.get_data_from_api scheduled__2023-04-02T00:00:00+00:00 [queued]>
[2023-04-04T02:52:38.094+0000] {taskinstance.py:1282} INFO - 
--------------------------------------------------------------------------------
[2023-04-04T02:52:38.095+0000] {taskinstance.py:1283} INFO - Starting attempt 1 of 1
[2023-04-04T02:52:38.095+0000] {taskinstance.py:1284} INFO - 
--------------------------------------------------------------------------------
[2023-04-04T02:52:38.294+0000] {taskinstance.py:1303} INFO - Executing <Task(_PythonDecoratedOperator): get_data_from_api> on 2023-04-02 00:00:00+00:00
[2023-04-04T02:52:38.324+0000] {standard_task_runner.py:55} INFO - Started process 142 to run task
[2023-04-04T02:52:38.380+0000] {standard_task_runner.py:82} INFO - Running: ['***', 'tasks', 'run', 'demo_dag2', 'get_data_from_api', 'scheduled__2023-04-02T00:00:00+00:00', '--job-id', '448', '--raw', '--subdir', 'DAGS_FOLDER/test_dag2.py', '--cfg-path', '/tmp/tmpbb9s3bhs']
[2023-04-04T02:52:38.385+0000] {standard_task_runner.py:83} INFO - Job 448: Subtask get_data_from_api
[2023-04-04T02:52:39.123+0000] {task_command.py:388} INFO - Running <TaskInstance: demo_dag2.get_data_from_api scheduled__2023-04-02T00:00:00+00:00 [running]> on host dadb51b41a46
[2023-04-04T02:52:39.966+0000] {taskinstance.py:1511} INFO - Exporting the following env vars:
AIRFLOW_CTX_DAG_OWNER=***
AIRFLOW_CTX_DAG_ID=demo_dag2
AIRFLOW_CTX_TASK_ID=get_data_from_api
AIRFLOW_CTX_EXECUTION_DATE=2023-04-02T00:00:00+00:00
AIRFLOW_CTX_TRY_NUMBER=1
AIRFLOW_CTX_DAG_RUN_ID=scheduled__2023-04-02T00:00:00+00:00
[2023-04-04T02:52:47.288+0000] {python.py:177} INFO - Done. Returned value was: None
[2023-04-04T02:52:47.396+0000] {taskinstance.py:1326} INFO - Marking task as SUCCESS. dag_id=demo_dag2, task_id=get_data_from_api, execution_date=20230402T000000, start_date=20230404T025237, end_date=20230404T025247
[2023-04-04T02:52:47.728+0000] {local_task_job.py:212} INFO - Task exited with return code 0
[2023-04-04T02:52:47.848+0000] {taskinstance.py:2585} INFO - 0 downstream tasks scheduled from follow-on schedule check
