[2023-03-21T15:25:54.494+0000] {processor.py:153} INFO - Started process (PID=60) to work on /home/airflow/.local/lib/python3.7/site-packages/airflow/example_dags/example_branch_operator.py
[2023-03-21T15:25:54.496+0000] {processor.py:743} INFO - Processing file /home/airflow/.local/lib/python3.7/site-packages/airflow/example_dags/example_branch_operator.py for tasks to queue
[2023-03-21T15:25:54.498+0000] {logging_mixin.py:137} INFO - [2023-03-21T15:25:54.497+0000] {dagbag.py:532} INFO - Filling up the DagBag from /home/airflow/.local/lib/python3.7/site-packages/airflow/example_dags/example_branch_operator.py
[2023-03-21T15:25:54.522+0000] {processor.py:753} INFO - DAG(s) dict_keys(['example_branch_operator']) retrieved from /home/airflow/.local/lib/python3.7/site-packages/airflow/example_dags/example_branch_operator.py
[2023-03-21T15:25:54.548+0000] {logging_mixin.py:137} INFO - [2023-03-21T15:25:54.548+0000] {dag.py:2693} INFO - Sync 1 DAGs
[2023-03-21T15:25:54.598+0000] {logging_mixin.py:137} INFO - [2023-03-21T15:25:54.597+0000] {dag.py:3444} INFO - Setting next_dagrun for example_branch_operator to 2023-03-20T00:00:00+00:00, run_after=2023-03-21T00:00:00+00:00
[2023-03-21T15:25:54.618+0000] {processor.py:175} INFO - Processing /home/airflow/.local/lib/python3.7/site-packages/airflow/example_dags/example_branch_operator.py took 0.129 seconds
[2023-03-21T15:26:25.515+0000] {processor.py:153} INFO - Started process (PID=109) to work on /home/airflow/.local/lib/python3.7/site-packages/airflow/example_dags/example_branch_operator.py
[2023-03-21T15:26:25.516+0000] {processor.py:743} INFO - Processing file /home/airflow/.local/lib/python3.7/site-packages/airflow/example_dags/example_branch_operator.py for tasks to queue
[2023-03-21T15:26:25.517+0000] {logging_mixin.py:137} INFO - [2023-03-21T15:26:25.517+0000] {dagbag.py:532} INFO - Filling up the DagBag from /home/airflow/.local/lib/python3.7/site-packages/airflow/example_dags/example_branch_operator.py
[2023-03-21T15:26:25.530+0000] {processor.py:753} INFO - DAG(s) dict_keys(['example_branch_operator']) retrieved from /home/airflow/.local/lib/python3.7/site-packages/airflow/example_dags/example_branch_operator.py
[2023-03-21T15:26:25.551+0000] {logging_mixin.py:137} INFO - [2023-03-21T15:26:25.551+0000] {dag.py:2693} INFO - Sync 1 DAGs
[2023-03-21T15:26:25.571+0000] {logging_mixin.py:137} INFO - [2023-03-21T15:26:25.570+0000] {dag.py:3444} INFO - Setting next_dagrun for example_branch_operator to 2023-03-20T00:00:00+00:00, run_after=2023-03-21T00:00:00+00:00
[2023-03-21T15:26:25.584+0000] {processor.py:175} INFO - Processing /home/airflow/.local/lib/python3.7/site-packages/airflow/example_dags/example_branch_operator.py took 0.073 seconds
[2023-03-21T15:26:55.979+0000] {processor.py:153} INFO - Started process (PID=158) to work on /home/airflow/.local/lib/python3.7/site-packages/airflow/example_dags/example_branch_operator.py
[2023-03-21T15:26:55.980+0000] {processor.py:743} INFO - Processing file /home/airflow/.local/lib/python3.7/site-packages/airflow/example_dags/example_branch_operator.py for tasks to queue
[2023-03-21T15:26:55.981+0000] {logging_mixin.py:137} INFO - [2023-03-21T15:26:55.981+0000] {dagbag.py:532} INFO - Filling up the DagBag from /home/airflow/.local/lib/python3.7/site-packages/airflow/example_dags/example_branch_operator.py
[2023-03-21T15:26:56.008+0000] {processor.py:753} INFO - DAG(s) dict_keys(['example_branch_operator']) retrieved from /home/airflow/.local/lib/python3.7/site-packages/airflow/example_dags/example_branch_operator.py
[2023-03-21T15:26:56.048+0000] {logging_mixin.py:137} INFO - [2023-03-21T15:26:56.048+0000] {dag.py:2693} INFO - Sync 1 DAGs
[2023-03-21T15:26:56.069+0000] {logging_mixin.py:137} INFO - [2023-03-21T15:26:56.069+0000] {dag.py:3444} INFO - Setting next_dagrun for example_branch_operator to 2023-03-20T00:00:00+00:00, run_after=2023-03-21T00:00:00+00:00
[2023-03-21T15:26:56.084+0000] {processor.py:175} INFO - Processing /home/airflow/.local/lib/python3.7/site-packages/airflow/example_dags/example_branch_operator.py took 0.108 seconds
[2023-03-21T15:27:26.810+0000] {processor.py:153} INFO - Started process (PID=207) to work on /home/airflow/.local/lib/python3.7/site-packages/airflow/example_dags/example_branch_operator.py
[2023-03-21T15:27:26.811+0000] {processor.py:743} INFO - Processing file /home/airflow/.local/lib/python3.7/site-packages/airflow/example_dags/example_branch_operator.py for tasks to queue
[2023-03-21T15:27:26.812+0000] {logging_mixin.py:137} INFO - [2023-03-21T15:27:26.812+0000] {dagbag.py:532} INFO - Filling up the DagBag from /home/airflow/.local/lib/python3.7/site-packages/airflow/example_dags/example_branch_operator.py
[2023-03-21T15:27:26.823+0000] {processor.py:753} INFO - DAG(s) dict_keys(['example_branch_operator']) retrieved from /home/airflow/.local/lib/python3.7/site-packages/airflow/example_dags/example_branch_operator.py
[2023-03-21T15:27:26.843+0000] {logging_mixin.py:137} INFO - [2023-03-21T15:27:26.843+0000] {dag.py:2693} INFO - Sync 1 DAGs
[2023-03-21T15:27:26.858+0000] {logging_mixin.py:137} INFO - [2023-03-21T15:27:26.858+0000] {dag.py:3444} INFO - Setting next_dagrun for example_branch_operator to 2023-03-20T00:00:00+00:00, run_after=2023-03-21T00:00:00+00:00
[2023-03-21T15:27:26.868+0000] {processor.py:175} INFO - Processing /home/airflow/.local/lib/python3.7/site-packages/airflow/example_dags/example_branch_operator.py took 0.062 seconds
[2023-03-21T15:27:57.159+0000] {processor.py:153} INFO - Started process (PID=256) to work on /home/airflow/.local/lib/python3.7/site-packages/airflow/example_dags/example_branch_operator.py
[2023-03-21T15:27:57.160+0000] {processor.py:743} INFO - Processing file /home/airflow/.local/lib/python3.7/site-packages/airflow/example_dags/example_branch_operator.py for tasks to queue
[2023-03-21T15:27:57.161+0000] {logging_mixin.py:137} INFO - [2023-03-21T15:27:57.161+0000] {dagbag.py:532} INFO - Filling up the DagBag from /home/airflow/.local/lib/python3.7/site-packages/airflow/example_dags/example_branch_operator.py
[2023-03-21T15:27:57.172+0000] {processor.py:753} INFO - DAG(s) dict_keys(['example_branch_operator']) retrieved from /home/airflow/.local/lib/python3.7/site-packages/airflow/example_dags/example_branch_operator.py
[2023-03-21T15:27:57.192+0000] {logging_mixin.py:137} INFO - [2023-03-21T15:27:57.192+0000] {dag.py:2693} INFO - Sync 1 DAGs
[2023-03-21T15:27:57.207+0000] {logging_mixin.py:137} INFO - [2023-03-21T15:27:57.207+0000] {dag.py:3444} INFO - Setting next_dagrun for example_branch_operator to 2023-03-20T00:00:00+00:00, run_after=2023-03-21T00:00:00+00:00
[2023-03-21T15:27:57.218+0000] {processor.py:175} INFO - Processing /home/airflow/.local/lib/python3.7/site-packages/airflow/example_dags/example_branch_operator.py took 0.061 seconds
[2023-03-21T15:28:27.592+0000] {processor.py:153} INFO - Started process (PID=305) to work on /home/airflow/.local/lib/python3.7/site-packages/airflow/example_dags/example_branch_operator.py
[2023-03-21T15:28:27.593+0000] {processor.py:743} INFO - Processing file /home/airflow/.local/lib/python3.7/site-packages/airflow/example_dags/example_branch_operator.py for tasks to queue
[2023-03-21T15:28:27.593+0000] {logging_mixin.py:137} INFO - [2023-03-21T15:28:27.593+0000] {dagbag.py:532} INFO - Filling up the DagBag from /home/airflow/.local/lib/python3.7/site-packages/airflow/example_dags/example_branch_operator.py
[2023-03-21T15:28:27.604+0000] {processor.py:753} INFO - DAG(s) dict_keys(['example_branch_operator']) retrieved from /home/airflow/.local/lib/python3.7/site-packages/airflow/example_dags/example_branch_operator.py
[2023-03-21T15:28:27.624+0000] {logging_mixin.py:137} INFO - [2023-03-21T15:28:27.624+0000] {dag.py:2693} INFO - Sync 1 DAGs
[2023-03-21T15:28:27.639+0000] {logging_mixin.py:137} INFO - [2023-03-21T15:28:27.639+0000] {dag.py:3444} INFO - Setting next_dagrun for example_branch_operator to 2023-03-20T00:00:00+00:00, run_after=2023-03-21T00:00:00+00:00
[2023-03-21T15:28:27.650+0000] {processor.py:175} INFO - Processing /home/airflow/.local/lib/python3.7/site-packages/airflow/example_dags/example_branch_operator.py took 0.061 seconds
[2023-03-21T15:28:57.863+0000] {processor.py:153} INFO - Started process (PID=354) to work on /home/airflow/.local/lib/python3.7/site-packages/airflow/example_dags/example_branch_operator.py
[2023-03-21T15:28:57.864+0000] {processor.py:743} INFO - Processing file /home/airflow/.local/lib/python3.7/site-packages/airflow/example_dags/example_branch_operator.py for tasks to queue
[2023-03-21T15:28:57.865+0000] {logging_mixin.py:137} INFO - [2023-03-21T15:28:57.865+0000] {dagbag.py:532} INFO - Filling up the DagBag from /home/airflow/.local/lib/python3.7/site-packages/airflow/example_dags/example_branch_operator.py
[2023-03-21T15:28:57.876+0000] {processor.py:753} INFO - DAG(s) dict_keys(['example_branch_operator']) retrieved from /home/airflow/.local/lib/python3.7/site-packages/airflow/example_dags/example_branch_operator.py
[2023-03-21T15:28:57.896+0000] {logging_mixin.py:137} INFO - [2023-03-21T15:28:57.896+0000] {dag.py:2693} INFO - Sync 1 DAGs
[2023-03-21T15:28:57.912+0000] {logging_mixin.py:137} INFO - [2023-03-21T15:28:57.911+0000] {dag.py:3444} INFO - Setting next_dagrun for example_branch_operator to 2023-03-20T00:00:00+00:00, run_after=2023-03-21T00:00:00+00:00
[2023-03-21T15:28:57.922+0000] {processor.py:175} INFO - Processing /home/airflow/.local/lib/python3.7/site-packages/airflow/example_dags/example_branch_operator.py took 0.061 seconds
[2023-03-21T15:29:28.159+0000] {processor.py:153} INFO - Started process (PID=403) to work on /home/airflow/.local/lib/python3.7/site-packages/airflow/example_dags/example_branch_operator.py
[2023-03-21T15:29:28.161+0000] {processor.py:743} INFO - Processing file /home/airflow/.local/lib/python3.7/site-packages/airflow/example_dags/example_branch_operator.py for tasks to queue
[2023-03-21T15:29:28.161+0000] {logging_mixin.py:137} INFO - [2023-03-21T15:29:28.161+0000] {dagbag.py:532} INFO - Filling up the DagBag from /home/airflow/.local/lib/python3.7/site-packages/airflow/example_dags/example_branch_operator.py
[2023-03-21T15:29:28.173+0000] {processor.py:753} INFO - DAG(s) dict_keys(['example_branch_operator']) retrieved from /home/airflow/.local/lib/python3.7/site-packages/airflow/example_dags/example_branch_operator.py
[2023-03-21T15:29:28.194+0000] {logging_mixin.py:137} INFO - [2023-03-21T15:29:28.194+0000] {dag.py:2693} INFO - Sync 1 DAGs
[2023-03-21T15:29:28.212+0000] {logging_mixin.py:137} INFO - [2023-03-21T15:29:28.212+0000] {dag.py:3444} INFO - Setting next_dagrun for example_branch_operator to 2023-03-20T00:00:00+00:00, run_after=2023-03-21T00:00:00+00:00
[2023-03-21T15:29:28.223+0000] {processor.py:175} INFO - Processing /home/airflow/.local/lib/python3.7/site-packages/airflow/example_dags/example_branch_operator.py took 0.066 seconds
[2023-03-21T15:29:58.589+0000] {processor.py:153} INFO - Started process (PID=452) to work on /home/airflow/.local/lib/python3.7/site-packages/airflow/example_dags/example_branch_operator.py
[2023-03-21T15:29:58.590+0000] {processor.py:743} INFO - Processing file /home/airflow/.local/lib/python3.7/site-packages/airflow/example_dags/example_branch_operator.py for tasks to queue
[2023-03-21T15:29:58.590+0000] {logging_mixin.py:137} INFO - [2023-03-21T15:29:58.590+0000] {dagbag.py:532} INFO - Filling up the DagBag from /home/airflow/.local/lib/python3.7/site-packages/airflow/example_dags/example_branch_operator.py
[2023-03-21T15:29:58.601+0000] {processor.py:753} INFO - DAG(s) dict_keys(['example_branch_operator']) retrieved from /home/airflow/.local/lib/python3.7/site-packages/airflow/example_dags/example_branch_operator.py
[2023-03-21T15:29:58.621+0000] {logging_mixin.py:137} INFO - [2023-03-21T15:29:58.621+0000] {dag.py:2693} INFO - Sync 1 DAGs
[2023-03-21T15:29:58.637+0000] {logging_mixin.py:137} INFO - [2023-03-21T15:29:58.636+0000] {dag.py:3444} INFO - Setting next_dagrun for example_branch_operator to 2023-03-20T00:00:00+00:00, run_after=2023-03-21T00:00:00+00:00
[2023-03-21T15:29:58.646+0000] {processor.py:175} INFO - Processing /home/airflow/.local/lib/python3.7/site-packages/airflow/example_dags/example_branch_operator.py took 0.061 seconds
[2023-03-21T15:30:29.113+0000] {processor.py:153} INFO - Started process (PID=501) to work on /home/airflow/.local/lib/python3.7/site-packages/airflow/example_dags/example_branch_operator.py
[2023-03-21T15:30:29.115+0000] {processor.py:743} INFO - Processing file /home/airflow/.local/lib/python3.7/site-packages/airflow/example_dags/example_branch_operator.py for tasks to queue
[2023-03-21T15:30:29.116+0000] {logging_mixin.py:137} INFO - [2023-03-21T15:30:29.116+0000] {dagbag.py:532} INFO - Filling up the DagBag from /home/airflow/.local/lib/python3.7/site-packages/airflow/example_dags/example_branch_operator.py
[2023-03-21T15:30:29.129+0000] {processor.py:753} INFO - DAG(s) dict_keys(['example_branch_operator']) retrieved from /home/airflow/.local/lib/python3.7/site-packages/airflow/example_dags/example_branch_operator.py
[2023-03-21T15:30:29.151+0000] {logging_mixin.py:137} INFO - [2023-03-21T15:30:29.151+0000] {dag.py:2693} INFO - Sync 1 DAGs
[2023-03-21T15:30:29.168+0000] {logging_mixin.py:137} INFO - [2023-03-21T15:30:29.167+0000] {dag.py:3444} INFO - Setting next_dagrun for example_branch_operator to 2023-03-20T00:00:00+00:00, run_after=2023-03-21T00:00:00+00:00
[2023-03-21T15:30:29.179+0000] {processor.py:175} INFO - Processing /home/airflow/.local/lib/python3.7/site-packages/airflow/example_dags/example_branch_operator.py took 0.071 seconds
[2023-03-21T15:30:59.499+0000] {processor.py:153} INFO - Started process (PID=550) to work on /home/airflow/.local/lib/python3.7/site-packages/airflow/example_dags/example_branch_operator.py
[2023-03-21T15:30:59.500+0000] {processor.py:743} INFO - Processing file /home/airflow/.local/lib/python3.7/site-packages/airflow/example_dags/example_branch_operator.py for tasks to queue
[2023-03-21T15:30:59.501+0000] {logging_mixin.py:137} INFO - [2023-03-21T15:30:59.501+0000] {dagbag.py:532} INFO - Filling up the DagBag from /home/airflow/.local/lib/python3.7/site-packages/airflow/example_dags/example_branch_operator.py
[2023-03-21T15:30:59.513+0000] {processor.py:753} INFO - DAG(s) dict_keys(['example_branch_operator']) retrieved from /home/airflow/.local/lib/python3.7/site-packages/airflow/example_dags/example_branch_operator.py
[2023-03-21T15:30:59.538+0000] {logging_mixin.py:137} INFO - [2023-03-21T15:30:59.538+0000] {dag.py:2693} INFO - Sync 1 DAGs
[2023-03-21T15:30:59.558+0000] {logging_mixin.py:137} INFO - [2023-03-21T15:30:59.557+0000] {dag.py:3444} INFO - Setting next_dagrun for example_branch_operator to 2023-03-20T00:00:00+00:00, run_after=2023-03-21T00:00:00+00:00
[2023-03-21T15:30:59.570+0000] {processor.py:175} INFO - Processing /home/airflow/.local/lib/python3.7/site-packages/airflow/example_dags/example_branch_operator.py took 0.074 seconds
[2023-03-21T15:31:29.973+0000] {processor.py:153} INFO - Started process (PID=598) to work on /home/airflow/.local/lib/python3.7/site-packages/airflow/example_dags/example_branch_operator.py
[2023-03-21T15:31:29.974+0000] {processor.py:743} INFO - Processing file /home/airflow/.local/lib/python3.7/site-packages/airflow/example_dags/example_branch_operator.py for tasks to queue
[2023-03-21T15:31:29.975+0000] {logging_mixin.py:137} INFO - [2023-03-21T15:31:29.975+0000] {dagbag.py:532} INFO - Filling up the DagBag from /home/airflow/.local/lib/python3.7/site-packages/airflow/example_dags/example_branch_operator.py
[2023-03-21T15:31:29.987+0000] {processor.py:753} INFO - DAG(s) dict_keys(['example_branch_operator']) retrieved from /home/airflow/.local/lib/python3.7/site-packages/airflow/example_dags/example_branch_operator.py
[2023-03-21T15:31:30.008+0000] {logging_mixin.py:137} INFO - [2023-03-21T15:31:30.008+0000] {dag.py:2693} INFO - Sync 1 DAGs
[2023-03-21T15:31:30.026+0000] {logging_mixin.py:137} INFO - [2023-03-21T15:31:30.026+0000] {dag.py:3444} INFO - Setting next_dagrun for example_branch_operator to 2023-03-20T00:00:00+00:00, run_after=2023-03-21T00:00:00+00:00
[2023-03-21T15:31:30.039+0000] {processor.py:175} INFO - Processing /home/airflow/.local/lib/python3.7/site-packages/airflow/example_dags/example_branch_operator.py took 0.068 seconds
[2023-03-21T15:32:00.490+0000] {processor.py:153} INFO - Started process (PID=647) to work on /home/airflow/.local/lib/python3.7/site-packages/airflow/example_dags/example_branch_operator.py
[2023-03-21T15:32:00.491+0000] {processor.py:743} INFO - Processing file /home/airflow/.local/lib/python3.7/site-packages/airflow/example_dags/example_branch_operator.py for tasks to queue
[2023-03-21T15:32:00.492+0000] {logging_mixin.py:137} INFO - [2023-03-21T15:32:00.492+0000] {dagbag.py:532} INFO - Filling up the DagBag from /home/airflow/.local/lib/python3.7/site-packages/airflow/example_dags/example_branch_operator.py
[2023-03-21T15:32:00.504+0000] {processor.py:753} INFO - DAG(s) dict_keys(['example_branch_operator']) retrieved from /home/airflow/.local/lib/python3.7/site-packages/airflow/example_dags/example_branch_operator.py
[2023-03-21T15:32:00.525+0000] {logging_mixin.py:137} INFO - [2023-03-21T15:32:00.525+0000] {dag.py:2693} INFO - Sync 1 DAGs
[2023-03-21T15:32:00.542+0000] {logging_mixin.py:137} INFO - [2023-03-21T15:32:00.542+0000] {dag.py:3444} INFO - Setting next_dagrun for example_branch_operator to 2023-03-20T00:00:00+00:00, run_after=2023-03-21T00:00:00+00:00
[2023-03-21T15:32:00.552+0000] {processor.py:175} INFO - Processing /home/airflow/.local/lib/python3.7/site-packages/airflow/example_dags/example_branch_operator.py took 0.065 seconds
[2023-03-21T16:52:56.752+0000] {processor.py:153} INFO - Started process (PID=61) to work on /home/airflow/.local/lib/python3.7/site-packages/airflow/example_dags/example_branch_operator.py
[2023-03-21T16:52:56.759+0000] {processor.py:743} INFO - Processing file /home/airflow/.local/lib/python3.7/site-packages/airflow/example_dags/example_branch_operator.py for tasks to queue
[2023-03-21T16:52:56.763+0000] {logging_mixin.py:137} INFO - [2023-03-21T16:52:56.762+0000] {dagbag.py:532} INFO - Filling up the DagBag from /home/airflow/.local/lib/python3.7/site-packages/airflow/example_dags/example_branch_operator.py
[2023-03-21T16:52:56.816+0000] {processor.py:753} INFO - DAG(s) dict_keys(['example_branch_operator']) retrieved from /home/airflow/.local/lib/python3.7/site-packages/airflow/example_dags/example_branch_operator.py
[2023-03-21T16:52:56.847+0000] {logging_mixin.py:137} INFO - [2023-03-21T16:52:56.847+0000] {dag.py:2693} INFO - Sync 1 DAGs
[2023-03-21T16:52:56.897+0000] {logging_mixin.py:137} INFO - [2023-03-21T16:52:56.897+0000] {dag.py:3444} INFO - Setting next_dagrun for example_branch_operator to 2023-03-20T00:00:00+00:00, run_after=2023-03-21T00:00:00+00:00
[2023-03-21T16:52:56.919+0000] {processor.py:175} INFO - Processing /home/airflow/.local/lib/python3.7/site-packages/airflow/example_dags/example_branch_operator.py took 0.178 seconds
[2023-03-21T16:53:27.241+0000] {processor.py:153} INFO - Started process (PID=110) to work on /home/airflow/.local/lib/python3.7/site-packages/airflow/example_dags/example_branch_operator.py
[2023-03-21T16:53:27.242+0000] {processor.py:743} INFO - Processing file /home/airflow/.local/lib/python3.7/site-packages/airflow/example_dags/example_branch_operator.py for tasks to queue
[2023-03-21T16:53:27.243+0000] {logging_mixin.py:137} INFO - [2023-03-21T16:53:27.243+0000] {dagbag.py:532} INFO - Filling up the DagBag from /home/airflow/.local/lib/python3.7/site-packages/airflow/example_dags/example_branch_operator.py
[2023-03-21T16:53:27.254+0000] {processor.py:753} INFO - DAG(s) dict_keys(['example_branch_operator']) retrieved from /home/airflow/.local/lib/python3.7/site-packages/airflow/example_dags/example_branch_operator.py
[2023-03-21T16:53:27.279+0000] {logging_mixin.py:137} INFO - [2023-03-21T16:53:27.278+0000] {dag.py:2693} INFO - Sync 1 DAGs
[2023-03-21T16:53:27.299+0000] {logging_mixin.py:137} INFO - [2023-03-21T16:53:27.299+0000] {dag.py:3444} INFO - Setting next_dagrun for example_branch_operator to 2023-03-20T00:00:00+00:00, run_after=2023-03-21T00:00:00+00:00
[2023-03-21T16:53:27.311+0000] {processor.py:175} INFO - Processing /home/airflow/.local/lib/python3.7/site-packages/airflow/example_dags/example_branch_operator.py took 0.073 seconds
[2023-03-21T16:53:59.188+0000] {processor.py:153} INFO - Started process (PID=164) to work on /home/airflow/.local/lib/python3.7/site-packages/airflow/example_dags/example_branch_operator.py
[2023-03-21T16:53:59.189+0000] {processor.py:743} INFO - Processing file /home/airflow/.local/lib/python3.7/site-packages/airflow/example_dags/example_branch_operator.py for tasks to queue
[2023-03-21T16:53:59.190+0000] {logging_mixin.py:137} INFO - [2023-03-21T16:53:59.190+0000] {dagbag.py:532} INFO - Filling up the DagBag from /home/airflow/.local/lib/python3.7/site-packages/airflow/example_dags/example_branch_operator.py
[2023-03-21T16:53:59.214+0000] {processor.py:753} INFO - DAG(s) dict_keys(['example_branch_operator']) retrieved from /home/airflow/.local/lib/python3.7/site-packages/airflow/example_dags/example_branch_operator.py
[2023-03-21T16:53:59.252+0000] {logging_mixin.py:137} INFO - [2023-03-21T16:53:59.252+0000] {dag.py:2693} INFO - Sync 1 DAGs
[2023-03-21T16:53:59.289+0000] {logging_mixin.py:137} INFO - [2023-03-21T16:53:59.289+0000] {dag.py:3444} INFO - Setting next_dagrun for example_branch_operator to 2023-03-20T00:00:00+00:00, run_after=2023-03-21T00:00:00+00:00
[2023-03-21T16:53:59.311+0000] {processor.py:175} INFO - Processing /home/airflow/.local/lib/python3.7/site-packages/airflow/example_dags/example_branch_operator.py took 0.127 seconds
[2023-03-21T16:54:34.225+0000] {processor.py:153} INFO - Started process (PID=214) to work on /home/airflow/.local/lib/python3.7/site-packages/airflow/example_dags/example_branch_operator.py
[2023-03-21T16:54:34.231+0000] {processor.py:743} INFO - Processing file /home/airflow/.local/lib/python3.7/site-packages/airflow/example_dags/example_branch_operator.py for tasks to queue
[2023-03-21T16:54:34.236+0000] {logging_mixin.py:137} INFO - [2023-03-21T16:54:34.235+0000] {dagbag.py:532} INFO - Filling up the DagBag from /home/airflow/.local/lib/python3.7/site-packages/airflow/example_dags/example_branch_operator.py
[2023-03-21T16:54:34.276+0000] {processor.py:753} INFO - DAG(s) dict_keys(['example_branch_operator']) retrieved from /home/airflow/.local/lib/python3.7/site-packages/airflow/example_dags/example_branch_operator.py
[2023-03-21T16:54:34.353+0000] {logging_mixin.py:137} INFO - [2023-03-21T16:54:34.353+0000] {dag.py:2693} INFO - Sync 1 DAGs
[2023-03-21T16:54:34.421+0000] {logging_mixin.py:137} INFO - [2023-03-21T16:54:34.421+0000] {dag.py:3444} INFO - Setting next_dagrun for example_branch_operator to 2023-03-20T00:00:00+00:00, run_after=2023-03-21T00:00:00+00:00
[2023-03-21T16:54:34.468+0000] {processor.py:175} INFO - Processing /home/airflow/.local/lib/python3.7/site-packages/airflow/example_dags/example_branch_operator.py took 0.246 seconds
[2023-03-21T16:55:05.290+0000] {processor.py:153} INFO - Started process (PID=263) to work on /home/airflow/.local/lib/python3.7/site-packages/airflow/example_dags/example_branch_operator.py
[2023-03-21T16:55:05.292+0000] {processor.py:743} INFO - Processing file /home/airflow/.local/lib/python3.7/site-packages/airflow/example_dags/example_branch_operator.py for tasks to queue
[2023-03-21T16:55:05.293+0000] {logging_mixin.py:137} INFO - [2023-03-21T16:55:05.293+0000] {dagbag.py:532} INFO - Filling up the DagBag from /home/airflow/.local/lib/python3.7/site-packages/airflow/example_dags/example_branch_operator.py
[2023-03-21T16:55:05.308+0000] {processor.py:753} INFO - DAG(s) dict_keys(['example_branch_operator']) retrieved from /home/airflow/.local/lib/python3.7/site-packages/airflow/example_dags/example_branch_operator.py
[2023-03-21T16:55:05.338+0000] {logging_mixin.py:137} INFO - [2023-03-21T16:55:05.338+0000] {dag.py:2693} INFO - Sync 1 DAGs
[2023-03-21T16:55:05.359+0000] {logging_mixin.py:137} INFO - [2023-03-21T16:55:05.359+0000] {dag.py:3444} INFO - Setting next_dagrun for example_branch_operator to 2023-03-20T00:00:00+00:00, run_after=2023-03-21T00:00:00+00:00
[2023-03-21T16:55:05.372+0000] {processor.py:175} INFO - Processing /home/airflow/.local/lib/python3.7/site-packages/airflow/example_dags/example_branch_operator.py took 0.085 seconds
[2023-03-21T16:55:36.403+0000] {processor.py:153} INFO - Started process (PID=313) to work on /home/airflow/.local/lib/python3.7/site-packages/airflow/example_dags/example_branch_operator.py
[2023-03-21T16:55:36.405+0000] {processor.py:743} INFO - Processing file /home/airflow/.local/lib/python3.7/site-packages/airflow/example_dags/example_branch_operator.py for tasks to queue
[2023-03-21T16:55:36.406+0000] {logging_mixin.py:137} INFO - [2023-03-21T16:55:36.406+0000] {dagbag.py:532} INFO - Filling up the DagBag from /home/airflow/.local/lib/python3.7/site-packages/airflow/example_dags/example_branch_operator.py
[2023-03-21T16:55:36.425+0000] {processor.py:753} INFO - DAG(s) dict_keys(['example_branch_operator']) retrieved from /home/airflow/.local/lib/python3.7/site-packages/airflow/example_dags/example_branch_operator.py
[2023-03-21T16:55:36.456+0000] {logging_mixin.py:137} INFO - [2023-03-21T16:55:36.456+0000] {dag.py:2693} INFO - Sync 1 DAGs
[2023-03-21T16:55:36.478+0000] {logging_mixin.py:137} INFO - [2023-03-21T16:55:36.477+0000] {dag.py:3444} INFO - Setting next_dagrun for example_branch_operator to 2023-03-20T00:00:00+00:00, run_after=2023-03-21T00:00:00+00:00
[2023-03-21T16:55:36.492+0000] {processor.py:175} INFO - Processing /home/airflow/.local/lib/python3.7/site-packages/airflow/example_dags/example_branch_operator.py took 0.094 seconds
[2023-03-21T16:56:07.355+0000] {processor.py:153} INFO - Started process (PID=363) to work on /home/airflow/.local/lib/python3.7/site-packages/airflow/example_dags/example_branch_operator.py
[2023-03-21T16:56:07.358+0000] {processor.py:743} INFO - Processing file /home/airflow/.local/lib/python3.7/site-packages/airflow/example_dags/example_branch_operator.py for tasks to queue
[2023-03-21T16:56:07.360+0000] {logging_mixin.py:137} INFO - [2023-03-21T16:56:07.360+0000] {dagbag.py:532} INFO - Filling up the DagBag from /home/airflow/.local/lib/python3.7/site-packages/airflow/example_dags/example_branch_operator.py
[2023-03-21T16:56:07.383+0000] {processor.py:753} INFO - DAG(s) dict_keys(['example_branch_operator']) retrieved from /home/airflow/.local/lib/python3.7/site-packages/airflow/example_dags/example_branch_operator.py
[2023-03-21T16:56:07.411+0000] {logging_mixin.py:137} INFO - [2023-03-21T16:56:07.411+0000] {dag.py:2693} INFO - Sync 1 DAGs
[2023-03-21T16:56:07.432+0000] {logging_mixin.py:137} INFO - [2023-03-21T16:56:07.432+0000] {dag.py:3444} INFO - Setting next_dagrun for example_branch_operator to 2023-03-20T00:00:00+00:00, run_after=2023-03-21T00:00:00+00:00
[2023-03-21T16:56:07.445+0000] {processor.py:175} INFO - Processing /home/airflow/.local/lib/python3.7/site-packages/airflow/example_dags/example_branch_operator.py took 0.099 seconds
[2023-03-21T16:56:37.563+0000] {processor.py:153} INFO - Started process (PID=414) to work on /home/airflow/.local/lib/python3.7/site-packages/airflow/example_dags/example_branch_operator.py
[2023-03-21T16:56:37.564+0000] {processor.py:743} INFO - Processing file /home/airflow/.local/lib/python3.7/site-packages/airflow/example_dags/example_branch_operator.py for tasks to queue
[2023-03-21T16:56:37.565+0000] {logging_mixin.py:137} INFO - [2023-03-21T16:56:37.565+0000] {dagbag.py:532} INFO - Filling up the DagBag from /home/airflow/.local/lib/python3.7/site-packages/airflow/example_dags/example_branch_operator.py
[2023-03-21T16:56:37.580+0000] {processor.py:753} INFO - DAG(s) dict_keys(['example_branch_operator']) retrieved from /home/airflow/.local/lib/python3.7/site-packages/airflow/example_dags/example_branch_operator.py
[2023-03-21T16:56:37.609+0000] {logging_mixin.py:137} INFO - [2023-03-21T16:56:37.609+0000] {dag.py:2693} INFO - Sync 1 DAGs
[2023-03-21T16:56:37.635+0000] {logging_mixin.py:137} INFO - [2023-03-21T16:56:37.635+0000] {dag.py:3444} INFO - Setting next_dagrun for example_branch_operator to 2023-03-20T00:00:00+00:00, run_after=2023-03-21T00:00:00+00:00
[2023-03-21T16:56:37.654+0000] {processor.py:175} INFO - Processing /home/airflow/.local/lib/python3.7/site-packages/airflow/example_dags/example_branch_operator.py took 0.094 seconds
[2023-03-21T16:57:07.729+0000] {processor.py:153} INFO - Started process (PID=465) to work on /home/airflow/.local/lib/python3.7/site-packages/airflow/example_dags/example_branch_operator.py
[2023-03-21T16:57:07.731+0000] {processor.py:743} INFO - Processing file /home/airflow/.local/lib/python3.7/site-packages/airflow/example_dags/example_branch_operator.py for tasks to queue
[2023-03-21T16:57:07.732+0000] {logging_mixin.py:137} INFO - [2023-03-21T16:57:07.732+0000] {dagbag.py:532} INFO - Filling up the DagBag from /home/airflow/.local/lib/python3.7/site-packages/airflow/example_dags/example_branch_operator.py
[2023-03-21T16:57:07.748+0000] {processor.py:753} INFO - DAG(s) dict_keys(['example_branch_operator']) retrieved from /home/airflow/.local/lib/python3.7/site-packages/airflow/example_dags/example_branch_operator.py
[2023-03-21T16:57:07.780+0000] {logging_mixin.py:137} INFO - [2023-03-21T16:57:07.780+0000] {dag.py:2693} INFO - Sync 1 DAGs
[2023-03-21T16:57:07.811+0000] {logging_mixin.py:137} INFO - [2023-03-21T16:57:07.810+0000] {dag.py:3444} INFO - Setting next_dagrun for example_branch_operator to 2023-03-20T00:00:00+00:00, run_after=2023-03-21T00:00:00+00:00
[2023-03-21T16:57:07.838+0000] {processor.py:175} INFO - Processing /home/airflow/.local/lib/python3.7/site-packages/airflow/example_dags/example_branch_operator.py took 0.113 seconds
[2023-03-21T16:57:37.893+0000] {processor.py:153} INFO - Started process (PID=515) to work on /home/airflow/.local/lib/python3.7/site-packages/airflow/example_dags/example_branch_operator.py
[2023-03-21T16:57:37.894+0000] {processor.py:743} INFO - Processing file /home/airflow/.local/lib/python3.7/site-packages/airflow/example_dags/example_branch_operator.py for tasks to queue
[2023-03-21T16:57:37.895+0000] {logging_mixin.py:137} INFO - [2023-03-21T16:57:37.895+0000] {dagbag.py:532} INFO - Filling up the DagBag from /home/airflow/.local/lib/python3.7/site-packages/airflow/example_dags/example_branch_operator.py
[2023-03-21T16:57:37.909+0000] {processor.py:753} INFO - DAG(s) dict_keys(['example_branch_operator']) retrieved from /home/airflow/.local/lib/python3.7/site-packages/airflow/example_dags/example_branch_operator.py
[2023-03-21T16:57:37.933+0000] {logging_mixin.py:137} INFO - [2023-03-21T16:57:37.933+0000] {dag.py:2693} INFO - Sync 1 DAGs
[2023-03-21T16:57:37.951+0000] {logging_mixin.py:137} INFO - [2023-03-21T16:57:37.950+0000] {dag.py:3444} INFO - Setting next_dagrun for example_branch_operator to 2023-03-20T00:00:00+00:00, run_after=2023-03-21T00:00:00+00:00
[2023-03-21T16:57:37.962+0000] {processor.py:175} INFO - Processing /home/airflow/.local/lib/python3.7/site-packages/airflow/example_dags/example_branch_operator.py took 0.073 seconds
[2023-03-21T16:58:08.414+0000] {processor.py:153} INFO - Started process (PID=565) to work on /home/airflow/.local/lib/python3.7/site-packages/airflow/example_dags/example_branch_operator.py
[2023-03-21T16:58:08.415+0000] {processor.py:743} INFO - Processing file /home/airflow/.local/lib/python3.7/site-packages/airflow/example_dags/example_branch_operator.py for tasks to queue
[2023-03-21T16:58:08.415+0000] {logging_mixin.py:137} INFO - [2023-03-21T16:58:08.415+0000] {dagbag.py:532} INFO - Filling up the DagBag from /home/airflow/.local/lib/python3.7/site-packages/airflow/example_dags/example_branch_operator.py
[2023-03-21T16:58:08.427+0000] {processor.py:753} INFO - DAG(s) dict_keys(['example_branch_operator']) retrieved from /home/airflow/.local/lib/python3.7/site-packages/airflow/example_dags/example_branch_operator.py
[2023-03-21T16:58:08.447+0000] {logging_mixin.py:137} INFO - [2023-03-21T16:58:08.447+0000] {dag.py:2693} INFO - Sync 1 DAGs
[2023-03-21T16:58:08.464+0000] {logging_mixin.py:137} INFO - [2023-03-21T16:58:08.464+0000] {dag.py:3444} INFO - Setting next_dagrun for example_branch_operator to 2023-03-20T00:00:00+00:00, run_after=2023-03-21T00:00:00+00:00
[2023-03-21T16:58:08.480+0000] {processor.py:175} INFO - Processing /home/airflow/.local/lib/python3.7/site-packages/airflow/example_dags/example_branch_operator.py took 0.069 seconds
[2023-03-21T16:58:39.134+0000] {processor.py:153} INFO - Started process (PID=615) to work on /home/airflow/.local/lib/python3.7/site-packages/airflow/example_dags/example_branch_operator.py
[2023-03-21T16:58:39.135+0000] {processor.py:743} INFO - Processing file /home/airflow/.local/lib/python3.7/site-packages/airflow/example_dags/example_branch_operator.py for tasks to queue
[2023-03-21T16:58:39.136+0000] {logging_mixin.py:137} INFO - [2023-03-21T16:58:39.136+0000] {dagbag.py:532} INFO - Filling up the DagBag from /home/airflow/.local/lib/python3.7/site-packages/airflow/example_dags/example_branch_operator.py
[2023-03-21T16:58:39.147+0000] {processor.py:753} INFO - DAG(s) dict_keys(['example_branch_operator']) retrieved from /home/airflow/.local/lib/python3.7/site-packages/airflow/example_dags/example_branch_operator.py
[2023-03-21T16:58:39.169+0000] {logging_mixin.py:137} INFO - [2023-03-21T16:58:39.169+0000] {dag.py:2693} INFO - Sync 1 DAGs
[2023-03-21T16:58:39.188+0000] {logging_mixin.py:137} INFO - [2023-03-21T16:58:39.188+0000] {dag.py:3444} INFO - Setting next_dagrun for example_branch_operator to 2023-03-20T00:00:00+00:00, run_after=2023-03-21T00:00:00+00:00
[2023-03-21T16:58:39.200+0000] {processor.py:175} INFO - Processing /home/airflow/.local/lib/python3.7/site-packages/airflow/example_dags/example_branch_operator.py took 0.069 seconds
[2023-03-21T16:59:09.884+0000] {processor.py:153} INFO - Started process (PID=665) to work on /home/airflow/.local/lib/python3.7/site-packages/airflow/example_dags/example_branch_operator.py
[2023-03-21T16:59:09.886+0000] {processor.py:743} INFO - Processing file /home/airflow/.local/lib/python3.7/site-packages/airflow/example_dags/example_branch_operator.py for tasks to queue
[2023-03-21T16:59:09.887+0000] {logging_mixin.py:137} INFO - [2023-03-21T16:59:09.887+0000] {dagbag.py:532} INFO - Filling up the DagBag from /home/airflow/.local/lib/python3.7/site-packages/airflow/example_dags/example_branch_operator.py
[2023-03-21T16:59:09.901+0000] {processor.py:753} INFO - DAG(s) dict_keys(['example_branch_operator']) retrieved from /home/airflow/.local/lib/python3.7/site-packages/airflow/example_dags/example_branch_operator.py
[2023-03-21T16:59:09.930+0000] {logging_mixin.py:137} INFO - [2023-03-21T16:59:09.930+0000] {dag.py:2693} INFO - Sync 1 DAGs
[2023-03-21T16:59:09.954+0000] {logging_mixin.py:137} INFO - [2023-03-21T16:59:09.953+0000] {dag.py:3444} INFO - Setting next_dagrun for example_branch_operator to 2023-03-20T00:00:00+00:00, run_after=2023-03-21T00:00:00+00:00
[2023-03-21T16:59:09.972+0000] {processor.py:175} INFO - Processing /home/airflow/.local/lib/python3.7/site-packages/airflow/example_dags/example_branch_operator.py took 0.091 seconds
[2023-03-21T16:59:40.721+0000] {processor.py:153} INFO - Started process (PID=715) to work on /home/airflow/.local/lib/python3.7/site-packages/airflow/example_dags/example_branch_operator.py
[2023-03-21T16:59:40.722+0000] {processor.py:743} INFO - Processing file /home/airflow/.local/lib/python3.7/site-packages/airflow/example_dags/example_branch_operator.py for tasks to queue
[2023-03-21T16:59:40.723+0000] {logging_mixin.py:137} INFO - [2023-03-21T16:59:40.723+0000] {dagbag.py:532} INFO - Filling up the DagBag from /home/airflow/.local/lib/python3.7/site-packages/airflow/example_dags/example_branch_operator.py
[2023-03-21T16:59:40.737+0000] {processor.py:753} INFO - DAG(s) dict_keys(['example_branch_operator']) retrieved from /home/airflow/.local/lib/python3.7/site-packages/airflow/example_dags/example_branch_operator.py
[2023-03-21T16:59:40.768+0000] {logging_mixin.py:137} INFO - [2023-03-21T16:59:40.768+0000] {dag.py:2693} INFO - Sync 1 DAGs
[2023-03-21T16:59:40.795+0000] {logging_mixin.py:137} INFO - [2023-03-21T16:59:40.795+0000] {dag.py:3444} INFO - Setting next_dagrun for example_branch_operator to 2023-03-20T00:00:00+00:00, run_after=2023-03-21T00:00:00+00:00
[2023-03-21T16:59:40.813+0000] {processor.py:175} INFO - Processing /home/airflow/.local/lib/python3.7/site-packages/airflow/example_dags/example_branch_operator.py took 0.095 seconds
[2023-03-21T17:00:11.595+0000] {processor.py:153} INFO - Started process (PID=765) to work on /home/airflow/.local/lib/python3.7/site-packages/airflow/example_dags/example_branch_operator.py
[2023-03-21T17:00:11.596+0000] {processor.py:743} INFO - Processing file /home/airflow/.local/lib/python3.7/site-packages/airflow/example_dags/example_branch_operator.py for tasks to queue
[2023-03-21T17:00:11.597+0000] {logging_mixin.py:137} INFO - [2023-03-21T17:00:11.597+0000] {dagbag.py:532} INFO - Filling up the DagBag from /home/airflow/.local/lib/python3.7/site-packages/airflow/example_dags/example_branch_operator.py
[2023-03-21T17:00:11.608+0000] {processor.py:753} INFO - DAG(s) dict_keys(['example_branch_operator']) retrieved from /home/airflow/.local/lib/python3.7/site-packages/airflow/example_dags/example_branch_operator.py
[2023-03-21T17:00:11.630+0000] {logging_mixin.py:137} INFO - [2023-03-21T17:00:11.630+0000] {dag.py:2693} INFO - Sync 1 DAGs
[2023-03-21T17:00:11.649+0000] {logging_mixin.py:137} INFO - [2023-03-21T17:00:11.649+0000] {dag.py:3444} INFO - Setting next_dagrun for example_branch_operator to 2023-03-20T00:00:00+00:00, run_after=2023-03-21T00:00:00+00:00
[2023-03-21T17:00:11.662+0000] {processor.py:175} INFO - Processing /home/airflow/.local/lib/python3.7/site-packages/airflow/example_dags/example_branch_operator.py took 0.071 seconds
[2023-03-21T17:00:42.592+0000] {processor.py:153} INFO - Started process (PID=815) to work on /home/airflow/.local/lib/python3.7/site-packages/airflow/example_dags/example_branch_operator.py
[2023-03-21T17:00:42.593+0000] {processor.py:743} INFO - Processing file /home/airflow/.local/lib/python3.7/site-packages/airflow/example_dags/example_branch_operator.py for tasks to queue
[2023-03-21T17:00:42.594+0000] {logging_mixin.py:137} INFO - [2023-03-21T17:00:42.594+0000] {dagbag.py:532} INFO - Filling up the DagBag from /home/airflow/.local/lib/python3.7/site-packages/airflow/example_dags/example_branch_operator.py
[2023-03-21T17:00:42.605+0000] {processor.py:753} INFO - DAG(s) dict_keys(['example_branch_operator']) retrieved from /home/airflow/.local/lib/python3.7/site-packages/airflow/example_dags/example_branch_operator.py
[2023-03-21T17:00:42.625+0000] {logging_mixin.py:137} INFO - [2023-03-21T17:00:42.625+0000] {dag.py:2693} INFO - Sync 1 DAGs
[2023-03-21T17:00:42.642+0000] {logging_mixin.py:137} INFO - [2023-03-21T17:00:42.642+0000] {dag.py:3444} INFO - Setting next_dagrun for example_branch_operator to 2023-03-20T00:00:00+00:00, run_after=2023-03-21T00:00:00+00:00
[2023-03-21T17:00:42.653+0000] {processor.py:175} INFO - Processing /home/airflow/.local/lib/python3.7/site-packages/airflow/example_dags/example_branch_operator.py took 0.064 seconds
[2023-03-21T17:01:13.389+0000] {processor.py:153} INFO - Started process (PID=865) to work on /home/airflow/.local/lib/python3.7/site-packages/airflow/example_dags/example_branch_operator.py
[2023-03-21T17:01:13.390+0000] {processor.py:743} INFO - Processing file /home/airflow/.local/lib/python3.7/site-packages/airflow/example_dags/example_branch_operator.py for tasks to queue
[2023-03-21T17:01:13.391+0000] {logging_mixin.py:137} INFO - [2023-03-21T17:01:13.391+0000] {dagbag.py:532} INFO - Filling up the DagBag from /home/airflow/.local/lib/python3.7/site-packages/airflow/example_dags/example_branch_operator.py
[2023-03-21T17:01:13.404+0000] {processor.py:753} INFO - DAG(s) dict_keys(['example_branch_operator']) retrieved from /home/airflow/.local/lib/python3.7/site-packages/airflow/example_dags/example_branch_operator.py
[2023-03-21T17:01:13.428+0000] {logging_mixin.py:137} INFO - [2023-03-21T17:01:13.428+0000] {dag.py:2693} INFO - Sync 1 DAGs
[2023-03-21T17:01:13.449+0000] {logging_mixin.py:137} INFO - [2023-03-21T17:01:13.449+0000] {dag.py:3444} INFO - Setting next_dagrun for example_branch_operator to 2023-03-20T00:00:00+00:00, run_after=2023-03-21T00:00:00+00:00
[2023-03-21T17:01:13.464+0000] {processor.py:175} INFO - Processing /home/airflow/.local/lib/python3.7/site-packages/airflow/example_dags/example_branch_operator.py took 0.077 seconds
[2023-03-21T17:01:44.062+0000] {processor.py:153} INFO - Started process (PID=915) to work on /home/airflow/.local/lib/python3.7/site-packages/airflow/example_dags/example_branch_operator.py
[2023-03-21T17:01:44.064+0000] {processor.py:743} INFO - Processing file /home/airflow/.local/lib/python3.7/site-packages/airflow/example_dags/example_branch_operator.py for tasks to queue
[2023-03-21T17:01:44.064+0000] {logging_mixin.py:137} INFO - [2023-03-21T17:01:44.064+0000] {dagbag.py:532} INFO - Filling up the DagBag from /home/airflow/.local/lib/python3.7/site-packages/airflow/example_dags/example_branch_operator.py
[2023-03-21T17:01:44.077+0000] {processor.py:753} INFO - DAG(s) dict_keys(['example_branch_operator']) retrieved from /home/airflow/.local/lib/python3.7/site-packages/airflow/example_dags/example_branch_operator.py
[2023-03-21T17:01:44.100+0000] {logging_mixin.py:137} INFO - [2023-03-21T17:01:44.100+0000] {dag.py:2693} INFO - Sync 1 DAGs
[2023-03-21T17:01:44.118+0000] {logging_mixin.py:137} INFO - [2023-03-21T17:01:44.118+0000] {dag.py:3444} INFO - Setting next_dagrun for example_branch_operator to 2023-03-20T00:00:00+00:00, run_after=2023-03-21T00:00:00+00:00
[2023-03-21T17:01:44.129+0000] {processor.py:175} INFO - Processing /home/airflow/.local/lib/python3.7/site-packages/airflow/example_dags/example_branch_operator.py took 0.069 seconds
[2023-03-21T17:02:14.706+0000] {processor.py:153} INFO - Started process (PID=965) to work on /home/airflow/.local/lib/python3.7/site-packages/airflow/example_dags/example_branch_operator.py
[2023-03-21T17:02:14.707+0000] {processor.py:743} INFO - Processing file /home/airflow/.local/lib/python3.7/site-packages/airflow/example_dags/example_branch_operator.py for tasks to queue
[2023-03-21T17:02:14.708+0000] {logging_mixin.py:137} INFO - [2023-03-21T17:02:14.708+0000] {dagbag.py:532} INFO - Filling up the DagBag from /home/airflow/.local/lib/python3.7/site-packages/airflow/example_dags/example_branch_operator.py
[2023-03-21T17:02:14.719+0000] {processor.py:753} INFO - DAG(s) dict_keys(['example_branch_operator']) retrieved from /home/airflow/.local/lib/python3.7/site-packages/airflow/example_dags/example_branch_operator.py
[2023-03-21T17:02:14.738+0000] {logging_mixin.py:137} INFO - [2023-03-21T17:02:14.738+0000] {dag.py:2693} INFO - Sync 1 DAGs
[2023-03-21T17:02:14.754+0000] {logging_mixin.py:137} INFO - [2023-03-21T17:02:14.754+0000] {dag.py:3444} INFO - Setting next_dagrun for example_branch_operator to 2023-03-20T00:00:00+00:00, run_after=2023-03-21T00:00:00+00:00
[2023-03-21T17:02:14.766+0000] {processor.py:175} INFO - Processing /home/airflow/.local/lib/python3.7/site-packages/airflow/example_dags/example_branch_operator.py took 0.063 seconds
[2023-03-21T17:02:45.631+0000] {processor.py:153} INFO - Started process (PID=1015) to work on /home/airflow/.local/lib/python3.7/site-packages/airflow/example_dags/example_branch_operator.py
[2023-03-21T17:02:45.633+0000] {processor.py:743} INFO - Processing file /home/airflow/.local/lib/python3.7/site-packages/airflow/example_dags/example_branch_operator.py for tasks to queue
[2023-03-21T17:02:45.633+0000] {logging_mixin.py:137} INFO - [2023-03-21T17:02:45.633+0000] {dagbag.py:532} INFO - Filling up the DagBag from /home/airflow/.local/lib/python3.7/site-packages/airflow/example_dags/example_branch_operator.py
[2023-03-21T17:02:45.647+0000] {processor.py:753} INFO - DAG(s) dict_keys(['example_branch_operator']) retrieved from /home/airflow/.local/lib/python3.7/site-packages/airflow/example_dags/example_branch_operator.py
[2023-03-21T17:02:45.679+0000] {logging_mixin.py:137} INFO - [2023-03-21T17:02:45.679+0000] {dag.py:2693} INFO - Sync 1 DAGs
[2023-03-21T17:02:45.702+0000] {logging_mixin.py:137} INFO - [2023-03-21T17:02:45.702+0000] {dag.py:3444} INFO - Setting next_dagrun for example_branch_operator to 2023-03-20T00:00:00+00:00, run_after=2023-03-21T00:00:00+00:00
[2023-03-21T17:02:45.717+0000] {processor.py:175} INFO - Processing /home/airflow/.local/lib/python3.7/site-packages/airflow/example_dags/example_branch_operator.py took 0.088 seconds
[2023-03-21T17:03:15.882+0000] {processor.py:153} INFO - Started process (PID=1065) to work on /home/airflow/.local/lib/python3.7/site-packages/airflow/example_dags/example_branch_operator.py
[2023-03-21T17:03:15.883+0000] {processor.py:743} INFO - Processing file /home/airflow/.local/lib/python3.7/site-packages/airflow/example_dags/example_branch_operator.py for tasks to queue
[2023-03-21T17:03:15.884+0000] {logging_mixin.py:137} INFO - [2023-03-21T17:03:15.884+0000] {dagbag.py:532} INFO - Filling up the DagBag from /home/airflow/.local/lib/python3.7/site-packages/airflow/example_dags/example_branch_operator.py
[2023-03-21T17:03:15.898+0000] {processor.py:753} INFO - DAG(s) dict_keys(['example_branch_operator']) retrieved from /home/airflow/.local/lib/python3.7/site-packages/airflow/example_dags/example_branch_operator.py
[2023-03-21T17:03:15.928+0000] {logging_mixin.py:137} INFO - [2023-03-21T17:03:15.928+0000] {dag.py:2693} INFO - Sync 1 DAGs
[2023-03-21T17:03:15.952+0000] {logging_mixin.py:137} INFO - [2023-03-21T17:03:15.951+0000] {dag.py:3444} INFO - Setting next_dagrun for example_branch_operator to 2023-03-20T00:00:00+00:00, run_after=2023-03-21T00:00:00+00:00
[2023-03-21T17:03:15.963+0000] {processor.py:175} INFO - Processing /home/airflow/.local/lib/python3.7/site-packages/airflow/example_dags/example_branch_operator.py took 0.083 seconds
[2023-03-21T17:03:46.534+0000] {processor.py:153} INFO - Started process (PID=1115) to work on /home/airflow/.local/lib/python3.7/site-packages/airflow/example_dags/example_branch_operator.py
[2023-03-21T17:03:46.536+0000] {processor.py:743} INFO - Processing file /home/airflow/.local/lib/python3.7/site-packages/airflow/example_dags/example_branch_operator.py for tasks to queue
[2023-03-21T17:03:46.537+0000] {logging_mixin.py:137} INFO - [2023-03-21T17:03:46.537+0000] {dagbag.py:532} INFO - Filling up the DagBag from /home/airflow/.local/lib/python3.7/site-packages/airflow/example_dags/example_branch_operator.py
[2023-03-21T17:03:46.554+0000] {processor.py:753} INFO - DAG(s) dict_keys(['example_branch_operator']) retrieved from /home/airflow/.local/lib/python3.7/site-packages/airflow/example_dags/example_branch_operator.py
[2023-03-21T17:03:46.578+0000] {logging_mixin.py:137} INFO - [2023-03-21T17:03:46.578+0000] {dag.py:2693} INFO - Sync 1 DAGs
[2023-03-21T17:03:46.601+0000] {logging_mixin.py:137} INFO - [2023-03-21T17:03:46.601+0000] {dag.py:3444} INFO - Setting next_dagrun for example_branch_operator to 2023-03-20T00:00:00+00:00, run_after=2023-03-21T00:00:00+00:00
[2023-03-21T17:03:46.633+0000] {processor.py:175} INFO - Processing /home/airflow/.local/lib/python3.7/site-packages/airflow/example_dags/example_branch_operator.py took 0.103 seconds
[2023-03-21T17:04:17.559+0000] {processor.py:153} INFO - Started process (PID=1164) to work on /home/airflow/.local/lib/python3.7/site-packages/airflow/example_dags/example_branch_operator.py
[2023-03-21T17:04:17.560+0000] {processor.py:743} INFO - Processing file /home/airflow/.local/lib/python3.7/site-packages/airflow/example_dags/example_branch_operator.py for tasks to queue
[2023-03-21T17:04:17.561+0000] {logging_mixin.py:137} INFO - [2023-03-21T17:04:17.561+0000] {dagbag.py:532} INFO - Filling up the DagBag from /home/airflow/.local/lib/python3.7/site-packages/airflow/example_dags/example_branch_operator.py
[2023-03-21T17:04:17.573+0000] {processor.py:753} INFO - DAG(s) dict_keys(['example_branch_operator']) retrieved from /home/airflow/.local/lib/python3.7/site-packages/airflow/example_dags/example_branch_operator.py
[2023-03-21T17:04:17.596+0000] {logging_mixin.py:137} INFO - [2023-03-21T17:04:17.595+0000] {dag.py:2693} INFO - Sync 1 DAGs
[2023-03-21T17:04:17.613+0000] {logging_mixin.py:137} INFO - [2023-03-21T17:04:17.613+0000] {dag.py:3444} INFO - Setting next_dagrun for example_branch_operator to 2023-03-20T00:00:00+00:00, run_after=2023-03-21T00:00:00+00:00
[2023-03-21T17:04:17.624+0000] {processor.py:175} INFO - Processing /home/airflow/.local/lib/python3.7/site-packages/airflow/example_dags/example_branch_operator.py took 0.068 seconds
[2023-03-21T17:04:48.130+0000] {processor.py:153} INFO - Started process (PID=1214) to work on /home/airflow/.local/lib/python3.7/site-packages/airflow/example_dags/example_branch_operator.py
[2023-03-21T17:04:48.131+0000] {processor.py:743} INFO - Processing file /home/airflow/.local/lib/python3.7/site-packages/airflow/example_dags/example_branch_operator.py for tasks to queue
[2023-03-21T17:04:48.132+0000] {logging_mixin.py:137} INFO - [2023-03-21T17:04:48.132+0000] {dagbag.py:532} INFO - Filling up the DagBag from /home/airflow/.local/lib/python3.7/site-packages/airflow/example_dags/example_branch_operator.py
[2023-03-21T17:04:48.143+0000] {processor.py:753} INFO - DAG(s) dict_keys(['example_branch_operator']) retrieved from /home/airflow/.local/lib/python3.7/site-packages/airflow/example_dags/example_branch_operator.py
[2023-03-21T17:04:48.164+0000] {logging_mixin.py:137} INFO - [2023-03-21T17:04:48.164+0000] {dag.py:2693} INFO - Sync 1 DAGs
[2023-03-21T17:04:48.181+0000] {logging_mixin.py:137} INFO - [2023-03-21T17:04:48.181+0000] {dag.py:3444} INFO - Setting next_dagrun for example_branch_operator to 2023-03-20T00:00:00+00:00, run_after=2023-03-21T00:00:00+00:00
[2023-03-21T17:04:48.192+0000] {processor.py:175} INFO - Processing /home/airflow/.local/lib/python3.7/site-packages/airflow/example_dags/example_branch_operator.py took 0.064 seconds
[2023-03-21T17:05:19.012+0000] {processor.py:153} INFO - Started process (PID=1270) to work on /home/airflow/.local/lib/python3.7/site-packages/airflow/example_dags/example_branch_operator.py
[2023-03-21T17:05:19.014+0000] {processor.py:743} INFO - Processing file /home/airflow/.local/lib/python3.7/site-packages/airflow/example_dags/example_branch_operator.py for tasks to queue
[2023-03-21T17:05:19.015+0000] {logging_mixin.py:137} INFO - [2023-03-21T17:05:19.015+0000] {dagbag.py:532} INFO - Filling up the DagBag from /home/airflow/.local/lib/python3.7/site-packages/airflow/example_dags/example_branch_operator.py
[2023-03-21T17:05:19.031+0000] {processor.py:753} INFO - DAG(s) dict_keys(['example_branch_operator']) retrieved from /home/airflow/.local/lib/python3.7/site-packages/airflow/example_dags/example_branch_operator.py
[2023-03-21T17:05:19.052+0000] {logging_mixin.py:137} INFO - [2023-03-21T17:05:19.052+0000] {dag.py:2693} INFO - Sync 1 DAGs
[2023-03-21T17:05:19.069+0000] {logging_mixin.py:137} INFO - [2023-03-21T17:05:19.069+0000] {dag.py:3444} INFO - Setting next_dagrun for example_branch_operator to 2023-03-20T00:00:00+00:00, run_after=2023-03-21T00:00:00+00:00
[2023-03-21T17:05:19.081+0000] {processor.py:175} INFO - Processing /home/airflow/.local/lib/python3.7/site-packages/airflow/example_dags/example_branch_operator.py took 0.072 seconds
[2023-03-21T17:05:49.661+0000] {processor.py:153} INFO - Started process (PID=1320) to work on /home/airflow/.local/lib/python3.7/site-packages/airflow/example_dags/example_branch_operator.py
[2023-03-21T17:05:49.662+0000] {processor.py:743} INFO - Processing file /home/airflow/.local/lib/python3.7/site-packages/airflow/example_dags/example_branch_operator.py for tasks to queue
[2023-03-21T17:05:49.663+0000] {logging_mixin.py:137} INFO - [2023-03-21T17:05:49.663+0000] {dagbag.py:532} INFO - Filling up the DagBag from /home/airflow/.local/lib/python3.7/site-packages/airflow/example_dags/example_branch_operator.py
[2023-03-21T17:05:49.676+0000] {processor.py:753} INFO - DAG(s) dict_keys(['example_branch_operator']) retrieved from /home/airflow/.local/lib/python3.7/site-packages/airflow/example_dags/example_branch_operator.py
[2023-03-21T17:05:49.699+0000] {logging_mixin.py:137} INFO - [2023-03-21T17:05:49.699+0000] {dag.py:2693} INFO - Sync 1 DAGs
[2023-03-21T17:05:49.718+0000] {logging_mixin.py:137} INFO - [2023-03-21T17:05:49.718+0000] {dag.py:3444} INFO - Setting next_dagrun for example_branch_operator to 2023-03-20T00:00:00+00:00, run_after=2023-03-21T00:00:00+00:00
[2023-03-21T17:05:49.731+0000] {processor.py:175} INFO - Processing /home/airflow/.local/lib/python3.7/site-packages/airflow/example_dags/example_branch_operator.py took 0.074 seconds
[2023-03-21T17:06:20.471+0000] {processor.py:153} INFO - Started process (PID=1370) to work on /home/airflow/.local/lib/python3.7/site-packages/airflow/example_dags/example_branch_operator.py
[2023-03-21T17:06:20.473+0000] {processor.py:743} INFO - Processing file /home/airflow/.local/lib/python3.7/site-packages/airflow/example_dags/example_branch_operator.py for tasks to queue
[2023-03-21T17:06:20.474+0000] {logging_mixin.py:137} INFO - [2023-03-21T17:06:20.474+0000] {dagbag.py:532} INFO - Filling up the DagBag from /home/airflow/.local/lib/python3.7/site-packages/airflow/example_dags/example_branch_operator.py
[2023-03-21T17:06:20.500+0000] {processor.py:753} INFO - DAG(s) dict_keys(['example_branch_operator']) retrieved from /home/airflow/.local/lib/python3.7/site-packages/airflow/example_dags/example_branch_operator.py
[2023-03-21T17:06:20.549+0000] {logging_mixin.py:137} INFO - [2023-03-21T17:06:20.549+0000] {dag.py:2693} INFO - Sync 1 DAGs
[2023-03-21T17:06:20.577+0000] {logging_mixin.py:137} INFO - [2023-03-21T17:06:20.577+0000] {dag.py:3444} INFO - Setting next_dagrun for example_branch_operator to 2023-03-20T00:00:00+00:00, run_after=2023-03-21T00:00:00+00:00
[2023-03-21T17:06:20.599+0000] {processor.py:175} INFO - Processing /home/airflow/.local/lib/python3.7/site-packages/airflow/example_dags/example_branch_operator.py took 0.131 seconds
[2023-03-21T17:06:51.378+0000] {processor.py:153} INFO - Started process (PID=1420) to work on /home/airflow/.local/lib/python3.7/site-packages/airflow/example_dags/example_branch_operator.py
[2023-03-21T17:06:51.379+0000] {processor.py:743} INFO - Processing file /home/airflow/.local/lib/python3.7/site-packages/airflow/example_dags/example_branch_operator.py for tasks to queue
[2023-03-21T17:06:51.380+0000] {logging_mixin.py:137} INFO - [2023-03-21T17:06:51.380+0000] {dagbag.py:532} INFO - Filling up the DagBag from /home/airflow/.local/lib/python3.7/site-packages/airflow/example_dags/example_branch_operator.py
[2023-03-21T17:06:51.392+0000] {processor.py:753} INFO - DAG(s) dict_keys(['example_branch_operator']) retrieved from /home/airflow/.local/lib/python3.7/site-packages/airflow/example_dags/example_branch_operator.py
[2023-03-21T17:06:51.415+0000] {logging_mixin.py:137} INFO - [2023-03-21T17:06:51.415+0000] {dag.py:2693} INFO - Sync 1 DAGs
[2023-03-21T17:06:51.434+0000] {logging_mixin.py:137} INFO - [2023-03-21T17:06:51.434+0000] {dag.py:3444} INFO - Setting next_dagrun for example_branch_operator to 2023-03-20T00:00:00+00:00, run_after=2023-03-21T00:00:00+00:00
[2023-03-21T17:06:51.447+0000] {processor.py:175} INFO - Processing /home/airflow/.local/lib/python3.7/site-packages/airflow/example_dags/example_branch_operator.py took 0.073 seconds
[2023-03-21T17:16:18.121+0000] {processor.py:153} INFO - Started process (PID=61) to work on /home/airflow/.local/lib/python3.7/site-packages/airflow/example_dags/example_branch_operator.py
[2023-03-21T17:16:18.128+0000] {processor.py:743} INFO - Processing file /home/airflow/.local/lib/python3.7/site-packages/airflow/example_dags/example_branch_operator.py for tasks to queue
[2023-03-21T17:16:18.129+0000] {logging_mixin.py:137} INFO - [2023-03-21T17:16:18.129+0000] {dagbag.py:532} INFO - Filling up the DagBag from /home/airflow/.local/lib/python3.7/site-packages/airflow/example_dags/example_branch_operator.py
[2023-03-21T17:16:18.204+0000] {processor.py:753} INFO - DAG(s) dict_keys(['example_branch_operator']) retrieved from /home/airflow/.local/lib/python3.7/site-packages/airflow/example_dags/example_branch_operator.py
[2023-03-21T17:16:18.244+0000] {logging_mixin.py:137} INFO - [2023-03-21T17:16:18.244+0000] {dag.py:2693} INFO - Sync 1 DAGs
[2023-03-21T17:16:18.301+0000] {logging_mixin.py:137} INFO - [2023-03-21T17:16:18.301+0000] {dag.py:3444} INFO - Setting next_dagrun for example_branch_operator to 2023-03-20T00:00:00+00:00, run_after=2023-03-21T00:00:00+00:00
[2023-03-21T17:16:18.363+0000] {processor.py:175} INFO - Processing /home/airflow/.local/lib/python3.7/site-packages/airflow/example_dags/example_branch_operator.py took 0.247 seconds
[2023-03-21T17:16:48.521+0000] {processor.py:153} INFO - Started process (PID=111) to work on /home/airflow/.local/lib/python3.7/site-packages/airflow/example_dags/example_branch_operator.py
[2023-03-21T17:16:48.522+0000] {processor.py:743} INFO - Processing file /home/airflow/.local/lib/python3.7/site-packages/airflow/example_dags/example_branch_operator.py for tasks to queue
[2023-03-21T17:16:48.523+0000] {logging_mixin.py:137} INFO - [2023-03-21T17:16:48.523+0000] {dagbag.py:532} INFO - Filling up the DagBag from /home/airflow/.local/lib/python3.7/site-packages/airflow/example_dags/example_branch_operator.py
[2023-03-21T17:16:48.536+0000] {processor.py:753} INFO - DAG(s) dict_keys(['example_branch_operator']) retrieved from /home/airflow/.local/lib/python3.7/site-packages/airflow/example_dags/example_branch_operator.py
[2023-03-21T17:16:48.555+0000] {logging_mixin.py:137} INFO - [2023-03-21T17:16:48.555+0000] {dag.py:2693} INFO - Sync 1 DAGs
[2023-03-21T17:16:48.570+0000] {logging_mixin.py:137} INFO - [2023-03-21T17:16:48.570+0000] {dag.py:3444} INFO - Setting next_dagrun for example_branch_operator to 2023-03-20T00:00:00+00:00, run_after=2023-03-21T00:00:00+00:00
[2023-03-21T17:16:48.580+0000] {processor.py:175} INFO - Processing /home/airflow/.local/lib/python3.7/site-packages/airflow/example_dags/example_branch_operator.py took 0.062 seconds
[2023-03-21T17:17:23.018+0000] {processor.py:153} INFO - Started process (PID=161) to work on /home/airflow/.local/lib/python3.7/site-packages/airflow/example_dags/example_branch_operator.py
[2023-03-21T17:17:23.021+0000] {processor.py:743} INFO - Processing file /home/airflow/.local/lib/python3.7/site-packages/airflow/example_dags/example_branch_operator.py for tasks to queue
[2023-03-21T17:17:23.022+0000] {logging_mixin.py:137} INFO - [2023-03-21T17:17:23.021+0000] {dagbag.py:532} INFO - Filling up the DagBag from /home/airflow/.local/lib/python3.7/site-packages/airflow/example_dags/example_branch_operator.py
[2023-03-21T17:17:23.035+0000] {processor.py:753} INFO - DAG(s) dict_keys(['example_branch_operator']) retrieved from /home/airflow/.local/lib/python3.7/site-packages/airflow/example_dags/example_branch_operator.py
[2023-03-21T17:17:23.060+0000] {logging_mixin.py:137} INFO - [2023-03-21T17:17:23.060+0000] {dag.py:2693} INFO - Sync 1 DAGs
[2023-03-21T17:17:23.080+0000] {logging_mixin.py:137} INFO - [2023-03-21T17:17:23.080+0000] {dag.py:3444} INFO - Setting next_dagrun for example_branch_operator to 2023-03-20T00:00:00+00:00, run_after=2023-03-21T00:00:00+00:00
[2023-03-21T17:17:23.094+0000] {processor.py:175} INFO - Processing /home/airflow/.local/lib/python3.7/site-packages/airflow/example_dags/example_branch_operator.py took 0.079 seconds
[2023-03-21T17:17:53.687+0000] {processor.py:153} INFO - Started process (PID=210) to work on /home/airflow/.local/lib/python3.7/site-packages/airflow/example_dags/example_branch_operator.py
[2023-03-21T17:17:53.692+0000] {processor.py:743} INFO - Processing file /home/airflow/.local/lib/python3.7/site-packages/airflow/example_dags/example_branch_operator.py for tasks to queue
[2023-03-21T17:17:53.694+0000] {logging_mixin.py:137} INFO - [2023-03-21T17:17:53.694+0000] {dagbag.py:532} INFO - Filling up the DagBag from /home/airflow/.local/lib/python3.7/site-packages/airflow/example_dags/example_branch_operator.py
[2023-03-21T17:17:53.707+0000] {processor.py:753} INFO - DAG(s) dict_keys(['example_branch_operator']) retrieved from /home/airflow/.local/lib/python3.7/site-packages/airflow/example_dags/example_branch_operator.py
[2023-03-21T17:17:53.731+0000] {logging_mixin.py:137} INFO - [2023-03-21T17:17:53.731+0000] {dag.py:2693} INFO - Sync 1 DAGs
[2023-03-21T17:17:53.749+0000] {logging_mixin.py:137} INFO - [2023-03-21T17:17:53.749+0000] {dag.py:3444} INFO - Setting next_dagrun for example_branch_operator to 2023-03-20T00:00:00+00:00, run_after=2023-03-21T00:00:00+00:00
[2023-03-21T17:17:53.762+0000] {processor.py:175} INFO - Processing /home/airflow/.local/lib/python3.7/site-packages/airflow/example_dags/example_branch_operator.py took 0.079 seconds
