[2023-03-21T15:25:55.107+0000] {processor.py:153} INFO - Started process (PID=67) to work on /home/airflow/.local/lib/python3.7/site-packages/airflow/example_dags/example_skip_dag.py
[2023-03-21T15:25:55.109+0000] {processor.py:743} INFO - Processing file /home/airflow/.local/lib/python3.7/site-packages/airflow/example_dags/example_skip_dag.py for tasks to queue
[2023-03-21T15:25:55.112+0000] {logging_mixin.py:137} INFO - [2023-03-21T15:25:55.112+0000] {dagbag.py:532} INFO - Filling up the DagBag from /home/airflow/.local/lib/python3.7/site-packages/airflow/example_dags/example_skip_dag.py
[2023-03-21T15:25:55.156+0000] {processor.py:753} INFO - DAG(s) dict_keys(['example_skip_dag']) retrieved from /home/airflow/.local/lib/python3.7/site-packages/airflow/example_dags/example_skip_dag.py
[2023-03-21T15:25:55.181+0000] {logging_mixin.py:137} INFO - [2023-03-21T15:25:55.181+0000] {dag.py:2693} INFO - Sync 1 DAGs
[2023-03-21T15:25:55.210+0000] {logging_mixin.py:137} INFO - [2023-03-21T15:25:55.210+0000] {dag.py:3444} INFO - Setting next_dagrun for example_skip_dag to 2023-03-20T15:25:55.209883+00:00, run_after=2023-03-21T15:25:55.209883+00:00
[2023-03-21T15:25:55.232+0000] {processor.py:175} INFO - Processing /home/airflow/.local/lib/python3.7/site-packages/airflow/example_dags/example_skip_dag.py took 0.130 seconds
[2023-03-21T15:26:25.894+0000] {processor.py:153} INFO - Started process (PID=116) to work on /home/airflow/.local/lib/python3.7/site-packages/airflow/example_dags/example_skip_dag.py
[2023-03-21T15:26:25.895+0000] {processor.py:743} INFO - Processing file /home/airflow/.local/lib/python3.7/site-packages/airflow/example_dags/example_skip_dag.py for tasks to queue
[2023-03-21T15:26:25.896+0000] {logging_mixin.py:137} INFO - [2023-03-21T15:26:25.896+0000] {dagbag.py:532} INFO - Filling up the DagBag from /home/airflow/.local/lib/python3.7/site-packages/airflow/example_dags/example_skip_dag.py
[2023-03-21T15:26:25.912+0000] {processor.py:753} INFO - DAG(s) dict_keys(['example_skip_dag']) retrieved from /home/airflow/.local/lib/python3.7/site-packages/airflow/example_dags/example_skip_dag.py
[2023-03-21T15:26:25.939+0000] {logging_mixin.py:137} INFO - [2023-03-21T15:26:25.938+0000] {dag.py:2693} INFO - Sync 1 DAGs
[2023-03-21T15:26:25.962+0000] {logging_mixin.py:137} INFO - [2023-03-21T15:26:25.962+0000] {dag.py:3444} INFO - Setting next_dagrun for example_skip_dag to 2023-03-20T15:26:25.962167+00:00, run_after=2023-03-21T15:26:25.962167+00:00
[2023-03-21T15:26:25.980+0000] {processor.py:175} INFO - Processing /home/airflow/.local/lib/python3.7/site-packages/airflow/example_dags/example_skip_dag.py took 0.089 seconds
[2023-03-21T15:26:56.474+0000] {processor.py:153} INFO - Started process (PID=165) to work on /home/airflow/.local/lib/python3.7/site-packages/airflow/example_dags/example_skip_dag.py
[2023-03-21T15:26:56.476+0000] {processor.py:743} INFO - Processing file /home/airflow/.local/lib/python3.7/site-packages/airflow/example_dags/example_skip_dag.py for tasks to queue
[2023-03-21T15:26:56.477+0000] {logging_mixin.py:137} INFO - [2023-03-21T15:26:56.477+0000] {dagbag.py:532} INFO - Filling up the DagBag from /home/airflow/.local/lib/python3.7/site-packages/airflow/example_dags/example_skip_dag.py
[2023-03-21T15:26:56.493+0000] {processor.py:753} INFO - DAG(s) dict_keys(['example_skip_dag']) retrieved from /home/airflow/.local/lib/python3.7/site-packages/airflow/example_dags/example_skip_dag.py
[2023-03-21T15:26:56.531+0000] {logging_mixin.py:137} INFO - [2023-03-21T15:26:56.530+0000] {dag.py:2693} INFO - Sync 1 DAGs
[2023-03-21T15:26:56.559+0000] {logging_mixin.py:137} INFO - [2023-03-21T15:26:56.559+0000] {dag.py:3444} INFO - Setting next_dagrun for example_skip_dag to 2023-03-20T15:26:56.558736+00:00, run_after=2023-03-21T15:26:56.558736+00:00
[2023-03-21T15:26:56.576+0000] {processor.py:175} INFO - Processing /home/airflow/.local/lib/python3.7/site-packages/airflow/example_dags/example_skip_dag.py took 0.104 seconds
[2023-03-21T15:27:27.142+0000] {processor.py:153} INFO - Started process (PID=214) to work on /home/airflow/.local/lib/python3.7/site-packages/airflow/example_dags/example_skip_dag.py
[2023-03-21T15:27:27.143+0000] {processor.py:743} INFO - Processing file /home/airflow/.local/lib/python3.7/site-packages/airflow/example_dags/example_skip_dag.py for tasks to queue
[2023-03-21T15:27:27.144+0000] {logging_mixin.py:137} INFO - [2023-03-21T15:27:27.144+0000] {dagbag.py:532} INFO - Filling up the DagBag from /home/airflow/.local/lib/python3.7/site-packages/airflow/example_dags/example_skip_dag.py
[2023-03-21T15:27:27.155+0000] {processor.py:753} INFO - DAG(s) dict_keys(['example_skip_dag']) retrieved from /home/airflow/.local/lib/python3.7/site-packages/airflow/example_dags/example_skip_dag.py
[2023-03-21T15:27:27.175+0000] {logging_mixin.py:137} INFO - [2023-03-21T15:27:27.175+0000] {dag.py:2693} INFO - Sync 1 DAGs
[2023-03-21T15:27:27.190+0000] {logging_mixin.py:137} INFO - [2023-03-21T15:27:27.190+0000] {dag.py:3444} INFO - Setting next_dagrun for example_skip_dag to 2023-03-20T15:27:27.190596+00:00, run_after=2023-03-21T15:27:27.190596+00:00
[2023-03-21T15:27:27.201+0000] {processor.py:175} INFO - Processing /home/airflow/.local/lib/python3.7/site-packages/airflow/example_dags/example_skip_dag.py took 0.062 seconds
[2023-03-21T15:27:57.579+0000] {processor.py:153} INFO - Started process (PID=263) to work on /home/airflow/.local/lib/python3.7/site-packages/airflow/example_dags/example_skip_dag.py
[2023-03-21T15:27:57.580+0000] {processor.py:743} INFO - Processing file /home/airflow/.local/lib/python3.7/site-packages/airflow/example_dags/example_skip_dag.py for tasks to queue
[2023-03-21T15:27:57.581+0000] {logging_mixin.py:137} INFO - [2023-03-21T15:27:57.581+0000] {dagbag.py:532} INFO - Filling up the DagBag from /home/airflow/.local/lib/python3.7/site-packages/airflow/example_dags/example_skip_dag.py
[2023-03-21T15:27:57.591+0000] {processor.py:753} INFO - DAG(s) dict_keys(['example_skip_dag']) retrieved from /home/airflow/.local/lib/python3.7/site-packages/airflow/example_dags/example_skip_dag.py
[2023-03-21T15:27:57.609+0000] {logging_mixin.py:137} INFO - [2023-03-21T15:27:57.609+0000] {dag.py:2693} INFO - Sync 1 DAGs
[2023-03-21T15:27:57.624+0000] {logging_mixin.py:137} INFO - [2023-03-21T15:27:57.624+0000] {dag.py:3444} INFO - Setting next_dagrun for example_skip_dag to 2023-03-20T15:27:57.624469+00:00, run_after=2023-03-21T15:27:57.624469+00:00
[2023-03-21T15:27:57.635+0000] {processor.py:175} INFO - Processing /home/airflow/.local/lib/python3.7/site-packages/airflow/example_dags/example_skip_dag.py took 0.059 seconds
[2023-03-21T15:28:27.933+0000] {processor.py:153} INFO - Started process (PID=312) to work on /home/airflow/.local/lib/python3.7/site-packages/airflow/example_dags/example_skip_dag.py
[2023-03-21T15:28:27.934+0000] {processor.py:743} INFO - Processing file /home/airflow/.local/lib/python3.7/site-packages/airflow/example_dags/example_skip_dag.py for tasks to queue
[2023-03-21T15:28:27.935+0000] {logging_mixin.py:137} INFO - [2023-03-21T15:28:27.935+0000] {dagbag.py:532} INFO - Filling up the DagBag from /home/airflow/.local/lib/python3.7/site-packages/airflow/example_dags/example_skip_dag.py
[2023-03-21T15:28:27.945+0000] {processor.py:753} INFO - DAG(s) dict_keys(['example_skip_dag']) retrieved from /home/airflow/.local/lib/python3.7/site-packages/airflow/example_dags/example_skip_dag.py
[2023-03-21T15:28:27.967+0000] {logging_mixin.py:137} INFO - [2023-03-21T15:28:27.966+0000] {dag.py:2693} INFO - Sync 1 DAGs
[2023-03-21T15:28:27.982+0000] {logging_mixin.py:137} INFO - [2023-03-21T15:28:27.982+0000] {dag.py:3444} INFO - Setting next_dagrun for example_skip_dag to 2023-03-20T15:28:27.982381+00:00, run_after=2023-03-21T15:28:27.982381+00:00
[2023-03-21T15:28:27.993+0000] {processor.py:175} INFO - Processing /home/airflow/.local/lib/python3.7/site-packages/airflow/example_dags/example_skip_dag.py took 0.062 seconds
[2023-03-21T15:28:58.285+0000] {processor.py:153} INFO - Started process (PID=361) to work on /home/airflow/.local/lib/python3.7/site-packages/airflow/example_dags/example_skip_dag.py
[2023-03-21T15:28:58.287+0000] {processor.py:743} INFO - Processing file /home/airflow/.local/lib/python3.7/site-packages/airflow/example_dags/example_skip_dag.py for tasks to queue
[2023-03-21T15:28:58.287+0000] {logging_mixin.py:137} INFO - [2023-03-21T15:28:58.287+0000] {dagbag.py:532} INFO - Filling up the DagBag from /home/airflow/.local/lib/python3.7/site-packages/airflow/example_dags/example_skip_dag.py
[2023-03-21T15:28:58.297+0000] {processor.py:753} INFO - DAG(s) dict_keys(['example_skip_dag']) retrieved from /home/airflow/.local/lib/python3.7/site-packages/airflow/example_dags/example_skip_dag.py
[2023-03-21T15:28:58.318+0000] {logging_mixin.py:137} INFO - [2023-03-21T15:28:58.317+0000] {dag.py:2693} INFO - Sync 1 DAGs
[2023-03-21T15:28:58.333+0000] {logging_mixin.py:137} INFO - [2023-03-21T15:28:58.333+0000] {dag.py:3444} INFO - Setting next_dagrun for example_skip_dag to 2023-03-20T15:28:58.333488+00:00, run_after=2023-03-21T15:28:58.333488+00:00
[2023-03-21T15:28:58.347+0000] {processor.py:175} INFO - Processing /home/airflow/.local/lib/python3.7/site-packages/airflow/example_dags/example_skip_dag.py took 0.065 seconds
[2023-03-21T15:29:28.476+0000] {processor.py:153} INFO - Started process (PID=410) to work on /home/airflow/.local/lib/python3.7/site-packages/airflow/example_dags/example_skip_dag.py
[2023-03-21T15:29:28.477+0000] {processor.py:743} INFO - Processing file /home/airflow/.local/lib/python3.7/site-packages/airflow/example_dags/example_skip_dag.py for tasks to queue
[2023-03-21T15:29:28.478+0000] {logging_mixin.py:137} INFO - [2023-03-21T15:29:28.478+0000] {dagbag.py:532} INFO - Filling up the DagBag from /home/airflow/.local/lib/python3.7/site-packages/airflow/example_dags/example_skip_dag.py
[2023-03-21T15:29:28.488+0000] {processor.py:753} INFO - DAG(s) dict_keys(['example_skip_dag']) retrieved from /home/airflow/.local/lib/python3.7/site-packages/airflow/example_dags/example_skip_dag.py
[2023-03-21T15:29:28.509+0000] {logging_mixin.py:137} INFO - [2023-03-21T15:29:28.509+0000] {dag.py:2693} INFO - Sync 1 DAGs
[2023-03-21T15:29:28.526+0000] {logging_mixin.py:137} INFO - [2023-03-21T15:29:28.526+0000] {dag.py:3444} INFO - Setting next_dagrun for example_skip_dag to 2023-03-20T15:29:28.526072+00:00, run_after=2023-03-21T15:29:28.526072+00:00
[2023-03-21T15:29:28.537+0000] {processor.py:175} INFO - Processing /home/airflow/.local/lib/python3.7/site-packages/airflow/example_dags/example_skip_dag.py took 0.064 seconds
[2023-03-21T15:29:59.008+0000] {processor.py:153} INFO - Started process (PID=459) to work on /home/airflow/.local/lib/python3.7/site-packages/airflow/example_dags/example_skip_dag.py
[2023-03-21T15:29:59.010+0000] {processor.py:743} INFO - Processing file /home/airflow/.local/lib/python3.7/site-packages/airflow/example_dags/example_skip_dag.py for tasks to queue
[2023-03-21T15:29:59.010+0000] {logging_mixin.py:137} INFO - [2023-03-21T15:29:59.010+0000] {dagbag.py:532} INFO - Filling up the DagBag from /home/airflow/.local/lib/python3.7/site-packages/airflow/example_dags/example_skip_dag.py
[2023-03-21T15:29:59.019+0000] {processor.py:753} INFO - DAG(s) dict_keys(['example_skip_dag']) retrieved from /home/airflow/.local/lib/python3.7/site-packages/airflow/example_dags/example_skip_dag.py
[2023-03-21T15:29:59.039+0000] {logging_mixin.py:137} INFO - [2023-03-21T15:29:59.038+0000] {dag.py:2693} INFO - Sync 1 DAGs
[2023-03-21T15:29:59.054+0000] {logging_mixin.py:137} INFO - [2023-03-21T15:29:59.054+0000] {dag.py:3444} INFO - Setting next_dagrun for example_skip_dag to 2023-03-20T15:29:59.053831+00:00, run_after=2023-03-21T15:29:59.053831+00:00
[2023-03-21T15:29:59.064+0000] {processor.py:175} INFO - Processing /home/airflow/.local/lib/python3.7/site-packages/airflow/example_dags/example_skip_dag.py took 0.058 seconds
[2023-03-21T15:30:29.585+0000] {processor.py:153} INFO - Started process (PID=508) to work on /home/airflow/.local/lib/python3.7/site-packages/airflow/example_dags/example_skip_dag.py
[2023-03-21T15:30:29.586+0000] {processor.py:743} INFO - Processing file /home/airflow/.local/lib/python3.7/site-packages/airflow/example_dags/example_skip_dag.py for tasks to queue
[2023-03-21T15:30:29.587+0000] {logging_mixin.py:137} INFO - [2023-03-21T15:30:29.587+0000] {dagbag.py:532} INFO - Filling up the DagBag from /home/airflow/.local/lib/python3.7/site-packages/airflow/example_dags/example_skip_dag.py
[2023-03-21T15:30:29.597+0000] {processor.py:753} INFO - DAG(s) dict_keys(['example_skip_dag']) retrieved from /home/airflow/.local/lib/python3.7/site-packages/airflow/example_dags/example_skip_dag.py
[2023-03-21T15:30:29.617+0000] {logging_mixin.py:137} INFO - [2023-03-21T15:30:29.617+0000] {dag.py:2693} INFO - Sync 1 DAGs
[2023-03-21T15:30:29.633+0000] {logging_mixin.py:137} INFO - [2023-03-21T15:30:29.633+0000] {dag.py:3444} INFO - Setting next_dagrun for example_skip_dag to 2023-03-20T15:30:29.633569+00:00, run_after=2023-03-21T15:30:29.633569+00:00
[2023-03-21T15:30:29.645+0000] {processor.py:175} INFO - Processing /home/airflow/.local/lib/python3.7/site-packages/airflow/example_dags/example_skip_dag.py took 0.063 seconds
[2023-03-21T15:30:59.913+0000] {processor.py:153} INFO - Started process (PID=557) to work on /home/airflow/.local/lib/python3.7/site-packages/airflow/example_dags/example_skip_dag.py
[2023-03-21T15:30:59.914+0000] {processor.py:743} INFO - Processing file /home/airflow/.local/lib/python3.7/site-packages/airflow/example_dags/example_skip_dag.py for tasks to queue
[2023-03-21T15:30:59.915+0000] {logging_mixin.py:137} INFO - [2023-03-21T15:30:59.915+0000] {dagbag.py:532} INFO - Filling up the DagBag from /home/airflow/.local/lib/python3.7/site-packages/airflow/example_dags/example_skip_dag.py
[2023-03-21T15:30:59.928+0000] {processor.py:753} INFO - DAG(s) dict_keys(['example_skip_dag']) retrieved from /home/airflow/.local/lib/python3.7/site-packages/airflow/example_dags/example_skip_dag.py
[2023-03-21T15:30:59.953+0000] {logging_mixin.py:137} INFO - [2023-03-21T15:30:59.953+0000] {dag.py:2693} INFO - Sync 1 DAGs
[2023-03-21T15:30:59.973+0000] {logging_mixin.py:137} INFO - [2023-03-21T15:30:59.973+0000] {dag.py:3444} INFO - Setting next_dagrun for example_skip_dag to 2023-03-20T15:30:59.973067+00:00, run_after=2023-03-21T15:30:59.973067+00:00
[2023-03-21T15:30:59.987+0000] {processor.py:175} INFO - Processing /home/airflow/.local/lib/python3.7/site-packages/airflow/example_dags/example_skip_dag.py took 0.077 seconds
[2023-03-21T15:31:30.272+0000] {processor.py:153} INFO - Started process (PID=605) to work on /home/airflow/.local/lib/python3.7/site-packages/airflow/example_dags/example_skip_dag.py
[2023-03-21T15:31:30.273+0000] {processor.py:743} INFO - Processing file /home/airflow/.local/lib/python3.7/site-packages/airflow/example_dags/example_skip_dag.py for tasks to queue
[2023-03-21T15:31:30.274+0000] {logging_mixin.py:137} INFO - [2023-03-21T15:31:30.274+0000] {dagbag.py:532} INFO - Filling up the DagBag from /home/airflow/.local/lib/python3.7/site-packages/airflow/example_dags/example_skip_dag.py
[2023-03-21T15:31:30.285+0000] {processor.py:753} INFO - DAG(s) dict_keys(['example_skip_dag']) retrieved from /home/airflow/.local/lib/python3.7/site-packages/airflow/example_dags/example_skip_dag.py
[2023-03-21T15:31:30.306+0000] {logging_mixin.py:137} INFO - [2023-03-21T15:31:30.306+0000] {dag.py:2693} INFO - Sync 1 DAGs
[2023-03-21T15:31:30.323+0000] {logging_mixin.py:137} INFO - [2023-03-21T15:31:30.323+0000] {dag.py:3444} INFO - Setting next_dagrun for example_skip_dag to 2023-03-20T15:31:30.322999+00:00, run_after=2023-03-21T15:31:30.322999+00:00
[2023-03-21T15:31:30.336+0000] {processor.py:175} INFO - Processing /home/airflow/.local/lib/python3.7/site-packages/airflow/example_dags/example_skip_dag.py took 0.067 seconds
[2023-03-21T15:32:00.767+0000] {processor.py:153} INFO - Started process (PID=654) to work on /home/airflow/.local/lib/python3.7/site-packages/airflow/example_dags/example_skip_dag.py
[2023-03-21T15:32:00.768+0000] {processor.py:743} INFO - Processing file /home/airflow/.local/lib/python3.7/site-packages/airflow/example_dags/example_skip_dag.py for tasks to queue
[2023-03-21T15:32:00.769+0000] {logging_mixin.py:137} INFO - [2023-03-21T15:32:00.769+0000] {dagbag.py:532} INFO - Filling up the DagBag from /home/airflow/.local/lib/python3.7/site-packages/airflow/example_dags/example_skip_dag.py
[2023-03-21T15:32:00.779+0000] {processor.py:753} INFO - DAG(s) dict_keys(['example_skip_dag']) retrieved from /home/airflow/.local/lib/python3.7/site-packages/airflow/example_dags/example_skip_dag.py
[2023-03-21T15:32:00.799+0000] {logging_mixin.py:137} INFO - [2023-03-21T15:32:00.799+0000] {dag.py:2693} INFO - Sync 1 DAGs
[2023-03-21T15:32:00.816+0000] {logging_mixin.py:137} INFO - [2023-03-21T15:32:00.816+0000] {dag.py:3444} INFO - Setting next_dagrun for example_skip_dag to 2023-03-20T15:32:00.816462+00:00, run_after=2023-03-21T15:32:00.816462+00:00
[2023-03-21T15:32:00.827+0000] {processor.py:175} INFO - Processing /home/airflow/.local/lib/python3.7/site-packages/airflow/example_dags/example_skip_dag.py took 0.063 seconds
[2023-03-21T16:52:57.545+0000] {processor.py:153} INFO - Started process (PID=68) to work on /home/airflow/.local/lib/python3.7/site-packages/airflow/example_dags/example_skip_dag.py
[2023-03-21T16:52:57.547+0000] {processor.py:743} INFO - Processing file /home/airflow/.local/lib/python3.7/site-packages/airflow/example_dags/example_skip_dag.py for tasks to queue
[2023-03-21T16:52:57.549+0000] {logging_mixin.py:137} INFO - [2023-03-21T16:52:57.549+0000] {dagbag.py:532} INFO - Filling up the DagBag from /home/airflow/.local/lib/python3.7/site-packages/airflow/example_dags/example_skip_dag.py
[2023-03-21T16:52:57.567+0000] {processor.py:753} INFO - DAG(s) dict_keys(['example_skip_dag']) retrieved from /home/airflow/.local/lib/python3.7/site-packages/airflow/example_dags/example_skip_dag.py
[2023-03-21T16:52:57.613+0000] {logging_mixin.py:137} INFO - [2023-03-21T16:52:57.613+0000] {dag.py:2693} INFO - Sync 1 DAGs
[2023-03-21T16:52:57.665+0000] {logging_mixin.py:137} INFO - [2023-03-21T16:52:57.664+0000] {dag.py:3444} INFO - Setting next_dagrun for example_skip_dag to 2023-03-20T16:52:57.664242+00:00, run_after=2023-03-21T16:52:57.664242+00:00
[2023-03-21T16:52:57.694+0000] {processor.py:175} INFO - Processing /home/airflow/.local/lib/python3.7/site-packages/airflow/example_dags/example_skip_dag.py took 0.167 seconds
[2023-03-21T16:53:28.739+0000] {processor.py:153} INFO - Started process (PID=117) to work on /home/airflow/.local/lib/python3.7/site-packages/airflow/example_dags/example_skip_dag.py
[2023-03-21T16:53:28.741+0000] {processor.py:743} INFO - Processing file /home/airflow/.local/lib/python3.7/site-packages/airflow/example_dags/example_skip_dag.py for tasks to queue
[2023-03-21T16:53:28.742+0000] {logging_mixin.py:137} INFO - [2023-03-21T16:53:28.742+0000] {dagbag.py:532} INFO - Filling up the DagBag from /home/airflow/.local/lib/python3.7/site-packages/airflow/example_dags/example_skip_dag.py
[2023-03-21T16:53:28.763+0000] {processor.py:753} INFO - DAG(s) dict_keys(['example_skip_dag']) retrieved from /home/airflow/.local/lib/python3.7/site-packages/airflow/example_dags/example_skip_dag.py
[2023-03-21T16:53:28.794+0000] {logging_mixin.py:137} INFO - [2023-03-21T16:53:28.794+0000] {dag.py:2693} INFO - Sync 1 DAGs
[2023-03-21T16:53:28.814+0000] {logging_mixin.py:137} INFO - [2023-03-21T16:53:28.814+0000] {dag.py:3444} INFO - Setting next_dagrun for example_skip_dag to 2023-03-20T16:53:28.814546+00:00, run_after=2023-03-21T16:53:28.814546+00:00
[2023-03-21T16:53:28.827+0000] {processor.py:175} INFO - Processing /home/airflow/.local/lib/python3.7/site-packages/airflow/example_dags/example_skip_dag.py took 0.094 seconds
[2023-03-21T16:53:59.605+0000] {processor.py:153} INFO - Started process (PID=171) to work on /home/airflow/.local/lib/python3.7/site-packages/airflow/example_dags/example_skip_dag.py
[2023-03-21T16:53:59.607+0000] {processor.py:743} INFO - Processing file /home/airflow/.local/lib/python3.7/site-packages/airflow/example_dags/example_skip_dag.py for tasks to queue
[2023-03-21T16:53:59.607+0000] {logging_mixin.py:137} INFO - [2023-03-21T16:53:59.607+0000] {dagbag.py:532} INFO - Filling up the DagBag from /home/airflow/.local/lib/python3.7/site-packages/airflow/example_dags/example_skip_dag.py
[2023-03-21T16:53:59.618+0000] {processor.py:753} INFO - DAG(s) dict_keys(['example_skip_dag']) retrieved from /home/airflow/.local/lib/python3.7/site-packages/airflow/example_dags/example_skip_dag.py
[2023-03-21T16:53:59.640+0000] {logging_mixin.py:137} INFO - [2023-03-21T16:53:59.640+0000] {dag.py:2693} INFO - Sync 1 DAGs
[2023-03-21T16:53:59.657+0000] {logging_mixin.py:137} INFO - [2023-03-21T16:53:59.656+0000] {dag.py:3444} INFO - Setting next_dagrun for example_skip_dag to 2023-03-20T16:53:59.656721+00:00, run_after=2023-03-21T16:53:59.656721+00:00
[2023-03-21T16:53:59.668+0000] {processor.py:175} INFO - Processing /home/airflow/.local/lib/python3.7/site-packages/airflow/example_dags/example_skip_dag.py took 0.065 seconds
[2023-03-21T16:54:35.194+0000] {processor.py:153} INFO - Started process (PID=221) to work on /home/airflow/.local/lib/python3.7/site-packages/airflow/example_dags/example_skip_dag.py
[2023-03-21T16:54:35.196+0000] {processor.py:743} INFO - Processing file /home/airflow/.local/lib/python3.7/site-packages/airflow/example_dags/example_skip_dag.py for tasks to queue
[2023-03-21T16:54:35.197+0000] {logging_mixin.py:137} INFO - [2023-03-21T16:54:35.197+0000] {dagbag.py:532} INFO - Filling up the DagBag from /home/airflow/.local/lib/python3.7/site-packages/airflow/example_dags/example_skip_dag.py
[2023-03-21T16:54:35.212+0000] {processor.py:753} INFO - DAG(s) dict_keys(['example_skip_dag']) retrieved from /home/airflow/.local/lib/python3.7/site-packages/airflow/example_dags/example_skip_dag.py
[2023-03-21T16:54:35.235+0000] {logging_mixin.py:137} INFO - [2023-03-21T16:54:35.235+0000] {dag.py:2693} INFO - Sync 1 DAGs
[2023-03-21T16:54:35.255+0000] {logging_mixin.py:137} INFO - [2023-03-21T16:54:35.255+0000] {dag.py:3444} INFO - Setting next_dagrun for example_skip_dag to 2023-03-20T16:54:35.255434+00:00, run_after=2023-03-21T16:54:35.255434+00:00
[2023-03-21T16:54:35.269+0000] {processor.py:175} INFO - Processing /home/airflow/.local/lib/python3.7/site-packages/airflow/example_dags/example_skip_dag.py took 0.080 seconds
[2023-03-21T16:55:05.621+0000] {processor.py:153} INFO - Started process (PID=270) to work on /home/airflow/.local/lib/python3.7/site-packages/airflow/example_dags/example_skip_dag.py
[2023-03-21T16:55:05.623+0000] {processor.py:743} INFO - Processing file /home/airflow/.local/lib/python3.7/site-packages/airflow/example_dags/example_skip_dag.py for tasks to queue
[2023-03-21T16:55:05.624+0000] {logging_mixin.py:137} INFO - [2023-03-21T16:55:05.623+0000] {dagbag.py:532} INFO - Filling up the DagBag from /home/airflow/.local/lib/python3.7/site-packages/airflow/example_dags/example_skip_dag.py
[2023-03-21T16:55:05.635+0000] {processor.py:753} INFO - DAG(s) dict_keys(['example_skip_dag']) retrieved from /home/airflow/.local/lib/python3.7/site-packages/airflow/example_dags/example_skip_dag.py
[2023-03-21T16:55:05.656+0000] {logging_mixin.py:137} INFO - [2023-03-21T16:55:05.656+0000] {dag.py:2693} INFO - Sync 1 DAGs
[2023-03-21T16:55:05.674+0000] {logging_mixin.py:137} INFO - [2023-03-21T16:55:05.674+0000] {dag.py:3444} INFO - Setting next_dagrun for example_skip_dag to 2023-03-20T16:55:05.674080+00:00, run_after=2023-03-21T16:55:05.674080+00:00
[2023-03-21T16:55:05.686+0000] {processor.py:175} INFO - Processing /home/airflow/.local/lib/python3.7/site-packages/airflow/example_dags/example_skip_dag.py took 0.069 seconds
[2023-03-21T16:55:36.761+0000] {processor.py:153} INFO - Started process (PID=320) to work on /home/airflow/.local/lib/python3.7/site-packages/airflow/example_dags/example_skip_dag.py
[2023-03-21T16:55:36.763+0000] {processor.py:743} INFO - Processing file /home/airflow/.local/lib/python3.7/site-packages/airflow/example_dags/example_skip_dag.py for tasks to queue
[2023-03-21T16:55:36.764+0000] {logging_mixin.py:137} INFO - [2023-03-21T16:55:36.763+0000] {dagbag.py:532} INFO - Filling up the DagBag from /home/airflow/.local/lib/python3.7/site-packages/airflow/example_dags/example_skip_dag.py
[2023-03-21T16:55:36.775+0000] {processor.py:753} INFO - DAG(s) dict_keys(['example_skip_dag']) retrieved from /home/airflow/.local/lib/python3.7/site-packages/airflow/example_dags/example_skip_dag.py
[2023-03-21T16:55:36.796+0000] {logging_mixin.py:137} INFO - [2023-03-21T16:55:36.796+0000] {dag.py:2693} INFO - Sync 1 DAGs
[2023-03-21T16:55:36.812+0000] {logging_mixin.py:137} INFO - [2023-03-21T16:55:36.812+0000] {dag.py:3444} INFO - Setting next_dagrun for example_skip_dag to 2023-03-20T16:55:36.812669+00:00, run_after=2023-03-21T16:55:36.812669+00:00
[2023-03-21T16:55:36.826+0000] {processor.py:175} INFO - Processing /home/airflow/.local/lib/python3.7/site-packages/airflow/example_dags/example_skip_dag.py took 0.069 seconds
[2023-03-21T16:56:07.731+0000] {processor.py:153} INFO - Started process (PID=370) to work on /home/airflow/.local/lib/python3.7/site-packages/airflow/example_dags/example_skip_dag.py
[2023-03-21T16:56:07.732+0000] {processor.py:743} INFO - Processing file /home/airflow/.local/lib/python3.7/site-packages/airflow/example_dags/example_skip_dag.py for tasks to queue
[2023-03-21T16:56:07.733+0000] {logging_mixin.py:137} INFO - [2023-03-21T16:56:07.733+0000] {dagbag.py:532} INFO - Filling up the DagBag from /home/airflow/.local/lib/python3.7/site-packages/airflow/example_dags/example_skip_dag.py
[2023-03-21T16:56:07.744+0000] {processor.py:753} INFO - DAG(s) dict_keys(['example_skip_dag']) retrieved from /home/airflow/.local/lib/python3.7/site-packages/airflow/example_dags/example_skip_dag.py
[2023-03-21T16:56:07.764+0000] {logging_mixin.py:137} INFO - [2023-03-21T16:56:07.764+0000] {dag.py:2693} INFO - Sync 1 DAGs
[2023-03-21T16:56:07.781+0000] {logging_mixin.py:137} INFO - [2023-03-21T16:56:07.781+0000] {dag.py:3444} INFO - Setting next_dagrun for example_skip_dag to 2023-03-20T16:56:07.781418+00:00, run_after=2023-03-21T16:56:07.781418+00:00
[2023-03-21T16:56:07.793+0000] {processor.py:175} INFO - Processing /home/airflow/.local/lib/python3.7/site-packages/airflow/example_dags/example_skip_dag.py took 0.064 seconds
[2023-03-21T16:56:37.977+0000] {processor.py:153} INFO - Started process (PID=421) to work on /home/airflow/.local/lib/python3.7/site-packages/airflow/example_dags/example_skip_dag.py
[2023-03-21T16:56:37.979+0000] {processor.py:743} INFO - Processing file /home/airflow/.local/lib/python3.7/site-packages/airflow/example_dags/example_skip_dag.py for tasks to queue
[2023-03-21T16:56:37.981+0000] {logging_mixin.py:137} INFO - [2023-03-21T16:56:37.980+0000] {dagbag.py:532} INFO - Filling up the DagBag from /home/airflow/.local/lib/python3.7/site-packages/airflow/example_dags/example_skip_dag.py
[2023-03-21T16:56:37.993+0000] {processor.py:753} INFO - DAG(s) dict_keys(['example_skip_dag']) retrieved from /home/airflow/.local/lib/python3.7/site-packages/airflow/example_dags/example_skip_dag.py
[2023-03-21T16:56:38.014+0000] {logging_mixin.py:137} INFO - [2023-03-21T16:56:38.014+0000] {dag.py:2693} INFO - Sync 1 DAGs
[2023-03-21T16:56:38.030+0000] {logging_mixin.py:137} INFO - [2023-03-21T16:56:38.029+0000] {dag.py:3444} INFO - Setting next_dagrun for example_skip_dag to 2023-03-20T16:56:38.029816+00:00, run_after=2023-03-21T16:56:38.029816+00:00
[2023-03-21T16:56:38.042+0000] {processor.py:175} INFO - Processing /home/airflow/.local/lib/python3.7/site-packages/airflow/example_dags/example_skip_dag.py took 0.068 seconds
[2023-03-21T16:57:08.257+0000] {processor.py:153} INFO - Started process (PID=472) to work on /home/airflow/.local/lib/python3.7/site-packages/airflow/example_dags/example_skip_dag.py
[2023-03-21T16:57:08.258+0000] {processor.py:743} INFO - Processing file /home/airflow/.local/lib/python3.7/site-packages/airflow/example_dags/example_skip_dag.py for tasks to queue
[2023-03-21T16:57:08.259+0000] {logging_mixin.py:137} INFO - [2023-03-21T16:57:08.259+0000] {dagbag.py:532} INFO - Filling up the DagBag from /home/airflow/.local/lib/python3.7/site-packages/airflow/example_dags/example_skip_dag.py
[2023-03-21T16:57:08.272+0000] {processor.py:753} INFO - DAG(s) dict_keys(['example_skip_dag']) retrieved from /home/airflow/.local/lib/python3.7/site-packages/airflow/example_dags/example_skip_dag.py
[2023-03-21T16:57:08.303+0000] {logging_mixin.py:137} INFO - [2023-03-21T16:57:08.303+0000] {dag.py:2693} INFO - Sync 1 DAGs
[2023-03-21T16:57:08.330+0000] {logging_mixin.py:137} INFO - [2023-03-21T16:57:08.330+0000] {dag.py:3444} INFO - Setting next_dagrun for example_skip_dag to 2023-03-20T16:57:08.330541+00:00, run_after=2023-03-21T16:57:08.330541+00:00
[2023-03-21T16:57:08.349+0000] {processor.py:175} INFO - Processing /home/airflow/.local/lib/python3.7/site-packages/airflow/example_dags/example_skip_dag.py took 0.096 seconds
[2023-03-21T16:57:39.290+0000] {processor.py:153} INFO - Started process (PID=522) to work on /home/airflow/.local/lib/python3.7/site-packages/airflow/example_dags/example_skip_dag.py
[2023-03-21T16:57:39.291+0000] {processor.py:743} INFO - Processing file /home/airflow/.local/lib/python3.7/site-packages/airflow/example_dags/example_skip_dag.py for tasks to queue
[2023-03-21T16:57:39.293+0000] {logging_mixin.py:137} INFO - [2023-03-21T16:57:39.293+0000] {dagbag.py:532} INFO - Filling up the DagBag from /home/airflow/.local/lib/python3.7/site-packages/airflow/example_dags/example_skip_dag.py
[2023-03-21T16:57:39.303+0000] {processor.py:753} INFO - DAG(s) dict_keys(['example_skip_dag']) retrieved from /home/airflow/.local/lib/python3.7/site-packages/airflow/example_dags/example_skip_dag.py
[2023-03-21T16:57:39.323+0000] {logging_mixin.py:137} INFO - [2023-03-21T16:57:39.323+0000] {dag.py:2693} INFO - Sync 1 DAGs
[2023-03-21T16:57:39.340+0000] {logging_mixin.py:137} INFO - [2023-03-21T16:57:39.340+0000] {dag.py:3444} INFO - Setting next_dagrun for example_skip_dag to 2023-03-20T16:57:39.340642+00:00, run_after=2023-03-21T16:57:39.340642+00:00
[2023-03-21T16:57:39.352+0000] {processor.py:175} INFO - Processing /home/airflow/.local/lib/python3.7/site-packages/airflow/example_dags/example_skip_dag.py took 0.065 seconds
[2023-03-21T16:58:09.855+0000] {processor.py:153} INFO - Started process (PID=572) to work on /home/airflow/.local/lib/python3.7/site-packages/airflow/example_dags/example_skip_dag.py
[2023-03-21T16:58:09.856+0000] {processor.py:743} INFO - Processing file /home/airflow/.local/lib/python3.7/site-packages/airflow/example_dags/example_skip_dag.py for tasks to queue
[2023-03-21T16:58:09.857+0000] {logging_mixin.py:137} INFO - [2023-03-21T16:58:09.857+0000] {dagbag.py:532} INFO - Filling up the DagBag from /home/airflow/.local/lib/python3.7/site-packages/airflow/example_dags/example_skip_dag.py
[2023-03-21T16:58:09.867+0000] {processor.py:753} INFO - DAG(s) dict_keys(['example_skip_dag']) retrieved from /home/airflow/.local/lib/python3.7/site-packages/airflow/example_dags/example_skip_dag.py
[2023-03-21T16:58:09.885+0000] {logging_mixin.py:137} INFO - [2023-03-21T16:58:09.885+0000] {dag.py:2693} INFO - Sync 1 DAGs
[2023-03-21T16:58:09.901+0000] {logging_mixin.py:137} INFO - [2023-03-21T16:58:09.901+0000] {dag.py:3444} INFO - Setting next_dagrun for example_skip_dag to 2023-03-20T16:58:09.900843+00:00, run_after=2023-03-21T16:58:09.900843+00:00
[2023-03-21T16:58:09.911+0000] {processor.py:175} INFO - Processing /home/airflow/.local/lib/python3.7/site-packages/airflow/example_dags/example_skip_dag.py took 0.059 seconds
[2023-03-21T16:58:40.564+0000] {processor.py:153} INFO - Started process (PID=622) to work on /home/airflow/.local/lib/python3.7/site-packages/airflow/example_dags/example_skip_dag.py
[2023-03-21T16:58:40.565+0000] {processor.py:743} INFO - Processing file /home/airflow/.local/lib/python3.7/site-packages/airflow/example_dags/example_skip_dag.py for tasks to queue
[2023-03-21T16:58:40.566+0000] {logging_mixin.py:137} INFO - [2023-03-21T16:58:40.566+0000] {dagbag.py:532} INFO - Filling up the DagBag from /home/airflow/.local/lib/python3.7/site-packages/airflow/example_dags/example_skip_dag.py
[2023-03-21T16:58:40.577+0000] {processor.py:753} INFO - DAG(s) dict_keys(['example_skip_dag']) retrieved from /home/airflow/.local/lib/python3.7/site-packages/airflow/example_dags/example_skip_dag.py
[2023-03-21T16:58:40.597+0000] {logging_mixin.py:137} INFO - [2023-03-21T16:58:40.597+0000] {dag.py:2693} INFO - Sync 1 DAGs
[2023-03-21T16:58:40.614+0000] {logging_mixin.py:137} INFO - [2023-03-21T16:58:40.614+0000] {dag.py:3444} INFO - Setting next_dagrun for example_skip_dag to 2023-03-20T16:58:40.613908+00:00, run_after=2023-03-21T16:58:40.613908+00:00
[2023-03-21T16:58:40.626+0000] {processor.py:175} INFO - Processing /home/airflow/.local/lib/python3.7/site-packages/airflow/example_dags/example_skip_dag.py took 0.064 seconds
[2023-03-21T16:59:11.319+0000] {processor.py:153} INFO - Started process (PID=672) to work on /home/airflow/.local/lib/python3.7/site-packages/airflow/example_dags/example_skip_dag.py
[2023-03-21T16:59:11.321+0000] {processor.py:743} INFO - Processing file /home/airflow/.local/lib/python3.7/site-packages/airflow/example_dags/example_skip_dag.py for tasks to queue
[2023-03-21T16:59:11.322+0000] {logging_mixin.py:137} INFO - [2023-03-21T16:59:11.322+0000] {dagbag.py:532} INFO - Filling up the DagBag from /home/airflow/.local/lib/python3.7/site-packages/airflow/example_dags/example_skip_dag.py
[2023-03-21T16:59:11.336+0000] {processor.py:753} INFO - DAG(s) dict_keys(['example_skip_dag']) retrieved from /home/airflow/.local/lib/python3.7/site-packages/airflow/example_dags/example_skip_dag.py
[2023-03-21T16:59:11.369+0000] {logging_mixin.py:137} INFO - [2023-03-21T16:59:11.369+0000] {dag.py:2693} INFO - Sync 1 DAGs
[2023-03-21T16:59:11.393+0000] {logging_mixin.py:137} INFO - [2023-03-21T16:59:11.393+0000] {dag.py:3444} INFO - Setting next_dagrun for example_skip_dag to 2023-03-20T16:59:11.392726+00:00, run_after=2023-03-21T16:59:11.392726+00:00
[2023-03-21T16:59:11.420+0000] {processor.py:175} INFO - Processing /home/airflow/.local/lib/python3.7/site-packages/airflow/example_dags/example_skip_dag.py took 0.104 seconds
[2023-03-21T16:59:42.152+0000] {processor.py:153} INFO - Started process (PID=722) to work on /home/airflow/.local/lib/python3.7/site-packages/airflow/example_dags/example_skip_dag.py
[2023-03-21T16:59:42.154+0000] {processor.py:743} INFO - Processing file /home/airflow/.local/lib/python3.7/site-packages/airflow/example_dags/example_skip_dag.py for tasks to queue
[2023-03-21T16:59:42.154+0000] {logging_mixin.py:137} INFO - [2023-03-21T16:59:42.154+0000] {dagbag.py:532} INFO - Filling up the DagBag from /home/airflow/.local/lib/python3.7/site-packages/airflow/example_dags/example_skip_dag.py
[2023-03-21T16:59:42.165+0000] {processor.py:753} INFO - DAG(s) dict_keys(['example_skip_dag']) retrieved from /home/airflow/.local/lib/python3.7/site-packages/airflow/example_dags/example_skip_dag.py
[2023-03-21T16:59:42.187+0000] {logging_mixin.py:137} INFO - [2023-03-21T16:59:42.187+0000] {dag.py:2693} INFO - Sync 1 DAGs
[2023-03-21T16:59:42.203+0000] {logging_mixin.py:137} INFO - [2023-03-21T16:59:42.203+0000] {dag.py:3444} INFO - Setting next_dagrun for example_skip_dag to 2023-03-20T16:59:42.203580+00:00, run_after=2023-03-21T16:59:42.203580+00:00
[2023-03-21T16:59:42.215+0000] {processor.py:175} INFO - Processing /home/airflow/.local/lib/python3.7/site-packages/airflow/example_dags/example_skip_dag.py took 0.066 seconds
[2023-03-21T17:00:13.129+0000] {processor.py:153} INFO - Started process (PID=772) to work on /home/airflow/.local/lib/python3.7/site-packages/airflow/example_dags/example_skip_dag.py
[2023-03-21T17:00:13.131+0000] {processor.py:743} INFO - Processing file /home/airflow/.local/lib/python3.7/site-packages/airflow/example_dags/example_skip_dag.py for tasks to queue
[2023-03-21T17:00:13.132+0000] {logging_mixin.py:137} INFO - [2023-03-21T17:00:13.132+0000] {dagbag.py:532} INFO - Filling up the DagBag from /home/airflow/.local/lib/python3.7/site-packages/airflow/example_dags/example_skip_dag.py
[2023-03-21T17:00:13.150+0000] {processor.py:753} INFO - DAG(s) dict_keys(['example_skip_dag']) retrieved from /home/airflow/.local/lib/python3.7/site-packages/airflow/example_dags/example_skip_dag.py
[2023-03-21T17:00:13.187+0000] {logging_mixin.py:137} INFO - [2023-03-21T17:00:13.187+0000] {dag.py:2693} INFO - Sync 1 DAGs
[2023-03-21T17:00:13.211+0000] {logging_mixin.py:137} INFO - [2023-03-21T17:00:13.211+0000] {dag.py:3444} INFO - Setting next_dagrun for example_skip_dag to 2023-03-20T17:00:13.210984+00:00, run_after=2023-03-21T17:00:13.210984+00:00
[2023-03-21T17:00:13.232+0000] {processor.py:175} INFO - Processing /home/airflow/.local/lib/python3.7/site-packages/airflow/example_dags/example_skip_dag.py took 0.106 seconds
[2023-03-21T17:00:44.010+0000] {processor.py:153} INFO - Started process (PID=822) to work on /home/airflow/.local/lib/python3.7/site-packages/airflow/example_dags/example_skip_dag.py
[2023-03-21T17:00:44.011+0000] {processor.py:743} INFO - Processing file /home/airflow/.local/lib/python3.7/site-packages/airflow/example_dags/example_skip_dag.py for tasks to queue
[2023-03-21T17:00:44.012+0000] {logging_mixin.py:137} INFO - [2023-03-21T17:00:44.011+0000] {dagbag.py:532} INFO - Filling up the DagBag from /home/airflow/.local/lib/python3.7/site-packages/airflow/example_dags/example_skip_dag.py
[2023-03-21T17:00:44.024+0000] {processor.py:753} INFO - DAG(s) dict_keys(['example_skip_dag']) retrieved from /home/airflow/.local/lib/python3.7/site-packages/airflow/example_dags/example_skip_dag.py
[2023-03-21T17:00:44.048+0000] {logging_mixin.py:137} INFO - [2023-03-21T17:00:44.048+0000] {dag.py:2693} INFO - Sync 1 DAGs
[2023-03-21T17:00:44.065+0000] {logging_mixin.py:137} INFO - [2023-03-21T17:00:44.065+0000] {dag.py:3444} INFO - Setting next_dagrun for example_skip_dag to 2023-03-20T17:00:44.064961+00:00, run_after=2023-03-21T17:00:44.064961+00:00
[2023-03-21T17:00:44.077+0000] {processor.py:175} INFO - Processing /home/airflow/.local/lib/python3.7/site-packages/airflow/example_dags/example_skip_dag.py took 0.070 seconds
[2023-03-21T17:01:14.852+0000] {processor.py:153} INFO - Started process (PID=872) to work on /home/airflow/.local/lib/python3.7/site-packages/airflow/example_dags/example_skip_dag.py
[2023-03-21T17:01:14.853+0000] {processor.py:743} INFO - Processing file /home/airflow/.local/lib/python3.7/site-packages/airflow/example_dags/example_skip_dag.py for tasks to queue
[2023-03-21T17:01:14.853+0000] {logging_mixin.py:137} INFO - [2023-03-21T17:01:14.853+0000] {dagbag.py:532} INFO - Filling up the DagBag from /home/airflow/.local/lib/python3.7/site-packages/airflow/example_dags/example_skip_dag.py
[2023-03-21T17:01:14.864+0000] {processor.py:753} INFO - DAG(s) dict_keys(['example_skip_dag']) retrieved from /home/airflow/.local/lib/python3.7/site-packages/airflow/example_dags/example_skip_dag.py
[2023-03-21T17:01:14.884+0000] {logging_mixin.py:137} INFO - [2023-03-21T17:01:14.884+0000] {dag.py:2693} INFO - Sync 1 DAGs
[2023-03-21T17:01:14.902+0000] {logging_mixin.py:137} INFO - [2023-03-21T17:01:14.902+0000] {dag.py:3444} INFO - Setting next_dagrun for example_skip_dag to 2023-03-20T17:01:14.902497+00:00, run_after=2023-03-21T17:01:14.902497+00:00
[2023-03-21T17:01:14.915+0000] {processor.py:175} INFO - Processing /home/airflow/.local/lib/python3.7/site-packages/airflow/example_dags/example_skip_dag.py took 0.066 seconds
[2023-03-21T17:01:45.476+0000] {processor.py:153} INFO - Started process (PID=922) to work on /home/airflow/.local/lib/python3.7/site-packages/airflow/example_dags/example_skip_dag.py
[2023-03-21T17:01:45.477+0000] {processor.py:743} INFO - Processing file /home/airflow/.local/lib/python3.7/site-packages/airflow/example_dags/example_skip_dag.py for tasks to queue
[2023-03-21T17:01:45.478+0000] {logging_mixin.py:137} INFO - [2023-03-21T17:01:45.478+0000] {dagbag.py:532} INFO - Filling up the DagBag from /home/airflow/.local/lib/python3.7/site-packages/airflow/example_dags/example_skip_dag.py
[2023-03-21T17:01:45.488+0000] {processor.py:753} INFO - DAG(s) dict_keys(['example_skip_dag']) retrieved from /home/airflow/.local/lib/python3.7/site-packages/airflow/example_dags/example_skip_dag.py
[2023-03-21T17:01:45.507+0000] {logging_mixin.py:137} INFO - [2023-03-21T17:01:45.507+0000] {dag.py:2693} INFO - Sync 1 DAGs
[2023-03-21T17:01:45.524+0000] {logging_mixin.py:137} INFO - [2023-03-21T17:01:45.524+0000] {dag.py:3444} INFO - Setting next_dagrun for example_skip_dag to 2023-03-20T17:01:45.524042+00:00, run_after=2023-03-21T17:01:45.524042+00:00
[2023-03-21T17:01:45.535+0000] {processor.py:175} INFO - Processing /home/airflow/.local/lib/python3.7/site-packages/airflow/example_dags/example_skip_dag.py took 0.061 seconds
[2023-03-21T17:02:16.133+0000] {processor.py:153} INFO - Started process (PID=972) to work on /home/airflow/.local/lib/python3.7/site-packages/airflow/example_dags/example_skip_dag.py
[2023-03-21T17:02:16.134+0000] {processor.py:743} INFO - Processing file /home/airflow/.local/lib/python3.7/site-packages/airflow/example_dags/example_skip_dag.py for tasks to queue
[2023-03-21T17:02:16.135+0000] {logging_mixin.py:137} INFO - [2023-03-21T17:02:16.135+0000] {dagbag.py:532} INFO - Filling up the DagBag from /home/airflow/.local/lib/python3.7/site-packages/airflow/example_dags/example_skip_dag.py
[2023-03-21T17:02:16.147+0000] {processor.py:753} INFO - DAG(s) dict_keys(['example_skip_dag']) retrieved from /home/airflow/.local/lib/python3.7/site-packages/airflow/example_dags/example_skip_dag.py
[2023-03-21T17:02:16.169+0000] {logging_mixin.py:137} INFO - [2023-03-21T17:02:16.168+0000] {dag.py:2693} INFO - Sync 1 DAGs
[2023-03-21T17:02:16.185+0000] {logging_mixin.py:137} INFO - [2023-03-21T17:02:16.185+0000] {dag.py:3444} INFO - Setting next_dagrun for example_skip_dag to 2023-03-20T17:02:16.185592+00:00, run_after=2023-03-21T17:02:16.185592+00:00
[2023-03-21T17:02:16.198+0000] {processor.py:175} INFO - Processing /home/airflow/.local/lib/python3.7/site-packages/airflow/example_dags/example_skip_dag.py took 0.069 seconds
[2023-03-21T17:02:47.243+0000] {processor.py:153} INFO - Started process (PID=1022) to work on /home/airflow/.local/lib/python3.7/site-packages/airflow/example_dags/example_skip_dag.py
[2023-03-21T17:02:47.244+0000] {processor.py:743} INFO - Processing file /home/airflow/.local/lib/python3.7/site-packages/airflow/example_dags/example_skip_dag.py for tasks to queue
[2023-03-21T17:02:47.245+0000] {logging_mixin.py:137} INFO - [2023-03-21T17:02:47.245+0000] {dagbag.py:532} INFO - Filling up the DagBag from /home/airflow/.local/lib/python3.7/site-packages/airflow/example_dags/example_skip_dag.py
[2023-03-21T17:02:47.256+0000] {processor.py:753} INFO - DAG(s) dict_keys(['example_skip_dag']) retrieved from /home/airflow/.local/lib/python3.7/site-packages/airflow/example_dags/example_skip_dag.py
[2023-03-21T17:02:47.292+0000] {logging_mixin.py:137} INFO - [2023-03-21T17:02:47.292+0000] {dag.py:2693} INFO - Sync 1 DAGs
[2023-03-21T17:02:47.318+0000] {logging_mixin.py:137} INFO - [2023-03-21T17:02:47.318+0000] {dag.py:3444} INFO - Setting next_dagrun for example_skip_dag to 2023-03-20T17:02:47.317960+00:00, run_after=2023-03-21T17:02:47.317960+00:00
[2023-03-21T17:02:47.341+0000] {processor.py:175} INFO - Processing /home/airflow/.local/lib/python3.7/site-packages/airflow/example_dags/example_skip_dag.py took 0.102 seconds
[2023-03-21T17:03:17.376+0000] {processor.py:153} INFO - Started process (PID=1072) to work on /home/airflow/.local/lib/python3.7/site-packages/airflow/example_dags/example_skip_dag.py
[2023-03-21T17:03:17.377+0000] {processor.py:743} INFO - Processing file /home/airflow/.local/lib/python3.7/site-packages/airflow/example_dags/example_skip_dag.py for tasks to queue
[2023-03-21T17:03:17.378+0000] {logging_mixin.py:137} INFO - [2023-03-21T17:03:17.378+0000] {dagbag.py:532} INFO - Filling up the DagBag from /home/airflow/.local/lib/python3.7/site-packages/airflow/example_dags/example_skip_dag.py
[2023-03-21T17:03:17.389+0000] {processor.py:753} INFO - DAG(s) dict_keys(['example_skip_dag']) retrieved from /home/airflow/.local/lib/python3.7/site-packages/airflow/example_dags/example_skip_dag.py
[2023-03-21T17:03:17.409+0000] {logging_mixin.py:137} INFO - [2023-03-21T17:03:17.409+0000] {dag.py:2693} INFO - Sync 1 DAGs
[2023-03-21T17:03:17.424+0000] {logging_mixin.py:137} INFO - [2023-03-21T17:03:17.424+0000] {dag.py:3444} INFO - Setting next_dagrun for example_skip_dag to 2023-03-20T17:03:17.424731+00:00, run_after=2023-03-21T17:03:17.424731+00:00
[2023-03-21T17:03:17.436+0000] {processor.py:175} INFO - Processing /home/airflow/.local/lib/python3.7/site-packages/airflow/example_dags/example_skip_dag.py took 0.063 seconds
[2023-03-21T17:03:48.122+0000] {processor.py:153} INFO - Started process (PID=1122) to work on /home/airflow/.local/lib/python3.7/site-packages/airflow/example_dags/example_skip_dag.py
[2023-03-21T17:03:48.123+0000] {processor.py:743} INFO - Processing file /home/airflow/.local/lib/python3.7/site-packages/airflow/example_dags/example_skip_dag.py for tasks to queue
[2023-03-21T17:03:48.124+0000] {logging_mixin.py:137} INFO - [2023-03-21T17:03:48.124+0000] {dagbag.py:532} INFO - Filling up the DagBag from /home/airflow/.local/lib/python3.7/site-packages/airflow/example_dags/example_skip_dag.py
[2023-03-21T17:03:48.135+0000] {processor.py:753} INFO - DAG(s) dict_keys(['example_skip_dag']) retrieved from /home/airflow/.local/lib/python3.7/site-packages/airflow/example_dags/example_skip_dag.py
[2023-03-21T17:03:48.155+0000] {logging_mixin.py:137} INFO - [2023-03-21T17:03:48.155+0000] {dag.py:2693} INFO - Sync 1 DAGs
[2023-03-21T17:03:48.171+0000] {logging_mixin.py:137} INFO - [2023-03-21T17:03:48.171+0000] {dag.py:3444} INFO - Setting next_dagrun for example_skip_dag to 2023-03-20T17:03:48.171410+00:00, run_after=2023-03-21T17:03:48.171410+00:00
[2023-03-21T17:03:48.183+0000] {processor.py:175} INFO - Processing /home/airflow/.local/lib/python3.7/site-packages/airflow/example_dags/example_skip_dag.py took 0.064 seconds
[2023-03-21T17:04:18.949+0000] {processor.py:153} INFO - Started process (PID=1178) to work on /home/airflow/.local/lib/python3.7/site-packages/airflow/example_dags/example_skip_dag.py
[2023-03-21T17:04:18.950+0000] {processor.py:743} INFO - Processing file /home/airflow/.local/lib/python3.7/site-packages/airflow/example_dags/example_skip_dag.py for tasks to queue
[2023-03-21T17:04:18.951+0000] {logging_mixin.py:137} INFO - [2023-03-21T17:04:18.951+0000] {dagbag.py:532} INFO - Filling up the DagBag from /home/airflow/.local/lib/python3.7/site-packages/airflow/example_dags/example_skip_dag.py
[2023-03-21T17:04:18.961+0000] {processor.py:753} INFO - DAG(s) dict_keys(['example_skip_dag']) retrieved from /home/airflow/.local/lib/python3.7/site-packages/airflow/example_dags/example_skip_dag.py
[2023-03-21T17:04:18.981+0000] {logging_mixin.py:137} INFO - [2023-03-21T17:04:18.981+0000] {dag.py:2693} INFO - Sync 1 DAGs
[2023-03-21T17:04:18.999+0000] {logging_mixin.py:137} INFO - [2023-03-21T17:04:18.999+0000] {dag.py:3444} INFO - Setting next_dagrun for example_skip_dag to 2023-03-20T17:04:18.998988+00:00, run_after=2023-03-21T17:04:18.998988+00:00
[2023-03-21T17:04:19.011+0000] {processor.py:175} INFO - Processing /home/airflow/.local/lib/python3.7/site-packages/airflow/example_dags/example_skip_dag.py took 0.065 seconds
[2023-03-21T17:04:49.560+0000] {processor.py:153} INFO - Started process (PID=1228) to work on /home/airflow/.local/lib/python3.7/site-packages/airflow/example_dags/example_skip_dag.py
[2023-03-21T17:04:49.561+0000] {processor.py:743} INFO - Processing file /home/airflow/.local/lib/python3.7/site-packages/airflow/example_dags/example_skip_dag.py for tasks to queue
[2023-03-21T17:04:49.562+0000] {logging_mixin.py:137} INFO - [2023-03-21T17:04:49.561+0000] {dagbag.py:532} INFO - Filling up the DagBag from /home/airflow/.local/lib/python3.7/site-packages/airflow/example_dags/example_skip_dag.py
[2023-03-21T17:04:49.572+0000] {processor.py:753} INFO - DAG(s) dict_keys(['example_skip_dag']) retrieved from /home/airflow/.local/lib/python3.7/site-packages/airflow/example_dags/example_skip_dag.py
[2023-03-21T17:04:49.593+0000] {logging_mixin.py:137} INFO - [2023-03-21T17:04:49.593+0000] {dag.py:2693} INFO - Sync 1 DAGs
[2023-03-21T17:04:49.613+0000] {logging_mixin.py:137} INFO - [2023-03-21T17:04:49.613+0000] {dag.py:3444} INFO - Setting next_dagrun for example_skip_dag to 2023-03-20T17:04:49.613533+00:00, run_after=2023-03-21T17:04:49.613533+00:00
[2023-03-21T17:04:49.629+0000] {processor.py:175} INFO - Processing /home/airflow/.local/lib/python3.7/site-packages/airflow/example_dags/example_skip_dag.py took 0.072 seconds
[2023-03-21T17:05:20.434+0000] {processor.py:153} INFO - Started process (PID=1277) to work on /home/airflow/.local/lib/python3.7/site-packages/airflow/example_dags/example_skip_dag.py
[2023-03-21T17:05:20.435+0000] {processor.py:743} INFO - Processing file /home/airflow/.local/lib/python3.7/site-packages/airflow/example_dags/example_skip_dag.py for tasks to queue
[2023-03-21T17:05:20.436+0000] {logging_mixin.py:137} INFO - [2023-03-21T17:05:20.436+0000] {dagbag.py:532} INFO - Filling up the DagBag from /home/airflow/.local/lib/python3.7/site-packages/airflow/example_dags/example_skip_dag.py
[2023-03-21T17:05:20.446+0000] {processor.py:753} INFO - DAG(s) dict_keys(['example_skip_dag']) retrieved from /home/airflow/.local/lib/python3.7/site-packages/airflow/example_dags/example_skip_dag.py
[2023-03-21T17:05:20.467+0000] {logging_mixin.py:137} INFO - [2023-03-21T17:05:20.466+0000] {dag.py:2693} INFO - Sync 1 DAGs
[2023-03-21T17:05:20.484+0000] {logging_mixin.py:137} INFO - [2023-03-21T17:05:20.484+0000] {dag.py:3444} INFO - Setting next_dagrun for example_skip_dag to 2023-03-20T17:05:20.483919+00:00, run_after=2023-03-21T17:05:20.483919+00:00
[2023-03-21T17:05:20.496+0000] {processor.py:175} INFO - Processing /home/airflow/.local/lib/python3.7/site-packages/airflow/example_dags/example_skip_dag.py took 0.065 seconds
[2023-03-21T17:05:51.186+0000] {processor.py:153} INFO - Started process (PID=1327) to work on /home/airflow/.local/lib/python3.7/site-packages/airflow/example_dags/example_skip_dag.py
[2023-03-21T17:05:51.187+0000] {processor.py:743} INFO - Processing file /home/airflow/.local/lib/python3.7/site-packages/airflow/example_dags/example_skip_dag.py for tasks to queue
[2023-03-21T17:05:51.188+0000] {logging_mixin.py:137} INFO - [2023-03-21T17:05:51.188+0000] {dagbag.py:532} INFO - Filling up the DagBag from /home/airflow/.local/lib/python3.7/site-packages/airflow/example_dags/example_skip_dag.py
[2023-03-21T17:05:51.197+0000] {processor.py:753} INFO - DAG(s) dict_keys(['example_skip_dag']) retrieved from /home/airflow/.local/lib/python3.7/site-packages/airflow/example_dags/example_skip_dag.py
[2023-03-21T17:05:51.218+0000] {logging_mixin.py:137} INFO - [2023-03-21T17:05:51.218+0000] {dag.py:2693} INFO - Sync 1 DAGs
[2023-03-21T17:05:51.235+0000] {logging_mixin.py:137} INFO - [2023-03-21T17:05:51.235+0000] {dag.py:3444} INFO - Setting next_dagrun for example_skip_dag to 2023-03-20T17:05:51.235628+00:00, run_after=2023-03-21T17:05:51.235628+00:00
[2023-03-21T17:05:51.247+0000] {processor.py:175} INFO - Processing /home/airflow/.local/lib/python3.7/site-packages/airflow/example_dags/example_skip_dag.py took 0.064 seconds
[2023-03-21T17:06:22.038+0000] {processor.py:153} INFO - Started process (PID=1377) to work on /home/airflow/.local/lib/python3.7/site-packages/airflow/example_dags/example_skip_dag.py
[2023-03-21T17:06:22.039+0000] {processor.py:743} INFO - Processing file /home/airflow/.local/lib/python3.7/site-packages/airflow/example_dags/example_skip_dag.py for tasks to queue
[2023-03-21T17:06:22.040+0000] {logging_mixin.py:137} INFO - [2023-03-21T17:06:22.040+0000] {dagbag.py:532} INFO - Filling up the DagBag from /home/airflow/.local/lib/python3.7/site-packages/airflow/example_dags/example_skip_dag.py
[2023-03-21T17:06:22.051+0000] {processor.py:753} INFO - DAG(s) dict_keys(['example_skip_dag']) retrieved from /home/airflow/.local/lib/python3.7/site-packages/airflow/example_dags/example_skip_dag.py
[2023-03-21T17:06:22.072+0000] {logging_mixin.py:137} INFO - [2023-03-21T17:06:22.072+0000] {dag.py:2693} INFO - Sync 1 DAGs
[2023-03-21T17:06:22.090+0000] {logging_mixin.py:137} INFO - [2023-03-21T17:06:22.090+0000] {dag.py:3444} INFO - Setting next_dagrun for example_skip_dag to 2023-03-20T17:06:22.089880+00:00, run_after=2023-03-21T17:06:22.089880+00:00
[2023-03-21T17:06:22.102+0000] {processor.py:175} INFO - Processing /home/airflow/.local/lib/python3.7/site-packages/airflow/example_dags/example_skip_dag.py took 0.067 seconds
[2023-03-21T17:06:52.808+0000] {processor.py:153} INFO - Started process (PID=1427) to work on /home/airflow/.local/lib/python3.7/site-packages/airflow/example_dags/example_skip_dag.py
[2023-03-21T17:06:52.809+0000] {processor.py:743} INFO - Processing file /home/airflow/.local/lib/python3.7/site-packages/airflow/example_dags/example_skip_dag.py for tasks to queue
[2023-03-21T17:06:52.810+0000] {logging_mixin.py:137} INFO - [2023-03-21T17:06:52.810+0000] {dagbag.py:532} INFO - Filling up the DagBag from /home/airflow/.local/lib/python3.7/site-packages/airflow/example_dags/example_skip_dag.py
[2023-03-21T17:06:52.820+0000] {processor.py:753} INFO - DAG(s) dict_keys(['example_skip_dag']) retrieved from /home/airflow/.local/lib/python3.7/site-packages/airflow/example_dags/example_skip_dag.py
[2023-03-21T17:06:52.839+0000] {logging_mixin.py:137} INFO - [2023-03-21T17:06:52.839+0000] {dag.py:2693} INFO - Sync 1 DAGs
[2023-03-21T17:06:52.854+0000] {logging_mixin.py:137} INFO - [2023-03-21T17:06:52.854+0000] {dag.py:3444} INFO - Setting next_dagrun for example_skip_dag to 2023-03-20T17:06:52.854679+00:00, run_after=2023-03-21T17:06:52.854679+00:00
[2023-03-21T17:06:52.865+0000] {processor.py:175} INFO - Processing /home/airflow/.local/lib/python3.7/site-packages/airflow/example_dags/example_skip_dag.py took 0.059 seconds
[2023-03-21T17:16:19.008+0000] {processor.py:153} INFO - Started process (PID=68) to work on /home/airflow/.local/lib/python3.7/site-packages/airflow/example_dags/example_skip_dag.py
[2023-03-21T17:16:19.011+0000] {processor.py:743} INFO - Processing file /home/airflow/.local/lib/python3.7/site-packages/airflow/example_dags/example_skip_dag.py for tasks to queue
[2023-03-21T17:16:19.018+0000] {logging_mixin.py:137} INFO - [2023-03-21T17:16:19.017+0000] {dagbag.py:532} INFO - Filling up the DagBag from /home/airflow/.local/lib/python3.7/site-packages/airflow/example_dags/example_skip_dag.py
[2023-03-21T17:16:19.043+0000] {processor.py:753} INFO - DAG(s) dict_keys(['example_skip_dag']) retrieved from /home/airflow/.local/lib/python3.7/site-packages/airflow/example_dags/example_skip_dag.py
[2023-03-21T17:16:19.058+0000] {logging_mixin.py:137} INFO - [2023-03-21T17:16:19.057+0000] {dag.py:2693} INFO - Sync 1 DAGs
[2023-03-21T17:16:19.079+0000] {logging_mixin.py:137} INFO - [2023-03-21T17:16:19.079+0000] {dag.py:3444} INFO - Setting next_dagrun for example_skip_dag to 2023-03-20T17:16:19.079270+00:00, run_after=2023-03-21T17:16:19.079270+00:00
[2023-03-21T17:16:19.095+0000] {processor.py:175} INFO - Processing /home/airflow/.local/lib/python3.7/site-packages/airflow/example_dags/example_skip_dag.py took 0.093 seconds
[2023-03-21T17:16:49.861+0000] {processor.py:153} INFO - Started process (PID=118) to work on /home/airflow/.local/lib/python3.7/site-packages/airflow/example_dags/example_skip_dag.py
[2023-03-21T17:16:49.862+0000] {processor.py:743} INFO - Processing file /home/airflow/.local/lib/python3.7/site-packages/airflow/example_dags/example_skip_dag.py for tasks to queue
[2023-03-21T17:16:49.863+0000] {logging_mixin.py:137} INFO - [2023-03-21T17:16:49.863+0000] {dagbag.py:532} INFO - Filling up the DagBag from /home/airflow/.local/lib/python3.7/site-packages/airflow/example_dags/example_skip_dag.py
[2023-03-21T17:16:49.873+0000] {processor.py:753} INFO - DAG(s) dict_keys(['example_skip_dag']) retrieved from /home/airflow/.local/lib/python3.7/site-packages/airflow/example_dags/example_skip_dag.py
[2023-03-21T17:16:49.892+0000] {logging_mixin.py:137} INFO - [2023-03-21T17:16:49.892+0000] {dag.py:2693} INFO - Sync 1 DAGs
[2023-03-21T17:16:49.908+0000] {logging_mixin.py:137} INFO - [2023-03-21T17:16:49.908+0000] {dag.py:3444} INFO - Setting next_dagrun for example_skip_dag to 2023-03-20T17:16:49.908279+00:00, run_after=2023-03-21T17:16:49.908279+00:00
[2023-03-21T17:16:49.920+0000] {processor.py:175} INFO - Processing /home/airflow/.local/lib/python3.7/site-packages/airflow/example_dags/example_skip_dag.py took 0.062 seconds
[2023-03-21T17:17:23.402+0000] {processor.py:153} INFO - Started process (PID=168) to work on /home/airflow/.local/lib/python3.7/site-packages/airflow/example_dags/example_skip_dag.py
[2023-03-21T17:17:23.404+0000] {processor.py:743} INFO - Processing file /home/airflow/.local/lib/python3.7/site-packages/airflow/example_dags/example_skip_dag.py for tasks to queue
[2023-03-21T17:17:23.404+0000] {logging_mixin.py:137} INFO - [2023-03-21T17:17:23.404+0000] {dagbag.py:532} INFO - Filling up the DagBag from /home/airflow/.local/lib/python3.7/site-packages/airflow/example_dags/example_skip_dag.py
[2023-03-21T17:17:23.415+0000] {processor.py:753} INFO - DAG(s) dict_keys(['example_skip_dag']) retrieved from /home/airflow/.local/lib/python3.7/site-packages/airflow/example_dags/example_skip_dag.py
[2023-03-21T17:17:23.437+0000] {logging_mixin.py:137} INFO - [2023-03-21T17:17:23.437+0000] {dag.py:2693} INFO - Sync 1 DAGs
[2023-03-21T17:17:23.454+0000] {logging_mixin.py:137} INFO - [2023-03-21T17:17:23.454+0000] {dag.py:3444} INFO - Setting next_dagrun for example_skip_dag to 2023-03-20T17:17:23.453821+00:00, run_after=2023-03-21T17:17:23.453821+00:00
[2023-03-21T17:17:23.465+0000] {processor.py:175} INFO - Processing /home/airflow/.local/lib/python3.7/site-packages/airflow/example_dags/example_skip_dag.py took 0.066 seconds
[2023-03-21T17:17:54.081+0000] {processor.py:153} INFO - Started process (PID=217) to work on /home/airflow/.local/lib/python3.7/site-packages/airflow/example_dags/example_skip_dag.py
[2023-03-21T17:17:54.083+0000] {processor.py:743} INFO - Processing file /home/airflow/.local/lib/python3.7/site-packages/airflow/example_dags/example_skip_dag.py for tasks to queue
[2023-03-21T17:17:54.084+0000] {logging_mixin.py:137} INFO - [2023-03-21T17:17:54.084+0000] {dagbag.py:532} INFO - Filling up the DagBag from /home/airflow/.local/lib/python3.7/site-packages/airflow/example_dags/example_skip_dag.py
[2023-03-21T17:17:54.096+0000] {processor.py:753} INFO - DAG(s) dict_keys(['example_skip_dag']) retrieved from /home/airflow/.local/lib/python3.7/site-packages/airflow/example_dags/example_skip_dag.py
[2023-03-21T17:17:54.118+0000] {logging_mixin.py:137} INFO - [2023-03-21T17:17:54.118+0000] {dag.py:2693} INFO - Sync 1 DAGs
[2023-03-21T17:17:54.135+0000] {logging_mixin.py:137} INFO - [2023-03-21T17:17:54.135+0000] {dag.py:3444} INFO - Setting next_dagrun for example_skip_dag to 2023-03-20T17:17:54.135144+00:00, run_after=2023-03-21T17:17:54.135144+00:00
[2023-03-21T17:17:54.148+0000] {processor.py:175} INFO - Processing /home/airflow/.local/lib/python3.7/site-packages/airflow/example_dags/example_skip_dag.py took 0.071 seconds
