[2023-03-21T15:25:54.420+0000] {processor.py:153} INFO - Started process (PID=59) to work on /home/airflow/.local/lib/python3.7/site-packages/airflow/example_dags/example_branch_labels.py
[2023-03-21T15:25:54.422+0000] {processor.py:743} INFO - Processing file /home/airflow/.local/lib/python3.7/site-packages/airflow/example_dags/example_branch_labels.py for tasks to queue
[2023-03-21T15:25:54.423+0000] {logging_mixin.py:137} INFO - [2023-03-21T15:25:54.423+0000] {dagbag.py:532} INFO - Filling up the DagBag from /home/airflow/.local/lib/python3.7/site-packages/airflow/example_dags/example_branch_labels.py
[2023-03-21T15:25:54.460+0000] {processor.py:753} INFO - DAG(s) dict_keys(['example_branch_labels']) retrieved from /home/airflow/.local/lib/python3.7/site-packages/airflow/example_dags/example_branch_labels.py
[2023-03-21T15:25:54.477+0000] {logging_mixin.py:137} INFO - [2023-03-21T15:25:54.477+0000] {dag.py:2693} INFO - Sync 1 DAGs
[2023-03-21T15:25:54.508+0000] {logging_mixin.py:137} INFO - [2023-03-21T15:25:54.507+0000] {dag.py:3444} INFO - Setting next_dagrun for example_branch_labels to 2023-03-20T00:00:00+00:00, run_after=2023-03-21T00:00:00+00:00
[2023-03-21T15:25:54.532+0000] {processor.py:175} INFO - Processing /home/airflow/.local/lib/python3.7/site-packages/airflow/example_dags/example_branch_labels.py took 0.116 seconds
[2023-03-21T15:26:25.411+0000] {processor.py:153} INFO - Started process (PID=108) to work on /home/airflow/.local/lib/python3.7/site-packages/airflow/example_dags/example_branch_labels.py
[2023-03-21T15:26:25.412+0000] {processor.py:743} INFO - Processing file /home/airflow/.local/lib/python3.7/site-packages/airflow/example_dags/example_branch_labels.py for tasks to queue
[2023-03-21T15:26:25.413+0000] {logging_mixin.py:137} INFO - [2023-03-21T15:26:25.413+0000] {dagbag.py:532} INFO - Filling up the DagBag from /home/airflow/.local/lib/python3.7/site-packages/airflow/example_dags/example_branch_labels.py
[2023-03-21T15:26:25.426+0000] {processor.py:753} INFO - DAG(s) dict_keys(['example_branch_labels']) retrieved from /home/airflow/.local/lib/python3.7/site-packages/airflow/example_dags/example_branch_labels.py
[2023-03-21T15:26:25.454+0000] {logging_mixin.py:137} INFO - [2023-03-21T15:26:25.454+0000] {dag.py:2693} INFO - Sync 1 DAGs
[2023-03-21T15:26:25.477+0000] {logging_mixin.py:137} INFO - [2023-03-21T15:26:25.477+0000] {dag.py:3444} INFO - Setting next_dagrun for example_branch_labels to 2023-03-20T00:00:00+00:00, run_after=2023-03-21T00:00:00+00:00
[2023-03-21T15:26:25.490+0000] {processor.py:175} INFO - Processing /home/airflow/.local/lib/python3.7/site-packages/airflow/example_dags/example_branch_labels.py took 0.082 seconds
[2023-03-21T15:26:55.873+0000] {processor.py:153} INFO - Started process (PID=156) to work on /home/airflow/.local/lib/python3.7/site-packages/airflow/example_dags/example_branch_labels.py
[2023-03-21T15:26:55.874+0000] {processor.py:743} INFO - Processing file /home/airflow/.local/lib/python3.7/site-packages/airflow/example_dags/example_branch_labels.py for tasks to queue
[2023-03-21T15:26:55.875+0000] {logging_mixin.py:137} INFO - [2023-03-21T15:26:55.875+0000] {dagbag.py:532} INFO - Filling up the DagBag from /home/airflow/.local/lib/python3.7/site-packages/airflow/example_dags/example_branch_labels.py
[2023-03-21T15:26:55.887+0000] {processor.py:753} INFO - DAG(s) dict_keys(['example_branch_labels']) retrieved from /home/airflow/.local/lib/python3.7/site-packages/airflow/example_dags/example_branch_labels.py
[2023-03-21T15:26:55.915+0000] {logging_mixin.py:137} INFO - [2023-03-21T15:26:55.915+0000] {dag.py:2693} INFO - Sync 1 DAGs
[2023-03-21T15:26:55.936+0000] {logging_mixin.py:137} INFO - [2023-03-21T15:26:55.936+0000] {dag.py:3444} INFO - Setting next_dagrun for example_branch_labels to 2023-03-20T00:00:00+00:00, run_after=2023-03-21T00:00:00+00:00
[2023-03-21T15:26:55.949+0000] {processor.py:175} INFO - Processing /home/airflow/.local/lib/python3.7/site-packages/airflow/example_dags/example_branch_labels.py took 0.079 seconds
[2023-03-21T15:27:26.733+0000] {processor.py:153} INFO - Started process (PID=206) to work on /home/airflow/.local/lib/python3.7/site-packages/airflow/example_dags/example_branch_labels.py
[2023-03-21T15:27:26.735+0000] {processor.py:743} INFO - Processing file /home/airflow/.local/lib/python3.7/site-packages/airflow/example_dags/example_branch_labels.py for tasks to queue
[2023-03-21T15:27:26.736+0000] {logging_mixin.py:137} INFO - [2023-03-21T15:27:26.735+0000] {dagbag.py:532} INFO - Filling up the DagBag from /home/airflow/.local/lib/python3.7/site-packages/airflow/example_dags/example_branch_labels.py
[2023-03-21T15:27:26.745+0000] {processor.py:753} INFO - DAG(s) dict_keys(['example_branch_labels']) retrieved from /home/airflow/.local/lib/python3.7/site-packages/airflow/example_dags/example_branch_labels.py
[2023-03-21T15:27:26.764+0000] {logging_mixin.py:137} INFO - [2023-03-21T15:27:26.764+0000] {dag.py:2693} INFO - Sync 1 DAGs
[2023-03-21T15:27:26.780+0000] {logging_mixin.py:137} INFO - [2023-03-21T15:27:26.780+0000] {dag.py:3444} INFO - Setting next_dagrun for example_branch_labels to 2023-03-20T00:00:00+00:00, run_after=2023-03-21T00:00:00+00:00
[2023-03-21T15:27:26.790+0000] {processor.py:175} INFO - Processing /home/airflow/.local/lib/python3.7/site-packages/airflow/example_dags/example_branch_labels.py took 0.060 seconds
[2023-03-21T15:27:57.157+0000] {processor.py:153} INFO - Started process (PID=255) to work on /home/airflow/.local/lib/python3.7/site-packages/airflow/example_dags/example_branch_labels.py
[2023-03-21T15:27:57.158+0000] {processor.py:743} INFO - Processing file /home/airflow/.local/lib/python3.7/site-packages/airflow/example_dags/example_branch_labels.py for tasks to queue
[2023-03-21T15:27:57.159+0000] {logging_mixin.py:137} INFO - [2023-03-21T15:27:57.159+0000] {dagbag.py:532} INFO - Filling up the DagBag from /home/airflow/.local/lib/python3.7/site-packages/airflow/example_dags/example_branch_labels.py
[2023-03-21T15:27:57.169+0000] {processor.py:753} INFO - DAG(s) dict_keys(['example_branch_labels']) retrieved from /home/airflow/.local/lib/python3.7/site-packages/airflow/example_dags/example_branch_labels.py
[2023-03-21T15:27:57.190+0000] {logging_mixin.py:137} INFO - [2023-03-21T15:27:57.190+0000] {dag.py:2693} INFO - Sync 1 DAGs
[2023-03-21T15:27:57.206+0000] {logging_mixin.py:137} INFO - [2023-03-21T15:27:57.206+0000] {dag.py:3444} INFO - Setting next_dagrun for example_branch_labels to 2023-03-20T00:00:00+00:00, run_after=2023-03-21T00:00:00+00:00
[2023-03-21T15:27:57.217+0000] {processor.py:175} INFO - Processing /home/airflow/.local/lib/python3.7/site-packages/airflow/example_dags/example_branch_labels.py took 0.063 seconds
[2023-03-21T15:28:27.590+0000] {processor.py:153} INFO - Started process (PID=304) to work on /home/airflow/.local/lib/python3.7/site-packages/airflow/example_dags/example_branch_labels.py
[2023-03-21T15:28:27.591+0000] {processor.py:743} INFO - Processing file /home/airflow/.local/lib/python3.7/site-packages/airflow/example_dags/example_branch_labels.py for tasks to queue
[2023-03-21T15:28:27.592+0000] {logging_mixin.py:137} INFO - [2023-03-21T15:28:27.592+0000] {dagbag.py:532} INFO - Filling up the DagBag from /home/airflow/.local/lib/python3.7/site-packages/airflow/example_dags/example_branch_labels.py
[2023-03-21T15:28:27.602+0000] {processor.py:753} INFO - DAG(s) dict_keys(['example_branch_labels']) retrieved from /home/airflow/.local/lib/python3.7/site-packages/airflow/example_dags/example_branch_labels.py
[2023-03-21T15:28:27.623+0000] {logging_mixin.py:137} INFO - [2023-03-21T15:28:27.623+0000] {dag.py:2693} INFO - Sync 1 DAGs
[2023-03-21T15:28:27.639+0000] {logging_mixin.py:137} INFO - [2023-03-21T15:28:27.639+0000] {dag.py:3444} INFO - Setting next_dagrun for example_branch_labels to 2023-03-20T00:00:00+00:00, run_after=2023-03-21T00:00:00+00:00
[2023-03-21T15:28:27.650+0000] {processor.py:175} INFO - Processing /home/airflow/.local/lib/python3.7/site-packages/airflow/example_dags/example_branch_labels.py took 0.064 seconds
[2023-03-21T15:28:57.860+0000] {processor.py:153} INFO - Started process (PID=353) to work on /home/airflow/.local/lib/python3.7/site-packages/airflow/example_dags/example_branch_labels.py
[2023-03-21T15:28:57.862+0000] {processor.py:743} INFO - Processing file /home/airflow/.local/lib/python3.7/site-packages/airflow/example_dags/example_branch_labels.py for tasks to queue
[2023-03-21T15:28:57.863+0000] {logging_mixin.py:137} INFO - [2023-03-21T15:28:57.863+0000] {dagbag.py:532} INFO - Filling up the DagBag from /home/airflow/.local/lib/python3.7/site-packages/airflow/example_dags/example_branch_labels.py
[2023-03-21T15:28:57.873+0000] {processor.py:753} INFO - DAG(s) dict_keys(['example_branch_labels']) retrieved from /home/airflow/.local/lib/python3.7/site-packages/airflow/example_dags/example_branch_labels.py
[2023-03-21T15:28:57.894+0000] {logging_mixin.py:137} INFO - [2023-03-21T15:28:57.894+0000] {dag.py:2693} INFO - Sync 1 DAGs
[2023-03-21T15:28:57.910+0000] {logging_mixin.py:137} INFO - [2023-03-21T15:28:57.910+0000] {dag.py:3444} INFO - Setting next_dagrun for example_branch_labels to 2023-03-20T00:00:00+00:00, run_after=2023-03-21T00:00:00+00:00
[2023-03-21T15:28:57.921+0000] {processor.py:175} INFO - Processing /home/airflow/.local/lib/python3.7/site-packages/airflow/example_dags/example_branch_labels.py took 0.063 seconds
[2023-03-21T15:29:28.133+0000] {processor.py:153} INFO - Started process (PID=402) to work on /home/airflow/.local/lib/python3.7/site-packages/airflow/example_dags/example_branch_labels.py
[2023-03-21T15:29:28.134+0000] {processor.py:743} INFO - Processing file /home/airflow/.local/lib/python3.7/site-packages/airflow/example_dags/example_branch_labels.py for tasks to queue
[2023-03-21T15:29:28.135+0000] {logging_mixin.py:137} INFO - [2023-03-21T15:29:28.135+0000] {dagbag.py:532} INFO - Filling up the DagBag from /home/airflow/.local/lib/python3.7/site-packages/airflow/example_dags/example_branch_labels.py
[2023-03-21T15:29:28.145+0000] {processor.py:753} INFO - DAG(s) dict_keys(['example_branch_labels']) retrieved from /home/airflow/.local/lib/python3.7/site-packages/airflow/example_dags/example_branch_labels.py
[2023-03-21T15:29:28.166+0000] {logging_mixin.py:137} INFO - [2023-03-21T15:29:28.166+0000] {dag.py:2693} INFO - Sync 1 DAGs
[2023-03-21T15:29:28.182+0000] {logging_mixin.py:137} INFO - [2023-03-21T15:29:28.182+0000] {dag.py:3444} INFO - Setting next_dagrun for example_branch_labels to 2023-03-20T00:00:00+00:00, run_after=2023-03-21T00:00:00+00:00
[2023-03-21T15:29:28.193+0000] {processor.py:175} INFO - Processing /home/airflow/.local/lib/python3.7/site-packages/airflow/example_dags/example_branch_labels.py took 0.063 seconds
[2023-03-21T15:29:58.586+0000] {processor.py:153} INFO - Started process (PID=451) to work on /home/airflow/.local/lib/python3.7/site-packages/airflow/example_dags/example_branch_labels.py
[2023-03-21T15:29:58.587+0000] {processor.py:743} INFO - Processing file /home/airflow/.local/lib/python3.7/site-packages/airflow/example_dags/example_branch_labels.py for tasks to queue
[2023-03-21T15:29:58.588+0000] {logging_mixin.py:137} INFO - [2023-03-21T15:29:58.588+0000] {dagbag.py:532} INFO - Filling up the DagBag from /home/airflow/.local/lib/python3.7/site-packages/airflow/example_dags/example_branch_labels.py
[2023-03-21T15:29:58.598+0000] {processor.py:753} INFO - DAG(s) dict_keys(['example_branch_labels']) retrieved from /home/airflow/.local/lib/python3.7/site-packages/airflow/example_dags/example_branch_labels.py
[2023-03-21T15:29:58.619+0000] {logging_mixin.py:137} INFO - [2023-03-21T15:29:58.619+0000] {dag.py:2693} INFO - Sync 1 DAGs
[2023-03-21T15:29:58.635+0000] {logging_mixin.py:137} INFO - [2023-03-21T15:29:58.635+0000] {dag.py:3444} INFO - Setting next_dagrun for example_branch_labels to 2023-03-20T00:00:00+00:00, run_after=2023-03-21T00:00:00+00:00
[2023-03-21T15:29:58.646+0000] {processor.py:175} INFO - Processing /home/airflow/.local/lib/python3.7/site-packages/airflow/example_dags/example_branch_labels.py took 0.063 seconds
[2023-03-21T15:30:29.107+0000] {processor.py:153} INFO - Started process (PID=500) to work on /home/airflow/.local/lib/python3.7/site-packages/airflow/example_dags/example_branch_labels.py
[2023-03-21T15:30:29.109+0000] {processor.py:743} INFO - Processing file /home/airflow/.local/lib/python3.7/site-packages/airflow/example_dags/example_branch_labels.py for tasks to queue
[2023-03-21T15:30:29.110+0000] {logging_mixin.py:137} INFO - [2023-03-21T15:30:29.110+0000] {dagbag.py:532} INFO - Filling up the DagBag from /home/airflow/.local/lib/python3.7/site-packages/airflow/example_dags/example_branch_labels.py
[2023-03-21T15:30:29.124+0000] {processor.py:753} INFO - DAG(s) dict_keys(['example_branch_labels']) retrieved from /home/airflow/.local/lib/python3.7/site-packages/airflow/example_dags/example_branch_labels.py
[2023-03-21T15:30:29.145+0000] {logging_mixin.py:137} INFO - [2023-03-21T15:30:29.145+0000] {dag.py:2693} INFO - Sync 1 DAGs
[2023-03-21T15:30:29.162+0000] {logging_mixin.py:137} INFO - [2023-03-21T15:30:29.162+0000] {dag.py:3444} INFO - Setting next_dagrun for example_branch_labels to 2023-03-20T00:00:00+00:00, run_after=2023-03-21T00:00:00+00:00
[2023-03-21T15:30:29.174+0000] {processor.py:175} INFO - Processing /home/airflow/.local/lib/python3.7/site-packages/airflow/example_dags/example_branch_labels.py took 0.070 seconds
[2023-03-21T15:30:59.472+0000] {processor.py:153} INFO - Started process (PID=549) to work on /home/airflow/.local/lib/python3.7/site-packages/airflow/example_dags/example_branch_labels.py
[2023-03-21T15:30:59.473+0000] {processor.py:743} INFO - Processing file /home/airflow/.local/lib/python3.7/site-packages/airflow/example_dags/example_branch_labels.py for tasks to queue
[2023-03-21T15:30:59.474+0000] {logging_mixin.py:137} INFO - [2023-03-21T15:30:59.474+0000] {dagbag.py:532} INFO - Filling up the DagBag from /home/airflow/.local/lib/python3.7/site-packages/airflow/example_dags/example_branch_labels.py
[2023-03-21T15:30:59.486+0000] {processor.py:753} INFO - DAG(s) dict_keys(['example_branch_labels']) retrieved from /home/airflow/.local/lib/python3.7/site-packages/airflow/example_dags/example_branch_labels.py
[2023-03-21T15:30:59.507+0000] {logging_mixin.py:137} INFO - [2023-03-21T15:30:59.507+0000] {dag.py:2693} INFO - Sync 1 DAGs
[2023-03-21T15:30:59.523+0000] {logging_mixin.py:137} INFO - [2023-03-21T15:30:59.523+0000] {dag.py:3444} INFO - Setting next_dagrun for example_branch_labels to 2023-03-20T00:00:00+00:00, run_after=2023-03-21T00:00:00+00:00
[2023-03-21T15:30:59.541+0000] {processor.py:175} INFO - Processing /home/airflow/.local/lib/python3.7/site-packages/airflow/example_dags/example_branch_labels.py took 0.072 seconds
[2023-03-21T15:31:29.892+0000] {processor.py:153} INFO - Started process (PID=597) to work on /home/airflow/.local/lib/python3.7/site-packages/airflow/example_dags/example_branch_labels.py
[2023-03-21T15:31:29.893+0000] {processor.py:743} INFO - Processing file /home/airflow/.local/lib/python3.7/site-packages/airflow/example_dags/example_branch_labels.py for tasks to queue
[2023-03-21T15:31:29.894+0000] {logging_mixin.py:137} INFO - [2023-03-21T15:31:29.894+0000] {dagbag.py:532} INFO - Filling up the DagBag from /home/airflow/.local/lib/python3.7/site-packages/airflow/example_dags/example_branch_labels.py
[2023-03-21T15:31:29.904+0000] {processor.py:753} INFO - DAG(s) dict_keys(['example_branch_labels']) retrieved from /home/airflow/.local/lib/python3.7/site-packages/airflow/example_dags/example_branch_labels.py
[2023-03-21T15:31:29.924+0000] {logging_mixin.py:137} INFO - [2023-03-21T15:31:29.924+0000] {dag.py:2693} INFO - Sync 1 DAGs
[2023-03-21T15:31:29.940+0000] {logging_mixin.py:137} INFO - [2023-03-21T15:31:29.940+0000] {dag.py:3444} INFO - Setting next_dagrun for example_branch_labels to 2023-03-20T00:00:00+00:00, run_after=2023-03-21T00:00:00+00:00
[2023-03-21T15:31:29.952+0000] {processor.py:175} INFO - Processing /home/airflow/.local/lib/python3.7/site-packages/airflow/example_dags/example_branch_labels.py took 0.062 seconds
[2023-03-21T15:32:00.413+0000] {processor.py:153} INFO - Started process (PID=646) to work on /home/airflow/.local/lib/python3.7/site-packages/airflow/example_dags/example_branch_labels.py
[2023-03-21T15:32:00.414+0000] {processor.py:743} INFO - Processing file /home/airflow/.local/lib/python3.7/site-packages/airflow/example_dags/example_branch_labels.py for tasks to queue
[2023-03-21T15:32:00.415+0000] {logging_mixin.py:137} INFO - [2023-03-21T15:32:00.415+0000] {dagbag.py:532} INFO - Filling up the DagBag from /home/airflow/.local/lib/python3.7/site-packages/airflow/example_dags/example_branch_labels.py
[2023-03-21T15:32:00.424+0000] {processor.py:753} INFO - DAG(s) dict_keys(['example_branch_labels']) retrieved from /home/airflow/.local/lib/python3.7/site-packages/airflow/example_dags/example_branch_labels.py
[2023-03-21T15:32:00.443+0000] {logging_mixin.py:137} INFO - [2023-03-21T15:32:00.443+0000] {dag.py:2693} INFO - Sync 1 DAGs
[2023-03-21T15:32:00.459+0000] {logging_mixin.py:137} INFO - [2023-03-21T15:32:00.459+0000] {dag.py:3444} INFO - Setting next_dagrun for example_branch_labels to 2023-03-20T00:00:00+00:00, run_after=2023-03-21T00:00:00+00:00
[2023-03-21T15:32:00.469+0000] {processor.py:175} INFO - Processing /home/airflow/.local/lib/python3.7/site-packages/airflow/example_dags/example_branch_labels.py took 0.059 seconds
[2023-03-21T16:52:56.581+0000] {processor.py:153} INFO - Started process (PID=60) to work on /home/airflow/.local/lib/python3.7/site-packages/airflow/example_dags/example_branch_labels.py
[2023-03-21T16:52:56.585+0000] {processor.py:743} INFO - Processing file /home/airflow/.local/lib/python3.7/site-packages/airflow/example_dags/example_branch_labels.py for tasks to queue
[2023-03-21T16:52:56.586+0000] {logging_mixin.py:137} INFO - [2023-03-21T16:52:56.586+0000] {dagbag.py:532} INFO - Filling up the DagBag from /home/airflow/.local/lib/python3.7/site-packages/airflow/example_dags/example_branch_labels.py
[2023-03-21T16:52:56.610+0000] {processor.py:753} INFO - DAG(s) dict_keys(['example_branch_labels']) retrieved from /home/airflow/.local/lib/python3.7/site-packages/airflow/example_dags/example_branch_labels.py
[2023-03-21T16:52:56.632+0000] {logging_mixin.py:137} INFO - [2023-03-21T16:52:56.632+0000] {dag.py:2693} INFO - Sync 1 DAGs
[2023-03-21T16:52:56.682+0000] {logging_mixin.py:137} INFO - [2023-03-21T16:52:56.682+0000] {dag.py:3444} INFO - Setting next_dagrun for example_branch_labels to 2023-03-20T00:00:00+00:00, run_after=2023-03-21T00:00:00+00:00
[2023-03-21T16:52:56.701+0000] {processor.py:175} INFO - Processing /home/airflow/.local/lib/python3.7/site-packages/airflow/example_dags/example_branch_labels.py took 0.125 seconds
[2023-03-21T16:53:27.238+0000] {processor.py:153} INFO - Started process (PID=109) to work on /home/airflow/.local/lib/python3.7/site-packages/airflow/example_dags/example_branch_labels.py
[2023-03-21T16:53:27.239+0000] {processor.py:743} INFO - Processing file /home/airflow/.local/lib/python3.7/site-packages/airflow/example_dags/example_branch_labels.py for tasks to queue
[2023-03-21T16:53:27.240+0000] {logging_mixin.py:137} INFO - [2023-03-21T16:53:27.240+0000] {dagbag.py:532} INFO - Filling up the DagBag from /home/airflow/.local/lib/python3.7/site-packages/airflow/example_dags/example_branch_labels.py
[2023-03-21T16:53:27.251+0000] {processor.py:753} INFO - DAG(s) dict_keys(['example_branch_labels']) retrieved from /home/airflow/.local/lib/python3.7/site-packages/airflow/example_dags/example_branch_labels.py
[2023-03-21T16:53:27.274+0000] {logging_mixin.py:137} INFO - [2023-03-21T16:53:27.274+0000] {dag.py:2693} INFO - Sync 1 DAGs
[2023-03-21T16:53:27.294+0000] {logging_mixin.py:137} INFO - [2023-03-21T16:53:27.294+0000] {dag.py:3444} INFO - Setting next_dagrun for example_branch_labels to 2023-03-20T00:00:00+00:00, run_after=2023-03-21T00:00:00+00:00
[2023-03-21T16:53:27.306+0000] {processor.py:175} INFO - Processing /home/airflow/.local/lib/python3.7/site-packages/airflow/example_dags/example_branch_labels.py took 0.071 seconds
[2023-03-21T16:53:59.163+0000] {processor.py:153} INFO - Started process (PID=163) to work on /home/airflow/.local/lib/python3.7/site-packages/airflow/example_dags/example_branch_labels.py
[2023-03-21T16:53:59.165+0000] {processor.py:743} INFO - Processing file /home/airflow/.local/lib/python3.7/site-packages/airflow/example_dags/example_branch_labels.py for tasks to queue
[2023-03-21T16:53:59.166+0000] {logging_mixin.py:137} INFO - [2023-03-21T16:53:59.166+0000] {dagbag.py:532} INFO - Filling up the DagBag from /home/airflow/.local/lib/python3.7/site-packages/airflow/example_dags/example_branch_labels.py
[2023-03-21T16:53:59.181+0000] {processor.py:753} INFO - DAG(s) dict_keys(['example_branch_labels']) retrieved from /home/airflow/.local/lib/python3.7/site-packages/airflow/example_dags/example_branch_labels.py
[2023-03-21T16:53:59.214+0000] {logging_mixin.py:137} INFO - [2023-03-21T16:53:59.213+0000] {dag.py:2693} INFO - Sync 1 DAGs
[2023-03-21T16:53:59.245+0000] {logging_mixin.py:137} INFO - [2023-03-21T16:53:59.245+0000] {dag.py:3444} INFO - Setting next_dagrun for example_branch_labels to 2023-03-20T00:00:00+00:00, run_after=2023-03-21T00:00:00+00:00
[2023-03-21T16:53:59.261+0000] {processor.py:175} INFO - Processing /home/airflow/.local/lib/python3.7/site-packages/airflow/example_dags/example_branch_labels.py took 0.102 seconds
[2023-03-21T16:54:33.905+0000] {processor.py:153} INFO - Started process (PID=213) to work on /home/airflow/.local/lib/python3.7/site-packages/airflow/example_dags/example_branch_labels.py
[2023-03-21T16:54:33.909+0000] {processor.py:743} INFO - Processing file /home/airflow/.local/lib/python3.7/site-packages/airflow/example_dags/example_branch_labels.py for tasks to queue
[2023-03-21T16:54:33.911+0000] {logging_mixin.py:137} INFO - [2023-03-21T16:54:33.911+0000] {dagbag.py:532} INFO - Filling up the DagBag from /home/airflow/.local/lib/python3.7/site-packages/airflow/example_dags/example_branch_labels.py
[2023-03-21T16:54:33.956+0000] {processor.py:753} INFO - DAG(s) dict_keys(['example_branch_labels']) retrieved from /home/airflow/.local/lib/python3.7/site-packages/airflow/example_dags/example_branch_labels.py
[2023-03-21T16:54:34.015+0000] {logging_mixin.py:137} INFO - [2023-03-21T16:54:34.014+0000] {dag.py:2693} INFO - Sync 1 DAGs
[2023-03-21T16:54:34.075+0000] {logging_mixin.py:137} INFO - [2023-03-21T16:54:34.075+0000] {dag.py:3444} INFO - Setting next_dagrun for example_branch_labels to 2023-03-20T00:00:00+00:00, run_after=2023-03-21T00:00:00+00:00
[2023-03-21T16:54:34.142+0000] {processor.py:175} INFO - Processing /home/airflow/.local/lib/python3.7/site-packages/airflow/example_dags/example_branch_labels.py took 0.245 seconds
[2023-03-21T16:55:04.264+0000] {processor.py:153} INFO - Started process (PID=262) to work on /home/airflow/.local/lib/python3.7/site-packages/airflow/example_dags/example_branch_labels.py
[2023-03-21T16:55:04.266+0000] {processor.py:743} INFO - Processing file /home/airflow/.local/lib/python3.7/site-packages/airflow/example_dags/example_branch_labels.py for tasks to queue
[2023-03-21T16:55:04.266+0000] {logging_mixin.py:137} INFO - [2023-03-21T16:55:04.266+0000] {dagbag.py:532} INFO - Filling up the DagBag from /home/airflow/.local/lib/python3.7/site-packages/airflow/example_dags/example_branch_labels.py
[2023-03-21T16:55:04.278+0000] {processor.py:753} INFO - DAG(s) dict_keys(['example_branch_labels']) retrieved from /home/airflow/.local/lib/python3.7/site-packages/airflow/example_dags/example_branch_labels.py
[2023-03-21T16:55:04.299+0000] {logging_mixin.py:137} INFO - [2023-03-21T16:55:04.299+0000] {dag.py:2693} INFO - Sync 1 DAGs
[2023-03-21T16:55:04.317+0000] {logging_mixin.py:137} INFO - [2023-03-21T16:55:04.317+0000] {dag.py:3444} INFO - Setting next_dagrun for example_branch_labels to 2023-03-20T00:00:00+00:00, run_after=2023-03-21T00:00:00+00:00
[2023-03-21T16:55:04.330+0000] {processor.py:175} INFO - Processing /home/airflow/.local/lib/python3.7/site-packages/airflow/example_dags/example_branch_labels.py took 0.068 seconds
[2023-03-21T16:55:35.307+0000] {processor.py:153} INFO - Started process (PID=312) to work on /home/airflow/.local/lib/python3.7/site-packages/airflow/example_dags/example_branch_labels.py
[2023-03-21T16:55:35.309+0000] {processor.py:743} INFO - Processing file /home/airflow/.local/lib/python3.7/site-packages/airflow/example_dags/example_branch_labels.py for tasks to queue
[2023-03-21T16:55:35.310+0000] {logging_mixin.py:137} INFO - [2023-03-21T16:55:35.310+0000] {dagbag.py:532} INFO - Filling up the DagBag from /home/airflow/.local/lib/python3.7/site-packages/airflow/example_dags/example_branch_labels.py
[2023-03-21T16:55:35.320+0000] {processor.py:753} INFO - DAG(s) dict_keys(['example_branch_labels']) retrieved from /home/airflow/.local/lib/python3.7/site-packages/airflow/example_dags/example_branch_labels.py
[2023-03-21T16:55:35.341+0000] {logging_mixin.py:137} INFO - [2023-03-21T16:55:35.341+0000] {dag.py:2693} INFO - Sync 1 DAGs
[2023-03-21T16:55:35.358+0000] {logging_mixin.py:137} INFO - [2023-03-21T16:55:35.358+0000] {dag.py:3444} INFO - Setting next_dagrun for example_branch_labels to 2023-03-20T00:00:00+00:00, run_after=2023-03-21T00:00:00+00:00
[2023-03-21T16:55:35.371+0000] {processor.py:175} INFO - Processing /home/airflow/.local/lib/python3.7/site-packages/airflow/example_dags/example_branch_labels.py took 0.066 seconds
[2023-03-21T16:56:06.267+0000] {processor.py:153} INFO - Started process (PID=362) to work on /home/airflow/.local/lib/python3.7/site-packages/airflow/example_dags/example_branch_labels.py
[2023-03-21T16:56:06.269+0000] {processor.py:743} INFO - Processing file /home/airflow/.local/lib/python3.7/site-packages/airflow/example_dags/example_branch_labels.py for tasks to queue
[2023-03-21T16:56:06.270+0000] {logging_mixin.py:137} INFO - [2023-03-21T16:56:06.269+0000] {dagbag.py:532} INFO - Filling up the DagBag from /home/airflow/.local/lib/python3.7/site-packages/airflow/example_dags/example_branch_labels.py
[2023-03-21T16:56:06.281+0000] {processor.py:753} INFO - DAG(s) dict_keys(['example_branch_labels']) retrieved from /home/airflow/.local/lib/python3.7/site-packages/airflow/example_dags/example_branch_labels.py
[2023-03-21T16:56:06.300+0000] {logging_mixin.py:137} INFO - [2023-03-21T16:56:06.300+0000] {dag.py:2693} INFO - Sync 1 DAGs
[2023-03-21T16:56:06.316+0000] {logging_mixin.py:137} INFO - [2023-03-21T16:56:06.316+0000] {dag.py:3444} INFO - Setting next_dagrun for example_branch_labels to 2023-03-20T00:00:00+00:00, run_after=2023-03-21T00:00:00+00:00
[2023-03-21T16:56:06.326+0000] {processor.py:175} INFO - Processing /home/airflow/.local/lib/python3.7/site-packages/airflow/example_dags/example_branch_labels.py took 0.061 seconds
[2023-03-21T16:56:37.478+0000] {processor.py:153} INFO - Started process (PID=413) to work on /home/airflow/.local/lib/python3.7/site-packages/airflow/example_dags/example_branch_labels.py
[2023-03-21T16:56:37.479+0000] {processor.py:743} INFO - Processing file /home/airflow/.local/lib/python3.7/site-packages/airflow/example_dags/example_branch_labels.py for tasks to queue
[2023-03-21T16:56:37.480+0000] {logging_mixin.py:137} INFO - [2023-03-21T16:56:37.480+0000] {dagbag.py:532} INFO - Filling up the DagBag from /home/airflow/.local/lib/python3.7/site-packages/airflow/example_dags/example_branch_labels.py
[2023-03-21T16:56:37.491+0000] {processor.py:753} INFO - DAG(s) dict_keys(['example_branch_labels']) retrieved from /home/airflow/.local/lib/python3.7/site-packages/airflow/example_dags/example_branch_labels.py
[2023-03-21T16:56:37.510+0000] {logging_mixin.py:137} INFO - [2023-03-21T16:56:37.510+0000] {dag.py:2693} INFO - Sync 1 DAGs
[2023-03-21T16:56:37.527+0000] {logging_mixin.py:137} INFO - [2023-03-21T16:56:37.527+0000] {dag.py:3444} INFO - Setting next_dagrun for example_branch_labels to 2023-03-20T00:00:00+00:00, run_after=2023-03-21T00:00:00+00:00
[2023-03-21T16:56:37.538+0000] {processor.py:175} INFO - Processing /home/airflow/.local/lib/python3.7/site-packages/airflow/example_dags/example_branch_labels.py took 0.063 seconds
[2023-03-21T16:57:07.630+0000] {processor.py:153} INFO - Started process (PID=464) to work on /home/airflow/.local/lib/python3.7/site-packages/airflow/example_dags/example_branch_labels.py
[2023-03-21T16:57:07.632+0000] {processor.py:743} INFO - Processing file /home/airflow/.local/lib/python3.7/site-packages/airflow/example_dags/example_branch_labels.py for tasks to queue
[2023-03-21T16:57:07.633+0000] {logging_mixin.py:137} INFO - [2023-03-21T16:57:07.633+0000] {dagbag.py:532} INFO - Filling up the DagBag from /home/airflow/.local/lib/python3.7/site-packages/airflow/example_dags/example_branch_labels.py
[2023-03-21T16:57:07.645+0000] {processor.py:753} INFO - DAG(s) dict_keys(['example_branch_labels']) retrieved from /home/airflow/.local/lib/python3.7/site-packages/airflow/example_dags/example_branch_labels.py
[2023-03-21T16:57:07.666+0000] {logging_mixin.py:137} INFO - [2023-03-21T16:57:07.666+0000] {dag.py:2693} INFO - Sync 1 DAGs
[2023-03-21T16:57:07.685+0000] {logging_mixin.py:137} INFO - [2023-03-21T16:57:07.685+0000] {dag.py:3444} INFO - Setting next_dagrun for example_branch_labels to 2023-03-20T00:00:00+00:00, run_after=2023-03-21T00:00:00+00:00
[2023-03-21T16:57:07.697+0000] {processor.py:175} INFO - Processing /home/airflow/.local/lib/python3.7/site-packages/airflow/example_dags/example_branch_labels.py took 0.070 seconds
[2023-03-21T16:57:37.807+0000] {processor.py:153} INFO - Started process (PID=514) to work on /home/airflow/.local/lib/python3.7/site-packages/airflow/example_dags/example_branch_labels.py
[2023-03-21T16:57:37.808+0000] {processor.py:743} INFO - Processing file /home/airflow/.local/lib/python3.7/site-packages/airflow/example_dags/example_branch_labels.py for tasks to queue
[2023-03-21T16:57:37.809+0000] {logging_mixin.py:137} INFO - [2023-03-21T16:57:37.809+0000] {dagbag.py:532} INFO - Filling up the DagBag from /home/airflow/.local/lib/python3.7/site-packages/airflow/example_dags/example_branch_labels.py
[2023-03-21T16:57:37.820+0000] {processor.py:753} INFO - DAG(s) dict_keys(['example_branch_labels']) retrieved from /home/airflow/.local/lib/python3.7/site-packages/airflow/example_dags/example_branch_labels.py
[2023-03-21T16:57:37.840+0000] {logging_mixin.py:137} INFO - [2023-03-21T16:57:37.840+0000] {dag.py:2693} INFO - Sync 1 DAGs
[2023-03-21T16:57:37.858+0000] {logging_mixin.py:137} INFO - [2023-03-21T16:57:37.858+0000] {dag.py:3444} INFO - Setting next_dagrun for example_branch_labels to 2023-03-20T00:00:00+00:00, run_after=2023-03-21T00:00:00+00:00
[2023-03-21T16:57:37.870+0000] {processor.py:175} INFO - Processing /home/airflow/.local/lib/python3.7/site-packages/airflow/example_dags/example_branch_labels.py took 0.066 seconds
[2023-03-21T16:58:08.410+0000] {processor.py:153} INFO - Started process (PID=564) to work on /home/airflow/.local/lib/python3.7/site-packages/airflow/example_dags/example_branch_labels.py
[2023-03-21T16:58:08.412+0000] {processor.py:743} INFO - Processing file /home/airflow/.local/lib/python3.7/site-packages/airflow/example_dags/example_branch_labels.py for tasks to queue
[2023-03-21T16:58:08.412+0000] {logging_mixin.py:137} INFO - [2023-03-21T16:58:08.412+0000] {dagbag.py:532} INFO - Filling up the DagBag from /home/airflow/.local/lib/python3.7/site-packages/airflow/example_dags/example_branch_labels.py
[2023-03-21T16:58:08.423+0000] {processor.py:753} INFO - DAG(s) dict_keys(['example_branch_labels']) retrieved from /home/airflow/.local/lib/python3.7/site-packages/airflow/example_dags/example_branch_labels.py
[2023-03-21T16:58:08.444+0000] {logging_mixin.py:137} INFO - [2023-03-21T16:58:08.444+0000] {dag.py:2693} INFO - Sync 1 DAGs
[2023-03-21T16:58:08.461+0000] {logging_mixin.py:137} INFO - [2023-03-21T16:58:08.461+0000] {dag.py:3444} INFO - Setting next_dagrun for example_branch_labels to 2023-03-20T00:00:00+00:00, run_after=2023-03-21T00:00:00+00:00
[2023-03-21T16:58:08.475+0000] {processor.py:175} INFO - Processing /home/airflow/.local/lib/python3.7/site-packages/airflow/example_dags/example_branch_labels.py took 0.067 seconds
[2023-03-21T16:58:39.100+0000] {processor.py:153} INFO - Started process (PID=614) to work on /home/airflow/.local/lib/python3.7/site-packages/airflow/example_dags/example_branch_labels.py
[2023-03-21T16:58:39.101+0000] {processor.py:743} INFO - Processing file /home/airflow/.local/lib/python3.7/site-packages/airflow/example_dags/example_branch_labels.py for tasks to queue
[2023-03-21T16:58:39.102+0000] {logging_mixin.py:137} INFO - [2023-03-21T16:58:39.102+0000] {dagbag.py:532} INFO - Filling up the DagBag from /home/airflow/.local/lib/python3.7/site-packages/airflow/example_dags/example_branch_labels.py
[2023-03-21T16:58:39.113+0000] {processor.py:753} INFO - DAG(s) dict_keys(['example_branch_labels']) retrieved from /home/airflow/.local/lib/python3.7/site-packages/airflow/example_dags/example_branch_labels.py
[2023-03-21T16:58:39.136+0000] {logging_mixin.py:137} INFO - [2023-03-21T16:58:39.136+0000] {dag.py:2693} INFO - Sync 1 DAGs
[2023-03-21T16:58:39.153+0000] {logging_mixin.py:137} INFO - [2023-03-21T16:58:39.153+0000] {dag.py:3444} INFO - Setting next_dagrun for example_branch_labels to 2023-03-20T00:00:00+00:00, run_after=2023-03-21T00:00:00+00:00
[2023-03-21T16:58:39.165+0000] {processor.py:175} INFO - Processing /home/airflow/.local/lib/python3.7/site-packages/airflow/example_dags/example_branch_labels.py took 0.068 seconds
[2023-03-21T16:59:09.837+0000] {processor.py:153} INFO - Started process (PID=664) to work on /home/airflow/.local/lib/python3.7/site-packages/airflow/example_dags/example_branch_labels.py
[2023-03-21T16:59:09.839+0000] {processor.py:743} INFO - Processing file /home/airflow/.local/lib/python3.7/site-packages/airflow/example_dags/example_branch_labels.py for tasks to queue
[2023-03-21T16:59:09.842+0000] {logging_mixin.py:137} INFO - [2023-03-21T16:59:09.842+0000] {dagbag.py:532} INFO - Filling up the DagBag from /home/airflow/.local/lib/python3.7/site-packages/airflow/example_dags/example_branch_labels.py
[2023-03-21T16:59:09.856+0000] {processor.py:753} INFO - DAG(s) dict_keys(['example_branch_labels']) retrieved from /home/airflow/.local/lib/python3.7/site-packages/airflow/example_dags/example_branch_labels.py
[2023-03-21T16:59:09.881+0000] {logging_mixin.py:137} INFO - [2023-03-21T16:59:09.881+0000] {dag.py:2693} INFO - Sync 1 DAGs
[2023-03-21T16:59:09.903+0000] {logging_mixin.py:137} INFO - [2023-03-21T16:59:09.903+0000] {dag.py:3444} INFO - Setting next_dagrun for example_branch_labels to 2023-03-20T00:00:00+00:00, run_after=2023-03-21T00:00:00+00:00
[2023-03-21T16:59:09.918+0000] {processor.py:175} INFO - Processing /home/airflow/.local/lib/python3.7/site-packages/airflow/example_dags/example_branch_labels.py took 0.085 seconds
[2023-03-21T16:59:40.694+0000] {processor.py:153} INFO - Started process (PID=714) to work on /home/airflow/.local/lib/python3.7/site-packages/airflow/example_dags/example_branch_labels.py
[2023-03-21T16:59:40.696+0000] {processor.py:743} INFO - Processing file /home/airflow/.local/lib/python3.7/site-packages/airflow/example_dags/example_branch_labels.py for tasks to queue
[2023-03-21T16:59:40.697+0000] {logging_mixin.py:137} INFO - [2023-03-21T16:59:40.697+0000] {dagbag.py:532} INFO - Filling up the DagBag from /home/airflow/.local/lib/python3.7/site-packages/airflow/example_dags/example_branch_labels.py
[2023-03-21T16:59:40.709+0000] {processor.py:753} INFO - DAG(s) dict_keys(['example_branch_labels']) retrieved from /home/airflow/.local/lib/python3.7/site-packages/airflow/example_dags/example_branch_labels.py
[2023-03-21T16:59:40.730+0000] {logging_mixin.py:137} INFO - [2023-03-21T16:59:40.730+0000] {dag.py:2693} INFO - Sync 1 DAGs
[2023-03-21T16:59:40.750+0000] {logging_mixin.py:137} INFO - [2023-03-21T16:59:40.750+0000] {dag.py:3444} INFO - Setting next_dagrun for example_branch_labels to 2023-03-20T00:00:00+00:00, run_after=2023-03-21T00:00:00+00:00
[2023-03-21T16:59:40.767+0000] {processor.py:175} INFO - Processing /home/airflow/.local/lib/python3.7/site-packages/airflow/example_dags/example_branch_labels.py took 0.076 seconds
[2023-03-21T17:00:11.570+0000] {processor.py:153} INFO - Started process (PID=764) to work on /home/airflow/.local/lib/python3.7/site-packages/airflow/example_dags/example_branch_labels.py
[2023-03-21T17:00:11.571+0000] {processor.py:743} INFO - Processing file /home/airflow/.local/lib/python3.7/site-packages/airflow/example_dags/example_branch_labels.py for tasks to queue
[2023-03-21T17:00:11.572+0000] {logging_mixin.py:137} INFO - [2023-03-21T17:00:11.572+0000] {dagbag.py:532} INFO - Filling up the DagBag from /home/airflow/.local/lib/python3.7/site-packages/airflow/example_dags/example_branch_labels.py
[2023-03-21T17:00:11.583+0000] {processor.py:753} INFO - DAG(s) dict_keys(['example_branch_labels']) retrieved from /home/airflow/.local/lib/python3.7/site-packages/airflow/example_dags/example_branch_labels.py
[2023-03-21T17:00:11.603+0000] {logging_mixin.py:137} INFO - [2023-03-21T17:00:11.603+0000] {dag.py:2693} INFO - Sync 1 DAGs
[2023-03-21T17:00:11.621+0000] {logging_mixin.py:137} INFO - [2023-03-21T17:00:11.620+0000] {dag.py:3444} INFO - Setting next_dagrun for example_branch_labels to 2023-03-20T00:00:00+00:00, run_after=2023-03-21T00:00:00+00:00
[2023-03-21T17:00:11.631+0000] {processor.py:175} INFO - Processing /home/airflow/.local/lib/python3.7/site-packages/airflow/example_dags/example_branch_labels.py took 0.065 seconds
[2023-03-21T17:00:42.589+0000] {processor.py:153} INFO - Started process (PID=814) to work on /home/airflow/.local/lib/python3.7/site-packages/airflow/example_dags/example_branch_labels.py
[2023-03-21T17:00:42.590+0000] {processor.py:743} INFO - Processing file /home/airflow/.local/lib/python3.7/site-packages/airflow/example_dags/example_branch_labels.py for tasks to queue
[2023-03-21T17:00:42.591+0000] {logging_mixin.py:137} INFO - [2023-03-21T17:00:42.591+0000] {dagbag.py:532} INFO - Filling up the DagBag from /home/airflow/.local/lib/python3.7/site-packages/airflow/example_dags/example_branch_labels.py
[2023-03-21T17:00:42.601+0000] {processor.py:753} INFO - DAG(s) dict_keys(['example_branch_labels']) retrieved from /home/airflow/.local/lib/python3.7/site-packages/airflow/example_dags/example_branch_labels.py
[2023-03-21T17:00:42.622+0000] {logging_mixin.py:137} INFO - [2023-03-21T17:00:42.622+0000] {dag.py:2693} INFO - Sync 1 DAGs
[2023-03-21T17:00:42.639+0000] {logging_mixin.py:137} INFO - [2023-03-21T17:00:42.639+0000] {dag.py:3444} INFO - Setting next_dagrun for example_branch_labels to 2023-03-20T00:00:00+00:00, run_after=2023-03-21T00:00:00+00:00
[2023-03-21T17:00:42.652+0000] {processor.py:175} INFO - Processing /home/airflow/.local/lib/python3.7/site-packages/airflow/example_dags/example_branch_labels.py took 0.066 seconds
[2023-03-21T17:01:13.361+0000] {processor.py:153} INFO - Started process (PID=864) to work on /home/airflow/.local/lib/python3.7/site-packages/airflow/example_dags/example_branch_labels.py
[2023-03-21T17:01:13.362+0000] {processor.py:743} INFO - Processing file /home/airflow/.local/lib/python3.7/site-packages/airflow/example_dags/example_branch_labels.py for tasks to queue
[2023-03-21T17:01:13.363+0000] {logging_mixin.py:137} INFO - [2023-03-21T17:01:13.362+0000] {dagbag.py:532} INFO - Filling up the DagBag from /home/airflow/.local/lib/python3.7/site-packages/airflow/example_dags/example_branch_labels.py
[2023-03-21T17:01:13.374+0000] {processor.py:753} INFO - DAG(s) dict_keys(['example_branch_labels']) retrieved from /home/airflow/.local/lib/python3.7/site-packages/airflow/example_dags/example_branch_labels.py
[2023-03-21T17:01:13.396+0000] {logging_mixin.py:137} INFO - [2023-03-21T17:01:13.396+0000] {dag.py:2693} INFO - Sync 1 DAGs
[2023-03-21T17:01:13.414+0000] {logging_mixin.py:137} INFO - [2023-03-21T17:01:13.414+0000] {dag.py:3444} INFO - Setting next_dagrun for example_branch_labels to 2023-03-20T00:00:00+00:00, run_after=2023-03-21T00:00:00+00:00
[2023-03-21T17:01:13.427+0000] {processor.py:175} INFO - Processing /home/airflow/.local/lib/python3.7/site-packages/airflow/example_dags/example_branch_labels.py took 0.069 seconds
[2023-03-21T17:01:44.060+0000] {processor.py:153} INFO - Started process (PID=914) to work on /home/airflow/.local/lib/python3.7/site-packages/airflow/example_dags/example_branch_labels.py
[2023-03-21T17:01:44.062+0000] {processor.py:743} INFO - Processing file /home/airflow/.local/lib/python3.7/site-packages/airflow/example_dags/example_branch_labels.py for tasks to queue
[2023-03-21T17:01:44.063+0000] {logging_mixin.py:137} INFO - [2023-03-21T17:01:44.063+0000] {dagbag.py:532} INFO - Filling up the DagBag from /home/airflow/.local/lib/python3.7/site-packages/airflow/example_dags/example_branch_labels.py
[2023-03-21T17:01:44.074+0000] {processor.py:753} INFO - DAG(s) dict_keys(['example_branch_labels']) retrieved from /home/airflow/.local/lib/python3.7/site-packages/airflow/example_dags/example_branch_labels.py
[2023-03-21T17:01:44.098+0000] {logging_mixin.py:137} INFO - [2023-03-21T17:01:44.098+0000] {dag.py:2693} INFO - Sync 1 DAGs
[2023-03-21T17:01:44.116+0000] {logging_mixin.py:137} INFO - [2023-03-21T17:01:44.116+0000] {dag.py:3444} INFO - Setting next_dagrun for example_branch_labels to 2023-03-20T00:00:00+00:00, run_after=2023-03-21T00:00:00+00:00
[2023-03-21T17:01:44.128+0000] {processor.py:175} INFO - Processing /home/airflow/.local/lib/python3.7/site-packages/airflow/example_dags/example_branch_labels.py took 0.072 seconds
[2023-03-21T17:02:14.628+0000] {processor.py:153} INFO - Started process (PID=964) to work on /home/airflow/.local/lib/python3.7/site-packages/airflow/example_dags/example_branch_labels.py
[2023-03-21T17:02:14.629+0000] {processor.py:743} INFO - Processing file /home/airflow/.local/lib/python3.7/site-packages/airflow/example_dags/example_branch_labels.py for tasks to queue
[2023-03-21T17:02:14.630+0000] {logging_mixin.py:137} INFO - [2023-03-21T17:02:14.630+0000] {dagbag.py:532} INFO - Filling up the DagBag from /home/airflow/.local/lib/python3.7/site-packages/airflow/example_dags/example_branch_labels.py
[2023-03-21T17:02:14.640+0000] {processor.py:753} INFO - DAG(s) dict_keys(['example_branch_labels']) retrieved from /home/airflow/.local/lib/python3.7/site-packages/airflow/example_dags/example_branch_labels.py
[2023-03-21T17:02:14.659+0000] {logging_mixin.py:137} INFO - [2023-03-21T17:02:14.659+0000] {dag.py:2693} INFO - Sync 1 DAGs
[2023-03-21T17:02:14.676+0000] {logging_mixin.py:137} INFO - [2023-03-21T17:02:14.676+0000] {dag.py:3444} INFO - Setting next_dagrun for example_branch_labels to 2023-03-20T00:00:00+00:00, run_after=2023-03-21T00:00:00+00:00
[2023-03-21T17:02:14.687+0000] {processor.py:175} INFO - Processing /home/airflow/.local/lib/python3.7/site-packages/airflow/example_dags/example_branch_labels.py took 0.062 seconds
[2023-03-21T17:02:45.586+0000] {processor.py:153} INFO - Started process (PID=1014) to work on /home/airflow/.local/lib/python3.7/site-packages/airflow/example_dags/example_branch_labels.py
[2023-03-21T17:02:45.588+0000] {processor.py:743} INFO - Processing file /home/airflow/.local/lib/python3.7/site-packages/airflow/example_dags/example_branch_labels.py for tasks to queue
[2023-03-21T17:02:45.588+0000] {logging_mixin.py:137} INFO - [2023-03-21T17:02:45.588+0000] {dagbag.py:532} INFO - Filling up the DagBag from /home/airflow/.local/lib/python3.7/site-packages/airflow/example_dags/example_branch_labels.py
[2023-03-21T17:02:45.600+0000] {processor.py:753} INFO - DAG(s) dict_keys(['example_branch_labels']) retrieved from /home/airflow/.local/lib/python3.7/site-packages/airflow/example_dags/example_branch_labels.py
[2023-03-21T17:02:45.630+0000] {logging_mixin.py:137} INFO - [2023-03-21T17:02:45.629+0000] {dag.py:2693} INFO - Sync 1 DAGs
[2023-03-21T17:02:45.653+0000] {logging_mixin.py:137} INFO - [2023-03-21T17:02:45.652+0000] {dag.py:3444} INFO - Setting next_dagrun for example_branch_labels to 2023-03-20T00:00:00+00:00, run_after=2023-03-21T00:00:00+00:00
[2023-03-21T17:02:45.669+0000] {processor.py:175} INFO - Processing /home/airflow/.local/lib/python3.7/site-packages/airflow/example_dags/example_branch_labels.py took 0.086 seconds
[2023-03-21T17:03:15.810+0000] {processor.py:153} INFO - Started process (PID=1064) to work on /home/airflow/.local/lib/python3.7/site-packages/airflow/example_dags/example_branch_labels.py
[2023-03-21T17:03:15.812+0000] {processor.py:743} INFO - Processing file /home/airflow/.local/lib/python3.7/site-packages/airflow/example_dags/example_branch_labels.py for tasks to queue
[2023-03-21T17:03:15.813+0000] {logging_mixin.py:137} INFO - [2023-03-21T17:03:15.813+0000] {dagbag.py:532} INFO - Filling up the DagBag from /home/airflow/.local/lib/python3.7/site-packages/airflow/example_dags/example_branch_labels.py
[2023-03-21T17:03:15.824+0000] {processor.py:753} INFO - DAG(s) dict_keys(['example_branch_labels']) retrieved from /home/airflow/.local/lib/python3.7/site-packages/airflow/example_dags/example_branch_labels.py
[2023-03-21T17:03:15.846+0000] {logging_mixin.py:137} INFO - [2023-03-21T17:03:15.846+0000] {dag.py:2693} INFO - Sync 1 DAGs
[2023-03-21T17:03:15.869+0000] {logging_mixin.py:137} INFO - [2023-03-21T17:03:15.869+0000] {dag.py:3444} INFO - Setting next_dagrun for example_branch_labels to 2023-03-20T00:00:00+00:00, run_after=2023-03-21T00:00:00+00:00
[2023-03-21T17:03:15.882+0000] {processor.py:175} INFO - Processing /home/airflow/.local/lib/python3.7/site-packages/airflow/example_dags/example_branch_labels.py took 0.076 seconds
[2023-03-21T17:03:46.496+0000] {processor.py:153} INFO - Started process (PID=1114) to work on /home/airflow/.local/lib/python3.7/site-packages/airflow/example_dags/example_branch_labels.py
[2023-03-21T17:03:46.497+0000] {processor.py:743} INFO - Processing file /home/airflow/.local/lib/python3.7/site-packages/airflow/example_dags/example_branch_labels.py for tasks to queue
[2023-03-21T17:03:46.499+0000] {logging_mixin.py:137} INFO - [2023-03-21T17:03:46.499+0000] {dagbag.py:532} INFO - Filling up the DagBag from /home/airflow/.local/lib/python3.7/site-packages/airflow/example_dags/example_branch_labels.py
[2023-03-21T17:03:46.512+0000] {processor.py:753} INFO - DAG(s) dict_keys(['example_branch_labels']) retrieved from /home/airflow/.local/lib/python3.7/site-packages/airflow/example_dags/example_branch_labels.py
[2023-03-21T17:03:46.538+0000] {logging_mixin.py:137} INFO - [2023-03-21T17:03:46.538+0000] {dag.py:2693} INFO - Sync 1 DAGs
[2023-03-21T17:03:46.560+0000] {logging_mixin.py:137} INFO - [2023-03-21T17:03:46.560+0000] {dag.py:3444} INFO - Setting next_dagrun for example_branch_labels to 2023-03-20T00:00:00+00:00, run_after=2023-03-21T00:00:00+00:00
[2023-03-21T17:03:46.573+0000] {processor.py:175} INFO - Processing /home/airflow/.local/lib/python3.7/site-packages/airflow/example_dags/example_branch_labels.py took 0.080 seconds
[2023-03-21T17:04:17.557+0000] {processor.py:153} INFO - Started process (PID=1163) to work on /home/airflow/.local/lib/python3.7/site-packages/airflow/example_dags/example_branch_labels.py
[2023-03-21T17:04:17.558+0000] {processor.py:743} INFO - Processing file /home/airflow/.local/lib/python3.7/site-packages/airflow/example_dags/example_branch_labels.py for tasks to queue
[2023-03-21T17:04:17.559+0000] {logging_mixin.py:137} INFO - [2023-03-21T17:04:17.558+0000] {dagbag.py:532} INFO - Filling up the DagBag from /home/airflow/.local/lib/python3.7/site-packages/airflow/example_dags/example_branch_labels.py
[2023-03-21T17:04:17.569+0000] {processor.py:753} INFO - DAG(s) dict_keys(['example_branch_labels']) retrieved from /home/airflow/.local/lib/python3.7/site-packages/airflow/example_dags/example_branch_labels.py
[2023-03-21T17:04:17.592+0000] {logging_mixin.py:137} INFO - [2023-03-21T17:04:17.592+0000] {dag.py:2693} INFO - Sync 1 DAGs
[2023-03-21T17:04:17.609+0000] {logging_mixin.py:137} INFO - [2023-03-21T17:04:17.609+0000] {dag.py:3444} INFO - Setting next_dagrun for example_branch_labels to 2023-03-20T00:00:00+00:00, run_after=2023-03-21T00:00:00+00:00
[2023-03-21T17:04:17.621+0000] {processor.py:175} INFO - Processing /home/airflow/.local/lib/python3.7/site-packages/airflow/example_dags/example_branch_labels.py took 0.068 seconds
[2023-03-21T17:04:48.051+0000] {processor.py:153} INFO - Started process (PID=1213) to work on /home/airflow/.local/lib/python3.7/site-packages/airflow/example_dags/example_branch_labels.py
[2023-03-21T17:04:48.052+0000] {processor.py:743} INFO - Processing file /home/airflow/.local/lib/python3.7/site-packages/airflow/example_dags/example_branch_labels.py for tasks to queue
[2023-03-21T17:04:48.053+0000] {logging_mixin.py:137} INFO - [2023-03-21T17:04:48.053+0000] {dagbag.py:532} INFO - Filling up the DagBag from /home/airflow/.local/lib/python3.7/site-packages/airflow/example_dags/example_branch_labels.py
[2023-03-21T17:04:48.063+0000] {processor.py:753} INFO - DAG(s) dict_keys(['example_branch_labels']) retrieved from /home/airflow/.local/lib/python3.7/site-packages/airflow/example_dags/example_branch_labels.py
[2023-03-21T17:04:48.082+0000] {logging_mixin.py:137} INFO - [2023-03-21T17:04:48.082+0000] {dag.py:2693} INFO - Sync 1 DAGs
[2023-03-21T17:04:48.099+0000] {logging_mixin.py:137} INFO - [2023-03-21T17:04:48.099+0000] {dag.py:3444} INFO - Setting next_dagrun for example_branch_labels to 2023-03-20T00:00:00+00:00, run_after=2023-03-21T00:00:00+00:00
[2023-03-21T17:04:48.109+0000] {processor.py:175} INFO - Processing /home/airflow/.local/lib/python3.7/site-packages/airflow/example_dags/example_branch_labels.py took 0.061 seconds
[2023-03-21T17:05:18.926+0000] {processor.py:153} INFO - Started process (PID=1269) to work on /home/airflow/.local/lib/python3.7/site-packages/airflow/example_dags/example_branch_labels.py
[2023-03-21T17:05:18.928+0000] {processor.py:743} INFO - Processing file /home/airflow/.local/lib/python3.7/site-packages/airflow/example_dags/example_branch_labels.py for tasks to queue
[2023-03-21T17:05:18.929+0000] {logging_mixin.py:137} INFO - [2023-03-21T17:05:18.929+0000] {dagbag.py:532} INFO - Filling up the DagBag from /home/airflow/.local/lib/python3.7/site-packages/airflow/example_dags/example_branch_labels.py
[2023-03-21T17:05:18.945+0000] {processor.py:753} INFO - DAG(s) dict_keys(['example_branch_labels']) retrieved from /home/airflow/.local/lib/python3.7/site-packages/airflow/example_dags/example_branch_labels.py
[2023-03-21T17:05:18.970+0000] {logging_mixin.py:137} INFO - [2023-03-21T17:05:18.970+0000] {dag.py:2693} INFO - Sync 1 DAGs
[2023-03-21T17:05:18.988+0000] {logging_mixin.py:137} INFO - [2023-03-21T17:05:18.988+0000] {dag.py:3444} INFO - Setting next_dagrun for example_branch_labels to 2023-03-20T00:00:00+00:00, run_after=2023-03-21T00:00:00+00:00
[2023-03-21T17:05:19.001+0000] {processor.py:175} INFO - Processing /home/airflow/.local/lib/python3.7/site-packages/airflow/example_dags/example_branch_labels.py took 0.079 seconds
[2023-03-21T17:05:49.631+0000] {processor.py:153} INFO - Started process (PID=1319) to work on /home/airflow/.local/lib/python3.7/site-packages/airflow/example_dags/example_branch_labels.py
[2023-03-21T17:05:49.632+0000] {processor.py:743} INFO - Processing file /home/airflow/.local/lib/python3.7/site-packages/airflow/example_dags/example_branch_labels.py for tasks to queue
[2023-03-21T17:05:49.633+0000] {logging_mixin.py:137} INFO - [2023-03-21T17:05:49.633+0000] {dagbag.py:532} INFO - Filling up the DagBag from /home/airflow/.local/lib/python3.7/site-packages/airflow/example_dags/example_branch_labels.py
[2023-03-21T17:05:49.644+0000] {processor.py:753} INFO - DAG(s) dict_keys(['example_branch_labels']) retrieved from /home/airflow/.local/lib/python3.7/site-packages/airflow/example_dags/example_branch_labels.py
[2023-03-21T17:05:49.666+0000] {logging_mixin.py:137} INFO - [2023-03-21T17:05:49.666+0000] {dag.py:2693} INFO - Sync 1 DAGs
[2023-03-21T17:05:49.685+0000] {logging_mixin.py:137} INFO - [2023-03-21T17:05:49.685+0000] {dag.py:3444} INFO - Setting next_dagrun for example_branch_labels to 2023-03-20T00:00:00+00:00, run_after=2023-03-21T00:00:00+00:00
[2023-03-21T17:05:49.697+0000] {processor.py:175} INFO - Processing /home/airflow/.local/lib/python3.7/site-packages/airflow/example_dags/example_branch_labels.py took 0.069 seconds
[2023-03-21T17:06:20.449+0000] {processor.py:153} INFO - Started process (PID=1369) to work on /home/airflow/.local/lib/python3.7/site-packages/airflow/example_dags/example_branch_labels.py
[2023-03-21T17:06:20.452+0000] {processor.py:743} INFO - Processing file /home/airflow/.local/lib/python3.7/site-packages/airflow/example_dags/example_branch_labels.py for tasks to queue
[2023-03-21T17:06:20.454+0000] {logging_mixin.py:137} INFO - [2023-03-21T17:06:20.454+0000] {dagbag.py:532} INFO - Filling up the DagBag from /home/airflow/.local/lib/python3.7/site-packages/airflow/example_dags/example_branch_labels.py
[2023-03-21T17:06:20.468+0000] {processor.py:753} INFO - DAG(s) dict_keys(['example_branch_labels']) retrieved from /home/airflow/.local/lib/python3.7/site-packages/airflow/example_dags/example_branch_labels.py
[2023-03-21T17:06:20.512+0000] {logging_mixin.py:137} INFO - [2023-03-21T17:06:20.512+0000] {dag.py:2693} INFO - Sync 1 DAGs
[2023-03-21T17:06:20.549+0000] {logging_mixin.py:137} INFO - [2023-03-21T17:06:20.549+0000] {dag.py:3444} INFO - Setting next_dagrun for example_branch_labels to 2023-03-20T00:00:00+00:00, run_after=2023-03-21T00:00:00+00:00
[2023-03-21T17:06:20.565+0000] {processor.py:175} INFO - Processing /home/airflow/.local/lib/python3.7/site-packages/airflow/example_dags/example_branch_labels.py took 0.120 seconds
[2023-03-21T17:06:51.333+0000] {processor.py:153} INFO - Started process (PID=1419) to work on /home/airflow/.local/lib/python3.7/site-packages/airflow/example_dags/example_branch_labels.py
[2023-03-21T17:06:51.335+0000] {processor.py:743} INFO - Processing file /home/airflow/.local/lib/python3.7/site-packages/airflow/example_dags/example_branch_labels.py for tasks to queue
[2023-03-21T17:06:51.336+0000] {logging_mixin.py:137} INFO - [2023-03-21T17:06:51.336+0000] {dagbag.py:532} INFO - Filling up the DagBag from /home/airflow/.local/lib/python3.7/site-packages/airflow/example_dags/example_branch_labels.py
[2023-03-21T17:06:51.351+0000] {processor.py:753} INFO - DAG(s) dict_keys(['example_branch_labels']) retrieved from /home/airflow/.local/lib/python3.7/site-packages/airflow/example_dags/example_branch_labels.py
[2023-03-21T17:06:51.377+0000] {logging_mixin.py:137} INFO - [2023-03-21T17:06:51.377+0000] {dag.py:2693} INFO - Sync 1 DAGs
[2023-03-21T17:06:51.395+0000] {logging_mixin.py:137} INFO - [2023-03-21T17:06:51.395+0000] {dag.py:3444} INFO - Setting next_dagrun for example_branch_labels to 2023-03-20T00:00:00+00:00, run_after=2023-03-21T00:00:00+00:00
[2023-03-21T17:06:51.407+0000] {processor.py:175} INFO - Processing /home/airflow/.local/lib/python3.7/site-packages/airflow/example_dags/example_branch_labels.py took 0.078 seconds
[2023-03-21T17:16:18.007+0000] {processor.py:153} INFO - Started process (PID=60) to work on /home/airflow/.local/lib/python3.7/site-packages/airflow/example_dags/example_branch_labels.py
[2023-03-21T17:16:18.010+0000] {processor.py:743} INFO - Processing file /home/airflow/.local/lib/python3.7/site-packages/airflow/example_dags/example_branch_labels.py for tasks to queue
[2023-03-21T17:16:18.011+0000] {logging_mixin.py:137} INFO - [2023-03-21T17:16:18.011+0000] {dagbag.py:532} INFO - Filling up the DagBag from /home/airflow/.local/lib/python3.7/site-packages/airflow/example_dags/example_branch_labels.py
[2023-03-21T17:16:18.035+0000] {processor.py:753} INFO - DAG(s) dict_keys(['example_branch_labels']) retrieved from /home/airflow/.local/lib/python3.7/site-packages/airflow/example_dags/example_branch_labels.py
[2023-03-21T17:16:18.133+0000] {logging_mixin.py:137} INFO - [2023-03-21T17:16:18.133+0000] {dag.py:2693} INFO - Sync 1 DAGs
[2023-03-21T17:16:18.181+0000] {logging_mixin.py:137} INFO - [2023-03-21T17:16:18.181+0000] {dag.py:3444} INFO - Setting next_dagrun for example_branch_labels to 2023-03-20T00:00:00+00:00, run_after=2023-03-21T00:00:00+00:00
[2023-03-21T17:16:18.256+0000] {processor.py:175} INFO - Processing /home/airflow/.local/lib/python3.7/site-packages/airflow/example_dags/example_branch_labels.py took 0.255 seconds
[2023-03-21T17:16:48.459+0000] {processor.py:153} INFO - Started process (PID=110) to work on /home/airflow/.local/lib/python3.7/site-packages/airflow/example_dags/example_branch_labels.py
[2023-03-21T17:16:48.461+0000] {processor.py:743} INFO - Processing file /home/airflow/.local/lib/python3.7/site-packages/airflow/example_dags/example_branch_labels.py for tasks to queue
[2023-03-21T17:16:48.462+0000] {logging_mixin.py:137} INFO - [2023-03-21T17:16:48.461+0000] {dagbag.py:532} INFO - Filling up the DagBag from /home/airflow/.local/lib/python3.7/site-packages/airflow/example_dags/example_branch_labels.py
[2023-03-21T17:16:48.473+0000] {processor.py:753} INFO - DAG(s) dict_keys(['example_branch_labels']) retrieved from /home/airflow/.local/lib/python3.7/site-packages/airflow/example_dags/example_branch_labels.py
[2023-03-21T17:16:48.495+0000] {logging_mixin.py:137} INFO - [2023-03-21T17:16:48.494+0000] {dag.py:2693} INFO - Sync 1 DAGs
[2023-03-21T17:16:48.514+0000] {logging_mixin.py:137} INFO - [2023-03-21T17:16:48.514+0000] {dag.py:3444} INFO - Setting next_dagrun for example_branch_labels to 2023-03-20T00:00:00+00:00, run_after=2023-03-21T00:00:00+00:00
[2023-03-21T17:16:48.525+0000] {processor.py:175} INFO - Processing /home/airflow/.local/lib/python3.7/site-packages/airflow/example_dags/example_branch_labels.py took 0.068 seconds
[2023-03-21T17:17:22.988+0000] {processor.py:153} INFO - Started process (PID=160) to work on /home/airflow/.local/lib/python3.7/site-packages/airflow/example_dags/example_branch_labels.py
[2023-03-21T17:17:22.990+0000] {processor.py:743} INFO - Processing file /home/airflow/.local/lib/python3.7/site-packages/airflow/example_dags/example_branch_labels.py for tasks to queue
[2023-03-21T17:17:22.991+0000] {logging_mixin.py:137} INFO - [2023-03-21T17:17:22.991+0000] {dagbag.py:532} INFO - Filling up the DagBag from /home/airflow/.local/lib/python3.7/site-packages/airflow/example_dags/example_branch_labels.py
[2023-03-21T17:17:23.004+0000] {processor.py:753} INFO - DAG(s) dict_keys(['example_branch_labels']) retrieved from /home/airflow/.local/lib/python3.7/site-packages/airflow/example_dags/example_branch_labels.py
[2023-03-21T17:17:23.030+0000] {logging_mixin.py:137} INFO - [2023-03-21T17:17:23.030+0000] {dag.py:2693} INFO - Sync 1 DAGs
[2023-03-21T17:17:23.049+0000] {logging_mixin.py:137} INFO - [2023-03-21T17:17:23.049+0000] {dag.py:3444} INFO - Setting next_dagrun for example_branch_labels to 2023-03-20T00:00:00+00:00, run_after=2023-03-21T00:00:00+00:00
[2023-03-21T17:17:23.063+0000] {processor.py:175} INFO - Processing /home/airflow/.local/lib/python3.7/site-packages/airflow/example_dags/example_branch_labels.py took 0.078 seconds
[2023-03-21T17:17:53.683+0000] {processor.py:153} INFO - Started process (PID=209) to work on /home/airflow/.local/lib/python3.7/site-packages/airflow/example_dags/example_branch_labels.py
[2023-03-21T17:17:53.685+0000] {processor.py:743} INFO - Processing file /home/airflow/.local/lib/python3.7/site-packages/airflow/example_dags/example_branch_labels.py for tasks to queue
[2023-03-21T17:17:53.686+0000] {logging_mixin.py:137} INFO - [2023-03-21T17:17:53.686+0000] {dagbag.py:532} INFO - Filling up the DagBag from /home/airflow/.local/lib/python3.7/site-packages/airflow/example_dags/example_branch_labels.py
[2023-03-21T17:17:53.701+0000] {processor.py:753} INFO - DAG(s) dict_keys(['example_branch_labels']) retrieved from /home/airflow/.local/lib/python3.7/site-packages/airflow/example_dags/example_branch_labels.py
[2023-03-21T17:17:53.725+0000] {logging_mixin.py:137} INFO - [2023-03-21T17:17:53.725+0000] {dag.py:2693} INFO - Sync 1 DAGs
[2023-03-21T17:17:53.743+0000] {logging_mixin.py:137} INFO - [2023-03-21T17:17:53.743+0000] {dag.py:3444} INFO - Setting next_dagrun for example_branch_labels to 2023-03-20T00:00:00+00:00, run_after=2023-03-21T00:00:00+00:00
[2023-03-21T17:17:53.755+0000] {processor.py:175} INFO - Processing /home/airflow/.local/lib/python3.7/site-packages/airflow/example_dags/example_branch_labels.py took 0.075 seconds
