[2023-03-21T15:25:53.766+0000] {processor.py:153} INFO - Started process (PID=52) to work on /home/airflow/.local/lib/python3.7/site-packages/airflow/example_dags/example_short_circuit_decorator.py
[2023-03-21T15:25:53.768+0000] {processor.py:743} INFO - Processing file /home/airflow/.local/lib/python3.7/site-packages/airflow/example_dags/example_short_circuit_decorator.py for tasks to queue
[2023-03-21T15:25:53.771+0000] {logging_mixin.py:137} INFO - [2023-03-21T15:25:53.770+0000] {dagbag.py:532} INFO - Filling up the DagBag from /home/airflow/.local/lib/python3.7/site-packages/airflow/example_dags/example_short_circuit_decorator.py
[2023-03-21T15:25:53.819+0000] {processor.py:753} INFO - DAG(s) dict_keys(['example_short_circuit_decorator']) retrieved from /home/airflow/.local/lib/python3.7/site-packages/airflow/example_dags/example_short_circuit_decorator.py
[2023-03-21T15:25:53.839+0000] {logging_mixin.py:137} INFO - [2023-03-21T15:25:53.839+0000] {dag.py:2693} INFO - Sync 1 DAGs
[2023-03-21T15:25:53.886+0000] {logging_mixin.py:137} INFO - [2023-03-21T15:25:53.885+0000] {dag.py:3444} INFO - Setting next_dagrun for example_short_circuit_decorator to 2023-03-20T15:25:53.885651+00:00, run_after=2023-03-21T15:25:53.885651+00:00
[2023-03-21T15:25:53.909+0000] {processor.py:175} INFO - Processing /home/airflow/.local/lib/python3.7/site-packages/airflow/example_dags/example_short_circuit_decorator.py took 0.148 seconds
[2023-03-21T15:26:23.973+0000] {processor.py:153} INFO - Started process (PID=101) to work on /home/airflow/.local/lib/python3.7/site-packages/airflow/example_dags/example_short_circuit_decorator.py
[2023-03-21T15:26:23.974+0000] {processor.py:743} INFO - Processing file /home/airflow/.local/lib/python3.7/site-packages/airflow/example_dags/example_short_circuit_decorator.py for tasks to queue
[2023-03-21T15:26:23.975+0000] {logging_mixin.py:137} INFO - [2023-03-21T15:26:23.975+0000] {dagbag.py:532} INFO - Filling up the DagBag from /home/airflow/.local/lib/python3.7/site-packages/airflow/example_dags/example_short_circuit_decorator.py
[2023-03-21T15:26:23.991+0000] {processor.py:753} INFO - DAG(s) dict_keys(['example_short_circuit_decorator']) retrieved from /home/airflow/.local/lib/python3.7/site-packages/airflow/example_dags/example_short_circuit_decorator.py
[2023-03-21T15:26:24.011+0000] {logging_mixin.py:137} INFO - [2023-03-21T15:26:24.011+0000] {dag.py:2693} INFO - Sync 1 DAGs
[2023-03-21T15:26:24.026+0000] {logging_mixin.py:137} INFO - [2023-03-21T15:26:24.026+0000] {dag.py:3444} INFO - Setting next_dagrun for example_short_circuit_decorator to 2023-03-20T15:26:24.025947+00:00, run_after=2023-03-21T15:26:24.025947+00:00
[2023-03-21T15:26:24.036+0000] {processor.py:175} INFO - Processing /home/airflow/.local/lib/python3.7/site-packages/airflow/example_dags/example_short_circuit_decorator.py took 0.065 seconds
[2023-03-21T15:26:54.505+0000] {processor.py:153} INFO - Started process (PID=150) to work on /home/airflow/.local/lib/python3.7/site-packages/airflow/example_dags/example_short_circuit_decorator.py
[2023-03-21T15:26:54.506+0000] {processor.py:743} INFO - Processing file /home/airflow/.local/lib/python3.7/site-packages/airflow/example_dags/example_short_circuit_decorator.py for tasks to queue
[2023-03-21T15:26:54.507+0000] {logging_mixin.py:137} INFO - [2023-03-21T15:26:54.507+0000] {dagbag.py:532} INFO - Filling up the DagBag from /home/airflow/.local/lib/python3.7/site-packages/airflow/example_dags/example_short_circuit_decorator.py
[2023-03-21T15:26:54.523+0000] {processor.py:753} INFO - DAG(s) dict_keys(['example_short_circuit_decorator']) retrieved from /home/airflow/.local/lib/python3.7/site-packages/airflow/example_dags/example_short_circuit_decorator.py
[2023-03-21T15:26:54.541+0000] {logging_mixin.py:137} INFO - [2023-03-21T15:26:54.541+0000] {dag.py:2693} INFO - Sync 1 DAGs
[2023-03-21T15:26:54.556+0000] {logging_mixin.py:137} INFO - [2023-03-21T15:26:54.556+0000] {dag.py:3444} INFO - Setting next_dagrun for example_short_circuit_decorator to 2023-03-20T15:26:54.555845+00:00, run_after=2023-03-21T15:26:54.555845+00:00
[2023-03-21T15:26:54.566+0000] {processor.py:175} INFO - Processing /home/airflow/.local/lib/python3.7/site-packages/airflow/example_dags/example_short_circuit_decorator.py took 0.064 seconds
[2023-03-21T15:27:25.370+0000] {processor.py:153} INFO - Started process (PID=199) to work on /home/airflow/.local/lib/python3.7/site-packages/airflow/example_dags/example_short_circuit_decorator.py
[2023-03-21T15:27:25.372+0000] {processor.py:743} INFO - Processing file /home/airflow/.local/lib/python3.7/site-packages/airflow/example_dags/example_short_circuit_decorator.py for tasks to queue
[2023-03-21T15:27:25.372+0000] {logging_mixin.py:137} INFO - [2023-03-21T15:27:25.372+0000] {dagbag.py:532} INFO - Filling up the DagBag from /home/airflow/.local/lib/python3.7/site-packages/airflow/example_dags/example_short_circuit_decorator.py
[2023-03-21T15:27:25.389+0000] {processor.py:753} INFO - DAG(s) dict_keys(['example_short_circuit_decorator']) retrieved from /home/airflow/.local/lib/python3.7/site-packages/airflow/example_dags/example_short_circuit_decorator.py
[2023-03-21T15:27:25.408+0000] {logging_mixin.py:137} INFO - [2023-03-21T15:27:25.407+0000] {dag.py:2693} INFO - Sync 1 DAGs
[2023-03-21T15:27:25.422+0000] {logging_mixin.py:137} INFO - [2023-03-21T15:27:25.422+0000] {dag.py:3444} INFO - Setting next_dagrun for example_short_circuit_decorator to 2023-03-20T15:27:25.422002+00:00, run_after=2023-03-21T15:27:25.422002+00:00
[2023-03-21T15:27:25.432+0000] {processor.py:175} INFO - Processing /home/airflow/.local/lib/python3.7/site-packages/airflow/example_dags/example_short_circuit_decorator.py took 0.065 seconds
[2023-03-21T15:27:55.667+0000] {processor.py:153} INFO - Started process (PID=248) to work on /home/airflow/.local/lib/python3.7/site-packages/airflow/example_dags/example_short_circuit_decorator.py
[2023-03-21T15:27:55.668+0000] {processor.py:743} INFO - Processing file /home/airflow/.local/lib/python3.7/site-packages/airflow/example_dags/example_short_circuit_decorator.py for tasks to queue
[2023-03-21T15:27:55.668+0000] {logging_mixin.py:137} INFO - [2023-03-21T15:27:55.668+0000] {dagbag.py:532} INFO - Filling up the DagBag from /home/airflow/.local/lib/python3.7/site-packages/airflow/example_dags/example_short_circuit_decorator.py
[2023-03-21T15:27:55.685+0000] {processor.py:753} INFO - DAG(s) dict_keys(['example_short_circuit_decorator']) retrieved from /home/airflow/.local/lib/python3.7/site-packages/airflow/example_dags/example_short_circuit_decorator.py
[2023-03-21T15:27:55.705+0000] {logging_mixin.py:137} INFO - [2023-03-21T15:27:55.705+0000] {dag.py:2693} INFO - Sync 1 DAGs
[2023-03-21T15:27:55.721+0000] {logging_mixin.py:137} INFO - [2023-03-21T15:27:55.721+0000] {dag.py:3444} INFO - Setting next_dagrun for example_short_circuit_decorator to 2023-03-20T15:27:55.721495+00:00, run_after=2023-03-21T15:27:55.721495+00:00
[2023-03-21T15:27:55.733+0000] {processor.py:175} INFO - Processing /home/airflow/.local/lib/python3.7/site-packages/airflow/example_dags/example_short_circuit_decorator.py took 0.069 seconds
[2023-03-21T15:28:26.100+0000] {processor.py:153} INFO - Started process (PID=297) to work on /home/airflow/.local/lib/python3.7/site-packages/airflow/example_dags/example_short_circuit_decorator.py
[2023-03-21T15:28:26.101+0000] {processor.py:743} INFO - Processing file /home/airflow/.local/lib/python3.7/site-packages/airflow/example_dags/example_short_circuit_decorator.py for tasks to queue
[2023-03-21T15:28:26.102+0000] {logging_mixin.py:137} INFO - [2023-03-21T15:28:26.102+0000] {dagbag.py:532} INFO - Filling up the DagBag from /home/airflow/.local/lib/python3.7/site-packages/airflow/example_dags/example_short_circuit_decorator.py
[2023-03-21T15:28:26.118+0000] {processor.py:753} INFO - DAG(s) dict_keys(['example_short_circuit_decorator']) retrieved from /home/airflow/.local/lib/python3.7/site-packages/airflow/example_dags/example_short_circuit_decorator.py
[2023-03-21T15:28:26.139+0000] {logging_mixin.py:137} INFO - [2023-03-21T15:28:26.139+0000] {dag.py:2693} INFO - Sync 1 DAGs
[2023-03-21T15:28:26.154+0000] {logging_mixin.py:137} INFO - [2023-03-21T15:28:26.154+0000] {dag.py:3444} INFO - Setting next_dagrun for example_short_circuit_decorator to 2023-03-20T15:28:26.154646+00:00, run_after=2023-03-21T15:28:26.154646+00:00
[2023-03-21T15:28:26.166+0000] {processor.py:175} INFO - Processing /home/airflow/.local/lib/python3.7/site-packages/airflow/example_dags/example_short_circuit_decorator.py took 0.069 seconds
[2023-03-21T15:28:56.444+0000] {processor.py:153} INFO - Started process (PID=346) to work on /home/airflow/.local/lib/python3.7/site-packages/airflow/example_dags/example_short_circuit_decorator.py
[2023-03-21T15:28:56.445+0000] {processor.py:743} INFO - Processing file /home/airflow/.local/lib/python3.7/site-packages/airflow/example_dags/example_short_circuit_decorator.py for tasks to queue
[2023-03-21T15:28:56.446+0000] {logging_mixin.py:137} INFO - [2023-03-21T15:28:56.446+0000] {dagbag.py:532} INFO - Filling up the DagBag from /home/airflow/.local/lib/python3.7/site-packages/airflow/example_dags/example_short_circuit_decorator.py
[2023-03-21T15:28:56.462+0000] {processor.py:753} INFO - DAG(s) dict_keys(['example_short_circuit_decorator']) retrieved from /home/airflow/.local/lib/python3.7/site-packages/airflow/example_dags/example_short_circuit_decorator.py
[2023-03-21T15:28:56.480+0000] {logging_mixin.py:137} INFO - [2023-03-21T15:28:56.480+0000] {dag.py:2693} INFO - Sync 1 DAGs
[2023-03-21T15:28:56.494+0000] {logging_mixin.py:137} INFO - [2023-03-21T15:28:56.494+0000] {dag.py:3444} INFO - Setting next_dagrun for example_short_circuit_decorator to 2023-03-20T15:28:56.494718+00:00, run_after=2023-03-21T15:28:56.494718+00:00
[2023-03-21T15:28:56.505+0000] {processor.py:175} INFO - Processing /home/airflow/.local/lib/python3.7/site-packages/airflow/example_dags/example_short_circuit_decorator.py took 0.064 seconds
[2023-03-21T15:29:26.758+0000] {processor.py:153} INFO - Started process (PID=395) to work on /home/airflow/.local/lib/python3.7/site-packages/airflow/example_dags/example_short_circuit_decorator.py
[2023-03-21T15:29:26.759+0000] {processor.py:743} INFO - Processing file /home/airflow/.local/lib/python3.7/site-packages/airflow/example_dags/example_short_circuit_decorator.py for tasks to queue
[2023-03-21T15:29:26.760+0000] {logging_mixin.py:137} INFO - [2023-03-21T15:29:26.760+0000] {dagbag.py:532} INFO - Filling up the DagBag from /home/airflow/.local/lib/python3.7/site-packages/airflow/example_dags/example_short_circuit_decorator.py
[2023-03-21T15:29:26.777+0000] {processor.py:753} INFO - DAG(s) dict_keys(['example_short_circuit_decorator']) retrieved from /home/airflow/.local/lib/python3.7/site-packages/airflow/example_dags/example_short_circuit_decorator.py
[2023-03-21T15:29:26.798+0000] {logging_mixin.py:137} INFO - [2023-03-21T15:29:26.798+0000] {dag.py:2693} INFO - Sync 1 DAGs
[2023-03-21T15:29:26.814+0000] {logging_mixin.py:137} INFO - [2023-03-21T15:29:26.814+0000] {dag.py:3444} INFO - Setting next_dagrun for example_short_circuit_decorator to 2023-03-20T15:29:26.814226+00:00, run_after=2023-03-21T15:29:26.814226+00:00
[2023-03-21T15:29:26.824+0000] {processor.py:175} INFO - Processing /home/airflow/.local/lib/python3.7/site-packages/airflow/example_dags/example_short_circuit_decorator.py took 0.069 seconds
[2023-03-21T15:29:57.170+0000] {processor.py:153} INFO - Started process (PID=444) to work on /home/airflow/.local/lib/python3.7/site-packages/airflow/example_dags/example_short_circuit_decorator.py
[2023-03-21T15:29:57.171+0000] {processor.py:743} INFO - Processing file /home/airflow/.local/lib/python3.7/site-packages/airflow/example_dags/example_short_circuit_decorator.py for tasks to queue
[2023-03-21T15:29:57.172+0000] {logging_mixin.py:137} INFO - [2023-03-21T15:29:57.172+0000] {dagbag.py:532} INFO - Filling up the DagBag from /home/airflow/.local/lib/python3.7/site-packages/airflow/example_dags/example_short_circuit_decorator.py
[2023-03-21T15:29:57.194+0000] {processor.py:753} INFO - DAG(s) dict_keys(['example_short_circuit_decorator']) retrieved from /home/airflow/.local/lib/python3.7/site-packages/airflow/example_dags/example_short_circuit_decorator.py
[2023-03-21T15:29:57.218+0000] {logging_mixin.py:137} INFO - [2023-03-21T15:29:57.218+0000] {dag.py:2693} INFO - Sync 1 DAGs
[2023-03-21T15:29:57.235+0000] {logging_mixin.py:137} INFO - [2023-03-21T15:29:57.235+0000] {dag.py:3444} INFO - Setting next_dagrun for example_short_circuit_decorator to 2023-03-20T15:29:57.234791+00:00, run_after=2023-03-21T15:29:57.234791+00:00
[2023-03-21T15:29:57.245+0000] {processor.py:175} INFO - Processing /home/airflow/.local/lib/python3.7/site-packages/airflow/example_dags/example_short_circuit_decorator.py took 0.079 seconds
[2023-03-21T15:30:27.692+0000] {processor.py:153} INFO - Started process (PID=493) to work on /home/airflow/.local/lib/python3.7/site-packages/airflow/example_dags/example_short_circuit_decorator.py
[2023-03-21T15:30:27.694+0000] {processor.py:743} INFO - Processing file /home/airflow/.local/lib/python3.7/site-packages/airflow/example_dags/example_short_circuit_decorator.py for tasks to queue
[2023-03-21T15:30:27.694+0000] {logging_mixin.py:137} INFO - [2023-03-21T15:30:27.694+0000] {dagbag.py:532} INFO - Filling up the DagBag from /home/airflow/.local/lib/python3.7/site-packages/airflow/example_dags/example_short_circuit_decorator.py
[2023-03-21T15:30:27.710+0000] {processor.py:753} INFO - DAG(s) dict_keys(['example_short_circuit_decorator']) retrieved from /home/airflow/.local/lib/python3.7/site-packages/airflow/example_dags/example_short_circuit_decorator.py
[2023-03-21T15:30:27.731+0000] {logging_mixin.py:137} INFO - [2023-03-21T15:30:27.730+0000] {dag.py:2693} INFO - Sync 1 DAGs
[2023-03-21T15:30:27.745+0000] {logging_mixin.py:137} INFO - [2023-03-21T15:30:27.745+0000] {dag.py:3444} INFO - Setting next_dagrun for example_short_circuit_decorator to 2023-03-20T15:30:27.745552+00:00, run_after=2023-03-21T15:30:27.745552+00:00
[2023-03-21T15:30:27.757+0000] {processor.py:175} INFO - Processing /home/airflow/.local/lib/python3.7/site-packages/airflow/example_dags/example_short_circuit_decorator.py took 0.067 seconds
[2023-03-21T15:30:58.182+0000] {processor.py:153} INFO - Started process (PID=542) to work on /home/airflow/.local/lib/python3.7/site-packages/airflow/example_dags/example_short_circuit_decorator.py
[2023-03-21T15:30:58.183+0000] {processor.py:743} INFO - Processing file /home/airflow/.local/lib/python3.7/site-packages/airflow/example_dags/example_short_circuit_decorator.py for tasks to queue
[2023-03-21T15:30:58.183+0000] {logging_mixin.py:137} INFO - [2023-03-21T15:30:58.183+0000] {dagbag.py:532} INFO - Filling up the DagBag from /home/airflow/.local/lib/python3.7/site-packages/airflow/example_dags/example_short_circuit_decorator.py
[2023-03-21T15:30:58.199+0000] {processor.py:753} INFO - DAG(s) dict_keys(['example_short_circuit_decorator']) retrieved from /home/airflow/.local/lib/python3.7/site-packages/airflow/example_dags/example_short_circuit_decorator.py
[2023-03-21T15:30:58.218+0000] {logging_mixin.py:137} INFO - [2023-03-21T15:30:58.218+0000] {dag.py:2693} INFO - Sync 1 DAGs
[2023-03-21T15:30:58.233+0000] {logging_mixin.py:137} INFO - [2023-03-21T15:30:58.233+0000] {dag.py:3444} INFO - Setting next_dagrun for example_short_circuit_decorator to 2023-03-20T15:30:58.232944+00:00, run_after=2023-03-21T15:30:58.232944+00:00
[2023-03-21T15:30:58.244+0000] {processor.py:175} INFO - Processing /home/airflow/.local/lib/python3.7/site-packages/airflow/example_dags/example_short_circuit_decorator.py took 0.064 seconds
[2023-03-21T15:31:28.504+0000] {processor.py:153} INFO - Started process (PID=590) to work on /home/airflow/.local/lib/python3.7/site-packages/airflow/example_dags/example_short_circuit_decorator.py
[2023-03-21T15:31:28.506+0000] {processor.py:743} INFO - Processing file /home/airflow/.local/lib/python3.7/site-packages/airflow/example_dags/example_short_circuit_decorator.py for tasks to queue
[2023-03-21T15:31:28.506+0000] {logging_mixin.py:137} INFO - [2023-03-21T15:31:28.506+0000] {dagbag.py:532} INFO - Filling up the DagBag from /home/airflow/.local/lib/python3.7/site-packages/airflow/example_dags/example_short_circuit_decorator.py
[2023-03-21T15:31:28.522+0000] {processor.py:753} INFO - DAG(s) dict_keys(['example_short_circuit_decorator']) retrieved from /home/airflow/.local/lib/python3.7/site-packages/airflow/example_dags/example_short_circuit_decorator.py
[2023-03-21T15:31:28.543+0000] {logging_mixin.py:137} INFO - [2023-03-21T15:31:28.543+0000] {dag.py:2693} INFO - Sync 1 DAGs
[2023-03-21T15:31:28.559+0000] {logging_mixin.py:137} INFO - [2023-03-21T15:31:28.559+0000] {dag.py:3444} INFO - Setting next_dagrun for example_short_circuit_decorator to 2023-03-20T15:31:28.559114+00:00, run_after=2023-03-21T15:31:28.559114+00:00
[2023-03-21T15:31:28.569+0000] {processor.py:175} INFO - Processing /home/airflow/.local/lib/python3.7/site-packages/airflow/example_dags/example_short_circuit_decorator.py took 0.067 seconds
[2023-03-21T15:31:58.950+0000] {processor.py:153} INFO - Started process (PID=639) to work on /home/airflow/.local/lib/python3.7/site-packages/airflow/example_dags/example_short_circuit_decorator.py
[2023-03-21T15:31:58.951+0000] {processor.py:743} INFO - Processing file /home/airflow/.local/lib/python3.7/site-packages/airflow/example_dags/example_short_circuit_decorator.py for tasks to queue
[2023-03-21T15:31:58.951+0000] {logging_mixin.py:137} INFO - [2023-03-21T15:31:58.951+0000] {dagbag.py:532} INFO - Filling up the DagBag from /home/airflow/.local/lib/python3.7/site-packages/airflow/example_dags/example_short_circuit_decorator.py
[2023-03-21T15:31:58.968+0000] {processor.py:753} INFO - DAG(s) dict_keys(['example_short_circuit_decorator']) retrieved from /home/airflow/.local/lib/python3.7/site-packages/airflow/example_dags/example_short_circuit_decorator.py
[2023-03-21T15:31:58.990+0000] {logging_mixin.py:137} INFO - [2023-03-21T15:31:58.990+0000] {dag.py:2693} INFO - Sync 1 DAGs
[2023-03-21T15:31:59.006+0000] {logging_mixin.py:137} INFO - [2023-03-21T15:31:59.006+0000] {dag.py:3444} INFO - Setting next_dagrun for example_short_circuit_decorator to 2023-03-20T15:31:59.005972+00:00, run_after=2023-03-21T15:31:59.005972+00:00
[2023-03-21T15:31:59.016+0000] {processor.py:175} INFO - Processing /home/airflow/.local/lib/python3.7/site-packages/airflow/example_dags/example_short_circuit_decorator.py took 0.069 seconds
[2023-03-21T16:52:55.701+0000] {processor.py:153} INFO - Started process (PID=53) to work on /home/airflow/.local/lib/python3.7/site-packages/airflow/example_dags/example_short_circuit_decorator.py
[2023-03-21T16:52:55.704+0000] {processor.py:743} INFO - Processing file /home/airflow/.local/lib/python3.7/site-packages/airflow/example_dags/example_short_circuit_decorator.py for tasks to queue
[2023-03-21T16:52:55.705+0000] {logging_mixin.py:137} INFO - [2023-03-21T16:52:55.705+0000] {dagbag.py:532} INFO - Filling up the DagBag from /home/airflow/.local/lib/python3.7/site-packages/airflow/example_dags/example_short_circuit_decorator.py
[2023-03-21T16:52:55.749+0000] {processor.py:753} INFO - DAG(s) dict_keys(['example_short_circuit_decorator']) retrieved from /home/airflow/.local/lib/python3.7/site-packages/airflow/example_dags/example_short_circuit_decorator.py
[2023-03-21T16:52:55.797+0000] {logging_mixin.py:137} INFO - [2023-03-21T16:52:55.797+0000] {dag.py:2693} INFO - Sync 1 DAGs
[2023-03-21T16:52:55.843+0000] {logging_mixin.py:137} INFO - [2023-03-21T16:52:55.843+0000] {dag.py:3444} INFO - Setting next_dagrun for example_short_circuit_decorator to 2023-03-20T16:52:55.843445+00:00, run_after=2023-03-21T16:52:55.843445+00:00
[2023-03-21T16:52:55.864+0000] {processor.py:175} INFO - Processing /home/airflow/.local/lib/python3.7/site-packages/airflow/example_dags/example_short_circuit_decorator.py took 0.168 seconds
[2023-03-21T16:53:26.733+0000] {processor.py:153} INFO - Started process (PID=102) to work on /home/airflow/.local/lib/python3.7/site-packages/airflow/example_dags/example_short_circuit_decorator.py
[2023-03-21T16:53:26.735+0000] {processor.py:743} INFO - Processing file /home/airflow/.local/lib/python3.7/site-packages/airflow/example_dags/example_short_circuit_decorator.py for tasks to queue
[2023-03-21T16:53:26.737+0000] {logging_mixin.py:137} INFO - [2023-03-21T16:53:26.736+0000] {dagbag.py:532} INFO - Filling up the DagBag from /home/airflow/.local/lib/python3.7/site-packages/airflow/example_dags/example_short_circuit_decorator.py
[2023-03-21T16:53:26.763+0000] {processor.py:753} INFO - DAG(s) dict_keys(['example_short_circuit_decorator']) retrieved from /home/airflow/.local/lib/python3.7/site-packages/airflow/example_dags/example_short_circuit_decorator.py
[2023-03-21T16:53:26.785+0000] {logging_mixin.py:137} INFO - [2023-03-21T16:53:26.785+0000] {dag.py:2693} INFO - Sync 1 DAGs
[2023-03-21T16:53:26.803+0000] {logging_mixin.py:137} INFO - [2023-03-21T16:53:26.803+0000] {dag.py:3444} INFO - Setting next_dagrun for example_short_circuit_decorator to 2023-03-20T16:53:26.803003+00:00, run_after=2023-03-21T16:53:26.803003+00:00
[2023-03-21T16:53:26.817+0000] {processor.py:175} INFO - Processing /home/airflow/.local/lib/python3.7/site-packages/airflow/example_dags/example_short_circuit_decorator.py took 0.090 seconds
[2023-03-21T16:53:58.634+0000] {processor.py:153} INFO - Started process (PID=156) to work on /home/airflow/.local/lib/python3.7/site-packages/airflow/example_dags/example_short_circuit_decorator.py
[2023-03-21T16:53:58.637+0000] {processor.py:743} INFO - Processing file /home/airflow/.local/lib/python3.7/site-packages/airflow/example_dags/example_short_circuit_decorator.py for tasks to queue
[2023-03-21T16:53:58.640+0000] {logging_mixin.py:137} INFO - [2023-03-21T16:53:58.638+0000] {dagbag.py:532} INFO - Filling up the DagBag from /home/airflow/.local/lib/python3.7/site-packages/airflow/example_dags/example_short_circuit_decorator.py
[2023-03-21T16:53:58.672+0000] {processor.py:753} INFO - DAG(s) dict_keys(['example_short_circuit_decorator']) retrieved from /home/airflow/.local/lib/python3.7/site-packages/airflow/example_dags/example_short_circuit_decorator.py
[2023-03-21T16:53:58.715+0000] {logging_mixin.py:137} INFO - [2023-03-21T16:53:58.714+0000] {dag.py:2693} INFO - Sync 1 DAGs
[2023-03-21T16:53:58.754+0000] {logging_mixin.py:137} INFO - [2023-03-21T16:53:58.754+0000] {dag.py:3444} INFO - Setting next_dagrun for example_short_circuit_decorator to 2023-03-20T16:53:58.754528+00:00, run_after=2023-03-21T16:53:58.754528+00:00
[2023-03-21T16:53:58.775+0000] {processor.py:175} INFO - Processing /home/airflow/.local/lib/python3.7/site-packages/airflow/example_dags/example_short_circuit_decorator.py took 0.143 seconds
[2023-03-21T16:54:32.162+0000] {processor.py:153} INFO - Started process (PID=206) to work on /home/airflow/.local/lib/python3.7/site-packages/airflow/example_dags/example_short_circuit_decorator.py
[2023-03-21T16:54:32.172+0000] {processor.py:743} INFO - Processing file /home/airflow/.local/lib/python3.7/site-packages/airflow/example_dags/example_short_circuit_decorator.py for tasks to queue
[2023-03-21T16:54:32.175+0000] {logging_mixin.py:137} INFO - [2023-03-21T16:54:32.175+0000] {dagbag.py:532} INFO - Filling up the DagBag from /home/airflow/.local/lib/python3.7/site-packages/airflow/example_dags/example_short_circuit_decorator.py
[2023-03-21T16:54:32.232+0000] {processor.py:753} INFO - DAG(s) dict_keys(['example_short_circuit_decorator']) retrieved from /home/airflow/.local/lib/python3.7/site-packages/airflow/example_dags/example_short_circuit_decorator.py
[2023-03-21T16:54:32.357+0000] {logging_mixin.py:137} INFO - [2023-03-21T16:54:32.357+0000] {dag.py:2693} INFO - Sync 1 DAGs
[2023-03-21T16:54:32.483+0000] {logging_mixin.py:137} INFO - [2023-03-21T16:54:32.482+0000] {dag.py:3444} INFO - Setting next_dagrun for example_short_circuit_decorator to 2023-03-20T16:54:32.482174+00:00, run_after=2023-03-21T16:54:32.482174+00:00
[2023-03-21T16:54:32.608+0000] {processor.py:175} INFO - Processing /home/airflow/.local/lib/python3.7/site-packages/airflow/example_dags/example_short_circuit_decorator.py took 0.463 seconds
[2023-03-21T16:55:02.783+0000] {processor.py:153} INFO - Started process (PID=255) to work on /home/airflow/.local/lib/python3.7/site-packages/airflow/example_dags/example_short_circuit_decorator.py
[2023-03-21T16:55:02.785+0000] {processor.py:743} INFO - Processing file /home/airflow/.local/lib/python3.7/site-packages/airflow/example_dags/example_short_circuit_decorator.py for tasks to queue
[2023-03-21T16:55:02.786+0000] {logging_mixin.py:137} INFO - [2023-03-21T16:55:02.785+0000] {dagbag.py:532} INFO - Filling up the DagBag from /home/airflow/.local/lib/python3.7/site-packages/airflow/example_dags/example_short_circuit_decorator.py
[2023-03-21T16:55:02.803+0000] {processor.py:753} INFO - DAG(s) dict_keys(['example_short_circuit_decorator']) retrieved from /home/airflow/.local/lib/python3.7/site-packages/airflow/example_dags/example_short_circuit_decorator.py
[2023-03-21T16:55:02.824+0000] {logging_mixin.py:137} INFO - [2023-03-21T16:55:02.824+0000] {dag.py:2693} INFO - Sync 1 DAGs
[2023-03-21T16:55:02.840+0000] {logging_mixin.py:137} INFO - [2023-03-21T16:55:02.840+0000] {dag.py:3444} INFO - Setting next_dagrun for example_short_circuit_decorator to 2023-03-20T16:55:02.840140+00:00, run_after=2023-03-21T16:55:02.840140+00:00
[2023-03-21T16:55:02.851+0000] {processor.py:175} INFO - Processing /home/airflow/.local/lib/python3.7/site-packages/airflow/example_dags/example_short_circuit_decorator.py took 0.071 seconds
[2023-03-21T16:55:33.789+0000] {processor.py:153} INFO - Started process (PID=305) to work on /home/airflow/.local/lib/python3.7/site-packages/airflow/example_dags/example_short_circuit_decorator.py
[2023-03-21T16:55:33.791+0000] {processor.py:743} INFO - Processing file /home/airflow/.local/lib/python3.7/site-packages/airflow/example_dags/example_short_circuit_decorator.py for tasks to queue
[2023-03-21T16:55:33.792+0000] {logging_mixin.py:137} INFO - [2023-03-21T16:55:33.792+0000] {dagbag.py:532} INFO - Filling up the DagBag from /home/airflow/.local/lib/python3.7/site-packages/airflow/example_dags/example_short_circuit_decorator.py
[2023-03-21T16:55:33.816+0000] {processor.py:753} INFO - DAG(s) dict_keys(['example_short_circuit_decorator']) retrieved from /home/airflow/.local/lib/python3.7/site-packages/airflow/example_dags/example_short_circuit_decorator.py
[2023-03-21T16:55:33.843+0000] {logging_mixin.py:137} INFO - [2023-03-21T16:55:33.843+0000] {dag.py:2693} INFO - Sync 1 DAGs
[2023-03-21T16:55:33.864+0000] {logging_mixin.py:137} INFO - [2023-03-21T16:55:33.864+0000] {dag.py:3444} INFO - Setting next_dagrun for example_short_circuit_decorator to 2023-03-20T16:55:33.864201+00:00, run_after=2023-03-21T16:55:33.864201+00:00
[2023-03-21T16:55:33.886+0000] {processor.py:175} INFO - Processing /home/airflow/.local/lib/python3.7/site-packages/airflow/example_dags/example_short_circuit_decorator.py took 0.104 seconds
[2023-03-21T16:56:04.916+0000] {processor.py:153} INFO - Started process (PID=355) to work on /home/airflow/.local/lib/python3.7/site-packages/airflow/example_dags/example_short_circuit_decorator.py
[2023-03-21T16:56:04.918+0000] {processor.py:743} INFO - Processing file /home/airflow/.local/lib/python3.7/site-packages/airflow/example_dags/example_short_circuit_decorator.py for tasks to queue
[2023-03-21T16:56:04.919+0000] {logging_mixin.py:137} INFO - [2023-03-21T16:56:04.919+0000] {dagbag.py:532} INFO - Filling up the DagBag from /home/airflow/.local/lib/python3.7/site-packages/airflow/example_dags/example_short_circuit_decorator.py
[2023-03-21T16:56:04.940+0000] {processor.py:753} INFO - DAG(s) dict_keys(['example_short_circuit_decorator']) retrieved from /home/airflow/.local/lib/python3.7/site-packages/airflow/example_dags/example_short_circuit_decorator.py
[2023-03-21T16:56:04.989+0000] {logging_mixin.py:137} INFO - [2023-03-21T16:56:04.989+0000] {dag.py:2693} INFO - Sync 1 DAGs
[2023-03-21T16:56:05.009+0000] {logging_mixin.py:137} INFO - [2023-03-21T16:56:05.009+0000] {dag.py:3444} INFO - Setting next_dagrun for example_short_circuit_decorator to 2023-03-20T16:56:05.008829+00:00, run_after=2023-03-21T16:56:05.008829+00:00
[2023-03-21T16:56:05.021+0000] {processor.py:175} INFO - Processing /home/airflow/.local/lib/python3.7/site-packages/airflow/example_dags/example_short_circuit_decorator.py took 0.108 seconds
[2023-03-21T16:56:35.805+0000] {processor.py:153} INFO - Started process (PID=406) to work on /home/airflow/.local/lib/python3.7/site-packages/airflow/example_dags/example_short_circuit_decorator.py
[2023-03-21T16:56:35.807+0000] {processor.py:743} INFO - Processing file /home/airflow/.local/lib/python3.7/site-packages/airflow/example_dags/example_short_circuit_decorator.py for tasks to queue
[2023-03-21T16:56:35.808+0000] {logging_mixin.py:137} INFO - [2023-03-21T16:56:35.808+0000] {dagbag.py:532} INFO - Filling up the DagBag from /home/airflow/.local/lib/python3.7/site-packages/airflow/example_dags/example_short_circuit_decorator.py
[2023-03-21T16:56:35.828+0000] {processor.py:753} INFO - DAG(s) dict_keys(['example_short_circuit_decorator']) retrieved from /home/airflow/.local/lib/python3.7/site-packages/airflow/example_dags/example_short_circuit_decorator.py
[2023-03-21T16:56:35.852+0000] {logging_mixin.py:137} INFO - [2023-03-21T16:56:35.852+0000] {dag.py:2693} INFO - Sync 1 DAGs
[2023-03-21T16:56:35.870+0000] {logging_mixin.py:137} INFO - [2023-03-21T16:56:35.870+0000] {dag.py:3444} INFO - Setting next_dagrun for example_short_circuit_decorator to 2023-03-20T16:56:35.869797+00:00, run_after=2023-03-21T16:56:35.869797+00:00
[2023-03-21T16:56:35.883+0000] {processor.py:175} INFO - Processing /home/airflow/.local/lib/python3.7/site-packages/airflow/example_dags/example_short_circuit_decorator.py took 0.082 seconds
[2023-03-21T16:57:06.260+0000] {processor.py:153} INFO - Started process (PID=457) to work on /home/airflow/.local/lib/python3.7/site-packages/airflow/example_dags/example_short_circuit_decorator.py
[2023-03-21T16:57:06.261+0000] {processor.py:743} INFO - Processing file /home/airflow/.local/lib/python3.7/site-packages/airflow/example_dags/example_short_circuit_decorator.py for tasks to queue
[2023-03-21T16:57:06.262+0000] {logging_mixin.py:137} INFO - [2023-03-21T16:57:06.262+0000] {dagbag.py:532} INFO - Filling up the DagBag from /home/airflow/.local/lib/python3.7/site-packages/airflow/example_dags/example_short_circuit_decorator.py
[2023-03-21T16:57:06.278+0000] {processor.py:753} INFO - DAG(s) dict_keys(['example_short_circuit_decorator']) retrieved from /home/airflow/.local/lib/python3.7/site-packages/airflow/example_dags/example_short_circuit_decorator.py
[2023-03-21T16:57:06.297+0000] {logging_mixin.py:137} INFO - [2023-03-21T16:57:06.297+0000] {dag.py:2693} INFO - Sync 1 DAGs
[2023-03-21T16:57:06.313+0000] {logging_mixin.py:137} INFO - [2023-03-21T16:57:06.313+0000] {dag.py:3444} INFO - Setting next_dagrun for example_short_circuit_decorator to 2023-03-20T16:57:06.313084+00:00, run_after=2023-03-21T16:57:06.313084+00:00
[2023-03-21T16:57:06.324+0000] {processor.py:175} INFO - Processing /home/airflow/.local/lib/python3.7/site-packages/airflow/example_dags/example_short_circuit_decorator.py took 0.067 seconds
[2023-03-21T16:57:36.383+0000] {processor.py:153} INFO - Started process (PID=507) to work on /home/airflow/.local/lib/python3.7/site-packages/airflow/example_dags/example_short_circuit_decorator.py
[2023-03-21T16:57:36.384+0000] {processor.py:743} INFO - Processing file /home/airflow/.local/lib/python3.7/site-packages/airflow/example_dags/example_short_circuit_decorator.py for tasks to queue
[2023-03-21T16:57:36.385+0000] {logging_mixin.py:137} INFO - [2023-03-21T16:57:36.385+0000] {dagbag.py:532} INFO - Filling up the DagBag from /home/airflow/.local/lib/python3.7/site-packages/airflow/example_dags/example_short_circuit_decorator.py
[2023-03-21T16:57:36.402+0000] {processor.py:753} INFO - DAG(s) dict_keys(['example_short_circuit_decorator']) retrieved from /home/airflow/.local/lib/python3.7/site-packages/airflow/example_dags/example_short_circuit_decorator.py
[2023-03-21T16:57:36.423+0000] {logging_mixin.py:137} INFO - [2023-03-21T16:57:36.423+0000] {dag.py:2693} INFO - Sync 1 DAGs
[2023-03-21T16:57:36.439+0000] {logging_mixin.py:137} INFO - [2023-03-21T16:57:36.439+0000] {dag.py:3444} INFO - Setting next_dagrun for example_short_circuit_decorator to 2023-03-20T16:57:36.439487+00:00, run_after=2023-03-21T16:57:36.439487+00:00
[2023-03-21T16:57:36.451+0000] {processor.py:175} INFO - Processing /home/airflow/.local/lib/python3.7/site-packages/airflow/example_dags/example_short_circuit_decorator.py took 0.071 seconds
[2023-03-21T16:58:06.992+0000] {processor.py:153} INFO - Started process (PID=557) to work on /home/airflow/.local/lib/python3.7/site-packages/airflow/example_dags/example_short_circuit_decorator.py
[2023-03-21T16:58:06.993+0000] {processor.py:743} INFO - Processing file /home/airflow/.local/lib/python3.7/site-packages/airflow/example_dags/example_short_circuit_decorator.py for tasks to queue
[2023-03-21T16:58:06.993+0000] {logging_mixin.py:137} INFO - [2023-03-21T16:58:06.993+0000] {dagbag.py:532} INFO - Filling up the DagBag from /home/airflow/.local/lib/python3.7/site-packages/airflow/example_dags/example_short_circuit_decorator.py
[2023-03-21T16:58:07.009+0000] {processor.py:753} INFO - DAG(s) dict_keys(['example_short_circuit_decorator']) retrieved from /home/airflow/.local/lib/python3.7/site-packages/airflow/example_dags/example_short_circuit_decorator.py
[2023-03-21T16:58:07.029+0000] {logging_mixin.py:137} INFO - [2023-03-21T16:58:07.029+0000] {dag.py:2693} INFO - Sync 1 DAGs
[2023-03-21T16:58:07.044+0000] {logging_mixin.py:137} INFO - [2023-03-21T16:58:07.044+0000] {dag.py:3444} INFO - Setting next_dagrun for example_short_circuit_decorator to 2023-03-20T16:58:07.044502+00:00, run_after=2023-03-21T16:58:07.044502+00:00
[2023-03-21T16:58:07.056+0000] {processor.py:175} INFO - Processing /home/airflow/.local/lib/python3.7/site-packages/airflow/example_dags/example_short_circuit_decorator.py took 0.067 seconds
[2023-03-21T16:58:37.744+0000] {processor.py:153} INFO - Started process (PID=607) to work on /home/airflow/.local/lib/python3.7/site-packages/airflow/example_dags/example_short_circuit_decorator.py
[2023-03-21T16:58:37.745+0000] {processor.py:743} INFO - Processing file /home/airflow/.local/lib/python3.7/site-packages/airflow/example_dags/example_short_circuit_decorator.py for tasks to queue
[2023-03-21T16:58:37.746+0000] {logging_mixin.py:137} INFO - [2023-03-21T16:58:37.746+0000] {dagbag.py:532} INFO - Filling up the DagBag from /home/airflow/.local/lib/python3.7/site-packages/airflow/example_dags/example_short_circuit_decorator.py
[2023-03-21T16:58:37.763+0000] {processor.py:753} INFO - DAG(s) dict_keys(['example_short_circuit_decorator']) retrieved from /home/airflow/.local/lib/python3.7/site-packages/airflow/example_dags/example_short_circuit_decorator.py
[2023-03-21T16:58:37.783+0000] {logging_mixin.py:137} INFO - [2023-03-21T16:58:37.783+0000] {dag.py:2693} INFO - Sync 1 DAGs
[2023-03-21T16:58:37.800+0000] {logging_mixin.py:137} INFO - [2023-03-21T16:58:37.800+0000] {dag.py:3444} INFO - Setting next_dagrun for example_short_circuit_decorator to 2023-03-20T16:58:37.800415+00:00, run_after=2023-03-21T16:58:37.800415+00:00
[2023-03-21T16:58:37.812+0000] {processor.py:175} INFO - Processing /home/airflow/.local/lib/python3.7/site-packages/airflow/example_dags/example_short_circuit_decorator.py took 0.072 seconds
[2023-03-21T16:59:08.378+0000] {processor.py:153} INFO - Started process (PID=657) to work on /home/airflow/.local/lib/python3.7/site-packages/airflow/example_dags/example_short_circuit_decorator.py
[2023-03-21T16:59:08.379+0000] {processor.py:743} INFO - Processing file /home/airflow/.local/lib/python3.7/site-packages/airflow/example_dags/example_short_circuit_decorator.py for tasks to queue
[2023-03-21T16:59:08.380+0000] {logging_mixin.py:137} INFO - [2023-03-21T16:59:08.380+0000] {dagbag.py:532} INFO - Filling up the DagBag from /home/airflow/.local/lib/python3.7/site-packages/airflow/example_dags/example_short_circuit_decorator.py
[2023-03-21T16:59:08.395+0000] {processor.py:753} INFO - DAG(s) dict_keys(['example_short_circuit_decorator']) retrieved from /home/airflow/.local/lib/python3.7/site-packages/airflow/example_dags/example_short_circuit_decorator.py
[2023-03-21T16:59:08.423+0000] {logging_mixin.py:137} INFO - [2023-03-21T16:59:08.423+0000] {dag.py:2693} INFO - Sync 1 DAGs
[2023-03-21T16:59:08.447+0000] {logging_mixin.py:137} INFO - [2023-03-21T16:59:08.447+0000] {dag.py:3444} INFO - Setting next_dagrun for example_short_circuit_decorator to 2023-03-20T16:59:08.447175+00:00, run_after=2023-03-21T16:59:08.447175+00:00
[2023-03-21T16:59:08.461+0000] {processor.py:175} INFO - Processing /home/airflow/.local/lib/python3.7/site-packages/airflow/example_dags/example_short_circuit_decorator.py took 0.087 seconds
[2023-03-21T16:59:39.330+0000] {processor.py:153} INFO - Started process (PID=707) to work on /home/airflow/.local/lib/python3.7/site-packages/airflow/example_dags/example_short_circuit_decorator.py
[2023-03-21T16:59:39.331+0000] {processor.py:743} INFO - Processing file /home/airflow/.local/lib/python3.7/site-packages/airflow/example_dags/example_short_circuit_decorator.py for tasks to queue
[2023-03-21T16:59:39.332+0000] {logging_mixin.py:137} INFO - [2023-03-21T16:59:39.332+0000] {dagbag.py:532} INFO - Filling up the DagBag from /home/airflow/.local/lib/python3.7/site-packages/airflow/example_dags/example_short_circuit_decorator.py
[2023-03-21T16:59:39.348+0000] {processor.py:753} INFO - DAG(s) dict_keys(['example_short_circuit_decorator']) retrieved from /home/airflow/.local/lib/python3.7/site-packages/airflow/example_dags/example_short_circuit_decorator.py
[2023-03-21T16:59:39.367+0000] {logging_mixin.py:137} INFO - [2023-03-21T16:59:39.367+0000] {dag.py:2693} INFO - Sync 1 DAGs
[2023-03-21T16:59:39.383+0000] {logging_mixin.py:137} INFO - [2023-03-21T16:59:39.383+0000] {dag.py:3444} INFO - Setting next_dagrun for example_short_circuit_decorator to 2023-03-20T16:59:39.382993+00:00, run_after=2023-03-21T16:59:39.382993+00:00
[2023-03-21T16:59:39.394+0000] {processor.py:175} INFO - Processing /home/airflow/.local/lib/python3.7/site-packages/airflow/example_dags/example_short_circuit_decorator.py took 0.066 seconds
[2023-03-21T17:00:10.217+0000] {processor.py:153} INFO - Started process (PID=757) to work on /home/airflow/.local/lib/python3.7/site-packages/airflow/example_dags/example_short_circuit_decorator.py
[2023-03-21T17:00:10.218+0000] {processor.py:743} INFO - Processing file /home/airflow/.local/lib/python3.7/site-packages/airflow/example_dags/example_short_circuit_decorator.py for tasks to queue
[2023-03-21T17:00:10.218+0000] {logging_mixin.py:137} INFO - [2023-03-21T17:00:10.218+0000] {dagbag.py:532} INFO - Filling up the DagBag from /home/airflow/.local/lib/python3.7/site-packages/airflow/example_dags/example_short_circuit_decorator.py
[2023-03-21T17:00:10.234+0000] {processor.py:753} INFO - DAG(s) dict_keys(['example_short_circuit_decorator']) retrieved from /home/airflow/.local/lib/python3.7/site-packages/airflow/example_dags/example_short_circuit_decorator.py
[2023-03-21T17:00:10.253+0000] {logging_mixin.py:137} INFO - [2023-03-21T17:00:10.253+0000] {dag.py:2693} INFO - Sync 1 DAGs
[2023-03-21T17:00:10.269+0000] {logging_mixin.py:137} INFO - [2023-03-21T17:00:10.269+0000] {dag.py:3444} INFO - Setting next_dagrun for example_short_circuit_decorator to 2023-03-20T17:00:10.268933+00:00, run_after=2023-03-21T17:00:10.268933+00:00
[2023-03-21T17:00:10.280+0000] {processor.py:175} INFO - Processing /home/airflow/.local/lib/python3.7/site-packages/airflow/example_dags/example_short_circuit_decorator.py took 0.065 seconds
[2023-03-21T17:00:41.185+0000] {processor.py:153} INFO - Started process (PID=807) to work on /home/airflow/.local/lib/python3.7/site-packages/airflow/example_dags/example_short_circuit_decorator.py
[2023-03-21T17:00:41.186+0000] {processor.py:743} INFO - Processing file /home/airflow/.local/lib/python3.7/site-packages/airflow/example_dags/example_short_circuit_decorator.py for tasks to queue
[2023-03-21T17:00:41.186+0000] {logging_mixin.py:137} INFO - [2023-03-21T17:00:41.186+0000] {dagbag.py:532} INFO - Filling up the DagBag from /home/airflow/.local/lib/python3.7/site-packages/airflow/example_dags/example_short_circuit_decorator.py
[2023-03-21T17:00:41.202+0000] {processor.py:753} INFO - DAG(s) dict_keys(['example_short_circuit_decorator']) retrieved from /home/airflow/.local/lib/python3.7/site-packages/airflow/example_dags/example_short_circuit_decorator.py
[2023-03-21T17:00:41.223+0000] {logging_mixin.py:137} INFO - [2023-03-21T17:00:41.223+0000] {dag.py:2693} INFO - Sync 1 DAGs
[2023-03-21T17:00:41.239+0000] {logging_mixin.py:137} INFO - [2023-03-21T17:00:41.239+0000] {dag.py:3444} INFO - Setting next_dagrun for example_short_circuit_decorator to 2023-03-20T17:00:41.239400+00:00, run_after=2023-03-21T17:00:41.239400+00:00
[2023-03-21T17:00:41.250+0000] {processor.py:175} INFO - Processing /home/airflow/.local/lib/python3.7/site-packages/airflow/example_dags/example_short_circuit_decorator.py took 0.068 seconds
[2023-03-21T17:01:11.919+0000] {processor.py:153} INFO - Started process (PID=857) to work on /home/airflow/.local/lib/python3.7/site-packages/airflow/example_dags/example_short_circuit_decorator.py
[2023-03-21T17:01:11.920+0000] {processor.py:743} INFO - Processing file /home/airflow/.local/lib/python3.7/site-packages/airflow/example_dags/example_short_circuit_decorator.py for tasks to queue
[2023-03-21T17:01:11.921+0000] {logging_mixin.py:137} INFO - [2023-03-21T17:01:11.920+0000] {dagbag.py:532} INFO - Filling up the DagBag from /home/airflow/.local/lib/python3.7/site-packages/airflow/example_dags/example_short_circuit_decorator.py
[2023-03-21T17:01:11.938+0000] {processor.py:753} INFO - DAG(s) dict_keys(['example_short_circuit_decorator']) retrieved from /home/airflow/.local/lib/python3.7/site-packages/airflow/example_dags/example_short_circuit_decorator.py
[2023-03-21T17:01:11.959+0000] {logging_mixin.py:137} INFO - [2023-03-21T17:01:11.959+0000] {dag.py:2693} INFO - Sync 1 DAGs
[2023-03-21T17:01:11.977+0000] {logging_mixin.py:137} INFO - [2023-03-21T17:01:11.977+0000] {dag.py:3444} INFO - Setting next_dagrun for example_short_circuit_decorator to 2023-03-20T17:01:11.977187+00:00, run_after=2023-03-21T17:01:11.977187+00:00
[2023-03-21T17:01:11.990+0000] {processor.py:175} INFO - Processing /home/airflow/.local/lib/python3.7/site-packages/airflow/example_dags/example_short_circuit_decorator.py took 0.074 seconds
[2023-03-21T17:01:42.633+0000] {processor.py:153} INFO - Started process (PID=907) to work on /home/airflow/.local/lib/python3.7/site-packages/airflow/example_dags/example_short_circuit_decorator.py
[2023-03-21T17:01:42.634+0000] {processor.py:743} INFO - Processing file /home/airflow/.local/lib/python3.7/site-packages/airflow/example_dags/example_short_circuit_decorator.py for tasks to queue
[2023-03-21T17:01:42.635+0000] {logging_mixin.py:137} INFO - [2023-03-21T17:01:42.635+0000] {dagbag.py:532} INFO - Filling up the DagBag from /home/airflow/.local/lib/python3.7/site-packages/airflow/example_dags/example_short_circuit_decorator.py
[2023-03-21T17:01:42.653+0000] {processor.py:753} INFO - DAG(s) dict_keys(['example_short_circuit_decorator']) retrieved from /home/airflow/.local/lib/python3.7/site-packages/airflow/example_dags/example_short_circuit_decorator.py
[2023-03-21T17:01:42.674+0000] {logging_mixin.py:137} INFO - [2023-03-21T17:01:42.674+0000] {dag.py:2693} INFO - Sync 1 DAGs
[2023-03-21T17:01:42.691+0000] {logging_mixin.py:137} INFO - [2023-03-21T17:01:42.691+0000] {dag.py:3444} INFO - Setting next_dagrun for example_short_circuit_decorator to 2023-03-20T17:01:42.691325+00:00, run_after=2023-03-21T17:01:42.691325+00:00
[2023-03-21T17:01:42.703+0000] {processor.py:175} INFO - Processing /home/airflow/.local/lib/python3.7/site-packages/airflow/example_dags/example_short_circuit_decorator.py took 0.074 seconds
[2023-03-21T17:02:13.263+0000] {processor.py:153} INFO - Started process (PID=957) to work on /home/airflow/.local/lib/python3.7/site-packages/airflow/example_dags/example_short_circuit_decorator.py
[2023-03-21T17:02:13.265+0000] {processor.py:743} INFO - Processing file /home/airflow/.local/lib/python3.7/site-packages/airflow/example_dags/example_short_circuit_decorator.py for tasks to queue
[2023-03-21T17:02:13.265+0000] {logging_mixin.py:137} INFO - [2023-03-21T17:02:13.265+0000] {dagbag.py:532} INFO - Filling up the DagBag from /home/airflow/.local/lib/python3.7/site-packages/airflow/example_dags/example_short_circuit_decorator.py
[2023-03-21T17:02:13.281+0000] {processor.py:753} INFO - DAG(s) dict_keys(['example_short_circuit_decorator']) retrieved from /home/airflow/.local/lib/python3.7/site-packages/airflow/example_dags/example_short_circuit_decorator.py
[2023-03-21T17:02:13.300+0000] {logging_mixin.py:137} INFO - [2023-03-21T17:02:13.300+0000] {dag.py:2693} INFO - Sync 1 DAGs
[2023-03-21T17:02:13.315+0000] {logging_mixin.py:137} INFO - [2023-03-21T17:02:13.315+0000] {dag.py:3444} INFO - Setting next_dagrun for example_short_circuit_decorator to 2023-03-20T17:02:13.315655+00:00, run_after=2023-03-21T17:02:13.315655+00:00
[2023-03-21T17:02:13.327+0000] {processor.py:175} INFO - Processing /home/airflow/.local/lib/python3.7/site-packages/airflow/example_dags/example_short_circuit_decorator.py took 0.067 seconds
[2023-03-21T17:02:44.128+0000] {processor.py:153} INFO - Started process (PID=1007) to work on /home/airflow/.local/lib/python3.7/site-packages/airflow/example_dags/example_short_circuit_decorator.py
[2023-03-21T17:02:44.129+0000] {processor.py:743} INFO - Processing file /home/airflow/.local/lib/python3.7/site-packages/airflow/example_dags/example_short_circuit_decorator.py for tasks to queue
[2023-03-21T17:02:44.130+0000] {logging_mixin.py:137} INFO - [2023-03-21T17:02:44.130+0000] {dagbag.py:532} INFO - Filling up the DagBag from /home/airflow/.local/lib/python3.7/site-packages/airflow/example_dags/example_short_circuit_decorator.py
[2023-03-21T17:02:44.146+0000] {processor.py:753} INFO - DAG(s) dict_keys(['example_short_circuit_decorator']) retrieved from /home/airflow/.local/lib/python3.7/site-packages/airflow/example_dags/example_short_circuit_decorator.py
[2023-03-21T17:02:44.165+0000] {logging_mixin.py:137} INFO - [2023-03-21T17:02:44.165+0000] {dag.py:2693} INFO - Sync 1 DAGs
[2023-03-21T17:02:44.185+0000] {logging_mixin.py:137} INFO - [2023-03-21T17:02:44.185+0000] {dag.py:3444} INFO - Setting next_dagrun for example_short_circuit_decorator to 2023-03-20T17:02:44.184830+00:00, run_after=2023-03-21T17:02:44.184830+00:00
[2023-03-21T17:02:44.196+0000] {processor.py:175} INFO - Processing /home/airflow/.local/lib/python3.7/site-packages/airflow/example_dags/example_short_circuit_decorator.py took 0.071 seconds
[2023-03-21T17:03:14.396+0000] {processor.py:153} INFO - Started process (PID=1057) to work on /home/airflow/.local/lib/python3.7/site-packages/airflow/example_dags/example_short_circuit_decorator.py
[2023-03-21T17:03:14.397+0000] {processor.py:743} INFO - Processing file /home/airflow/.local/lib/python3.7/site-packages/airflow/example_dags/example_short_circuit_decorator.py for tasks to queue
[2023-03-21T17:03:14.398+0000] {logging_mixin.py:137} INFO - [2023-03-21T17:03:14.398+0000] {dagbag.py:532} INFO - Filling up the DagBag from /home/airflow/.local/lib/python3.7/site-packages/airflow/example_dags/example_short_circuit_decorator.py
[2023-03-21T17:03:14.415+0000] {processor.py:753} INFO - DAG(s) dict_keys(['example_short_circuit_decorator']) retrieved from /home/airflow/.local/lib/python3.7/site-packages/airflow/example_dags/example_short_circuit_decorator.py
[2023-03-21T17:03:14.435+0000] {logging_mixin.py:137} INFO - [2023-03-21T17:03:14.435+0000] {dag.py:2693} INFO - Sync 1 DAGs
[2023-03-21T17:03:14.453+0000] {logging_mixin.py:137} INFO - [2023-03-21T17:03:14.453+0000] {dag.py:3444} INFO - Setting next_dagrun for example_short_circuit_decorator to 2023-03-20T17:03:14.453616+00:00, run_after=2023-03-21T17:03:14.453616+00:00
[2023-03-21T17:03:14.468+0000] {processor.py:175} INFO - Processing /home/airflow/.local/lib/python3.7/site-packages/airflow/example_dags/example_short_circuit_decorator.py took 0.075 seconds
[2023-03-21T17:03:45.025+0000] {processor.py:153} INFO - Started process (PID=1107) to work on /home/airflow/.local/lib/python3.7/site-packages/airflow/example_dags/example_short_circuit_decorator.py
[2023-03-21T17:03:45.026+0000] {processor.py:743} INFO - Processing file /home/airflow/.local/lib/python3.7/site-packages/airflow/example_dags/example_short_circuit_decorator.py for tasks to queue
[2023-03-21T17:03:45.027+0000] {logging_mixin.py:137} INFO - [2023-03-21T17:03:45.027+0000] {dagbag.py:532} INFO - Filling up the DagBag from /home/airflow/.local/lib/python3.7/site-packages/airflow/example_dags/example_short_circuit_decorator.py
[2023-03-21T17:03:45.045+0000] {processor.py:753} INFO - DAG(s) dict_keys(['example_short_circuit_decorator']) retrieved from /home/airflow/.local/lib/python3.7/site-packages/airflow/example_dags/example_short_circuit_decorator.py
[2023-03-21T17:03:45.067+0000] {logging_mixin.py:137} INFO - [2023-03-21T17:03:45.066+0000] {dag.py:2693} INFO - Sync 1 DAGs
[2023-03-21T17:03:45.085+0000] {logging_mixin.py:137} INFO - [2023-03-21T17:03:45.085+0000] {dag.py:3444} INFO - Setting next_dagrun for example_short_circuit_decorator to 2023-03-20T17:03:45.085396+00:00, run_after=2023-03-21T17:03:45.085396+00:00
[2023-03-21T17:03:45.100+0000] {processor.py:175} INFO - Processing /home/airflow/.local/lib/python3.7/site-packages/airflow/example_dags/example_short_circuit_decorator.py took 0.079 seconds
[2023-03-21T17:04:15.986+0000] {processor.py:153} INFO - Started process (PID=1156) to work on /home/airflow/.local/lib/python3.7/site-packages/airflow/example_dags/example_short_circuit_decorator.py
[2023-03-21T17:04:15.988+0000] {processor.py:743} INFO - Processing file /home/airflow/.local/lib/python3.7/site-packages/airflow/example_dags/example_short_circuit_decorator.py for tasks to queue
[2023-03-21T17:04:15.989+0000] {logging_mixin.py:137} INFO - [2023-03-21T17:04:15.989+0000] {dagbag.py:532} INFO - Filling up the DagBag from /home/airflow/.local/lib/python3.7/site-packages/airflow/example_dags/example_short_circuit_decorator.py
[2023-03-21T17:04:16.007+0000] {processor.py:753} INFO - DAG(s) dict_keys(['example_short_circuit_decorator']) retrieved from /home/airflow/.local/lib/python3.7/site-packages/airflow/example_dags/example_short_circuit_decorator.py
[2023-03-21T17:04:16.030+0000] {logging_mixin.py:137} INFO - [2023-03-21T17:04:16.030+0000] {dag.py:2693} INFO - Sync 1 DAGs
[2023-03-21T17:04:16.049+0000] {logging_mixin.py:137} INFO - [2023-03-21T17:04:16.049+0000] {dag.py:3444} INFO - Setting next_dagrun for example_short_circuit_decorator to 2023-03-20T17:04:16.049339+00:00, run_after=2023-03-21T17:04:16.049339+00:00
[2023-03-21T17:04:16.060+0000] {processor.py:175} INFO - Processing /home/airflow/.local/lib/python3.7/site-packages/airflow/example_dags/example_short_circuit_decorator.py took 0.077 seconds
[2023-03-21T17:04:46.688+0000] {processor.py:153} INFO - Started process (PID=1206) to work on /home/airflow/.local/lib/python3.7/site-packages/airflow/example_dags/example_short_circuit_decorator.py
[2023-03-21T17:04:46.689+0000] {processor.py:743} INFO - Processing file /home/airflow/.local/lib/python3.7/site-packages/airflow/example_dags/example_short_circuit_decorator.py for tasks to queue
[2023-03-21T17:04:46.689+0000] {logging_mixin.py:137} INFO - [2023-03-21T17:04:46.689+0000] {dagbag.py:532} INFO - Filling up the DagBag from /home/airflow/.local/lib/python3.7/site-packages/airflow/example_dags/example_short_circuit_decorator.py
[2023-03-21T17:04:46.705+0000] {processor.py:753} INFO - DAG(s) dict_keys(['example_short_circuit_decorator']) retrieved from /home/airflow/.local/lib/python3.7/site-packages/airflow/example_dags/example_short_circuit_decorator.py
[2023-03-21T17:04:46.725+0000] {logging_mixin.py:137} INFO - [2023-03-21T17:04:46.724+0000] {dag.py:2693} INFO - Sync 1 DAGs
[2023-03-21T17:04:46.740+0000] {logging_mixin.py:137} INFO - [2023-03-21T17:04:46.740+0000] {dag.py:3444} INFO - Setting next_dagrun for example_short_circuit_decorator to 2023-03-20T17:04:46.739906+00:00, run_after=2023-03-21T17:04:46.739906+00:00
[2023-03-21T17:04:46.751+0000] {processor.py:175} INFO - Processing /home/airflow/.local/lib/python3.7/site-packages/airflow/example_dags/example_short_circuit_decorator.py took 0.066 seconds
[2023-03-21T17:05:17.509+0000] {processor.py:153} INFO - Started process (PID=1256) to work on /home/airflow/.local/lib/python3.7/site-packages/airflow/example_dags/example_short_circuit_decorator.py
[2023-03-21T17:05:17.510+0000] {processor.py:743} INFO - Processing file /home/airflow/.local/lib/python3.7/site-packages/airflow/example_dags/example_short_circuit_decorator.py for tasks to queue
[2023-03-21T17:05:17.510+0000] {logging_mixin.py:137} INFO - [2023-03-21T17:05:17.510+0000] {dagbag.py:532} INFO - Filling up the DagBag from /home/airflow/.local/lib/python3.7/site-packages/airflow/example_dags/example_short_circuit_decorator.py
[2023-03-21T17:05:17.526+0000] {processor.py:753} INFO - DAG(s) dict_keys(['example_short_circuit_decorator']) retrieved from /home/airflow/.local/lib/python3.7/site-packages/airflow/example_dags/example_short_circuit_decorator.py
[2023-03-21T17:05:17.545+0000] {logging_mixin.py:137} INFO - [2023-03-21T17:05:17.545+0000] {dag.py:2693} INFO - Sync 1 DAGs
[2023-03-21T17:05:17.560+0000] {logging_mixin.py:137} INFO - [2023-03-21T17:05:17.560+0000] {dag.py:3444} INFO - Setting next_dagrun for example_short_circuit_decorator to 2023-03-20T17:05:17.560649+00:00, run_after=2023-03-21T17:05:17.560649+00:00
[2023-03-21T17:05:17.572+0000] {processor.py:175} INFO - Processing /home/airflow/.local/lib/python3.7/site-packages/airflow/example_dags/example_short_circuit_decorator.py took 0.066 seconds
[2023-03-21T17:05:48.282+0000] {processor.py:153} INFO - Started process (PID=1305) to work on /home/airflow/.local/lib/python3.7/site-packages/airflow/example_dags/example_short_circuit_decorator.py
[2023-03-21T17:05:48.283+0000] {processor.py:743} INFO - Processing file /home/airflow/.local/lib/python3.7/site-packages/airflow/example_dags/example_short_circuit_decorator.py for tasks to queue
[2023-03-21T17:05:48.283+0000] {logging_mixin.py:137} INFO - [2023-03-21T17:05:48.283+0000] {dagbag.py:532} INFO - Filling up the DagBag from /home/airflow/.local/lib/python3.7/site-packages/airflow/example_dags/example_short_circuit_decorator.py
[2023-03-21T17:05:48.299+0000] {processor.py:753} INFO - DAG(s) dict_keys(['example_short_circuit_decorator']) retrieved from /home/airflow/.local/lib/python3.7/site-packages/airflow/example_dags/example_short_circuit_decorator.py
[2023-03-21T17:05:48.317+0000] {logging_mixin.py:137} INFO - [2023-03-21T17:05:48.317+0000] {dag.py:2693} INFO - Sync 1 DAGs
[2023-03-21T17:05:48.333+0000] {logging_mixin.py:137} INFO - [2023-03-21T17:05:48.333+0000] {dag.py:3444} INFO - Setting next_dagrun for example_short_circuit_decorator to 2023-03-20T17:05:48.333419+00:00, run_after=2023-03-21T17:05:48.333419+00:00
[2023-03-21T17:05:48.344+0000] {processor.py:175} INFO - Processing /home/airflow/.local/lib/python3.7/site-packages/airflow/example_dags/example_short_circuit_decorator.py took 0.065 seconds
[2023-03-21T17:06:19.033+0000] {processor.py:153} INFO - Started process (PID=1361) to work on /home/airflow/.local/lib/python3.7/site-packages/airflow/example_dags/example_short_circuit_decorator.py
[2023-03-21T17:06:19.035+0000] {processor.py:743} INFO - Processing file /home/airflow/.local/lib/python3.7/site-packages/airflow/example_dags/example_short_circuit_decorator.py for tasks to queue
[2023-03-21T17:06:19.038+0000] {logging_mixin.py:137} INFO - [2023-03-21T17:06:19.038+0000] {dagbag.py:532} INFO - Filling up the DagBag from /home/airflow/.local/lib/python3.7/site-packages/airflow/example_dags/example_short_circuit_decorator.py
[2023-03-21T17:06:19.067+0000] {processor.py:753} INFO - DAG(s) dict_keys(['example_short_circuit_decorator']) retrieved from /home/airflow/.local/lib/python3.7/site-packages/airflow/example_dags/example_short_circuit_decorator.py
[2023-03-21T17:06:19.091+0000] {logging_mixin.py:137} INFO - [2023-03-21T17:06:19.091+0000] {dag.py:2693} INFO - Sync 1 DAGs
[2023-03-21T17:06:19.107+0000] {logging_mixin.py:137} INFO - [2023-03-21T17:06:19.107+0000] {dag.py:3444} INFO - Setting next_dagrun for example_short_circuit_decorator to 2023-03-20T17:06:19.107366+00:00, run_after=2023-03-21T17:06:19.107366+00:00
[2023-03-21T17:06:19.118+0000] {processor.py:175} INFO - Processing /home/airflow/.local/lib/python3.7/site-packages/airflow/example_dags/example_short_circuit_decorator.py took 0.089 seconds
[2023-03-21T17:06:49.983+0000] {processor.py:153} INFO - Started process (PID=1412) to work on /home/airflow/.local/lib/python3.7/site-packages/airflow/example_dags/example_short_circuit_decorator.py
[2023-03-21T17:06:49.984+0000] {processor.py:743} INFO - Processing file /home/airflow/.local/lib/python3.7/site-packages/airflow/example_dags/example_short_circuit_decorator.py for tasks to queue
[2023-03-21T17:06:49.985+0000] {logging_mixin.py:137} INFO - [2023-03-21T17:06:49.985+0000] {dagbag.py:532} INFO - Filling up the DagBag from /home/airflow/.local/lib/python3.7/site-packages/airflow/example_dags/example_short_circuit_decorator.py
[2023-03-21T17:06:50.002+0000] {processor.py:753} INFO - DAG(s) dict_keys(['example_short_circuit_decorator']) retrieved from /home/airflow/.local/lib/python3.7/site-packages/airflow/example_dags/example_short_circuit_decorator.py
[2023-03-21T17:06:50.021+0000] {logging_mixin.py:137} INFO - [2023-03-21T17:06:50.021+0000] {dag.py:2693} INFO - Sync 1 DAGs
[2023-03-21T17:06:50.037+0000] {logging_mixin.py:137} INFO - [2023-03-21T17:06:50.037+0000] {dag.py:3444} INFO - Setting next_dagrun for example_short_circuit_decorator to 2023-03-20T17:06:50.037343+00:00, run_after=2023-03-21T17:06:50.037343+00:00
[2023-03-21T17:06:50.048+0000] {processor.py:175} INFO - Processing /home/airflow/.local/lib/python3.7/site-packages/airflow/example_dags/example_short_circuit_decorator.py took 0.068 seconds
[2023-03-21T17:16:17.147+0000] {processor.py:153} INFO - Started process (PID=53) to work on /home/airflow/.local/lib/python3.7/site-packages/airflow/example_dags/example_short_circuit_decorator.py
[2023-03-21T17:16:17.150+0000] {processor.py:743} INFO - Processing file /home/airflow/.local/lib/python3.7/site-packages/airflow/example_dags/example_short_circuit_decorator.py for tasks to queue
[2023-03-21T17:16:17.153+0000] {logging_mixin.py:137} INFO - [2023-03-21T17:16:17.153+0000] {dagbag.py:532} INFO - Filling up the DagBag from /home/airflow/.local/lib/python3.7/site-packages/airflow/example_dags/example_short_circuit_decorator.py
[2023-03-21T17:16:17.199+0000] {processor.py:753} INFO - DAG(s) dict_keys(['example_short_circuit_decorator']) retrieved from /home/airflow/.local/lib/python3.7/site-packages/airflow/example_dags/example_short_circuit_decorator.py
[2023-03-21T17:16:17.222+0000] {logging_mixin.py:137} INFO - [2023-03-21T17:16:17.222+0000] {dag.py:2693} INFO - Sync 1 DAGs
[2023-03-21T17:16:17.278+0000] {logging_mixin.py:137} INFO - [2023-03-21T17:16:17.277+0000] {dag.py:3444} INFO - Setting next_dagrun for example_short_circuit_decorator to 2023-03-20T17:16:17.277628+00:00, run_after=2023-03-21T17:16:17.277628+00:00
[2023-03-21T17:16:17.319+0000] {processor.py:175} INFO - Processing /home/airflow/.local/lib/python3.7/site-packages/airflow/example_dags/example_short_circuit_decorator.py took 0.175 seconds
[2023-03-21T17:16:48.168+0000] {processor.py:153} INFO - Started process (PID=103) to work on /home/airflow/.local/lib/python3.7/site-packages/airflow/example_dags/example_short_circuit_decorator.py
[2023-03-21T17:16:48.170+0000] {processor.py:743} INFO - Processing file /home/airflow/.local/lib/python3.7/site-packages/airflow/example_dags/example_short_circuit_decorator.py for tasks to queue
[2023-03-21T17:16:48.171+0000] {logging_mixin.py:137} INFO - [2023-03-21T17:16:48.171+0000] {dagbag.py:532} INFO - Filling up the DagBag from /home/airflow/.local/lib/python3.7/site-packages/airflow/example_dags/example_short_circuit_decorator.py
[2023-03-21T17:16:48.190+0000] {processor.py:753} INFO - DAG(s) dict_keys(['example_short_circuit_decorator']) retrieved from /home/airflow/.local/lib/python3.7/site-packages/airflow/example_dags/example_short_circuit_decorator.py
[2023-03-21T17:16:48.210+0000] {logging_mixin.py:137} INFO - [2023-03-21T17:16:48.210+0000] {dag.py:2693} INFO - Sync 1 DAGs
[2023-03-21T17:16:48.226+0000] {logging_mixin.py:137} INFO - [2023-03-21T17:16:48.226+0000] {dag.py:3444} INFO - Setting next_dagrun for example_short_circuit_decorator to 2023-03-20T17:16:48.226495+00:00, run_after=2023-03-21T17:16:48.226495+00:00
[2023-03-21T17:16:48.238+0000] {processor.py:175} INFO - Processing /home/airflow/.local/lib/python3.7/site-packages/airflow/example_dags/example_short_circuit_decorator.py took 0.073 seconds
[2023-03-21T17:17:22.503+0000] {processor.py:153} INFO - Started process (PID=153) to work on /home/airflow/.local/lib/python3.7/site-packages/airflow/example_dags/example_short_circuit_decorator.py
[2023-03-21T17:17:22.515+0000] {processor.py:743} INFO - Processing file /home/airflow/.local/lib/python3.7/site-packages/airflow/example_dags/example_short_circuit_decorator.py for tasks to queue
[2023-03-21T17:17:22.520+0000] {logging_mixin.py:137} INFO - [2023-03-21T17:17:22.519+0000] {dagbag.py:532} INFO - Filling up the DagBag from /home/airflow/.local/lib/python3.7/site-packages/airflow/example_dags/example_short_circuit_decorator.py
[2023-03-21T17:17:22.571+0000] {processor.py:753} INFO - DAG(s) dict_keys(['example_short_circuit_decorator']) retrieved from /home/airflow/.local/lib/python3.7/site-packages/airflow/example_dags/example_short_circuit_decorator.py
[2023-03-21T17:17:22.600+0000] {logging_mixin.py:137} INFO - [2023-03-21T17:17:22.600+0000] {dag.py:2693} INFO - Sync 1 DAGs
[2023-03-21T17:17:22.620+0000] {logging_mixin.py:137} INFO - [2023-03-21T17:17:22.620+0000] {dag.py:3444} INFO - Setting next_dagrun for example_short_circuit_decorator to 2023-03-20T17:17:22.620568+00:00, run_after=2023-03-21T17:17:22.620568+00:00
[2023-03-21T17:17:22.635+0000] {processor.py:175} INFO - Processing /home/airflow/.local/lib/python3.7/site-packages/airflow/example_dags/example_short_circuit_decorator.py took 0.137 seconds
[2023-03-21T17:17:53.325+0000] {processor.py:153} INFO - Started process (PID=202) to work on /home/airflow/.local/lib/python3.7/site-packages/airflow/example_dags/example_short_circuit_decorator.py
[2023-03-21T17:17:53.327+0000] {processor.py:743} INFO - Processing file /home/airflow/.local/lib/python3.7/site-packages/airflow/example_dags/example_short_circuit_decorator.py for tasks to queue
[2023-03-21T17:17:53.327+0000] {logging_mixin.py:137} INFO - [2023-03-21T17:17:53.327+0000] {dagbag.py:532} INFO - Filling up the DagBag from /home/airflow/.local/lib/python3.7/site-packages/airflow/example_dags/example_short_circuit_decorator.py
[2023-03-21T17:17:53.345+0000] {processor.py:753} INFO - DAG(s) dict_keys(['example_short_circuit_decorator']) retrieved from /home/airflow/.local/lib/python3.7/site-packages/airflow/example_dags/example_short_circuit_decorator.py
[2023-03-21T17:17:53.365+0000] {logging_mixin.py:137} INFO - [2023-03-21T17:17:53.365+0000] {dag.py:2693} INFO - Sync 1 DAGs
[2023-03-21T17:17:53.381+0000] {logging_mixin.py:137} INFO - [2023-03-21T17:17:53.381+0000] {dag.py:3444} INFO - Setting next_dagrun for example_short_circuit_decorator to 2023-03-20T17:17:53.381304+00:00, run_after=2023-03-21T17:17:53.381304+00:00
[2023-03-21T17:17:53.394+0000] {processor.py:175} INFO - Processing /home/airflow/.local/lib/python3.7/site-packages/airflow/example_dags/example_short_circuit_decorator.py took 0.072 seconds
