[2023-03-21T15:25:54.087+0000] {processor.py:153} INFO - Started process (PID=55) to work on /home/airflow/.local/lib/python3.7/site-packages/airflow/example_dags/example_dag_decorator.py
[2023-03-21T15:25:54.094+0000] {processor.py:743} INFO - Processing file /home/airflow/.local/lib/python3.7/site-packages/airflow/example_dags/example_dag_decorator.py for tasks to queue
[2023-03-21T15:25:54.096+0000] {logging_mixin.py:137} INFO - [2023-03-21T15:25:54.096+0000] {dagbag.py:532} INFO - Filling up the DagBag from /home/airflow/.local/lib/python3.7/site-packages/airflow/example_dags/example_dag_decorator.py
[2023-03-21T15:25:54.131+0000] {logging_mixin.py:137} INFO - [2023-03-21T15:25:54.131+0000] {taskmixin.py:211} WARNING - Dependency <Task(_PythonDecoratedOperator): prepare_email>, send_email already registered for DAG: example_dag_decorator
[2023-03-21T15:25:54.132+0000] {logging_mixin.py:137} INFO - [2023-03-21T15:25:54.132+0000] {taskmixin.py:211} WARNING - Dependency <Task(EmailOperator): send_email>, prepare_email already registered for DAG: example_dag_decorator
[2023-03-21T15:25:54.159+0000] {processor.py:753} INFO - DAG(s) dict_keys(['example_dag_decorator']) retrieved from /home/airflow/.local/lib/python3.7/site-packages/airflow/example_dags/example_dag_decorator.py
[2023-03-21T15:25:54.178+0000] {logging_mixin.py:137} INFO - [2023-03-21T15:25:54.178+0000] {dag.py:2693} INFO - Sync 1 DAGs
[2023-03-21T15:25:54.213+0000] {logging_mixin.py:137} INFO - [2023-03-21T15:25:54.213+0000] {dag.py:3444} INFO - Setting next_dagrun for example_dag_decorator to None, run_after=None
[2023-03-21T15:25:54.235+0000] {processor.py:175} INFO - Processing /home/airflow/.local/lib/python3.7/site-packages/airflow/example_dags/example_dag_decorator.py took 0.153 seconds
[2023-03-21T15:26:25.173+0000] {processor.py:153} INFO - Started process (PID=104) to work on /home/airflow/.local/lib/python3.7/site-packages/airflow/example_dags/example_dag_decorator.py
[2023-03-21T15:26:25.174+0000] {processor.py:743} INFO - Processing file /home/airflow/.local/lib/python3.7/site-packages/airflow/example_dags/example_dag_decorator.py for tasks to queue
[2023-03-21T15:26:25.175+0000] {logging_mixin.py:137} INFO - [2023-03-21T15:26:25.175+0000] {dagbag.py:532} INFO - Filling up the DagBag from /home/airflow/.local/lib/python3.7/site-packages/airflow/example_dags/example_dag_decorator.py
[2023-03-21T15:26:25.188+0000] {logging_mixin.py:137} INFO - [2023-03-21T15:26:25.188+0000] {taskmixin.py:211} WARNING - Dependency <Task(_PythonDecoratedOperator): prepare_email>, send_email already registered for DAG: example_dag_decorator
[2023-03-21T15:26:25.188+0000] {logging_mixin.py:137} INFO - [2023-03-21T15:26:25.188+0000] {taskmixin.py:211} WARNING - Dependency <Task(EmailOperator): send_email>, prepare_email already registered for DAG: example_dag_decorator
[2023-03-21T15:26:25.200+0000] {processor.py:753} INFO - DAG(s) dict_keys(['example_dag_decorator']) retrieved from /home/airflow/.local/lib/python3.7/site-packages/airflow/example_dags/example_dag_decorator.py
[2023-03-21T15:26:25.252+0000] {logging_mixin.py:137} INFO - [2023-03-21T15:26:25.252+0000] {dag.py:2693} INFO - Sync 1 DAGs
[2023-03-21T15:26:25.270+0000] {logging_mixin.py:137} INFO - [2023-03-21T15:26:25.270+0000] {dag.py:3444} INFO - Setting next_dagrun for example_dag_decorator to None, run_after=None
[2023-03-21T15:26:25.289+0000] {processor.py:175} INFO - Processing /home/airflow/.local/lib/python3.7/site-packages/airflow/example_dags/example_dag_decorator.py took 0.119 seconds
[2023-03-21T15:26:55.644+0000] {processor.py:153} INFO - Started process (PID=153) to work on /home/airflow/.local/lib/python3.7/site-packages/airflow/example_dags/example_dag_decorator.py
[2023-03-21T15:26:55.645+0000] {processor.py:743} INFO - Processing file /home/airflow/.local/lib/python3.7/site-packages/airflow/example_dags/example_dag_decorator.py for tasks to queue
[2023-03-21T15:26:55.646+0000] {logging_mixin.py:137} INFO - [2023-03-21T15:26:55.646+0000] {dagbag.py:532} INFO - Filling up the DagBag from /home/airflow/.local/lib/python3.7/site-packages/airflow/example_dags/example_dag_decorator.py
[2023-03-21T15:26:55.658+0000] {logging_mixin.py:137} INFO - [2023-03-21T15:26:55.658+0000] {taskmixin.py:211} WARNING - Dependency <Task(_PythonDecoratedOperator): prepare_email>, send_email already registered for DAG: example_dag_decorator
[2023-03-21T15:26:55.659+0000] {logging_mixin.py:137} INFO - [2023-03-21T15:26:55.659+0000] {taskmixin.py:211} WARNING - Dependency <Task(EmailOperator): send_email>, prepare_email already registered for DAG: example_dag_decorator
[2023-03-21T15:26:55.667+0000] {processor.py:753} INFO - DAG(s) dict_keys(['example_dag_decorator']) retrieved from /home/airflow/.local/lib/python3.7/site-packages/airflow/example_dags/example_dag_decorator.py
[2023-03-21T15:26:55.711+0000] {logging_mixin.py:137} INFO - [2023-03-21T15:26:55.711+0000] {dag.py:2693} INFO - Sync 1 DAGs
[2023-03-21T15:26:55.725+0000] {logging_mixin.py:137} INFO - [2023-03-21T15:26:55.725+0000] {dag.py:3444} INFO - Setting next_dagrun for example_dag_decorator to None, run_after=None
[2023-03-21T15:26:55.738+0000] {processor.py:175} INFO - Processing /home/airflow/.local/lib/python3.7/site-packages/airflow/example_dags/example_dag_decorator.py took 0.096 seconds
[2023-03-21T15:27:26.529+0000] {processor.py:153} INFO - Started process (PID=202) to work on /home/airflow/.local/lib/python3.7/site-packages/airflow/example_dags/example_dag_decorator.py
[2023-03-21T15:27:26.530+0000] {processor.py:743} INFO - Processing file /home/airflow/.local/lib/python3.7/site-packages/airflow/example_dags/example_dag_decorator.py for tasks to queue
[2023-03-21T15:27:26.531+0000] {logging_mixin.py:137} INFO - [2023-03-21T15:27:26.531+0000] {dagbag.py:532} INFO - Filling up the DagBag from /home/airflow/.local/lib/python3.7/site-packages/airflow/example_dags/example_dag_decorator.py
[2023-03-21T15:27:26.543+0000] {logging_mixin.py:137} INFO - [2023-03-21T15:27:26.542+0000] {taskmixin.py:211} WARNING - Dependency <Task(_PythonDecoratedOperator): prepare_email>, send_email already registered for DAG: example_dag_decorator
[2023-03-21T15:27:26.543+0000] {logging_mixin.py:137} INFO - [2023-03-21T15:27:26.543+0000] {taskmixin.py:211} WARNING - Dependency <Task(EmailOperator): send_email>, prepare_email already registered for DAG: example_dag_decorator
[2023-03-21T15:27:26.551+0000] {processor.py:753} INFO - DAG(s) dict_keys(['example_dag_decorator']) retrieved from /home/airflow/.local/lib/python3.7/site-packages/airflow/example_dags/example_dag_decorator.py
[2023-03-21T15:27:26.594+0000] {logging_mixin.py:137} INFO - [2023-03-21T15:27:26.594+0000] {dag.py:2693} INFO - Sync 1 DAGs
[2023-03-21T15:27:26.607+0000] {logging_mixin.py:137} INFO - [2023-03-21T15:27:26.607+0000] {dag.py:3444} INFO - Setting next_dagrun for example_dag_decorator to None, run_after=None
[2023-03-21T15:27:26.618+0000] {processor.py:175} INFO - Processing /home/airflow/.local/lib/python3.7/site-packages/airflow/example_dags/example_dag_decorator.py took 0.092 seconds
[2023-03-21T15:27:56.888+0000] {processor.py:153} INFO - Started process (PID=251) to work on /home/airflow/.local/lib/python3.7/site-packages/airflow/example_dags/example_dag_decorator.py
[2023-03-21T15:27:56.889+0000] {processor.py:743} INFO - Processing file /home/airflow/.local/lib/python3.7/site-packages/airflow/example_dags/example_dag_decorator.py for tasks to queue
[2023-03-21T15:27:56.890+0000] {logging_mixin.py:137} INFO - [2023-03-21T15:27:56.890+0000] {dagbag.py:532} INFO - Filling up the DagBag from /home/airflow/.local/lib/python3.7/site-packages/airflow/example_dags/example_dag_decorator.py
[2023-03-21T15:27:56.900+0000] {logging_mixin.py:137} INFO - [2023-03-21T15:27:56.900+0000] {taskmixin.py:211} WARNING - Dependency <Task(_PythonDecoratedOperator): prepare_email>, send_email already registered for DAG: example_dag_decorator
[2023-03-21T15:27:56.901+0000] {logging_mixin.py:137} INFO - [2023-03-21T15:27:56.901+0000] {taskmixin.py:211} WARNING - Dependency <Task(EmailOperator): send_email>, prepare_email already registered for DAG: example_dag_decorator
[2023-03-21T15:27:56.909+0000] {processor.py:753} INFO - DAG(s) dict_keys(['example_dag_decorator']) retrieved from /home/airflow/.local/lib/python3.7/site-packages/airflow/example_dags/example_dag_decorator.py
[2023-03-21T15:27:56.949+0000] {logging_mixin.py:137} INFO - [2023-03-21T15:27:56.949+0000] {dag.py:2693} INFO - Sync 1 DAGs
[2023-03-21T15:27:56.962+0000] {logging_mixin.py:137} INFO - [2023-03-21T15:27:56.961+0000] {dag.py:3444} INFO - Setting next_dagrun for example_dag_decorator to None, run_after=None
[2023-03-21T15:27:56.973+0000] {processor.py:175} INFO - Processing /home/airflow/.local/lib/python3.7/site-packages/airflow/example_dags/example_dag_decorator.py took 0.087 seconds
[2023-03-21T15:28:27.323+0000] {processor.py:153} INFO - Started process (PID=300) to work on /home/airflow/.local/lib/python3.7/site-packages/airflow/example_dags/example_dag_decorator.py
[2023-03-21T15:28:27.324+0000] {processor.py:743} INFO - Processing file /home/airflow/.local/lib/python3.7/site-packages/airflow/example_dags/example_dag_decorator.py for tasks to queue
[2023-03-21T15:28:27.325+0000] {logging_mixin.py:137} INFO - [2023-03-21T15:28:27.325+0000] {dagbag.py:532} INFO - Filling up the DagBag from /home/airflow/.local/lib/python3.7/site-packages/airflow/example_dags/example_dag_decorator.py
[2023-03-21T15:28:27.336+0000] {logging_mixin.py:137} INFO - [2023-03-21T15:28:27.336+0000] {taskmixin.py:211} WARNING - Dependency <Task(_PythonDecoratedOperator): prepare_email>, send_email already registered for DAG: example_dag_decorator
[2023-03-21T15:28:27.336+0000] {logging_mixin.py:137} INFO - [2023-03-21T15:28:27.336+0000] {taskmixin.py:211} WARNING - Dependency <Task(EmailOperator): send_email>, prepare_email already registered for DAG: example_dag_decorator
[2023-03-21T15:28:27.344+0000] {processor.py:753} INFO - DAG(s) dict_keys(['example_dag_decorator']) retrieved from /home/airflow/.local/lib/python3.7/site-packages/airflow/example_dags/example_dag_decorator.py
[2023-03-21T15:28:27.383+0000] {logging_mixin.py:137} INFO - [2023-03-21T15:28:27.383+0000] {dag.py:2693} INFO - Sync 1 DAGs
[2023-03-21T15:28:27.396+0000] {logging_mixin.py:137} INFO - [2023-03-21T15:28:27.396+0000] {dag.py:3444} INFO - Setting next_dagrun for example_dag_decorator to None, run_after=None
[2023-03-21T15:28:27.407+0000] {processor.py:175} INFO - Processing /home/airflow/.local/lib/python3.7/site-packages/airflow/example_dags/example_dag_decorator.py took 0.087 seconds
[2023-03-21T15:28:57.594+0000] {processor.py:153} INFO - Started process (PID=349) to work on /home/airflow/.local/lib/python3.7/site-packages/airflow/example_dags/example_dag_decorator.py
[2023-03-21T15:28:57.595+0000] {processor.py:743} INFO - Processing file /home/airflow/.local/lib/python3.7/site-packages/airflow/example_dags/example_dag_decorator.py for tasks to queue
[2023-03-21T15:28:57.595+0000] {logging_mixin.py:137} INFO - [2023-03-21T15:28:57.595+0000] {dagbag.py:532} INFO - Filling up the DagBag from /home/airflow/.local/lib/python3.7/site-packages/airflow/example_dags/example_dag_decorator.py
[2023-03-21T15:28:57.606+0000] {logging_mixin.py:137} INFO - [2023-03-21T15:28:57.606+0000] {taskmixin.py:211} WARNING - Dependency <Task(_PythonDecoratedOperator): prepare_email>, send_email already registered for DAG: example_dag_decorator
[2023-03-21T15:28:57.607+0000] {logging_mixin.py:137} INFO - [2023-03-21T15:28:57.607+0000] {taskmixin.py:211} WARNING - Dependency <Task(EmailOperator): send_email>, prepare_email already registered for DAG: example_dag_decorator
[2023-03-21T15:28:57.615+0000] {processor.py:753} INFO - DAG(s) dict_keys(['example_dag_decorator']) retrieved from /home/airflow/.local/lib/python3.7/site-packages/airflow/example_dags/example_dag_decorator.py
[2023-03-21T15:28:57.653+0000] {logging_mixin.py:137} INFO - [2023-03-21T15:28:57.653+0000] {dag.py:2693} INFO - Sync 1 DAGs
[2023-03-21T15:28:57.667+0000] {logging_mixin.py:137} INFO - [2023-03-21T15:28:57.667+0000] {dag.py:3444} INFO - Setting next_dagrun for example_dag_decorator to None, run_after=None
[2023-03-21T15:28:57.678+0000] {processor.py:175} INFO - Processing /home/airflow/.local/lib/python3.7/site-packages/airflow/example_dags/example_dag_decorator.py took 0.087 seconds
[2023-03-21T15:29:27.956+0000] {processor.py:153} INFO - Started process (PID=398) to work on /home/airflow/.local/lib/python3.7/site-packages/airflow/example_dags/example_dag_decorator.py
[2023-03-21T15:29:27.957+0000] {processor.py:743} INFO - Processing file /home/airflow/.local/lib/python3.7/site-packages/airflow/example_dags/example_dag_decorator.py for tasks to queue
[2023-03-21T15:29:27.958+0000] {logging_mixin.py:137} INFO - [2023-03-21T15:29:27.958+0000] {dagbag.py:532} INFO - Filling up the DagBag from /home/airflow/.local/lib/python3.7/site-packages/airflow/example_dags/example_dag_decorator.py
[2023-03-21T15:29:27.970+0000] {logging_mixin.py:137} INFO - [2023-03-21T15:29:27.970+0000] {taskmixin.py:211} WARNING - Dependency <Task(_PythonDecoratedOperator): prepare_email>, send_email already registered for DAG: example_dag_decorator
[2023-03-21T15:29:27.970+0000] {logging_mixin.py:137} INFO - [2023-03-21T15:29:27.970+0000] {taskmixin.py:211} WARNING - Dependency <Task(EmailOperator): send_email>, prepare_email already registered for DAG: example_dag_decorator
[2023-03-21T15:29:27.978+0000] {processor.py:753} INFO - DAG(s) dict_keys(['example_dag_decorator']) retrieved from /home/airflow/.local/lib/python3.7/site-packages/airflow/example_dags/example_dag_decorator.py
[2023-03-21T15:29:28.020+0000] {logging_mixin.py:137} INFO - [2023-03-21T15:29:28.019+0000] {dag.py:2693} INFO - Sync 1 DAGs
[2023-03-21T15:29:28.034+0000] {logging_mixin.py:137} INFO - [2023-03-21T15:29:28.034+0000] {dag.py:3444} INFO - Setting next_dagrun for example_dag_decorator to None, run_after=None
[2023-03-21T15:29:28.046+0000] {processor.py:175} INFO - Processing /home/airflow/.local/lib/python3.7/site-packages/airflow/example_dags/example_dag_decorator.py took 0.093 seconds
[2023-03-21T15:29:58.319+0000] {processor.py:153} INFO - Started process (PID=447) to work on /home/airflow/.local/lib/python3.7/site-packages/airflow/example_dags/example_dag_decorator.py
[2023-03-21T15:29:58.320+0000] {processor.py:743} INFO - Processing file /home/airflow/.local/lib/python3.7/site-packages/airflow/example_dags/example_dag_decorator.py for tasks to queue
[2023-03-21T15:29:58.320+0000] {logging_mixin.py:137} INFO - [2023-03-21T15:29:58.320+0000] {dagbag.py:532} INFO - Filling up the DagBag from /home/airflow/.local/lib/python3.7/site-packages/airflow/example_dags/example_dag_decorator.py
[2023-03-21T15:29:58.331+0000] {logging_mixin.py:137} INFO - [2023-03-21T15:29:58.331+0000] {taskmixin.py:211} WARNING - Dependency <Task(_PythonDecoratedOperator): prepare_email>, send_email already registered for DAG: example_dag_decorator
[2023-03-21T15:29:58.332+0000] {logging_mixin.py:137} INFO - [2023-03-21T15:29:58.332+0000] {taskmixin.py:211} WARNING - Dependency <Task(EmailOperator): send_email>, prepare_email already registered for DAG: example_dag_decorator
[2023-03-21T15:29:58.340+0000] {processor.py:753} INFO - DAG(s) dict_keys(['example_dag_decorator']) retrieved from /home/airflow/.local/lib/python3.7/site-packages/airflow/example_dags/example_dag_decorator.py
[2023-03-21T15:29:58.379+0000] {logging_mixin.py:137} INFO - [2023-03-21T15:29:58.379+0000] {dag.py:2693} INFO - Sync 1 DAGs
[2023-03-21T15:29:58.392+0000] {logging_mixin.py:137} INFO - [2023-03-21T15:29:58.392+0000] {dag.py:3444} INFO - Setting next_dagrun for example_dag_decorator to None, run_after=None
[2023-03-21T15:29:58.403+0000] {processor.py:175} INFO - Processing /home/airflow/.local/lib/python3.7/site-packages/airflow/example_dags/example_dag_decorator.py took 0.087 seconds
[2023-03-21T15:30:28.809+0000] {processor.py:153} INFO - Started process (PID=496) to work on /home/airflow/.local/lib/python3.7/site-packages/airflow/example_dags/example_dag_decorator.py
[2023-03-21T15:30:28.811+0000] {processor.py:743} INFO - Processing file /home/airflow/.local/lib/python3.7/site-packages/airflow/example_dags/example_dag_decorator.py for tasks to queue
[2023-03-21T15:30:28.812+0000] {logging_mixin.py:137} INFO - [2023-03-21T15:30:28.812+0000] {dagbag.py:532} INFO - Filling up the DagBag from /home/airflow/.local/lib/python3.7/site-packages/airflow/example_dags/example_dag_decorator.py
[2023-03-21T15:30:28.826+0000] {logging_mixin.py:137} INFO - [2023-03-21T15:30:28.826+0000] {taskmixin.py:211} WARNING - Dependency <Task(_PythonDecoratedOperator): prepare_email>, send_email already registered for DAG: example_dag_decorator
[2023-03-21T15:30:28.827+0000] {logging_mixin.py:137} INFO - [2023-03-21T15:30:28.827+0000] {taskmixin.py:211} WARNING - Dependency <Task(EmailOperator): send_email>, prepare_email already registered for DAG: example_dag_decorator
[2023-03-21T15:30:28.836+0000] {processor.py:753} INFO - DAG(s) dict_keys(['example_dag_decorator']) retrieved from /home/airflow/.local/lib/python3.7/site-packages/airflow/example_dags/example_dag_decorator.py
[2023-03-21T15:30:28.884+0000] {logging_mixin.py:137} INFO - [2023-03-21T15:30:28.884+0000] {dag.py:2693} INFO - Sync 1 DAGs
[2023-03-21T15:30:28.898+0000] {logging_mixin.py:137} INFO - [2023-03-21T15:30:28.898+0000] {dag.py:3444} INFO - Setting next_dagrun for example_dag_decorator to None, run_after=None
[2023-03-21T15:30:28.910+0000] {processor.py:175} INFO - Processing /home/airflow/.local/lib/python3.7/site-packages/airflow/example_dags/example_dag_decorator.py took 0.104 seconds
[2023-03-21T15:30:59.282+0000] {processor.py:153} INFO - Started process (PID=545) to work on /home/airflow/.local/lib/python3.7/site-packages/airflow/example_dags/example_dag_decorator.py
[2023-03-21T15:30:59.283+0000] {processor.py:743} INFO - Processing file /home/airflow/.local/lib/python3.7/site-packages/airflow/example_dags/example_dag_decorator.py for tasks to queue
[2023-03-21T15:30:59.283+0000] {logging_mixin.py:137} INFO - [2023-03-21T15:30:59.283+0000] {dagbag.py:532} INFO - Filling up the DagBag from /home/airflow/.local/lib/python3.7/site-packages/airflow/example_dags/example_dag_decorator.py
[2023-03-21T15:30:59.296+0000] {logging_mixin.py:137} INFO - [2023-03-21T15:30:59.296+0000] {taskmixin.py:211} WARNING - Dependency <Task(_PythonDecoratedOperator): prepare_email>, send_email already registered for DAG: example_dag_decorator
[2023-03-21T15:30:59.297+0000] {logging_mixin.py:137} INFO - [2023-03-21T15:30:59.297+0000] {taskmixin.py:211} WARNING - Dependency <Task(EmailOperator): send_email>, prepare_email already registered for DAG: example_dag_decorator
[2023-03-21T15:30:59.305+0000] {processor.py:753} INFO - DAG(s) dict_keys(['example_dag_decorator']) retrieved from /home/airflow/.local/lib/python3.7/site-packages/airflow/example_dags/example_dag_decorator.py
[2023-03-21T15:30:59.348+0000] {logging_mixin.py:137} INFO - [2023-03-21T15:30:59.348+0000] {dag.py:2693} INFO - Sync 1 DAGs
[2023-03-21T15:30:59.366+0000] {logging_mixin.py:137} INFO - [2023-03-21T15:30:59.366+0000] {dag.py:3444} INFO - Setting next_dagrun for example_dag_decorator to None, run_after=None
[2023-03-21T15:30:59.382+0000] {processor.py:175} INFO - Processing /home/airflow/.local/lib/python3.7/site-packages/airflow/example_dags/example_dag_decorator.py took 0.102 seconds
[2023-03-21T15:31:29.694+0000] {processor.py:153} INFO - Started process (PID=593) to work on /home/airflow/.local/lib/python3.7/site-packages/airflow/example_dags/example_dag_decorator.py
[2023-03-21T15:31:29.695+0000] {processor.py:743} INFO - Processing file /home/airflow/.local/lib/python3.7/site-packages/airflow/example_dags/example_dag_decorator.py for tasks to queue
[2023-03-21T15:31:29.696+0000] {logging_mixin.py:137} INFO - [2023-03-21T15:31:29.696+0000] {dagbag.py:532} INFO - Filling up the DagBag from /home/airflow/.local/lib/python3.7/site-packages/airflow/example_dags/example_dag_decorator.py
[2023-03-21T15:31:29.709+0000] {logging_mixin.py:137} INFO - [2023-03-21T15:31:29.709+0000] {taskmixin.py:211} WARNING - Dependency <Task(_PythonDecoratedOperator): prepare_email>, send_email already registered for DAG: example_dag_decorator
[2023-03-21T15:31:29.710+0000] {logging_mixin.py:137} INFO - [2023-03-21T15:31:29.710+0000] {taskmixin.py:211} WARNING - Dependency <Task(EmailOperator): send_email>, prepare_email already registered for DAG: example_dag_decorator
[2023-03-21T15:31:29.718+0000] {processor.py:753} INFO - DAG(s) dict_keys(['example_dag_decorator']) retrieved from /home/airflow/.local/lib/python3.7/site-packages/airflow/example_dags/example_dag_decorator.py
[2023-03-21T15:31:29.759+0000] {logging_mixin.py:137} INFO - [2023-03-21T15:31:29.759+0000] {dag.py:2693} INFO - Sync 1 DAGs
[2023-03-21T15:31:29.772+0000] {logging_mixin.py:137} INFO - [2023-03-21T15:31:29.772+0000] {dag.py:3444} INFO - Setting next_dagrun for example_dag_decorator to None, run_after=None
[2023-03-21T15:31:29.782+0000] {processor.py:175} INFO - Processing /home/airflow/.local/lib/python3.7/site-packages/airflow/example_dags/example_dag_decorator.py took 0.091 seconds
[2023-03-21T15:32:00.143+0000] {processor.py:153} INFO - Started process (PID=642) to work on /home/airflow/.local/lib/python3.7/site-packages/airflow/example_dags/example_dag_decorator.py
[2023-03-21T15:32:00.144+0000] {processor.py:743} INFO - Processing file /home/airflow/.local/lib/python3.7/site-packages/airflow/example_dags/example_dag_decorator.py for tasks to queue
[2023-03-21T15:32:00.145+0000] {logging_mixin.py:137} INFO - [2023-03-21T15:32:00.145+0000] {dagbag.py:532} INFO - Filling up the DagBag from /home/airflow/.local/lib/python3.7/site-packages/airflow/example_dags/example_dag_decorator.py
[2023-03-21T15:32:00.155+0000] {logging_mixin.py:137} INFO - [2023-03-21T15:32:00.155+0000] {taskmixin.py:211} WARNING - Dependency <Task(_PythonDecoratedOperator): prepare_email>, send_email already registered for DAG: example_dag_decorator
[2023-03-21T15:32:00.156+0000] {logging_mixin.py:137} INFO - [2023-03-21T15:32:00.156+0000] {taskmixin.py:211} WARNING - Dependency <Task(EmailOperator): send_email>, prepare_email already registered for DAG: example_dag_decorator
[2023-03-21T15:32:00.164+0000] {processor.py:753} INFO - DAG(s) dict_keys(['example_dag_decorator']) retrieved from /home/airflow/.local/lib/python3.7/site-packages/airflow/example_dags/example_dag_decorator.py
[2023-03-21T15:32:00.204+0000] {logging_mixin.py:137} INFO - [2023-03-21T15:32:00.204+0000] {dag.py:2693} INFO - Sync 1 DAGs
[2023-03-21T15:32:00.217+0000] {logging_mixin.py:137} INFO - [2023-03-21T15:32:00.217+0000] {dag.py:3444} INFO - Setting next_dagrun for example_dag_decorator to None, run_after=None
[2023-03-21T15:32:00.228+0000] {processor.py:175} INFO - Processing /home/airflow/.local/lib/python3.7/site-packages/airflow/example_dags/example_dag_decorator.py took 0.088 seconds
[2023-03-21T16:52:56.041+0000] {processor.py:153} INFO - Started process (PID=56) to work on /home/airflow/.local/lib/python3.7/site-packages/airflow/example_dags/example_dag_decorator.py
[2023-03-21T16:52:56.049+0000] {processor.py:743} INFO - Processing file /home/airflow/.local/lib/python3.7/site-packages/airflow/example_dags/example_dag_decorator.py for tasks to queue
[2023-03-21T16:52:56.054+0000] {logging_mixin.py:137} INFO - [2023-03-21T16:52:56.053+0000] {dagbag.py:532} INFO - Filling up the DagBag from /home/airflow/.local/lib/python3.7/site-packages/airflow/example_dags/example_dag_decorator.py
[2023-03-21T16:52:56.106+0000] {logging_mixin.py:137} INFO - [2023-03-21T16:52:56.106+0000] {taskmixin.py:211} WARNING - Dependency <Task(_PythonDecoratedOperator): prepare_email>, send_email already registered for DAG: example_dag_decorator
[2023-03-21T16:52:56.107+0000] {logging_mixin.py:137} INFO - [2023-03-21T16:52:56.107+0000] {taskmixin.py:211} WARNING - Dependency <Task(EmailOperator): send_email>, prepare_email already registered for DAG: example_dag_decorator
[2023-03-21T16:52:56.124+0000] {processor.py:753} INFO - DAG(s) dict_keys(['example_dag_decorator']) retrieved from /home/airflow/.local/lib/python3.7/site-packages/airflow/example_dags/example_dag_decorator.py
[2023-03-21T16:52:56.143+0000] {logging_mixin.py:137} INFO - [2023-03-21T16:52:56.143+0000] {dag.py:2693} INFO - Sync 1 DAGs
[2023-03-21T16:52:56.220+0000] {logging_mixin.py:137} INFO - [2023-03-21T16:52:56.220+0000] {dag.py:3444} INFO - Setting next_dagrun for example_dag_decorator to None, run_after=None
[2023-03-21T16:52:56.286+0000] {processor.py:175} INFO - Processing /home/airflow/.local/lib/python3.7/site-packages/airflow/example_dags/example_dag_decorator.py took 0.258 seconds
[2023-03-21T16:53:26.925+0000] {processor.py:153} INFO - Started process (PID=105) to work on /home/airflow/.local/lib/python3.7/site-packages/airflow/example_dags/example_dag_decorator.py
[2023-03-21T16:53:26.926+0000] {processor.py:743} INFO - Processing file /home/airflow/.local/lib/python3.7/site-packages/airflow/example_dags/example_dag_decorator.py for tasks to queue
[2023-03-21T16:53:26.927+0000] {logging_mixin.py:137} INFO - [2023-03-21T16:53:26.927+0000] {dagbag.py:532} INFO - Filling up the DagBag from /home/airflow/.local/lib/python3.7/site-packages/airflow/example_dags/example_dag_decorator.py
[2023-03-21T16:53:26.942+0000] {logging_mixin.py:137} INFO - [2023-03-21T16:53:26.941+0000] {taskmixin.py:211} WARNING - Dependency <Task(_PythonDecoratedOperator): prepare_email>, send_email already registered for DAG: example_dag_decorator
[2023-03-21T16:53:26.942+0000] {logging_mixin.py:137} INFO - [2023-03-21T16:53:26.942+0000] {taskmixin.py:211} WARNING - Dependency <Task(EmailOperator): send_email>, prepare_email already registered for DAG: example_dag_decorator
[2023-03-21T16:53:26.952+0000] {processor.py:753} INFO - DAG(s) dict_keys(['example_dag_decorator']) retrieved from /home/airflow/.local/lib/python3.7/site-packages/airflow/example_dags/example_dag_decorator.py
[2023-03-21T16:53:27.008+0000] {logging_mixin.py:137} INFO - [2023-03-21T16:53:27.008+0000] {dag.py:2693} INFO - Sync 1 DAGs
[2023-03-21T16:53:27.025+0000] {logging_mixin.py:137} INFO - [2023-03-21T16:53:27.025+0000] {dag.py:3444} INFO - Setting next_dagrun for example_dag_decorator to None, run_after=None
[2023-03-21T16:53:27.040+0000] {processor.py:175} INFO - Processing /home/airflow/.local/lib/python3.7/site-packages/airflow/example_dags/example_dag_decorator.py took 0.118 seconds
[2023-03-21T16:53:58.908+0000] {processor.py:153} INFO - Started process (PID=159) to work on /home/airflow/.local/lib/python3.7/site-packages/airflow/example_dags/example_dag_decorator.py
[2023-03-21T16:53:58.909+0000] {processor.py:743} INFO - Processing file /home/airflow/.local/lib/python3.7/site-packages/airflow/example_dags/example_dag_decorator.py for tasks to queue
[2023-03-21T16:53:58.912+0000] {logging_mixin.py:137} INFO - [2023-03-21T16:53:58.912+0000] {dagbag.py:532} INFO - Filling up the DagBag from /home/airflow/.local/lib/python3.7/site-packages/airflow/example_dags/example_dag_decorator.py
[2023-03-21T16:53:58.930+0000] {logging_mixin.py:137} INFO - [2023-03-21T16:53:58.930+0000] {taskmixin.py:211} WARNING - Dependency <Task(_PythonDecoratedOperator): prepare_email>, send_email already registered for DAG: example_dag_decorator
[2023-03-21T16:53:58.931+0000] {logging_mixin.py:137} INFO - [2023-03-21T16:53:58.931+0000] {taskmixin.py:211} WARNING - Dependency <Task(EmailOperator): send_email>, prepare_email already registered for DAG: example_dag_decorator
[2023-03-21T16:53:58.942+0000] {processor.py:753} INFO - DAG(s) dict_keys(['example_dag_decorator']) retrieved from /home/airflow/.local/lib/python3.7/site-packages/airflow/example_dags/example_dag_decorator.py
[2023-03-21T16:53:58.993+0000] {logging_mixin.py:137} INFO - [2023-03-21T16:53:58.993+0000] {dag.py:2693} INFO - Sync 1 DAGs
[2023-03-21T16:53:59.016+0000] {logging_mixin.py:137} INFO - [2023-03-21T16:53:59.016+0000] {dag.py:3444} INFO - Setting next_dagrun for example_dag_decorator to None, run_after=None
[2023-03-21T16:53:59.041+0000] {processor.py:175} INFO - Processing /home/airflow/.local/lib/python3.7/site-packages/airflow/example_dags/example_dag_decorator.py took 0.140 seconds
[2023-03-21T16:54:33.066+0000] {processor.py:153} INFO - Started process (PID=209) to work on /home/airflow/.local/lib/python3.7/site-packages/airflow/example_dags/example_dag_decorator.py
[2023-03-21T16:54:33.073+0000] {processor.py:743} INFO - Processing file /home/airflow/.local/lib/python3.7/site-packages/airflow/example_dags/example_dag_decorator.py for tasks to queue
[2023-03-21T16:54:33.075+0000] {logging_mixin.py:137} INFO - [2023-03-21T16:54:33.075+0000] {dagbag.py:532} INFO - Filling up the DagBag from /home/airflow/.local/lib/python3.7/site-packages/airflow/example_dags/example_dag_decorator.py
[2023-03-21T16:54:33.105+0000] {logging_mixin.py:137} INFO - [2023-03-21T16:54:33.105+0000] {taskmixin.py:211} WARNING - Dependency <Task(_PythonDecoratedOperator): prepare_email>, send_email already registered for DAG: example_dag_decorator
[2023-03-21T16:54:33.111+0000] {logging_mixin.py:137} INFO - [2023-03-21T16:54:33.110+0000] {taskmixin.py:211} WARNING - Dependency <Task(EmailOperator): send_email>, prepare_email already registered for DAG: example_dag_decorator
[2023-03-21T16:54:33.149+0000] {processor.py:753} INFO - DAG(s) dict_keys(['example_dag_decorator']) retrieved from /home/airflow/.local/lib/python3.7/site-packages/airflow/example_dags/example_dag_decorator.py
[2023-03-21T16:54:33.336+0000] {logging_mixin.py:137} INFO - [2023-03-21T16:54:33.336+0000] {dag.py:2693} INFO - Sync 1 DAGs
[2023-03-21T16:54:33.387+0000] {logging_mixin.py:137} INFO - [2023-03-21T16:54:33.386+0000] {dag.py:3444} INFO - Setting next_dagrun for example_dag_decorator to None, run_after=None
[2023-03-21T16:54:33.447+0000] {processor.py:175} INFO - Processing /home/airflow/.local/lib/python3.7/site-packages/airflow/example_dags/example_dag_decorator.py took 0.386 seconds
[2023-03-21T16:55:03.953+0000] {processor.py:153} INFO - Started process (PID=258) to work on /home/airflow/.local/lib/python3.7/site-packages/airflow/example_dags/example_dag_decorator.py
[2023-03-21T16:55:03.955+0000] {processor.py:743} INFO - Processing file /home/airflow/.local/lib/python3.7/site-packages/airflow/example_dags/example_dag_decorator.py for tasks to queue
[2023-03-21T16:55:03.956+0000] {logging_mixin.py:137} INFO - [2023-03-21T16:55:03.956+0000] {dagbag.py:532} INFO - Filling up the DagBag from /home/airflow/.local/lib/python3.7/site-packages/airflow/example_dags/example_dag_decorator.py
[2023-03-21T16:55:03.970+0000] {logging_mixin.py:137} INFO - [2023-03-21T16:55:03.970+0000] {taskmixin.py:211} WARNING - Dependency <Task(_PythonDecoratedOperator): prepare_email>, send_email already registered for DAG: example_dag_decorator
[2023-03-21T16:55:03.971+0000] {logging_mixin.py:137} INFO - [2023-03-21T16:55:03.971+0000] {taskmixin.py:211} WARNING - Dependency <Task(EmailOperator): send_email>, prepare_email already registered for DAG: example_dag_decorator
[2023-03-21T16:55:03.983+0000] {processor.py:753} INFO - DAG(s) dict_keys(['example_dag_decorator']) retrieved from /home/airflow/.local/lib/python3.7/site-packages/airflow/example_dags/example_dag_decorator.py
[2023-03-21T16:55:04.033+0000] {logging_mixin.py:137} INFO - [2023-03-21T16:55:04.033+0000] {dag.py:2693} INFO - Sync 1 DAGs
[2023-03-21T16:55:04.055+0000] {logging_mixin.py:137} INFO - [2023-03-21T16:55:04.055+0000] {dag.py:3444} INFO - Setting next_dagrun for example_dag_decorator to None, run_after=None
[2023-03-21T16:55:04.069+0000] {processor.py:175} INFO - Processing /home/airflow/.local/lib/python3.7/site-packages/airflow/example_dags/example_dag_decorator.py took 0.119 seconds
[2023-03-21T16:55:35.077+0000] {processor.py:153} INFO - Started process (PID=308) to work on /home/airflow/.local/lib/python3.7/site-packages/airflow/example_dags/example_dag_decorator.py
[2023-03-21T16:55:35.080+0000] {processor.py:743} INFO - Processing file /home/airflow/.local/lib/python3.7/site-packages/airflow/example_dags/example_dag_decorator.py for tasks to queue
[2023-03-21T16:55:35.080+0000] {logging_mixin.py:137} INFO - [2023-03-21T16:55:35.080+0000] {dagbag.py:532} INFO - Filling up the DagBag from /home/airflow/.local/lib/python3.7/site-packages/airflow/example_dags/example_dag_decorator.py
[2023-03-21T16:55:35.095+0000] {logging_mixin.py:137} INFO - [2023-03-21T16:55:35.094+0000] {taskmixin.py:211} WARNING - Dependency <Task(_PythonDecoratedOperator): prepare_email>, send_email already registered for DAG: example_dag_decorator
[2023-03-21T16:55:35.095+0000] {logging_mixin.py:137} INFO - [2023-03-21T16:55:35.095+0000] {taskmixin.py:211} WARNING - Dependency <Task(EmailOperator): send_email>, prepare_email already registered for DAG: example_dag_decorator
[2023-03-21T16:55:35.105+0000] {processor.py:753} INFO - DAG(s) dict_keys(['example_dag_decorator']) retrieved from /home/airflow/.local/lib/python3.7/site-packages/airflow/example_dags/example_dag_decorator.py
[2023-03-21T16:55:35.150+0000] {logging_mixin.py:137} INFO - [2023-03-21T16:55:35.150+0000] {dag.py:2693} INFO - Sync 1 DAGs
[2023-03-21T16:55:35.164+0000] {logging_mixin.py:137} INFO - [2023-03-21T16:55:35.164+0000] {dag.py:3444} INFO - Setting next_dagrun for example_dag_decorator to None, run_after=None
[2023-03-21T16:55:35.176+0000] {processor.py:175} INFO - Processing /home/airflow/.local/lib/python3.7/site-packages/airflow/example_dags/example_dag_decorator.py took 0.103 seconds
[2023-03-21T16:56:06.074+0000] {processor.py:153} INFO - Started process (PID=358) to work on /home/airflow/.local/lib/python3.7/site-packages/airflow/example_dags/example_dag_decorator.py
[2023-03-21T16:56:06.075+0000] {processor.py:743} INFO - Processing file /home/airflow/.local/lib/python3.7/site-packages/airflow/example_dags/example_dag_decorator.py for tasks to queue
[2023-03-21T16:56:06.076+0000] {logging_mixin.py:137} INFO - [2023-03-21T16:56:06.076+0000] {dagbag.py:532} INFO - Filling up the DagBag from /home/airflow/.local/lib/python3.7/site-packages/airflow/example_dags/example_dag_decorator.py
[2023-03-21T16:56:06.089+0000] {logging_mixin.py:137} INFO - [2023-03-21T16:56:06.089+0000] {taskmixin.py:211} WARNING - Dependency <Task(_PythonDecoratedOperator): prepare_email>, send_email already registered for DAG: example_dag_decorator
[2023-03-21T16:56:06.089+0000] {logging_mixin.py:137} INFO - [2023-03-21T16:56:06.089+0000] {taskmixin.py:211} WARNING - Dependency <Task(EmailOperator): send_email>, prepare_email already registered for DAG: example_dag_decorator
[2023-03-21T16:56:06.098+0000] {processor.py:753} INFO - DAG(s) dict_keys(['example_dag_decorator']) retrieved from /home/airflow/.local/lib/python3.7/site-packages/airflow/example_dags/example_dag_decorator.py
[2023-03-21T16:56:06.144+0000] {logging_mixin.py:137} INFO - [2023-03-21T16:56:06.144+0000] {dag.py:2693} INFO - Sync 1 DAGs
[2023-03-21T16:56:06.163+0000] {logging_mixin.py:137} INFO - [2023-03-21T16:56:06.163+0000] {dag.py:3444} INFO - Setting next_dagrun for example_dag_decorator to None, run_after=None
[2023-03-21T16:56:06.178+0000] {processor.py:175} INFO - Processing /home/airflow/.local/lib/python3.7/site-packages/airflow/example_dags/example_dag_decorator.py took 0.107 seconds
[2023-03-21T16:56:37.095+0000] {processor.py:153} INFO - Started process (PID=409) to work on /home/airflow/.local/lib/python3.7/site-packages/airflow/example_dags/example_dag_decorator.py
[2023-03-21T16:56:37.098+0000] {processor.py:743} INFO - Processing file /home/airflow/.local/lib/python3.7/site-packages/airflow/example_dags/example_dag_decorator.py for tasks to queue
[2023-03-21T16:56:37.099+0000] {logging_mixin.py:137} INFO - [2023-03-21T16:56:37.099+0000] {dagbag.py:532} INFO - Filling up the DagBag from /home/airflow/.local/lib/python3.7/site-packages/airflow/example_dags/example_dag_decorator.py
[2023-03-21T16:56:37.121+0000] {logging_mixin.py:137} INFO - [2023-03-21T16:56:37.119+0000] {taskmixin.py:211} WARNING - Dependency <Task(_PythonDecoratedOperator): prepare_email>, send_email already registered for DAG: example_dag_decorator
[2023-03-21T16:56:37.123+0000] {logging_mixin.py:137} INFO - [2023-03-21T16:56:37.122+0000] {taskmixin.py:211} WARNING - Dependency <Task(EmailOperator): send_email>, prepare_email already registered for DAG: example_dag_decorator
[2023-03-21T16:56:37.145+0000] {processor.py:753} INFO - DAG(s) dict_keys(['example_dag_decorator']) retrieved from /home/airflow/.local/lib/python3.7/site-packages/airflow/example_dags/example_dag_decorator.py
[2023-03-21T16:56:37.239+0000] {logging_mixin.py:137} INFO - [2023-03-21T16:56:37.239+0000] {dag.py:2693} INFO - Sync 1 DAGs
[2023-03-21T16:56:37.274+0000] {logging_mixin.py:137} INFO - [2023-03-21T16:56:37.274+0000] {dag.py:3444} INFO - Setting next_dagrun for example_dag_decorator to None, run_after=None
[2023-03-21T16:56:37.301+0000] {processor.py:175} INFO - Processing /home/airflow/.local/lib/python3.7/site-packages/airflow/example_dags/example_dag_decorator.py took 0.212 seconds
[2023-03-21T16:57:07.400+0000] {processor.py:153} INFO - Started process (PID=460) to work on /home/airflow/.local/lib/python3.7/site-packages/airflow/example_dags/example_dag_decorator.py
[2023-03-21T16:57:07.402+0000] {processor.py:743} INFO - Processing file /home/airflow/.local/lib/python3.7/site-packages/airflow/example_dags/example_dag_decorator.py for tasks to queue
[2023-03-21T16:57:07.403+0000] {logging_mixin.py:137} INFO - [2023-03-21T16:57:07.403+0000] {dagbag.py:532} INFO - Filling up the DagBag from /home/airflow/.local/lib/python3.7/site-packages/airflow/example_dags/example_dag_decorator.py
[2023-03-21T16:57:07.416+0000] {logging_mixin.py:137} INFO - [2023-03-21T16:57:07.416+0000] {taskmixin.py:211} WARNING - Dependency <Task(_PythonDecoratedOperator): prepare_email>, send_email already registered for DAG: example_dag_decorator
[2023-03-21T16:57:07.417+0000] {logging_mixin.py:137} INFO - [2023-03-21T16:57:07.417+0000] {taskmixin.py:211} WARNING - Dependency <Task(EmailOperator): send_email>, prepare_email already registered for DAG: example_dag_decorator
[2023-03-21T16:57:07.430+0000] {processor.py:753} INFO - DAG(s) dict_keys(['example_dag_decorator']) retrieved from /home/airflow/.local/lib/python3.7/site-packages/airflow/example_dags/example_dag_decorator.py
[2023-03-21T16:57:07.481+0000] {logging_mixin.py:137} INFO - [2023-03-21T16:57:07.481+0000] {dag.py:2693} INFO - Sync 1 DAGs
[2023-03-21T16:57:07.505+0000] {logging_mixin.py:137} INFO - [2023-03-21T16:57:07.505+0000] {dag.py:3444} INFO - Setting next_dagrun for example_dag_decorator to None, run_after=None
[2023-03-21T16:57:07.523+0000] {processor.py:175} INFO - Processing /home/airflow/.local/lib/python3.7/site-packages/airflow/example_dags/example_dag_decorator.py took 0.125 seconds
[2023-03-21T16:57:37.595+0000] {processor.py:153} INFO - Started process (PID=510) to work on /home/airflow/.local/lib/python3.7/site-packages/airflow/example_dags/example_dag_decorator.py
[2023-03-21T16:57:37.596+0000] {processor.py:743} INFO - Processing file /home/airflow/.local/lib/python3.7/site-packages/airflow/example_dags/example_dag_decorator.py for tasks to queue
[2023-03-21T16:57:37.597+0000] {logging_mixin.py:137} INFO - [2023-03-21T16:57:37.597+0000] {dagbag.py:532} INFO - Filling up the DagBag from /home/airflow/.local/lib/python3.7/site-packages/airflow/example_dags/example_dag_decorator.py
[2023-03-21T16:57:37.611+0000] {logging_mixin.py:137} INFO - [2023-03-21T16:57:37.611+0000] {taskmixin.py:211} WARNING - Dependency <Task(_PythonDecoratedOperator): prepare_email>, send_email already registered for DAG: example_dag_decorator
[2023-03-21T16:57:37.611+0000] {logging_mixin.py:137} INFO - [2023-03-21T16:57:37.611+0000] {taskmixin.py:211} WARNING - Dependency <Task(EmailOperator): send_email>, prepare_email already registered for DAG: example_dag_decorator
[2023-03-21T16:57:37.621+0000] {processor.py:753} INFO - DAG(s) dict_keys(['example_dag_decorator']) retrieved from /home/airflow/.local/lib/python3.7/site-packages/airflow/example_dags/example_dag_decorator.py
[2023-03-21T16:57:37.672+0000] {logging_mixin.py:137} INFO - [2023-03-21T16:57:37.672+0000] {dag.py:2693} INFO - Sync 1 DAGs
[2023-03-21T16:57:37.691+0000] {logging_mixin.py:137} INFO - [2023-03-21T16:57:37.691+0000] {dag.py:3444} INFO - Setting next_dagrun for example_dag_decorator to None, run_after=None
[2023-03-21T16:57:37.705+0000] {processor.py:175} INFO - Processing /home/airflow/.local/lib/python3.7/site-packages/airflow/example_dags/example_dag_decorator.py took 0.114 seconds
[2023-03-21T16:58:08.123+0000] {processor.py:153} INFO - Started process (PID=560) to work on /home/airflow/.local/lib/python3.7/site-packages/airflow/example_dags/example_dag_decorator.py
[2023-03-21T16:58:08.124+0000] {processor.py:743} INFO - Processing file /home/airflow/.local/lib/python3.7/site-packages/airflow/example_dags/example_dag_decorator.py for tasks to queue
[2023-03-21T16:58:08.125+0000] {logging_mixin.py:137} INFO - [2023-03-21T16:58:08.125+0000] {dagbag.py:532} INFO - Filling up the DagBag from /home/airflow/.local/lib/python3.7/site-packages/airflow/example_dags/example_dag_decorator.py
[2023-03-21T16:58:08.136+0000] {logging_mixin.py:137} INFO - [2023-03-21T16:58:08.136+0000] {taskmixin.py:211} WARNING - Dependency <Task(_PythonDecoratedOperator): prepare_email>, send_email already registered for DAG: example_dag_decorator
[2023-03-21T16:58:08.137+0000] {logging_mixin.py:137} INFO - [2023-03-21T16:58:08.137+0000] {taskmixin.py:211} WARNING - Dependency <Task(EmailOperator): send_email>, prepare_email already registered for DAG: example_dag_decorator
[2023-03-21T16:58:08.145+0000] {processor.py:753} INFO - DAG(s) dict_keys(['example_dag_decorator']) retrieved from /home/airflow/.local/lib/python3.7/site-packages/airflow/example_dags/example_dag_decorator.py
[2023-03-21T16:58:08.189+0000] {logging_mixin.py:137} INFO - [2023-03-21T16:58:08.189+0000] {dag.py:2693} INFO - Sync 1 DAGs
[2023-03-21T16:58:08.204+0000] {logging_mixin.py:137} INFO - [2023-03-21T16:58:08.204+0000] {dag.py:3444} INFO - Setting next_dagrun for example_dag_decorator to None, run_after=None
[2023-03-21T16:58:08.215+0000] {processor.py:175} INFO - Processing /home/airflow/.local/lib/python3.7/site-packages/airflow/example_dags/example_dag_decorator.py took 0.095 seconds
[2023-03-21T16:58:38.908+0000] {processor.py:153} INFO - Started process (PID=610) to work on /home/airflow/.local/lib/python3.7/site-packages/airflow/example_dags/example_dag_decorator.py
[2023-03-21T16:58:38.909+0000] {processor.py:743} INFO - Processing file /home/airflow/.local/lib/python3.7/site-packages/airflow/example_dags/example_dag_decorator.py for tasks to queue
[2023-03-21T16:58:38.910+0000] {logging_mixin.py:137} INFO - [2023-03-21T16:58:38.910+0000] {dagbag.py:532} INFO - Filling up the DagBag from /home/airflow/.local/lib/python3.7/site-packages/airflow/example_dags/example_dag_decorator.py
[2023-03-21T16:58:38.923+0000] {logging_mixin.py:137} INFO - [2023-03-21T16:58:38.923+0000] {taskmixin.py:211} WARNING - Dependency <Task(_PythonDecoratedOperator): prepare_email>, send_email already registered for DAG: example_dag_decorator
[2023-03-21T16:58:38.923+0000] {logging_mixin.py:137} INFO - [2023-03-21T16:58:38.923+0000] {taskmixin.py:211} WARNING - Dependency <Task(EmailOperator): send_email>, prepare_email already registered for DAG: example_dag_decorator
[2023-03-21T16:58:38.932+0000] {processor.py:753} INFO - DAG(s) dict_keys(['example_dag_decorator']) retrieved from /home/airflow/.local/lib/python3.7/site-packages/airflow/example_dags/example_dag_decorator.py
[2023-03-21T16:58:38.980+0000] {logging_mixin.py:137} INFO - [2023-03-21T16:58:38.980+0000] {dag.py:2693} INFO - Sync 1 DAGs
[2023-03-21T16:58:38.997+0000] {logging_mixin.py:137} INFO - [2023-03-21T16:58:38.997+0000] {dag.py:3444} INFO - Setting next_dagrun for example_dag_decorator to None, run_after=None
[2023-03-21T16:58:39.011+0000] {processor.py:175} INFO - Processing /home/airflow/.local/lib/python3.7/site-packages/airflow/example_dags/example_dag_decorator.py took 0.106 seconds
[2023-03-21T16:59:09.598+0000] {processor.py:153} INFO - Started process (PID=660) to work on /home/airflow/.local/lib/python3.7/site-packages/airflow/example_dags/example_dag_decorator.py
[2023-03-21T16:59:09.599+0000] {processor.py:743} INFO - Processing file /home/airflow/.local/lib/python3.7/site-packages/airflow/example_dags/example_dag_decorator.py for tasks to queue
[2023-03-21T16:59:09.601+0000] {logging_mixin.py:137} INFO - [2023-03-21T16:59:09.601+0000] {dagbag.py:532} INFO - Filling up the DagBag from /home/airflow/.local/lib/python3.7/site-packages/airflow/example_dags/example_dag_decorator.py
[2023-03-21T16:59:09.624+0000] {logging_mixin.py:137} INFO - [2023-03-21T16:59:09.624+0000] {taskmixin.py:211} WARNING - Dependency <Task(_PythonDecoratedOperator): prepare_email>, send_email already registered for DAG: example_dag_decorator
[2023-03-21T16:59:09.625+0000] {logging_mixin.py:137} INFO - [2023-03-21T16:59:09.625+0000] {taskmixin.py:211} WARNING - Dependency <Task(EmailOperator): send_email>, prepare_email already registered for DAG: example_dag_decorator
[2023-03-21T16:59:09.639+0000] {processor.py:753} INFO - DAG(s) dict_keys(['example_dag_decorator']) retrieved from /home/airflow/.local/lib/python3.7/site-packages/airflow/example_dags/example_dag_decorator.py
[2023-03-21T16:59:09.713+0000] {logging_mixin.py:137} INFO - [2023-03-21T16:59:09.713+0000] {dag.py:2693} INFO - Sync 1 DAGs
[2023-03-21T16:59:09.731+0000] {logging_mixin.py:137} INFO - [2023-03-21T16:59:09.731+0000] {dag.py:3444} INFO - Setting next_dagrun for example_dag_decorator to None, run_after=None
[2023-03-21T16:59:09.746+0000] {processor.py:175} INFO - Processing /home/airflow/.local/lib/python3.7/site-packages/airflow/example_dags/example_dag_decorator.py took 0.153 seconds
[2023-03-21T16:59:40.450+0000] {processor.py:153} INFO - Started process (PID=710) to work on /home/airflow/.local/lib/python3.7/site-packages/airflow/example_dags/example_dag_decorator.py
[2023-03-21T16:59:40.451+0000] {processor.py:743} INFO - Processing file /home/airflow/.local/lib/python3.7/site-packages/airflow/example_dags/example_dag_decorator.py for tasks to queue
[2023-03-21T16:59:40.452+0000] {logging_mixin.py:137} INFO - [2023-03-21T16:59:40.452+0000] {dagbag.py:532} INFO - Filling up the DagBag from /home/airflow/.local/lib/python3.7/site-packages/airflow/example_dags/example_dag_decorator.py
[2023-03-21T16:59:40.469+0000] {logging_mixin.py:137} INFO - [2023-03-21T16:59:40.469+0000] {taskmixin.py:211} WARNING - Dependency <Task(_PythonDecoratedOperator): prepare_email>, send_email already registered for DAG: example_dag_decorator
[2023-03-21T16:59:40.469+0000] {logging_mixin.py:137} INFO - [2023-03-21T16:59:40.469+0000] {taskmixin.py:211} WARNING - Dependency <Task(EmailOperator): send_email>, prepare_email already registered for DAG: example_dag_decorator
[2023-03-21T16:59:40.481+0000] {processor.py:753} INFO - DAG(s) dict_keys(['example_dag_decorator']) retrieved from /home/airflow/.local/lib/python3.7/site-packages/airflow/example_dags/example_dag_decorator.py
[2023-03-21T16:59:40.535+0000] {logging_mixin.py:137} INFO - [2023-03-21T16:59:40.535+0000] {dag.py:2693} INFO - Sync 1 DAGs
[2023-03-21T16:59:40.571+0000] {logging_mixin.py:137} INFO - [2023-03-21T16:59:40.571+0000] {dag.py:3444} INFO - Setting next_dagrun for example_dag_decorator to None, run_after=None
[2023-03-21T16:59:40.587+0000] {processor.py:175} INFO - Processing /home/airflow/.local/lib/python3.7/site-packages/airflow/example_dags/example_dag_decorator.py took 0.141 seconds
[2023-03-21T17:00:11.354+0000] {processor.py:153} INFO - Started process (PID=760) to work on /home/airflow/.local/lib/python3.7/site-packages/airflow/example_dags/example_dag_decorator.py
[2023-03-21T17:00:11.356+0000] {processor.py:743} INFO - Processing file /home/airflow/.local/lib/python3.7/site-packages/airflow/example_dags/example_dag_decorator.py for tasks to queue
[2023-03-21T17:00:11.357+0000] {logging_mixin.py:137} INFO - [2023-03-21T17:00:11.357+0000] {dagbag.py:532} INFO - Filling up the DagBag from /home/airflow/.local/lib/python3.7/site-packages/airflow/example_dags/example_dag_decorator.py
[2023-03-21T17:00:11.371+0000] {logging_mixin.py:137} INFO - [2023-03-21T17:00:11.370+0000] {taskmixin.py:211} WARNING - Dependency <Task(_PythonDecoratedOperator): prepare_email>, send_email already registered for DAG: example_dag_decorator
[2023-03-21T17:00:11.371+0000] {logging_mixin.py:137} INFO - [2023-03-21T17:00:11.371+0000] {taskmixin.py:211} WARNING - Dependency <Task(EmailOperator): send_email>, prepare_email already registered for DAG: example_dag_decorator
[2023-03-21T17:00:11.381+0000] {processor.py:753} INFO - DAG(s) dict_keys(['example_dag_decorator']) retrieved from /home/airflow/.local/lib/python3.7/site-packages/airflow/example_dags/example_dag_decorator.py
[2023-03-21T17:00:11.429+0000] {logging_mixin.py:137} INFO - [2023-03-21T17:00:11.429+0000] {dag.py:2693} INFO - Sync 1 DAGs
[2023-03-21T17:00:11.446+0000] {logging_mixin.py:137} INFO - [2023-03-21T17:00:11.446+0000] {dag.py:3444} INFO - Setting next_dagrun for example_dag_decorator to None, run_after=None
[2023-03-21T17:00:11.460+0000] {processor.py:175} INFO - Processing /home/airflow/.local/lib/python3.7/site-packages/airflow/example_dags/example_dag_decorator.py took 0.108 seconds
[2023-03-21T17:00:42.310+0000] {processor.py:153} INFO - Started process (PID=810) to work on /home/airflow/.local/lib/python3.7/site-packages/airflow/example_dags/example_dag_decorator.py
[2023-03-21T17:00:42.312+0000] {processor.py:743} INFO - Processing file /home/airflow/.local/lib/python3.7/site-packages/airflow/example_dags/example_dag_decorator.py for tasks to queue
[2023-03-21T17:00:42.312+0000] {logging_mixin.py:137} INFO - [2023-03-21T17:00:42.312+0000] {dagbag.py:532} INFO - Filling up the DagBag from /home/airflow/.local/lib/python3.7/site-packages/airflow/example_dags/example_dag_decorator.py
[2023-03-21T17:00:42.323+0000] {logging_mixin.py:137} INFO - [2023-03-21T17:00:42.323+0000] {taskmixin.py:211} WARNING - Dependency <Task(_PythonDecoratedOperator): prepare_email>, send_email already registered for DAG: example_dag_decorator
[2023-03-21T17:00:42.324+0000] {logging_mixin.py:137} INFO - [2023-03-21T17:00:42.324+0000] {taskmixin.py:211} WARNING - Dependency <Task(EmailOperator): send_email>, prepare_email already registered for DAG: example_dag_decorator
[2023-03-21T17:00:42.332+0000] {processor.py:753} INFO - DAG(s) dict_keys(['example_dag_decorator']) retrieved from /home/airflow/.local/lib/python3.7/site-packages/airflow/example_dags/example_dag_decorator.py
[2023-03-21T17:00:42.375+0000] {logging_mixin.py:137} INFO - [2023-03-21T17:00:42.374+0000] {dag.py:2693} INFO - Sync 1 DAGs
[2023-03-21T17:00:42.388+0000] {logging_mixin.py:137} INFO - [2023-03-21T17:00:42.388+0000] {dag.py:3444} INFO - Setting next_dagrun for example_dag_decorator to None, run_after=None
[2023-03-21T17:00:42.400+0000] {processor.py:175} INFO - Processing /home/airflow/.local/lib/python3.7/site-packages/airflow/example_dags/example_dag_decorator.py took 0.092 seconds
[2023-03-21T17:01:13.150+0000] {processor.py:153} INFO - Started process (PID=860) to work on /home/airflow/.local/lib/python3.7/site-packages/airflow/example_dags/example_dag_decorator.py
[2023-03-21T17:01:13.151+0000] {processor.py:743} INFO - Processing file /home/airflow/.local/lib/python3.7/site-packages/airflow/example_dags/example_dag_decorator.py for tasks to queue
[2023-03-21T17:01:13.152+0000] {logging_mixin.py:137} INFO - [2023-03-21T17:01:13.152+0000] {dagbag.py:532} INFO - Filling up the DagBag from /home/airflow/.local/lib/python3.7/site-packages/airflow/example_dags/example_dag_decorator.py
[2023-03-21T17:01:13.167+0000] {logging_mixin.py:137} INFO - [2023-03-21T17:01:13.167+0000] {taskmixin.py:211} WARNING - Dependency <Task(_PythonDecoratedOperator): prepare_email>, send_email already registered for DAG: example_dag_decorator
[2023-03-21T17:01:13.169+0000] {logging_mixin.py:137} INFO - [2023-03-21T17:01:13.168+0000] {taskmixin.py:211} WARNING - Dependency <Task(EmailOperator): send_email>, prepare_email already registered for DAG: example_dag_decorator
[2023-03-21T17:01:13.180+0000] {processor.py:753} INFO - DAG(s) dict_keys(['example_dag_decorator']) retrieved from /home/airflow/.local/lib/python3.7/site-packages/airflow/example_dags/example_dag_decorator.py
[2023-03-21T17:01:13.229+0000] {logging_mixin.py:137} INFO - [2023-03-21T17:01:13.229+0000] {dag.py:2693} INFO - Sync 1 DAGs
[2023-03-21T17:01:13.249+0000] {logging_mixin.py:137} INFO - [2023-03-21T17:01:13.249+0000] {dag.py:3444} INFO - Setting next_dagrun for example_dag_decorator to None, run_after=None
[2023-03-21T17:01:13.267+0000] {processor.py:175} INFO - Processing /home/airflow/.local/lib/python3.7/site-packages/airflow/example_dags/example_dag_decorator.py took 0.120 seconds
[2023-03-21T17:01:43.762+0000] {processor.py:153} INFO - Started process (PID=910) to work on /home/airflow/.local/lib/python3.7/site-packages/airflow/example_dags/example_dag_decorator.py
[2023-03-21T17:01:43.763+0000] {processor.py:743} INFO - Processing file /home/airflow/.local/lib/python3.7/site-packages/airflow/example_dags/example_dag_decorator.py for tasks to queue
[2023-03-21T17:01:43.764+0000] {logging_mixin.py:137} INFO - [2023-03-21T17:01:43.764+0000] {dagbag.py:532} INFO - Filling up the DagBag from /home/airflow/.local/lib/python3.7/site-packages/airflow/example_dags/example_dag_decorator.py
[2023-03-21T17:01:43.776+0000] {logging_mixin.py:137} INFO - [2023-03-21T17:01:43.776+0000] {taskmixin.py:211} WARNING - Dependency <Task(_PythonDecoratedOperator): prepare_email>, send_email already registered for DAG: example_dag_decorator
[2023-03-21T17:01:43.777+0000] {logging_mixin.py:137} INFO - [2023-03-21T17:01:43.777+0000] {taskmixin.py:211} WARNING - Dependency <Task(EmailOperator): send_email>, prepare_email already registered for DAG: example_dag_decorator
[2023-03-21T17:01:43.786+0000] {processor.py:753} INFO - DAG(s) dict_keys(['example_dag_decorator']) retrieved from /home/airflow/.local/lib/python3.7/site-packages/airflow/example_dags/example_dag_decorator.py
[2023-03-21T17:01:43.833+0000] {logging_mixin.py:137} INFO - [2023-03-21T17:01:43.833+0000] {dag.py:2693} INFO - Sync 1 DAGs
[2023-03-21T17:01:43.848+0000] {logging_mixin.py:137} INFO - [2023-03-21T17:01:43.848+0000] {dag.py:3444} INFO - Setting next_dagrun for example_dag_decorator to None, run_after=None
[2023-03-21T17:01:43.861+0000] {processor.py:175} INFO - Processing /home/airflow/.local/lib/python3.7/site-packages/airflow/example_dags/example_dag_decorator.py took 0.102 seconds
[2023-03-21T17:02:14.417+0000] {processor.py:153} INFO - Started process (PID=960) to work on /home/airflow/.local/lib/python3.7/site-packages/airflow/example_dags/example_dag_decorator.py
[2023-03-21T17:02:14.418+0000] {processor.py:743} INFO - Processing file /home/airflow/.local/lib/python3.7/site-packages/airflow/example_dags/example_dag_decorator.py for tasks to queue
[2023-03-21T17:02:14.419+0000] {logging_mixin.py:137} INFO - [2023-03-21T17:02:14.419+0000] {dagbag.py:532} INFO - Filling up the DagBag from /home/airflow/.local/lib/python3.7/site-packages/airflow/example_dags/example_dag_decorator.py
[2023-03-21T17:02:14.430+0000] {logging_mixin.py:137} INFO - [2023-03-21T17:02:14.430+0000] {taskmixin.py:211} WARNING - Dependency <Task(_PythonDecoratedOperator): prepare_email>, send_email already registered for DAG: example_dag_decorator
[2023-03-21T17:02:14.431+0000] {logging_mixin.py:137} INFO - [2023-03-21T17:02:14.431+0000] {taskmixin.py:211} WARNING - Dependency <Task(EmailOperator): send_email>, prepare_email already registered for DAG: example_dag_decorator
[2023-03-21T17:02:14.438+0000] {processor.py:753} INFO - DAG(s) dict_keys(['example_dag_decorator']) retrieved from /home/airflow/.local/lib/python3.7/site-packages/airflow/example_dags/example_dag_decorator.py
[2023-03-21T17:02:14.485+0000] {logging_mixin.py:137} INFO - [2023-03-21T17:02:14.485+0000] {dag.py:2693} INFO - Sync 1 DAGs
[2023-03-21T17:02:14.503+0000] {logging_mixin.py:137} INFO - [2023-03-21T17:02:14.503+0000] {dag.py:3444} INFO - Setting next_dagrun for example_dag_decorator to None, run_after=None
[2023-03-21T17:02:14.514+0000] {processor.py:175} INFO - Processing /home/airflow/.local/lib/python3.7/site-packages/airflow/example_dags/example_dag_decorator.py took 0.100 seconds
[2023-03-21T17:02:45.341+0000] {processor.py:153} INFO - Started process (PID=1010) to work on /home/airflow/.local/lib/python3.7/site-packages/airflow/example_dags/example_dag_decorator.py
[2023-03-21T17:02:45.343+0000] {processor.py:743} INFO - Processing file /home/airflow/.local/lib/python3.7/site-packages/airflow/example_dags/example_dag_decorator.py for tasks to queue
[2023-03-21T17:02:45.344+0000] {logging_mixin.py:137} INFO - [2023-03-21T17:02:45.344+0000] {dagbag.py:532} INFO - Filling up the DagBag from /home/airflow/.local/lib/python3.7/site-packages/airflow/example_dags/example_dag_decorator.py
[2023-03-21T17:02:45.359+0000] {logging_mixin.py:137} INFO - [2023-03-21T17:02:45.359+0000] {taskmixin.py:211} WARNING - Dependency <Task(_PythonDecoratedOperator): prepare_email>, send_email already registered for DAG: example_dag_decorator
[2023-03-21T17:02:45.360+0000] {logging_mixin.py:137} INFO - [2023-03-21T17:02:45.360+0000] {taskmixin.py:211} WARNING - Dependency <Task(EmailOperator): send_email>, prepare_email already registered for DAG: example_dag_decorator
[2023-03-21T17:02:45.371+0000] {processor.py:753} INFO - DAG(s) dict_keys(['example_dag_decorator']) retrieved from /home/airflow/.local/lib/python3.7/site-packages/airflow/example_dags/example_dag_decorator.py
[2023-03-21T17:02:45.435+0000] {logging_mixin.py:137} INFO - [2023-03-21T17:02:45.434+0000] {dag.py:2693} INFO - Sync 1 DAGs
[2023-03-21T17:02:45.454+0000] {logging_mixin.py:137} INFO - [2023-03-21T17:02:45.454+0000] {dag.py:3444} INFO - Setting next_dagrun for example_dag_decorator to None, run_after=None
[2023-03-21T17:02:45.475+0000] {processor.py:175} INFO - Processing /home/airflow/.local/lib/python3.7/site-packages/airflow/example_dags/example_dag_decorator.py took 0.137 seconds
[2023-03-21T17:03:15.673+0000] {processor.py:153} INFO - Started process (PID=1061) to work on /home/airflow/.local/lib/python3.7/site-packages/airflow/example_dags/example_dag_decorator.py
[2023-03-21T17:03:15.674+0000] {processor.py:743} INFO - Processing file /home/airflow/.local/lib/python3.7/site-packages/airflow/example_dags/example_dag_decorator.py for tasks to queue
[2023-03-21T17:03:15.675+0000] {logging_mixin.py:137} INFO - [2023-03-21T17:03:15.675+0000] {dagbag.py:532} INFO - Filling up the DagBag from /home/airflow/.local/lib/python3.7/site-packages/airflow/example_dags/example_dag_decorator.py
[2023-03-21T17:03:15.687+0000] {logging_mixin.py:137} INFO - [2023-03-21T17:03:15.687+0000] {taskmixin.py:211} WARNING - Dependency <Task(_PythonDecoratedOperator): prepare_email>, send_email already registered for DAG: example_dag_decorator
[2023-03-21T17:03:15.688+0000] {logging_mixin.py:137} INFO - [2023-03-21T17:03:15.688+0000] {taskmixin.py:211} WARNING - Dependency <Task(EmailOperator): send_email>, prepare_email already registered for DAG: example_dag_decorator
[2023-03-21T17:03:15.697+0000] {processor.py:753} INFO - DAG(s) dict_keys(['example_dag_decorator']) retrieved from /home/airflow/.local/lib/python3.7/site-packages/airflow/example_dags/example_dag_decorator.py
[2023-03-21T17:03:15.742+0000] {logging_mixin.py:137} INFO - [2023-03-21T17:03:15.742+0000] {dag.py:2693} INFO - Sync 1 DAGs
[2023-03-21T17:03:15.760+0000] {logging_mixin.py:137} INFO - [2023-03-21T17:03:15.759+0000] {dag.py:3444} INFO - Setting next_dagrun for example_dag_decorator to None, run_after=None
[2023-03-21T17:03:15.774+0000] {processor.py:175} INFO - Processing /home/airflow/.local/lib/python3.7/site-packages/airflow/example_dags/example_dag_decorator.py took 0.105 seconds
[2023-03-21T17:03:46.185+0000] {processor.py:153} INFO - Started process (PID=1110) to work on /home/airflow/.local/lib/python3.7/site-packages/airflow/example_dags/example_dag_decorator.py
[2023-03-21T17:03:46.187+0000] {processor.py:743} INFO - Processing file /home/airflow/.local/lib/python3.7/site-packages/airflow/example_dags/example_dag_decorator.py for tasks to queue
[2023-03-21T17:03:46.189+0000] {logging_mixin.py:137} INFO - [2023-03-21T17:03:46.188+0000] {dagbag.py:532} INFO - Filling up the DagBag from /home/airflow/.local/lib/python3.7/site-packages/airflow/example_dags/example_dag_decorator.py
[2023-03-21T17:03:46.224+0000] {logging_mixin.py:137} INFO - [2023-03-21T17:03:46.224+0000] {taskmixin.py:211} WARNING - Dependency <Task(_PythonDecoratedOperator): prepare_email>, send_email already registered for DAG: example_dag_decorator
[2023-03-21T17:03:46.227+0000] {logging_mixin.py:137} INFO - [2023-03-21T17:03:46.227+0000] {taskmixin.py:211} WARNING - Dependency <Task(EmailOperator): send_email>, prepare_email already registered for DAG: example_dag_decorator
[2023-03-21T17:03:46.243+0000] {processor.py:753} INFO - DAG(s) dict_keys(['example_dag_decorator']) retrieved from /home/airflow/.local/lib/python3.7/site-packages/airflow/example_dags/example_dag_decorator.py
[2023-03-21T17:03:46.343+0000] {logging_mixin.py:137} INFO - [2023-03-21T17:03:46.342+0000] {dag.py:2693} INFO - Sync 1 DAGs
[2023-03-21T17:03:46.371+0000] {logging_mixin.py:137} INFO - [2023-03-21T17:03:46.371+0000] {dag.py:3444} INFO - Setting next_dagrun for example_dag_decorator to None, run_after=None
[2023-03-21T17:03:46.390+0000] {processor.py:175} INFO - Processing /home/airflow/.local/lib/python3.7/site-packages/airflow/example_dags/example_dag_decorator.py took 0.208 seconds
[2023-03-21T17:04:17.253+0000] {processor.py:153} INFO - Started process (PID=1159) to work on /home/airflow/.local/lib/python3.7/site-packages/airflow/example_dags/example_dag_decorator.py
[2023-03-21T17:04:17.255+0000] {processor.py:743} INFO - Processing file /home/airflow/.local/lib/python3.7/site-packages/airflow/example_dags/example_dag_decorator.py for tasks to queue
[2023-03-21T17:04:17.255+0000] {logging_mixin.py:137} INFO - [2023-03-21T17:04:17.255+0000] {dagbag.py:532} INFO - Filling up the DagBag from /home/airflow/.local/lib/python3.7/site-packages/airflow/example_dags/example_dag_decorator.py
[2023-03-21T17:04:17.268+0000] {logging_mixin.py:137} INFO - [2023-03-21T17:04:17.268+0000] {taskmixin.py:211} WARNING - Dependency <Task(_PythonDecoratedOperator): prepare_email>, send_email already registered for DAG: example_dag_decorator
[2023-03-21T17:04:17.269+0000] {logging_mixin.py:137} INFO - [2023-03-21T17:04:17.269+0000] {taskmixin.py:211} WARNING - Dependency <Task(EmailOperator): send_email>, prepare_email already registered for DAG: example_dag_decorator
[2023-03-21T17:04:17.278+0000] {processor.py:753} INFO - DAG(s) dict_keys(['example_dag_decorator']) retrieved from /home/airflow/.local/lib/python3.7/site-packages/airflow/example_dags/example_dag_decorator.py
[2023-03-21T17:04:17.324+0000] {logging_mixin.py:137} INFO - [2023-03-21T17:04:17.324+0000] {dag.py:2693} INFO - Sync 1 DAGs
[2023-03-21T17:04:17.338+0000] {logging_mixin.py:137} INFO - [2023-03-21T17:04:17.338+0000] {dag.py:3444} INFO - Setting next_dagrun for example_dag_decorator to None, run_after=None
[2023-03-21T17:04:17.350+0000] {processor.py:175} INFO - Processing /home/airflow/.local/lib/python3.7/site-packages/airflow/example_dags/example_dag_decorator.py took 0.104 seconds
[2023-03-21T17:04:47.832+0000] {processor.py:153} INFO - Started process (PID=1209) to work on /home/airflow/.local/lib/python3.7/site-packages/airflow/example_dags/example_dag_decorator.py
[2023-03-21T17:04:47.833+0000] {processor.py:743} INFO - Processing file /home/airflow/.local/lib/python3.7/site-packages/airflow/example_dags/example_dag_decorator.py for tasks to queue
[2023-03-21T17:04:47.834+0000] {logging_mixin.py:137} INFO - [2023-03-21T17:04:47.834+0000] {dagbag.py:532} INFO - Filling up the DagBag from /home/airflow/.local/lib/python3.7/site-packages/airflow/example_dags/example_dag_decorator.py
[2023-03-21T17:04:47.845+0000] {logging_mixin.py:137} INFO - [2023-03-21T17:04:47.845+0000] {taskmixin.py:211} WARNING - Dependency <Task(_PythonDecoratedOperator): prepare_email>, send_email already registered for DAG: example_dag_decorator
[2023-03-21T17:04:47.846+0000] {logging_mixin.py:137} INFO - [2023-03-21T17:04:47.846+0000] {taskmixin.py:211} WARNING - Dependency <Task(EmailOperator): send_email>, prepare_email already registered for DAG: example_dag_decorator
[2023-03-21T17:04:47.854+0000] {processor.py:753} INFO - DAG(s) dict_keys(['example_dag_decorator']) retrieved from /home/airflow/.local/lib/python3.7/site-packages/airflow/example_dags/example_dag_decorator.py
[2023-03-21T17:04:47.905+0000] {logging_mixin.py:137} INFO - [2023-03-21T17:04:47.905+0000] {dag.py:2693} INFO - Sync 1 DAGs
[2023-03-21T17:04:47.919+0000] {logging_mixin.py:137} INFO - [2023-03-21T17:04:47.919+0000] {dag.py:3444} INFO - Setting next_dagrun for example_dag_decorator to None, run_after=None
[2023-03-21T17:04:47.931+0000] {processor.py:175} INFO - Processing /home/airflow/.local/lib/python3.7/site-packages/airflow/example_dags/example_dag_decorator.py took 0.101 seconds
[2023-03-21T17:05:18.660+0000] {processor.py:153} INFO - Started process (PID=1259) to work on /home/airflow/.local/lib/python3.7/site-packages/airflow/example_dags/example_dag_decorator.py
[2023-03-21T17:05:18.661+0000] {processor.py:743} INFO - Processing file /home/airflow/.local/lib/python3.7/site-packages/airflow/example_dags/example_dag_decorator.py for tasks to queue
[2023-03-21T17:05:18.662+0000] {logging_mixin.py:137} INFO - [2023-03-21T17:05:18.661+0000] {dagbag.py:532} INFO - Filling up the DagBag from /home/airflow/.local/lib/python3.7/site-packages/airflow/example_dags/example_dag_decorator.py
[2023-03-21T17:05:18.673+0000] {logging_mixin.py:137} INFO - [2023-03-21T17:05:18.673+0000] {taskmixin.py:211} WARNING - Dependency <Task(_PythonDecoratedOperator): prepare_email>, send_email already registered for DAG: example_dag_decorator
[2023-03-21T17:05:18.673+0000] {logging_mixin.py:137} INFO - [2023-03-21T17:05:18.673+0000] {taskmixin.py:211} WARNING - Dependency <Task(EmailOperator): send_email>, prepare_email already registered for DAG: example_dag_decorator
[2023-03-21T17:05:18.681+0000] {processor.py:753} INFO - DAG(s) dict_keys(['example_dag_decorator']) retrieved from /home/airflow/.local/lib/python3.7/site-packages/airflow/example_dags/example_dag_decorator.py
[2023-03-21T17:05:18.725+0000] {logging_mixin.py:137} INFO - [2023-03-21T17:05:18.725+0000] {dag.py:2693} INFO - Sync 1 DAGs
[2023-03-21T17:05:18.741+0000] {logging_mixin.py:137} INFO - [2023-03-21T17:05:18.741+0000] {dag.py:3444} INFO - Setting next_dagrun for example_dag_decorator to None, run_after=None
[2023-03-21T17:05:18.753+0000] {processor.py:175} INFO - Processing /home/airflow/.local/lib/python3.7/site-packages/airflow/example_dags/example_dag_decorator.py took 0.096 seconds
[2023-03-21T17:05:49.444+0000] {processor.py:153} INFO - Started process (PID=1315) to work on /home/airflow/.local/lib/python3.7/site-packages/airflow/example_dags/example_dag_decorator.py
[2023-03-21T17:05:49.445+0000] {processor.py:743} INFO - Processing file /home/airflow/.local/lib/python3.7/site-packages/airflow/example_dags/example_dag_decorator.py for tasks to queue
[2023-03-21T17:05:49.445+0000] {logging_mixin.py:137} INFO - [2023-03-21T17:05:49.445+0000] {dagbag.py:532} INFO - Filling up the DagBag from /home/airflow/.local/lib/python3.7/site-packages/airflow/example_dags/example_dag_decorator.py
[2023-03-21T17:05:49.458+0000] {logging_mixin.py:137} INFO - [2023-03-21T17:05:49.458+0000] {taskmixin.py:211} WARNING - Dependency <Task(_PythonDecoratedOperator): prepare_email>, send_email already registered for DAG: example_dag_decorator
[2023-03-21T17:05:49.458+0000] {logging_mixin.py:137} INFO - [2023-03-21T17:05:49.458+0000] {taskmixin.py:211} WARNING - Dependency <Task(EmailOperator): send_email>, prepare_email already registered for DAG: example_dag_decorator
[2023-03-21T17:05:49.469+0000] {processor.py:753} INFO - DAG(s) dict_keys(['example_dag_decorator']) retrieved from /home/airflow/.local/lib/python3.7/site-packages/airflow/example_dags/example_dag_decorator.py
[2023-03-21T17:05:49.515+0000] {logging_mixin.py:137} INFO - [2023-03-21T17:05:49.515+0000] {dag.py:2693} INFO - Sync 1 DAGs
[2023-03-21T17:05:49.531+0000] {logging_mixin.py:137} INFO - [2023-03-21T17:05:49.531+0000] {dag.py:3444} INFO - Setting next_dagrun for example_dag_decorator to None, run_after=None
[2023-03-21T17:05:49.544+0000] {processor.py:175} INFO - Processing /home/airflow/.local/lib/python3.7/site-packages/airflow/example_dags/example_dag_decorator.py took 0.103 seconds
[2023-03-21T17:06:20.193+0000] {processor.py:153} INFO - Started process (PID=1365) to work on /home/airflow/.local/lib/python3.7/site-packages/airflow/example_dags/example_dag_decorator.py
[2023-03-21T17:06:20.195+0000] {processor.py:743} INFO - Processing file /home/airflow/.local/lib/python3.7/site-packages/airflow/example_dags/example_dag_decorator.py for tasks to queue
[2023-03-21T17:06:20.196+0000] {logging_mixin.py:137} INFO - [2023-03-21T17:06:20.196+0000] {dagbag.py:532} INFO - Filling up the DagBag from /home/airflow/.local/lib/python3.7/site-packages/airflow/example_dags/example_dag_decorator.py
[2023-03-21T17:06:20.213+0000] {logging_mixin.py:137} INFO - [2023-03-21T17:06:20.212+0000] {taskmixin.py:211} WARNING - Dependency <Task(_PythonDecoratedOperator): prepare_email>, send_email already registered for DAG: example_dag_decorator
[2023-03-21T17:06:20.213+0000] {logging_mixin.py:137} INFO - [2023-03-21T17:06:20.213+0000] {taskmixin.py:211} WARNING - Dependency <Task(EmailOperator): send_email>, prepare_email already registered for DAG: example_dag_decorator
[2023-03-21T17:06:20.227+0000] {processor.py:753} INFO - DAG(s) dict_keys(['example_dag_decorator']) retrieved from /home/airflow/.local/lib/python3.7/site-packages/airflow/example_dags/example_dag_decorator.py
[2023-03-21T17:06:20.275+0000] {logging_mixin.py:137} INFO - [2023-03-21T17:06:20.275+0000] {dag.py:2693} INFO - Sync 1 DAGs
[2023-03-21T17:06:20.291+0000] {logging_mixin.py:137} INFO - [2023-03-21T17:06:20.291+0000] {dag.py:3444} INFO - Setting next_dagrun for example_dag_decorator to None, run_after=None
[2023-03-21T17:06:20.305+0000] {processor.py:175} INFO - Processing /home/airflow/.local/lib/python3.7/site-packages/airflow/example_dags/example_dag_decorator.py took 0.115 seconds
[2023-03-21T17:06:51.147+0000] {processor.py:153} INFO - Started process (PID=1415) to work on /home/airflow/.local/lib/python3.7/site-packages/airflow/example_dags/example_dag_decorator.py
[2023-03-21T17:06:51.149+0000] {processor.py:743} INFO - Processing file /home/airflow/.local/lib/python3.7/site-packages/airflow/example_dags/example_dag_decorator.py for tasks to queue
[2023-03-21T17:06:51.150+0000] {logging_mixin.py:137} INFO - [2023-03-21T17:06:51.149+0000] {dagbag.py:532} INFO - Filling up the DagBag from /home/airflow/.local/lib/python3.7/site-packages/airflow/example_dags/example_dag_decorator.py
[2023-03-21T17:06:51.162+0000] {logging_mixin.py:137} INFO - [2023-03-21T17:06:51.162+0000] {taskmixin.py:211} WARNING - Dependency <Task(_PythonDecoratedOperator): prepare_email>, send_email already registered for DAG: example_dag_decorator
[2023-03-21T17:06:51.162+0000] {logging_mixin.py:137} INFO - [2023-03-21T17:06:51.162+0000] {taskmixin.py:211} WARNING - Dependency <Task(EmailOperator): send_email>, prepare_email already registered for DAG: example_dag_decorator
[2023-03-21T17:06:51.173+0000] {processor.py:753} INFO - DAG(s) dict_keys(['example_dag_decorator']) retrieved from /home/airflow/.local/lib/python3.7/site-packages/airflow/example_dags/example_dag_decorator.py
[2023-03-21T17:06:51.219+0000] {logging_mixin.py:137} INFO - [2023-03-21T17:06:51.219+0000] {dag.py:2693} INFO - Sync 1 DAGs
[2023-03-21T17:06:51.236+0000] {logging_mixin.py:137} INFO - [2023-03-21T17:06:51.236+0000] {dag.py:3444} INFO - Setting next_dagrun for example_dag_decorator to None, run_after=None
[2023-03-21T17:06:51.248+0000] {processor.py:175} INFO - Processing /home/airflow/.local/lib/python3.7/site-packages/airflow/example_dags/example_dag_decorator.py took 0.104 seconds
[2023-03-21T17:16:17.542+0000] {processor.py:153} INFO - Started process (PID=56) to work on /home/airflow/.local/lib/python3.7/site-packages/airflow/example_dags/example_dag_decorator.py
[2023-03-21T17:16:17.543+0000] {processor.py:743} INFO - Processing file /home/airflow/.local/lib/python3.7/site-packages/airflow/example_dags/example_dag_decorator.py for tasks to queue
[2023-03-21T17:16:17.545+0000] {logging_mixin.py:137} INFO - [2023-03-21T17:16:17.544+0000] {dagbag.py:532} INFO - Filling up the DagBag from /home/airflow/.local/lib/python3.7/site-packages/airflow/example_dags/example_dag_decorator.py
[2023-03-21T17:16:17.583+0000] {logging_mixin.py:137} INFO - [2023-03-21T17:16:17.582+0000] {taskmixin.py:211} WARNING - Dependency <Task(_PythonDecoratedOperator): prepare_email>, send_email already registered for DAG: example_dag_decorator
[2023-03-21T17:16:17.584+0000] {logging_mixin.py:137} INFO - [2023-03-21T17:16:17.584+0000] {taskmixin.py:211} WARNING - Dependency <Task(EmailOperator): send_email>, prepare_email already registered for DAG: example_dag_decorator
[2023-03-21T17:16:17.610+0000] {processor.py:753} INFO - DAG(s) dict_keys(['example_dag_decorator']) retrieved from /home/airflow/.local/lib/python3.7/site-packages/airflow/example_dags/example_dag_decorator.py
[2023-03-21T17:16:17.629+0000] {logging_mixin.py:137} INFO - [2023-03-21T17:16:17.629+0000] {dag.py:2693} INFO - Sync 1 DAGs
[2023-03-21T17:16:17.673+0000] {logging_mixin.py:137} INFO - [2023-03-21T17:16:17.673+0000] {dag.py:3444} INFO - Setting next_dagrun for example_dag_decorator to None, run_after=None
[2023-03-21T17:16:17.699+0000] {processor.py:175} INFO - Processing /home/airflow/.local/lib/python3.7/site-packages/airflow/example_dags/example_dag_decorator.py took 0.162 seconds
[2023-03-21T17:16:48.262+0000] {processor.py:153} INFO - Started process (PID=106) to work on /home/airflow/.local/lib/python3.7/site-packages/airflow/example_dags/example_dag_decorator.py
[2023-03-21T17:16:48.263+0000] {processor.py:743} INFO - Processing file /home/airflow/.local/lib/python3.7/site-packages/airflow/example_dags/example_dag_decorator.py for tasks to queue
[2023-03-21T17:16:48.264+0000] {logging_mixin.py:137} INFO - [2023-03-21T17:16:48.264+0000] {dagbag.py:532} INFO - Filling up the DagBag from /home/airflow/.local/lib/python3.7/site-packages/airflow/example_dags/example_dag_decorator.py
[2023-03-21T17:16:48.274+0000] {logging_mixin.py:137} INFO - [2023-03-21T17:16:48.274+0000] {taskmixin.py:211} WARNING - Dependency <Task(_PythonDecoratedOperator): prepare_email>, send_email already registered for DAG: example_dag_decorator
[2023-03-21T17:16:48.275+0000] {logging_mixin.py:137} INFO - [2023-03-21T17:16:48.275+0000] {taskmixin.py:211} WARNING - Dependency <Task(EmailOperator): send_email>, prepare_email already registered for DAG: example_dag_decorator
[2023-03-21T17:16:48.283+0000] {processor.py:753} INFO - DAG(s) dict_keys(['example_dag_decorator']) retrieved from /home/airflow/.local/lib/python3.7/site-packages/airflow/example_dags/example_dag_decorator.py
[2023-03-21T17:16:48.323+0000] {logging_mixin.py:137} INFO - [2023-03-21T17:16:48.323+0000] {dag.py:2693} INFO - Sync 1 DAGs
[2023-03-21T17:16:48.338+0000] {logging_mixin.py:137} INFO - [2023-03-21T17:16:48.338+0000] {dag.py:3444} INFO - Setting next_dagrun for example_dag_decorator to None, run_after=None
[2023-03-21T17:16:48.350+0000] {processor.py:175} INFO - Processing /home/airflow/.local/lib/python3.7/site-packages/airflow/example_dags/example_dag_decorator.py took 0.092 seconds
[2023-03-21T17:17:22.752+0000] {processor.py:153} INFO - Started process (PID=156) to work on /home/airflow/.local/lib/python3.7/site-packages/airflow/example_dags/example_dag_decorator.py
[2023-03-21T17:17:22.753+0000] {processor.py:743} INFO - Processing file /home/airflow/.local/lib/python3.7/site-packages/airflow/example_dags/example_dag_decorator.py for tasks to queue
[2023-03-21T17:17:22.755+0000] {logging_mixin.py:137} INFO - [2023-03-21T17:17:22.754+0000] {dagbag.py:532} INFO - Filling up the DagBag from /home/airflow/.local/lib/python3.7/site-packages/airflow/example_dags/example_dag_decorator.py
[2023-03-21T17:17:22.776+0000] {logging_mixin.py:137} INFO - [2023-03-21T17:17:22.776+0000] {taskmixin.py:211} WARNING - Dependency <Task(_PythonDecoratedOperator): prepare_email>, send_email already registered for DAG: example_dag_decorator
[2023-03-21T17:17:22.777+0000] {logging_mixin.py:137} INFO - [2023-03-21T17:17:22.777+0000] {taskmixin.py:211} WARNING - Dependency <Task(EmailOperator): send_email>, prepare_email already registered for DAG: example_dag_decorator
[2023-03-21T17:17:22.790+0000] {processor.py:753} INFO - DAG(s) dict_keys(['example_dag_decorator']) retrieved from /home/airflow/.local/lib/python3.7/site-packages/airflow/example_dags/example_dag_decorator.py
[2023-03-21T17:17:22.814+0000] {logging_mixin.py:137} INFO - [2023-03-21T17:17:22.814+0000] {dag.py:2693} INFO - Sync 1 DAGs
[2023-03-21T17:17:22.841+0000] {logging_mixin.py:137} INFO - [2023-03-21T17:17:22.841+0000] {dag.py:3444} INFO - Setting next_dagrun for example_dag_decorator to None, run_after=None
[2023-03-21T17:17:22.859+0000] {processor.py:175} INFO - Processing /home/airflow/.local/lib/python3.7/site-packages/airflow/example_dags/example_dag_decorator.py took 0.111 seconds
[2023-03-21T17:17:53.420+0000] {processor.py:153} INFO - Started process (PID=205) to work on /home/airflow/.local/lib/python3.7/site-packages/airflow/example_dags/example_dag_decorator.py
[2023-03-21T17:17:53.421+0000] {processor.py:743} INFO - Processing file /home/airflow/.local/lib/python3.7/site-packages/airflow/example_dags/example_dag_decorator.py for tasks to queue
[2023-03-21T17:17:53.421+0000] {logging_mixin.py:137} INFO - [2023-03-21T17:17:53.421+0000] {dagbag.py:532} INFO - Filling up the DagBag from /home/airflow/.local/lib/python3.7/site-packages/airflow/example_dags/example_dag_decorator.py
[2023-03-21T17:17:53.433+0000] {logging_mixin.py:137} INFO - [2023-03-21T17:17:53.432+0000] {taskmixin.py:211} WARNING - Dependency <Task(_PythonDecoratedOperator): prepare_email>, send_email already registered for DAG: example_dag_decorator
[2023-03-21T17:17:53.433+0000] {logging_mixin.py:137} INFO - [2023-03-21T17:17:53.433+0000] {taskmixin.py:211} WARNING - Dependency <Task(EmailOperator): send_email>, prepare_email already registered for DAG: example_dag_decorator
[2023-03-21T17:17:53.441+0000] {processor.py:753} INFO - DAG(s) dict_keys(['example_dag_decorator']) retrieved from /home/airflow/.local/lib/python3.7/site-packages/airflow/example_dags/example_dag_decorator.py
[2023-03-21T17:17:53.460+0000] {logging_mixin.py:137} INFO - [2023-03-21T17:17:53.460+0000] {dag.py:2693} INFO - Sync 1 DAGs
[2023-03-21T17:17:53.476+0000] {logging_mixin.py:137} INFO - [2023-03-21T17:17:53.476+0000] {dag.py:3444} INFO - Setting next_dagrun for example_dag_decorator to None, run_after=None
[2023-03-21T17:17:53.488+0000] {processor.py:175} INFO - Processing /home/airflow/.local/lib/python3.7/site-packages/airflow/example_dags/example_dag_decorator.py took 0.071 seconds
