[2023-03-21T15:25:55.060+0000] {processor.py:153} INFO - Started process (PID=66) to work on /home/airflow/.local/lib/python3.7/site-packages/airflow/example_dags/example_bash_operator.py
[2023-03-21T15:25:55.066+0000] {processor.py:743} INFO - Processing file /home/airflow/.local/lib/python3.7/site-packages/airflow/example_dags/example_bash_operator.py for tasks to queue
[2023-03-21T15:25:55.072+0000] {logging_mixin.py:137} INFO - [2023-03-21T15:25:55.072+0000] {dagbag.py:532} INFO - Filling up the DagBag from /home/airflow/.local/lib/python3.7/site-packages/airflow/example_dags/example_bash_operator.py
[2023-03-21T15:25:55.110+0000] {processor.py:753} INFO - DAG(s) dict_keys(['example_bash_operator']) retrieved from /home/airflow/.local/lib/python3.7/site-packages/airflow/example_dags/example_bash_operator.py
[2023-03-21T15:25:55.146+0000] {logging_mixin.py:137} INFO - [2023-03-21T15:25:55.146+0000] {dag.py:2693} INFO - Sync 1 DAGs
[2023-03-21T15:25:55.176+0000] {logging_mixin.py:137} INFO - [2023-03-21T15:25:55.176+0000] {dag.py:3444} INFO - Setting next_dagrun for example_bash_operator to 2023-03-20T00:00:00+00:00, run_after=2023-03-21T00:00:00+00:00
[2023-03-21T15:25:55.196+0000] {processor.py:175} INFO - Processing /home/airflow/.local/lib/python3.7/site-packages/airflow/example_dags/example_bash_operator.py took 0.141 seconds
[2023-03-21T15:26:25.825+0000] {processor.py:153} INFO - Started process (PID=115) to work on /home/airflow/.local/lib/python3.7/site-packages/airflow/example_dags/example_bash_operator.py
[2023-03-21T15:26:25.827+0000] {processor.py:743} INFO - Processing file /home/airflow/.local/lib/python3.7/site-packages/airflow/example_dags/example_bash_operator.py for tasks to queue
[2023-03-21T15:26:25.828+0000] {logging_mixin.py:137} INFO - [2023-03-21T15:26:25.828+0000] {dagbag.py:532} INFO - Filling up the DagBag from /home/airflow/.local/lib/python3.7/site-packages/airflow/example_dags/example_bash_operator.py
[2023-03-21T15:26:25.847+0000] {processor.py:753} INFO - DAG(s) dict_keys(['example_bash_operator']) retrieved from /home/airflow/.local/lib/python3.7/site-packages/airflow/example_dags/example_bash_operator.py
[2023-03-21T15:26:25.883+0000] {logging_mixin.py:137} INFO - [2023-03-21T15:26:25.883+0000] {dag.py:2693} INFO - Sync 1 DAGs
[2023-03-21T15:26:25.903+0000] {logging_mixin.py:137} INFO - [2023-03-21T15:26:25.902+0000] {dag.py:3444} INFO - Setting next_dagrun for example_bash_operator to 2023-03-20T00:00:00+00:00, run_after=2023-03-21T00:00:00+00:00
[2023-03-21T15:26:25.918+0000] {processor.py:175} INFO - Processing /home/airflow/.local/lib/python3.7/site-packages/airflow/example_dags/example_bash_operator.py took 0.097 seconds
[2023-03-21T15:26:56.460+0000] {processor.py:153} INFO - Started process (PID=164) to work on /home/airflow/.local/lib/python3.7/site-packages/airflow/example_dags/example_bash_operator.py
[2023-03-21T15:26:56.462+0000] {processor.py:743} INFO - Processing file /home/airflow/.local/lib/python3.7/site-packages/airflow/example_dags/example_bash_operator.py for tasks to queue
[2023-03-21T15:26:56.463+0000] {logging_mixin.py:137} INFO - [2023-03-21T15:26:56.463+0000] {dagbag.py:532} INFO - Filling up the DagBag from /home/airflow/.local/lib/python3.7/site-packages/airflow/example_dags/example_bash_operator.py
[2023-03-21T15:26:56.482+0000] {processor.py:753} INFO - DAG(s) dict_keys(['example_bash_operator']) retrieved from /home/airflow/.local/lib/python3.7/site-packages/airflow/example_dags/example_bash_operator.py
[2023-03-21T15:26:56.528+0000] {logging_mixin.py:137} INFO - [2023-03-21T15:26:56.528+0000] {dag.py:2693} INFO - Sync 1 DAGs
[2023-03-21T15:26:56.555+0000] {logging_mixin.py:137} INFO - [2023-03-21T15:26:56.555+0000] {dag.py:3444} INFO - Setting next_dagrun for example_bash_operator to 2023-03-20T00:00:00+00:00, run_after=2023-03-21T00:00:00+00:00
[2023-03-21T15:26:56.572+0000] {processor.py:175} INFO - Processing /home/airflow/.local/lib/python3.7/site-packages/airflow/example_dags/example_bash_operator.py took 0.116 seconds
[2023-03-21T15:27:27.077+0000] {processor.py:153} INFO - Started process (PID=213) to work on /home/airflow/.local/lib/python3.7/site-packages/airflow/example_dags/example_bash_operator.py
[2023-03-21T15:27:27.079+0000] {processor.py:743} INFO - Processing file /home/airflow/.local/lib/python3.7/site-packages/airflow/example_dags/example_bash_operator.py for tasks to queue
[2023-03-21T15:27:27.080+0000] {logging_mixin.py:137} INFO - [2023-03-21T15:27:27.080+0000] {dagbag.py:532} INFO - Filling up the DagBag from /home/airflow/.local/lib/python3.7/site-packages/airflow/example_dags/example_bash_operator.py
[2023-03-21T15:27:27.095+0000] {processor.py:753} INFO - DAG(s) dict_keys(['example_bash_operator']) retrieved from /home/airflow/.local/lib/python3.7/site-packages/airflow/example_dags/example_bash_operator.py
[2023-03-21T15:27:27.119+0000] {logging_mixin.py:137} INFO - [2023-03-21T15:27:27.119+0000] {dag.py:2693} INFO - Sync 1 DAGs
[2023-03-21T15:27:27.137+0000] {logging_mixin.py:137} INFO - [2023-03-21T15:27:27.137+0000] {dag.py:3444} INFO - Setting next_dagrun for example_bash_operator to 2023-03-20T00:00:00+00:00, run_after=2023-03-21T00:00:00+00:00
[2023-03-21T15:27:27.149+0000] {processor.py:175} INFO - Processing /home/airflow/.local/lib/python3.7/site-packages/airflow/example_dags/example_bash_operator.py took 0.074 seconds
[2023-03-21T15:27:57.492+0000] {processor.py:153} INFO - Started process (PID=262) to work on /home/airflow/.local/lib/python3.7/site-packages/airflow/example_dags/example_bash_operator.py
[2023-03-21T15:27:57.493+0000] {processor.py:743} INFO - Processing file /home/airflow/.local/lib/python3.7/site-packages/airflow/example_dags/example_bash_operator.py for tasks to queue
[2023-03-21T15:27:57.493+0000] {logging_mixin.py:137} INFO - [2023-03-21T15:27:57.493+0000] {dagbag.py:532} INFO - Filling up the DagBag from /home/airflow/.local/lib/python3.7/site-packages/airflow/example_dags/example_bash_operator.py
[2023-03-21T15:27:57.508+0000] {processor.py:753} INFO - DAG(s) dict_keys(['example_bash_operator']) retrieved from /home/airflow/.local/lib/python3.7/site-packages/airflow/example_dags/example_bash_operator.py
[2023-03-21T15:27:57.533+0000] {logging_mixin.py:137} INFO - [2023-03-21T15:27:57.533+0000] {dag.py:2693} INFO - Sync 1 DAGs
[2023-03-21T15:27:57.549+0000] {logging_mixin.py:137} INFO - [2023-03-21T15:27:57.549+0000] {dag.py:3444} INFO - Setting next_dagrun for example_bash_operator to 2023-03-20T00:00:00+00:00, run_after=2023-03-21T00:00:00+00:00
[2023-03-21T15:27:57.561+0000] {processor.py:175} INFO - Processing /home/airflow/.local/lib/python3.7/site-packages/airflow/example_dags/example_bash_operator.py took 0.072 seconds
[2023-03-21T15:28:27.870+0000] {processor.py:153} INFO - Started process (PID=311) to work on /home/airflow/.local/lib/python3.7/site-packages/airflow/example_dags/example_bash_operator.py
[2023-03-21T15:28:27.871+0000] {processor.py:743} INFO - Processing file /home/airflow/.local/lib/python3.7/site-packages/airflow/example_dags/example_bash_operator.py for tasks to queue
[2023-03-21T15:28:27.872+0000] {logging_mixin.py:137} INFO - [2023-03-21T15:28:27.871+0000] {dagbag.py:532} INFO - Filling up the DagBag from /home/airflow/.local/lib/python3.7/site-packages/airflow/example_dags/example_bash_operator.py
[2023-03-21T15:28:27.886+0000] {processor.py:753} INFO - DAG(s) dict_keys(['example_bash_operator']) retrieved from /home/airflow/.local/lib/python3.7/site-packages/airflow/example_dags/example_bash_operator.py
[2023-03-21T15:28:27.914+0000] {logging_mixin.py:137} INFO - [2023-03-21T15:28:27.914+0000] {dag.py:2693} INFO - Sync 1 DAGs
[2023-03-21T15:28:27.931+0000] {logging_mixin.py:137} INFO - [2023-03-21T15:28:27.931+0000] {dag.py:3444} INFO - Setting next_dagrun for example_bash_operator to 2023-03-20T00:00:00+00:00, run_after=2023-03-21T00:00:00+00:00
[2023-03-21T15:28:27.942+0000] {processor.py:175} INFO - Processing /home/airflow/.local/lib/python3.7/site-packages/airflow/example_dags/example_bash_operator.py took 0.075 seconds
[2023-03-21T15:28:58.199+0000] {processor.py:153} INFO - Started process (PID=360) to work on /home/airflow/.local/lib/python3.7/site-packages/airflow/example_dags/example_bash_operator.py
[2023-03-21T15:28:58.200+0000] {processor.py:743} INFO - Processing file /home/airflow/.local/lib/python3.7/site-packages/airflow/example_dags/example_bash_operator.py for tasks to queue
[2023-03-21T15:28:58.201+0000] {logging_mixin.py:137} INFO - [2023-03-21T15:28:58.201+0000] {dagbag.py:532} INFO - Filling up the DagBag from /home/airflow/.local/lib/python3.7/site-packages/airflow/example_dags/example_bash_operator.py
[2023-03-21T15:28:58.215+0000] {processor.py:753} INFO - DAG(s) dict_keys(['example_bash_operator']) retrieved from /home/airflow/.local/lib/python3.7/site-packages/airflow/example_dags/example_bash_operator.py
[2023-03-21T15:28:58.239+0000] {logging_mixin.py:137} INFO - [2023-03-21T15:28:58.238+0000] {dag.py:2693} INFO - Sync 1 DAGs
[2023-03-21T15:28:58.254+0000] {logging_mixin.py:137} INFO - [2023-03-21T15:28:58.254+0000] {dag.py:3444} INFO - Setting next_dagrun for example_bash_operator to 2023-03-20T00:00:00+00:00, run_after=2023-03-21T00:00:00+00:00
[2023-03-21T15:28:58.264+0000] {processor.py:175} INFO - Processing /home/airflow/.local/lib/python3.7/site-packages/airflow/example_dags/example_bash_operator.py took 0.068 seconds
[2023-03-21T15:29:28.426+0000] {processor.py:153} INFO - Started process (PID=409) to work on /home/airflow/.local/lib/python3.7/site-packages/airflow/example_dags/example_bash_operator.py
[2023-03-21T15:29:28.427+0000] {processor.py:743} INFO - Processing file /home/airflow/.local/lib/python3.7/site-packages/airflow/example_dags/example_bash_operator.py for tasks to queue
[2023-03-21T15:29:28.428+0000] {logging_mixin.py:137} INFO - [2023-03-21T15:29:28.428+0000] {dagbag.py:532} INFO - Filling up the DagBag from /home/airflow/.local/lib/python3.7/site-packages/airflow/example_dags/example_bash_operator.py
[2023-03-21T15:29:28.443+0000] {processor.py:753} INFO - DAG(s) dict_keys(['example_bash_operator']) retrieved from /home/airflow/.local/lib/python3.7/site-packages/airflow/example_dags/example_bash_operator.py
[2023-03-21T15:29:28.468+0000] {logging_mixin.py:137} INFO - [2023-03-21T15:29:28.468+0000] {dag.py:2693} INFO - Sync 1 DAGs
[2023-03-21T15:29:28.486+0000] {logging_mixin.py:137} INFO - [2023-03-21T15:29:28.485+0000] {dag.py:3444} INFO - Setting next_dagrun for example_bash_operator to 2023-03-20T00:00:00+00:00, run_after=2023-03-21T00:00:00+00:00
[2023-03-21T15:29:28.497+0000] {processor.py:175} INFO - Processing /home/airflow/.local/lib/python3.7/site-packages/airflow/example_dags/example_bash_operator.py took 0.074 seconds
[2023-03-21T15:29:58.923+0000] {processor.py:153} INFO - Started process (PID=458) to work on /home/airflow/.local/lib/python3.7/site-packages/airflow/example_dags/example_bash_operator.py
[2023-03-21T15:29:58.924+0000] {processor.py:743} INFO - Processing file /home/airflow/.local/lib/python3.7/site-packages/airflow/example_dags/example_bash_operator.py for tasks to queue
[2023-03-21T15:29:58.925+0000] {logging_mixin.py:137} INFO - [2023-03-21T15:29:58.925+0000] {dagbag.py:532} INFO - Filling up the DagBag from /home/airflow/.local/lib/python3.7/site-packages/airflow/example_dags/example_bash_operator.py
[2023-03-21T15:29:58.939+0000] {processor.py:753} INFO - DAG(s) dict_keys(['example_bash_operator']) retrieved from /home/airflow/.local/lib/python3.7/site-packages/airflow/example_dags/example_bash_operator.py
[2023-03-21T15:29:58.962+0000] {logging_mixin.py:137} INFO - [2023-03-21T15:29:58.962+0000] {dag.py:2693} INFO - Sync 1 DAGs
[2023-03-21T15:29:58.978+0000] {logging_mixin.py:137} INFO - [2023-03-21T15:29:58.978+0000] {dag.py:3444} INFO - Setting next_dagrun for example_bash_operator to 2023-03-20T00:00:00+00:00, run_after=2023-03-21T00:00:00+00:00
[2023-03-21T15:29:58.988+0000] {processor.py:175} INFO - Processing /home/airflow/.local/lib/python3.7/site-packages/airflow/example_dags/example_bash_operator.py took 0.068 seconds
[2023-03-21T15:30:29.495+0000] {processor.py:153} INFO - Started process (PID=507) to work on /home/airflow/.local/lib/python3.7/site-packages/airflow/example_dags/example_bash_operator.py
[2023-03-21T15:30:29.497+0000] {processor.py:743} INFO - Processing file /home/airflow/.local/lib/python3.7/site-packages/airflow/example_dags/example_bash_operator.py for tasks to queue
[2023-03-21T15:30:29.497+0000] {logging_mixin.py:137} INFO - [2023-03-21T15:30:29.497+0000] {dagbag.py:532} INFO - Filling up the DagBag from /home/airflow/.local/lib/python3.7/site-packages/airflow/example_dags/example_bash_operator.py
[2023-03-21T15:30:29.513+0000] {processor.py:753} INFO - DAG(s) dict_keys(['example_bash_operator']) retrieved from /home/airflow/.local/lib/python3.7/site-packages/airflow/example_dags/example_bash_operator.py
[2023-03-21T15:30:29.539+0000] {logging_mixin.py:137} INFO - [2023-03-21T15:30:29.539+0000] {dag.py:2693} INFO - Sync 1 DAGs
[2023-03-21T15:30:29.554+0000] {logging_mixin.py:137} INFO - [2023-03-21T15:30:29.554+0000] {dag.py:3444} INFO - Setting next_dagrun for example_bash_operator to 2023-03-20T00:00:00+00:00, run_after=2023-03-21T00:00:00+00:00
[2023-03-21T15:30:29.565+0000] {processor.py:175} INFO - Processing /home/airflow/.local/lib/python3.7/site-packages/airflow/example_dags/example_bash_operator.py took 0.073 seconds
[2023-03-21T15:30:59.843+0000] {processor.py:153} INFO - Started process (PID=556) to work on /home/airflow/.local/lib/python3.7/site-packages/airflow/example_dags/example_bash_operator.py
[2023-03-21T15:30:59.844+0000] {processor.py:743} INFO - Processing file /home/airflow/.local/lib/python3.7/site-packages/airflow/example_dags/example_bash_operator.py for tasks to queue
[2023-03-21T15:30:59.845+0000] {logging_mixin.py:137} INFO - [2023-03-21T15:30:59.845+0000] {dagbag.py:532} INFO - Filling up the DagBag from /home/airflow/.local/lib/python3.7/site-packages/airflow/example_dags/example_bash_operator.py
[2023-03-21T15:30:59.863+0000] {processor.py:753} INFO - DAG(s) dict_keys(['example_bash_operator']) retrieved from /home/airflow/.local/lib/python3.7/site-packages/airflow/example_dags/example_bash_operator.py
[2023-03-21T15:30:59.895+0000] {logging_mixin.py:137} INFO - [2023-03-21T15:30:59.895+0000] {dag.py:2693} INFO - Sync 1 DAGs
[2023-03-21T15:30:59.917+0000] {logging_mixin.py:137} INFO - [2023-03-21T15:30:59.917+0000] {dag.py:3444} INFO - Setting next_dagrun for example_bash_operator to 2023-03-20T00:00:00+00:00, run_after=2023-03-21T00:00:00+00:00
[2023-03-21T15:30:59.930+0000] {processor.py:175} INFO - Processing /home/airflow/.local/lib/python3.7/site-packages/airflow/example_dags/example_bash_operator.py took 0.091 seconds
[2023-03-21T15:31:30.260+0000] {processor.py:153} INFO - Started process (PID=604) to work on /home/airflow/.local/lib/python3.7/site-packages/airflow/example_dags/example_bash_operator.py
[2023-03-21T15:31:30.262+0000] {processor.py:743} INFO - Processing file /home/airflow/.local/lib/python3.7/site-packages/airflow/example_dags/example_bash_operator.py for tasks to queue
[2023-03-21T15:31:30.263+0000] {logging_mixin.py:137} INFO - [2023-03-21T15:31:30.263+0000] {dagbag.py:532} INFO - Filling up the DagBag from /home/airflow/.local/lib/python3.7/site-packages/airflow/example_dags/example_bash_operator.py
[2023-03-21T15:31:30.280+0000] {processor.py:753} INFO - DAG(s) dict_keys(['example_bash_operator']) retrieved from /home/airflow/.local/lib/python3.7/site-packages/airflow/example_dags/example_bash_operator.py
[2023-03-21T15:31:30.307+0000] {logging_mixin.py:137} INFO - [2023-03-21T15:31:30.307+0000] {dag.py:2693} INFO - Sync 1 DAGs
[2023-03-21T15:31:30.324+0000] {logging_mixin.py:137} INFO - [2023-03-21T15:31:30.324+0000] {dag.py:3444} INFO - Setting next_dagrun for example_bash_operator to 2023-03-20T00:00:00+00:00, run_after=2023-03-21T00:00:00+00:00
[2023-03-21T15:31:30.336+0000] {processor.py:175} INFO - Processing /home/airflow/.local/lib/python3.7/site-packages/airflow/example_dags/example_bash_operator.py took 0.078 seconds
[2023-03-21T15:32:00.750+0000] {processor.py:153} INFO - Started process (PID=653) to work on /home/airflow/.local/lib/python3.7/site-packages/airflow/example_dags/example_bash_operator.py
[2023-03-21T15:32:00.752+0000] {processor.py:743} INFO - Processing file /home/airflow/.local/lib/python3.7/site-packages/airflow/example_dags/example_bash_operator.py for tasks to queue
[2023-03-21T15:32:00.753+0000] {logging_mixin.py:137} INFO - [2023-03-21T15:32:00.753+0000] {dagbag.py:532} INFO - Filling up the DagBag from /home/airflow/.local/lib/python3.7/site-packages/airflow/example_dags/example_bash_operator.py
[2023-03-21T15:32:00.769+0000] {processor.py:753} INFO - DAG(s) dict_keys(['example_bash_operator']) retrieved from /home/airflow/.local/lib/python3.7/site-packages/airflow/example_dags/example_bash_operator.py
[2023-03-21T15:32:00.793+0000] {logging_mixin.py:137} INFO - [2023-03-21T15:32:00.793+0000] {dag.py:2693} INFO - Sync 1 DAGs
[2023-03-21T15:32:00.811+0000] {logging_mixin.py:137} INFO - [2023-03-21T15:32:00.811+0000] {dag.py:3444} INFO - Setting next_dagrun for example_bash_operator to 2023-03-20T00:00:00+00:00, run_after=2023-03-21T00:00:00+00:00
[2023-03-21T15:32:00.822+0000] {processor.py:175} INFO - Processing /home/airflow/.local/lib/python3.7/site-packages/airflow/example_dags/example_bash_operator.py took 0.075 seconds
[2023-03-21T16:52:57.389+0000] {processor.py:153} INFO - Started process (PID=67) to work on /home/airflow/.local/lib/python3.7/site-packages/airflow/example_dags/example_bash_operator.py
[2023-03-21T16:52:57.391+0000] {processor.py:743} INFO - Processing file /home/airflow/.local/lib/python3.7/site-packages/airflow/example_dags/example_bash_operator.py for tasks to queue
[2023-03-21T16:52:57.393+0000] {logging_mixin.py:137} INFO - [2023-03-21T16:52:57.393+0000] {dagbag.py:532} INFO - Filling up the DagBag from /home/airflow/.local/lib/python3.7/site-packages/airflow/example_dags/example_bash_operator.py
[2023-03-21T16:52:57.447+0000] {processor.py:753} INFO - DAG(s) dict_keys(['example_bash_operator']) retrieved from /home/airflow/.local/lib/python3.7/site-packages/airflow/example_dags/example_bash_operator.py
[2023-03-21T16:52:57.468+0000] {logging_mixin.py:137} INFO - [2023-03-21T16:52:57.468+0000] {dag.py:2693} INFO - Sync 1 DAGs
[2023-03-21T16:52:57.507+0000] {logging_mixin.py:137} INFO - [2023-03-21T16:52:57.507+0000] {dag.py:3444} INFO - Setting next_dagrun for example_bash_operator to 2023-03-20T00:00:00+00:00, run_after=2023-03-21T00:00:00+00:00
[2023-03-21T16:52:57.529+0000] {processor.py:175} INFO - Processing /home/airflow/.local/lib/python3.7/site-packages/airflow/example_dags/example_bash_operator.py took 0.149 seconds
[2023-03-21T16:53:27.612+0000] {processor.py:153} INFO - Started process (PID=116) to work on /home/airflow/.local/lib/python3.7/site-packages/airflow/example_dags/example_bash_operator.py
[2023-03-21T16:53:27.613+0000] {processor.py:743} INFO - Processing file /home/airflow/.local/lib/python3.7/site-packages/airflow/example_dags/example_bash_operator.py for tasks to queue
[2023-03-21T16:53:27.614+0000] {logging_mixin.py:137} INFO - [2023-03-21T16:53:27.614+0000] {dagbag.py:532} INFO - Filling up the DagBag from /home/airflow/.local/lib/python3.7/site-packages/airflow/example_dags/example_bash_operator.py
[2023-03-21T16:53:27.630+0000] {processor.py:753} INFO - DAG(s) dict_keys(['example_bash_operator']) retrieved from /home/airflow/.local/lib/python3.7/site-packages/airflow/example_dags/example_bash_operator.py
[2023-03-21T16:53:27.655+0000] {logging_mixin.py:137} INFO - [2023-03-21T16:53:27.655+0000] {dag.py:2693} INFO - Sync 1 DAGs
[2023-03-21T16:53:27.672+0000] {logging_mixin.py:137} INFO - [2023-03-21T16:53:27.672+0000] {dag.py:3444} INFO - Setting next_dagrun for example_bash_operator to 2023-03-20T00:00:00+00:00, run_after=2023-03-21T00:00:00+00:00
[2023-03-21T16:53:27.683+0000] {processor.py:175} INFO - Processing /home/airflow/.local/lib/python3.7/site-packages/airflow/example_dags/example_bash_operator.py took 0.074 seconds
[2023-03-21T16:53:59.539+0000] {processor.py:153} INFO - Started process (PID=170) to work on /home/airflow/.local/lib/python3.7/site-packages/airflow/example_dags/example_bash_operator.py
[2023-03-21T16:53:59.541+0000] {processor.py:743} INFO - Processing file /home/airflow/.local/lib/python3.7/site-packages/airflow/example_dags/example_bash_operator.py for tasks to queue
[2023-03-21T16:53:59.541+0000] {logging_mixin.py:137} INFO - [2023-03-21T16:53:59.541+0000] {dagbag.py:532} INFO - Filling up the DagBag from /home/airflow/.local/lib/python3.7/site-packages/airflow/example_dags/example_bash_operator.py
[2023-03-21T16:53:59.557+0000] {processor.py:753} INFO - DAG(s) dict_keys(['example_bash_operator']) retrieved from /home/airflow/.local/lib/python3.7/site-packages/airflow/example_dags/example_bash_operator.py
[2023-03-21T16:53:59.581+0000] {logging_mixin.py:137} INFO - [2023-03-21T16:53:59.581+0000] {dag.py:2693} INFO - Sync 1 DAGs
[2023-03-21T16:53:59.600+0000] {logging_mixin.py:137} INFO - [2023-03-21T16:53:59.600+0000] {dag.py:3444} INFO - Setting next_dagrun for example_bash_operator to 2023-03-20T00:00:00+00:00, run_after=2023-03-21T00:00:00+00:00
[2023-03-21T16:53:59.612+0000] {processor.py:175} INFO - Processing /home/airflow/.local/lib/python3.7/site-packages/airflow/example_dags/example_bash_operator.py took 0.076 seconds
[2023-03-21T16:54:35.060+0000] {processor.py:153} INFO - Started process (PID=220) to work on /home/airflow/.local/lib/python3.7/site-packages/airflow/example_dags/example_bash_operator.py
[2023-03-21T16:54:35.063+0000] {processor.py:743} INFO - Processing file /home/airflow/.local/lib/python3.7/site-packages/airflow/example_dags/example_bash_operator.py for tasks to queue
[2023-03-21T16:54:35.065+0000] {logging_mixin.py:137} INFO - [2023-03-21T16:54:35.064+0000] {dagbag.py:532} INFO - Filling up the DagBag from /home/airflow/.local/lib/python3.7/site-packages/airflow/example_dags/example_bash_operator.py
[2023-03-21T16:54:35.092+0000] {processor.py:753} INFO - DAG(s) dict_keys(['example_bash_operator']) retrieved from /home/airflow/.local/lib/python3.7/site-packages/airflow/example_dags/example_bash_operator.py
[2023-03-21T16:54:35.120+0000] {logging_mixin.py:137} INFO - [2023-03-21T16:54:35.120+0000] {dag.py:2693} INFO - Sync 1 DAGs
[2023-03-21T16:54:35.142+0000] {logging_mixin.py:137} INFO - [2023-03-21T16:54:35.141+0000] {dag.py:3444} INFO - Setting next_dagrun for example_bash_operator to 2023-03-20T00:00:00+00:00, run_after=2023-03-21T00:00:00+00:00
[2023-03-21T16:54:35.160+0000] {processor.py:175} INFO - Processing /home/airflow/.local/lib/python3.7/site-packages/airflow/example_dags/example_bash_operator.py took 0.105 seconds
[2023-03-21T16:55:05.595+0000] {processor.py:153} INFO - Started process (PID=269) to work on /home/airflow/.local/lib/python3.7/site-packages/airflow/example_dags/example_bash_operator.py
[2023-03-21T16:55:05.597+0000] {processor.py:743} INFO - Processing file /home/airflow/.local/lib/python3.7/site-packages/airflow/example_dags/example_bash_operator.py for tasks to queue
[2023-03-21T16:55:05.598+0000] {logging_mixin.py:137} INFO - [2023-03-21T16:55:05.598+0000] {dagbag.py:532} INFO - Filling up the DagBag from /home/airflow/.local/lib/python3.7/site-packages/airflow/example_dags/example_bash_operator.py
[2023-03-21T16:55:05.619+0000] {processor.py:753} INFO - DAG(s) dict_keys(['example_bash_operator']) retrieved from /home/airflow/.local/lib/python3.7/site-packages/airflow/example_dags/example_bash_operator.py
[2023-03-21T16:55:05.645+0000] {logging_mixin.py:137} INFO - [2023-03-21T16:55:05.645+0000] {dag.py:2693} INFO - Sync 1 DAGs
[2023-03-21T16:55:05.665+0000] {logging_mixin.py:137} INFO - [2023-03-21T16:55:05.664+0000] {dag.py:3444} INFO - Setting next_dagrun for example_bash_operator to 2023-03-20T00:00:00+00:00, run_after=2023-03-21T00:00:00+00:00
[2023-03-21T16:55:05.676+0000] {processor.py:175} INFO - Processing /home/airflow/.local/lib/python3.7/site-packages/airflow/example_dags/example_bash_operator.py took 0.086 seconds
[2023-03-21T16:55:36.744+0000] {processor.py:153} INFO - Started process (PID=319) to work on /home/airflow/.local/lib/python3.7/site-packages/airflow/example_dags/example_bash_operator.py
[2023-03-21T16:55:36.746+0000] {processor.py:743} INFO - Processing file /home/airflow/.local/lib/python3.7/site-packages/airflow/example_dags/example_bash_operator.py for tasks to queue
[2023-03-21T16:55:36.747+0000] {logging_mixin.py:137} INFO - [2023-03-21T16:55:36.747+0000] {dagbag.py:532} INFO - Filling up the DagBag from /home/airflow/.local/lib/python3.7/site-packages/airflow/example_dags/example_bash_operator.py
[2023-03-21T16:55:36.766+0000] {processor.py:753} INFO - DAG(s) dict_keys(['example_bash_operator']) retrieved from /home/airflow/.local/lib/python3.7/site-packages/airflow/example_dags/example_bash_operator.py
[2023-03-21T16:55:36.791+0000] {logging_mixin.py:137} INFO - [2023-03-21T16:55:36.791+0000] {dag.py:2693} INFO - Sync 1 DAGs
[2023-03-21T16:55:36.809+0000] {logging_mixin.py:137} INFO - [2023-03-21T16:55:36.809+0000] {dag.py:3444} INFO - Setting next_dagrun for example_bash_operator to 2023-03-20T00:00:00+00:00, run_after=2023-03-21T00:00:00+00:00
[2023-03-21T16:55:36.821+0000] {processor.py:175} INFO - Processing /home/airflow/.local/lib/python3.7/site-packages/airflow/example_dags/example_bash_operator.py took 0.081 seconds
[2023-03-21T16:56:07.653+0000] {processor.py:153} INFO - Started process (PID=369) to work on /home/airflow/.local/lib/python3.7/site-packages/airflow/example_dags/example_bash_operator.py
[2023-03-21T16:56:07.654+0000] {processor.py:743} INFO - Processing file /home/airflow/.local/lib/python3.7/site-packages/airflow/example_dags/example_bash_operator.py for tasks to queue
[2023-03-21T16:56:07.655+0000] {logging_mixin.py:137} INFO - [2023-03-21T16:56:07.655+0000] {dagbag.py:532} INFO - Filling up the DagBag from /home/airflow/.local/lib/python3.7/site-packages/airflow/example_dags/example_bash_operator.py
[2023-03-21T16:56:07.672+0000] {processor.py:753} INFO - DAG(s) dict_keys(['example_bash_operator']) retrieved from /home/airflow/.local/lib/python3.7/site-packages/airflow/example_dags/example_bash_operator.py
[2023-03-21T16:56:07.700+0000] {logging_mixin.py:137} INFO - [2023-03-21T16:56:07.700+0000] {dag.py:2693} INFO - Sync 1 DAGs
[2023-03-21T16:56:07.719+0000] {logging_mixin.py:137} INFO - [2023-03-21T16:56:07.718+0000] {dag.py:3444} INFO - Setting next_dagrun for example_bash_operator to 2023-03-20T00:00:00+00:00, run_after=2023-03-21T00:00:00+00:00
[2023-03-21T16:56:07.731+0000] {processor.py:175} INFO - Processing /home/airflow/.local/lib/python3.7/site-packages/airflow/example_dags/example_bash_operator.py took 0.081 seconds
[2023-03-21T16:56:37.964+0000] {processor.py:153} INFO - Started process (PID=420) to work on /home/airflow/.local/lib/python3.7/site-packages/airflow/example_dags/example_bash_operator.py
[2023-03-21T16:56:37.965+0000] {processor.py:743} INFO - Processing file /home/airflow/.local/lib/python3.7/site-packages/airflow/example_dags/example_bash_operator.py for tasks to queue
[2023-03-21T16:56:37.966+0000] {logging_mixin.py:137} INFO - [2023-03-21T16:56:37.966+0000] {dagbag.py:532} INFO - Filling up the DagBag from /home/airflow/.local/lib/python3.7/site-packages/airflow/example_dags/example_bash_operator.py
[2023-03-21T16:56:37.985+0000] {processor.py:753} INFO - DAG(s) dict_keys(['example_bash_operator']) retrieved from /home/airflow/.local/lib/python3.7/site-packages/airflow/example_dags/example_bash_operator.py
[2023-03-21T16:56:38.013+0000] {logging_mixin.py:137} INFO - [2023-03-21T16:56:38.012+0000] {dag.py:2693} INFO - Sync 1 DAGs
[2023-03-21T16:56:38.030+0000] {logging_mixin.py:137} INFO - [2023-03-21T16:56:38.029+0000] {dag.py:3444} INFO - Setting next_dagrun for example_bash_operator to 2023-03-20T00:00:00+00:00, run_after=2023-03-21T00:00:00+00:00
[2023-03-21T16:56:38.042+0000] {processor.py:175} INFO - Processing /home/airflow/.local/lib/python3.7/site-packages/airflow/example_dags/example_bash_operator.py took 0.081 seconds
[2023-03-21T16:57:08.201+0000] {processor.py:153} INFO - Started process (PID=471) to work on /home/airflow/.local/lib/python3.7/site-packages/airflow/example_dags/example_bash_operator.py
[2023-03-21T16:57:08.203+0000] {processor.py:743} INFO - Processing file /home/airflow/.local/lib/python3.7/site-packages/airflow/example_dags/example_bash_operator.py for tasks to queue
[2023-03-21T16:57:08.206+0000] {logging_mixin.py:137} INFO - [2023-03-21T16:57:08.206+0000] {dagbag.py:532} INFO - Filling up the DagBag from /home/airflow/.local/lib/python3.7/site-packages/airflow/example_dags/example_bash_operator.py
[2023-03-21T16:57:08.227+0000] {processor.py:753} INFO - DAG(s) dict_keys(['example_bash_operator']) retrieved from /home/airflow/.local/lib/python3.7/site-packages/airflow/example_dags/example_bash_operator.py
[2023-03-21T16:57:08.265+0000] {logging_mixin.py:137} INFO - [2023-03-21T16:57:08.264+0000] {dag.py:2693} INFO - Sync 1 DAGs
[2023-03-21T16:57:08.289+0000] {logging_mixin.py:137} INFO - [2023-03-21T16:57:08.289+0000] {dag.py:3444} INFO - Setting next_dagrun for example_bash_operator to 2023-03-20T00:00:00+00:00, run_after=2023-03-21T00:00:00+00:00
[2023-03-21T16:57:08.312+0000] {processor.py:175} INFO - Processing /home/airflow/.local/lib/python3.7/site-packages/airflow/example_dags/example_bash_operator.py took 0.116 seconds
[2023-03-21T16:57:39.203+0000] {processor.py:153} INFO - Started process (PID=521) to work on /home/airflow/.local/lib/python3.7/site-packages/airflow/example_dags/example_bash_operator.py
[2023-03-21T16:57:39.204+0000] {processor.py:743} INFO - Processing file /home/airflow/.local/lib/python3.7/site-packages/airflow/example_dags/example_bash_operator.py for tasks to queue
[2023-03-21T16:57:39.205+0000] {logging_mixin.py:137} INFO - [2023-03-21T16:57:39.205+0000] {dagbag.py:532} INFO - Filling up the DagBag from /home/airflow/.local/lib/python3.7/site-packages/airflow/example_dags/example_bash_operator.py
[2023-03-21T16:57:39.219+0000] {processor.py:753} INFO - DAG(s) dict_keys(['example_bash_operator']) retrieved from /home/airflow/.local/lib/python3.7/site-packages/airflow/example_dags/example_bash_operator.py
[2023-03-21T16:57:39.243+0000] {logging_mixin.py:137} INFO - [2023-03-21T16:57:39.243+0000] {dag.py:2693} INFO - Sync 1 DAGs
[2023-03-21T16:57:39.259+0000] {logging_mixin.py:137} INFO - [2023-03-21T16:57:39.258+0000] {dag.py:3444} INFO - Setting next_dagrun for example_bash_operator to 2023-03-20T00:00:00+00:00, run_after=2023-03-21T00:00:00+00:00
[2023-03-21T16:57:39.269+0000] {processor.py:175} INFO - Processing /home/airflow/.local/lib/python3.7/site-packages/airflow/example_dags/example_bash_operator.py took 0.069 seconds
[2023-03-21T16:58:09.762+0000] {processor.py:153} INFO - Started process (PID=571) to work on /home/airflow/.local/lib/python3.7/site-packages/airflow/example_dags/example_bash_operator.py
[2023-03-21T16:58:09.763+0000] {processor.py:743} INFO - Processing file /home/airflow/.local/lib/python3.7/site-packages/airflow/example_dags/example_bash_operator.py for tasks to queue
[2023-03-21T16:58:09.764+0000] {logging_mixin.py:137} INFO - [2023-03-21T16:58:09.764+0000] {dagbag.py:532} INFO - Filling up the DagBag from /home/airflow/.local/lib/python3.7/site-packages/airflow/example_dags/example_bash_operator.py
[2023-03-21T16:58:09.781+0000] {processor.py:753} INFO - DAG(s) dict_keys(['example_bash_operator']) retrieved from /home/airflow/.local/lib/python3.7/site-packages/airflow/example_dags/example_bash_operator.py
[2023-03-21T16:58:09.806+0000] {logging_mixin.py:137} INFO - [2023-03-21T16:58:09.806+0000] {dag.py:2693} INFO - Sync 1 DAGs
[2023-03-21T16:58:09.822+0000] {logging_mixin.py:137} INFO - [2023-03-21T16:58:09.822+0000] {dag.py:3444} INFO - Setting next_dagrun for example_bash_operator to 2023-03-20T00:00:00+00:00, run_after=2023-03-21T00:00:00+00:00
[2023-03-21T16:58:09.833+0000] {processor.py:175} INFO - Processing /home/airflow/.local/lib/python3.7/site-packages/airflow/example_dags/example_bash_operator.py took 0.075 seconds
[2023-03-21T16:58:40.475+0000] {processor.py:153} INFO - Started process (PID=621) to work on /home/airflow/.local/lib/python3.7/site-packages/airflow/example_dags/example_bash_operator.py
[2023-03-21T16:58:40.476+0000] {processor.py:743} INFO - Processing file /home/airflow/.local/lib/python3.7/site-packages/airflow/example_dags/example_bash_operator.py for tasks to queue
[2023-03-21T16:58:40.477+0000] {logging_mixin.py:137} INFO - [2023-03-21T16:58:40.477+0000] {dagbag.py:532} INFO - Filling up the DagBag from /home/airflow/.local/lib/python3.7/site-packages/airflow/example_dags/example_bash_operator.py
[2023-03-21T16:58:40.491+0000] {processor.py:753} INFO - DAG(s) dict_keys(['example_bash_operator']) retrieved from /home/airflow/.local/lib/python3.7/site-packages/airflow/example_dags/example_bash_operator.py
[2023-03-21T16:58:40.516+0000] {logging_mixin.py:137} INFO - [2023-03-21T16:58:40.516+0000] {dag.py:2693} INFO - Sync 1 DAGs
[2023-03-21T16:58:40.533+0000] {logging_mixin.py:137} INFO - [2023-03-21T16:58:40.533+0000] {dag.py:3444} INFO - Setting next_dagrun for example_bash_operator to 2023-03-20T00:00:00+00:00, run_after=2023-03-21T00:00:00+00:00
[2023-03-21T16:58:40.543+0000] {processor.py:175} INFO - Processing /home/airflow/.local/lib/python3.7/site-packages/airflow/example_dags/example_bash_operator.py took 0.071 seconds
[2023-03-21T16:59:11.300+0000] {processor.py:153} INFO - Started process (PID=671) to work on /home/airflow/.local/lib/python3.7/site-packages/airflow/example_dags/example_bash_operator.py
[2023-03-21T16:59:11.302+0000] {processor.py:743} INFO - Processing file /home/airflow/.local/lib/python3.7/site-packages/airflow/example_dags/example_bash_operator.py for tasks to queue
[2023-03-21T16:59:11.303+0000] {logging_mixin.py:137} INFO - [2023-03-21T16:59:11.303+0000] {dagbag.py:532} INFO - Filling up the DagBag from /home/airflow/.local/lib/python3.7/site-packages/airflow/example_dags/example_bash_operator.py
[2023-03-21T16:59:11.325+0000] {processor.py:753} INFO - DAG(s) dict_keys(['example_bash_operator']) retrieved from /home/airflow/.local/lib/python3.7/site-packages/airflow/example_dags/example_bash_operator.py
[2023-03-21T16:59:11.363+0000] {logging_mixin.py:137} INFO - [2023-03-21T16:59:11.363+0000] {dag.py:2693} INFO - Sync 1 DAGs
[2023-03-21T16:59:11.388+0000] {logging_mixin.py:137} INFO - [2023-03-21T16:59:11.388+0000] {dag.py:3444} INFO - Setting next_dagrun for example_bash_operator to 2023-03-20T00:00:00+00:00, run_after=2023-03-21T00:00:00+00:00
[2023-03-21T16:59:11.415+0000] {processor.py:175} INFO - Processing /home/airflow/.local/lib/python3.7/site-packages/airflow/example_dags/example_bash_operator.py took 0.122 seconds
[2023-03-21T16:59:42.139+0000] {processor.py:153} INFO - Started process (PID=721) to work on /home/airflow/.local/lib/python3.7/site-packages/airflow/example_dags/example_bash_operator.py
[2023-03-21T16:59:42.140+0000] {processor.py:743} INFO - Processing file /home/airflow/.local/lib/python3.7/site-packages/airflow/example_dags/example_bash_operator.py for tasks to queue
[2023-03-21T16:59:42.141+0000] {logging_mixin.py:137} INFO - [2023-03-21T16:59:42.141+0000] {dagbag.py:532} INFO - Filling up the DagBag from /home/airflow/.local/lib/python3.7/site-packages/airflow/example_dags/example_bash_operator.py
[2023-03-21T16:59:42.157+0000] {processor.py:753} INFO - DAG(s) dict_keys(['example_bash_operator']) retrieved from /home/airflow/.local/lib/python3.7/site-packages/airflow/example_dags/example_bash_operator.py
[2023-03-21T16:59:42.184+0000] {logging_mixin.py:137} INFO - [2023-03-21T16:59:42.184+0000] {dag.py:2693} INFO - Sync 1 DAGs
[2023-03-21T16:59:42.203+0000] {logging_mixin.py:137} INFO - [2023-03-21T16:59:42.203+0000] {dag.py:3444} INFO - Setting next_dagrun for example_bash_operator to 2023-03-20T00:00:00+00:00, run_after=2023-03-21T00:00:00+00:00
[2023-03-21T16:59:42.214+0000] {processor.py:175} INFO - Processing /home/airflow/.local/lib/python3.7/site-packages/airflow/example_dags/example_bash_operator.py took 0.079 seconds
[2023-03-21T17:00:12.996+0000] {processor.py:153} INFO - Started process (PID=771) to work on /home/airflow/.local/lib/python3.7/site-packages/airflow/example_dags/example_bash_operator.py
[2023-03-21T17:00:12.997+0000] {processor.py:743} INFO - Processing file /home/airflow/.local/lib/python3.7/site-packages/airflow/example_dags/example_bash_operator.py for tasks to queue
[2023-03-21T17:00:12.999+0000] {logging_mixin.py:137} INFO - [2023-03-21T17:00:12.999+0000] {dagbag.py:532} INFO - Filling up the DagBag from /home/airflow/.local/lib/python3.7/site-packages/airflow/example_dags/example_bash_operator.py
[2023-03-21T17:00:13.018+0000] {processor.py:753} INFO - DAG(s) dict_keys(['example_bash_operator']) retrieved from /home/airflow/.local/lib/python3.7/site-packages/airflow/example_dags/example_bash_operator.py
[2023-03-21T17:00:13.050+0000] {logging_mixin.py:137} INFO - [2023-03-21T17:00:13.050+0000] {dag.py:2693} INFO - Sync 1 DAGs
[2023-03-21T17:00:13.076+0000] {logging_mixin.py:137} INFO - [2023-03-21T17:00:13.076+0000] {dag.py:3444} INFO - Setting next_dagrun for example_bash_operator to 2023-03-20T00:00:00+00:00, run_after=2023-03-21T00:00:00+00:00
[2023-03-21T17:00:13.097+0000] {processor.py:175} INFO - Processing /home/airflow/.local/lib/python3.7/site-packages/airflow/example_dags/example_bash_operator.py took 0.105 seconds
[2023-03-21T17:00:43.904+0000] {processor.py:153} INFO - Started process (PID=821) to work on /home/airflow/.local/lib/python3.7/site-packages/airflow/example_dags/example_bash_operator.py
[2023-03-21T17:00:43.905+0000] {processor.py:743} INFO - Processing file /home/airflow/.local/lib/python3.7/site-packages/airflow/example_dags/example_bash_operator.py for tasks to queue
[2023-03-21T17:00:43.906+0000] {logging_mixin.py:137} INFO - [2023-03-21T17:00:43.906+0000] {dagbag.py:532} INFO - Filling up the DagBag from /home/airflow/.local/lib/python3.7/site-packages/airflow/example_dags/example_bash_operator.py
[2023-03-21T17:00:43.921+0000] {processor.py:753} INFO - DAG(s) dict_keys(['example_bash_operator']) retrieved from /home/airflow/.local/lib/python3.7/site-packages/airflow/example_dags/example_bash_operator.py
[2023-03-21T17:00:43.946+0000] {logging_mixin.py:137} INFO - [2023-03-21T17:00:43.946+0000] {dag.py:2693} INFO - Sync 1 DAGs
[2023-03-21T17:00:43.966+0000] {logging_mixin.py:137} INFO - [2023-03-21T17:00:43.966+0000] {dag.py:3444} INFO - Setting next_dagrun for example_bash_operator to 2023-03-20T00:00:00+00:00, run_after=2023-03-21T00:00:00+00:00
[2023-03-21T17:00:43.982+0000] {processor.py:175} INFO - Processing /home/airflow/.local/lib/python3.7/site-packages/airflow/example_dags/example_bash_operator.py took 0.081 seconds
[2023-03-21T17:01:14.763+0000] {processor.py:153} INFO - Started process (PID=871) to work on /home/airflow/.local/lib/python3.7/site-packages/airflow/example_dags/example_bash_operator.py
[2023-03-21T17:01:14.764+0000] {processor.py:743} INFO - Processing file /home/airflow/.local/lib/python3.7/site-packages/airflow/example_dags/example_bash_operator.py for tasks to queue
[2023-03-21T17:01:14.765+0000] {logging_mixin.py:137} INFO - [2023-03-21T17:01:14.765+0000] {dagbag.py:532} INFO - Filling up the DagBag from /home/airflow/.local/lib/python3.7/site-packages/airflow/example_dags/example_bash_operator.py
[2023-03-21T17:01:14.779+0000] {processor.py:753} INFO - DAG(s) dict_keys(['example_bash_operator']) retrieved from /home/airflow/.local/lib/python3.7/site-packages/airflow/example_dags/example_bash_operator.py
[2023-03-21T17:01:14.804+0000] {logging_mixin.py:137} INFO - [2023-03-21T17:01:14.804+0000] {dag.py:2693} INFO - Sync 1 DAGs
[2023-03-21T17:01:14.820+0000] {logging_mixin.py:137} INFO - [2023-03-21T17:01:14.820+0000] {dag.py:3444} INFO - Setting next_dagrun for example_bash_operator to 2023-03-20T00:00:00+00:00, run_after=2023-03-21T00:00:00+00:00
[2023-03-21T17:01:14.831+0000] {processor.py:175} INFO - Processing /home/airflow/.local/lib/python3.7/site-packages/airflow/example_dags/example_bash_operator.py took 0.070 seconds
[2023-03-21T17:01:45.382+0000] {processor.py:153} INFO - Started process (PID=921) to work on /home/airflow/.local/lib/python3.7/site-packages/airflow/example_dags/example_bash_operator.py
[2023-03-21T17:01:45.383+0000] {processor.py:743} INFO - Processing file /home/airflow/.local/lib/python3.7/site-packages/airflow/example_dags/example_bash_operator.py for tasks to queue
[2023-03-21T17:01:45.384+0000] {logging_mixin.py:137} INFO - [2023-03-21T17:01:45.384+0000] {dagbag.py:532} INFO - Filling up the DagBag from /home/airflow/.local/lib/python3.7/site-packages/airflow/example_dags/example_bash_operator.py
[2023-03-21T17:01:45.399+0000] {processor.py:753} INFO - DAG(s) dict_keys(['example_bash_operator']) retrieved from /home/airflow/.local/lib/python3.7/site-packages/airflow/example_dags/example_bash_operator.py
[2023-03-21T17:01:45.425+0000] {logging_mixin.py:137} INFO - [2023-03-21T17:01:45.425+0000] {dag.py:2693} INFO - Sync 1 DAGs
[2023-03-21T17:01:45.443+0000] {logging_mixin.py:137} INFO - [2023-03-21T17:01:45.443+0000] {dag.py:3444} INFO - Setting next_dagrun for example_bash_operator to 2023-03-20T00:00:00+00:00, run_after=2023-03-21T00:00:00+00:00
[2023-03-21T17:01:45.454+0000] {processor.py:175} INFO - Processing /home/airflow/.local/lib/python3.7/site-packages/airflow/example_dags/example_bash_operator.py took 0.075 seconds
[2023-03-21T17:02:16.033+0000] {processor.py:153} INFO - Started process (PID=971) to work on /home/airflow/.local/lib/python3.7/site-packages/airflow/example_dags/example_bash_operator.py
[2023-03-21T17:02:16.034+0000] {processor.py:743} INFO - Processing file /home/airflow/.local/lib/python3.7/site-packages/airflow/example_dags/example_bash_operator.py for tasks to queue
[2023-03-21T17:02:16.035+0000] {logging_mixin.py:137} INFO - [2023-03-21T17:02:16.035+0000] {dagbag.py:532} INFO - Filling up the DagBag from /home/airflow/.local/lib/python3.7/site-packages/airflow/example_dags/example_bash_operator.py
[2023-03-21T17:02:16.050+0000] {processor.py:753} INFO - DAG(s) dict_keys(['example_bash_operator']) retrieved from /home/airflow/.local/lib/python3.7/site-packages/airflow/example_dags/example_bash_operator.py
[2023-03-21T17:02:16.076+0000] {logging_mixin.py:137} INFO - [2023-03-21T17:02:16.076+0000] {dag.py:2693} INFO - Sync 1 DAGs
[2023-03-21T17:02:16.096+0000] {logging_mixin.py:137} INFO - [2023-03-21T17:02:16.096+0000] {dag.py:3444} INFO - Setting next_dagrun for example_bash_operator to 2023-03-20T00:00:00+00:00, run_after=2023-03-21T00:00:00+00:00
[2023-03-21T17:02:16.108+0000] {processor.py:175} INFO - Processing /home/airflow/.local/lib/python3.7/site-packages/airflow/example_dags/example_bash_operator.py took 0.078 seconds
[2023-03-21T17:02:47.061+0000] {processor.py:153} INFO - Started process (PID=1021) to work on /home/airflow/.local/lib/python3.7/site-packages/airflow/example_dags/example_bash_operator.py
[2023-03-21T17:02:47.064+0000] {processor.py:743} INFO - Processing file /home/airflow/.local/lib/python3.7/site-packages/airflow/example_dags/example_bash_operator.py for tasks to queue
[2023-03-21T17:02:47.065+0000] {logging_mixin.py:137} INFO - [2023-03-21T17:02:47.065+0000] {dagbag.py:532} INFO - Filling up the DagBag from /home/airflow/.local/lib/python3.7/site-packages/airflow/example_dags/example_bash_operator.py
[2023-03-21T17:02:47.100+0000] {processor.py:753} INFO - DAG(s) dict_keys(['example_bash_operator']) retrieved from /home/airflow/.local/lib/python3.7/site-packages/airflow/example_dags/example_bash_operator.py
[2023-03-21T17:02:47.147+0000] {logging_mixin.py:137} INFO - [2023-03-21T17:02:47.147+0000] {dag.py:2693} INFO - Sync 1 DAGs
[2023-03-21T17:02:47.195+0000] {logging_mixin.py:137} INFO - [2023-03-21T17:02:47.194+0000] {dag.py:3444} INFO - Setting next_dagrun for example_bash_operator to 2023-03-20T00:00:00+00:00, run_after=2023-03-21T00:00:00+00:00
[2023-03-21T17:02:47.211+0000] {processor.py:175} INFO - Processing /home/airflow/.local/lib/python3.7/site-packages/airflow/example_dags/example_bash_operator.py took 0.160 seconds
[2023-03-21T17:03:17.282+0000] {processor.py:153} INFO - Started process (PID=1071) to work on /home/airflow/.local/lib/python3.7/site-packages/airflow/example_dags/example_bash_operator.py
[2023-03-21T17:03:17.283+0000] {processor.py:743} INFO - Processing file /home/airflow/.local/lib/python3.7/site-packages/airflow/example_dags/example_bash_operator.py for tasks to queue
[2023-03-21T17:03:17.284+0000] {logging_mixin.py:137} INFO - [2023-03-21T17:03:17.284+0000] {dagbag.py:532} INFO - Filling up the DagBag from /home/airflow/.local/lib/python3.7/site-packages/airflow/example_dags/example_bash_operator.py
[2023-03-21T17:03:17.301+0000] {processor.py:753} INFO - DAG(s) dict_keys(['example_bash_operator']) retrieved from /home/airflow/.local/lib/python3.7/site-packages/airflow/example_dags/example_bash_operator.py
[2023-03-21T17:03:17.328+0000] {logging_mixin.py:137} INFO - [2023-03-21T17:03:17.328+0000] {dag.py:2693} INFO - Sync 1 DAGs
[2023-03-21T17:03:17.345+0000] {logging_mixin.py:137} INFO - [2023-03-21T17:03:17.345+0000] {dag.py:3444} INFO - Setting next_dagrun for example_bash_operator to 2023-03-20T00:00:00+00:00, run_after=2023-03-21T00:00:00+00:00
[2023-03-21T17:03:17.357+0000] {processor.py:175} INFO - Processing /home/airflow/.local/lib/python3.7/site-packages/airflow/example_dags/example_bash_operator.py took 0.079 seconds
[2023-03-21T17:03:47.972+0000] {processor.py:153} INFO - Started process (PID=1121) to work on /home/airflow/.local/lib/python3.7/site-packages/airflow/example_dags/example_bash_operator.py
[2023-03-21T17:03:47.976+0000] {processor.py:743} INFO - Processing file /home/airflow/.local/lib/python3.7/site-packages/airflow/example_dags/example_bash_operator.py for tasks to queue
[2023-03-21T17:03:47.989+0000] {logging_mixin.py:137} INFO - [2023-03-21T17:03:47.989+0000] {dagbag.py:532} INFO - Filling up the DagBag from /home/airflow/.local/lib/python3.7/site-packages/airflow/example_dags/example_bash_operator.py
[2023-03-21T17:03:48.034+0000] {processor.py:753} INFO - DAG(s) dict_keys(['example_bash_operator']) retrieved from /home/airflow/.local/lib/python3.7/site-packages/airflow/example_dags/example_bash_operator.py
[2023-03-21T17:03:48.067+0000] {logging_mixin.py:137} INFO - [2023-03-21T17:03:48.067+0000] {dag.py:2693} INFO - Sync 1 DAGs
[2023-03-21T17:03:48.086+0000] {logging_mixin.py:137} INFO - [2023-03-21T17:03:48.086+0000] {dag.py:3444} INFO - Setting next_dagrun for example_bash_operator to 2023-03-20T00:00:00+00:00, run_after=2023-03-21T00:00:00+00:00
[2023-03-21T17:03:48.103+0000] {processor.py:175} INFO - Processing /home/airflow/.local/lib/python3.7/site-packages/airflow/example_dags/example_bash_operator.py took 0.135 seconds
[2023-03-21T17:04:18.922+0000] {processor.py:153} INFO - Started process (PID=1177) to work on /home/airflow/.local/lib/python3.7/site-packages/airflow/example_dags/example_bash_operator.py
[2023-03-21T17:04:18.923+0000] {processor.py:743} INFO - Processing file /home/airflow/.local/lib/python3.7/site-packages/airflow/example_dags/example_bash_operator.py for tasks to queue
[2023-03-21T17:04:18.924+0000] {logging_mixin.py:137} INFO - [2023-03-21T17:04:18.924+0000] {dagbag.py:532} INFO - Filling up the DagBag from /home/airflow/.local/lib/python3.7/site-packages/airflow/example_dags/example_bash_operator.py
[2023-03-21T17:04:18.940+0000] {processor.py:753} INFO - DAG(s) dict_keys(['example_bash_operator']) retrieved from /home/airflow/.local/lib/python3.7/site-packages/airflow/example_dags/example_bash_operator.py
[2023-03-21T17:04:18.965+0000] {logging_mixin.py:137} INFO - [2023-03-21T17:04:18.965+0000] {dag.py:2693} INFO - Sync 1 DAGs
[2023-03-21T17:04:18.983+0000] {logging_mixin.py:137} INFO - [2023-03-21T17:04:18.983+0000] {dag.py:3444} INFO - Setting next_dagrun for example_bash_operator to 2023-03-20T00:00:00+00:00, run_after=2023-03-21T00:00:00+00:00
[2023-03-21T17:04:18.993+0000] {processor.py:175} INFO - Processing /home/airflow/.local/lib/python3.7/site-packages/airflow/example_dags/example_bash_operator.py took 0.074 seconds
[2023-03-21T17:04:49.447+0000] {processor.py:153} INFO - Started process (PID=1227) to work on /home/airflow/.local/lib/python3.7/site-packages/airflow/example_dags/example_bash_operator.py
[2023-03-21T17:04:49.448+0000] {processor.py:743} INFO - Processing file /home/airflow/.local/lib/python3.7/site-packages/airflow/example_dags/example_bash_operator.py for tasks to queue
[2023-03-21T17:04:49.449+0000] {logging_mixin.py:137} INFO - [2023-03-21T17:04:49.449+0000] {dagbag.py:532} INFO - Filling up the DagBag from /home/airflow/.local/lib/python3.7/site-packages/airflow/example_dags/example_bash_operator.py
[2023-03-21T17:04:49.479+0000] {processor.py:753} INFO - DAG(s) dict_keys(['example_bash_operator']) retrieved from /home/airflow/.local/lib/python3.7/site-packages/airflow/example_dags/example_bash_operator.py
[2023-03-21T17:04:49.511+0000] {logging_mixin.py:137} INFO - [2023-03-21T17:04:49.510+0000] {dag.py:2693} INFO - Sync 1 DAGs
[2023-03-21T17:04:49.527+0000] {logging_mixin.py:137} INFO - [2023-03-21T17:04:49.527+0000] {dag.py:3444} INFO - Setting next_dagrun for example_bash_operator to 2023-03-20T00:00:00+00:00, run_after=2023-03-21T00:00:00+00:00
[2023-03-21T17:04:49.538+0000] {processor.py:175} INFO - Processing /home/airflow/.local/lib/python3.7/site-packages/airflow/example_dags/example_bash_operator.py took 0.094 seconds
[2023-03-21T17:05:20.346+0000] {processor.py:153} INFO - Started process (PID=1276) to work on /home/airflow/.local/lib/python3.7/site-packages/airflow/example_dags/example_bash_operator.py
[2023-03-21T17:05:20.347+0000] {processor.py:743} INFO - Processing file /home/airflow/.local/lib/python3.7/site-packages/airflow/example_dags/example_bash_operator.py for tasks to queue
[2023-03-21T17:05:20.348+0000] {logging_mixin.py:137} INFO - [2023-03-21T17:05:20.348+0000] {dagbag.py:532} INFO - Filling up the DagBag from /home/airflow/.local/lib/python3.7/site-packages/airflow/example_dags/example_bash_operator.py
[2023-03-21T17:05:20.362+0000] {processor.py:753} INFO - DAG(s) dict_keys(['example_bash_operator']) retrieved from /home/airflow/.local/lib/python3.7/site-packages/airflow/example_dags/example_bash_operator.py
[2023-03-21T17:05:20.386+0000] {logging_mixin.py:137} INFO - [2023-03-21T17:05:20.386+0000] {dag.py:2693} INFO - Sync 1 DAGs
[2023-03-21T17:05:20.402+0000] {logging_mixin.py:137} INFO - [2023-03-21T17:05:20.402+0000] {dag.py:3444} INFO - Setting next_dagrun for example_bash_operator to 2023-03-20T00:00:00+00:00, run_after=2023-03-21T00:00:00+00:00
[2023-03-21T17:05:20.413+0000] {processor.py:175} INFO - Processing /home/airflow/.local/lib/python3.7/site-packages/airflow/example_dags/example_bash_operator.py took 0.069 seconds
[2023-03-21T17:05:51.084+0000] {processor.py:153} INFO - Started process (PID=1326) to work on /home/airflow/.local/lib/python3.7/site-packages/airflow/example_dags/example_bash_operator.py
[2023-03-21T17:05:51.086+0000] {processor.py:743} INFO - Processing file /home/airflow/.local/lib/python3.7/site-packages/airflow/example_dags/example_bash_operator.py for tasks to queue
[2023-03-21T17:05:51.087+0000] {logging_mixin.py:137} INFO - [2023-03-21T17:05:51.087+0000] {dagbag.py:532} INFO - Filling up the DagBag from /home/airflow/.local/lib/python3.7/site-packages/airflow/example_dags/example_bash_operator.py
[2023-03-21T17:05:51.104+0000] {processor.py:753} INFO - DAG(s) dict_keys(['example_bash_operator']) retrieved from /home/airflow/.local/lib/python3.7/site-packages/airflow/example_dags/example_bash_operator.py
[2023-03-21T17:05:51.131+0000] {logging_mixin.py:137} INFO - [2023-03-21T17:05:51.131+0000] {dag.py:2693} INFO - Sync 1 DAGs
[2023-03-21T17:05:51.149+0000] {logging_mixin.py:137} INFO - [2023-03-21T17:05:51.149+0000] {dag.py:3444} INFO - Setting next_dagrun for example_bash_operator to 2023-03-20T00:00:00+00:00, run_after=2023-03-21T00:00:00+00:00
[2023-03-21T17:05:51.162+0000] {processor.py:175} INFO - Processing /home/airflow/.local/lib/python3.7/site-packages/airflow/example_dags/example_bash_operator.py took 0.081 seconds
[2023-03-21T17:06:21.938+0000] {processor.py:153} INFO - Started process (PID=1376) to work on /home/airflow/.local/lib/python3.7/site-packages/airflow/example_dags/example_bash_operator.py
[2023-03-21T17:06:21.939+0000] {processor.py:743} INFO - Processing file /home/airflow/.local/lib/python3.7/site-packages/airflow/example_dags/example_bash_operator.py for tasks to queue
[2023-03-21T17:06:21.940+0000] {logging_mixin.py:137} INFO - [2023-03-21T17:06:21.940+0000] {dagbag.py:532} INFO - Filling up the DagBag from /home/airflow/.local/lib/python3.7/site-packages/airflow/example_dags/example_bash_operator.py
[2023-03-21T17:06:21.957+0000] {processor.py:753} INFO - DAG(s) dict_keys(['example_bash_operator']) retrieved from /home/airflow/.local/lib/python3.7/site-packages/airflow/example_dags/example_bash_operator.py
[2023-03-21T17:06:21.983+0000] {logging_mixin.py:137} INFO - [2023-03-21T17:06:21.983+0000] {dag.py:2693} INFO - Sync 1 DAGs
[2023-03-21T17:06:22.002+0000] {logging_mixin.py:137} INFO - [2023-03-21T17:06:22.002+0000] {dag.py:3444} INFO - Setting next_dagrun for example_bash_operator to 2023-03-20T00:00:00+00:00, run_after=2023-03-21T00:00:00+00:00
[2023-03-21T17:06:22.015+0000] {processor.py:175} INFO - Processing /home/airflow/.local/lib/python3.7/site-packages/airflow/example_dags/example_bash_operator.py took 0.080 seconds
[2023-03-21T17:06:52.711+0000] {processor.py:153} INFO - Started process (PID=1426) to work on /home/airflow/.local/lib/python3.7/site-packages/airflow/example_dags/example_bash_operator.py
[2023-03-21T17:06:52.713+0000] {processor.py:743} INFO - Processing file /home/airflow/.local/lib/python3.7/site-packages/airflow/example_dags/example_bash_operator.py for tasks to queue
[2023-03-21T17:06:52.714+0000] {logging_mixin.py:137} INFO - [2023-03-21T17:06:52.713+0000] {dagbag.py:532} INFO - Filling up the DagBag from /home/airflow/.local/lib/python3.7/site-packages/airflow/example_dags/example_bash_operator.py
[2023-03-21T17:06:52.731+0000] {processor.py:753} INFO - DAG(s) dict_keys(['example_bash_operator']) retrieved from /home/airflow/.local/lib/python3.7/site-packages/airflow/example_dags/example_bash_operator.py
[2023-03-21T17:06:52.756+0000] {logging_mixin.py:137} INFO - [2023-03-21T17:06:52.756+0000] {dag.py:2693} INFO - Sync 1 DAGs
[2023-03-21T17:06:52.774+0000] {logging_mixin.py:137} INFO - [2023-03-21T17:06:52.774+0000] {dag.py:3444} INFO - Setting next_dagrun for example_bash_operator to 2023-03-20T00:00:00+00:00, run_after=2023-03-21T00:00:00+00:00
[2023-03-21T17:06:52.785+0000] {processor.py:175} INFO - Processing /home/airflow/.local/lib/python3.7/site-packages/airflow/example_dags/example_bash_operator.py took 0.077 seconds
[2023-03-21T17:16:18.852+0000] {processor.py:153} INFO - Started process (PID=67) to work on /home/airflow/.local/lib/python3.7/site-packages/airflow/example_dags/example_bash_operator.py
[2023-03-21T17:16:18.854+0000] {processor.py:743} INFO - Processing file /home/airflow/.local/lib/python3.7/site-packages/airflow/example_dags/example_bash_operator.py for tasks to queue
[2023-03-21T17:16:18.855+0000] {logging_mixin.py:137} INFO - [2023-03-21T17:16:18.855+0000] {dagbag.py:532} INFO - Filling up the DagBag from /home/airflow/.local/lib/python3.7/site-packages/airflow/example_dags/example_bash_operator.py
[2023-03-21T17:16:18.909+0000] {processor.py:753} INFO - DAG(s) dict_keys(['example_bash_operator']) retrieved from /home/airflow/.local/lib/python3.7/site-packages/airflow/example_dags/example_bash_operator.py
[2023-03-21T17:16:18.936+0000] {logging_mixin.py:137} INFO - [2023-03-21T17:16:18.936+0000] {dag.py:2693} INFO - Sync 1 DAGs
[2023-03-21T17:16:18.973+0000] {logging_mixin.py:137} INFO - [2023-03-21T17:16:18.972+0000] {dag.py:3444} INFO - Setting next_dagrun for example_bash_operator to 2023-03-20T00:00:00+00:00, run_after=2023-03-21T00:00:00+00:00
[2023-03-21T17:16:19.025+0000] {processor.py:175} INFO - Processing /home/airflow/.local/lib/python3.7/site-packages/airflow/example_dags/example_bash_operator.py took 0.177 seconds
[2023-03-21T17:16:49.833+0000] {processor.py:153} INFO - Started process (PID=117) to work on /home/airflow/.local/lib/python3.7/site-packages/airflow/example_dags/example_bash_operator.py
[2023-03-21T17:16:49.835+0000] {processor.py:743} INFO - Processing file /home/airflow/.local/lib/python3.7/site-packages/airflow/example_dags/example_bash_operator.py for tasks to queue
[2023-03-21T17:16:49.836+0000] {logging_mixin.py:137} INFO - [2023-03-21T17:16:49.836+0000] {dagbag.py:532} INFO - Filling up the DagBag from /home/airflow/.local/lib/python3.7/site-packages/airflow/example_dags/example_bash_operator.py
[2023-03-21T17:16:49.856+0000] {processor.py:753} INFO - DAG(s) dict_keys(['example_bash_operator']) retrieved from /home/airflow/.local/lib/python3.7/site-packages/airflow/example_dags/example_bash_operator.py
[2023-03-21T17:16:49.881+0000] {logging_mixin.py:137} INFO - [2023-03-21T17:16:49.881+0000] {dag.py:2693} INFO - Sync 1 DAGs
[2023-03-21T17:16:49.898+0000] {logging_mixin.py:137} INFO - [2023-03-21T17:16:49.898+0000] {dag.py:3444} INFO - Setting next_dagrun for example_bash_operator to 2023-03-20T00:00:00+00:00, run_after=2023-03-21T00:00:00+00:00
[2023-03-21T17:16:49.908+0000] {processor.py:175} INFO - Processing /home/airflow/.local/lib/python3.7/site-packages/airflow/example_dags/example_bash_operator.py took 0.079 seconds
[2023-03-21T17:17:23.344+0000] {processor.py:153} INFO - Started process (PID=167) to work on /home/airflow/.local/lib/python3.7/site-packages/airflow/example_dags/example_bash_operator.py
[2023-03-21T17:17:23.345+0000] {processor.py:743} INFO - Processing file /home/airflow/.local/lib/python3.7/site-packages/airflow/example_dags/example_bash_operator.py for tasks to queue
[2023-03-21T17:17:23.345+0000] {logging_mixin.py:137} INFO - [2023-03-21T17:17:23.345+0000] {dagbag.py:532} INFO - Filling up the DagBag from /home/airflow/.local/lib/python3.7/site-packages/airflow/example_dags/example_bash_operator.py
[2023-03-21T17:17:23.361+0000] {processor.py:753} INFO - DAG(s) dict_keys(['example_bash_operator']) retrieved from /home/airflow/.local/lib/python3.7/site-packages/airflow/example_dags/example_bash_operator.py
[2023-03-21T17:17:23.387+0000] {logging_mixin.py:137} INFO - [2023-03-21T17:17:23.387+0000] {dag.py:2693} INFO - Sync 1 DAGs
[2023-03-21T17:17:23.405+0000] {logging_mixin.py:137} INFO - [2023-03-21T17:17:23.405+0000] {dag.py:3444} INFO - Setting next_dagrun for example_bash_operator to 2023-03-20T00:00:00+00:00, run_after=2023-03-21T00:00:00+00:00
[2023-03-21T17:17:23.416+0000] {processor.py:175} INFO - Processing /home/airflow/.local/lib/python3.7/site-packages/airflow/example_dags/example_bash_operator.py took 0.076 seconds
[2023-03-21T17:17:54.013+0000] {processor.py:153} INFO - Started process (PID=216) to work on /home/airflow/.local/lib/python3.7/site-packages/airflow/example_dags/example_bash_operator.py
[2023-03-21T17:17:54.014+0000] {processor.py:743} INFO - Processing file /home/airflow/.local/lib/python3.7/site-packages/airflow/example_dags/example_bash_operator.py for tasks to queue
[2023-03-21T17:17:54.015+0000] {logging_mixin.py:137} INFO - [2023-03-21T17:17:54.015+0000] {dagbag.py:532} INFO - Filling up the DagBag from /home/airflow/.local/lib/python3.7/site-packages/airflow/example_dags/example_bash_operator.py
[2023-03-21T17:17:54.032+0000] {processor.py:753} INFO - DAG(s) dict_keys(['example_bash_operator']) retrieved from /home/airflow/.local/lib/python3.7/site-packages/airflow/example_dags/example_bash_operator.py
[2023-03-21T17:17:54.056+0000] {logging_mixin.py:137} INFO - [2023-03-21T17:17:54.056+0000] {dag.py:2693} INFO - Sync 1 DAGs
[2023-03-21T17:17:54.074+0000] {logging_mixin.py:137} INFO - [2023-03-21T17:17:54.074+0000] {dag.py:3444} INFO - Setting next_dagrun for example_bash_operator to 2023-03-20T00:00:00+00:00, run_after=2023-03-21T00:00:00+00:00
[2023-03-21T17:17:54.089+0000] {processor.py:175} INFO - Processing /home/airflow/.local/lib/python3.7/site-packages/airflow/example_dags/example_bash_operator.py took 0.079 seconds
