[2023-03-21T15:25:55.437+0000] {processor.py:153} INFO - Started process (PID=71) to work on /home/airflow/.local/lib/python3.7/site-packages/airflow/example_dags/example_nested_branch_dag.py
[2023-03-21T15:25:55.444+0000] {processor.py:743} INFO - Processing file /home/airflow/.local/lib/python3.7/site-packages/airflow/example_dags/example_nested_branch_dag.py for tasks to queue
[2023-03-21T15:25:55.446+0000] {logging_mixin.py:137} INFO - [2023-03-21T15:25:55.445+0000] {dagbag.py:532} INFO - Filling up the DagBag from /home/airflow/.local/lib/python3.7/site-packages/airflow/example_dags/example_nested_branch_dag.py
[2023-03-21T15:25:55.490+0000] {processor.py:753} INFO - DAG(s) dict_keys(['example_nested_branch_dag']) retrieved from /home/airflow/.local/lib/python3.7/site-packages/airflow/example_dags/example_nested_branch_dag.py
[2023-03-21T15:25:55.514+0000] {logging_mixin.py:137} INFO - [2023-03-21T15:25:55.513+0000] {dag.py:2693} INFO - Sync 1 DAGs
[2023-03-21T15:25:55.551+0000] {logging_mixin.py:137} INFO - [2023-03-21T15:25:55.551+0000] {dag.py:3444} INFO - Setting next_dagrun for example_nested_branch_dag to 2023-03-20T00:00:00+00:00, run_after=2023-03-21T00:00:00+00:00
[2023-03-21T15:25:55.575+0000] {processor.py:175} INFO - Processing /home/airflow/.local/lib/python3.7/site-packages/airflow/example_dags/example_nested_branch_dag.py took 0.141 seconds
[2023-03-21T15:26:26.125+0000] {processor.py:153} INFO - Started process (PID=120) to work on /home/airflow/.local/lib/python3.7/site-packages/airflow/example_dags/example_nested_branch_dag.py
[2023-03-21T15:26:26.127+0000] {processor.py:743} INFO - Processing file /home/airflow/.local/lib/python3.7/site-packages/airflow/example_dags/example_nested_branch_dag.py for tasks to queue
[2023-03-21T15:26:26.128+0000] {logging_mixin.py:137} INFO - [2023-03-21T15:26:26.128+0000] {dagbag.py:532} INFO - Filling up the DagBag from /home/airflow/.local/lib/python3.7/site-packages/airflow/example_dags/example_nested_branch_dag.py
[2023-03-21T15:26:26.144+0000] {processor.py:753} INFO - DAG(s) dict_keys(['example_nested_branch_dag']) retrieved from /home/airflow/.local/lib/python3.7/site-packages/airflow/example_dags/example_nested_branch_dag.py
[2023-03-21T15:26:26.166+0000] {logging_mixin.py:137} INFO - [2023-03-21T15:26:26.166+0000] {dag.py:2693} INFO - Sync 1 DAGs
[2023-03-21T15:26:26.182+0000] {logging_mixin.py:137} INFO - [2023-03-21T15:26:26.182+0000] {dag.py:3444} INFO - Setting next_dagrun for example_nested_branch_dag to 2023-03-20T00:00:00+00:00, run_after=2023-03-21T00:00:00+00:00
[2023-03-21T15:26:26.192+0000] {processor.py:175} INFO - Processing /home/airflow/.local/lib/python3.7/site-packages/airflow/example_dags/example_nested_branch_dag.py took 0.070 seconds
[2023-03-21T15:26:56.918+0000] {processor.py:153} INFO - Started process (PID=169) to work on /home/airflow/.local/lib/python3.7/site-packages/airflow/example_dags/example_nested_branch_dag.py
[2023-03-21T15:26:56.920+0000] {processor.py:743} INFO - Processing file /home/airflow/.local/lib/python3.7/site-packages/airflow/example_dags/example_nested_branch_dag.py for tasks to queue
[2023-03-21T15:26:56.921+0000] {logging_mixin.py:137} INFO - [2023-03-21T15:26:56.921+0000] {dagbag.py:532} INFO - Filling up the DagBag from /home/airflow/.local/lib/python3.7/site-packages/airflow/example_dags/example_nested_branch_dag.py
[2023-03-21T15:26:56.941+0000] {processor.py:753} INFO - DAG(s) dict_keys(['example_nested_branch_dag']) retrieved from /home/airflow/.local/lib/python3.7/site-packages/airflow/example_dags/example_nested_branch_dag.py
[2023-03-21T15:26:56.964+0000] {logging_mixin.py:137} INFO - [2023-03-21T15:26:56.964+0000] {dag.py:2693} INFO - Sync 1 DAGs
[2023-03-21T15:26:56.982+0000] {logging_mixin.py:137} INFO - [2023-03-21T15:26:56.981+0000] {dag.py:3444} INFO - Setting next_dagrun for example_nested_branch_dag to 2023-03-20T00:00:00+00:00, run_after=2023-03-21T00:00:00+00:00
[2023-03-21T15:26:56.993+0000] {processor.py:175} INFO - Processing /home/airflow/.local/lib/python3.7/site-packages/airflow/example_dags/example_nested_branch_dag.py took 0.079 seconds
[2023-03-21T15:27:27.310+0000] {processor.py:153} INFO - Started process (PID=218) to work on /home/airflow/.local/lib/python3.7/site-packages/airflow/example_dags/example_nested_branch_dag.py
[2023-03-21T15:27:27.311+0000] {processor.py:743} INFO - Processing file /home/airflow/.local/lib/python3.7/site-packages/airflow/example_dags/example_nested_branch_dag.py for tasks to queue
[2023-03-21T15:27:27.312+0000] {logging_mixin.py:137} INFO - [2023-03-21T15:27:27.312+0000] {dagbag.py:532} INFO - Filling up the DagBag from /home/airflow/.local/lib/python3.7/site-packages/airflow/example_dags/example_nested_branch_dag.py
[2023-03-21T15:27:27.329+0000] {processor.py:753} INFO - DAG(s) dict_keys(['example_nested_branch_dag']) retrieved from /home/airflow/.local/lib/python3.7/site-packages/airflow/example_dags/example_nested_branch_dag.py
[2023-03-21T15:27:27.350+0000] {logging_mixin.py:137} INFO - [2023-03-21T15:27:27.350+0000] {dag.py:2693} INFO - Sync 1 DAGs
[2023-03-21T15:27:27.367+0000] {logging_mixin.py:137} INFO - [2023-03-21T15:27:27.367+0000] {dag.py:3444} INFO - Setting next_dagrun for example_nested_branch_dag to 2023-03-20T00:00:00+00:00, run_after=2023-03-21T00:00:00+00:00
[2023-03-21T15:27:27.378+0000] {processor.py:175} INFO - Processing /home/airflow/.local/lib/python3.7/site-packages/airflow/example_dags/example_nested_branch_dag.py took 0.071 seconds
[2023-03-21T15:27:57.748+0000] {processor.py:153} INFO - Started process (PID=267) to work on /home/airflow/.local/lib/python3.7/site-packages/airflow/example_dags/example_nested_branch_dag.py
[2023-03-21T15:27:57.749+0000] {processor.py:743} INFO - Processing file /home/airflow/.local/lib/python3.7/site-packages/airflow/example_dags/example_nested_branch_dag.py for tasks to queue
[2023-03-21T15:27:57.750+0000] {logging_mixin.py:137} INFO - [2023-03-21T15:27:57.750+0000] {dagbag.py:532} INFO - Filling up the DagBag from /home/airflow/.local/lib/python3.7/site-packages/airflow/example_dags/example_nested_branch_dag.py
[2023-03-21T15:27:57.766+0000] {processor.py:753} INFO - DAG(s) dict_keys(['example_nested_branch_dag']) retrieved from /home/airflow/.local/lib/python3.7/site-packages/airflow/example_dags/example_nested_branch_dag.py
[2023-03-21T15:27:57.786+0000] {logging_mixin.py:137} INFO - [2023-03-21T15:27:57.786+0000] {dag.py:2693} INFO - Sync 1 DAGs
[2023-03-21T15:27:57.803+0000] {logging_mixin.py:137} INFO - [2023-03-21T15:27:57.803+0000] {dag.py:3444} INFO - Setting next_dagrun for example_nested_branch_dag to 2023-03-20T00:00:00+00:00, run_after=2023-03-21T00:00:00+00:00
[2023-03-21T15:27:57.815+0000] {processor.py:175} INFO - Processing /home/airflow/.local/lib/python3.7/site-packages/airflow/example_dags/example_nested_branch_dag.py took 0.070 seconds
[2023-03-21T15:28:28.101+0000] {processor.py:153} INFO - Started process (PID=316) to work on /home/airflow/.local/lib/python3.7/site-packages/airflow/example_dags/example_nested_branch_dag.py
[2023-03-21T15:28:28.102+0000] {processor.py:743} INFO - Processing file /home/airflow/.local/lib/python3.7/site-packages/airflow/example_dags/example_nested_branch_dag.py for tasks to queue
[2023-03-21T15:28:28.103+0000] {logging_mixin.py:137} INFO - [2023-03-21T15:28:28.103+0000] {dagbag.py:532} INFO - Filling up the DagBag from /home/airflow/.local/lib/python3.7/site-packages/airflow/example_dags/example_nested_branch_dag.py
[2023-03-21T15:28:28.120+0000] {processor.py:753} INFO - DAG(s) dict_keys(['example_nested_branch_dag']) retrieved from /home/airflow/.local/lib/python3.7/site-packages/airflow/example_dags/example_nested_branch_dag.py
[2023-03-21T15:28:28.142+0000] {logging_mixin.py:137} INFO - [2023-03-21T15:28:28.142+0000] {dag.py:2693} INFO - Sync 1 DAGs
[2023-03-21T15:28:28.158+0000] {logging_mixin.py:137} INFO - [2023-03-21T15:28:28.158+0000] {dag.py:3444} INFO - Setting next_dagrun for example_nested_branch_dag to 2023-03-20T00:00:00+00:00, run_after=2023-03-21T00:00:00+00:00
[2023-03-21T15:28:28.169+0000] {processor.py:175} INFO - Processing /home/airflow/.local/lib/python3.7/site-packages/airflow/example_dags/example_nested_branch_dag.py took 0.070 seconds
[2023-03-21T15:28:58.453+0000] {processor.py:153} INFO - Started process (PID=365) to work on /home/airflow/.local/lib/python3.7/site-packages/airflow/example_dags/example_nested_branch_dag.py
[2023-03-21T15:28:58.454+0000] {processor.py:743} INFO - Processing file /home/airflow/.local/lib/python3.7/site-packages/airflow/example_dags/example_nested_branch_dag.py for tasks to queue
[2023-03-21T15:28:58.455+0000] {logging_mixin.py:137} INFO - [2023-03-21T15:28:58.455+0000] {dagbag.py:532} INFO - Filling up the DagBag from /home/airflow/.local/lib/python3.7/site-packages/airflow/example_dags/example_nested_branch_dag.py
[2023-03-21T15:28:58.473+0000] {processor.py:753} INFO - DAG(s) dict_keys(['example_nested_branch_dag']) retrieved from /home/airflow/.local/lib/python3.7/site-packages/airflow/example_dags/example_nested_branch_dag.py
[2023-03-21T15:28:58.492+0000] {logging_mixin.py:137} INFO - [2023-03-21T15:28:58.492+0000] {dag.py:2693} INFO - Sync 1 DAGs
[2023-03-21T15:28:58.508+0000] {logging_mixin.py:137} INFO - [2023-03-21T15:28:58.508+0000] {dag.py:3444} INFO - Setting next_dagrun for example_nested_branch_dag to 2023-03-20T00:00:00+00:00, run_after=2023-03-21T00:00:00+00:00
[2023-03-21T15:28:58.519+0000] {processor.py:175} INFO - Processing /home/airflow/.local/lib/python3.7/site-packages/airflow/example_dags/example_nested_branch_dag.py took 0.069 seconds
[2023-03-21T15:29:28.645+0000] {processor.py:153} INFO - Started process (PID=414) to work on /home/airflow/.local/lib/python3.7/site-packages/airflow/example_dags/example_nested_branch_dag.py
[2023-03-21T15:29:28.646+0000] {processor.py:743} INFO - Processing file /home/airflow/.local/lib/python3.7/site-packages/airflow/example_dags/example_nested_branch_dag.py for tasks to queue
[2023-03-21T15:29:28.647+0000] {logging_mixin.py:137} INFO - [2023-03-21T15:29:28.647+0000] {dagbag.py:532} INFO - Filling up the DagBag from /home/airflow/.local/lib/python3.7/site-packages/airflow/example_dags/example_nested_branch_dag.py
[2023-03-21T15:29:28.663+0000] {processor.py:753} INFO - DAG(s) dict_keys(['example_nested_branch_dag']) retrieved from /home/airflow/.local/lib/python3.7/site-packages/airflow/example_dags/example_nested_branch_dag.py
[2023-03-21T15:29:28.684+0000] {logging_mixin.py:137} INFO - [2023-03-21T15:29:28.683+0000] {dag.py:2693} INFO - Sync 1 DAGs
[2023-03-21T15:29:28.701+0000] {logging_mixin.py:137} INFO - [2023-03-21T15:29:28.700+0000] {dag.py:3444} INFO - Setting next_dagrun for example_nested_branch_dag to 2023-03-20T00:00:00+00:00, run_after=2023-03-21T00:00:00+00:00
[2023-03-21T15:29:28.712+0000] {processor.py:175} INFO - Processing /home/airflow/.local/lib/python3.7/site-packages/airflow/example_dags/example_nested_branch_dag.py took 0.070 seconds
[2023-03-21T15:29:59.250+0000] {processor.py:153} INFO - Started process (PID=463) to work on /home/airflow/.local/lib/python3.7/site-packages/airflow/example_dags/example_nested_branch_dag.py
[2023-03-21T15:29:59.251+0000] {processor.py:743} INFO - Processing file /home/airflow/.local/lib/python3.7/site-packages/airflow/example_dags/example_nested_branch_dag.py for tasks to queue
[2023-03-21T15:29:59.252+0000] {logging_mixin.py:137} INFO - [2023-03-21T15:29:59.251+0000] {dagbag.py:532} INFO - Filling up the DagBag from /home/airflow/.local/lib/python3.7/site-packages/airflow/example_dags/example_nested_branch_dag.py
[2023-03-21T15:29:59.268+0000] {processor.py:753} INFO - DAG(s) dict_keys(['example_nested_branch_dag']) retrieved from /home/airflow/.local/lib/python3.7/site-packages/airflow/example_dags/example_nested_branch_dag.py
[2023-03-21T15:29:59.288+0000] {logging_mixin.py:137} INFO - [2023-03-21T15:29:59.288+0000] {dag.py:2693} INFO - Sync 1 DAGs
[2023-03-21T15:29:59.304+0000] {logging_mixin.py:137} INFO - [2023-03-21T15:29:59.304+0000] {dag.py:3444} INFO - Setting next_dagrun for example_nested_branch_dag to 2023-03-20T00:00:00+00:00, run_after=2023-03-21T00:00:00+00:00
[2023-03-21T15:29:59.315+0000] {processor.py:175} INFO - Processing /home/airflow/.local/lib/python3.7/site-packages/airflow/example_dags/example_nested_branch_dag.py took 0.069 seconds
[2023-03-21T15:30:29.751+0000] {processor.py:153} INFO - Started process (PID=512) to work on /home/airflow/.local/lib/python3.7/site-packages/airflow/example_dags/example_nested_branch_dag.py
[2023-03-21T15:30:29.753+0000] {processor.py:743} INFO - Processing file /home/airflow/.local/lib/python3.7/site-packages/airflow/example_dags/example_nested_branch_dag.py for tasks to queue
[2023-03-21T15:30:29.753+0000] {logging_mixin.py:137} INFO - [2023-03-21T15:30:29.753+0000] {dagbag.py:532} INFO - Filling up the DagBag from /home/airflow/.local/lib/python3.7/site-packages/airflow/example_dags/example_nested_branch_dag.py
[2023-03-21T15:30:29.769+0000] {processor.py:753} INFO - DAG(s) dict_keys(['example_nested_branch_dag']) retrieved from /home/airflow/.local/lib/python3.7/site-packages/airflow/example_dags/example_nested_branch_dag.py
[2023-03-21T15:30:29.790+0000] {logging_mixin.py:137} INFO - [2023-03-21T15:30:29.790+0000] {dag.py:2693} INFO - Sync 1 DAGs
[2023-03-21T15:30:29.806+0000] {logging_mixin.py:137} INFO - [2023-03-21T15:30:29.806+0000] {dag.py:3444} INFO - Setting next_dagrun for example_nested_branch_dag to 2023-03-20T00:00:00+00:00, run_after=2023-03-21T00:00:00+00:00
[2023-03-21T15:30:29.817+0000] {processor.py:175} INFO - Processing /home/airflow/.local/lib/python3.7/site-packages/airflow/example_dags/example_nested_branch_dag.py took 0.069 seconds
[2023-03-21T15:31:00.112+0000] {processor.py:153} INFO - Started process (PID=561) to work on /home/airflow/.local/lib/python3.7/site-packages/airflow/example_dags/example_nested_branch_dag.py
[2023-03-21T15:31:00.114+0000] {processor.py:743} INFO - Processing file /home/airflow/.local/lib/python3.7/site-packages/airflow/example_dags/example_nested_branch_dag.py for tasks to queue
[2023-03-21T15:31:00.115+0000] {logging_mixin.py:137} INFO - [2023-03-21T15:31:00.115+0000] {dagbag.py:532} INFO - Filling up the DagBag from /home/airflow/.local/lib/python3.7/site-packages/airflow/example_dags/example_nested_branch_dag.py
[2023-03-21T15:31:00.132+0000] {processor.py:753} INFO - DAG(s) dict_keys(['example_nested_branch_dag']) retrieved from /home/airflow/.local/lib/python3.7/site-packages/airflow/example_dags/example_nested_branch_dag.py
[2023-03-21T15:31:00.155+0000] {logging_mixin.py:137} INFO - [2023-03-21T15:31:00.155+0000] {dag.py:2693} INFO - Sync 1 DAGs
[2023-03-21T15:31:00.173+0000] {logging_mixin.py:137} INFO - [2023-03-21T15:31:00.173+0000] {dag.py:3444} INFO - Setting next_dagrun for example_nested_branch_dag to 2023-03-20T00:00:00+00:00, run_after=2023-03-21T00:00:00+00:00
[2023-03-21T15:31:00.185+0000] {processor.py:175} INFO - Processing /home/airflow/.local/lib/python3.7/site-packages/airflow/example_dags/example_nested_branch_dag.py took 0.077 seconds
[2023-03-21T15:31:30.543+0000] {processor.py:153} INFO - Started process (PID=609) to work on /home/airflow/.local/lib/python3.7/site-packages/airflow/example_dags/example_nested_branch_dag.py
[2023-03-21T15:31:30.544+0000] {processor.py:743} INFO - Processing file /home/airflow/.local/lib/python3.7/site-packages/airflow/example_dags/example_nested_branch_dag.py for tasks to queue
[2023-03-21T15:31:30.544+0000] {logging_mixin.py:137} INFO - [2023-03-21T15:31:30.544+0000] {dagbag.py:532} INFO - Filling up the DagBag from /home/airflow/.local/lib/python3.7/site-packages/airflow/example_dags/example_nested_branch_dag.py
[2023-03-21T15:31:30.562+0000] {processor.py:753} INFO - DAG(s) dict_keys(['example_nested_branch_dag']) retrieved from /home/airflow/.local/lib/python3.7/site-packages/airflow/example_dags/example_nested_branch_dag.py
[2023-03-21T15:31:30.582+0000] {logging_mixin.py:137} INFO - [2023-03-21T15:31:30.582+0000] {dag.py:2693} INFO - Sync 1 DAGs
[2023-03-21T15:31:30.601+0000] {logging_mixin.py:137} INFO - [2023-03-21T15:31:30.601+0000] {dag.py:3444} INFO - Setting next_dagrun for example_nested_branch_dag to 2023-03-20T00:00:00+00:00, run_after=2023-03-21T00:00:00+00:00
[2023-03-21T15:31:30.615+0000] {processor.py:175} INFO - Processing /home/airflow/.local/lib/python3.7/site-packages/airflow/example_dags/example_nested_branch_dag.py took 0.076 seconds
[2023-03-21T15:32:01.012+0000] {processor.py:153} INFO - Started process (PID=658) to work on /home/airflow/.local/lib/python3.7/site-packages/airflow/example_dags/example_nested_branch_dag.py
[2023-03-21T15:32:01.013+0000] {processor.py:743} INFO - Processing file /home/airflow/.local/lib/python3.7/site-packages/airflow/example_dags/example_nested_branch_dag.py for tasks to queue
[2023-03-21T15:32:01.013+0000] {logging_mixin.py:137} INFO - [2023-03-21T15:32:01.013+0000] {dagbag.py:532} INFO - Filling up the DagBag from /home/airflow/.local/lib/python3.7/site-packages/airflow/example_dags/example_nested_branch_dag.py
[2023-03-21T15:32:01.030+0000] {processor.py:753} INFO - DAG(s) dict_keys(['example_nested_branch_dag']) retrieved from /home/airflow/.local/lib/python3.7/site-packages/airflow/example_dags/example_nested_branch_dag.py
[2023-03-21T15:32:01.049+0000] {logging_mixin.py:137} INFO - [2023-03-21T15:32:01.049+0000] {dag.py:2693} INFO - Sync 1 DAGs
[2023-03-21T15:32:01.065+0000] {logging_mixin.py:137} INFO - [2023-03-21T15:32:01.064+0000] {dag.py:3444} INFO - Setting next_dagrun for example_nested_branch_dag to 2023-03-20T00:00:00+00:00, run_after=2023-03-21T00:00:00+00:00
[2023-03-21T15:32:01.075+0000] {processor.py:175} INFO - Processing /home/airflow/.local/lib/python3.7/site-packages/airflow/example_dags/example_nested_branch_dag.py took 0.066 seconds
[2023-03-21T16:52:57.929+0000] {processor.py:153} INFO - Started process (PID=72) to work on /home/airflow/.local/lib/python3.7/site-packages/airflow/example_dags/example_nested_branch_dag.py
[2023-03-21T16:52:57.930+0000] {processor.py:743} INFO - Processing file /home/airflow/.local/lib/python3.7/site-packages/airflow/example_dags/example_nested_branch_dag.py for tasks to queue
[2023-03-21T16:52:57.932+0000] {logging_mixin.py:137} INFO - [2023-03-21T16:52:57.932+0000] {dagbag.py:532} INFO - Filling up the DagBag from /home/airflow/.local/lib/python3.7/site-packages/airflow/example_dags/example_nested_branch_dag.py
[2023-03-21T16:52:57.984+0000] {processor.py:753} INFO - DAG(s) dict_keys(['example_nested_branch_dag']) retrieved from /home/airflow/.local/lib/python3.7/site-packages/airflow/example_dags/example_nested_branch_dag.py
[2023-03-21T16:52:58.003+0000] {logging_mixin.py:137} INFO - [2023-03-21T16:52:58.003+0000] {dag.py:2693} INFO - Sync 1 DAGs
[2023-03-21T16:52:58.026+0000] {logging_mixin.py:137} INFO - [2023-03-21T16:52:58.026+0000] {dag.py:3444} INFO - Setting next_dagrun for example_nested_branch_dag to 2023-03-20T00:00:00+00:00, run_after=2023-03-21T00:00:00+00:00
[2023-03-21T16:52:58.040+0000] {processor.py:175} INFO - Processing /home/airflow/.local/lib/python3.7/site-packages/airflow/example_dags/example_nested_branch_dag.py took 0.115 seconds
[2023-03-21T16:53:28.944+0000] {processor.py:153} INFO - Started process (PID=121) to work on /home/airflow/.local/lib/python3.7/site-packages/airflow/example_dags/example_nested_branch_dag.py
[2023-03-21T16:53:28.947+0000] {processor.py:743} INFO - Processing file /home/airflow/.local/lib/python3.7/site-packages/airflow/example_dags/example_nested_branch_dag.py for tasks to queue
[2023-03-21T16:53:28.948+0000] {logging_mixin.py:137} INFO - [2023-03-21T16:53:28.948+0000] {dagbag.py:532} INFO - Filling up the DagBag from /home/airflow/.local/lib/python3.7/site-packages/airflow/example_dags/example_nested_branch_dag.py
[2023-03-21T16:53:28.966+0000] {processor.py:753} INFO - DAG(s) dict_keys(['example_nested_branch_dag']) retrieved from /home/airflow/.local/lib/python3.7/site-packages/airflow/example_dags/example_nested_branch_dag.py
[2023-03-21T16:53:28.988+0000] {logging_mixin.py:137} INFO - [2023-03-21T16:53:28.988+0000] {dag.py:2693} INFO - Sync 1 DAGs
[2023-03-21T16:53:29.006+0000] {logging_mixin.py:137} INFO - [2023-03-21T16:53:29.006+0000] {dag.py:3444} INFO - Setting next_dagrun for example_nested_branch_dag to 2023-03-20T00:00:00+00:00, run_after=2023-03-21T00:00:00+00:00
[2023-03-21T16:53:29.019+0000] {processor.py:175} INFO - Processing /home/airflow/.local/lib/python3.7/site-packages/airflow/example_dags/example_nested_branch_dag.py took 0.078 seconds
[2023-03-21T16:53:59.777+0000] {processor.py:153} INFO - Started process (PID=175) to work on /home/airflow/.local/lib/python3.7/site-packages/airflow/example_dags/example_nested_branch_dag.py
[2023-03-21T16:53:59.779+0000] {processor.py:743} INFO - Processing file /home/airflow/.local/lib/python3.7/site-packages/airflow/example_dags/example_nested_branch_dag.py for tasks to queue
[2023-03-21T16:53:59.780+0000] {logging_mixin.py:137} INFO - [2023-03-21T16:53:59.780+0000] {dagbag.py:532} INFO - Filling up the DagBag from /home/airflow/.local/lib/python3.7/site-packages/airflow/example_dags/example_nested_branch_dag.py
[2023-03-21T16:53:59.801+0000] {processor.py:753} INFO - DAG(s) dict_keys(['example_nested_branch_dag']) retrieved from /home/airflow/.local/lib/python3.7/site-packages/airflow/example_dags/example_nested_branch_dag.py
[2023-03-21T16:53:59.823+0000] {logging_mixin.py:137} INFO - [2023-03-21T16:53:59.823+0000] {dag.py:2693} INFO - Sync 1 DAGs
[2023-03-21T16:53:59.840+0000] {logging_mixin.py:137} INFO - [2023-03-21T16:53:59.840+0000] {dag.py:3444} INFO - Setting next_dagrun for example_nested_branch_dag to 2023-03-20T00:00:00+00:00, run_after=2023-03-21T00:00:00+00:00
[2023-03-21T16:53:59.852+0000] {processor.py:175} INFO - Processing /home/airflow/.local/lib/python3.7/site-packages/airflow/example_dags/example_nested_branch_dag.py took 0.078 seconds
[2023-03-21T16:54:35.408+0000] {processor.py:153} INFO - Started process (PID=225) to work on /home/airflow/.local/lib/python3.7/site-packages/airflow/example_dags/example_nested_branch_dag.py
[2023-03-21T16:54:35.410+0000] {processor.py:743} INFO - Processing file /home/airflow/.local/lib/python3.7/site-packages/airflow/example_dags/example_nested_branch_dag.py for tasks to queue
[2023-03-21T16:54:35.411+0000] {logging_mixin.py:137} INFO - [2023-03-21T16:54:35.411+0000] {dagbag.py:532} INFO - Filling up the DagBag from /home/airflow/.local/lib/python3.7/site-packages/airflow/example_dags/example_nested_branch_dag.py
[2023-03-21T16:54:35.436+0000] {processor.py:753} INFO - DAG(s) dict_keys(['example_nested_branch_dag']) retrieved from /home/airflow/.local/lib/python3.7/site-packages/airflow/example_dags/example_nested_branch_dag.py
[2023-03-21T16:54:35.462+0000] {logging_mixin.py:137} INFO - [2023-03-21T16:54:35.462+0000] {dag.py:2693} INFO - Sync 1 DAGs
[2023-03-21T16:54:35.482+0000] {logging_mixin.py:137} INFO - [2023-03-21T16:54:35.482+0000] {dag.py:3444} INFO - Setting next_dagrun for example_nested_branch_dag to 2023-03-20T00:00:00+00:00, run_after=2023-03-21T00:00:00+00:00
[2023-03-21T16:54:35.495+0000] {processor.py:175} INFO - Processing /home/airflow/.local/lib/python3.7/site-packages/airflow/example_dags/example_nested_branch_dag.py took 0.091 seconds
[2023-03-21T16:55:05.816+0000] {processor.py:153} INFO - Started process (PID=274) to work on /home/airflow/.local/lib/python3.7/site-packages/airflow/example_dags/example_nested_branch_dag.py
[2023-03-21T16:55:05.818+0000] {processor.py:743} INFO - Processing file /home/airflow/.local/lib/python3.7/site-packages/airflow/example_dags/example_nested_branch_dag.py for tasks to queue
[2023-03-21T16:55:05.819+0000] {logging_mixin.py:137} INFO - [2023-03-21T16:55:05.819+0000] {dagbag.py:532} INFO - Filling up the DagBag from /home/airflow/.local/lib/python3.7/site-packages/airflow/example_dags/example_nested_branch_dag.py
[2023-03-21T16:55:05.839+0000] {processor.py:753} INFO - DAG(s) dict_keys(['example_nested_branch_dag']) retrieved from /home/airflow/.local/lib/python3.7/site-packages/airflow/example_dags/example_nested_branch_dag.py
[2023-03-21T16:55:05.863+0000] {logging_mixin.py:137} INFO - [2023-03-21T16:55:05.863+0000] {dag.py:2693} INFO - Sync 1 DAGs
[2023-03-21T16:55:05.887+0000] {logging_mixin.py:137} INFO - [2023-03-21T16:55:05.887+0000] {dag.py:3444} INFO - Setting next_dagrun for example_nested_branch_dag to 2023-03-20T00:00:00+00:00, run_after=2023-03-21T00:00:00+00:00
[2023-03-21T16:55:05.906+0000] {processor.py:175} INFO - Processing /home/airflow/.local/lib/python3.7/site-packages/airflow/example_dags/example_nested_branch_dag.py took 0.093 seconds
[2023-03-21T16:55:37.053+0000] {processor.py:153} INFO - Started process (PID=324) to work on /home/airflow/.local/lib/python3.7/site-packages/airflow/example_dags/example_nested_branch_dag.py
[2023-03-21T16:55:37.054+0000] {processor.py:743} INFO - Processing file /home/airflow/.local/lib/python3.7/site-packages/airflow/example_dags/example_nested_branch_dag.py for tasks to queue
[2023-03-21T16:55:37.055+0000] {logging_mixin.py:137} INFO - [2023-03-21T16:55:37.055+0000] {dagbag.py:532} INFO - Filling up the DagBag from /home/airflow/.local/lib/python3.7/site-packages/airflow/example_dags/example_nested_branch_dag.py
[2023-03-21T16:55:37.073+0000] {processor.py:753} INFO - DAG(s) dict_keys(['example_nested_branch_dag']) retrieved from /home/airflow/.local/lib/python3.7/site-packages/airflow/example_dags/example_nested_branch_dag.py
[2023-03-21T16:55:37.093+0000] {logging_mixin.py:137} INFO - [2023-03-21T16:55:37.093+0000] {dag.py:2693} INFO - Sync 1 DAGs
[2023-03-21T16:55:37.110+0000] {logging_mixin.py:137} INFO - [2023-03-21T16:55:37.110+0000] {dag.py:3444} INFO - Setting next_dagrun for example_nested_branch_dag to 2023-03-20T00:00:00+00:00, run_after=2023-03-21T00:00:00+00:00
[2023-03-21T16:55:37.121+0000] {processor.py:175} INFO - Processing /home/airflow/.local/lib/python3.7/site-packages/airflow/example_dags/example_nested_branch_dag.py took 0.071 seconds
[2023-03-21T16:56:07.909+0000] {processor.py:153} INFO - Started process (PID=374) to work on /home/airflow/.local/lib/python3.7/site-packages/airflow/example_dags/example_nested_branch_dag.py
[2023-03-21T16:56:07.911+0000] {processor.py:743} INFO - Processing file /home/airflow/.local/lib/python3.7/site-packages/airflow/example_dags/example_nested_branch_dag.py for tasks to queue
[2023-03-21T16:56:07.912+0000] {logging_mixin.py:137} INFO - [2023-03-21T16:56:07.912+0000] {dagbag.py:532} INFO - Filling up the DagBag from /home/airflow/.local/lib/python3.7/site-packages/airflow/example_dags/example_nested_branch_dag.py
[2023-03-21T16:56:07.930+0000] {processor.py:753} INFO - DAG(s) dict_keys(['example_nested_branch_dag']) retrieved from /home/airflow/.local/lib/python3.7/site-packages/airflow/example_dags/example_nested_branch_dag.py
[2023-03-21T16:56:07.952+0000] {logging_mixin.py:137} INFO - [2023-03-21T16:56:07.952+0000] {dag.py:2693} INFO - Sync 1 DAGs
[2023-03-21T16:56:07.970+0000] {logging_mixin.py:137} INFO - [2023-03-21T16:56:07.970+0000] {dag.py:3444} INFO - Setting next_dagrun for example_nested_branch_dag to 2023-03-20T00:00:00+00:00, run_after=2023-03-21T00:00:00+00:00
[2023-03-21T16:56:07.983+0000] {processor.py:175} INFO - Processing /home/airflow/.local/lib/python3.7/site-packages/airflow/example_dags/example_nested_branch_dag.py took 0.076 seconds
[2023-03-21T16:56:38.272+0000] {processor.py:153} INFO - Started process (PID=425) to work on /home/airflow/.local/lib/python3.7/site-packages/airflow/example_dags/example_nested_branch_dag.py
[2023-03-21T16:56:38.273+0000] {processor.py:743} INFO - Processing file /home/airflow/.local/lib/python3.7/site-packages/airflow/example_dags/example_nested_branch_dag.py for tasks to queue
[2023-03-21T16:56:38.274+0000] {logging_mixin.py:137} INFO - [2023-03-21T16:56:38.273+0000] {dagbag.py:532} INFO - Filling up the DagBag from /home/airflow/.local/lib/python3.7/site-packages/airflow/example_dags/example_nested_branch_dag.py
[2023-03-21T16:56:38.288+0000] {processor.py:753} INFO - DAG(s) dict_keys(['example_nested_branch_dag']) retrieved from /home/airflow/.local/lib/python3.7/site-packages/airflow/example_dags/example_nested_branch_dag.py
[2023-03-21T16:56:38.308+0000] {logging_mixin.py:137} INFO - [2023-03-21T16:56:38.308+0000] {dag.py:2693} INFO - Sync 1 DAGs
[2023-03-21T16:56:38.325+0000] {logging_mixin.py:137} INFO - [2023-03-21T16:56:38.325+0000] {dag.py:3444} INFO - Setting next_dagrun for example_nested_branch_dag to 2023-03-20T00:00:00+00:00, run_after=2023-03-21T00:00:00+00:00
[2023-03-21T16:56:38.336+0000] {processor.py:175} INFO - Processing /home/airflow/.local/lib/python3.7/site-packages/airflow/example_dags/example_nested_branch_dag.py took 0.068 seconds
[2023-03-21T16:57:08.541+0000] {processor.py:153} INFO - Started process (PID=476) to work on /home/airflow/.local/lib/python3.7/site-packages/airflow/example_dags/example_nested_branch_dag.py
[2023-03-21T16:57:08.543+0000] {processor.py:743} INFO - Processing file /home/airflow/.local/lib/python3.7/site-packages/airflow/example_dags/example_nested_branch_dag.py for tasks to queue
[2023-03-21T16:57:08.544+0000] {logging_mixin.py:137} INFO - [2023-03-21T16:57:08.543+0000] {dagbag.py:532} INFO - Filling up the DagBag from /home/airflow/.local/lib/python3.7/site-packages/airflow/example_dags/example_nested_branch_dag.py
[2023-03-21T16:57:08.567+0000] {processor.py:753} INFO - DAG(s) dict_keys(['example_nested_branch_dag']) retrieved from /home/airflow/.local/lib/python3.7/site-packages/airflow/example_dags/example_nested_branch_dag.py
[2023-03-21T16:57:08.635+0000] {logging_mixin.py:137} INFO - [2023-03-21T16:57:08.635+0000] {dag.py:2693} INFO - Sync 1 DAGs
[2023-03-21T16:57:08.663+0000] {logging_mixin.py:137} INFO - [2023-03-21T16:57:08.662+0000] {dag.py:3444} INFO - Setting next_dagrun for example_nested_branch_dag to 2023-03-20T00:00:00+00:00, run_after=2023-03-21T00:00:00+00:00
[2023-03-21T16:57:08.676+0000] {processor.py:175} INFO - Processing /home/airflow/.local/lib/python3.7/site-packages/airflow/example_dags/example_nested_branch_dag.py took 0.138 seconds
[2023-03-21T16:57:39.482+0000] {processor.py:153} INFO - Started process (PID=526) to work on /home/airflow/.local/lib/python3.7/site-packages/airflow/example_dags/example_nested_branch_dag.py
[2023-03-21T16:57:39.484+0000] {processor.py:743} INFO - Processing file /home/airflow/.local/lib/python3.7/site-packages/airflow/example_dags/example_nested_branch_dag.py for tasks to queue
[2023-03-21T16:57:39.485+0000] {logging_mixin.py:137} INFO - [2023-03-21T16:57:39.485+0000] {dagbag.py:532} INFO - Filling up the DagBag from /home/airflow/.local/lib/python3.7/site-packages/airflow/example_dags/example_nested_branch_dag.py
[2023-03-21T16:57:39.509+0000] {processor.py:753} INFO - DAG(s) dict_keys(['example_nested_branch_dag']) retrieved from /home/airflow/.local/lib/python3.7/site-packages/airflow/example_dags/example_nested_branch_dag.py
[2023-03-21T16:57:39.538+0000] {logging_mixin.py:137} INFO - [2023-03-21T16:57:39.538+0000] {dag.py:2693} INFO - Sync 1 DAGs
[2023-03-21T16:57:39.558+0000] {logging_mixin.py:137} INFO - [2023-03-21T16:57:39.558+0000] {dag.py:3444} INFO - Setting next_dagrun for example_nested_branch_dag to 2023-03-20T00:00:00+00:00, run_after=2023-03-21T00:00:00+00:00
[2023-03-21T16:57:39.573+0000] {processor.py:175} INFO - Processing /home/airflow/.local/lib/python3.7/site-packages/airflow/example_dags/example_nested_branch_dag.py took 0.094 seconds
[2023-03-21T16:58:10.113+0000] {processor.py:153} INFO - Started process (PID=576) to work on /home/airflow/.local/lib/python3.7/site-packages/airflow/example_dags/example_nested_branch_dag.py
[2023-03-21T16:58:10.114+0000] {processor.py:743} INFO - Processing file /home/airflow/.local/lib/python3.7/site-packages/airflow/example_dags/example_nested_branch_dag.py for tasks to queue
[2023-03-21T16:58:10.115+0000] {logging_mixin.py:137} INFO - [2023-03-21T16:58:10.115+0000] {dagbag.py:532} INFO - Filling up the DagBag from /home/airflow/.local/lib/python3.7/site-packages/airflow/example_dags/example_nested_branch_dag.py
[2023-03-21T16:58:10.134+0000] {processor.py:753} INFO - DAG(s) dict_keys(['example_nested_branch_dag']) retrieved from /home/airflow/.local/lib/python3.7/site-packages/airflow/example_dags/example_nested_branch_dag.py
[2023-03-21T16:58:10.154+0000] {logging_mixin.py:137} INFO - [2023-03-21T16:58:10.153+0000] {dag.py:2693} INFO - Sync 1 DAGs
[2023-03-21T16:58:10.170+0000] {logging_mixin.py:137} INFO - [2023-03-21T16:58:10.170+0000] {dag.py:3444} INFO - Setting next_dagrun for example_nested_branch_dag to 2023-03-20T00:00:00+00:00, run_after=2023-03-21T00:00:00+00:00
[2023-03-21T16:58:10.181+0000] {processor.py:175} INFO - Processing /home/airflow/.local/lib/python3.7/site-packages/airflow/example_dags/example_nested_branch_dag.py took 0.072 seconds
[2023-03-21T16:58:40.735+0000] {processor.py:153} INFO - Started process (PID=626) to work on /home/airflow/.local/lib/python3.7/site-packages/airflow/example_dags/example_nested_branch_dag.py
[2023-03-21T16:58:40.737+0000] {processor.py:743} INFO - Processing file /home/airflow/.local/lib/python3.7/site-packages/airflow/example_dags/example_nested_branch_dag.py for tasks to queue
[2023-03-21T16:58:40.737+0000] {logging_mixin.py:137} INFO - [2023-03-21T16:58:40.737+0000] {dagbag.py:532} INFO - Filling up the DagBag from /home/airflow/.local/lib/python3.7/site-packages/airflow/example_dags/example_nested_branch_dag.py
[2023-03-21T16:58:40.756+0000] {processor.py:753} INFO - DAG(s) dict_keys(['example_nested_branch_dag']) retrieved from /home/airflow/.local/lib/python3.7/site-packages/airflow/example_dags/example_nested_branch_dag.py
[2023-03-21T16:58:40.775+0000] {logging_mixin.py:137} INFO - [2023-03-21T16:58:40.775+0000] {dag.py:2693} INFO - Sync 1 DAGs
[2023-03-21T16:58:40.793+0000] {logging_mixin.py:137} INFO - [2023-03-21T16:58:40.793+0000] {dag.py:3444} INFO - Setting next_dagrun for example_nested_branch_dag to 2023-03-20T00:00:00+00:00, run_after=2023-03-21T00:00:00+00:00
[2023-03-21T16:58:40.804+0000] {processor.py:175} INFO - Processing /home/airflow/.local/lib/python3.7/site-packages/airflow/example_dags/example_nested_branch_dag.py took 0.072 seconds
[2023-03-21T16:59:11.683+0000] {processor.py:153} INFO - Started process (PID=676) to work on /home/airflow/.local/lib/python3.7/site-packages/airflow/example_dags/example_nested_branch_dag.py
[2023-03-21T16:59:11.684+0000] {processor.py:743} INFO - Processing file /home/airflow/.local/lib/python3.7/site-packages/airflow/example_dags/example_nested_branch_dag.py for tasks to queue
[2023-03-21T16:59:11.685+0000] {logging_mixin.py:137} INFO - [2023-03-21T16:59:11.685+0000] {dagbag.py:532} INFO - Filling up the DagBag from /home/airflow/.local/lib/python3.7/site-packages/airflow/example_dags/example_nested_branch_dag.py
[2023-03-21T16:59:11.701+0000] {processor.py:753} INFO - DAG(s) dict_keys(['example_nested_branch_dag']) retrieved from /home/airflow/.local/lib/python3.7/site-packages/airflow/example_dags/example_nested_branch_dag.py
[2023-03-21T16:59:11.722+0000] {logging_mixin.py:137} INFO - [2023-03-21T16:59:11.722+0000] {dag.py:2693} INFO - Sync 1 DAGs
[2023-03-21T16:59:11.740+0000] {logging_mixin.py:137} INFO - [2023-03-21T16:59:11.740+0000] {dag.py:3444} INFO - Setting next_dagrun for example_nested_branch_dag to 2023-03-20T00:00:00+00:00, run_after=2023-03-21T00:00:00+00:00
[2023-03-21T16:59:11.751+0000] {processor.py:175} INFO - Processing /home/airflow/.local/lib/python3.7/site-packages/airflow/example_dags/example_nested_branch_dag.py took 0.071 seconds
[2023-03-21T16:59:42.417+0000] {processor.py:153} INFO - Started process (PID=726) to work on /home/airflow/.local/lib/python3.7/site-packages/airflow/example_dags/example_nested_branch_dag.py
[2023-03-21T16:59:42.418+0000] {processor.py:743} INFO - Processing file /home/airflow/.local/lib/python3.7/site-packages/airflow/example_dags/example_nested_branch_dag.py for tasks to queue
[2023-03-21T16:59:42.419+0000] {logging_mixin.py:137} INFO - [2023-03-21T16:59:42.419+0000] {dagbag.py:532} INFO - Filling up the DagBag from /home/airflow/.local/lib/python3.7/site-packages/airflow/example_dags/example_nested_branch_dag.py
[2023-03-21T16:59:42.436+0000] {processor.py:753} INFO - DAG(s) dict_keys(['example_nested_branch_dag']) retrieved from /home/airflow/.local/lib/python3.7/site-packages/airflow/example_dags/example_nested_branch_dag.py
[2023-03-21T16:59:42.458+0000] {logging_mixin.py:137} INFO - [2023-03-21T16:59:42.458+0000] {dag.py:2693} INFO - Sync 1 DAGs
[2023-03-21T16:59:42.475+0000] {logging_mixin.py:137} INFO - [2023-03-21T16:59:42.475+0000] {dag.py:3444} INFO - Setting next_dagrun for example_nested_branch_dag to 2023-03-20T00:00:00+00:00, run_after=2023-03-21T00:00:00+00:00
[2023-03-21T16:59:42.487+0000] {processor.py:175} INFO - Processing /home/airflow/.local/lib/python3.7/site-packages/airflow/example_dags/example_nested_branch_dag.py took 0.073 seconds
[2023-03-21T17:00:13.473+0000] {processor.py:153} INFO - Started process (PID=776) to work on /home/airflow/.local/lib/python3.7/site-packages/airflow/example_dags/example_nested_branch_dag.py
[2023-03-21T17:00:13.475+0000] {processor.py:743} INFO - Processing file /home/airflow/.local/lib/python3.7/site-packages/airflow/example_dags/example_nested_branch_dag.py for tasks to queue
[2023-03-21T17:00:13.476+0000] {logging_mixin.py:137} INFO - [2023-03-21T17:00:13.476+0000] {dagbag.py:532} INFO - Filling up the DagBag from /home/airflow/.local/lib/python3.7/site-packages/airflow/example_dags/example_nested_branch_dag.py
[2023-03-21T17:00:13.498+0000] {processor.py:753} INFO - DAG(s) dict_keys(['example_nested_branch_dag']) retrieved from /home/airflow/.local/lib/python3.7/site-packages/airflow/example_dags/example_nested_branch_dag.py
[2023-03-21T17:00:13.539+0000] {logging_mixin.py:137} INFO - [2023-03-21T17:00:13.539+0000] {dag.py:2693} INFO - Sync 1 DAGs
[2023-03-21T17:00:13.584+0000] {logging_mixin.py:137} INFO - [2023-03-21T17:00:13.584+0000] {dag.py:3444} INFO - Setting next_dagrun for example_nested_branch_dag to 2023-03-20T00:00:00+00:00, run_after=2023-03-21T00:00:00+00:00
[2023-03-21T17:00:13.609+0000] {processor.py:175} INFO - Processing /home/airflow/.local/lib/python3.7/site-packages/airflow/example_dags/example_nested_branch_dag.py took 0.138 seconds
[2023-03-21T17:00:44.315+0000] {processor.py:153} INFO - Started process (PID=826) to work on /home/airflow/.local/lib/python3.7/site-packages/airflow/example_dags/example_nested_branch_dag.py
[2023-03-21T17:00:44.317+0000] {processor.py:743} INFO - Processing file /home/airflow/.local/lib/python3.7/site-packages/airflow/example_dags/example_nested_branch_dag.py for tasks to queue
[2023-03-21T17:00:44.318+0000] {logging_mixin.py:137} INFO - [2023-03-21T17:00:44.318+0000] {dagbag.py:532} INFO - Filling up the DagBag from /home/airflow/.local/lib/python3.7/site-packages/airflow/example_dags/example_nested_branch_dag.py
[2023-03-21T17:00:44.340+0000] {processor.py:753} INFO - DAG(s) dict_keys(['example_nested_branch_dag']) retrieved from /home/airflow/.local/lib/python3.7/site-packages/airflow/example_dags/example_nested_branch_dag.py
[2023-03-21T17:00:44.363+0000] {logging_mixin.py:137} INFO - [2023-03-21T17:00:44.363+0000] {dag.py:2693} INFO - Sync 1 DAGs
[2023-03-21T17:00:44.392+0000] {logging_mixin.py:137} INFO - [2023-03-21T17:00:44.392+0000] {dag.py:3444} INFO - Setting next_dagrun for example_nested_branch_dag to 2023-03-20T00:00:00+00:00, run_after=2023-03-21T00:00:00+00:00
[2023-03-21T17:00:44.409+0000] {processor.py:175} INFO - Processing /home/airflow/.local/lib/python3.7/site-packages/airflow/example_dags/example_nested_branch_dag.py took 0.097 seconds
[2023-03-21T17:01:15.024+0000] {processor.py:153} INFO - Started process (PID=876) to work on /home/airflow/.local/lib/python3.7/site-packages/airflow/example_dags/example_nested_branch_dag.py
[2023-03-21T17:01:15.026+0000] {processor.py:743} INFO - Processing file /home/airflow/.local/lib/python3.7/site-packages/airflow/example_dags/example_nested_branch_dag.py for tasks to queue
[2023-03-21T17:01:15.026+0000] {logging_mixin.py:137} INFO - [2023-03-21T17:01:15.026+0000] {dagbag.py:532} INFO - Filling up the DagBag from /home/airflow/.local/lib/python3.7/site-packages/airflow/example_dags/example_nested_branch_dag.py
[2023-03-21T17:01:15.044+0000] {processor.py:753} INFO - DAG(s) dict_keys(['example_nested_branch_dag']) retrieved from /home/airflow/.local/lib/python3.7/site-packages/airflow/example_dags/example_nested_branch_dag.py
[2023-03-21T17:01:15.065+0000] {logging_mixin.py:137} INFO - [2023-03-21T17:01:15.065+0000] {dag.py:2693} INFO - Sync 1 DAGs
[2023-03-21T17:01:15.082+0000] {logging_mixin.py:137} INFO - [2023-03-21T17:01:15.082+0000] {dag.py:3444} INFO - Setting next_dagrun for example_nested_branch_dag to 2023-03-20T00:00:00+00:00, run_after=2023-03-21T00:00:00+00:00
[2023-03-21T17:01:15.094+0000] {processor.py:175} INFO - Processing /home/airflow/.local/lib/python3.7/site-packages/airflow/example_dags/example_nested_branch_dag.py took 0.073 seconds
[2023-03-21T17:01:45.650+0000] {processor.py:153} INFO - Started process (PID=926) to work on /home/airflow/.local/lib/python3.7/site-packages/airflow/example_dags/example_nested_branch_dag.py
[2023-03-21T17:01:45.651+0000] {processor.py:743} INFO - Processing file /home/airflow/.local/lib/python3.7/site-packages/airflow/example_dags/example_nested_branch_dag.py for tasks to queue
[2023-03-21T17:01:45.652+0000] {logging_mixin.py:137} INFO - [2023-03-21T17:01:45.652+0000] {dagbag.py:532} INFO - Filling up the DagBag from /home/airflow/.local/lib/python3.7/site-packages/airflow/example_dags/example_nested_branch_dag.py
[2023-03-21T17:01:45.671+0000] {processor.py:753} INFO - DAG(s) dict_keys(['example_nested_branch_dag']) retrieved from /home/airflow/.local/lib/python3.7/site-packages/airflow/example_dags/example_nested_branch_dag.py
[2023-03-21T17:01:45.695+0000] {logging_mixin.py:137} INFO - [2023-03-21T17:01:45.695+0000] {dag.py:2693} INFO - Sync 1 DAGs
[2023-03-21T17:01:45.714+0000] {logging_mixin.py:137} INFO - [2023-03-21T17:01:45.714+0000] {dag.py:3444} INFO - Setting next_dagrun for example_nested_branch_dag to 2023-03-20T00:00:00+00:00, run_after=2023-03-21T00:00:00+00:00
[2023-03-21T17:01:45.727+0000] {processor.py:175} INFO - Processing /home/airflow/.local/lib/python3.7/site-packages/airflow/example_dags/example_nested_branch_dag.py took 0.080 seconds
[2023-03-21T17:02:16.316+0000] {processor.py:153} INFO - Started process (PID=976) to work on /home/airflow/.local/lib/python3.7/site-packages/airflow/example_dags/example_nested_branch_dag.py
[2023-03-21T17:02:16.318+0000] {processor.py:743} INFO - Processing file /home/airflow/.local/lib/python3.7/site-packages/airflow/example_dags/example_nested_branch_dag.py for tasks to queue
[2023-03-21T17:02:16.318+0000] {logging_mixin.py:137} INFO - [2023-03-21T17:02:16.318+0000] {dagbag.py:532} INFO - Filling up the DagBag from /home/airflow/.local/lib/python3.7/site-packages/airflow/example_dags/example_nested_branch_dag.py
[2023-03-21T17:02:16.336+0000] {processor.py:753} INFO - DAG(s) dict_keys(['example_nested_branch_dag']) retrieved from /home/airflow/.local/lib/python3.7/site-packages/airflow/example_dags/example_nested_branch_dag.py
[2023-03-21T17:02:16.355+0000] {logging_mixin.py:137} INFO - [2023-03-21T17:02:16.355+0000] {dag.py:2693} INFO - Sync 1 DAGs
[2023-03-21T17:02:16.373+0000] {logging_mixin.py:137} INFO - [2023-03-21T17:02:16.373+0000] {dag.py:3444} INFO - Setting next_dagrun for example_nested_branch_dag to 2023-03-20T00:00:00+00:00, run_after=2023-03-21T00:00:00+00:00
[2023-03-21T17:02:16.384+0000] {processor.py:175} INFO - Processing /home/airflow/.local/lib/python3.7/site-packages/airflow/example_dags/example_nested_branch_dag.py took 0.071 seconds
[2023-03-21T17:02:47.487+0000] {processor.py:153} INFO - Started process (PID=1026) to work on /home/airflow/.local/lib/python3.7/site-packages/airflow/example_dags/example_nested_branch_dag.py
[2023-03-21T17:02:47.489+0000] {processor.py:743} INFO - Processing file /home/airflow/.local/lib/python3.7/site-packages/airflow/example_dags/example_nested_branch_dag.py for tasks to queue
[2023-03-21T17:02:47.490+0000] {logging_mixin.py:137} INFO - [2023-03-21T17:02:47.490+0000] {dagbag.py:532} INFO - Filling up the DagBag from /home/airflow/.local/lib/python3.7/site-packages/airflow/example_dags/example_nested_branch_dag.py
[2023-03-21T17:02:47.509+0000] {processor.py:753} INFO - DAG(s) dict_keys(['example_nested_branch_dag']) retrieved from /home/airflow/.local/lib/python3.7/site-packages/airflow/example_dags/example_nested_branch_dag.py
[2023-03-21T17:02:47.534+0000] {logging_mixin.py:137} INFO - [2023-03-21T17:02:47.534+0000] {dag.py:2693} INFO - Sync 1 DAGs
[2023-03-21T17:02:47.555+0000] {logging_mixin.py:137} INFO - [2023-03-21T17:02:47.555+0000] {dag.py:3444} INFO - Setting next_dagrun for example_nested_branch_dag to 2023-03-20T00:00:00+00:00, run_after=2023-03-21T00:00:00+00:00
[2023-03-21T17:02:47.569+0000] {processor.py:175} INFO - Processing /home/airflow/.local/lib/python3.7/site-packages/airflow/example_dags/example_nested_branch_dag.py took 0.085 seconds
[2023-03-21T17:03:17.650+0000] {processor.py:153} INFO - Started process (PID=1076) to work on /home/airflow/.local/lib/python3.7/site-packages/airflow/example_dags/example_nested_branch_dag.py
[2023-03-21T17:03:17.651+0000] {processor.py:743} INFO - Processing file /home/airflow/.local/lib/python3.7/site-packages/airflow/example_dags/example_nested_branch_dag.py for tasks to queue
[2023-03-21T17:03:17.653+0000] {logging_mixin.py:137} INFO - [2023-03-21T17:03:17.653+0000] {dagbag.py:532} INFO - Filling up the DagBag from /home/airflow/.local/lib/python3.7/site-packages/airflow/example_dags/example_nested_branch_dag.py
[2023-03-21T17:03:17.670+0000] {processor.py:753} INFO - DAG(s) dict_keys(['example_nested_branch_dag']) retrieved from /home/airflow/.local/lib/python3.7/site-packages/airflow/example_dags/example_nested_branch_dag.py
[2023-03-21T17:03:17.691+0000] {logging_mixin.py:137} INFO - [2023-03-21T17:03:17.690+0000] {dag.py:2693} INFO - Sync 1 DAGs
[2023-03-21T17:03:17.708+0000] {logging_mixin.py:137} INFO - [2023-03-21T17:03:17.708+0000] {dag.py:3444} INFO - Setting next_dagrun for example_nested_branch_dag to 2023-03-20T00:00:00+00:00, run_after=2023-03-21T00:00:00+00:00
[2023-03-21T17:03:17.719+0000] {processor.py:175} INFO - Processing /home/airflow/.local/lib/python3.7/site-packages/airflow/example_dags/example_nested_branch_dag.py took 0.071 seconds
[2023-03-21T17:03:48.309+0000] {processor.py:153} INFO - Started process (PID=1126) to work on /home/airflow/.local/lib/python3.7/site-packages/airflow/example_dags/example_nested_branch_dag.py
[2023-03-21T17:03:48.311+0000] {processor.py:743} INFO - Processing file /home/airflow/.local/lib/python3.7/site-packages/airflow/example_dags/example_nested_branch_dag.py for tasks to queue
[2023-03-21T17:03:48.312+0000] {logging_mixin.py:137} INFO - [2023-03-21T17:03:48.312+0000] {dagbag.py:532} INFO - Filling up the DagBag from /home/airflow/.local/lib/python3.7/site-packages/airflow/example_dags/example_nested_branch_dag.py
[2023-03-21T17:03:48.330+0000] {processor.py:753} INFO - DAG(s) dict_keys(['example_nested_branch_dag']) retrieved from /home/airflow/.local/lib/python3.7/site-packages/airflow/example_dags/example_nested_branch_dag.py
[2023-03-21T17:03:48.353+0000] {logging_mixin.py:137} INFO - [2023-03-21T17:03:48.353+0000] {dag.py:2693} INFO - Sync 1 DAGs
[2023-03-21T17:03:48.373+0000] {logging_mixin.py:137} INFO - [2023-03-21T17:03:48.372+0000] {dag.py:3444} INFO - Setting next_dagrun for example_nested_branch_dag to 2023-03-20T00:00:00+00:00, run_after=2023-03-21T00:00:00+00:00
[2023-03-21T17:03:48.385+0000] {processor.py:175} INFO - Processing /home/airflow/.local/lib/python3.7/site-packages/airflow/example_dags/example_nested_branch_dag.py took 0.080 seconds
[2023-03-21T17:04:19.131+0000] {processor.py:153} INFO - Started process (PID=1182) to work on /home/airflow/.local/lib/python3.7/site-packages/airflow/example_dags/example_nested_branch_dag.py
[2023-03-21T17:04:19.132+0000] {processor.py:743} INFO - Processing file /home/airflow/.local/lib/python3.7/site-packages/airflow/example_dags/example_nested_branch_dag.py for tasks to queue
[2023-03-21T17:04:19.133+0000] {logging_mixin.py:137} INFO - [2023-03-21T17:04:19.133+0000] {dagbag.py:532} INFO - Filling up the DagBag from /home/airflow/.local/lib/python3.7/site-packages/airflow/example_dags/example_nested_branch_dag.py
[2023-03-21T17:04:19.154+0000] {processor.py:753} INFO - DAG(s) dict_keys(['example_nested_branch_dag']) retrieved from /home/airflow/.local/lib/python3.7/site-packages/airflow/example_dags/example_nested_branch_dag.py
[2023-03-21T17:04:19.175+0000] {logging_mixin.py:137} INFO - [2023-03-21T17:04:19.175+0000] {dag.py:2693} INFO - Sync 1 DAGs
[2023-03-21T17:04:19.194+0000] {logging_mixin.py:137} INFO - [2023-03-21T17:04:19.194+0000] {dag.py:3444} INFO - Setting next_dagrun for example_nested_branch_dag to 2023-03-20T00:00:00+00:00, run_after=2023-03-21T00:00:00+00:00
[2023-03-21T17:04:19.207+0000] {processor.py:175} INFO - Processing /home/airflow/.local/lib/python3.7/site-packages/airflow/example_dags/example_nested_branch_dag.py took 0.080 seconds
[2023-03-21T17:04:49.747+0000] {processor.py:153} INFO - Started process (PID=1232) to work on /home/airflow/.local/lib/python3.7/site-packages/airflow/example_dags/example_nested_branch_dag.py
[2023-03-21T17:04:49.749+0000] {processor.py:743} INFO - Processing file /home/airflow/.local/lib/python3.7/site-packages/airflow/example_dags/example_nested_branch_dag.py for tasks to queue
[2023-03-21T17:04:49.750+0000] {logging_mixin.py:137} INFO - [2023-03-21T17:04:49.749+0000] {dagbag.py:532} INFO - Filling up the DagBag from /home/airflow/.local/lib/python3.7/site-packages/airflow/example_dags/example_nested_branch_dag.py
[2023-03-21T17:04:49.767+0000] {processor.py:753} INFO - DAG(s) dict_keys(['example_nested_branch_dag']) retrieved from /home/airflow/.local/lib/python3.7/site-packages/airflow/example_dags/example_nested_branch_dag.py
[2023-03-21T17:04:49.787+0000] {logging_mixin.py:137} INFO - [2023-03-21T17:04:49.787+0000] {dag.py:2693} INFO - Sync 1 DAGs
[2023-03-21T17:04:49.804+0000] {logging_mixin.py:137} INFO - [2023-03-21T17:04:49.804+0000] {dag.py:3444} INFO - Setting next_dagrun for example_nested_branch_dag to 2023-03-20T00:00:00+00:00, run_after=2023-03-21T00:00:00+00:00
[2023-03-21T17:04:49.815+0000] {processor.py:175} INFO - Processing /home/airflow/.local/lib/python3.7/site-packages/airflow/example_dags/example_nested_branch_dag.py took 0.071 seconds
[2023-03-21T17:05:20.606+0000] {processor.py:153} INFO - Started process (PID=1281) to work on /home/airflow/.local/lib/python3.7/site-packages/airflow/example_dags/example_nested_branch_dag.py
[2023-03-21T17:05:20.608+0000] {processor.py:743} INFO - Processing file /home/airflow/.local/lib/python3.7/site-packages/airflow/example_dags/example_nested_branch_dag.py for tasks to queue
[2023-03-21T17:05:20.608+0000] {logging_mixin.py:137} INFO - [2023-03-21T17:05:20.608+0000] {dagbag.py:532} INFO - Filling up the DagBag from /home/airflow/.local/lib/python3.7/site-packages/airflow/example_dags/example_nested_branch_dag.py
[2023-03-21T17:05:20.626+0000] {processor.py:753} INFO - DAG(s) dict_keys(['example_nested_branch_dag']) retrieved from /home/airflow/.local/lib/python3.7/site-packages/airflow/example_dags/example_nested_branch_dag.py
[2023-03-21T17:05:20.647+0000] {logging_mixin.py:137} INFO - [2023-03-21T17:05:20.647+0000] {dag.py:2693} INFO - Sync 1 DAGs
[2023-03-21T17:05:20.666+0000] {logging_mixin.py:137} INFO - [2023-03-21T17:05:20.665+0000] {dag.py:3444} INFO - Setting next_dagrun for example_nested_branch_dag to 2023-03-20T00:00:00+00:00, run_after=2023-03-21T00:00:00+00:00
[2023-03-21T17:05:20.678+0000] {processor.py:175} INFO - Processing /home/airflow/.local/lib/python3.7/site-packages/airflow/example_dags/example_nested_branch_dag.py took 0.075 seconds
[2023-03-21T17:05:51.448+0000] {processor.py:153} INFO - Started process (PID=1331) to work on /home/airflow/.local/lib/python3.7/site-packages/airflow/example_dags/example_nested_branch_dag.py
[2023-03-21T17:05:51.449+0000] {processor.py:743} INFO - Processing file /home/airflow/.local/lib/python3.7/site-packages/airflow/example_dags/example_nested_branch_dag.py for tasks to queue
[2023-03-21T17:05:51.450+0000] {logging_mixin.py:137} INFO - [2023-03-21T17:05:51.450+0000] {dagbag.py:532} INFO - Filling up the DagBag from /home/airflow/.local/lib/python3.7/site-packages/airflow/example_dags/example_nested_branch_dag.py
[2023-03-21T17:05:51.467+0000] {processor.py:753} INFO - DAG(s) dict_keys(['example_nested_branch_dag']) retrieved from /home/airflow/.local/lib/python3.7/site-packages/airflow/example_dags/example_nested_branch_dag.py
[2023-03-21T17:05:51.487+0000] {logging_mixin.py:137} INFO - [2023-03-21T17:05:51.487+0000] {dag.py:2693} INFO - Sync 1 DAGs
[2023-03-21T17:05:51.504+0000] {logging_mixin.py:137} INFO - [2023-03-21T17:05:51.504+0000] {dag.py:3444} INFO - Setting next_dagrun for example_nested_branch_dag to 2023-03-20T00:00:00+00:00, run_after=2023-03-21T00:00:00+00:00
[2023-03-21T17:05:51.515+0000] {processor.py:175} INFO - Processing /home/airflow/.local/lib/python3.7/site-packages/airflow/example_dags/example_nested_branch_dag.py took 0.070 seconds
[2023-03-21T17:06:22.219+0000] {processor.py:153} INFO - Started process (PID=1381) to work on /home/airflow/.local/lib/python3.7/site-packages/airflow/example_dags/example_nested_branch_dag.py
[2023-03-21T17:06:22.221+0000] {processor.py:743} INFO - Processing file /home/airflow/.local/lib/python3.7/site-packages/airflow/example_dags/example_nested_branch_dag.py for tasks to queue
[2023-03-21T17:06:22.222+0000] {logging_mixin.py:137} INFO - [2023-03-21T17:06:22.221+0000] {dagbag.py:532} INFO - Filling up the DagBag from /home/airflow/.local/lib/python3.7/site-packages/airflow/example_dags/example_nested_branch_dag.py
[2023-03-21T17:06:22.239+0000] {processor.py:753} INFO - DAG(s) dict_keys(['example_nested_branch_dag']) retrieved from /home/airflow/.local/lib/python3.7/site-packages/airflow/example_dags/example_nested_branch_dag.py
[2023-03-21T17:06:22.259+0000] {logging_mixin.py:137} INFO - [2023-03-21T17:06:22.259+0000] {dag.py:2693} INFO - Sync 1 DAGs
[2023-03-21T17:06:22.276+0000] {logging_mixin.py:137} INFO - [2023-03-21T17:06:22.276+0000] {dag.py:3444} INFO - Setting next_dagrun for example_nested_branch_dag to 2023-03-20T00:00:00+00:00, run_after=2023-03-21T00:00:00+00:00
[2023-03-21T17:06:22.287+0000] {processor.py:175} INFO - Processing /home/airflow/.local/lib/python3.7/site-packages/airflow/example_dags/example_nested_branch_dag.py took 0.071 seconds
[2023-03-21T17:06:53.152+0000] {processor.py:153} INFO - Started process (PID=1431) to work on /home/airflow/.local/lib/python3.7/site-packages/airflow/example_dags/example_nested_branch_dag.py
[2023-03-21T17:06:53.163+0000] {processor.py:743} INFO - Processing file /home/airflow/.local/lib/python3.7/site-packages/airflow/example_dags/example_nested_branch_dag.py for tasks to queue
[2023-03-21T17:06:53.165+0000] {logging_mixin.py:137} INFO - [2023-03-21T17:06:53.165+0000] {dagbag.py:532} INFO - Filling up the DagBag from /home/airflow/.local/lib/python3.7/site-packages/airflow/example_dags/example_nested_branch_dag.py
[2023-03-21T17:06:53.215+0000] {processor.py:753} INFO - DAG(s) dict_keys(['example_nested_branch_dag']) retrieved from /home/airflow/.local/lib/python3.7/site-packages/airflow/example_dags/example_nested_branch_dag.py
[2023-03-21T17:06:53.299+0000] {logging_mixin.py:137} INFO - [2023-03-21T17:06:53.299+0000] {dag.py:2693} INFO - Sync 1 DAGs
[2023-03-21T17:06:53.347+0000] {logging_mixin.py:137} INFO - [2023-03-21T17:06:53.346+0000] {dag.py:3444} INFO - Setting next_dagrun for example_nested_branch_dag to 2023-03-20T00:00:00+00:00, run_after=2023-03-21T00:00:00+00:00
[2023-03-21T17:06:53.389+0000] {processor.py:175} INFO - Processing /home/airflow/.local/lib/python3.7/site-packages/airflow/example_dags/example_nested_branch_dag.py took 0.251 seconds
[2023-03-21T17:16:19.224+0000] {processor.py:153} INFO - Started process (PID=72) to work on /home/airflow/.local/lib/python3.7/site-packages/airflow/example_dags/example_nested_branch_dag.py
[2023-03-21T17:16:19.226+0000] {processor.py:743} INFO - Processing file /home/airflow/.local/lib/python3.7/site-packages/airflow/example_dags/example_nested_branch_dag.py for tasks to queue
[2023-03-21T17:16:19.227+0000] {logging_mixin.py:137} INFO - [2023-03-21T17:16:19.226+0000] {dagbag.py:532} INFO - Filling up the DagBag from /home/airflow/.local/lib/python3.7/site-packages/airflow/example_dags/example_nested_branch_dag.py
[2023-03-21T17:16:19.245+0000] {processor.py:753} INFO - DAG(s) dict_keys(['example_nested_branch_dag']) retrieved from /home/airflow/.local/lib/python3.7/site-packages/airflow/example_dags/example_nested_branch_dag.py
[2023-03-21T17:16:19.262+0000] {logging_mixin.py:137} INFO - [2023-03-21T17:16:19.262+0000] {dag.py:2693} INFO - Sync 1 DAGs
[2023-03-21T17:16:19.287+0000] {logging_mixin.py:137} INFO - [2023-03-21T17:16:19.287+0000] {dag.py:3444} INFO - Setting next_dagrun for example_nested_branch_dag to 2023-03-20T00:00:00+00:00, run_after=2023-03-21T00:00:00+00:00
[2023-03-21T17:16:19.306+0000] {processor.py:175} INFO - Processing /home/airflow/.local/lib/python3.7/site-packages/airflow/example_dags/example_nested_branch_dag.py took 0.084 seconds
[2023-03-21T17:16:50.036+0000] {processor.py:153} INFO - Started process (PID=122) to work on /home/airflow/.local/lib/python3.7/site-packages/airflow/example_dags/example_nested_branch_dag.py
[2023-03-21T17:16:50.037+0000] {processor.py:743} INFO - Processing file /home/airflow/.local/lib/python3.7/site-packages/airflow/example_dags/example_nested_branch_dag.py for tasks to queue
[2023-03-21T17:16:50.038+0000] {logging_mixin.py:137} INFO - [2023-03-21T17:16:50.038+0000] {dagbag.py:532} INFO - Filling up the DagBag from /home/airflow/.local/lib/python3.7/site-packages/airflow/example_dags/example_nested_branch_dag.py
[2023-03-21T17:16:50.054+0000] {processor.py:753} INFO - DAG(s) dict_keys(['example_nested_branch_dag']) retrieved from /home/airflow/.local/lib/python3.7/site-packages/airflow/example_dags/example_nested_branch_dag.py
[2023-03-21T17:16:50.074+0000] {logging_mixin.py:137} INFO - [2023-03-21T17:16:50.074+0000] {dag.py:2693} INFO - Sync 1 DAGs
[2023-03-21T17:16:50.090+0000] {logging_mixin.py:137} INFO - [2023-03-21T17:16:50.090+0000] {dag.py:3444} INFO - Setting next_dagrun for example_nested_branch_dag to 2023-03-20T00:00:00+00:00, run_after=2023-03-21T00:00:00+00:00
[2023-03-21T17:16:50.102+0000] {processor.py:175} INFO - Processing /home/airflow/.local/lib/python3.7/site-packages/airflow/example_dags/example_nested_branch_dag.py took 0.068 seconds
[2023-03-21T17:17:23.646+0000] {processor.py:153} INFO - Started process (PID=172) to work on /home/airflow/.local/lib/python3.7/site-packages/airflow/example_dags/example_nested_branch_dag.py
[2023-03-21T17:17:23.647+0000] {processor.py:743} INFO - Processing file /home/airflow/.local/lib/python3.7/site-packages/airflow/example_dags/example_nested_branch_dag.py for tasks to queue
[2023-03-21T17:17:23.648+0000] {logging_mixin.py:137} INFO - [2023-03-21T17:17:23.648+0000] {dagbag.py:532} INFO - Filling up the DagBag from /home/airflow/.local/lib/python3.7/site-packages/airflow/example_dags/example_nested_branch_dag.py
[2023-03-21T17:17:23.669+0000] {processor.py:753} INFO - DAG(s) dict_keys(['example_nested_branch_dag']) retrieved from /home/airflow/.local/lib/python3.7/site-packages/airflow/example_dags/example_nested_branch_dag.py
[2023-03-21T17:17:23.695+0000] {logging_mixin.py:137} INFO - [2023-03-21T17:17:23.695+0000] {dag.py:2693} INFO - Sync 1 DAGs
[2023-03-21T17:17:23.714+0000] {logging_mixin.py:137} INFO - [2023-03-21T17:17:23.714+0000] {dag.py:3444} INFO - Setting next_dagrun for example_nested_branch_dag to 2023-03-20T00:00:00+00:00, run_after=2023-03-21T00:00:00+00:00
[2023-03-21T17:17:23.730+0000] {processor.py:175} INFO - Processing /home/airflow/.local/lib/python3.7/site-packages/airflow/example_dags/example_nested_branch_dag.py took 0.087 seconds
[2023-03-21T17:17:54.263+0000] {processor.py:153} INFO - Started process (PID=221) to work on /home/airflow/.local/lib/python3.7/site-packages/airflow/example_dags/example_nested_branch_dag.py
[2023-03-21T17:17:54.264+0000] {processor.py:743} INFO - Processing file /home/airflow/.local/lib/python3.7/site-packages/airflow/example_dags/example_nested_branch_dag.py for tasks to queue
[2023-03-21T17:17:54.264+0000] {logging_mixin.py:137} INFO - [2023-03-21T17:17:54.264+0000] {dagbag.py:532} INFO - Filling up the DagBag from /home/airflow/.local/lib/python3.7/site-packages/airflow/example_dags/example_nested_branch_dag.py
[2023-03-21T17:17:54.281+0000] {processor.py:753} INFO - DAG(s) dict_keys(['example_nested_branch_dag']) retrieved from /home/airflow/.local/lib/python3.7/site-packages/airflow/example_dags/example_nested_branch_dag.py
[2023-03-21T17:17:54.303+0000] {logging_mixin.py:137} INFO - [2023-03-21T17:17:54.303+0000] {dag.py:2693} INFO - Sync 1 DAGs
[2023-03-21T17:17:54.321+0000] {logging_mixin.py:137} INFO - [2023-03-21T17:17:54.321+0000] {dag.py:3444} INFO - Setting next_dagrun for example_nested_branch_dag to 2023-03-20T00:00:00+00:00, run_after=2023-03-21T00:00:00+00:00
[2023-03-21T17:17:54.332+0000] {processor.py:175} INFO - Processing /home/airflow/.local/lib/python3.7/site-packages/airflow/example_dags/example_nested_branch_dag.py took 0.073 seconds
