[2023-03-21T15:25:53.252+0000] {processor.py:153} INFO - Started process (PID=47) to work on /home/airflow/.local/lib/python3.7/site-packages/airflow/example_dags/example_branch_python_dop_operator_3.py
[2023-03-21T15:25:53.254+0000] {processor.py:743} INFO - Processing file /home/airflow/.local/lib/python3.7/site-packages/airflow/example_dags/example_branch_python_dop_operator_3.py for tasks to queue
[2023-03-21T15:25:53.256+0000] {logging_mixin.py:137} INFO - [2023-03-21T15:25:53.256+0000] {dagbag.py:532} INFO - Filling up the DagBag from /home/airflow/.local/lib/python3.7/site-packages/airflow/example_dags/example_branch_python_dop_operator_3.py
[2023-03-21T15:25:53.318+0000] {processor.py:753} INFO - DAG(s) dict_keys(['example_branch_dop_operator_v3']) retrieved from /home/airflow/.local/lib/python3.7/site-packages/airflow/example_dags/example_branch_python_dop_operator_3.py
[2023-03-21T15:25:53.346+0000] {logging_mixin.py:137} INFO - [2023-03-21T15:25:53.346+0000] {dag.py:2693} INFO - Sync 1 DAGs
[2023-03-21T15:25:53.415+0000] {logging_mixin.py:137} INFO - [2023-03-21T15:25:53.414+0000] {dag.py:3444} INFO - Setting next_dagrun for example_branch_dop_operator_v3 to 2023-03-21T15:24:00+00:00, run_after=2023-03-21T15:25:00+00:00
[2023-03-21T15:25:53.439+0000] {processor.py:175} INFO - Processing /home/airflow/.local/lib/python3.7/site-packages/airflow/example_dags/example_branch_python_dop_operator_3.py took 0.192 seconds
[2023-03-21T15:26:23.765+0000] {processor.py:153} INFO - Started process (PID=96) to work on /home/airflow/.local/lib/python3.7/site-packages/airflow/example_dags/example_branch_python_dop_operator_3.py
[2023-03-21T15:26:23.766+0000] {processor.py:743} INFO - Processing file /home/airflow/.local/lib/python3.7/site-packages/airflow/example_dags/example_branch_python_dop_operator_3.py for tasks to queue
[2023-03-21T15:26:23.767+0000] {logging_mixin.py:137} INFO - [2023-03-21T15:26:23.767+0000] {dagbag.py:532} INFO - Filling up the DagBag from /home/airflow/.local/lib/python3.7/site-packages/airflow/example_dags/example_branch_python_dop_operator_3.py
[2023-03-21T15:26:23.782+0000] {processor.py:753} INFO - DAG(s) dict_keys(['example_branch_dop_operator_v3']) retrieved from /home/airflow/.local/lib/python3.7/site-packages/airflow/example_dags/example_branch_python_dop_operator_3.py
[2023-03-21T15:26:23.802+0000] {logging_mixin.py:137} INFO - [2023-03-21T15:26:23.802+0000] {dag.py:2693} INFO - Sync 1 DAGs
[2023-03-21T15:26:23.821+0000] {logging_mixin.py:137} INFO - [2023-03-21T15:26:23.820+0000] {dag.py:3444} INFO - Setting next_dagrun for example_branch_dop_operator_v3 to 2023-03-21T15:25:00+00:00, run_after=2023-03-21T15:26:00+00:00
[2023-03-21T15:26:23.831+0000] {processor.py:175} INFO - Processing /home/airflow/.local/lib/python3.7/site-packages/airflow/example_dags/example_branch_python_dop_operator_3.py took 0.069 seconds
[2023-03-21T15:26:54.251+0000] {processor.py:153} INFO - Started process (PID=145) to work on /home/airflow/.local/lib/python3.7/site-packages/airflow/example_dags/example_branch_python_dop_operator_3.py
[2023-03-21T15:26:54.253+0000] {processor.py:743} INFO - Processing file /home/airflow/.local/lib/python3.7/site-packages/airflow/example_dags/example_branch_python_dop_operator_3.py for tasks to queue
[2023-03-21T15:26:54.253+0000] {logging_mixin.py:137} INFO - [2023-03-21T15:26:54.253+0000] {dagbag.py:532} INFO - Filling up the DagBag from /home/airflow/.local/lib/python3.7/site-packages/airflow/example_dags/example_branch_python_dop_operator_3.py
[2023-03-21T15:26:54.269+0000] {processor.py:753} INFO - DAG(s) dict_keys(['example_branch_dop_operator_v3']) retrieved from /home/airflow/.local/lib/python3.7/site-packages/airflow/example_dags/example_branch_python_dop_operator_3.py
[2023-03-21T15:26:54.290+0000] {logging_mixin.py:137} INFO - [2023-03-21T15:26:54.290+0000] {dag.py:2693} INFO - Sync 1 DAGs
[2023-03-21T15:26:54.308+0000] {logging_mixin.py:137} INFO - [2023-03-21T15:26:54.308+0000] {dag.py:3444} INFO - Setting next_dagrun for example_branch_dop_operator_v3 to 2023-03-21T15:25:00+00:00, run_after=2023-03-21T15:26:00+00:00
[2023-03-21T15:26:54.321+0000] {processor.py:175} INFO - Processing /home/airflow/.local/lib/python3.7/site-packages/airflow/example_dags/example_branch_python_dop_operator_3.py took 0.072 seconds
[2023-03-21T15:27:25.121+0000] {processor.py:153} INFO - Started process (PID=194) to work on /home/airflow/.local/lib/python3.7/site-packages/airflow/example_dags/example_branch_python_dop_operator_3.py
[2023-03-21T15:27:25.122+0000] {processor.py:743} INFO - Processing file /home/airflow/.local/lib/python3.7/site-packages/airflow/example_dags/example_branch_python_dop_operator_3.py for tasks to queue
[2023-03-21T15:27:25.123+0000] {logging_mixin.py:137} INFO - [2023-03-21T15:27:25.123+0000] {dagbag.py:532} INFO - Filling up the DagBag from /home/airflow/.local/lib/python3.7/site-packages/airflow/example_dags/example_branch_python_dop_operator_3.py
[2023-03-21T15:27:25.139+0000] {processor.py:753} INFO - DAG(s) dict_keys(['example_branch_dop_operator_v3']) retrieved from /home/airflow/.local/lib/python3.7/site-packages/airflow/example_dags/example_branch_python_dop_operator_3.py
[2023-03-21T15:27:25.159+0000] {logging_mixin.py:137} INFO - [2023-03-21T15:27:25.159+0000] {dag.py:2693} INFO - Sync 1 DAGs
[2023-03-21T15:27:25.177+0000] {logging_mixin.py:137} INFO - [2023-03-21T15:27:25.177+0000] {dag.py:3444} INFO - Setting next_dagrun for example_branch_dop_operator_v3 to 2023-03-21T15:26:00+00:00, run_after=2023-03-21T15:27:00+00:00
[2023-03-21T15:27:25.193+0000] {processor.py:175} INFO - Processing /home/airflow/.local/lib/python3.7/site-packages/airflow/example_dags/example_branch_python_dop_operator_3.py took 0.075 seconds
[2023-03-21T15:27:55.422+0000] {processor.py:153} INFO - Started process (PID=243) to work on /home/airflow/.local/lib/python3.7/site-packages/airflow/example_dags/example_branch_python_dop_operator_3.py
[2023-03-21T15:27:55.423+0000] {processor.py:743} INFO - Processing file /home/airflow/.local/lib/python3.7/site-packages/airflow/example_dags/example_branch_python_dop_operator_3.py for tasks to queue
[2023-03-21T15:27:55.424+0000] {logging_mixin.py:137} INFO - [2023-03-21T15:27:55.424+0000] {dagbag.py:532} INFO - Filling up the DagBag from /home/airflow/.local/lib/python3.7/site-packages/airflow/example_dags/example_branch_python_dop_operator_3.py
[2023-03-21T15:27:55.440+0000] {processor.py:753} INFO - DAG(s) dict_keys(['example_branch_dop_operator_v3']) retrieved from /home/airflow/.local/lib/python3.7/site-packages/airflow/example_dags/example_branch_python_dop_operator_3.py
[2023-03-21T15:27:55.459+0000] {logging_mixin.py:137} INFO - [2023-03-21T15:27:55.459+0000] {dag.py:2693} INFO - Sync 1 DAGs
[2023-03-21T15:27:55.478+0000] {logging_mixin.py:137} INFO - [2023-03-21T15:27:55.478+0000] {dag.py:3444} INFO - Setting next_dagrun for example_branch_dop_operator_v3 to 2023-03-21T15:26:00+00:00, run_after=2023-03-21T15:27:00+00:00
[2023-03-21T15:27:55.489+0000] {processor.py:175} INFO - Processing /home/airflow/.local/lib/python3.7/site-packages/airflow/example_dags/example_branch_python_dop_operator_3.py took 0.070 seconds
[2023-03-21T15:28:25.853+0000] {processor.py:153} INFO - Started process (PID=292) to work on /home/airflow/.local/lib/python3.7/site-packages/airflow/example_dags/example_branch_python_dop_operator_3.py
[2023-03-21T15:28:25.854+0000] {processor.py:743} INFO - Processing file /home/airflow/.local/lib/python3.7/site-packages/airflow/example_dags/example_branch_python_dop_operator_3.py for tasks to queue
[2023-03-21T15:28:25.855+0000] {logging_mixin.py:137} INFO - [2023-03-21T15:28:25.855+0000] {dagbag.py:532} INFO - Filling up the DagBag from /home/airflow/.local/lib/python3.7/site-packages/airflow/example_dags/example_branch_python_dop_operator_3.py
[2023-03-21T15:28:25.870+0000] {processor.py:753} INFO - DAG(s) dict_keys(['example_branch_dop_operator_v3']) retrieved from /home/airflow/.local/lib/python3.7/site-packages/airflow/example_dags/example_branch_python_dop_operator_3.py
[2023-03-21T15:28:25.890+0000] {logging_mixin.py:137} INFO - [2023-03-21T15:28:25.890+0000] {dag.py:2693} INFO - Sync 1 DAGs
[2023-03-21T15:28:25.908+0000] {logging_mixin.py:137} INFO - [2023-03-21T15:28:25.908+0000] {dag.py:3444} INFO - Setting next_dagrun for example_branch_dop_operator_v3 to 2023-03-21T15:27:00+00:00, run_after=2023-03-21T15:28:00+00:00
[2023-03-21T15:28:25.919+0000] {processor.py:175} INFO - Processing /home/airflow/.local/lib/python3.7/site-packages/airflow/example_dags/example_branch_python_dop_operator_3.py took 0.070 seconds
[2023-03-21T15:28:56.199+0000] {processor.py:153} INFO - Started process (PID=341) to work on /home/airflow/.local/lib/python3.7/site-packages/airflow/example_dags/example_branch_python_dop_operator_3.py
[2023-03-21T15:28:56.200+0000] {processor.py:743} INFO - Processing file /home/airflow/.local/lib/python3.7/site-packages/airflow/example_dags/example_branch_python_dop_operator_3.py for tasks to queue
[2023-03-21T15:28:56.201+0000] {logging_mixin.py:137} INFO - [2023-03-21T15:28:56.201+0000] {dagbag.py:532} INFO - Filling up the DagBag from /home/airflow/.local/lib/python3.7/site-packages/airflow/example_dags/example_branch_python_dop_operator_3.py
[2023-03-21T15:28:56.217+0000] {processor.py:753} INFO - DAG(s) dict_keys(['example_branch_dop_operator_v3']) retrieved from /home/airflow/.local/lib/python3.7/site-packages/airflow/example_dags/example_branch_python_dop_operator_3.py
[2023-03-21T15:28:56.237+0000] {logging_mixin.py:137} INFO - [2023-03-21T15:28:56.237+0000] {dag.py:2693} INFO - Sync 1 DAGs
[2023-03-21T15:28:56.255+0000] {logging_mixin.py:137} INFO - [2023-03-21T15:28:56.255+0000] {dag.py:3444} INFO - Setting next_dagrun for example_branch_dop_operator_v3 to 2023-03-21T15:27:00+00:00, run_after=2023-03-21T15:28:00+00:00
[2023-03-21T15:28:56.268+0000] {processor.py:175} INFO - Processing /home/airflow/.local/lib/python3.7/site-packages/airflow/example_dags/example_branch_python_dop_operator_3.py took 0.072 seconds
[2023-03-21T15:29:26.559+0000] {processor.py:153} INFO - Started process (PID=390) to work on /home/airflow/.local/lib/python3.7/site-packages/airflow/example_dags/example_branch_python_dop_operator_3.py
[2023-03-21T15:29:26.561+0000] {processor.py:743} INFO - Processing file /home/airflow/.local/lib/python3.7/site-packages/airflow/example_dags/example_branch_python_dop_operator_3.py for tasks to queue
[2023-03-21T15:29:26.561+0000] {logging_mixin.py:137} INFO - [2023-03-21T15:29:26.561+0000] {dagbag.py:532} INFO - Filling up the DagBag from /home/airflow/.local/lib/python3.7/site-packages/airflow/example_dags/example_branch_python_dop_operator_3.py
[2023-03-21T15:29:26.578+0000] {processor.py:753} INFO - DAG(s) dict_keys(['example_branch_dop_operator_v3']) retrieved from /home/airflow/.local/lib/python3.7/site-packages/airflow/example_dags/example_branch_python_dop_operator_3.py
[2023-03-21T15:29:26.598+0000] {logging_mixin.py:137} INFO - [2023-03-21T15:29:26.598+0000] {dag.py:2693} INFO - Sync 1 DAGs
[2023-03-21T15:29:26.616+0000] {logging_mixin.py:137} INFO - [2023-03-21T15:29:26.616+0000] {dag.py:3444} INFO - Setting next_dagrun for example_branch_dop_operator_v3 to 2023-03-21T15:28:00+00:00, run_after=2023-03-21T15:29:00+00:00
[2023-03-21T15:29:26.628+0000] {processor.py:175} INFO - Processing /home/airflow/.local/lib/python3.7/site-packages/airflow/example_dags/example_branch_python_dop_operator_3.py took 0.071 seconds
[2023-03-21T15:29:56.823+0000] {processor.py:153} INFO - Started process (PID=439) to work on /home/airflow/.local/lib/python3.7/site-packages/airflow/example_dags/example_branch_python_dop_operator_3.py
[2023-03-21T15:29:56.827+0000] {processor.py:743} INFO - Processing file /home/airflow/.local/lib/python3.7/site-packages/airflow/example_dags/example_branch_python_dop_operator_3.py for tasks to queue
[2023-03-21T15:29:56.828+0000] {logging_mixin.py:137} INFO - [2023-03-21T15:29:56.828+0000] {dagbag.py:532} INFO - Filling up the DagBag from /home/airflow/.local/lib/python3.7/site-packages/airflow/example_dags/example_branch_python_dop_operator_3.py
[2023-03-21T15:29:56.858+0000] {processor.py:753} INFO - DAG(s) dict_keys(['example_branch_dop_operator_v3']) retrieved from /home/airflow/.local/lib/python3.7/site-packages/airflow/example_dags/example_branch_python_dop_operator_3.py
[2023-03-21T15:29:56.890+0000] {logging_mixin.py:137} INFO - [2023-03-21T15:29:56.890+0000] {dag.py:2693} INFO - Sync 1 DAGs
[2023-03-21T15:29:56.910+0000] {logging_mixin.py:137} INFO - [2023-03-21T15:29:56.910+0000] {dag.py:3444} INFO - Setting next_dagrun for example_branch_dop_operator_v3 to 2023-03-21T15:28:00+00:00, run_after=2023-03-21T15:29:00+00:00
[2023-03-21T15:29:56.927+0000] {processor.py:175} INFO - Processing /home/airflow/.local/lib/python3.7/site-packages/airflow/example_dags/example_branch_python_dop_operator_3.py took 0.107 seconds
[2023-03-21T15:30:27.351+0000] {processor.py:153} INFO - Started process (PID=488) to work on /home/airflow/.local/lib/python3.7/site-packages/airflow/example_dags/example_branch_python_dop_operator_3.py
[2023-03-21T15:30:27.353+0000] {processor.py:743} INFO - Processing file /home/airflow/.local/lib/python3.7/site-packages/airflow/example_dags/example_branch_python_dop_operator_3.py for tasks to queue
[2023-03-21T15:30:27.353+0000] {logging_mixin.py:137} INFO - [2023-03-21T15:30:27.353+0000] {dagbag.py:532} INFO - Filling up the DagBag from /home/airflow/.local/lib/python3.7/site-packages/airflow/example_dags/example_branch_python_dop_operator_3.py
[2023-03-21T15:30:27.370+0000] {processor.py:753} INFO - DAG(s) dict_keys(['example_branch_dop_operator_v3']) retrieved from /home/airflow/.local/lib/python3.7/site-packages/airflow/example_dags/example_branch_python_dop_operator_3.py
[2023-03-21T15:30:27.391+0000] {logging_mixin.py:137} INFO - [2023-03-21T15:30:27.391+0000] {dag.py:2693} INFO - Sync 1 DAGs
[2023-03-21T15:30:27.409+0000] {logging_mixin.py:137} INFO - [2023-03-21T15:30:27.409+0000] {dag.py:3444} INFO - Setting next_dagrun for example_branch_dop_operator_v3 to 2023-03-21T15:29:00+00:00, run_after=2023-03-21T15:30:00+00:00
[2023-03-21T15:30:27.423+0000] {processor.py:175} INFO - Processing /home/airflow/.local/lib/python3.7/site-packages/airflow/example_dags/example_branch_python_dop_operator_3.py took 0.075 seconds
[2023-03-21T15:30:57.931+0000] {processor.py:153} INFO - Started process (PID=537) to work on /home/airflow/.local/lib/python3.7/site-packages/airflow/example_dags/example_branch_python_dop_operator_3.py
[2023-03-21T15:30:57.931+0000] {processor.py:743} INFO - Processing file /home/airflow/.local/lib/python3.7/site-packages/airflow/example_dags/example_branch_python_dop_operator_3.py for tasks to queue
[2023-03-21T15:30:57.932+0000] {logging_mixin.py:137} INFO - [2023-03-21T15:30:57.932+0000] {dagbag.py:532} INFO - Filling up the DagBag from /home/airflow/.local/lib/python3.7/site-packages/airflow/example_dags/example_branch_python_dop_operator_3.py
[2023-03-21T15:30:57.947+0000] {processor.py:753} INFO - DAG(s) dict_keys(['example_branch_dop_operator_v3']) retrieved from /home/airflow/.local/lib/python3.7/site-packages/airflow/example_dags/example_branch_python_dop_operator_3.py
[2023-03-21T15:30:57.966+0000] {logging_mixin.py:137} INFO - [2023-03-21T15:30:57.966+0000] {dag.py:2693} INFO - Sync 1 DAGs
[2023-03-21T15:30:57.984+0000] {logging_mixin.py:137} INFO - [2023-03-21T15:30:57.984+0000] {dag.py:3444} INFO - Setting next_dagrun for example_branch_dop_operator_v3 to 2023-03-21T15:29:00+00:00, run_after=2023-03-21T15:30:00+00:00
[2023-03-21T15:30:57.995+0000] {processor.py:175} INFO - Processing /home/airflow/.local/lib/python3.7/site-packages/airflow/example_dags/example_branch_python_dop_operator_3.py took 0.067 seconds
[2023-03-21T15:31:28.302+0000] {processor.py:153} INFO - Started process (PID=585) to work on /home/airflow/.local/lib/python3.7/site-packages/airflow/example_dags/example_branch_python_dop_operator_3.py
[2023-03-21T15:31:28.303+0000] {processor.py:743} INFO - Processing file /home/airflow/.local/lib/python3.7/site-packages/airflow/example_dags/example_branch_python_dop_operator_3.py for tasks to queue
[2023-03-21T15:31:28.303+0000] {logging_mixin.py:137} INFO - [2023-03-21T15:31:28.303+0000] {dagbag.py:532} INFO - Filling up the DagBag from /home/airflow/.local/lib/python3.7/site-packages/airflow/example_dags/example_branch_python_dop_operator_3.py
[2023-03-21T15:31:28.320+0000] {processor.py:753} INFO - DAG(s) dict_keys(['example_branch_dop_operator_v3']) retrieved from /home/airflow/.local/lib/python3.7/site-packages/airflow/example_dags/example_branch_python_dop_operator_3.py
[2023-03-21T15:31:28.341+0000] {logging_mixin.py:137} INFO - [2023-03-21T15:31:28.340+0000] {dag.py:2693} INFO - Sync 1 DAGs
[2023-03-21T15:31:28.359+0000] {logging_mixin.py:137} INFO - [2023-03-21T15:31:28.359+0000] {dag.py:3444} INFO - Setting next_dagrun for example_branch_dop_operator_v3 to 2023-03-21T15:30:00+00:00, run_after=2023-03-21T15:31:00+00:00
[2023-03-21T15:31:28.370+0000] {processor.py:175} INFO - Processing /home/airflow/.local/lib/python3.7/site-packages/airflow/example_dags/example_branch_python_dop_operator_3.py took 0.072 seconds
[2023-03-21T15:31:58.733+0000] {processor.py:153} INFO - Started process (PID=634) to work on /home/airflow/.local/lib/python3.7/site-packages/airflow/example_dags/example_branch_python_dop_operator_3.py
[2023-03-21T15:31:58.734+0000] {processor.py:743} INFO - Processing file /home/airflow/.local/lib/python3.7/site-packages/airflow/example_dags/example_branch_python_dop_operator_3.py for tasks to queue
[2023-03-21T15:31:58.735+0000] {logging_mixin.py:137} INFO - [2023-03-21T15:31:58.735+0000] {dagbag.py:532} INFO - Filling up the DagBag from /home/airflow/.local/lib/python3.7/site-packages/airflow/example_dags/example_branch_python_dop_operator_3.py
[2023-03-21T15:31:58.753+0000] {processor.py:753} INFO - DAG(s) dict_keys(['example_branch_dop_operator_v3']) retrieved from /home/airflow/.local/lib/python3.7/site-packages/airflow/example_dags/example_branch_python_dop_operator_3.py
[2023-03-21T15:31:58.779+0000] {logging_mixin.py:137} INFO - [2023-03-21T15:31:58.779+0000] {dag.py:2693} INFO - Sync 1 DAGs
[2023-03-21T15:31:58.800+0000] {logging_mixin.py:137} INFO - [2023-03-21T15:31:58.800+0000] {dag.py:3444} INFO - Setting next_dagrun for example_branch_dop_operator_v3 to 2023-03-21T15:30:00+00:00, run_after=2023-03-21T15:31:00+00:00
[2023-03-21T15:31:58.813+0000] {processor.py:175} INFO - Processing /home/airflow/.local/lib/python3.7/site-packages/airflow/example_dags/example_branch_python_dop_operator_3.py took 0.084 seconds
[2023-03-21T16:52:55.054+0000] {processor.py:153} INFO - Started process (PID=48) to work on /home/airflow/.local/lib/python3.7/site-packages/airflow/example_dags/example_branch_python_dop_operator_3.py
[2023-03-21T16:52:55.057+0000] {processor.py:743} INFO - Processing file /home/airflow/.local/lib/python3.7/site-packages/airflow/example_dags/example_branch_python_dop_operator_3.py for tasks to queue
[2023-03-21T16:52:55.059+0000] {logging_mixin.py:137} INFO - [2023-03-21T16:52:55.059+0000] {dagbag.py:532} INFO - Filling up the DagBag from /home/airflow/.local/lib/python3.7/site-packages/airflow/example_dags/example_branch_python_dop_operator_3.py
[2023-03-21T16:52:55.112+0000] {processor.py:753} INFO - DAG(s) dict_keys(['example_branch_dop_operator_v3']) retrieved from /home/airflow/.local/lib/python3.7/site-packages/airflow/example_dags/example_branch_python_dop_operator_3.py
[2023-03-21T16:52:55.143+0000] {logging_mixin.py:137} INFO - [2023-03-21T16:52:55.143+0000] {dag.py:2693} INFO - Sync 1 DAGs
[2023-03-21T16:52:55.226+0000] {logging_mixin.py:137} INFO - [2023-03-21T16:52:55.226+0000] {dag.py:3444} INFO - Setting next_dagrun for example_branch_dop_operator_v3 to 2023-03-21T16:51:00+00:00, run_after=2023-03-21T16:52:00+00:00
[2023-03-21T16:52:55.272+0000] {processor.py:175} INFO - Processing /home/airflow/.local/lib/python3.7/site-packages/airflow/example_dags/example_branch_python_dop_operator_3.py took 0.225 seconds
[2023-03-21T16:53:25.501+0000] {processor.py:153} INFO - Started process (PID=97) to work on /home/airflow/.local/lib/python3.7/site-packages/airflow/example_dags/example_branch_python_dop_operator_3.py
[2023-03-21T16:53:25.502+0000] {processor.py:743} INFO - Processing file /home/airflow/.local/lib/python3.7/site-packages/airflow/example_dags/example_branch_python_dop_operator_3.py for tasks to queue
[2023-03-21T16:53:25.503+0000] {logging_mixin.py:137} INFO - [2023-03-21T16:53:25.503+0000] {dagbag.py:532} INFO - Filling up the DagBag from /home/airflow/.local/lib/python3.7/site-packages/airflow/example_dags/example_branch_python_dop_operator_3.py
[2023-03-21T16:53:25.519+0000] {processor.py:753} INFO - DAG(s) dict_keys(['example_branch_dop_operator_v3']) retrieved from /home/airflow/.local/lib/python3.7/site-packages/airflow/example_dags/example_branch_python_dop_operator_3.py
[2023-03-21T16:53:25.540+0000] {logging_mixin.py:137} INFO - [2023-03-21T16:53:25.540+0000] {dag.py:2693} INFO - Sync 1 DAGs
[2023-03-21T16:53:25.564+0000] {logging_mixin.py:137} INFO - [2023-03-21T16:53:25.564+0000] {dag.py:3444} INFO - Setting next_dagrun for example_branch_dop_operator_v3 to 2023-03-21T16:52:00+00:00, run_after=2023-03-21T16:53:00+00:00
[2023-03-21T16:53:25.576+0000] {processor.py:175} INFO - Processing /home/airflow/.local/lib/python3.7/site-packages/airflow/example_dags/example_branch_python_dop_operator_3.py took 0.078 seconds
[2023-03-21T16:53:58.175+0000] {processor.py:153} INFO - Started process (PID=151) to work on /home/airflow/.local/lib/python3.7/site-packages/airflow/example_dags/example_branch_python_dop_operator_3.py
[2023-03-21T16:53:58.182+0000] {processor.py:743} INFO - Processing file /home/airflow/.local/lib/python3.7/site-packages/airflow/example_dags/example_branch_python_dop_operator_3.py for tasks to queue
[2023-03-21T16:53:58.183+0000] {logging_mixin.py:137} INFO - [2023-03-21T16:53:58.183+0000] {dagbag.py:532} INFO - Filling up the DagBag from /home/airflow/.local/lib/python3.7/site-packages/airflow/example_dags/example_branch_python_dop_operator_3.py
[2023-03-21T16:53:58.245+0000] {processor.py:753} INFO - DAG(s) dict_keys(['example_branch_dop_operator_v3']) retrieved from /home/airflow/.local/lib/python3.7/site-packages/airflow/example_dags/example_branch_python_dop_operator_3.py
[2023-03-21T16:53:58.283+0000] {logging_mixin.py:137} INFO - [2023-03-21T16:53:58.283+0000] {dag.py:2693} INFO - Sync 1 DAGs
[2023-03-21T16:53:58.327+0000] {logging_mixin.py:137} INFO - [2023-03-21T16:53:58.327+0000] {dag.py:3444} INFO - Setting next_dagrun for example_branch_dop_operator_v3 to 2023-03-21T16:52:00+00:00, run_after=2023-03-21T16:53:00+00:00
[2023-03-21T16:53:58.353+0000] {processor.py:175} INFO - Processing /home/airflow/.local/lib/python3.7/site-packages/airflow/example_dags/example_branch_python_dop_operator_3.py took 0.183 seconds
[2023-03-21T16:54:30.762+0000] {processor.py:153} INFO - Started process (PID=201) to work on /home/airflow/.local/lib/python3.7/site-packages/airflow/example_dags/example_branch_python_dop_operator_3.py
[2023-03-21T16:54:30.766+0000] {processor.py:743} INFO - Processing file /home/airflow/.local/lib/python3.7/site-packages/airflow/example_dags/example_branch_python_dop_operator_3.py for tasks to queue
[2023-03-21T16:54:30.770+0000] {logging_mixin.py:137} INFO - [2023-03-21T16:54:30.769+0000] {dagbag.py:532} INFO - Filling up the DagBag from /home/airflow/.local/lib/python3.7/site-packages/airflow/example_dags/example_branch_python_dop_operator_3.py
[2023-03-21T16:54:30.902+0000] {processor.py:753} INFO - DAG(s) dict_keys(['example_branch_dop_operator_v3']) retrieved from /home/airflow/.local/lib/python3.7/site-packages/airflow/example_dags/example_branch_python_dop_operator_3.py
[2023-03-21T16:54:31.008+0000] {logging_mixin.py:137} INFO - [2023-03-21T16:54:30.999+0000] {dag.py:2693} INFO - Sync 1 DAGs
[2023-03-21T16:54:31.092+0000] {logging_mixin.py:137} INFO - [2023-03-21T16:54:31.092+0000] {dag.py:3444} INFO - Setting next_dagrun for example_branch_dop_operator_v3 to 2023-03-21T16:53:00+00:00, run_after=2023-03-21T16:54:00+00:00
[2023-03-21T16:54:31.152+0000] {processor.py:175} INFO - Processing /home/airflow/.local/lib/python3.7/site-packages/airflow/example_dags/example_branch_python_dop_operator_3.py took 0.419 seconds
[2023-03-21T16:55:01.417+0000] {processor.py:153} INFO - Started process (PID=250) to work on /home/airflow/.local/lib/python3.7/site-packages/airflow/example_dags/example_branch_python_dop_operator_3.py
[2023-03-21T16:55:01.419+0000] {processor.py:743} INFO - Processing file /home/airflow/.local/lib/python3.7/site-packages/airflow/example_dags/example_branch_python_dop_operator_3.py for tasks to queue
[2023-03-21T16:55:01.421+0000] {logging_mixin.py:137} INFO - [2023-03-21T16:55:01.420+0000] {dagbag.py:532} INFO - Filling up the DagBag from /home/airflow/.local/lib/python3.7/site-packages/airflow/example_dags/example_branch_python_dop_operator_3.py
[2023-03-21T16:55:01.452+0000] {processor.py:753} INFO - DAG(s) dict_keys(['example_branch_dop_operator_v3']) retrieved from /home/airflow/.local/lib/python3.7/site-packages/airflow/example_dags/example_branch_python_dop_operator_3.py
[2023-03-21T16:55:01.495+0000] {logging_mixin.py:137} INFO - [2023-03-21T16:55:01.495+0000] {dag.py:2693} INFO - Sync 1 DAGs
[2023-03-21T16:55:01.519+0000] {logging_mixin.py:137} INFO - [2023-03-21T16:55:01.519+0000] {dag.py:3444} INFO - Setting next_dagrun for example_branch_dop_operator_v3 to 2023-03-21T16:54:00+00:00, run_after=2023-03-21T16:55:00+00:00
[2023-03-21T16:55:01.536+0000] {processor.py:175} INFO - Processing /home/airflow/.local/lib/python3.7/site-packages/airflow/example_dags/example_branch_python_dop_operator_3.py took 0.122 seconds
[2023-03-21T16:55:32.358+0000] {processor.py:153} INFO - Started process (PID=300) to work on /home/airflow/.local/lib/python3.7/site-packages/airflow/example_dags/example_branch_python_dop_operator_3.py
[2023-03-21T16:55:32.362+0000] {processor.py:743} INFO - Processing file /home/airflow/.local/lib/python3.7/site-packages/airflow/example_dags/example_branch_python_dop_operator_3.py for tasks to queue
[2023-03-21T16:55:32.371+0000] {logging_mixin.py:137} INFO - [2023-03-21T16:55:32.369+0000] {dagbag.py:532} INFO - Filling up the DagBag from /home/airflow/.local/lib/python3.7/site-packages/airflow/example_dags/example_branch_python_dop_operator_3.py
[2023-03-21T16:55:32.417+0000] {processor.py:753} INFO - DAG(s) dict_keys(['example_branch_dop_operator_v3']) retrieved from /home/airflow/.local/lib/python3.7/site-packages/airflow/example_dags/example_branch_python_dop_operator_3.py
[2023-03-21T16:55:32.455+0000] {logging_mixin.py:137} INFO - [2023-03-21T16:55:32.455+0000] {dag.py:2693} INFO - Sync 1 DAGs
[2023-03-21T16:55:32.500+0000] {logging_mixin.py:137} INFO - [2023-03-21T16:55:32.499+0000] {dag.py:3444} INFO - Setting next_dagrun for example_branch_dop_operator_v3 to 2023-03-21T16:54:00+00:00, run_after=2023-03-21T16:55:00+00:00
[2023-03-21T16:55:32.536+0000] {processor.py:175} INFO - Processing /home/airflow/.local/lib/python3.7/site-packages/airflow/example_dags/example_branch_python_dop_operator_3.py took 0.181 seconds
[2023-03-21T16:56:03.513+0000] {processor.py:153} INFO - Started process (PID=350) to work on /home/airflow/.local/lib/python3.7/site-packages/airflow/example_dags/example_branch_python_dop_operator_3.py
[2023-03-21T16:56:03.516+0000] {processor.py:743} INFO - Processing file /home/airflow/.local/lib/python3.7/site-packages/airflow/example_dags/example_branch_python_dop_operator_3.py for tasks to queue
[2023-03-21T16:56:03.517+0000] {logging_mixin.py:137} INFO - [2023-03-21T16:56:03.517+0000] {dagbag.py:532} INFO - Filling up the DagBag from /home/airflow/.local/lib/python3.7/site-packages/airflow/example_dags/example_branch_python_dop_operator_3.py
[2023-03-21T16:56:03.546+0000] {processor.py:753} INFO - DAG(s) dict_keys(['example_branch_dop_operator_v3']) retrieved from /home/airflow/.local/lib/python3.7/site-packages/airflow/example_dags/example_branch_python_dop_operator_3.py
[2023-03-21T16:56:03.572+0000] {logging_mixin.py:137} INFO - [2023-03-21T16:56:03.572+0000] {dag.py:2693} INFO - Sync 1 DAGs
[2023-03-21T16:56:03.595+0000] {logging_mixin.py:137} INFO - [2023-03-21T16:56:03.595+0000] {dag.py:3444} INFO - Setting next_dagrun for example_branch_dop_operator_v3 to 2023-03-21T16:55:00+00:00, run_after=2023-03-21T16:56:00+00:00
[2023-03-21T16:56:03.611+0000] {processor.py:175} INFO - Processing /home/airflow/.local/lib/python3.7/site-packages/airflow/example_dags/example_branch_python_dop_operator_3.py took 0.106 seconds
[2023-03-21T16:56:34.425+0000] {processor.py:153} INFO - Started process (PID=401) to work on /home/airflow/.local/lib/python3.7/site-packages/airflow/example_dags/example_branch_python_dop_operator_3.py
[2023-03-21T16:56:34.428+0000] {processor.py:743} INFO - Processing file /home/airflow/.local/lib/python3.7/site-packages/airflow/example_dags/example_branch_python_dop_operator_3.py for tasks to queue
[2023-03-21T16:56:34.428+0000] {logging_mixin.py:137} INFO - [2023-03-21T16:56:34.428+0000] {dagbag.py:532} INFO - Filling up the DagBag from /home/airflow/.local/lib/python3.7/site-packages/airflow/example_dags/example_branch_python_dop_operator_3.py
[2023-03-21T16:56:34.458+0000] {processor.py:753} INFO - DAG(s) dict_keys(['example_branch_dop_operator_v3']) retrieved from /home/airflow/.local/lib/python3.7/site-packages/airflow/example_dags/example_branch_python_dop_operator_3.py
[2023-03-21T16:56:34.485+0000] {logging_mixin.py:137} INFO - [2023-03-21T16:56:34.485+0000] {dag.py:2693} INFO - Sync 1 DAGs
[2023-03-21T16:56:34.505+0000] {logging_mixin.py:137} INFO - [2023-03-21T16:56:34.505+0000] {dag.py:3444} INFO - Setting next_dagrun for example_branch_dop_operator_v3 to 2023-03-21T16:55:00+00:00, run_after=2023-03-21T16:56:00+00:00
[2023-03-21T16:56:34.519+0000] {processor.py:175} INFO - Processing /home/airflow/.local/lib/python3.7/site-packages/airflow/example_dags/example_branch_python_dop_operator_3.py took 0.101 seconds
[2023-03-21T16:57:05.005+0000] {processor.py:153} INFO - Started process (PID=452) to work on /home/airflow/.local/lib/python3.7/site-packages/airflow/example_dags/example_branch_python_dop_operator_3.py
[2023-03-21T16:57:05.009+0000] {processor.py:743} INFO - Processing file /home/airflow/.local/lib/python3.7/site-packages/airflow/example_dags/example_branch_python_dop_operator_3.py for tasks to queue
[2023-03-21T16:57:05.012+0000] {logging_mixin.py:137} INFO - [2023-03-21T16:57:05.012+0000] {dagbag.py:532} INFO - Filling up the DagBag from /home/airflow/.local/lib/python3.7/site-packages/airflow/example_dags/example_branch_python_dop_operator_3.py
[2023-03-21T16:57:05.089+0000] {processor.py:753} INFO - DAG(s) dict_keys(['example_branch_dop_operator_v3']) retrieved from /home/airflow/.local/lib/python3.7/site-packages/airflow/example_dags/example_branch_python_dop_operator_3.py
[2023-03-21T16:57:05.176+0000] {logging_mixin.py:137} INFO - [2023-03-21T16:57:05.176+0000] {dag.py:2693} INFO - Sync 1 DAGs
[2023-03-21T16:57:05.217+0000] {logging_mixin.py:137} INFO - [2023-03-21T16:57:05.216+0000] {dag.py:3444} INFO - Setting next_dagrun for example_branch_dop_operator_v3 to 2023-03-21T16:56:00+00:00, run_after=2023-03-21T16:57:00+00:00
[2023-03-21T16:57:05.240+0000] {processor.py:175} INFO - Processing /home/airflow/.local/lib/python3.7/site-packages/airflow/example_dags/example_branch_python_dop_operator_3.py took 0.261 seconds
[2023-03-21T16:57:36.120+0000] {processor.py:153} INFO - Started process (PID=502) to work on /home/airflow/.local/lib/python3.7/site-packages/airflow/example_dags/example_branch_python_dop_operator_3.py
[2023-03-21T16:57:36.122+0000] {processor.py:743} INFO - Processing file /home/airflow/.local/lib/python3.7/site-packages/airflow/example_dags/example_branch_python_dop_operator_3.py for tasks to queue
[2023-03-21T16:57:36.123+0000] {logging_mixin.py:137} INFO - [2023-03-21T16:57:36.123+0000] {dagbag.py:532} INFO - Filling up the DagBag from /home/airflow/.local/lib/python3.7/site-packages/airflow/example_dags/example_branch_python_dop_operator_3.py
[2023-03-21T16:57:36.141+0000] {processor.py:753} INFO - DAG(s) dict_keys(['example_branch_dop_operator_v3']) retrieved from /home/airflow/.local/lib/python3.7/site-packages/airflow/example_dags/example_branch_python_dop_operator_3.py
[2023-03-21T16:57:36.165+0000] {logging_mixin.py:137} INFO - [2023-03-21T16:57:36.165+0000] {dag.py:2693} INFO - Sync 1 DAGs
[2023-03-21T16:57:36.187+0000] {logging_mixin.py:137} INFO - [2023-03-21T16:57:36.187+0000] {dag.py:3444} INFO - Setting next_dagrun for example_branch_dop_operator_v3 to 2023-03-21T16:56:00+00:00, run_after=2023-03-21T16:57:00+00:00
[2023-03-21T16:57:36.200+0000] {processor.py:175} INFO - Processing /home/airflow/.local/lib/python3.7/site-packages/airflow/example_dags/example_branch_python_dop_operator_3.py took 0.084 seconds
[2023-03-21T16:58:06.730+0000] {processor.py:153} INFO - Started process (PID=552) to work on /home/airflow/.local/lib/python3.7/site-packages/airflow/example_dags/example_branch_python_dop_operator_3.py
[2023-03-21T16:58:06.732+0000] {processor.py:743} INFO - Processing file /home/airflow/.local/lib/python3.7/site-packages/airflow/example_dags/example_branch_python_dop_operator_3.py for tasks to queue
[2023-03-21T16:58:06.733+0000] {logging_mixin.py:137} INFO - [2023-03-21T16:58:06.733+0000] {dagbag.py:532} INFO - Filling up the DagBag from /home/airflow/.local/lib/python3.7/site-packages/airflow/example_dags/example_branch_python_dop_operator_3.py
[2023-03-21T16:58:06.751+0000] {processor.py:753} INFO - DAG(s) dict_keys(['example_branch_dop_operator_v3']) retrieved from /home/airflow/.local/lib/python3.7/site-packages/airflow/example_dags/example_branch_python_dop_operator_3.py
[2023-03-21T16:58:06.774+0000] {logging_mixin.py:137} INFO - [2023-03-21T16:58:06.774+0000] {dag.py:2693} INFO - Sync 1 DAGs
[2023-03-21T16:58:06.793+0000] {logging_mixin.py:137} INFO - [2023-03-21T16:58:06.793+0000] {dag.py:3444} INFO - Setting next_dagrun for example_branch_dop_operator_v3 to 2023-03-21T16:57:00+00:00, run_after=2023-03-21T16:58:00+00:00
[2023-03-21T16:58:06.805+0000] {processor.py:175} INFO - Processing /home/airflow/.local/lib/python3.7/site-packages/airflow/example_dags/example_branch_python_dop_operator_3.py took 0.081 seconds
[2023-03-21T16:58:37.342+0000] {processor.py:153} INFO - Started process (PID=602) to work on /home/airflow/.local/lib/python3.7/site-packages/airflow/example_dags/example_branch_python_dop_operator_3.py
[2023-03-21T16:58:37.345+0000] {processor.py:743} INFO - Processing file /home/airflow/.local/lib/python3.7/site-packages/airflow/example_dags/example_branch_python_dop_operator_3.py for tasks to queue
[2023-03-21T16:58:37.347+0000] {logging_mixin.py:137} INFO - [2023-03-21T16:58:37.347+0000] {dagbag.py:532} INFO - Filling up the DagBag from /home/airflow/.local/lib/python3.7/site-packages/airflow/example_dags/example_branch_python_dop_operator_3.py
[2023-03-21T16:58:37.384+0000] {processor.py:753} INFO - DAG(s) dict_keys(['example_branch_dop_operator_v3']) retrieved from /home/airflow/.local/lib/python3.7/site-packages/airflow/example_dags/example_branch_python_dop_operator_3.py
[2023-03-21T16:58:37.456+0000] {logging_mixin.py:137} INFO - [2023-03-21T16:58:37.456+0000] {dag.py:2693} INFO - Sync 1 DAGs
[2023-03-21T16:58:37.488+0000] {logging_mixin.py:137} INFO - [2023-03-21T16:58:37.488+0000] {dag.py:3444} INFO - Setting next_dagrun for example_branch_dop_operator_v3 to 2023-03-21T16:57:00+00:00, run_after=2023-03-21T16:58:00+00:00
[2023-03-21T16:58:37.509+0000] {processor.py:175} INFO - Processing /home/airflow/.local/lib/python3.7/site-packages/airflow/example_dags/example_branch_python_dop_operator_3.py took 0.173 seconds
[2023-03-21T16:59:08.093+0000] {processor.py:153} INFO - Started process (PID=652) to work on /home/airflow/.local/lib/python3.7/site-packages/airflow/example_dags/example_branch_python_dop_operator_3.py
[2023-03-21T16:59:08.097+0000] {processor.py:743} INFO - Processing file /home/airflow/.local/lib/python3.7/site-packages/airflow/example_dags/example_branch_python_dop_operator_3.py for tasks to queue
[2023-03-21T16:59:08.098+0000] {logging_mixin.py:137} INFO - [2023-03-21T16:59:08.098+0000] {dagbag.py:532} INFO - Filling up the DagBag from /home/airflow/.local/lib/python3.7/site-packages/airflow/example_dags/example_branch_python_dop_operator_3.py
[2023-03-21T16:59:08.127+0000] {processor.py:753} INFO - DAG(s) dict_keys(['example_branch_dop_operator_v3']) retrieved from /home/airflow/.local/lib/python3.7/site-packages/airflow/example_dags/example_branch_python_dop_operator_3.py
[2023-03-21T16:59:08.150+0000] {logging_mixin.py:137} INFO - [2023-03-21T16:59:08.150+0000] {dag.py:2693} INFO - Sync 1 DAGs
[2023-03-21T16:59:08.172+0000] {logging_mixin.py:137} INFO - [2023-03-21T16:59:08.172+0000] {dag.py:3444} INFO - Setting next_dagrun for example_branch_dop_operator_v3 to 2023-03-21T16:58:00+00:00, run_after=2023-03-21T16:59:00+00:00
[2023-03-21T16:59:08.186+0000] {processor.py:175} INFO - Processing /home/airflow/.local/lib/python3.7/site-packages/airflow/example_dags/example_branch_python_dop_operator_3.py took 0.102 seconds
[2023-03-21T16:59:39.050+0000] {processor.py:153} INFO - Started process (PID=702) to work on /home/airflow/.local/lib/python3.7/site-packages/airflow/example_dags/example_branch_python_dop_operator_3.py
[2023-03-21T16:59:39.053+0000] {processor.py:743} INFO - Processing file /home/airflow/.local/lib/python3.7/site-packages/airflow/example_dags/example_branch_python_dop_operator_3.py for tasks to queue
[2023-03-21T16:59:39.055+0000] {logging_mixin.py:137} INFO - [2023-03-21T16:59:39.055+0000] {dagbag.py:532} INFO - Filling up the DagBag from /home/airflow/.local/lib/python3.7/site-packages/airflow/example_dags/example_branch_python_dop_operator_3.py
[2023-03-21T16:59:39.082+0000] {processor.py:753} INFO - DAG(s) dict_keys(['example_branch_dop_operator_v3']) retrieved from /home/airflow/.local/lib/python3.7/site-packages/airflow/example_dags/example_branch_python_dop_operator_3.py
[2023-03-21T16:59:39.106+0000] {logging_mixin.py:137} INFO - [2023-03-21T16:59:39.106+0000] {dag.py:2693} INFO - Sync 1 DAGs
[2023-03-21T16:59:39.128+0000] {logging_mixin.py:137} INFO - [2023-03-21T16:59:39.128+0000] {dag.py:3444} INFO - Setting next_dagrun for example_branch_dop_operator_v3 to 2023-03-21T16:58:00+00:00, run_after=2023-03-21T16:59:00+00:00
[2023-03-21T16:59:39.140+0000] {processor.py:175} INFO - Processing /home/airflow/.local/lib/python3.7/site-packages/airflow/example_dags/example_branch_python_dop_operator_3.py took 0.097 seconds
[2023-03-21T17:00:09.891+0000] {processor.py:153} INFO - Started process (PID=752) to work on /home/airflow/.local/lib/python3.7/site-packages/airflow/example_dags/example_branch_python_dop_operator_3.py
[2023-03-21T17:00:09.894+0000] {processor.py:743} INFO - Processing file /home/airflow/.local/lib/python3.7/site-packages/airflow/example_dags/example_branch_python_dop_operator_3.py for tasks to queue
[2023-03-21T17:00:09.895+0000] {logging_mixin.py:137} INFO - [2023-03-21T17:00:09.895+0000] {dagbag.py:532} INFO - Filling up the DagBag from /home/airflow/.local/lib/python3.7/site-packages/airflow/example_dags/example_branch_python_dop_operator_3.py
[2023-03-21T17:00:09.923+0000] {processor.py:753} INFO - DAG(s) dict_keys(['example_branch_dop_operator_v3']) retrieved from /home/airflow/.local/lib/python3.7/site-packages/airflow/example_dags/example_branch_python_dop_operator_3.py
[2023-03-21T17:00:09.962+0000] {logging_mixin.py:137} INFO - [2023-03-21T17:00:09.961+0000] {dag.py:2693} INFO - Sync 1 DAGs
[2023-03-21T17:00:09.992+0000] {logging_mixin.py:137} INFO - [2023-03-21T17:00:09.992+0000] {dag.py:3444} INFO - Setting next_dagrun for example_branch_dop_operator_v3 to 2023-03-21T16:59:00+00:00, run_after=2023-03-21T17:00:00+00:00
[2023-03-21T17:00:10.010+0000] {processor.py:175} INFO - Processing /home/airflow/.local/lib/python3.7/site-packages/airflow/example_dags/example_branch_python_dop_operator_3.py took 0.125 seconds
[2023-03-21T17:00:40.897+0000] {processor.py:153} INFO - Started process (PID=802) to work on /home/airflow/.local/lib/python3.7/site-packages/airflow/example_dags/example_branch_python_dop_operator_3.py
[2023-03-21T17:00:40.899+0000] {processor.py:743} INFO - Processing file /home/airflow/.local/lib/python3.7/site-packages/airflow/example_dags/example_branch_python_dop_operator_3.py for tasks to queue
[2023-03-21T17:00:40.902+0000] {logging_mixin.py:137} INFO - [2023-03-21T17:00:40.902+0000] {dagbag.py:532} INFO - Filling up the DagBag from /home/airflow/.local/lib/python3.7/site-packages/airflow/example_dags/example_branch_python_dop_operator_3.py
[2023-03-21T17:00:40.934+0000] {processor.py:753} INFO - DAG(s) dict_keys(['example_branch_dop_operator_v3']) retrieved from /home/airflow/.local/lib/python3.7/site-packages/airflow/example_dags/example_branch_python_dop_operator_3.py
[2023-03-21T17:00:40.962+0000] {logging_mixin.py:137} INFO - [2023-03-21T17:00:40.962+0000] {dag.py:2693} INFO - Sync 1 DAGs
[2023-03-21T17:00:40.983+0000] {logging_mixin.py:137} INFO - [2023-03-21T17:00:40.983+0000] {dag.py:3444} INFO - Setting next_dagrun for example_branch_dop_operator_v3 to 2023-03-21T16:59:00+00:00, run_after=2023-03-21T17:00:00+00:00
[2023-03-21T17:00:40.995+0000] {processor.py:175} INFO - Processing /home/airflow/.local/lib/python3.7/site-packages/airflow/example_dags/example_branch_python_dop_operator_3.py took 0.105 seconds
[2023-03-21T17:01:11.708+0000] {processor.py:153} INFO - Started process (PID=852) to work on /home/airflow/.local/lib/python3.7/site-packages/airflow/example_dags/example_branch_python_dop_operator_3.py
[2023-03-21T17:01:11.710+0000] {processor.py:743} INFO - Processing file /home/airflow/.local/lib/python3.7/site-packages/airflow/example_dags/example_branch_python_dop_operator_3.py for tasks to queue
[2023-03-21T17:01:11.712+0000] {logging_mixin.py:137} INFO - [2023-03-21T17:01:11.711+0000] {dagbag.py:532} INFO - Filling up the DagBag from /home/airflow/.local/lib/python3.7/site-packages/airflow/example_dags/example_branch_python_dop_operator_3.py
[2023-03-21T17:01:11.737+0000] {processor.py:753} INFO - DAG(s) dict_keys(['example_branch_dop_operator_v3']) retrieved from /home/airflow/.local/lib/python3.7/site-packages/airflow/example_dags/example_branch_python_dop_operator_3.py
[2023-03-21T17:01:11.762+0000] {logging_mixin.py:137} INFO - [2023-03-21T17:01:11.762+0000] {dag.py:2693} INFO - Sync 1 DAGs
[2023-03-21T17:01:11.784+0000] {logging_mixin.py:137} INFO - [2023-03-21T17:01:11.784+0000] {dag.py:3444} INFO - Setting next_dagrun for example_branch_dop_operator_v3 to 2023-03-21T17:00:00+00:00, run_after=2023-03-21T17:01:00+00:00
[2023-03-21T17:01:11.802+0000] {processor.py:175} INFO - Processing /home/airflow/.local/lib/python3.7/site-packages/airflow/example_dags/example_branch_python_dop_operator_3.py took 0.102 seconds
[2023-03-21T17:01:42.340+0000] {processor.py:153} INFO - Started process (PID=902) to work on /home/airflow/.local/lib/python3.7/site-packages/airflow/example_dags/example_branch_python_dop_operator_3.py
[2023-03-21T17:01:42.343+0000] {processor.py:743} INFO - Processing file /home/airflow/.local/lib/python3.7/site-packages/airflow/example_dags/example_branch_python_dop_operator_3.py for tasks to queue
[2023-03-21T17:01:42.344+0000] {logging_mixin.py:137} INFO - [2023-03-21T17:01:42.344+0000] {dagbag.py:532} INFO - Filling up the DagBag from /home/airflow/.local/lib/python3.7/site-packages/airflow/example_dags/example_branch_python_dop_operator_3.py
[2023-03-21T17:01:42.372+0000] {processor.py:753} INFO - DAG(s) dict_keys(['example_branch_dop_operator_v3']) retrieved from /home/airflow/.local/lib/python3.7/site-packages/airflow/example_dags/example_branch_python_dop_operator_3.py
[2023-03-21T17:01:42.394+0000] {logging_mixin.py:137} INFO - [2023-03-21T17:01:42.394+0000] {dag.py:2693} INFO - Sync 1 DAGs
[2023-03-21T17:01:42.413+0000] {logging_mixin.py:137} INFO - [2023-03-21T17:01:42.413+0000] {dag.py:3444} INFO - Setting next_dagrun for example_branch_dop_operator_v3 to 2023-03-21T17:00:00+00:00, run_after=2023-03-21T17:01:00+00:00
[2023-03-21T17:01:42.424+0000] {processor.py:175} INFO - Processing /home/airflow/.local/lib/python3.7/site-packages/airflow/example_dags/example_branch_python_dop_operator_3.py took 0.091 seconds
[2023-03-21T17:02:12.990+0000] {processor.py:153} INFO - Started process (PID=952) to work on /home/airflow/.local/lib/python3.7/site-packages/airflow/example_dags/example_branch_python_dop_operator_3.py
[2023-03-21T17:02:12.993+0000] {processor.py:743} INFO - Processing file /home/airflow/.local/lib/python3.7/site-packages/airflow/example_dags/example_branch_python_dop_operator_3.py for tasks to queue
[2023-03-21T17:02:12.994+0000] {logging_mixin.py:137} INFO - [2023-03-21T17:02:12.994+0000] {dagbag.py:532} INFO - Filling up the DagBag from /home/airflow/.local/lib/python3.7/site-packages/airflow/example_dags/example_branch_python_dop_operator_3.py
[2023-03-21T17:02:13.013+0000] {processor.py:753} INFO - DAG(s) dict_keys(['example_branch_dop_operator_v3']) retrieved from /home/airflow/.local/lib/python3.7/site-packages/airflow/example_dags/example_branch_python_dop_operator_3.py
[2023-03-21T17:02:13.038+0000] {logging_mixin.py:137} INFO - [2023-03-21T17:02:13.038+0000] {dag.py:2693} INFO - Sync 1 DAGs
[2023-03-21T17:02:13.061+0000] {logging_mixin.py:137} INFO - [2023-03-21T17:02:13.061+0000] {dag.py:3444} INFO - Setting next_dagrun for example_branch_dop_operator_v3 to 2023-03-21T17:01:00+00:00, run_after=2023-03-21T17:02:00+00:00
[2023-03-21T17:02:13.073+0000] {processor.py:175} INFO - Processing /home/airflow/.local/lib/python3.7/site-packages/airflow/example_dags/example_branch_python_dop_operator_3.py took 0.087 seconds
[2023-03-21T17:02:43.682+0000] {processor.py:153} INFO - Started process (PID=1002) to work on /home/airflow/.local/lib/python3.7/site-packages/airflow/example_dags/example_branch_python_dop_operator_3.py
[2023-03-21T17:02:43.684+0000] {processor.py:743} INFO - Processing file /home/airflow/.local/lib/python3.7/site-packages/airflow/example_dags/example_branch_python_dop_operator_3.py for tasks to queue
[2023-03-21T17:02:43.686+0000] {logging_mixin.py:137} INFO - [2023-03-21T17:02:43.686+0000] {dagbag.py:532} INFO - Filling up the DagBag from /home/airflow/.local/lib/python3.7/site-packages/airflow/example_dags/example_branch_python_dop_operator_3.py
[2023-03-21T17:02:43.728+0000] {processor.py:753} INFO - DAG(s) dict_keys(['example_branch_dop_operator_v3']) retrieved from /home/airflow/.local/lib/python3.7/site-packages/airflow/example_dags/example_branch_python_dop_operator_3.py
[2023-03-21T17:02:43.767+0000] {logging_mixin.py:137} INFO - [2023-03-21T17:02:43.767+0000] {dag.py:2693} INFO - Sync 1 DAGs
[2023-03-21T17:02:43.845+0000] {logging_mixin.py:137} INFO - [2023-03-21T17:02:43.845+0000] {dag.py:3444} INFO - Setting next_dagrun for example_branch_dop_operator_v3 to 2023-03-21T17:01:00+00:00, run_after=2023-03-21T17:02:00+00:00
[2023-03-21T17:02:43.911+0000] {processor.py:175} INFO - Processing /home/airflow/.local/lib/python3.7/site-packages/airflow/example_dags/example_branch_python_dop_operator_3.py took 0.245 seconds
[2023-03-21T17:03:14.111+0000] {processor.py:153} INFO - Started process (PID=1052) to work on /home/airflow/.local/lib/python3.7/site-packages/airflow/example_dags/example_branch_python_dop_operator_3.py
[2023-03-21T17:03:14.113+0000] {processor.py:743} INFO - Processing file /home/airflow/.local/lib/python3.7/site-packages/airflow/example_dags/example_branch_python_dop_operator_3.py for tasks to queue
[2023-03-21T17:03:14.114+0000] {logging_mixin.py:137} INFO - [2023-03-21T17:03:14.114+0000] {dagbag.py:532} INFO - Filling up the DagBag from /home/airflow/.local/lib/python3.7/site-packages/airflow/example_dags/example_branch_python_dop_operator_3.py
[2023-03-21T17:03:14.144+0000] {processor.py:753} INFO - DAG(s) dict_keys(['example_branch_dop_operator_v3']) retrieved from /home/airflow/.local/lib/python3.7/site-packages/airflow/example_dags/example_branch_python_dop_operator_3.py
[2023-03-21T17:03:14.169+0000] {logging_mixin.py:137} INFO - [2023-03-21T17:03:14.169+0000] {dag.py:2693} INFO - Sync 1 DAGs
[2023-03-21T17:03:14.190+0000] {logging_mixin.py:137} INFO - [2023-03-21T17:03:14.190+0000] {dag.py:3444} INFO - Setting next_dagrun for example_branch_dop_operator_v3 to 2023-03-21T17:02:00+00:00, run_after=2023-03-21T17:03:00+00:00
[2023-03-21T17:03:14.203+0000] {processor.py:175} INFO - Processing /home/airflow/.local/lib/python3.7/site-packages/airflow/example_dags/example_branch_python_dop_operator_3.py took 0.098 seconds
[2023-03-21T17:03:44.678+0000] {processor.py:153} INFO - Started process (PID=1102) to work on /home/airflow/.local/lib/python3.7/site-packages/airflow/example_dags/example_branch_python_dop_operator_3.py
[2023-03-21T17:03:44.681+0000] {processor.py:743} INFO - Processing file /home/airflow/.local/lib/python3.7/site-packages/airflow/example_dags/example_branch_python_dop_operator_3.py for tasks to queue
[2023-03-21T17:03:44.682+0000] {logging_mixin.py:137} INFO - [2023-03-21T17:03:44.682+0000] {dagbag.py:532} INFO - Filling up the DagBag from /home/airflow/.local/lib/python3.7/site-packages/airflow/example_dags/example_branch_python_dop_operator_3.py
[2023-03-21T17:03:44.721+0000] {processor.py:753} INFO - DAG(s) dict_keys(['example_branch_dop_operator_v3']) retrieved from /home/airflow/.local/lib/python3.7/site-packages/airflow/example_dags/example_branch_python_dop_operator_3.py
[2023-03-21T17:03:44.764+0000] {logging_mixin.py:137} INFO - [2023-03-21T17:03:44.764+0000] {dag.py:2693} INFO - Sync 1 DAGs
[2023-03-21T17:03:44.804+0000] {logging_mixin.py:137} INFO - [2023-03-21T17:03:44.804+0000] {dag.py:3444} INFO - Setting next_dagrun for example_branch_dop_operator_v3 to 2023-03-21T17:02:00+00:00, run_after=2023-03-21T17:03:00+00:00
[2023-03-21T17:03:44.820+0000] {processor.py:175} INFO - Processing /home/airflow/.local/lib/python3.7/site-packages/airflow/example_dags/example_branch_python_dop_operator_3.py took 0.152 seconds
[2023-03-21T17:04:15.782+0000] {processor.py:153} INFO - Started process (PID=1151) to work on /home/airflow/.local/lib/python3.7/site-packages/airflow/example_dags/example_branch_python_dop_operator_3.py
[2023-03-21T17:04:15.785+0000] {processor.py:743} INFO - Processing file /home/airflow/.local/lib/python3.7/site-packages/airflow/example_dags/example_branch_python_dop_operator_3.py for tasks to queue
[2023-03-21T17:04:15.787+0000] {logging_mixin.py:137} INFO - [2023-03-21T17:04:15.787+0000] {dagbag.py:532} INFO - Filling up the DagBag from /home/airflow/.local/lib/python3.7/site-packages/airflow/example_dags/example_branch_python_dop_operator_3.py
[2023-03-21T17:04:15.811+0000] {processor.py:753} INFO - DAG(s) dict_keys(['example_branch_dop_operator_v3']) retrieved from /home/airflow/.local/lib/python3.7/site-packages/airflow/example_dags/example_branch_python_dop_operator_3.py
[2023-03-21T17:04:15.836+0000] {logging_mixin.py:137} INFO - [2023-03-21T17:04:15.836+0000] {dag.py:2693} INFO - Sync 1 DAGs
[2023-03-21T17:04:15.857+0000] {logging_mixin.py:137} INFO - [2023-03-21T17:04:15.857+0000] {dag.py:3444} INFO - Setting next_dagrun for example_branch_dop_operator_v3 to 2023-03-21T17:03:00+00:00, run_after=2023-03-21T17:04:00+00:00
[2023-03-21T17:04:15.873+0000] {processor.py:175} INFO - Processing /home/airflow/.local/lib/python3.7/site-packages/airflow/example_dags/example_branch_python_dop_operator_3.py took 0.096 seconds
[2023-03-21T17:04:46.388+0000] {processor.py:153} INFO - Started process (PID=1201) to work on /home/airflow/.local/lib/python3.7/site-packages/airflow/example_dags/example_branch_python_dop_operator_3.py
[2023-03-21T17:04:46.390+0000] {processor.py:743} INFO - Processing file /home/airflow/.local/lib/python3.7/site-packages/airflow/example_dags/example_branch_python_dop_operator_3.py for tasks to queue
[2023-03-21T17:04:46.392+0000] {logging_mixin.py:137} INFO - [2023-03-21T17:04:46.392+0000] {dagbag.py:532} INFO - Filling up the DagBag from /home/airflow/.local/lib/python3.7/site-packages/airflow/example_dags/example_branch_python_dop_operator_3.py
[2023-03-21T17:04:46.425+0000] {processor.py:753} INFO - DAG(s) dict_keys(['example_branch_dop_operator_v3']) retrieved from /home/airflow/.local/lib/python3.7/site-packages/airflow/example_dags/example_branch_python_dop_operator_3.py
[2023-03-21T17:04:46.452+0000] {logging_mixin.py:137} INFO - [2023-03-21T17:04:46.452+0000] {dag.py:2693} INFO - Sync 1 DAGs
[2023-03-21T17:04:46.474+0000] {logging_mixin.py:137} INFO - [2023-03-21T17:04:46.474+0000] {dag.py:3444} INFO - Setting next_dagrun for example_branch_dop_operator_v3 to 2023-03-21T17:03:00+00:00, run_after=2023-03-21T17:04:00+00:00
[2023-03-21T17:04:46.486+0000] {processor.py:175} INFO - Processing /home/airflow/.local/lib/python3.7/site-packages/airflow/example_dags/example_branch_python_dop_operator_3.py took 0.109 seconds
[2023-03-21T17:05:17.116+0000] {processor.py:153} INFO - Started process (PID=1251) to work on /home/airflow/.local/lib/python3.7/site-packages/airflow/example_dags/example_branch_python_dop_operator_3.py
[2023-03-21T17:05:17.121+0000] {processor.py:743} INFO - Processing file /home/airflow/.local/lib/python3.7/site-packages/airflow/example_dags/example_branch_python_dop_operator_3.py for tasks to queue
[2023-03-21T17:05:17.125+0000] {logging_mixin.py:137} INFO - [2023-03-21T17:05:17.124+0000] {dagbag.py:532} INFO - Filling up the DagBag from /home/airflow/.local/lib/python3.7/site-packages/airflow/example_dags/example_branch_python_dop_operator_3.py
[2023-03-21T17:05:17.215+0000] {processor.py:753} INFO - DAG(s) dict_keys(['example_branch_dop_operator_v3']) retrieved from /home/airflow/.local/lib/python3.7/site-packages/airflow/example_dags/example_branch_python_dop_operator_3.py
[2023-03-21T17:05:17.257+0000] {logging_mixin.py:137} INFO - [2023-03-21T17:05:17.257+0000] {dag.py:2693} INFO - Sync 1 DAGs
[2023-03-21T17:05:17.285+0000] {logging_mixin.py:137} INFO - [2023-03-21T17:05:17.285+0000] {dag.py:3444} INFO - Setting next_dagrun for example_branch_dop_operator_v3 to 2023-03-21T17:04:00+00:00, run_after=2023-03-21T17:05:00+00:00
[2023-03-21T17:05:17.301+0000] {processor.py:175} INFO - Processing /home/airflow/.local/lib/python3.7/site-packages/airflow/example_dags/example_branch_python_dop_operator_3.py took 0.202 seconds
[2023-03-21T17:05:47.947+0000] {processor.py:153} INFO - Started process (PID=1300) to work on /home/airflow/.local/lib/python3.7/site-packages/airflow/example_dags/example_branch_python_dop_operator_3.py
[2023-03-21T17:05:47.951+0000] {processor.py:743} INFO - Processing file /home/airflow/.local/lib/python3.7/site-packages/airflow/example_dags/example_branch_python_dop_operator_3.py for tasks to queue
[2023-03-21T17:05:47.955+0000] {logging_mixin.py:137} INFO - [2023-03-21T17:05:47.954+0000] {dagbag.py:532} INFO - Filling up the DagBag from /home/airflow/.local/lib/python3.7/site-packages/airflow/example_dags/example_branch_python_dop_operator_3.py
[2023-03-21T17:05:48.003+0000] {processor.py:753} INFO - DAG(s) dict_keys(['example_branch_dop_operator_v3']) retrieved from /home/airflow/.local/lib/python3.7/site-packages/airflow/example_dags/example_branch_python_dop_operator_3.py
[2023-03-21T17:05:48.046+0000] {logging_mixin.py:137} INFO - [2023-03-21T17:05:48.046+0000] {dag.py:2693} INFO - Sync 1 DAGs
[2023-03-21T17:05:48.073+0000] {logging_mixin.py:137} INFO - [2023-03-21T17:05:48.073+0000] {dag.py:3444} INFO - Setting next_dagrun for example_branch_dop_operator_v3 to 2023-03-21T17:04:00+00:00, run_after=2023-03-21T17:05:00+00:00
[2023-03-21T17:05:48.089+0000] {processor.py:175} INFO - Processing /home/airflow/.local/lib/python3.7/site-packages/airflow/example_dags/example_branch_python_dop_operator_3.py took 0.151 seconds
[2023-03-21T17:06:18.745+0000] {processor.py:153} INFO - Started process (PID=1350) to work on /home/airflow/.local/lib/python3.7/site-packages/airflow/example_dags/example_branch_python_dop_operator_3.py
[2023-03-21T17:06:18.749+0000] {processor.py:743} INFO - Processing file /home/airflow/.local/lib/python3.7/site-packages/airflow/example_dags/example_branch_python_dop_operator_3.py for tasks to queue
[2023-03-21T17:06:18.751+0000] {logging_mixin.py:137} INFO - [2023-03-21T17:06:18.751+0000] {dagbag.py:532} INFO - Filling up the DagBag from /home/airflow/.local/lib/python3.7/site-packages/airflow/example_dags/example_branch_python_dop_operator_3.py
[2023-03-21T17:06:18.778+0000] {processor.py:753} INFO - DAG(s) dict_keys(['example_branch_dop_operator_v3']) retrieved from /home/airflow/.local/lib/python3.7/site-packages/airflow/example_dags/example_branch_python_dop_operator_3.py
[2023-03-21T17:06:18.806+0000] {logging_mixin.py:137} INFO - [2023-03-21T17:06:18.806+0000] {dag.py:2693} INFO - Sync 1 DAGs
[2023-03-21T17:06:18.826+0000] {logging_mixin.py:137} INFO - [2023-03-21T17:06:18.826+0000] {dag.py:3444} INFO - Setting next_dagrun for example_branch_dop_operator_v3 to 2023-03-21T17:05:00+00:00, run_after=2023-03-21T17:06:00+00:00
[2023-03-21T17:06:18.837+0000] {processor.py:175} INFO - Processing /home/airflow/.local/lib/python3.7/site-packages/airflow/example_dags/example_branch_python_dop_operator_3.py took 0.099 seconds
[2023-03-21T17:06:49.563+0000] {processor.py:153} INFO - Started process (PID=1407) to work on /home/airflow/.local/lib/python3.7/site-packages/airflow/example_dags/example_branch_python_dop_operator_3.py
[2023-03-21T17:06:49.567+0000] {processor.py:743} INFO - Processing file /home/airflow/.local/lib/python3.7/site-packages/airflow/example_dags/example_branch_python_dop_operator_3.py for tasks to queue
[2023-03-21T17:06:49.570+0000] {logging_mixin.py:137} INFO - [2023-03-21T17:06:49.569+0000] {dagbag.py:532} INFO - Filling up the DagBag from /home/airflow/.local/lib/python3.7/site-packages/airflow/example_dags/example_branch_python_dop_operator_3.py
[2023-03-21T17:06:49.632+0000] {processor.py:753} INFO - DAG(s) dict_keys(['example_branch_dop_operator_v3']) retrieved from /home/airflow/.local/lib/python3.7/site-packages/airflow/example_dags/example_branch_python_dop_operator_3.py
[2023-03-21T17:06:49.684+0000] {logging_mixin.py:137} INFO - [2023-03-21T17:06:49.684+0000] {dag.py:2693} INFO - Sync 1 DAGs
[2023-03-21T17:06:49.731+0000] {logging_mixin.py:137} INFO - [2023-03-21T17:06:49.731+0000] {dag.py:3444} INFO - Setting next_dagrun for example_branch_dop_operator_v3 to 2023-03-21T17:05:00+00:00, run_after=2023-03-21T17:06:00+00:00
[2023-03-21T17:06:49.767+0000] {processor.py:175} INFO - Processing /home/airflow/.local/lib/python3.7/site-packages/airflow/example_dags/example_branch_python_dop_operator_3.py took 0.213 seconds
[2023-03-21T17:16:16.643+0000] {processor.py:153} INFO - Started process (PID=48) to work on /home/airflow/.local/lib/python3.7/site-packages/airflow/example_dags/example_branch_python_dop_operator_3.py
[2023-03-21T17:16:16.650+0000] {processor.py:743} INFO - Processing file /home/airflow/.local/lib/python3.7/site-packages/airflow/example_dags/example_branch_python_dop_operator_3.py for tasks to queue
[2023-03-21T17:16:16.653+0000] {logging_mixin.py:137} INFO - [2023-03-21T17:16:16.653+0000] {dagbag.py:532} INFO - Filling up the DagBag from /home/airflow/.local/lib/python3.7/site-packages/airflow/example_dags/example_branch_python_dop_operator_3.py
[2023-03-21T17:16:16.688+0000] {processor.py:753} INFO - DAG(s) dict_keys(['example_branch_dop_operator_v3']) retrieved from /home/airflow/.local/lib/python3.7/site-packages/airflow/example_dags/example_branch_python_dop_operator_3.py
[2023-03-21T17:16:16.708+0000] {logging_mixin.py:137} INFO - [2023-03-21T17:16:16.707+0000] {dag.py:2693} INFO - Sync 1 DAGs
[2023-03-21T17:16:16.740+0000] {logging_mixin.py:137} INFO - [2023-03-21T17:16:16.740+0000] {dag.py:3444} INFO - Setting next_dagrun for example_branch_dop_operator_v3 to 2023-03-21T17:15:00+00:00, run_after=2023-03-21T17:16:00+00:00
[2023-03-21T17:16:16.785+0000] {processor.py:175} INFO - Processing /home/airflow/.local/lib/python3.7/site-packages/airflow/example_dags/example_branch_python_dop_operator_3.py took 0.146 seconds
[2023-03-21T17:16:46.869+0000] {processor.py:153} INFO - Started process (PID=98) to work on /home/airflow/.local/lib/python3.7/site-packages/airflow/example_dags/example_branch_python_dop_operator_3.py
[2023-03-21T17:16:46.871+0000] {processor.py:743} INFO - Processing file /home/airflow/.local/lib/python3.7/site-packages/airflow/example_dags/example_branch_python_dop_operator_3.py for tasks to queue
[2023-03-21T17:16:46.872+0000] {logging_mixin.py:137} INFO - [2023-03-21T17:16:46.872+0000] {dagbag.py:532} INFO - Filling up the DagBag from /home/airflow/.local/lib/python3.7/site-packages/airflow/example_dags/example_branch_python_dop_operator_3.py
[2023-03-21T17:16:46.887+0000] {processor.py:753} INFO - DAG(s) dict_keys(['example_branch_dop_operator_v3']) retrieved from /home/airflow/.local/lib/python3.7/site-packages/airflow/example_dags/example_branch_python_dop_operator_3.py
[2023-03-21T17:16:46.906+0000] {logging_mixin.py:137} INFO - [2023-03-21T17:16:46.906+0000] {dag.py:2693} INFO - Sync 1 DAGs
[2023-03-21T17:16:46.923+0000] {logging_mixin.py:137} INFO - [2023-03-21T17:16:46.923+0000] {dag.py:3444} INFO - Setting next_dagrun for example_branch_dop_operator_v3 to 2023-03-21T17:15:00+00:00, run_after=2023-03-21T17:16:00+00:00
[2023-03-21T17:16:46.934+0000] {processor.py:175} INFO - Processing /home/airflow/.local/lib/python3.7/site-packages/airflow/example_dags/example_branch_python_dop_operator_3.py took 0.067 seconds
[2023-03-21T17:17:21.376+0000] {processor.py:153} INFO - Started process (PID=148) to work on /home/airflow/.local/lib/python3.7/site-packages/airflow/example_dags/example_branch_python_dop_operator_3.py
[2023-03-21T17:17:21.407+0000] {processor.py:743} INFO - Processing file /home/airflow/.local/lib/python3.7/site-packages/airflow/example_dags/example_branch_python_dop_operator_3.py for tasks to queue
[2023-03-21T17:17:21.416+0000] {logging_mixin.py:137} INFO - [2023-03-21T17:17:21.415+0000] {dagbag.py:532} INFO - Filling up the DagBag from /home/airflow/.local/lib/python3.7/site-packages/airflow/example_dags/example_branch_python_dop_operator_3.py
[2023-03-21T17:17:21.582+0000] {processor.py:753} INFO - DAG(s) dict_keys(['example_branch_dop_operator_v3']) retrieved from /home/airflow/.local/lib/python3.7/site-packages/airflow/example_dags/example_branch_python_dop_operator_3.py
[2023-03-21T17:17:21.737+0000] {logging_mixin.py:137} INFO - [2023-03-21T17:17:21.737+0000] {dag.py:2693} INFO - Sync 1 DAGs
[2023-03-21T17:17:21.843+0000] {logging_mixin.py:137} INFO - [2023-03-21T17:17:21.843+0000] {dag.py:3444} INFO - Setting next_dagrun for example_branch_dop_operator_v3 to 2023-03-21T17:16:00+00:00, run_after=2023-03-21T17:17:00+00:00
[2023-03-21T17:17:21.880+0000] {processor.py:175} INFO - Processing /home/airflow/.local/lib/python3.7/site-packages/airflow/example_dags/example_branch_python_dop_operator_3.py took 0.544 seconds
[2023-03-21T17:17:52.087+0000] {processor.py:153} INFO - Started process (PID=197) to work on /home/airflow/.local/lib/python3.7/site-packages/airflow/example_dags/example_branch_python_dop_operator_3.py
[2023-03-21T17:17:52.089+0000] {processor.py:743} INFO - Processing file /home/airflow/.local/lib/python3.7/site-packages/airflow/example_dags/example_branch_python_dop_operator_3.py for tasks to queue
[2023-03-21T17:17:52.090+0000] {logging_mixin.py:137} INFO - [2023-03-21T17:17:52.090+0000] {dagbag.py:532} INFO - Filling up the DagBag from /home/airflow/.local/lib/python3.7/site-packages/airflow/example_dags/example_branch_python_dop_operator_3.py
[2023-03-21T17:17:52.106+0000] {processor.py:753} INFO - DAG(s) dict_keys(['example_branch_dop_operator_v3']) retrieved from /home/airflow/.local/lib/python3.7/site-packages/airflow/example_dags/example_branch_python_dop_operator_3.py
[2023-03-21T17:17:52.124+0000] {logging_mixin.py:137} INFO - [2023-03-21T17:17:52.124+0000] {dag.py:2693} INFO - Sync 1 DAGs
[2023-03-21T17:17:52.141+0000] {logging_mixin.py:137} INFO - [2023-03-21T17:17:52.141+0000] {dag.py:3444} INFO - Setting next_dagrun for example_branch_dop_operator_v3 to 2023-03-21T17:16:00+00:00, run_after=2023-03-21T17:17:00+00:00
[2023-03-21T17:17:52.152+0000] {processor.py:175} INFO - Processing /home/airflow/.local/lib/python3.7/site-packages/airflow/example_dags/example_branch_python_dop_operator_3.py took 0.070 seconds
