[2023-03-21T15:25:53.484+0000] {processor.py:153} INFO - Started process (PID=49) to work on /home/airflow/.local/lib/python3.7/site-packages/airflow/example_dags/example_latest_only_with_trigger.py
[2023-03-21T15:25:53.486+0000] {processor.py:743} INFO - Processing file /home/airflow/.local/lib/python3.7/site-packages/airflow/example_dags/example_latest_only_with_trigger.py for tasks to queue
[2023-03-21T15:25:53.487+0000] {logging_mixin.py:137} INFO - [2023-03-21T15:25:53.487+0000] {dagbag.py:532} INFO - Filling up the DagBag from /home/airflow/.local/lib/python3.7/site-packages/airflow/example_dags/example_latest_only_with_trigger.py
[2023-03-21T15:25:53.506+0000] {processor.py:753} INFO - DAG(s) dict_keys(['latest_only_with_trigger']) retrieved from /home/airflow/.local/lib/python3.7/site-packages/airflow/example_dags/example_latest_only_with_trigger.py
[2023-03-21T15:25:53.533+0000] {logging_mixin.py:137} INFO - [2023-03-21T15:25:53.533+0000] {dag.py:2693} INFO - Sync 1 DAGs
[2023-03-21T15:25:53.581+0000] {logging_mixin.py:137} INFO - [2023-03-21T15:25:53.581+0000] {dag.py:3444} INFO - Setting next_dagrun for latest_only_with_trigger to 2023-03-21T11:25:53.580558+00:00, run_after=2023-03-21T15:25:53.580558+00:00
[2023-03-21T15:25:53.609+0000] {processor.py:175} INFO - Processing /home/airflow/.local/lib/python3.7/site-packages/airflow/example_dags/example_latest_only_with_trigger.py took 0.129 seconds
[2023-03-21T15:26:23.852+0000] {processor.py:153} INFO - Started process (PID=98) to work on /home/airflow/.local/lib/python3.7/site-packages/airflow/example_dags/example_latest_only_with_trigger.py
[2023-03-21T15:26:23.853+0000] {processor.py:743} INFO - Processing file /home/airflow/.local/lib/python3.7/site-packages/airflow/example_dags/example_latest_only_with_trigger.py for tasks to queue
[2023-03-21T15:26:23.853+0000] {logging_mixin.py:137} INFO - [2023-03-21T15:26:23.853+0000] {dagbag.py:532} INFO - Filling up the DagBag from /home/airflow/.local/lib/python3.7/site-packages/airflow/example_dags/example_latest_only_with_trigger.py
[2023-03-21T15:26:23.865+0000] {processor.py:753} INFO - DAG(s) dict_keys(['latest_only_with_trigger']) retrieved from /home/airflow/.local/lib/python3.7/site-packages/airflow/example_dags/example_latest_only_with_trigger.py
[2023-03-21T15:26:23.886+0000] {logging_mixin.py:137} INFO - [2023-03-21T15:26:23.885+0000] {dag.py:2693} INFO - Sync 1 DAGs
[2023-03-21T15:26:23.902+0000] {logging_mixin.py:137} INFO - [2023-03-21T15:26:23.902+0000] {dag.py:3444} INFO - Setting next_dagrun for latest_only_with_trigger to 2023-03-21T11:26:23.901934+00:00, run_after=2023-03-21T15:26:23.901934+00:00
[2023-03-21T15:26:23.912+0000] {processor.py:175} INFO - Processing /home/airflow/.local/lib/python3.7/site-packages/airflow/example_dags/example_latest_only_with_trigger.py took 0.063 seconds
[2023-03-21T15:26:54.345+0000] {processor.py:153} INFO - Started process (PID=147) to work on /home/airflow/.local/lib/python3.7/site-packages/airflow/example_dags/example_latest_only_with_trigger.py
[2023-03-21T15:26:54.346+0000] {processor.py:743} INFO - Processing file /home/airflow/.local/lib/python3.7/site-packages/airflow/example_dags/example_latest_only_with_trigger.py for tasks to queue
[2023-03-21T15:26:54.347+0000] {logging_mixin.py:137} INFO - [2023-03-21T15:26:54.347+0000] {dagbag.py:532} INFO - Filling up the DagBag from /home/airflow/.local/lib/python3.7/site-packages/airflow/example_dags/example_latest_only_with_trigger.py
[2023-03-21T15:26:54.357+0000] {processor.py:753} INFO - DAG(s) dict_keys(['latest_only_with_trigger']) retrieved from /home/airflow/.local/lib/python3.7/site-packages/airflow/example_dags/example_latest_only_with_trigger.py
[2023-03-21T15:26:54.378+0000] {logging_mixin.py:137} INFO - [2023-03-21T15:26:54.377+0000] {dag.py:2693} INFO - Sync 1 DAGs
[2023-03-21T15:26:54.393+0000] {logging_mixin.py:137} INFO - [2023-03-21T15:26:54.393+0000] {dag.py:3444} INFO - Setting next_dagrun for latest_only_with_trigger to 2023-03-21T11:26:54.393061+00:00, run_after=2023-03-21T15:26:54.393061+00:00
[2023-03-21T15:26:54.404+0000] {processor.py:175} INFO - Processing /home/airflow/.local/lib/python3.7/site-packages/airflow/example_dags/example_latest_only_with_trigger.py took 0.062 seconds
[2023-03-21T15:27:25.218+0000] {processor.py:153} INFO - Started process (PID=196) to work on /home/airflow/.local/lib/python3.7/site-packages/airflow/example_dags/example_latest_only_with_trigger.py
[2023-03-21T15:27:25.219+0000] {processor.py:743} INFO - Processing file /home/airflow/.local/lib/python3.7/site-packages/airflow/example_dags/example_latest_only_with_trigger.py for tasks to queue
[2023-03-21T15:27:25.220+0000] {logging_mixin.py:137} INFO - [2023-03-21T15:27:25.220+0000] {dagbag.py:532} INFO - Filling up the DagBag from /home/airflow/.local/lib/python3.7/site-packages/airflow/example_dags/example_latest_only_with_trigger.py
[2023-03-21T15:27:25.230+0000] {processor.py:753} INFO - DAG(s) dict_keys(['latest_only_with_trigger']) retrieved from /home/airflow/.local/lib/python3.7/site-packages/airflow/example_dags/example_latest_only_with_trigger.py
[2023-03-21T15:27:25.250+0000] {logging_mixin.py:137} INFO - [2023-03-21T15:27:25.250+0000] {dag.py:2693} INFO - Sync 1 DAGs
[2023-03-21T15:27:25.265+0000] {logging_mixin.py:137} INFO - [2023-03-21T15:27:25.265+0000] {dag.py:3444} INFO - Setting next_dagrun for latest_only_with_trigger to 2023-03-21T11:27:25.265613+00:00, run_after=2023-03-21T15:27:25.265613+00:00
[2023-03-21T15:27:25.277+0000] {processor.py:175} INFO - Processing /home/airflow/.local/lib/python3.7/site-packages/airflow/example_dags/example_latest_only_with_trigger.py took 0.061 seconds
[2023-03-21T15:27:55.514+0000] {processor.py:153} INFO - Started process (PID=245) to work on /home/airflow/.local/lib/python3.7/site-packages/airflow/example_dags/example_latest_only_with_trigger.py
[2023-03-21T15:27:55.515+0000] {processor.py:743} INFO - Processing file /home/airflow/.local/lib/python3.7/site-packages/airflow/example_dags/example_latest_only_with_trigger.py for tasks to queue
[2023-03-21T15:27:55.516+0000] {logging_mixin.py:137} INFO - [2023-03-21T15:27:55.515+0000] {dagbag.py:532} INFO - Filling up the DagBag from /home/airflow/.local/lib/python3.7/site-packages/airflow/example_dags/example_latest_only_with_trigger.py
[2023-03-21T15:27:55.525+0000] {processor.py:753} INFO - DAG(s) dict_keys(['latest_only_with_trigger']) retrieved from /home/airflow/.local/lib/python3.7/site-packages/airflow/example_dags/example_latest_only_with_trigger.py
[2023-03-21T15:27:55.544+0000] {logging_mixin.py:137} INFO - [2023-03-21T15:27:55.544+0000] {dag.py:2693} INFO - Sync 1 DAGs
[2023-03-21T15:27:55.559+0000] {logging_mixin.py:137} INFO - [2023-03-21T15:27:55.559+0000] {dag.py:3444} INFO - Setting next_dagrun for latest_only_with_trigger to 2023-03-21T11:27:55.559572+00:00, run_after=2023-03-21T15:27:55.559572+00:00
[2023-03-21T15:27:55.571+0000] {processor.py:175} INFO - Processing /home/airflow/.local/lib/python3.7/site-packages/airflow/example_dags/example_latest_only_with_trigger.py took 0.060 seconds
[2023-03-21T15:28:25.945+0000] {processor.py:153} INFO - Started process (PID=294) to work on /home/airflow/.local/lib/python3.7/site-packages/airflow/example_dags/example_latest_only_with_trigger.py
[2023-03-21T15:28:25.946+0000] {processor.py:743} INFO - Processing file /home/airflow/.local/lib/python3.7/site-packages/airflow/example_dags/example_latest_only_with_trigger.py for tasks to queue
[2023-03-21T15:28:25.946+0000] {logging_mixin.py:137} INFO - [2023-03-21T15:28:25.946+0000] {dagbag.py:532} INFO - Filling up the DagBag from /home/airflow/.local/lib/python3.7/site-packages/airflow/example_dags/example_latest_only_with_trigger.py
[2023-03-21T15:28:25.956+0000] {processor.py:753} INFO - DAG(s) dict_keys(['latest_only_with_trigger']) retrieved from /home/airflow/.local/lib/python3.7/site-packages/airflow/example_dags/example_latest_only_with_trigger.py
[2023-03-21T15:28:25.975+0000] {logging_mixin.py:137} INFO - [2023-03-21T15:28:25.975+0000] {dag.py:2693} INFO - Sync 1 DAGs
[2023-03-21T15:28:25.990+0000] {logging_mixin.py:137} INFO - [2023-03-21T15:28:25.990+0000] {dag.py:3444} INFO - Setting next_dagrun for latest_only_with_trigger to 2023-03-21T11:28:25.989983+00:00, run_after=2023-03-21T15:28:25.989983+00:00
[2023-03-21T15:28:26.000+0000] {processor.py:175} INFO - Processing /home/airflow/.local/lib/python3.7/site-packages/airflow/example_dags/example_latest_only_with_trigger.py took 0.059 seconds
[2023-03-21T15:28:56.291+0000] {processor.py:153} INFO - Started process (PID=343) to work on /home/airflow/.local/lib/python3.7/site-packages/airflow/example_dags/example_latest_only_with_trigger.py
[2023-03-21T15:28:56.292+0000] {processor.py:743} INFO - Processing file /home/airflow/.local/lib/python3.7/site-packages/airflow/example_dags/example_latest_only_with_trigger.py for tasks to queue
[2023-03-21T15:28:56.293+0000] {logging_mixin.py:137} INFO - [2023-03-21T15:28:56.293+0000] {dagbag.py:532} INFO - Filling up the DagBag from /home/airflow/.local/lib/python3.7/site-packages/airflow/example_dags/example_latest_only_with_trigger.py
[2023-03-21T15:28:56.303+0000] {processor.py:753} INFO - DAG(s) dict_keys(['latest_only_with_trigger']) retrieved from /home/airflow/.local/lib/python3.7/site-packages/airflow/example_dags/example_latest_only_with_trigger.py
[2023-03-21T15:28:56.323+0000] {logging_mixin.py:137} INFO - [2023-03-21T15:28:56.323+0000] {dag.py:2693} INFO - Sync 1 DAGs
[2023-03-21T15:28:56.338+0000] {logging_mixin.py:137} INFO - [2023-03-21T15:28:56.338+0000] {dag.py:3444} INFO - Setting next_dagrun for latest_only_with_trigger to 2023-03-21T11:28:56.338630+00:00, run_after=2023-03-21T15:28:56.338630+00:00
[2023-03-21T15:28:56.350+0000] {processor.py:175} INFO - Processing /home/airflow/.local/lib/python3.7/site-packages/airflow/example_dags/example_latest_only_with_trigger.py took 0.062 seconds
[2023-03-21T15:29:26.649+0000] {processor.py:153} INFO - Started process (PID=392) to work on /home/airflow/.local/lib/python3.7/site-packages/airflow/example_dags/example_latest_only_with_trigger.py
[2023-03-21T15:29:26.651+0000] {processor.py:743} INFO - Processing file /home/airflow/.local/lib/python3.7/site-packages/airflow/example_dags/example_latest_only_with_trigger.py for tasks to queue
[2023-03-21T15:29:26.651+0000] {logging_mixin.py:137} INFO - [2023-03-21T15:29:26.651+0000] {dagbag.py:532} INFO - Filling up the DagBag from /home/airflow/.local/lib/python3.7/site-packages/airflow/example_dags/example_latest_only_with_trigger.py
[2023-03-21T15:29:26.662+0000] {processor.py:753} INFO - DAG(s) dict_keys(['latest_only_with_trigger']) retrieved from /home/airflow/.local/lib/python3.7/site-packages/airflow/example_dags/example_latest_only_with_trigger.py
[2023-03-21T15:29:26.682+0000] {logging_mixin.py:137} INFO - [2023-03-21T15:29:26.682+0000] {dag.py:2693} INFO - Sync 1 DAGs
[2023-03-21T15:29:26.698+0000] {logging_mixin.py:137} INFO - [2023-03-21T15:29:26.698+0000] {dag.py:3444} INFO - Setting next_dagrun for latest_only_with_trigger to 2023-03-21T11:29:26.697875+00:00, run_after=2023-03-21T15:29:26.697875+00:00
[2023-03-21T15:29:26.709+0000] {processor.py:175} INFO - Processing /home/airflow/.local/lib/python3.7/site-packages/airflow/example_dags/example_latest_only_with_trigger.py took 0.062 seconds
[2023-03-21T15:29:56.962+0000] {processor.py:153} INFO - Started process (PID=441) to work on /home/airflow/.local/lib/python3.7/site-packages/airflow/example_dags/example_latest_only_with_trigger.py
[2023-03-21T15:29:56.964+0000] {processor.py:743} INFO - Processing file /home/airflow/.local/lib/python3.7/site-packages/airflow/example_dags/example_latest_only_with_trigger.py for tasks to queue
[2023-03-21T15:29:56.965+0000] {logging_mixin.py:137} INFO - [2023-03-21T15:29:56.965+0000] {dagbag.py:532} INFO - Filling up the DagBag from /home/airflow/.local/lib/python3.7/site-packages/airflow/example_dags/example_latest_only_with_trigger.py
[2023-03-21T15:29:56.977+0000] {processor.py:753} INFO - DAG(s) dict_keys(['latest_only_with_trigger']) retrieved from /home/airflow/.local/lib/python3.7/site-packages/airflow/example_dags/example_latest_only_with_trigger.py
[2023-03-21T15:29:57.001+0000] {logging_mixin.py:137} INFO - [2023-03-21T15:29:57.001+0000] {dag.py:2693} INFO - Sync 1 DAGs
[2023-03-21T15:29:57.023+0000] {logging_mixin.py:137} INFO - [2023-03-21T15:29:57.023+0000] {dag.py:3444} INFO - Setting next_dagrun for latest_only_with_trigger to 2023-03-21T11:29:57.022797+00:00, run_after=2023-03-21T15:29:57.022797+00:00
[2023-03-21T15:29:57.046+0000] {processor.py:175} INFO - Processing /home/airflow/.local/lib/python3.7/site-packages/airflow/example_dags/example_latest_only_with_trigger.py took 0.088 seconds
[2023-03-21T15:30:27.527+0000] {processor.py:153} INFO - Started process (PID=490) to work on /home/airflow/.local/lib/python3.7/site-packages/airflow/example_dags/example_latest_only_with_trigger.py
[2023-03-21T15:30:27.528+0000] {processor.py:743} INFO - Processing file /home/airflow/.local/lib/python3.7/site-packages/airflow/example_dags/example_latest_only_with_trigger.py for tasks to queue
[2023-03-21T15:30:27.529+0000] {logging_mixin.py:137} INFO - [2023-03-21T15:30:27.529+0000] {dagbag.py:532} INFO - Filling up the DagBag from /home/airflow/.local/lib/python3.7/site-packages/airflow/example_dags/example_latest_only_with_trigger.py
[2023-03-21T15:30:27.539+0000] {processor.py:753} INFO - DAG(s) dict_keys(['latest_only_with_trigger']) retrieved from /home/airflow/.local/lib/python3.7/site-packages/airflow/example_dags/example_latest_only_with_trigger.py
[2023-03-21T15:30:27.560+0000] {logging_mixin.py:137} INFO - [2023-03-21T15:30:27.560+0000] {dag.py:2693} INFO - Sync 1 DAGs
[2023-03-21T15:30:27.577+0000] {logging_mixin.py:137} INFO - [2023-03-21T15:30:27.577+0000] {dag.py:3444} INFO - Setting next_dagrun for latest_only_with_trigger to 2023-03-21T11:30:27.577165+00:00, run_after=2023-03-21T15:30:27.577165+00:00
[2023-03-21T15:30:27.589+0000] {processor.py:175} INFO - Processing /home/airflow/.local/lib/python3.7/site-packages/airflow/example_dags/example_latest_only_with_trigger.py took 0.065 seconds
[2023-03-21T15:30:58.025+0000] {processor.py:153} INFO - Started process (PID=539) to work on /home/airflow/.local/lib/python3.7/site-packages/airflow/example_dags/example_latest_only_with_trigger.py
[2023-03-21T15:30:58.026+0000] {processor.py:743} INFO - Processing file /home/airflow/.local/lib/python3.7/site-packages/airflow/example_dags/example_latest_only_with_trigger.py for tasks to queue
[2023-03-21T15:30:58.027+0000] {logging_mixin.py:137} INFO - [2023-03-21T15:30:58.027+0000] {dagbag.py:532} INFO - Filling up the DagBag from /home/airflow/.local/lib/python3.7/site-packages/airflow/example_dags/example_latest_only_with_trigger.py
[2023-03-21T15:30:58.036+0000] {processor.py:753} INFO - DAG(s) dict_keys(['latest_only_with_trigger']) retrieved from /home/airflow/.local/lib/python3.7/site-packages/airflow/example_dags/example_latest_only_with_trigger.py
[2023-03-21T15:30:58.054+0000] {logging_mixin.py:137} INFO - [2023-03-21T15:30:58.054+0000] {dag.py:2693} INFO - Sync 1 DAGs
[2023-03-21T15:30:58.069+0000] {logging_mixin.py:137} INFO - [2023-03-21T15:30:58.069+0000] {dag.py:3444} INFO - Setting next_dagrun for latest_only_with_trigger to 2023-03-21T11:30:58.069383+00:00, run_after=2023-03-21T15:30:58.069383+00:00
[2023-03-21T15:30:58.080+0000] {processor.py:175} INFO - Processing /home/airflow/.local/lib/python3.7/site-packages/airflow/example_dags/example_latest_only_with_trigger.py took 0.059 seconds
[2023-03-21T15:31:28.392+0000] {processor.py:153} INFO - Started process (PID=587) to work on /home/airflow/.local/lib/python3.7/site-packages/airflow/example_dags/example_latest_only_with_trigger.py
[2023-03-21T15:31:28.393+0000] {processor.py:743} INFO - Processing file /home/airflow/.local/lib/python3.7/site-packages/airflow/example_dags/example_latest_only_with_trigger.py for tasks to queue
[2023-03-21T15:31:28.394+0000] {logging_mixin.py:137} INFO - [2023-03-21T15:31:28.394+0000] {dagbag.py:532} INFO - Filling up the DagBag from /home/airflow/.local/lib/python3.7/site-packages/airflow/example_dags/example_latest_only_with_trigger.py
[2023-03-21T15:31:28.405+0000] {processor.py:753} INFO - DAG(s) dict_keys(['latest_only_with_trigger']) retrieved from /home/airflow/.local/lib/python3.7/site-packages/airflow/example_dags/example_latest_only_with_trigger.py
[2023-03-21T15:31:28.425+0000] {logging_mixin.py:137} INFO - [2023-03-21T15:31:28.425+0000] {dag.py:2693} INFO - Sync 1 DAGs
[2023-03-21T15:31:28.441+0000] {logging_mixin.py:137} INFO - [2023-03-21T15:31:28.441+0000] {dag.py:3444} INFO - Setting next_dagrun for latest_only_with_trigger to 2023-03-21T11:31:28.441090+00:00, run_after=2023-03-21T15:31:28.441090+00:00
[2023-03-21T15:31:28.452+0000] {processor.py:175} INFO - Processing /home/airflow/.local/lib/python3.7/site-packages/airflow/example_dags/example_latest_only_with_trigger.py took 0.063 seconds
[2023-03-21T15:31:58.836+0000] {processor.py:153} INFO - Started process (PID=636) to work on /home/airflow/.local/lib/python3.7/site-packages/airflow/example_dags/example_latest_only_with_trigger.py
[2023-03-21T15:31:58.838+0000] {processor.py:743} INFO - Processing file /home/airflow/.local/lib/python3.7/site-packages/airflow/example_dags/example_latest_only_with_trigger.py for tasks to queue
[2023-03-21T15:31:58.839+0000] {logging_mixin.py:137} INFO - [2023-03-21T15:31:58.839+0000] {dagbag.py:532} INFO - Filling up the DagBag from /home/airflow/.local/lib/python3.7/site-packages/airflow/example_dags/example_latest_only_with_trigger.py
[2023-03-21T15:31:58.850+0000] {processor.py:753} INFO - DAG(s) dict_keys(['latest_only_with_trigger']) retrieved from /home/airflow/.local/lib/python3.7/site-packages/airflow/example_dags/example_latest_only_with_trigger.py
[2023-03-21T15:31:58.870+0000] {logging_mixin.py:137} INFO - [2023-03-21T15:31:58.870+0000] {dag.py:2693} INFO - Sync 1 DAGs
[2023-03-21T15:31:58.886+0000] {logging_mixin.py:137} INFO - [2023-03-21T15:31:58.886+0000] {dag.py:3444} INFO - Setting next_dagrun for latest_only_with_trigger to 2023-03-21T11:31:58.886452+00:00, run_after=2023-03-21T15:31:58.886452+00:00
[2023-03-21T15:31:58.898+0000] {processor.py:175} INFO - Processing /home/airflow/.local/lib/python3.7/site-packages/airflow/example_dags/example_latest_only_with_trigger.py took 0.065 seconds
[2023-03-21T16:52:55.322+0000] {processor.py:153} INFO - Started process (PID=50) to work on /home/airflow/.local/lib/python3.7/site-packages/airflow/example_dags/example_latest_only_with_trigger.py
[2023-03-21T16:52:55.326+0000] {processor.py:743} INFO - Processing file /home/airflow/.local/lib/python3.7/site-packages/airflow/example_dags/example_latest_only_with_trigger.py for tasks to queue
[2023-03-21T16:52:55.340+0000] {logging_mixin.py:137} INFO - [2023-03-21T16:52:55.339+0000] {dagbag.py:532} INFO - Filling up the DagBag from /home/airflow/.local/lib/python3.7/site-packages/airflow/example_dags/example_latest_only_with_trigger.py
[2023-03-21T16:52:55.408+0000] {processor.py:753} INFO - DAG(s) dict_keys(['latest_only_with_trigger']) retrieved from /home/airflow/.local/lib/python3.7/site-packages/airflow/example_dags/example_latest_only_with_trigger.py
[2023-03-21T16:52:55.435+0000] {logging_mixin.py:137} INFO - [2023-03-21T16:52:55.435+0000] {dag.py:2693} INFO - Sync 1 DAGs
[2023-03-21T16:52:55.498+0000] {logging_mixin.py:137} INFO - [2023-03-21T16:52:55.498+0000] {dag.py:3444} INFO - Setting next_dagrun for latest_only_with_trigger to 2023-03-21T12:52:55.497814+00:00, run_after=2023-03-21T16:52:55.497814+00:00
[2023-03-21T16:52:55.514+0000] {processor.py:175} INFO - Processing /home/airflow/.local/lib/python3.7/site-packages/airflow/example_dags/example_latest_only_with_trigger.py took 0.200 seconds
[2023-03-21T16:53:25.599+0000] {processor.py:153} INFO - Started process (PID=99) to work on /home/airflow/.local/lib/python3.7/site-packages/airflow/example_dags/example_latest_only_with_trigger.py
[2023-03-21T16:53:25.601+0000] {processor.py:743} INFO - Processing file /home/airflow/.local/lib/python3.7/site-packages/airflow/example_dags/example_latest_only_with_trigger.py for tasks to queue
[2023-03-21T16:53:25.601+0000] {logging_mixin.py:137} INFO - [2023-03-21T16:53:25.601+0000] {dagbag.py:532} INFO - Filling up the DagBag from /home/airflow/.local/lib/python3.7/site-packages/airflow/example_dags/example_latest_only_with_trigger.py
[2023-03-21T16:53:25.613+0000] {processor.py:753} INFO - DAG(s) dict_keys(['latest_only_with_trigger']) retrieved from /home/airflow/.local/lib/python3.7/site-packages/airflow/example_dags/example_latest_only_with_trigger.py
[2023-03-21T16:53:25.636+0000] {logging_mixin.py:137} INFO - [2023-03-21T16:53:25.636+0000] {dag.py:2693} INFO - Sync 1 DAGs
[2023-03-21T16:53:25.653+0000] {logging_mixin.py:137} INFO - [2023-03-21T16:53:25.653+0000] {dag.py:3444} INFO - Setting next_dagrun for latest_only_with_trigger to 2023-03-21T12:53:25.652902+00:00, run_after=2023-03-21T16:53:25.652902+00:00
[2023-03-21T16:53:25.664+0000] {processor.py:175} INFO - Processing /home/airflow/.local/lib/python3.7/site-packages/airflow/example_dags/example_latest_only_with_trigger.py took 0.067 seconds
[2023-03-21T16:53:58.404+0000] {processor.py:153} INFO - Started process (PID=153) to work on /home/airflow/.local/lib/python3.7/site-packages/airflow/example_dags/example_latest_only_with_trigger.py
[2023-03-21T16:53:58.406+0000] {processor.py:743} INFO - Processing file /home/airflow/.local/lib/python3.7/site-packages/airflow/example_dags/example_latest_only_with_trigger.py for tasks to queue
[2023-03-21T16:53:58.407+0000] {logging_mixin.py:137} INFO - [2023-03-21T16:53:58.407+0000] {dagbag.py:532} INFO - Filling up the DagBag from /home/airflow/.local/lib/python3.7/site-packages/airflow/example_dags/example_latest_only_with_trigger.py
[2023-03-21T16:53:58.435+0000] {processor.py:753} INFO - DAG(s) dict_keys(['latest_only_with_trigger']) retrieved from /home/airflow/.local/lib/python3.7/site-packages/airflow/example_dags/example_latest_only_with_trigger.py
[2023-03-21T16:53:58.480+0000] {logging_mixin.py:137} INFO - [2023-03-21T16:53:58.480+0000] {dag.py:2693} INFO - Sync 1 DAGs
[2023-03-21T16:53:58.525+0000] {logging_mixin.py:137} INFO - [2023-03-21T16:53:58.525+0000] {dag.py:3444} INFO - Setting next_dagrun for latest_only_with_trigger to 2023-03-21T12:53:58.525278+00:00, run_after=2023-03-21T16:53:58.525278+00:00
[2023-03-21T16:53:58.542+0000] {processor.py:175} INFO - Processing /home/airflow/.local/lib/python3.7/site-packages/airflow/example_dags/example_latest_only_with_trigger.py took 0.142 seconds
[2023-03-21T16:54:31.245+0000] {processor.py:153} INFO - Started process (PID=203) to work on /home/airflow/.local/lib/python3.7/site-packages/airflow/example_dags/example_latest_only_with_trigger.py
[2023-03-21T16:54:31.248+0000] {processor.py:743} INFO - Processing file /home/airflow/.local/lib/python3.7/site-packages/airflow/example_dags/example_latest_only_with_trigger.py for tasks to queue
[2023-03-21T16:54:31.250+0000] {logging_mixin.py:137} INFO - [2023-03-21T16:54:31.250+0000] {dagbag.py:532} INFO - Filling up the DagBag from /home/airflow/.local/lib/python3.7/site-packages/airflow/example_dags/example_latest_only_with_trigger.py
[2023-03-21T16:54:31.280+0000] {processor.py:753} INFO - DAG(s) dict_keys(['latest_only_with_trigger']) retrieved from /home/airflow/.local/lib/python3.7/site-packages/airflow/example_dags/example_latest_only_with_trigger.py
[2023-03-21T16:54:31.398+0000] {logging_mixin.py:137} INFO - [2023-03-21T16:54:31.397+0000] {dag.py:2693} INFO - Sync 1 DAGs
[2023-03-21T16:54:31.518+0000] {logging_mixin.py:137} INFO - [2023-03-21T16:54:31.517+0000] {dag.py:3444} INFO - Setting next_dagrun for latest_only_with_trigger to 2023-03-21T12:54:31.517385+00:00, run_after=2023-03-21T16:54:31.517385+00:00
[2023-03-21T16:54:31.566+0000] {processor.py:175} INFO - Processing /home/airflow/.local/lib/python3.7/site-packages/airflow/example_dags/example_latest_only_with_trigger.py took 0.326 seconds
[2023-03-21T16:55:02.588+0000] {processor.py:153} INFO - Started process (PID=252) to work on /home/airflow/.local/lib/python3.7/site-packages/airflow/example_dags/example_latest_only_with_trigger.py
[2023-03-21T16:55:02.589+0000] {processor.py:743} INFO - Processing file /home/airflow/.local/lib/python3.7/site-packages/airflow/example_dags/example_latest_only_with_trigger.py for tasks to queue
[2023-03-21T16:55:02.591+0000] {logging_mixin.py:137} INFO - [2023-03-21T16:55:02.591+0000] {dagbag.py:532} INFO - Filling up the DagBag from /home/airflow/.local/lib/python3.7/site-packages/airflow/example_dags/example_latest_only_with_trigger.py
[2023-03-21T16:55:02.607+0000] {processor.py:753} INFO - DAG(s) dict_keys(['latest_only_with_trigger']) retrieved from /home/airflow/.local/lib/python3.7/site-packages/airflow/example_dags/example_latest_only_with_trigger.py
[2023-03-21T16:55:02.634+0000] {logging_mixin.py:137} INFO - [2023-03-21T16:55:02.634+0000] {dag.py:2693} INFO - Sync 1 DAGs
[2023-03-21T16:55:02.662+0000] {logging_mixin.py:137} INFO - [2023-03-21T16:55:02.662+0000] {dag.py:3444} INFO - Setting next_dagrun for latest_only_with_trigger to 2023-03-21T12:55:02.662196+00:00, run_after=2023-03-21T16:55:02.662196+00:00
[2023-03-21T16:55:02.676+0000] {processor.py:175} INFO - Processing /home/airflow/.local/lib/python3.7/site-packages/airflow/example_dags/example_latest_only_with_trigger.py took 0.094 seconds
[2023-03-21T16:55:33.600+0000] {processor.py:153} INFO - Started process (PID=302) to work on /home/airflow/.local/lib/python3.7/site-packages/airflow/example_dags/example_latest_only_with_trigger.py
[2023-03-21T16:55:33.609+0000] {processor.py:743} INFO - Processing file /home/airflow/.local/lib/python3.7/site-packages/airflow/example_dags/example_latest_only_with_trigger.py for tasks to queue
[2023-03-21T16:55:33.612+0000] {logging_mixin.py:137} INFO - [2023-03-21T16:55:33.612+0000] {dagbag.py:532} INFO - Filling up the DagBag from /home/airflow/.local/lib/python3.7/site-packages/airflow/example_dags/example_latest_only_with_trigger.py
[2023-03-21T16:55:33.635+0000] {processor.py:753} INFO - DAG(s) dict_keys(['latest_only_with_trigger']) retrieved from /home/airflow/.local/lib/python3.7/site-packages/airflow/example_dags/example_latest_only_with_trigger.py
[2023-03-21T16:55:33.690+0000] {logging_mixin.py:137} INFO - [2023-03-21T16:55:33.689+0000] {dag.py:2693} INFO - Sync 1 DAGs
[2023-03-21T16:55:33.722+0000] {logging_mixin.py:137} INFO - [2023-03-21T16:55:33.722+0000] {dag.py:3444} INFO - Setting next_dagrun for latest_only_with_trigger to 2023-03-21T12:55:33.722194+00:00, run_after=2023-03-21T16:55:33.722194+00:00
[2023-03-21T16:55:33.746+0000] {processor.py:175} INFO - Processing /home/airflow/.local/lib/python3.7/site-packages/airflow/example_dags/example_latest_only_with_trigger.py took 0.156 seconds
[2023-03-21T16:56:04.645+0000] {processor.py:153} INFO - Started process (PID=352) to work on /home/airflow/.local/lib/python3.7/site-packages/airflow/example_dags/example_latest_only_with_trigger.py
[2023-03-21T16:56:04.648+0000] {processor.py:743} INFO - Processing file /home/airflow/.local/lib/python3.7/site-packages/airflow/example_dags/example_latest_only_with_trigger.py for tasks to queue
[2023-03-21T16:56:04.649+0000] {logging_mixin.py:137} INFO - [2023-03-21T16:56:04.649+0000] {dagbag.py:532} INFO - Filling up the DagBag from /home/airflow/.local/lib/python3.7/site-packages/airflow/example_dags/example_latest_only_with_trigger.py
[2023-03-21T16:56:04.670+0000] {processor.py:753} INFO - DAG(s) dict_keys(['latest_only_with_trigger']) retrieved from /home/airflow/.local/lib/python3.7/site-packages/airflow/example_dags/example_latest_only_with_trigger.py
[2023-03-21T16:56:04.725+0000] {logging_mixin.py:137} INFO - [2023-03-21T16:56:04.725+0000] {dag.py:2693} INFO - Sync 1 DAGs
[2023-03-21T16:56:04.760+0000] {logging_mixin.py:137} INFO - [2023-03-21T16:56:04.760+0000] {dag.py:3444} INFO - Setting next_dagrun for latest_only_with_trigger to 2023-03-21T12:56:04.759967+00:00, run_after=2023-03-21T16:56:04.759967+00:00
[2023-03-21T16:56:04.785+0000] {processor.py:175} INFO - Processing /home/airflow/.local/lib/python3.7/site-packages/airflow/example_dags/example_latest_only_with_trigger.py took 0.147 seconds
[2023-03-21T16:56:35.517+0000] {processor.py:153} INFO - Started process (PID=403) to work on /home/airflow/.local/lib/python3.7/site-packages/airflow/example_dags/example_latest_only_with_trigger.py
[2023-03-21T16:56:35.528+0000] {processor.py:743} INFO - Processing file /home/airflow/.local/lib/python3.7/site-packages/airflow/example_dags/example_latest_only_with_trigger.py for tasks to queue
[2023-03-21T16:56:35.531+0000] {logging_mixin.py:137} INFO - [2023-03-21T16:56:35.531+0000] {dagbag.py:532} INFO - Filling up the DagBag from /home/airflow/.local/lib/python3.7/site-packages/airflow/example_dags/example_latest_only_with_trigger.py
[2023-03-21T16:56:35.573+0000] {processor.py:753} INFO - DAG(s) dict_keys(['latest_only_with_trigger']) retrieved from /home/airflow/.local/lib/python3.7/site-packages/airflow/example_dags/example_latest_only_with_trigger.py
[2023-03-21T16:56:35.622+0000] {logging_mixin.py:137} INFO - [2023-03-21T16:56:35.621+0000] {dag.py:2693} INFO - Sync 1 DAGs
[2023-03-21T16:56:35.665+0000] {logging_mixin.py:137} INFO - [2023-03-21T16:56:35.664+0000] {dag.py:3444} INFO - Setting next_dagrun for latest_only_with_trigger to 2023-03-21T12:56:35.664269+00:00, run_after=2023-03-21T16:56:35.664269+00:00
[2023-03-21T16:56:35.685+0000] {processor.py:175} INFO - Processing /home/airflow/.local/lib/python3.7/site-packages/airflow/example_dags/example_latest_only_with_trigger.py took 0.181 seconds
[2023-03-21T16:57:06.042+0000] {processor.py:153} INFO - Started process (PID=454) to work on /home/airflow/.local/lib/python3.7/site-packages/airflow/example_dags/example_latest_only_with_trigger.py
[2023-03-21T16:57:06.044+0000] {processor.py:743} INFO - Processing file /home/airflow/.local/lib/python3.7/site-packages/airflow/example_dags/example_latest_only_with_trigger.py for tasks to queue
[2023-03-21T16:57:06.045+0000] {logging_mixin.py:137} INFO - [2023-03-21T16:57:06.045+0000] {dagbag.py:532} INFO - Filling up the DagBag from /home/airflow/.local/lib/python3.7/site-packages/airflow/example_dags/example_latest_only_with_trigger.py
[2023-03-21T16:57:06.059+0000] {processor.py:753} INFO - DAG(s) dict_keys(['latest_only_with_trigger']) retrieved from /home/airflow/.local/lib/python3.7/site-packages/airflow/example_dags/example_latest_only_with_trigger.py
[2023-03-21T16:57:06.091+0000] {logging_mixin.py:137} INFO - [2023-03-21T16:57:06.091+0000] {dag.py:2693} INFO - Sync 1 DAGs
[2023-03-21T16:57:06.114+0000] {logging_mixin.py:137} INFO - [2023-03-21T16:57:06.114+0000] {dag.py:3444} INFO - Setting next_dagrun for latest_only_with_trigger to 2023-03-21T12:57:06.114013+00:00, run_after=2023-03-21T16:57:06.114013+00:00
[2023-03-21T16:57:06.131+0000] {processor.py:175} INFO - Processing /home/airflow/.local/lib/python3.7/site-packages/airflow/example_dags/example_latest_only_with_trigger.py took 0.094 seconds
[2023-03-21T16:57:36.223+0000] {processor.py:153} INFO - Started process (PID=504) to work on /home/airflow/.local/lib/python3.7/site-packages/airflow/example_dags/example_latest_only_with_trigger.py
[2023-03-21T16:57:36.224+0000] {processor.py:743} INFO - Processing file /home/airflow/.local/lib/python3.7/site-packages/airflow/example_dags/example_latest_only_with_trigger.py for tasks to queue
[2023-03-21T16:57:36.224+0000] {logging_mixin.py:137} INFO - [2023-03-21T16:57:36.224+0000] {dagbag.py:532} INFO - Filling up the DagBag from /home/airflow/.local/lib/python3.7/site-packages/airflow/example_dags/example_latest_only_with_trigger.py
[2023-03-21T16:57:36.234+0000] {processor.py:753} INFO - DAG(s) dict_keys(['latest_only_with_trigger']) retrieved from /home/airflow/.local/lib/python3.7/site-packages/airflow/example_dags/example_latest_only_with_trigger.py
[2023-03-21T16:57:36.253+0000] {logging_mixin.py:137} INFO - [2023-03-21T16:57:36.253+0000] {dag.py:2693} INFO - Sync 1 DAGs
[2023-03-21T16:57:36.268+0000] {logging_mixin.py:137} INFO - [2023-03-21T16:57:36.268+0000] {dag.py:3444} INFO - Setting next_dagrun for latest_only_with_trigger to 2023-03-21T12:57:36.268585+00:00, run_after=2023-03-21T16:57:36.268585+00:00
[2023-03-21T16:57:36.279+0000] {processor.py:175} INFO - Processing /home/airflow/.local/lib/python3.7/site-packages/airflow/example_dags/example_latest_only_with_trigger.py took 0.060 seconds
[2023-03-21T16:58:06.828+0000] {processor.py:153} INFO - Started process (PID=554) to work on /home/airflow/.local/lib/python3.7/site-packages/airflow/example_dags/example_latest_only_with_trigger.py
[2023-03-21T16:58:06.829+0000] {processor.py:743} INFO - Processing file /home/airflow/.local/lib/python3.7/site-packages/airflow/example_dags/example_latest_only_with_trigger.py for tasks to queue
[2023-03-21T16:58:06.830+0000] {logging_mixin.py:137} INFO - [2023-03-21T16:58:06.830+0000] {dagbag.py:532} INFO - Filling up the DagBag from /home/airflow/.local/lib/python3.7/site-packages/airflow/example_dags/example_latest_only_with_trigger.py
[2023-03-21T16:58:06.839+0000] {processor.py:753} INFO - DAG(s) dict_keys(['latest_only_with_trigger']) retrieved from /home/airflow/.local/lib/python3.7/site-packages/airflow/example_dags/example_latest_only_with_trigger.py
[2023-03-21T16:58:06.858+0000] {logging_mixin.py:137} INFO - [2023-03-21T16:58:06.858+0000] {dag.py:2693} INFO - Sync 1 DAGs
[2023-03-21T16:58:06.873+0000] {logging_mixin.py:137} INFO - [2023-03-21T16:58:06.873+0000] {dag.py:3444} INFO - Setting next_dagrun for latest_only_with_trigger to 2023-03-21T12:58:06.873550+00:00, run_after=2023-03-21T16:58:06.873550+00:00
[2023-03-21T16:58:06.884+0000] {processor.py:175} INFO - Processing /home/airflow/.local/lib/python3.7/site-packages/airflow/example_dags/example_latest_only_with_trigger.py took 0.059 seconds
[2023-03-21T16:58:37.535+0000] {processor.py:153} INFO - Started process (PID=604) to work on /home/airflow/.local/lib/python3.7/site-packages/airflow/example_dags/example_latest_only_with_trigger.py
[2023-03-21T16:58:37.536+0000] {processor.py:743} INFO - Processing file /home/airflow/.local/lib/python3.7/site-packages/airflow/example_dags/example_latest_only_with_trigger.py for tasks to queue
[2023-03-21T16:58:37.537+0000] {logging_mixin.py:137} INFO - [2023-03-21T16:58:37.537+0000] {dagbag.py:532} INFO - Filling up the DagBag from /home/airflow/.local/lib/python3.7/site-packages/airflow/example_dags/example_latest_only_with_trigger.py
[2023-03-21T16:58:37.547+0000] {processor.py:753} INFO - DAG(s) dict_keys(['latest_only_with_trigger']) retrieved from /home/airflow/.local/lib/python3.7/site-packages/airflow/example_dags/example_latest_only_with_trigger.py
[2023-03-21T16:58:37.568+0000] {logging_mixin.py:137} INFO - [2023-03-21T16:58:37.568+0000] {dag.py:2693} INFO - Sync 1 DAGs
[2023-03-21T16:58:37.585+0000] {logging_mixin.py:137} INFO - [2023-03-21T16:58:37.585+0000] {dag.py:3444} INFO - Setting next_dagrun for latest_only_with_trigger to 2023-03-21T12:58:37.585169+00:00, run_after=2023-03-21T16:58:37.585169+00:00
[2023-03-21T16:58:37.597+0000] {processor.py:175} INFO - Processing /home/airflow/.local/lib/python3.7/site-packages/airflow/example_dags/example_latest_only_with_trigger.py took 0.065 seconds
[2023-03-21T16:59:08.206+0000] {processor.py:153} INFO - Started process (PID=654) to work on /home/airflow/.local/lib/python3.7/site-packages/airflow/example_dags/example_latest_only_with_trigger.py
[2023-03-21T16:59:08.207+0000] {processor.py:743} INFO - Processing file /home/airflow/.local/lib/python3.7/site-packages/airflow/example_dags/example_latest_only_with_trigger.py for tasks to queue
[2023-03-21T16:59:08.208+0000] {logging_mixin.py:137} INFO - [2023-03-21T16:59:08.208+0000] {dagbag.py:532} INFO - Filling up the DagBag from /home/airflow/.local/lib/python3.7/site-packages/airflow/example_dags/example_latest_only_with_trigger.py
[2023-03-21T16:59:08.218+0000] {processor.py:753} INFO - DAG(s) dict_keys(['latest_only_with_trigger']) retrieved from /home/airflow/.local/lib/python3.7/site-packages/airflow/example_dags/example_latest_only_with_trigger.py
[2023-03-21T16:59:08.237+0000] {logging_mixin.py:137} INFO - [2023-03-21T16:59:08.237+0000] {dag.py:2693} INFO - Sync 1 DAGs
[2023-03-21T16:59:08.252+0000] {logging_mixin.py:137} INFO - [2023-03-21T16:59:08.252+0000] {dag.py:3444} INFO - Setting next_dagrun for latest_only_with_trigger to 2023-03-21T12:59:08.252587+00:00, run_after=2023-03-21T16:59:08.252587+00:00
[2023-03-21T16:59:08.263+0000] {processor.py:175} INFO - Processing /home/airflow/.local/lib/python3.7/site-packages/airflow/example_dags/example_latest_only_with_trigger.py took 0.060 seconds
[2023-03-21T16:59:39.164+0000] {processor.py:153} INFO - Started process (PID=704) to work on /home/airflow/.local/lib/python3.7/site-packages/airflow/example_dags/example_latest_only_with_trigger.py
[2023-03-21T16:59:39.165+0000] {processor.py:743} INFO - Processing file /home/airflow/.local/lib/python3.7/site-packages/airflow/example_dags/example_latest_only_with_trigger.py for tasks to queue
[2023-03-21T16:59:39.166+0000] {logging_mixin.py:137} INFO - [2023-03-21T16:59:39.166+0000] {dagbag.py:532} INFO - Filling up the DagBag from /home/airflow/.local/lib/python3.7/site-packages/airflow/example_dags/example_latest_only_with_trigger.py
[2023-03-21T16:59:39.176+0000] {processor.py:753} INFO - DAG(s) dict_keys(['latest_only_with_trigger']) retrieved from /home/airflow/.local/lib/python3.7/site-packages/airflow/example_dags/example_latest_only_with_trigger.py
[2023-03-21T16:59:39.196+0000] {logging_mixin.py:137} INFO - [2023-03-21T16:59:39.195+0000] {dag.py:2693} INFO - Sync 1 DAGs
[2023-03-21T16:59:39.212+0000] {logging_mixin.py:137} INFO - [2023-03-21T16:59:39.212+0000] {dag.py:3444} INFO - Setting next_dagrun for latest_only_with_trigger to 2023-03-21T12:59:39.212421+00:00, run_after=2023-03-21T16:59:39.212421+00:00
[2023-03-21T16:59:39.224+0000] {processor.py:175} INFO - Processing /home/airflow/.local/lib/python3.7/site-packages/airflow/example_dags/example_latest_only_with_trigger.py took 0.063 seconds
[2023-03-21T17:00:10.035+0000] {processor.py:153} INFO - Started process (PID=754) to work on /home/airflow/.local/lib/python3.7/site-packages/airflow/example_dags/example_latest_only_with_trigger.py
[2023-03-21T17:00:10.036+0000] {processor.py:743} INFO - Processing file /home/airflow/.local/lib/python3.7/site-packages/airflow/example_dags/example_latest_only_with_trigger.py for tasks to queue
[2023-03-21T17:00:10.037+0000] {logging_mixin.py:137} INFO - [2023-03-21T17:00:10.037+0000] {dagbag.py:532} INFO - Filling up the DagBag from /home/airflow/.local/lib/python3.7/site-packages/airflow/example_dags/example_latest_only_with_trigger.py
[2023-03-21T17:00:10.049+0000] {processor.py:753} INFO - DAG(s) dict_keys(['latest_only_with_trigger']) retrieved from /home/airflow/.local/lib/python3.7/site-packages/airflow/example_dags/example_latest_only_with_trigger.py
[2023-03-21T17:00:10.071+0000] {logging_mixin.py:137} INFO - [2023-03-21T17:00:10.071+0000] {dag.py:2693} INFO - Sync 1 DAGs
[2023-03-21T17:00:10.089+0000] {logging_mixin.py:137} INFO - [2023-03-21T17:00:10.088+0000] {dag.py:3444} INFO - Setting next_dagrun for latest_only_with_trigger to 2023-03-21T13:00:10.088687+00:00, run_after=2023-03-21T17:00:10.088687+00:00
[2023-03-21T17:00:10.101+0000] {processor.py:175} INFO - Processing /home/airflow/.local/lib/python3.7/site-packages/airflow/example_dags/example_latest_only_with_trigger.py took 0.069 seconds
[2023-03-21T17:00:41.017+0000] {processor.py:153} INFO - Started process (PID=804) to work on /home/airflow/.local/lib/python3.7/site-packages/airflow/example_dags/example_latest_only_with_trigger.py
[2023-03-21T17:00:41.018+0000] {processor.py:743} INFO - Processing file /home/airflow/.local/lib/python3.7/site-packages/airflow/example_dags/example_latest_only_with_trigger.py for tasks to queue
[2023-03-21T17:00:41.019+0000] {logging_mixin.py:137} INFO - [2023-03-21T17:00:41.019+0000] {dagbag.py:532} INFO - Filling up the DagBag from /home/airflow/.local/lib/python3.7/site-packages/airflow/example_dags/example_latest_only_with_trigger.py
[2023-03-21T17:00:41.028+0000] {processor.py:753} INFO - DAG(s) dict_keys(['latest_only_with_trigger']) retrieved from /home/airflow/.local/lib/python3.7/site-packages/airflow/example_dags/example_latest_only_with_trigger.py
[2023-03-21T17:00:41.047+0000] {logging_mixin.py:137} INFO - [2023-03-21T17:00:41.047+0000] {dag.py:2693} INFO - Sync 1 DAGs
[2023-03-21T17:00:41.063+0000] {logging_mixin.py:137} INFO - [2023-03-21T17:00:41.063+0000] {dag.py:3444} INFO - Setting next_dagrun for latest_only_with_trigger to 2023-03-21T13:00:41.063584+00:00, run_after=2023-03-21T17:00:41.063584+00:00
[2023-03-21T17:00:41.075+0000] {processor.py:175} INFO - Processing /home/airflow/.local/lib/python3.7/site-packages/airflow/example_dags/example_latest_only_with_trigger.py took 0.061 seconds
[2023-03-21T17:01:11.822+0000] {processor.py:153} INFO - Started process (PID=854) to work on /home/airflow/.local/lib/python3.7/site-packages/airflow/example_dags/example_latest_only_with_trigger.py
[2023-03-21T17:01:11.823+0000] {processor.py:743} INFO - Processing file /home/airflow/.local/lib/python3.7/site-packages/airflow/example_dags/example_latest_only_with_trigger.py for tasks to queue
[2023-03-21T17:01:11.824+0000] {logging_mixin.py:137} INFO - [2023-03-21T17:01:11.824+0000] {dagbag.py:532} INFO - Filling up the DagBag from /home/airflow/.local/lib/python3.7/site-packages/airflow/example_dags/example_latest_only_with_trigger.py
[2023-03-21T17:01:11.835+0000] {processor.py:753} INFO - DAG(s) dict_keys(['latest_only_with_trigger']) retrieved from /home/airflow/.local/lib/python3.7/site-packages/airflow/example_dags/example_latest_only_with_trigger.py
[2023-03-21T17:01:11.854+0000] {logging_mixin.py:137} INFO - [2023-03-21T17:01:11.854+0000] {dag.py:2693} INFO - Sync 1 DAGs
[2023-03-21T17:01:11.874+0000] {logging_mixin.py:137} INFO - [2023-03-21T17:01:11.874+0000] {dag.py:3444} INFO - Setting next_dagrun for latest_only_with_trigger to 2023-03-21T13:01:11.874056+00:00, run_after=2023-03-21T17:01:11.874056+00:00
[2023-03-21T17:01:11.886+0000] {processor.py:175} INFO - Processing /home/airflow/.local/lib/python3.7/site-packages/airflow/example_dags/example_latest_only_with_trigger.py took 0.066 seconds
[2023-03-21T17:01:42.444+0000] {processor.py:153} INFO - Started process (PID=904) to work on /home/airflow/.local/lib/python3.7/site-packages/airflow/example_dags/example_latest_only_with_trigger.py
[2023-03-21T17:01:42.445+0000] {processor.py:743} INFO - Processing file /home/airflow/.local/lib/python3.7/site-packages/airflow/example_dags/example_latest_only_with_trigger.py for tasks to queue
[2023-03-21T17:01:42.446+0000] {logging_mixin.py:137} INFO - [2023-03-21T17:01:42.446+0000] {dagbag.py:532} INFO - Filling up the DagBag from /home/airflow/.local/lib/python3.7/site-packages/airflow/example_dags/example_latest_only_with_trigger.py
[2023-03-21T17:01:42.460+0000] {processor.py:753} INFO - DAG(s) dict_keys(['latest_only_with_trigger']) retrieved from /home/airflow/.local/lib/python3.7/site-packages/airflow/example_dags/example_latest_only_with_trigger.py
[2023-03-21T17:01:42.483+0000] {logging_mixin.py:137} INFO - [2023-03-21T17:01:42.483+0000] {dag.py:2693} INFO - Sync 1 DAGs
[2023-03-21T17:01:42.500+0000] {logging_mixin.py:137} INFO - [2023-03-21T17:01:42.500+0000] {dag.py:3444} INFO - Setting next_dagrun for latest_only_with_trigger to 2023-03-21T13:01:42.500065+00:00, run_after=2023-03-21T17:01:42.500065+00:00
[2023-03-21T17:01:42.513+0000] {processor.py:175} INFO - Processing /home/airflow/.local/lib/python3.7/site-packages/airflow/example_dags/example_latest_only_with_trigger.py took 0.071 seconds
[2023-03-21T17:02:13.096+0000] {processor.py:153} INFO - Started process (PID=954) to work on /home/airflow/.local/lib/python3.7/site-packages/airflow/example_dags/example_latest_only_with_trigger.py
[2023-03-21T17:02:13.097+0000] {processor.py:743} INFO - Processing file /home/airflow/.local/lib/python3.7/site-packages/airflow/example_dags/example_latest_only_with_trigger.py for tasks to queue
[2023-03-21T17:02:13.098+0000] {logging_mixin.py:137} INFO - [2023-03-21T17:02:13.098+0000] {dagbag.py:532} INFO - Filling up the DagBag from /home/airflow/.local/lib/python3.7/site-packages/airflow/example_dags/example_latest_only_with_trigger.py
[2023-03-21T17:02:13.108+0000] {processor.py:753} INFO - DAG(s) dict_keys(['latest_only_with_trigger']) retrieved from /home/airflow/.local/lib/python3.7/site-packages/airflow/example_dags/example_latest_only_with_trigger.py
[2023-03-21T17:02:13.128+0000] {logging_mixin.py:137} INFO - [2023-03-21T17:02:13.128+0000] {dag.py:2693} INFO - Sync 1 DAGs
[2023-03-21T17:02:13.145+0000] {logging_mixin.py:137} INFO - [2023-03-21T17:02:13.145+0000] {dag.py:3444} INFO - Setting next_dagrun for latest_only_with_trigger to 2023-03-21T13:02:13.144811+00:00, run_after=2023-03-21T17:02:13.144811+00:00
[2023-03-21T17:02:13.156+0000] {processor.py:175} INFO - Processing /home/airflow/.local/lib/python3.7/site-packages/airflow/example_dags/example_latest_only_with_trigger.py took 0.064 seconds
[2023-03-21T17:02:43.942+0000] {processor.py:153} INFO - Started process (PID=1004) to work on /home/airflow/.local/lib/python3.7/site-packages/airflow/example_dags/example_latest_only_with_trigger.py
[2023-03-21T17:02:43.943+0000] {processor.py:743} INFO - Processing file /home/airflow/.local/lib/python3.7/site-packages/airflow/example_dags/example_latest_only_with_trigger.py for tasks to queue
[2023-03-21T17:02:43.944+0000] {logging_mixin.py:137} INFO - [2023-03-21T17:02:43.944+0000] {dagbag.py:532} INFO - Filling up the DagBag from /home/airflow/.local/lib/python3.7/site-packages/airflow/example_dags/example_latest_only_with_trigger.py
[2023-03-21T17:02:43.956+0000] {processor.py:753} INFO - DAG(s) dict_keys(['latest_only_with_trigger']) retrieved from /home/airflow/.local/lib/python3.7/site-packages/airflow/example_dags/example_latest_only_with_trigger.py
[2023-03-21T17:02:43.978+0000] {logging_mixin.py:137} INFO - [2023-03-21T17:02:43.978+0000] {dag.py:2693} INFO - Sync 1 DAGs
[2023-03-21T17:02:43.996+0000] {logging_mixin.py:137} INFO - [2023-03-21T17:02:43.996+0000] {dag.py:3444} INFO - Setting next_dagrun for latest_only_with_trigger to 2023-03-21T13:02:43.995858+00:00, run_after=2023-03-21T17:02:43.995858+00:00
[2023-03-21T17:02:44.008+0000] {processor.py:175} INFO - Processing /home/airflow/.local/lib/python3.7/site-packages/airflow/example_dags/example_latest_only_with_trigger.py took 0.069 seconds
[2023-03-21T17:03:14.224+0000] {processor.py:153} INFO - Started process (PID=1054) to work on /home/airflow/.local/lib/python3.7/site-packages/airflow/example_dags/example_latest_only_with_trigger.py
[2023-03-21T17:03:14.225+0000] {processor.py:743} INFO - Processing file /home/airflow/.local/lib/python3.7/site-packages/airflow/example_dags/example_latest_only_with_trigger.py for tasks to queue
[2023-03-21T17:03:14.226+0000] {logging_mixin.py:137} INFO - [2023-03-21T17:03:14.226+0000] {dagbag.py:532} INFO - Filling up the DagBag from /home/airflow/.local/lib/python3.7/site-packages/airflow/example_dags/example_latest_only_with_trigger.py
[2023-03-21T17:03:14.237+0000] {processor.py:753} INFO - DAG(s) dict_keys(['latest_only_with_trigger']) retrieved from /home/airflow/.local/lib/python3.7/site-packages/airflow/example_dags/example_latest_only_with_trigger.py
[2023-03-21T17:03:14.256+0000] {logging_mixin.py:137} INFO - [2023-03-21T17:03:14.256+0000] {dag.py:2693} INFO - Sync 1 DAGs
[2023-03-21T17:03:14.272+0000] {logging_mixin.py:137} INFO - [2023-03-21T17:03:14.272+0000] {dag.py:3444} INFO - Setting next_dagrun for latest_only_with_trigger to 2023-03-21T13:03:14.272003+00:00, run_after=2023-03-21T17:03:14.272003+00:00
[2023-03-21T17:03:14.282+0000] {processor.py:175} INFO - Processing /home/airflow/.local/lib/python3.7/site-packages/airflow/example_dags/example_latest_only_with_trigger.py took 0.062 seconds
[2023-03-21T17:03:44.848+0000] {processor.py:153} INFO - Started process (PID=1104) to work on /home/airflow/.local/lib/python3.7/site-packages/airflow/example_dags/example_latest_only_with_trigger.py
[2023-03-21T17:03:44.850+0000] {processor.py:743} INFO - Processing file /home/airflow/.local/lib/python3.7/site-packages/airflow/example_dags/example_latest_only_with_trigger.py for tasks to queue
[2023-03-21T17:03:44.850+0000] {logging_mixin.py:137} INFO - [2023-03-21T17:03:44.850+0000] {dagbag.py:532} INFO - Filling up the DagBag from /home/airflow/.local/lib/python3.7/site-packages/airflow/example_dags/example_latest_only_with_trigger.py
[2023-03-21T17:03:44.862+0000] {processor.py:753} INFO - DAG(s) dict_keys(['latest_only_with_trigger']) retrieved from /home/airflow/.local/lib/python3.7/site-packages/airflow/example_dags/example_latest_only_with_trigger.py
[2023-03-21T17:03:44.884+0000] {logging_mixin.py:137} INFO - [2023-03-21T17:03:44.884+0000] {dag.py:2693} INFO - Sync 1 DAGs
[2023-03-21T17:03:44.901+0000] {logging_mixin.py:137} INFO - [2023-03-21T17:03:44.901+0000] {dag.py:3444} INFO - Setting next_dagrun for latest_only_with_trigger to 2023-03-21T13:03:44.901509+00:00, run_after=2023-03-21T17:03:44.901509+00:00
[2023-03-21T17:03:44.914+0000] {processor.py:175} INFO - Processing /home/airflow/.local/lib/python3.7/site-packages/airflow/example_dags/example_latest_only_with_trigger.py took 0.068 seconds
[2023-03-21T17:04:15.889+0000] {processor.py:153} INFO - Started process (PID=1153) to work on /home/airflow/.local/lib/python3.7/site-packages/airflow/example_dags/example_latest_only_with_trigger.py
[2023-03-21T17:04:15.891+0000] {processor.py:743} INFO - Processing file /home/airflow/.local/lib/python3.7/site-packages/airflow/example_dags/example_latest_only_with_trigger.py for tasks to queue
[2023-03-21T17:04:15.891+0000] {logging_mixin.py:137} INFO - [2023-03-21T17:04:15.891+0000] {dagbag.py:532} INFO - Filling up the DagBag from /home/airflow/.local/lib/python3.7/site-packages/airflow/example_dags/example_latest_only_with_trigger.py
[2023-03-21T17:04:15.902+0000] {processor.py:753} INFO - DAG(s) dict_keys(['latest_only_with_trigger']) retrieved from /home/airflow/.local/lib/python3.7/site-packages/airflow/example_dags/example_latest_only_with_trigger.py
[2023-03-21T17:04:15.921+0000] {logging_mixin.py:137} INFO - [2023-03-21T17:04:15.921+0000] {dag.py:2693} INFO - Sync 1 DAGs
[2023-03-21T17:04:15.939+0000] {logging_mixin.py:137} INFO - [2023-03-21T17:04:15.938+0000] {dag.py:3444} INFO - Setting next_dagrun for latest_only_with_trigger to 2023-03-21T13:04:15.938747+00:00, run_after=2023-03-21T17:04:15.938747+00:00
[2023-03-21T17:04:15.950+0000] {processor.py:175} INFO - Processing /home/airflow/.local/lib/python3.7/site-packages/airflow/example_dags/example_latest_only_with_trigger.py took 0.063 seconds
[2023-03-21T17:04:46.506+0000] {processor.py:153} INFO - Started process (PID=1203) to work on /home/airflow/.local/lib/python3.7/site-packages/airflow/example_dags/example_latest_only_with_trigger.py
[2023-03-21T17:04:46.507+0000] {processor.py:743} INFO - Processing file /home/airflow/.local/lib/python3.7/site-packages/airflow/example_dags/example_latest_only_with_trigger.py for tasks to queue
[2023-03-21T17:04:46.508+0000] {logging_mixin.py:137} INFO - [2023-03-21T17:04:46.508+0000] {dagbag.py:532} INFO - Filling up the DagBag from /home/airflow/.local/lib/python3.7/site-packages/airflow/example_dags/example_latest_only_with_trigger.py
[2023-03-21T17:04:46.517+0000] {processor.py:753} INFO - DAG(s) dict_keys(['latest_only_with_trigger']) retrieved from /home/airflow/.local/lib/python3.7/site-packages/airflow/example_dags/example_latest_only_with_trigger.py
[2023-03-21T17:04:46.536+0000] {logging_mixin.py:137} INFO - [2023-03-21T17:04:46.536+0000] {dag.py:2693} INFO - Sync 1 DAGs
[2023-03-21T17:04:46.552+0000] {logging_mixin.py:137} INFO - [2023-03-21T17:04:46.552+0000] {dag.py:3444} INFO - Setting next_dagrun for latest_only_with_trigger to 2023-03-21T13:04:46.552573+00:00, run_after=2023-03-21T17:04:46.552573+00:00
[2023-03-21T17:04:46.563+0000] {processor.py:175} INFO - Processing /home/airflow/.local/lib/python3.7/site-packages/airflow/example_dags/example_latest_only_with_trigger.py took 0.059 seconds
[2023-03-21T17:05:17.330+0000] {processor.py:153} INFO - Started process (PID=1253) to work on /home/airflow/.local/lib/python3.7/site-packages/airflow/example_dags/example_latest_only_with_trigger.py
[2023-03-21T17:05:17.331+0000] {processor.py:743} INFO - Processing file /home/airflow/.local/lib/python3.7/site-packages/airflow/example_dags/example_latest_only_with_trigger.py for tasks to queue
[2023-03-21T17:05:17.333+0000] {logging_mixin.py:137} INFO - [2023-03-21T17:05:17.333+0000] {dagbag.py:532} INFO - Filling up the DagBag from /home/airflow/.local/lib/python3.7/site-packages/airflow/example_dags/example_latest_only_with_trigger.py
[2023-03-21T17:05:17.343+0000] {processor.py:753} INFO - DAG(s) dict_keys(['latest_only_with_trigger']) retrieved from /home/airflow/.local/lib/python3.7/site-packages/airflow/example_dags/example_latest_only_with_trigger.py
[2023-03-21T17:05:17.366+0000] {logging_mixin.py:137} INFO - [2023-03-21T17:05:17.366+0000] {dag.py:2693} INFO - Sync 1 DAGs
[2023-03-21T17:05:17.384+0000] {logging_mixin.py:137} INFO - [2023-03-21T17:05:17.384+0000] {dag.py:3444} INFO - Setting next_dagrun for latest_only_with_trigger to 2023-03-21T13:05:17.384515+00:00, run_after=2023-03-21T17:05:17.384515+00:00
[2023-03-21T17:05:17.399+0000] {processor.py:175} INFO - Processing /home/airflow/.local/lib/python3.7/site-packages/airflow/example_dags/example_latest_only_with_trigger.py took 0.072 seconds
[2023-03-21T17:05:48.110+0000] {processor.py:153} INFO - Started process (PID=1302) to work on /home/airflow/.local/lib/python3.7/site-packages/airflow/example_dags/example_latest_only_with_trigger.py
[2023-03-21T17:05:48.111+0000] {processor.py:743} INFO - Processing file /home/airflow/.local/lib/python3.7/site-packages/airflow/example_dags/example_latest_only_with_trigger.py for tasks to queue
[2023-03-21T17:05:48.112+0000] {logging_mixin.py:137} INFO - [2023-03-21T17:05:48.112+0000] {dagbag.py:532} INFO - Filling up the DagBag from /home/airflow/.local/lib/python3.7/site-packages/airflow/example_dags/example_latest_only_with_trigger.py
[2023-03-21T17:05:48.123+0000] {processor.py:753} INFO - DAG(s) dict_keys(['latest_only_with_trigger']) retrieved from /home/airflow/.local/lib/python3.7/site-packages/airflow/example_dags/example_latest_only_with_trigger.py
[2023-03-21T17:05:48.142+0000] {logging_mixin.py:137} INFO - [2023-03-21T17:05:48.142+0000] {dag.py:2693} INFO - Sync 1 DAGs
[2023-03-21T17:05:48.157+0000] {logging_mixin.py:137} INFO - [2023-03-21T17:05:48.157+0000] {dag.py:3444} INFO - Setting next_dagrun for latest_only_with_trigger to 2023-03-21T13:05:48.157257+00:00, run_after=2023-03-21T17:05:48.157257+00:00
[2023-03-21T17:05:48.168+0000] {processor.py:175} INFO - Processing /home/airflow/.local/lib/python3.7/site-packages/airflow/example_dags/example_latest_only_with_trigger.py took 0.061 seconds
[2023-03-21T17:06:18.859+0000] {processor.py:153} INFO - Started process (PID=1352) to work on /home/airflow/.local/lib/python3.7/site-packages/airflow/example_dags/example_latest_only_with_trigger.py
[2023-03-21T17:06:18.860+0000] {processor.py:743} INFO - Processing file /home/airflow/.local/lib/python3.7/site-packages/airflow/example_dags/example_latest_only_with_trigger.py for tasks to queue
[2023-03-21T17:06:18.860+0000] {logging_mixin.py:137} INFO - [2023-03-21T17:06:18.860+0000] {dagbag.py:532} INFO - Filling up the DagBag from /home/airflow/.local/lib/python3.7/site-packages/airflow/example_dags/example_latest_only_with_trigger.py
[2023-03-21T17:06:18.870+0000] {processor.py:753} INFO - DAG(s) dict_keys(['latest_only_with_trigger']) retrieved from /home/airflow/.local/lib/python3.7/site-packages/airflow/example_dags/example_latest_only_with_trigger.py
[2023-03-21T17:06:18.889+0000] {logging_mixin.py:137} INFO - [2023-03-21T17:06:18.888+0000] {dag.py:2693} INFO - Sync 1 DAGs
[2023-03-21T17:06:18.904+0000] {logging_mixin.py:137} INFO - [2023-03-21T17:06:18.904+0000] {dag.py:3444} INFO - Setting next_dagrun for latest_only_with_trigger to 2023-03-21T13:06:18.904598+00:00, run_after=2023-03-21T17:06:18.904598+00:00
[2023-03-21T17:06:18.915+0000] {processor.py:175} INFO - Processing /home/airflow/.local/lib/python3.7/site-packages/airflow/example_dags/example_latest_only_with_trigger.py took 0.059 seconds
[2023-03-21T17:06:49.800+0000] {processor.py:153} INFO - Started process (PID=1409) to work on /home/airflow/.local/lib/python3.7/site-packages/airflow/example_dags/example_latest_only_with_trigger.py
[2023-03-21T17:06:49.802+0000] {processor.py:743} INFO - Processing file /home/airflow/.local/lib/python3.7/site-packages/airflow/example_dags/example_latest_only_with_trigger.py for tasks to queue
[2023-03-21T17:06:49.803+0000] {logging_mixin.py:137} INFO - [2023-03-21T17:06:49.803+0000] {dagbag.py:532} INFO - Filling up the DagBag from /home/airflow/.local/lib/python3.7/site-packages/airflow/example_dags/example_latest_only_with_trigger.py
[2023-03-21T17:06:49.814+0000] {processor.py:753} INFO - DAG(s) dict_keys(['latest_only_with_trigger']) retrieved from /home/airflow/.local/lib/python3.7/site-packages/airflow/example_dags/example_latest_only_with_trigger.py
[2023-03-21T17:06:49.837+0000] {logging_mixin.py:137} INFO - [2023-03-21T17:06:49.837+0000] {dag.py:2693} INFO - Sync 1 DAGs
[2023-03-21T17:06:49.853+0000] {logging_mixin.py:137} INFO - [2023-03-21T17:06:49.853+0000] {dag.py:3444} INFO - Setting next_dagrun for latest_only_with_trigger to 2023-03-21T13:06:49.853595+00:00, run_after=2023-03-21T17:06:49.853595+00:00
[2023-03-21T17:06:49.865+0000] {processor.py:175} INFO - Processing /home/airflow/.local/lib/python3.7/site-packages/airflow/example_dags/example_latest_only_with_trigger.py took 0.070 seconds
[2023-03-21T17:16:16.856+0000] {processor.py:153} INFO - Started process (PID=50) to work on /home/airflow/.local/lib/python3.7/site-packages/airflow/example_dags/example_latest_only_with_trigger.py
[2023-03-21T17:16:16.858+0000] {processor.py:743} INFO - Processing file /home/airflow/.local/lib/python3.7/site-packages/airflow/example_dags/example_latest_only_with_trigger.py for tasks to queue
[2023-03-21T17:16:16.861+0000] {logging_mixin.py:137} INFO - [2023-03-21T17:16:16.861+0000] {dagbag.py:532} INFO - Filling up the DagBag from /home/airflow/.local/lib/python3.7/site-packages/airflow/example_dags/example_latest_only_with_trigger.py
[2023-03-21T17:16:16.905+0000] {processor.py:753} INFO - DAG(s) dict_keys(['latest_only_with_trigger']) retrieved from /home/airflow/.local/lib/python3.7/site-packages/airflow/example_dags/example_latest_only_with_trigger.py
[2023-03-21T17:16:16.928+0000] {logging_mixin.py:137} INFO - [2023-03-21T17:16:16.928+0000] {dag.py:2693} INFO - Sync 1 DAGs
[2023-03-21T17:16:17.004+0000] {logging_mixin.py:137} INFO - [2023-03-21T17:16:17.004+0000] {dag.py:3444} INFO - Setting next_dagrun for latest_only_with_trigger to 2023-03-21T13:16:17.004285+00:00, run_after=2023-03-21T17:16:17.004285+00:00
[2023-03-21T17:16:17.054+0000] {processor.py:175} INFO - Processing /home/airflow/.local/lib/python3.7/site-packages/airflow/example_dags/example_latest_only_with_trigger.py took 0.211 seconds
[2023-03-21T17:16:47.983+0000] {processor.py:153} INFO - Started process (PID=100) to work on /home/airflow/.local/lib/python3.7/site-packages/airflow/example_dags/example_latest_only_with_trigger.py
[2023-03-21T17:16:47.985+0000] {processor.py:743} INFO - Processing file /home/airflow/.local/lib/python3.7/site-packages/airflow/example_dags/example_latest_only_with_trigger.py for tasks to queue
[2023-03-21T17:16:47.986+0000] {logging_mixin.py:137} INFO - [2023-03-21T17:16:47.986+0000] {dagbag.py:532} INFO - Filling up the DagBag from /home/airflow/.local/lib/python3.7/site-packages/airflow/example_dags/example_latest_only_with_trigger.py
[2023-03-21T17:16:48.002+0000] {processor.py:753} INFO - DAG(s) dict_keys(['latest_only_with_trigger']) retrieved from /home/airflow/.local/lib/python3.7/site-packages/airflow/example_dags/example_latest_only_with_trigger.py
[2023-03-21T17:16:48.031+0000] {logging_mixin.py:137} INFO - [2023-03-21T17:16:48.031+0000] {dag.py:2693} INFO - Sync 1 DAGs
[2023-03-21T17:16:48.049+0000] {logging_mixin.py:137} INFO - [2023-03-21T17:16:48.049+0000] {dag.py:3444} INFO - Setting next_dagrun for latest_only_with_trigger to 2023-03-21T13:16:48.049520+00:00, run_after=2023-03-21T17:16:48.049520+00:00
[2023-03-21T17:16:48.060+0000] {processor.py:175} INFO - Processing /home/airflow/.local/lib/python3.7/site-packages/airflow/example_dags/example_latest_only_with_trigger.py took 0.082 seconds
[2023-03-21T17:17:22.253+0000] {processor.py:153} INFO - Started process (PID=150) to work on /home/airflow/.local/lib/python3.7/site-packages/airflow/example_dags/example_latest_only_with_trigger.py
[2023-03-21T17:17:22.255+0000] {processor.py:743} INFO - Processing file /home/airflow/.local/lib/python3.7/site-packages/airflow/example_dags/example_latest_only_with_trigger.py for tasks to queue
[2023-03-21T17:17:22.258+0000] {logging_mixin.py:137} INFO - [2023-03-21T17:17:22.258+0000] {dagbag.py:532} INFO - Filling up the DagBag from /home/airflow/.local/lib/python3.7/site-packages/airflow/example_dags/example_latest_only_with_trigger.py
[2023-03-21T17:17:22.295+0000] {processor.py:753} INFO - DAG(s) dict_keys(['latest_only_with_trigger']) retrieved from /home/airflow/.local/lib/python3.7/site-packages/airflow/example_dags/example_latest_only_with_trigger.py
[2023-03-21T17:17:22.372+0000] {logging_mixin.py:137} INFO - [2023-03-21T17:17:22.372+0000] {dag.py:2693} INFO - Sync 1 DAGs
[2023-03-21T17:17:22.406+0000] {logging_mixin.py:137} INFO - [2023-03-21T17:17:22.406+0000] {dag.py:3444} INFO - Setting next_dagrun for latest_only_with_trigger to 2023-03-21T13:17:22.405351+00:00, run_after=2023-03-21T17:17:22.405351+00:00
[2023-03-21T17:17:22.454+0000] {processor.py:175} INFO - Processing /home/airflow/.local/lib/python3.7/site-packages/airflow/example_dags/example_latest_only_with_trigger.py took 0.204 seconds
[2023-03-21T17:17:53.143+0000] {processor.py:153} INFO - Started process (PID=199) to work on /home/airflow/.local/lib/python3.7/site-packages/airflow/example_dags/example_latest_only_with_trigger.py
[2023-03-21T17:17:53.145+0000] {processor.py:743} INFO - Processing file /home/airflow/.local/lib/python3.7/site-packages/airflow/example_dags/example_latest_only_with_trigger.py for tasks to queue
[2023-03-21T17:17:53.146+0000] {logging_mixin.py:137} INFO - [2023-03-21T17:17:53.146+0000] {dagbag.py:532} INFO - Filling up the DagBag from /home/airflow/.local/lib/python3.7/site-packages/airflow/example_dags/example_latest_only_with_trigger.py
[2023-03-21T17:17:53.160+0000] {processor.py:753} INFO - DAG(s) dict_keys(['latest_only_with_trigger']) retrieved from /home/airflow/.local/lib/python3.7/site-packages/airflow/example_dags/example_latest_only_with_trigger.py
[2023-03-21T17:17:53.187+0000] {logging_mixin.py:137} INFO - [2023-03-21T17:17:53.187+0000] {dag.py:2693} INFO - Sync 1 DAGs
[2023-03-21T17:17:53.204+0000] {logging_mixin.py:137} INFO - [2023-03-21T17:17:53.204+0000] {dag.py:3444} INFO - Setting next_dagrun for latest_only_with_trigger to 2023-03-21T13:17:53.204230+00:00, run_after=2023-03-21T17:17:53.204230+00:00
[2023-03-21T17:17:53.215+0000] {processor.py:175} INFO - Processing /home/airflow/.local/lib/python3.7/site-packages/airflow/example_dags/example_latest_only_with_trigger.py took 0.077 seconds
