[2023-03-21T15:25:54.328+0000] {processor.py:153} INFO - Started process (PID=58) to work on /home/airflow/.local/lib/python3.7/site-packages/airflow/example_dags/example_sensor_decorator.py
[2023-03-21T15:25:54.329+0000] {processor.py:743} INFO - Processing file /home/airflow/.local/lib/python3.7/site-packages/airflow/example_dags/example_sensor_decorator.py for tasks to queue
[2023-03-21T15:25:54.330+0000] {logging_mixin.py:137} INFO - [2023-03-21T15:25:54.330+0000] {dagbag.py:532} INFO - Filling up the DagBag from /home/airflow/.local/lib/python3.7/site-packages/airflow/example_dags/example_sensor_decorator.py
[2023-03-21T15:25:54.373+0000] {processor.py:753} INFO - DAG(s) dict_keys(['example_sensor_decorator']) retrieved from /home/airflow/.local/lib/python3.7/site-packages/airflow/example_dags/example_sensor_decorator.py
[2023-03-21T15:25:54.409+0000] {logging_mixin.py:137} INFO - [2023-03-21T15:25:54.409+0000] {dag.py:2693} INFO - Sync 1 DAGs
[2023-03-21T15:25:54.441+0000] {logging_mixin.py:137} INFO - [2023-03-21T15:25:54.441+0000] {dag.py:3444} INFO - Setting next_dagrun for example_sensor_decorator to None, run_after=None
[2023-03-21T15:25:54.462+0000] {processor.py:175} INFO - Processing /home/airflow/.local/lib/python3.7/site-packages/airflow/example_dags/example_sensor_decorator.py took 0.138 seconds
[2023-03-21T15:26:25.408+0000] {processor.py:153} INFO - Started process (PID=107) to work on /home/airflow/.local/lib/python3.7/site-packages/airflow/example_dags/example_sensor_decorator.py
[2023-03-21T15:26:25.411+0000] {processor.py:743} INFO - Processing file /home/airflow/.local/lib/python3.7/site-packages/airflow/example_dags/example_sensor_decorator.py for tasks to queue
[2023-03-21T15:26:25.412+0000] {logging_mixin.py:137} INFO - [2023-03-21T15:26:25.411+0000] {dagbag.py:532} INFO - Filling up the DagBag from /home/airflow/.local/lib/python3.7/site-packages/airflow/example_dags/example_sensor_decorator.py
[2023-03-21T15:26:25.433+0000] {processor.py:753} INFO - DAG(s) dict_keys(['example_sensor_decorator']) retrieved from /home/airflow/.local/lib/python3.7/site-packages/airflow/example_dags/example_sensor_decorator.py
[2023-03-21T15:26:25.463+0000] {logging_mixin.py:137} INFO - [2023-03-21T15:26:25.463+0000] {dag.py:2693} INFO - Sync 1 DAGs
[2023-03-21T15:26:25.483+0000] {logging_mixin.py:137} INFO - [2023-03-21T15:26:25.483+0000] {dag.py:3444} INFO - Setting next_dagrun for example_sensor_decorator to None, run_after=None
[2023-03-21T15:26:25.502+0000] {processor.py:175} INFO - Processing /home/airflow/.local/lib/python3.7/site-packages/airflow/example_dags/example_sensor_decorator.py took 0.098 seconds
[2023-03-21T15:26:55.976+0000] {processor.py:153} INFO - Started process (PID=157) to work on /home/airflow/.local/lib/python3.7/site-packages/airflow/example_dags/example_sensor_decorator.py
[2023-03-21T15:26:55.978+0000] {processor.py:743} INFO - Processing file /home/airflow/.local/lib/python3.7/site-packages/airflow/example_dags/example_sensor_decorator.py for tasks to queue
[2023-03-21T15:26:55.979+0000] {logging_mixin.py:137} INFO - [2023-03-21T15:26:55.979+0000] {dagbag.py:532} INFO - Filling up the DagBag from /home/airflow/.local/lib/python3.7/site-packages/airflow/example_dags/example_sensor_decorator.py
[2023-03-21T15:26:56.012+0000] {processor.py:753} INFO - DAG(s) dict_keys(['example_sensor_decorator']) retrieved from /home/airflow/.local/lib/python3.7/site-packages/airflow/example_dags/example_sensor_decorator.py
[2023-03-21T15:26:56.044+0000] {logging_mixin.py:137} INFO - [2023-03-21T15:26:56.044+0000] {dag.py:2693} INFO - Sync 1 DAGs
[2023-03-21T15:26:56.066+0000] {logging_mixin.py:137} INFO - [2023-03-21T15:26:56.066+0000] {dag.py:3444} INFO - Setting next_dagrun for example_sensor_decorator to None, run_after=None
[2023-03-21T15:26:56.080+0000] {processor.py:175} INFO - Processing /home/airflow/.local/lib/python3.7/site-packages/airflow/example_dags/example_sensor_decorator.py took 0.106 seconds
[2023-03-21T15:27:26.726+0000] {processor.py:153} INFO - Started process (PID=205) to work on /home/airflow/.local/lib/python3.7/site-packages/airflow/example_dags/example_sensor_decorator.py
[2023-03-21T15:27:26.728+0000] {processor.py:743} INFO - Processing file /home/airflow/.local/lib/python3.7/site-packages/airflow/example_dags/example_sensor_decorator.py for tasks to queue
[2023-03-21T15:27:26.728+0000] {logging_mixin.py:137} INFO - [2023-03-21T15:27:26.728+0000] {dagbag.py:532} INFO - Filling up the DagBag from /home/airflow/.local/lib/python3.7/site-packages/airflow/example_dags/example_sensor_decorator.py
[2023-03-21T15:27:26.743+0000] {processor.py:753} INFO - DAG(s) dict_keys(['example_sensor_decorator']) retrieved from /home/airflow/.local/lib/python3.7/site-packages/airflow/example_dags/example_sensor_decorator.py
[2023-03-21T15:27:26.761+0000] {logging_mixin.py:137} INFO - [2023-03-21T15:27:26.761+0000] {dag.py:2693} INFO - Sync 1 DAGs
[2023-03-21T15:27:26.776+0000] {logging_mixin.py:137} INFO - [2023-03-21T15:27:26.776+0000] {dag.py:3444} INFO - Setting next_dagrun for example_sensor_decorator to None, run_after=None
[2023-03-21T15:27:26.788+0000] {processor.py:175} INFO - Processing /home/airflow/.local/lib/python3.7/site-packages/airflow/example_dags/example_sensor_decorator.py took 0.064 seconds
[2023-03-21T15:27:57.078+0000] {processor.py:153} INFO - Started process (PID=254) to work on /home/airflow/.local/lib/python3.7/site-packages/airflow/example_dags/example_sensor_decorator.py
[2023-03-21T15:27:57.079+0000] {processor.py:743} INFO - Processing file /home/airflow/.local/lib/python3.7/site-packages/airflow/example_dags/example_sensor_decorator.py for tasks to queue
[2023-03-21T15:27:57.080+0000] {logging_mixin.py:137} INFO - [2023-03-21T15:27:57.080+0000] {dagbag.py:532} INFO - Filling up the DagBag from /home/airflow/.local/lib/python3.7/site-packages/airflow/example_dags/example_sensor_decorator.py
[2023-03-21T15:27:57.094+0000] {processor.py:753} INFO - DAG(s) dict_keys(['example_sensor_decorator']) retrieved from /home/airflow/.local/lib/python3.7/site-packages/airflow/example_dags/example_sensor_decorator.py
[2023-03-21T15:27:57.112+0000] {logging_mixin.py:137} INFO - [2023-03-21T15:27:57.111+0000] {dag.py:2693} INFO - Sync 1 DAGs
[2023-03-21T15:27:57.126+0000] {logging_mixin.py:137} INFO - [2023-03-21T15:27:57.126+0000] {dag.py:3444} INFO - Setting next_dagrun for example_sensor_decorator to None, run_after=None
[2023-03-21T15:27:57.137+0000] {processor.py:175} INFO - Processing /home/airflow/.local/lib/python3.7/site-packages/airflow/example_dags/example_sensor_decorator.py took 0.061 seconds
[2023-03-21T15:28:27.511+0000] {processor.py:153} INFO - Started process (PID=303) to work on /home/airflow/.local/lib/python3.7/site-packages/airflow/example_dags/example_sensor_decorator.py
[2023-03-21T15:28:27.512+0000] {processor.py:743} INFO - Processing file /home/airflow/.local/lib/python3.7/site-packages/airflow/example_dags/example_sensor_decorator.py for tasks to queue
[2023-03-21T15:28:27.513+0000] {logging_mixin.py:137} INFO - [2023-03-21T15:28:27.513+0000] {dagbag.py:532} INFO - Filling up the DagBag from /home/airflow/.local/lib/python3.7/site-packages/airflow/example_dags/example_sensor_decorator.py
[2023-03-21T15:28:27.527+0000] {processor.py:753} INFO - DAG(s) dict_keys(['example_sensor_decorator']) retrieved from /home/airflow/.local/lib/python3.7/site-packages/airflow/example_dags/example_sensor_decorator.py
[2023-03-21T15:28:27.545+0000] {logging_mixin.py:137} INFO - [2023-03-21T15:28:27.544+0000] {dag.py:2693} INFO - Sync 1 DAGs
[2023-03-21T15:28:27.559+0000] {logging_mixin.py:137} INFO - [2023-03-21T15:28:27.559+0000] {dag.py:3444} INFO - Setting next_dagrun for example_sensor_decorator to None, run_after=None
[2023-03-21T15:28:27.569+0000] {processor.py:175} INFO - Processing /home/airflow/.local/lib/python3.7/site-packages/airflow/example_dags/example_sensor_decorator.py took 0.060 seconds
[2023-03-21T15:28:57.782+0000] {processor.py:153} INFO - Started process (PID=352) to work on /home/airflow/.local/lib/python3.7/site-packages/airflow/example_dags/example_sensor_decorator.py
[2023-03-21T15:28:57.784+0000] {processor.py:743} INFO - Processing file /home/airflow/.local/lib/python3.7/site-packages/airflow/example_dags/example_sensor_decorator.py for tasks to queue
[2023-03-21T15:28:57.785+0000] {logging_mixin.py:137} INFO - [2023-03-21T15:28:57.785+0000] {dagbag.py:532} INFO - Filling up the DagBag from /home/airflow/.local/lib/python3.7/site-packages/airflow/example_dags/example_sensor_decorator.py
[2023-03-21T15:28:57.799+0000] {processor.py:753} INFO - DAG(s) dict_keys(['example_sensor_decorator']) retrieved from /home/airflow/.local/lib/python3.7/site-packages/airflow/example_dags/example_sensor_decorator.py
[2023-03-21T15:28:57.816+0000] {logging_mixin.py:137} INFO - [2023-03-21T15:28:57.816+0000] {dag.py:2693} INFO - Sync 1 DAGs
[2023-03-21T15:28:57.830+0000] {logging_mixin.py:137} INFO - [2023-03-21T15:28:57.830+0000] {dag.py:3444} INFO - Setting next_dagrun for example_sensor_decorator to None, run_after=None
[2023-03-21T15:28:57.841+0000] {processor.py:175} INFO - Processing /home/airflow/.local/lib/python3.7/site-packages/airflow/example_dags/example_sensor_decorator.py took 0.062 seconds
[2023-03-21T15:29:28.071+0000] {processor.py:153} INFO - Started process (PID=401) to work on /home/airflow/.local/lib/python3.7/site-packages/airflow/example_dags/example_sensor_decorator.py
[2023-03-21T15:29:28.072+0000] {processor.py:743} INFO - Processing file /home/airflow/.local/lib/python3.7/site-packages/airflow/example_dags/example_sensor_decorator.py for tasks to queue
[2023-03-21T15:29:28.073+0000] {logging_mixin.py:137} INFO - [2023-03-21T15:29:28.073+0000] {dagbag.py:532} INFO - Filling up the DagBag from /home/airflow/.local/lib/python3.7/site-packages/airflow/example_dags/example_sensor_decorator.py
[2023-03-21T15:29:28.087+0000] {processor.py:753} INFO - DAG(s) dict_keys(['example_sensor_decorator']) retrieved from /home/airflow/.local/lib/python3.7/site-packages/airflow/example_dags/example_sensor_decorator.py
[2023-03-21T15:29:28.106+0000] {logging_mixin.py:137} INFO - [2023-03-21T15:29:28.106+0000] {dag.py:2693} INFO - Sync 1 DAGs
[2023-03-21T15:29:28.122+0000] {logging_mixin.py:137} INFO - [2023-03-21T15:29:28.122+0000] {dag.py:3444} INFO - Setting next_dagrun for example_sensor_decorator to None, run_after=None
[2023-03-21T15:29:28.134+0000] {processor.py:175} INFO - Processing /home/airflow/.local/lib/python3.7/site-packages/airflow/example_dags/example_sensor_decorator.py took 0.067 seconds
[2023-03-21T15:29:58.507+0000] {processor.py:153} INFO - Started process (PID=450) to work on /home/airflow/.local/lib/python3.7/site-packages/airflow/example_dags/example_sensor_decorator.py
[2023-03-21T15:29:58.508+0000] {processor.py:743} INFO - Processing file /home/airflow/.local/lib/python3.7/site-packages/airflow/example_dags/example_sensor_decorator.py for tasks to queue
[2023-03-21T15:29:58.509+0000] {logging_mixin.py:137} INFO - [2023-03-21T15:29:58.509+0000] {dagbag.py:532} INFO - Filling up the DagBag from /home/airflow/.local/lib/python3.7/site-packages/airflow/example_dags/example_sensor_decorator.py
[2023-03-21T15:29:58.523+0000] {processor.py:753} INFO - DAG(s) dict_keys(['example_sensor_decorator']) retrieved from /home/airflow/.local/lib/python3.7/site-packages/airflow/example_dags/example_sensor_decorator.py
[2023-03-21T15:29:58.541+0000] {logging_mixin.py:137} INFO - [2023-03-21T15:29:58.541+0000] {dag.py:2693} INFO - Sync 1 DAGs
[2023-03-21T15:29:58.555+0000] {logging_mixin.py:137} INFO - [2023-03-21T15:29:58.555+0000] {dag.py:3444} INFO - Setting next_dagrun for example_sensor_decorator to None, run_after=None
[2023-03-21T15:29:58.565+0000] {processor.py:175} INFO - Processing /home/airflow/.local/lib/python3.7/site-packages/airflow/example_dags/example_sensor_decorator.py took 0.061 seconds
[2023-03-21T15:30:29.021+0000] {processor.py:153} INFO - Started process (PID=499) to work on /home/airflow/.local/lib/python3.7/site-packages/airflow/example_dags/example_sensor_decorator.py
[2023-03-21T15:30:29.022+0000] {processor.py:743} INFO - Processing file /home/airflow/.local/lib/python3.7/site-packages/airflow/example_dags/example_sensor_decorator.py for tasks to queue
[2023-03-21T15:30:29.023+0000] {logging_mixin.py:137} INFO - [2023-03-21T15:30:29.023+0000] {dagbag.py:532} INFO - Filling up the DagBag from /home/airflow/.local/lib/python3.7/site-packages/airflow/example_dags/example_sensor_decorator.py
[2023-03-21T15:30:29.038+0000] {processor.py:753} INFO - DAG(s) dict_keys(['example_sensor_decorator']) retrieved from /home/airflow/.local/lib/python3.7/site-packages/airflow/example_dags/example_sensor_decorator.py
[2023-03-21T15:30:29.057+0000] {logging_mixin.py:137} INFO - [2023-03-21T15:30:29.057+0000] {dag.py:2693} INFO - Sync 1 DAGs
[2023-03-21T15:30:29.072+0000] {logging_mixin.py:137} INFO - [2023-03-21T15:30:29.071+0000] {dag.py:3444} INFO - Setting next_dagrun for example_sensor_decorator to None, run_after=None
[2023-03-21T15:30:29.083+0000] {processor.py:175} INFO - Processing /home/airflow/.local/lib/python3.7/site-packages/airflow/example_dags/example_sensor_decorator.py took 0.064 seconds
[2023-03-21T15:30:59.408+0000] {processor.py:153} INFO - Started process (PID=548) to work on /home/airflow/.local/lib/python3.7/site-packages/airflow/example_dags/example_sensor_decorator.py
[2023-03-21T15:30:59.409+0000] {processor.py:743} INFO - Processing file /home/airflow/.local/lib/python3.7/site-packages/airflow/example_dags/example_sensor_decorator.py for tasks to queue
[2023-03-21T15:30:59.410+0000] {logging_mixin.py:137} INFO - [2023-03-21T15:30:59.410+0000] {dagbag.py:532} INFO - Filling up the DagBag from /home/airflow/.local/lib/python3.7/site-packages/airflow/example_dags/example_sensor_decorator.py
[2023-03-21T15:30:59.425+0000] {processor.py:753} INFO - DAG(s) dict_keys(['example_sensor_decorator']) retrieved from /home/airflow/.local/lib/python3.7/site-packages/airflow/example_dags/example_sensor_decorator.py
[2023-03-21T15:30:59.447+0000] {logging_mixin.py:137} INFO - [2023-03-21T15:30:59.447+0000] {dag.py:2693} INFO - Sync 1 DAGs
[2023-03-21T15:30:59.464+0000] {logging_mixin.py:137} INFO - [2023-03-21T15:30:59.464+0000] {dag.py:3444} INFO - Setting next_dagrun for example_sensor_decorator to None, run_after=None
[2023-03-21T15:30:59.476+0000] {processor.py:175} INFO - Processing /home/airflow/.local/lib/python3.7/site-packages/airflow/example_dags/example_sensor_decorator.py took 0.071 seconds
[2023-03-21T15:31:29.890+0000] {processor.py:153} INFO - Started process (PID=596) to work on /home/airflow/.local/lib/python3.7/site-packages/airflow/example_dags/example_sensor_decorator.py
[2023-03-21T15:31:29.891+0000] {processor.py:743} INFO - Processing file /home/airflow/.local/lib/python3.7/site-packages/airflow/example_dags/example_sensor_decorator.py for tasks to queue
[2023-03-21T15:31:29.892+0000] {logging_mixin.py:137} INFO - [2023-03-21T15:31:29.892+0000] {dagbag.py:532} INFO - Filling up the DagBag from /home/airflow/.local/lib/python3.7/site-packages/airflow/example_dags/example_sensor_decorator.py
[2023-03-21T15:31:29.906+0000] {processor.py:753} INFO - DAG(s) dict_keys(['example_sensor_decorator']) retrieved from /home/airflow/.local/lib/python3.7/site-packages/airflow/example_dags/example_sensor_decorator.py
[2023-03-21T15:31:29.924+0000] {logging_mixin.py:137} INFO - [2023-03-21T15:31:29.924+0000] {dag.py:2693} INFO - Sync 1 DAGs
[2023-03-21T15:31:29.940+0000] {logging_mixin.py:137} INFO - [2023-03-21T15:31:29.940+0000] {dag.py:3444} INFO - Setting next_dagrun for example_sensor_decorator to None, run_after=None
[2023-03-21T15:31:29.951+0000] {processor.py:175} INFO - Processing /home/airflow/.local/lib/python3.7/site-packages/airflow/example_dags/example_sensor_decorator.py took 0.064 seconds
[2023-03-21T15:32:00.334+0000] {processor.py:153} INFO - Started process (PID=645) to work on /home/airflow/.local/lib/python3.7/site-packages/airflow/example_dags/example_sensor_decorator.py
[2023-03-21T15:32:00.335+0000] {processor.py:743} INFO - Processing file /home/airflow/.local/lib/python3.7/site-packages/airflow/example_dags/example_sensor_decorator.py for tasks to queue
[2023-03-21T15:32:00.336+0000] {logging_mixin.py:137} INFO - [2023-03-21T15:32:00.336+0000] {dagbag.py:532} INFO - Filling up the DagBag from /home/airflow/.local/lib/python3.7/site-packages/airflow/example_dags/example_sensor_decorator.py
[2023-03-21T15:32:00.350+0000] {processor.py:753} INFO - DAG(s) dict_keys(['example_sensor_decorator']) retrieved from /home/airflow/.local/lib/python3.7/site-packages/airflow/example_dags/example_sensor_decorator.py
[2023-03-21T15:32:00.368+0000] {logging_mixin.py:137} INFO - [2023-03-21T15:32:00.368+0000] {dag.py:2693} INFO - Sync 1 DAGs
[2023-03-21T15:32:00.383+0000] {logging_mixin.py:137} INFO - [2023-03-21T15:32:00.383+0000] {dag.py:3444} INFO - Setting next_dagrun for example_sensor_decorator to None, run_after=None
[2023-03-21T15:32:00.393+0000] {processor.py:175} INFO - Processing /home/airflow/.local/lib/python3.7/site-packages/airflow/example_dags/example_sensor_decorator.py took 0.062 seconds
[2023-03-21T16:52:56.365+0000] {processor.py:153} INFO - Started process (PID=59) to work on /home/airflow/.local/lib/python3.7/site-packages/airflow/example_dags/example_sensor_decorator.py
[2023-03-21T16:52:56.368+0000] {processor.py:743} INFO - Processing file /home/airflow/.local/lib/python3.7/site-packages/airflow/example_dags/example_sensor_decorator.py for tasks to queue
[2023-03-21T16:52:56.369+0000] {logging_mixin.py:137} INFO - [2023-03-21T16:52:56.369+0000] {dagbag.py:532} INFO - Filling up the DagBag from /home/airflow/.local/lib/python3.7/site-packages/airflow/example_dags/example_sensor_decorator.py
[2023-03-21T16:52:56.439+0000] {processor.py:753} INFO - DAG(s) dict_keys(['example_sensor_decorator']) retrieved from /home/airflow/.local/lib/python3.7/site-packages/airflow/example_dags/example_sensor_decorator.py
[2023-03-21T16:52:56.474+0000] {logging_mixin.py:137} INFO - [2023-03-21T16:52:56.473+0000] {dag.py:2693} INFO - Sync 1 DAGs
[2023-03-21T16:52:56.521+0000] {logging_mixin.py:137} INFO - [2023-03-21T16:52:56.521+0000] {dag.py:3444} INFO - Setting next_dagrun for example_sensor_decorator to None, run_after=None
[2023-03-21T16:52:56.542+0000] {processor.py:175} INFO - Processing /home/airflow/.local/lib/python3.7/site-packages/airflow/example_dags/example_sensor_decorator.py took 0.182 seconds
[2023-03-21T16:53:27.151+0000] {processor.py:153} INFO - Started process (PID=108) to work on /home/airflow/.local/lib/python3.7/site-packages/airflow/example_dags/example_sensor_decorator.py
[2023-03-21T16:53:27.153+0000] {processor.py:743} INFO - Processing file /home/airflow/.local/lib/python3.7/site-packages/airflow/example_dags/example_sensor_decorator.py for tasks to queue
[2023-03-21T16:53:27.154+0000] {logging_mixin.py:137} INFO - [2023-03-21T16:53:27.154+0000] {dagbag.py:532} INFO - Filling up the DagBag from /home/airflow/.local/lib/python3.7/site-packages/airflow/example_dags/example_sensor_decorator.py
[2023-03-21T16:53:27.168+0000] {processor.py:753} INFO - DAG(s) dict_keys(['example_sensor_decorator']) retrieved from /home/airflow/.local/lib/python3.7/site-packages/airflow/example_dags/example_sensor_decorator.py
[2023-03-21T16:53:27.189+0000] {logging_mixin.py:137} INFO - [2023-03-21T16:53:27.189+0000] {dag.py:2693} INFO - Sync 1 DAGs
[2023-03-21T16:53:27.207+0000] {logging_mixin.py:137} INFO - [2023-03-21T16:53:27.207+0000] {dag.py:3444} INFO - Setting next_dagrun for example_sensor_decorator to None, run_after=None
[2023-03-21T16:53:27.218+0000] {processor.py:175} INFO - Processing /home/airflow/.local/lib/python3.7/site-packages/airflow/example_dags/example_sensor_decorator.py took 0.069 seconds
[2023-03-21T16:53:59.079+0000] {processor.py:153} INFO - Started process (PID=162) to work on /home/airflow/.local/lib/python3.7/site-packages/airflow/example_dags/example_sensor_decorator.py
[2023-03-21T16:53:59.082+0000] {processor.py:743} INFO - Processing file /home/airflow/.local/lib/python3.7/site-packages/airflow/example_dags/example_sensor_decorator.py for tasks to queue
[2023-03-21T16:53:59.083+0000] {logging_mixin.py:137} INFO - [2023-03-21T16:53:59.083+0000] {dagbag.py:532} INFO - Filling up the DagBag from /home/airflow/.local/lib/python3.7/site-packages/airflow/example_dags/example_sensor_decorator.py
[2023-03-21T16:53:59.104+0000] {processor.py:753} INFO - DAG(s) dict_keys(['example_sensor_decorator']) retrieved from /home/airflow/.local/lib/python3.7/site-packages/airflow/example_dags/example_sensor_decorator.py
[2023-03-21T16:53:59.125+0000] {logging_mixin.py:137} INFO - [2023-03-21T16:53:59.125+0000] {dag.py:2693} INFO - Sync 1 DAGs
[2023-03-21T16:53:59.144+0000] {logging_mixin.py:137} INFO - [2023-03-21T16:53:59.144+0000] {dag.py:3444} INFO - Setting next_dagrun for example_sensor_decorator to None, run_after=None
[2023-03-21T16:53:59.158+0000] {processor.py:175} INFO - Processing /home/airflow/.local/lib/python3.7/site-packages/airflow/example_dags/example_sensor_decorator.py took 0.085 seconds
[2023-03-21T16:54:33.892+0000] {processor.py:153} INFO - Started process (PID=212) to work on /home/airflow/.local/lib/python3.7/site-packages/airflow/example_dags/example_sensor_decorator.py
[2023-03-21T16:54:33.895+0000] {processor.py:743} INFO - Processing file /home/airflow/.local/lib/python3.7/site-packages/airflow/example_dags/example_sensor_decorator.py for tasks to queue
[2023-03-21T16:54:33.897+0000] {logging_mixin.py:137} INFO - [2023-03-21T16:54:33.897+0000] {dagbag.py:532} INFO - Filling up the DagBag from /home/airflow/.local/lib/python3.7/site-packages/airflow/example_dags/example_sensor_decorator.py
[2023-03-21T16:54:33.964+0000] {processor.py:753} INFO - DAG(s) dict_keys(['example_sensor_decorator']) retrieved from /home/airflow/.local/lib/python3.7/site-packages/airflow/example_dags/example_sensor_decorator.py
[2023-03-21T16:54:34.021+0000] {logging_mixin.py:137} INFO - [2023-03-21T16:54:34.021+0000] {dag.py:2693} INFO - Sync 1 DAGs
[2023-03-21T16:54:34.073+0000] {logging_mixin.py:137} INFO - [2023-03-21T16:54:34.073+0000] {dag.py:3444} INFO - Setting next_dagrun for example_sensor_decorator to None, run_after=None
[2023-03-21T16:54:34.100+0000] {processor.py:175} INFO - Processing /home/airflow/.local/lib/python3.7/site-packages/airflow/example_dags/example_sensor_decorator.py took 0.234 seconds
[2023-03-21T16:55:04.175+0000] {processor.py:153} INFO - Started process (PID=261) to work on /home/airflow/.local/lib/python3.7/site-packages/airflow/example_dags/example_sensor_decorator.py
[2023-03-21T16:55:04.176+0000] {processor.py:743} INFO - Processing file /home/airflow/.local/lib/python3.7/site-packages/airflow/example_dags/example_sensor_decorator.py for tasks to queue
[2023-03-21T16:55:04.177+0000] {logging_mixin.py:137} INFO - [2023-03-21T16:55:04.177+0000] {dagbag.py:532} INFO - Filling up the DagBag from /home/airflow/.local/lib/python3.7/site-packages/airflow/example_dags/example_sensor_decorator.py
[2023-03-21T16:55:04.193+0000] {processor.py:753} INFO - DAG(s) dict_keys(['example_sensor_decorator']) retrieved from /home/airflow/.local/lib/python3.7/site-packages/airflow/example_dags/example_sensor_decorator.py
[2023-03-21T16:55:04.212+0000] {logging_mixin.py:137} INFO - [2023-03-21T16:55:04.212+0000] {dag.py:2693} INFO - Sync 1 DAGs
[2023-03-21T16:55:04.228+0000] {logging_mixin.py:137} INFO - [2023-03-21T16:55:04.228+0000] {dag.py:3444} INFO - Setting next_dagrun for example_sensor_decorator to None, run_after=None
[2023-03-21T16:55:04.240+0000] {processor.py:175} INFO - Processing /home/airflow/.local/lib/python3.7/site-packages/airflow/example_dags/example_sensor_decorator.py took 0.068 seconds
[2023-03-21T16:55:35.296+0000] {processor.py:153} INFO - Started process (PID=311) to work on /home/airflow/.local/lib/python3.7/site-packages/airflow/example_dags/example_sensor_decorator.py
[2023-03-21T16:55:35.297+0000] {processor.py:743} INFO - Processing file /home/airflow/.local/lib/python3.7/site-packages/airflow/example_dags/example_sensor_decorator.py for tasks to queue
[2023-03-21T16:55:35.298+0000] {logging_mixin.py:137} INFO - [2023-03-21T16:55:35.298+0000] {dagbag.py:532} INFO - Filling up the DagBag from /home/airflow/.local/lib/python3.7/site-packages/airflow/example_dags/example_sensor_decorator.py
[2023-03-21T16:55:35.313+0000] {processor.py:753} INFO - DAG(s) dict_keys(['example_sensor_decorator']) retrieved from /home/airflow/.local/lib/python3.7/site-packages/airflow/example_dags/example_sensor_decorator.py
[2023-03-21T16:55:35.335+0000] {logging_mixin.py:137} INFO - [2023-03-21T16:55:35.334+0000] {dag.py:2693} INFO - Sync 1 DAGs
[2023-03-21T16:55:35.351+0000] {logging_mixin.py:137} INFO - [2023-03-21T16:55:35.351+0000] {dag.py:3444} INFO - Setting next_dagrun for example_sensor_decorator to None, run_after=None
[2023-03-21T16:55:35.362+0000] {processor.py:175} INFO - Processing /home/airflow/.local/lib/python3.7/site-packages/airflow/example_dags/example_sensor_decorator.py took 0.069 seconds
[2023-03-21T16:56:06.203+0000] {processor.py:153} INFO - Started process (PID=361) to work on /home/airflow/.local/lib/python3.7/site-packages/airflow/example_dags/example_sensor_decorator.py
[2023-03-21T16:56:06.205+0000] {processor.py:743} INFO - Processing file /home/airflow/.local/lib/python3.7/site-packages/airflow/example_dags/example_sensor_decorator.py for tasks to queue
[2023-03-21T16:56:06.205+0000] {logging_mixin.py:137} INFO - [2023-03-21T16:56:06.205+0000] {dagbag.py:532} INFO - Filling up the DagBag from /home/airflow/.local/lib/python3.7/site-packages/airflow/example_dags/example_sensor_decorator.py
[2023-03-21T16:56:06.221+0000] {processor.py:753} INFO - DAG(s) dict_keys(['example_sensor_decorator']) retrieved from /home/airflow/.local/lib/python3.7/site-packages/airflow/example_dags/example_sensor_decorator.py
[2023-03-21T16:56:06.240+0000] {logging_mixin.py:137} INFO - [2023-03-21T16:56:06.240+0000] {dag.py:2693} INFO - Sync 1 DAGs
[2023-03-21T16:56:06.258+0000] {logging_mixin.py:137} INFO - [2023-03-21T16:56:06.258+0000] {dag.py:3444} INFO - Setting next_dagrun for example_sensor_decorator to None, run_after=None
[2023-03-21T16:56:06.271+0000] {processor.py:175} INFO - Processing /home/airflow/.local/lib/python3.7/site-packages/airflow/example_dags/example_sensor_decorator.py took 0.071 seconds
[2023-03-21T16:56:37.342+0000] {processor.py:153} INFO - Started process (PID=412) to work on /home/airflow/.local/lib/python3.7/site-packages/airflow/example_dags/example_sensor_decorator.py
[2023-03-21T16:56:37.344+0000] {processor.py:743} INFO - Processing file /home/airflow/.local/lib/python3.7/site-packages/airflow/example_dags/example_sensor_decorator.py for tasks to queue
[2023-03-21T16:56:37.345+0000] {logging_mixin.py:137} INFO - [2023-03-21T16:56:37.345+0000] {dagbag.py:532} INFO - Filling up the DagBag from /home/airflow/.local/lib/python3.7/site-packages/airflow/example_dags/example_sensor_decorator.py
[2023-03-21T16:56:37.365+0000] {processor.py:753} INFO - DAG(s) dict_keys(['example_sensor_decorator']) retrieved from /home/airflow/.local/lib/python3.7/site-packages/airflow/example_dags/example_sensor_decorator.py
[2023-03-21T16:56:37.403+0000] {logging_mixin.py:137} INFO - [2023-03-21T16:56:37.403+0000] {dag.py:2693} INFO - Sync 1 DAGs
[2023-03-21T16:56:37.427+0000] {logging_mixin.py:137} INFO - [2023-03-21T16:56:37.427+0000] {dag.py:3444} INFO - Setting next_dagrun for example_sensor_decorator to None, run_after=None
[2023-03-21T16:56:37.445+0000] {processor.py:175} INFO - Processing /home/airflow/.local/lib/python3.7/site-packages/airflow/example_dags/example_sensor_decorator.py took 0.107 seconds
[2023-03-21T16:57:07.564+0000] {processor.py:153} INFO - Started process (PID=463) to work on /home/airflow/.local/lib/python3.7/site-packages/airflow/example_dags/example_sensor_decorator.py
[2023-03-21T16:57:07.565+0000] {processor.py:743} INFO - Processing file /home/airflow/.local/lib/python3.7/site-packages/airflow/example_dags/example_sensor_decorator.py for tasks to queue
[2023-03-21T16:57:07.566+0000] {logging_mixin.py:137} INFO - [2023-03-21T16:57:07.566+0000] {dagbag.py:532} INFO - Filling up the DagBag from /home/airflow/.local/lib/python3.7/site-packages/airflow/example_dags/example_sensor_decorator.py
[2023-03-21T16:57:07.584+0000] {processor.py:753} INFO - DAG(s) dict_keys(['example_sensor_decorator']) retrieved from /home/airflow/.local/lib/python3.7/site-packages/airflow/example_dags/example_sensor_decorator.py
[2023-03-21T16:57:07.605+0000] {logging_mixin.py:137} INFO - [2023-03-21T16:57:07.605+0000] {dag.py:2693} INFO - Sync 1 DAGs
[2023-03-21T16:57:07.625+0000] {logging_mixin.py:137} INFO - [2023-03-21T16:57:07.625+0000] {dag.py:3444} INFO - Setting next_dagrun for example_sensor_decorator to None, run_after=None
[2023-03-21T16:57:07.638+0000] {processor.py:175} INFO - Processing /home/airflow/.local/lib/python3.7/site-packages/airflow/example_dags/example_sensor_decorator.py took 0.077 seconds
[2023-03-21T16:57:37.735+0000] {processor.py:153} INFO - Started process (PID=513) to work on /home/airflow/.local/lib/python3.7/site-packages/airflow/example_dags/example_sensor_decorator.py
[2023-03-21T16:57:37.737+0000] {processor.py:743} INFO - Processing file /home/airflow/.local/lib/python3.7/site-packages/airflow/example_dags/example_sensor_decorator.py for tasks to queue
[2023-03-21T16:57:37.738+0000] {logging_mixin.py:137} INFO - [2023-03-21T16:57:37.737+0000] {dagbag.py:532} INFO - Filling up the DagBag from /home/airflow/.local/lib/python3.7/site-packages/airflow/example_dags/example_sensor_decorator.py
[2023-03-21T16:57:37.754+0000] {processor.py:753} INFO - DAG(s) dict_keys(['example_sensor_decorator']) retrieved from /home/airflow/.local/lib/python3.7/site-packages/airflow/example_dags/example_sensor_decorator.py
[2023-03-21T16:57:37.775+0000] {logging_mixin.py:137} INFO - [2023-03-21T16:57:37.775+0000] {dag.py:2693} INFO - Sync 1 DAGs
[2023-03-21T16:57:37.794+0000] {logging_mixin.py:137} INFO - [2023-03-21T16:57:37.794+0000] {dag.py:3444} INFO - Setting next_dagrun for example_sensor_decorator to None, run_after=None
[2023-03-21T16:57:37.807+0000] {processor.py:175} INFO - Processing /home/airflow/.local/lib/python3.7/site-packages/airflow/example_dags/example_sensor_decorator.py took 0.076 seconds
[2023-03-21T16:58:08.327+0000] {processor.py:153} INFO - Started process (PID=563) to work on /home/airflow/.local/lib/python3.7/site-packages/airflow/example_dags/example_sensor_decorator.py
[2023-03-21T16:58:08.328+0000] {processor.py:743} INFO - Processing file /home/airflow/.local/lib/python3.7/site-packages/airflow/example_dags/example_sensor_decorator.py for tasks to queue
[2023-03-21T16:58:08.328+0000] {logging_mixin.py:137} INFO - [2023-03-21T16:58:08.328+0000] {dagbag.py:532} INFO - Filling up the DagBag from /home/airflow/.local/lib/python3.7/site-packages/airflow/example_dags/example_sensor_decorator.py
[2023-03-21T16:58:08.343+0000] {processor.py:753} INFO - DAG(s) dict_keys(['example_sensor_decorator']) retrieved from /home/airflow/.local/lib/python3.7/site-packages/airflow/example_dags/example_sensor_decorator.py
[2023-03-21T16:58:08.361+0000] {logging_mixin.py:137} INFO - [2023-03-21T16:58:08.361+0000] {dag.py:2693} INFO - Sync 1 DAGs
[2023-03-21T16:58:08.378+0000] {logging_mixin.py:137} INFO - [2023-03-21T16:58:08.377+0000] {dag.py:3444} INFO - Setting next_dagrun for example_sensor_decorator to None, run_after=None
[2023-03-21T16:58:08.389+0000] {processor.py:175} INFO - Processing /home/airflow/.local/lib/python3.7/site-packages/airflow/example_dags/example_sensor_decorator.py took 0.065 seconds
[2023-03-21T16:58:39.039+0000] {processor.py:153} INFO - Started process (PID=613) to work on /home/airflow/.local/lib/python3.7/site-packages/airflow/example_dags/example_sensor_decorator.py
[2023-03-21T16:58:39.040+0000] {processor.py:743} INFO - Processing file /home/airflow/.local/lib/python3.7/site-packages/airflow/example_dags/example_sensor_decorator.py for tasks to queue
[2023-03-21T16:58:39.041+0000] {logging_mixin.py:137} INFO - [2023-03-21T16:58:39.041+0000] {dagbag.py:532} INFO - Filling up the DagBag from /home/airflow/.local/lib/python3.7/site-packages/airflow/example_dags/example_sensor_decorator.py
[2023-03-21T16:58:39.058+0000] {processor.py:753} INFO - DAG(s) dict_keys(['example_sensor_decorator']) retrieved from /home/airflow/.local/lib/python3.7/site-packages/airflow/example_dags/example_sensor_decorator.py
[2023-03-21T16:58:39.080+0000] {logging_mixin.py:137} INFO - [2023-03-21T16:58:39.080+0000] {dag.py:2693} INFO - Sync 1 DAGs
[2023-03-21T16:58:39.099+0000] {logging_mixin.py:137} INFO - [2023-03-21T16:58:39.099+0000] {dag.py:3444} INFO - Setting next_dagrun for example_sensor_decorator to None, run_after=None
[2023-03-21T16:58:39.110+0000] {processor.py:175} INFO - Processing /home/airflow/.local/lib/python3.7/site-packages/airflow/example_dags/example_sensor_decorator.py took 0.076 seconds
[2023-03-21T16:59:09.774+0000] {processor.py:153} INFO - Started process (PID=663) to work on /home/airflow/.local/lib/python3.7/site-packages/airflow/example_dags/example_sensor_decorator.py
[2023-03-21T16:59:09.776+0000] {processor.py:743} INFO - Processing file /home/airflow/.local/lib/python3.7/site-packages/airflow/example_dags/example_sensor_decorator.py for tasks to queue
[2023-03-21T16:59:09.777+0000] {logging_mixin.py:137} INFO - [2023-03-21T16:59:09.777+0000] {dagbag.py:532} INFO - Filling up the DagBag from /home/airflow/.local/lib/python3.7/site-packages/airflow/example_dags/example_sensor_decorator.py
[2023-03-21T16:59:09.793+0000] {processor.py:753} INFO - DAG(s) dict_keys(['example_sensor_decorator']) retrieved from /home/airflow/.local/lib/python3.7/site-packages/airflow/example_dags/example_sensor_decorator.py
[2023-03-21T16:59:09.819+0000] {logging_mixin.py:137} INFO - [2023-03-21T16:59:09.819+0000] {dag.py:2693} INFO - Sync 1 DAGs
[2023-03-21T16:59:09.842+0000] {logging_mixin.py:137} INFO - [2023-03-21T16:59:09.842+0000] {dag.py:3444} INFO - Setting next_dagrun for example_sensor_decorator to None, run_after=None
[2023-03-21T16:59:09.856+0000] {processor.py:175} INFO - Processing /home/airflow/.local/lib/python3.7/site-packages/airflow/example_dags/example_sensor_decorator.py took 0.085 seconds
[2023-03-21T16:59:40.616+0000] {processor.py:153} INFO - Started process (PID=713) to work on /home/airflow/.local/lib/python3.7/site-packages/airflow/example_dags/example_sensor_decorator.py
[2023-03-21T16:59:40.618+0000] {processor.py:743} INFO - Processing file /home/airflow/.local/lib/python3.7/site-packages/airflow/example_dags/example_sensor_decorator.py for tasks to queue
[2023-03-21T16:59:40.619+0000] {logging_mixin.py:137} INFO - [2023-03-21T16:59:40.619+0000] {dagbag.py:532} INFO - Filling up the DagBag from /home/airflow/.local/lib/python3.7/site-packages/airflow/example_dags/example_sensor_decorator.py
[2023-03-21T16:59:40.638+0000] {processor.py:753} INFO - DAG(s) dict_keys(['example_sensor_decorator']) retrieved from /home/airflow/.local/lib/python3.7/site-packages/airflow/example_dags/example_sensor_decorator.py
[2023-03-21T16:59:40.660+0000] {logging_mixin.py:137} INFO - [2023-03-21T16:59:40.660+0000] {dag.py:2693} INFO - Sync 1 DAGs
[2023-03-21T16:59:40.682+0000] {logging_mixin.py:137} INFO - [2023-03-21T16:59:40.682+0000] {dag.py:3444} INFO - Setting next_dagrun for example_sensor_decorator to None, run_after=None
[2023-03-21T16:59:40.696+0000] {processor.py:175} INFO - Processing /home/airflow/.local/lib/python3.7/site-packages/airflow/example_dags/example_sensor_decorator.py took 0.083 seconds
[2023-03-21T17:00:11.491+0000] {processor.py:153} INFO - Started process (PID=763) to work on /home/airflow/.local/lib/python3.7/site-packages/airflow/example_dags/example_sensor_decorator.py
[2023-03-21T17:00:11.493+0000] {processor.py:743} INFO - Processing file /home/airflow/.local/lib/python3.7/site-packages/airflow/example_dags/example_sensor_decorator.py for tasks to queue
[2023-03-21T17:00:11.494+0000] {logging_mixin.py:137} INFO - [2023-03-21T17:00:11.494+0000] {dagbag.py:532} INFO - Filling up the DagBag from /home/airflow/.local/lib/python3.7/site-packages/airflow/example_dags/example_sensor_decorator.py
[2023-03-21T17:00:11.511+0000] {processor.py:753} INFO - DAG(s) dict_keys(['example_sensor_decorator']) retrieved from /home/airflow/.local/lib/python3.7/site-packages/airflow/example_dags/example_sensor_decorator.py
[2023-03-21T17:00:11.536+0000] {logging_mixin.py:137} INFO - [2023-03-21T17:00:11.536+0000] {dag.py:2693} INFO - Sync 1 DAGs
[2023-03-21T17:00:11.557+0000] {logging_mixin.py:137} INFO - [2023-03-21T17:00:11.557+0000] {dag.py:3444} INFO - Setting next_dagrun for example_sensor_decorator to None, run_after=None
[2023-03-21T17:00:11.570+0000] {processor.py:175} INFO - Processing /home/airflow/.local/lib/python3.7/site-packages/airflow/example_dags/example_sensor_decorator.py took 0.083 seconds
[2023-03-21T17:00:42.507+0000] {processor.py:153} INFO - Started process (PID=813) to work on /home/airflow/.local/lib/python3.7/site-packages/airflow/example_dags/example_sensor_decorator.py
[2023-03-21T17:00:42.508+0000] {processor.py:743} INFO - Processing file /home/airflow/.local/lib/python3.7/site-packages/airflow/example_dags/example_sensor_decorator.py for tasks to queue
[2023-03-21T17:00:42.509+0000] {logging_mixin.py:137} INFO - [2023-03-21T17:00:42.509+0000] {dagbag.py:532} INFO - Filling up the DagBag from /home/airflow/.local/lib/python3.7/site-packages/airflow/example_dags/example_sensor_decorator.py
[2023-03-21T17:00:42.523+0000] {processor.py:753} INFO - DAG(s) dict_keys(['example_sensor_decorator']) retrieved from /home/airflow/.local/lib/python3.7/site-packages/airflow/example_dags/example_sensor_decorator.py
[2023-03-21T17:00:42.541+0000] {logging_mixin.py:137} INFO - [2023-03-21T17:00:42.541+0000] {dag.py:2693} INFO - Sync 1 DAGs
[2023-03-21T17:00:42.556+0000] {logging_mixin.py:137} INFO - [2023-03-21T17:00:42.556+0000] {dag.py:3444} INFO - Setting next_dagrun for example_sensor_decorator to None, run_after=None
[2023-03-21T17:00:42.567+0000] {processor.py:175} INFO - Processing /home/airflow/.local/lib/python3.7/site-packages/airflow/example_dags/example_sensor_decorator.py took 0.063 seconds
[2023-03-21T17:01:13.295+0000] {processor.py:153} INFO - Started process (PID=863) to work on /home/airflow/.local/lib/python3.7/site-packages/airflow/example_dags/example_sensor_decorator.py
[2023-03-21T17:01:13.296+0000] {processor.py:743} INFO - Processing file /home/airflow/.local/lib/python3.7/site-packages/airflow/example_dags/example_sensor_decorator.py for tasks to queue
[2023-03-21T17:01:13.297+0000] {logging_mixin.py:137} INFO - [2023-03-21T17:01:13.297+0000] {dagbag.py:532} INFO - Filling up the DagBag from /home/airflow/.local/lib/python3.7/site-packages/airflow/example_dags/example_sensor_decorator.py
[2023-03-21T17:01:13.313+0000] {processor.py:753} INFO - DAG(s) dict_keys(['example_sensor_decorator']) retrieved from /home/airflow/.local/lib/python3.7/site-packages/airflow/example_dags/example_sensor_decorator.py
[2023-03-21T17:01:13.333+0000] {logging_mixin.py:137} INFO - [2023-03-21T17:01:13.333+0000] {dag.py:2693} INFO - Sync 1 DAGs
[2023-03-21T17:01:13.351+0000] {logging_mixin.py:137} INFO - [2023-03-21T17:01:13.351+0000] {dag.py:3444} INFO - Setting next_dagrun for example_sensor_decorator to None, run_after=None
[2023-03-21T17:01:13.364+0000] {processor.py:175} INFO - Processing /home/airflow/.local/lib/python3.7/site-packages/airflow/example_dags/example_sensor_decorator.py took 0.072 seconds
[2023-03-21T17:01:43.971+0000] {processor.py:153} INFO - Started process (PID=913) to work on /home/airflow/.local/lib/python3.7/site-packages/airflow/example_dags/example_sensor_decorator.py
[2023-03-21T17:01:43.972+0000] {processor.py:743} INFO - Processing file /home/airflow/.local/lib/python3.7/site-packages/airflow/example_dags/example_sensor_decorator.py for tasks to queue
[2023-03-21T17:01:43.972+0000] {logging_mixin.py:137} INFO - [2023-03-21T17:01:43.972+0000] {dagbag.py:532} INFO - Filling up the DagBag from /home/airflow/.local/lib/python3.7/site-packages/airflow/example_dags/example_sensor_decorator.py
[2023-03-21T17:01:43.987+0000] {processor.py:753} INFO - DAG(s) dict_keys(['example_sensor_decorator']) retrieved from /home/airflow/.local/lib/python3.7/site-packages/airflow/example_dags/example_sensor_decorator.py
[2023-03-21T17:01:44.006+0000] {logging_mixin.py:137} INFO - [2023-03-21T17:01:44.006+0000] {dag.py:2693} INFO - Sync 1 DAGs
[2023-03-21T17:01:44.024+0000] {logging_mixin.py:137} INFO - [2023-03-21T17:01:44.023+0000] {dag.py:3444} INFO - Setting next_dagrun for example_sensor_decorator to None, run_after=None
[2023-03-21T17:01:44.035+0000] {processor.py:175} INFO - Processing /home/airflow/.local/lib/python3.7/site-packages/airflow/example_dags/example_sensor_decorator.py took 0.067 seconds
[2023-03-21T17:02:14.620+0000] {processor.py:153} INFO - Started process (PID=963) to work on /home/airflow/.local/lib/python3.7/site-packages/airflow/example_dags/example_sensor_decorator.py
[2023-03-21T17:02:14.621+0000] {processor.py:743} INFO - Processing file /home/airflow/.local/lib/python3.7/site-packages/airflow/example_dags/example_sensor_decorator.py for tasks to queue
[2023-03-21T17:02:14.622+0000] {logging_mixin.py:137} INFO - [2023-03-21T17:02:14.622+0000] {dagbag.py:532} INFO - Filling up the DagBag from /home/airflow/.local/lib/python3.7/site-packages/airflow/example_dags/example_sensor_decorator.py
[2023-03-21T17:02:14.637+0000] {processor.py:753} INFO - DAG(s) dict_keys(['example_sensor_decorator']) retrieved from /home/airflow/.local/lib/python3.7/site-packages/airflow/example_dags/example_sensor_decorator.py
[2023-03-21T17:02:14.656+0000] {logging_mixin.py:137} INFO - [2023-03-21T17:02:14.656+0000] {dag.py:2693} INFO - Sync 1 DAGs
[2023-03-21T17:02:14.672+0000] {logging_mixin.py:137} INFO - [2023-03-21T17:02:14.672+0000] {dag.py:3444} INFO - Setting next_dagrun for example_sensor_decorator to None, run_after=None
[2023-03-21T17:02:14.683+0000] {processor.py:175} INFO - Processing /home/airflow/.local/lib/python3.7/site-packages/airflow/example_dags/example_sensor_decorator.py took 0.066 seconds
[2023-03-21T17:02:45.524+0000] {processor.py:153} INFO - Started process (PID=1013) to work on /home/airflow/.local/lib/python3.7/site-packages/airflow/example_dags/example_sensor_decorator.py
[2023-03-21T17:02:45.527+0000] {processor.py:743} INFO - Processing file /home/airflow/.local/lib/python3.7/site-packages/airflow/example_dags/example_sensor_decorator.py for tasks to queue
[2023-03-21T17:02:45.529+0000] {logging_mixin.py:137} INFO - [2023-03-21T17:02:45.529+0000] {dagbag.py:532} INFO - Filling up the DagBag from /home/airflow/.local/lib/python3.7/site-packages/airflow/example_dags/example_sensor_decorator.py
[2023-03-21T17:02:45.554+0000] {processor.py:753} INFO - DAG(s) dict_keys(['example_sensor_decorator']) retrieved from /home/airflow/.local/lib/python3.7/site-packages/airflow/example_dags/example_sensor_decorator.py
[2023-03-21T17:02:45.574+0000] {logging_mixin.py:137} INFO - [2023-03-21T17:02:45.574+0000] {dag.py:2693} INFO - Sync 1 DAGs
[2023-03-21T17:02:45.593+0000] {logging_mixin.py:137} INFO - [2023-03-21T17:02:45.593+0000] {dag.py:3444} INFO - Setting next_dagrun for example_sensor_decorator to None, run_after=None
[2023-03-21T17:02:45.606+0000] {processor.py:175} INFO - Processing /home/airflow/.local/lib/python3.7/site-packages/airflow/example_dags/example_sensor_decorator.py took 0.087 seconds
[2023-03-21T17:03:15.771+0000] {processor.py:153} INFO - Started process (PID=1063) to work on /home/airflow/.local/lib/python3.7/site-packages/airflow/example_dags/example_sensor_decorator.py
[2023-03-21T17:03:15.774+0000] {processor.py:743} INFO - Processing file /home/airflow/.local/lib/python3.7/site-packages/airflow/example_dags/example_sensor_decorator.py for tasks to queue
[2023-03-21T17:03:15.775+0000] {logging_mixin.py:137} INFO - [2023-03-21T17:03:15.775+0000] {dagbag.py:532} INFO - Filling up the DagBag from /home/airflow/.local/lib/python3.7/site-packages/airflow/example_dags/example_sensor_decorator.py
[2023-03-21T17:03:15.801+0000] {processor.py:753} INFO - DAG(s) dict_keys(['example_sensor_decorator']) retrieved from /home/airflow/.local/lib/python3.7/site-packages/airflow/example_dags/example_sensor_decorator.py
[2023-03-21T17:03:15.824+0000] {logging_mixin.py:137} INFO - [2023-03-21T17:03:15.824+0000] {dag.py:2693} INFO - Sync 1 DAGs
[2023-03-21T17:03:15.842+0000] {logging_mixin.py:137} INFO - [2023-03-21T17:03:15.842+0000] {dag.py:3444} INFO - Setting next_dagrun for example_sensor_decorator to None, run_after=None
[2023-03-21T17:03:15.855+0000] {processor.py:175} INFO - Processing /home/airflow/.local/lib/python3.7/site-packages/airflow/example_dags/example_sensor_decorator.py took 0.088 seconds
[2023-03-21T17:03:46.421+0000] {processor.py:153} INFO - Started process (PID=1113) to work on /home/airflow/.local/lib/python3.7/site-packages/airflow/example_dags/example_sensor_decorator.py
[2023-03-21T17:03:46.423+0000] {processor.py:743} INFO - Processing file /home/airflow/.local/lib/python3.7/site-packages/airflow/example_dags/example_sensor_decorator.py for tasks to queue
[2023-03-21T17:03:46.424+0000] {logging_mixin.py:137} INFO - [2023-03-21T17:03:46.424+0000] {dagbag.py:532} INFO - Filling up the DagBag from /home/airflow/.local/lib/python3.7/site-packages/airflow/example_dags/example_sensor_decorator.py
[2023-03-21T17:03:46.442+0000] {processor.py:753} INFO - DAG(s) dict_keys(['example_sensor_decorator']) retrieved from /home/airflow/.local/lib/python3.7/site-packages/airflow/example_dags/example_sensor_decorator.py
[2023-03-21T17:03:46.464+0000] {logging_mixin.py:137} INFO - [2023-03-21T17:03:46.464+0000] {dag.py:2693} INFO - Sync 1 DAGs
[2023-03-21T17:03:46.487+0000] {logging_mixin.py:137} INFO - [2023-03-21T17:03:46.487+0000] {dag.py:3444} INFO - Setting next_dagrun for example_sensor_decorator to None, run_after=None
[2023-03-21T17:03:46.504+0000] {processor.py:175} INFO - Processing /home/airflow/.local/lib/python3.7/site-packages/airflow/example_dags/example_sensor_decorator.py took 0.085 seconds
[2023-03-21T17:04:17.470+0000] {processor.py:153} INFO - Started process (PID=1162) to work on /home/airflow/.local/lib/python3.7/site-packages/airflow/example_dags/example_sensor_decorator.py
[2023-03-21T17:04:17.471+0000] {processor.py:743} INFO - Processing file /home/airflow/.local/lib/python3.7/site-packages/airflow/example_dags/example_sensor_decorator.py for tasks to queue
[2023-03-21T17:04:17.472+0000] {logging_mixin.py:137} INFO - [2023-03-21T17:04:17.472+0000] {dagbag.py:532} INFO - Filling up the DagBag from /home/airflow/.local/lib/python3.7/site-packages/airflow/example_dags/example_sensor_decorator.py
[2023-03-21T17:04:17.487+0000] {processor.py:753} INFO - DAG(s) dict_keys(['example_sensor_decorator']) retrieved from /home/airflow/.local/lib/python3.7/site-packages/airflow/example_dags/example_sensor_decorator.py
[2023-03-21T17:04:17.506+0000] {logging_mixin.py:137} INFO - [2023-03-21T17:04:17.506+0000] {dag.py:2693} INFO - Sync 1 DAGs
[2023-03-21T17:04:17.522+0000] {logging_mixin.py:137} INFO - [2023-03-21T17:04:17.522+0000] {dag.py:3444} INFO - Setting next_dagrun for example_sensor_decorator to None, run_after=None
[2023-03-21T17:04:17.533+0000] {processor.py:175} INFO - Processing /home/airflow/.local/lib/python3.7/site-packages/airflow/example_dags/example_sensor_decorator.py took 0.066 seconds
[2023-03-21T17:04:48.043+0000] {processor.py:153} INFO - Started process (PID=1212) to work on /home/airflow/.local/lib/python3.7/site-packages/airflow/example_dags/example_sensor_decorator.py
[2023-03-21T17:04:48.044+0000] {processor.py:743} INFO - Processing file /home/airflow/.local/lib/python3.7/site-packages/airflow/example_dags/example_sensor_decorator.py for tasks to queue
[2023-03-21T17:04:48.045+0000] {logging_mixin.py:137} INFO - [2023-03-21T17:04:48.044+0000] {dagbag.py:532} INFO - Filling up the DagBag from /home/airflow/.local/lib/python3.7/site-packages/airflow/example_dags/example_sensor_decorator.py
[2023-03-21T17:04:48.061+0000] {processor.py:753} INFO - DAG(s) dict_keys(['example_sensor_decorator']) retrieved from /home/airflow/.local/lib/python3.7/site-packages/airflow/example_dags/example_sensor_decorator.py
[2023-03-21T17:04:48.080+0000] {logging_mixin.py:137} INFO - [2023-03-21T17:04:48.080+0000] {dag.py:2693} INFO - Sync 1 DAGs
[2023-03-21T17:04:48.096+0000] {logging_mixin.py:137} INFO - [2023-03-21T17:04:48.096+0000] {dag.py:3444} INFO - Setting next_dagrun for example_sensor_decorator to None, run_after=None
[2023-03-21T17:04:48.108+0000] {processor.py:175} INFO - Processing /home/airflow/.local/lib/python3.7/site-packages/airflow/example_dags/example_sensor_decorator.py took 0.068 seconds
[2023-03-21T17:05:18.905+0000] {processor.py:153} INFO - Started process (PID=1268) to work on /home/airflow/.local/lib/python3.7/site-packages/airflow/example_dags/example_sensor_decorator.py
[2023-03-21T17:05:18.907+0000] {processor.py:743} INFO - Processing file /home/airflow/.local/lib/python3.7/site-packages/airflow/example_dags/example_sensor_decorator.py for tasks to queue
[2023-03-21T17:05:18.909+0000] {logging_mixin.py:137} INFO - [2023-03-21T17:05:18.908+0000] {dagbag.py:532} INFO - Filling up the DagBag from /home/airflow/.local/lib/python3.7/site-packages/airflow/example_dags/example_sensor_decorator.py
[2023-03-21T17:05:18.931+0000] {processor.py:753} INFO - DAG(s) dict_keys(['example_sensor_decorator']) retrieved from /home/airflow/.local/lib/python3.7/site-packages/airflow/example_dags/example_sensor_decorator.py
[2023-03-21T17:05:18.957+0000] {logging_mixin.py:137} INFO - [2023-03-21T17:05:18.957+0000] {dag.py:2693} INFO - Sync 1 DAGs
[2023-03-21T17:05:18.975+0000] {logging_mixin.py:137} INFO - [2023-03-21T17:05:18.975+0000] {dag.py:3444} INFO - Setting next_dagrun for example_sensor_decorator to None, run_after=None
[2023-03-21T17:05:18.987+0000] {processor.py:175} INFO - Processing /home/airflow/.local/lib/python3.7/site-packages/airflow/example_dags/example_sensor_decorator.py took 0.086 seconds
[2023-03-21T17:05:49.569+0000] {processor.py:153} INFO - Started process (PID=1318) to work on /home/airflow/.local/lib/python3.7/site-packages/airflow/example_dags/example_sensor_decorator.py
[2023-03-21T17:05:49.570+0000] {processor.py:743} INFO - Processing file /home/airflow/.local/lib/python3.7/site-packages/airflow/example_dags/example_sensor_decorator.py for tasks to queue
[2023-03-21T17:05:49.571+0000] {logging_mixin.py:137} INFO - [2023-03-21T17:05:49.571+0000] {dagbag.py:532} INFO - Filling up the DagBag from /home/airflow/.local/lib/python3.7/site-packages/airflow/example_dags/example_sensor_decorator.py
[2023-03-21T17:05:49.586+0000] {processor.py:753} INFO - DAG(s) dict_keys(['example_sensor_decorator']) retrieved from /home/airflow/.local/lib/python3.7/site-packages/airflow/example_dags/example_sensor_decorator.py
[2023-03-21T17:05:49.606+0000] {logging_mixin.py:137} INFO - [2023-03-21T17:05:49.606+0000] {dag.py:2693} INFO - Sync 1 DAGs
[2023-03-21T17:05:49.624+0000] {logging_mixin.py:137} INFO - [2023-03-21T17:05:49.623+0000] {dag.py:3444} INFO - Setting next_dagrun for example_sensor_decorator to None, run_after=None
[2023-03-21T17:05:49.636+0000] {processor.py:175} INFO - Processing /home/airflow/.local/lib/python3.7/site-packages/airflow/example_dags/example_sensor_decorator.py took 0.070 seconds
[2023-03-21T17:06:20.331+0000] {processor.py:153} INFO - Started process (PID=1368) to work on /home/airflow/.local/lib/python3.7/site-packages/airflow/example_dags/example_sensor_decorator.py
[2023-03-21T17:06:20.332+0000] {processor.py:743} INFO - Processing file /home/airflow/.local/lib/python3.7/site-packages/airflow/example_dags/example_sensor_decorator.py for tasks to queue
[2023-03-21T17:06:20.333+0000] {logging_mixin.py:137} INFO - [2023-03-21T17:06:20.333+0000] {dagbag.py:532} INFO - Filling up the DagBag from /home/airflow/.local/lib/python3.7/site-packages/airflow/example_dags/example_sensor_decorator.py
[2023-03-21T17:06:20.350+0000] {processor.py:753} INFO - DAG(s) dict_keys(['example_sensor_decorator']) retrieved from /home/airflow/.local/lib/python3.7/site-packages/airflow/example_dags/example_sensor_decorator.py
[2023-03-21T17:06:20.376+0000] {logging_mixin.py:137} INFO - [2023-03-21T17:06:20.376+0000] {dag.py:2693} INFO - Sync 1 DAGs
[2023-03-21T17:06:20.416+0000] {logging_mixin.py:137} INFO - [2023-03-21T17:06:20.415+0000] {dag.py:3444} INFO - Setting next_dagrun for example_sensor_decorator to None, run_after=None
[2023-03-21T17:06:20.439+0000] {processor.py:175} INFO - Processing /home/airflow/.local/lib/python3.7/site-packages/airflow/example_dags/example_sensor_decorator.py took 0.111 seconds
[2023-03-21T17:06:51.272+0000] {processor.py:153} INFO - Started process (PID=1418) to work on /home/airflow/.local/lib/python3.7/site-packages/airflow/example_dags/example_sensor_decorator.py
[2023-03-21T17:06:51.274+0000] {processor.py:743} INFO - Processing file /home/airflow/.local/lib/python3.7/site-packages/airflow/example_dags/example_sensor_decorator.py for tasks to queue
[2023-03-21T17:06:51.274+0000] {logging_mixin.py:137} INFO - [2023-03-21T17:06:51.274+0000] {dagbag.py:532} INFO - Filling up the DagBag from /home/airflow/.local/lib/python3.7/site-packages/airflow/example_dags/example_sensor_decorator.py
[2023-03-21T17:06:51.290+0000] {processor.py:753} INFO - DAG(s) dict_keys(['example_sensor_decorator']) retrieved from /home/airflow/.local/lib/python3.7/site-packages/airflow/example_dags/example_sensor_decorator.py
[2023-03-21T17:06:51.310+0000] {logging_mixin.py:137} INFO - [2023-03-21T17:06:51.310+0000] {dag.py:2693} INFO - Sync 1 DAGs
[2023-03-21T17:06:51.332+0000] {logging_mixin.py:137} INFO - [2023-03-21T17:06:51.332+0000] {dag.py:3444} INFO - Setting next_dagrun for example_sensor_decorator to None, run_after=None
[2023-03-21T17:06:51.348+0000] {processor.py:175} INFO - Processing /home/airflow/.local/lib/python3.7/site-packages/airflow/example_dags/example_sensor_decorator.py took 0.079 seconds
[2023-03-21T17:16:17.823+0000] {processor.py:153} INFO - Started process (PID=59) to work on /home/airflow/.local/lib/python3.7/site-packages/airflow/example_dags/example_sensor_decorator.py
[2023-03-21T17:16:17.827+0000] {processor.py:743} INFO - Processing file /home/airflow/.local/lib/python3.7/site-packages/airflow/example_dags/example_sensor_decorator.py for tasks to queue
[2023-03-21T17:16:17.832+0000] {logging_mixin.py:137} INFO - [2023-03-21T17:16:17.831+0000] {dagbag.py:532} INFO - Filling up the DagBag from /home/airflow/.local/lib/python3.7/site-packages/airflow/example_dags/example_sensor_decorator.py
[2023-03-21T17:16:17.902+0000] {processor.py:753} INFO - DAG(s) dict_keys(['example_sensor_decorator']) retrieved from /home/airflow/.local/lib/python3.7/site-packages/airflow/example_dags/example_sensor_decorator.py
[2023-03-21T17:16:17.924+0000] {logging_mixin.py:137} INFO - [2023-03-21T17:16:17.924+0000] {dag.py:2693} INFO - Sync 1 DAGs
[2023-03-21T17:16:17.997+0000] {logging_mixin.py:137} INFO - [2023-03-21T17:16:17.997+0000] {dag.py:3444} INFO - Setting next_dagrun for example_sensor_decorator to None, run_after=None
[2023-03-21T17:16:18.028+0000] {processor.py:175} INFO - Processing /home/airflow/.local/lib/python3.7/site-packages/airflow/example_dags/example_sensor_decorator.py took 0.215 seconds
[2023-03-21T17:16:48.433+0000] {processor.py:153} INFO - Started process (PID=109) to work on /home/airflow/.local/lib/python3.7/site-packages/airflow/example_dags/example_sensor_decorator.py
[2023-03-21T17:16:48.434+0000] {processor.py:743} INFO - Processing file /home/airflow/.local/lib/python3.7/site-packages/airflow/example_dags/example_sensor_decorator.py for tasks to queue
[2023-03-21T17:16:48.435+0000] {logging_mixin.py:137} INFO - [2023-03-21T17:16:48.435+0000] {dagbag.py:532} INFO - Filling up the DagBag from /home/airflow/.local/lib/python3.7/site-packages/airflow/example_dags/example_sensor_decorator.py
[2023-03-21T17:16:48.451+0000] {processor.py:753} INFO - DAG(s) dict_keys(['example_sensor_decorator']) retrieved from /home/airflow/.local/lib/python3.7/site-packages/airflow/example_dags/example_sensor_decorator.py
[2023-03-21T17:16:48.469+0000] {logging_mixin.py:137} INFO - [2023-03-21T17:16:48.469+0000] {dag.py:2693} INFO - Sync 1 DAGs
[2023-03-21T17:16:48.486+0000] {logging_mixin.py:137} INFO - [2023-03-21T17:16:48.486+0000] {dag.py:3444} INFO - Setting next_dagrun for example_sensor_decorator to None, run_after=None
[2023-03-21T17:16:48.498+0000] {processor.py:175} INFO - Processing /home/airflow/.local/lib/python3.7/site-packages/airflow/example_dags/example_sensor_decorator.py took 0.068 seconds
[2023-03-21T17:17:22.915+0000] {processor.py:153} INFO - Started process (PID=159) to work on /home/airflow/.local/lib/python3.7/site-packages/airflow/example_dags/example_sensor_decorator.py
[2023-03-21T17:17:22.917+0000] {processor.py:743} INFO - Processing file /home/airflow/.local/lib/python3.7/site-packages/airflow/example_dags/example_sensor_decorator.py for tasks to queue
[2023-03-21T17:17:22.918+0000] {logging_mixin.py:137} INFO - [2023-03-21T17:17:22.918+0000] {dagbag.py:532} INFO - Filling up the DagBag from /home/airflow/.local/lib/python3.7/site-packages/airflow/example_dags/example_sensor_decorator.py
[2023-03-21T17:17:22.935+0000] {processor.py:753} INFO - DAG(s) dict_keys(['example_sensor_decorator']) retrieved from /home/airflow/.local/lib/python3.7/site-packages/airflow/example_dags/example_sensor_decorator.py
[2023-03-21T17:17:22.954+0000] {logging_mixin.py:137} INFO - [2023-03-21T17:17:22.954+0000] {dag.py:2693} INFO - Sync 1 DAGs
[2023-03-21T17:17:22.973+0000] {logging_mixin.py:137} INFO - [2023-03-21T17:17:22.973+0000] {dag.py:3444} INFO - Setting next_dagrun for example_sensor_decorator to None, run_after=None
[2023-03-21T17:17:22.989+0000] {processor.py:175} INFO - Processing /home/airflow/.local/lib/python3.7/site-packages/airflow/example_dags/example_sensor_decorator.py took 0.076 seconds
[2023-03-21T17:17:53.597+0000] {processor.py:153} INFO - Started process (PID=208) to work on /home/airflow/.local/lib/python3.7/site-packages/airflow/example_dags/example_sensor_decorator.py
[2023-03-21T17:17:53.599+0000] {processor.py:743} INFO - Processing file /home/airflow/.local/lib/python3.7/site-packages/airflow/example_dags/example_sensor_decorator.py for tasks to queue
[2023-03-21T17:17:53.599+0000] {logging_mixin.py:137} INFO - [2023-03-21T17:17:53.599+0000] {dagbag.py:532} INFO - Filling up the DagBag from /home/airflow/.local/lib/python3.7/site-packages/airflow/example_dags/example_sensor_decorator.py
[2023-03-21T17:17:53.614+0000] {processor.py:753} INFO - DAG(s) dict_keys(['example_sensor_decorator']) retrieved from /home/airflow/.local/lib/python3.7/site-packages/airflow/example_dags/example_sensor_decorator.py
[2023-03-21T17:17:53.632+0000] {logging_mixin.py:137} INFO - [2023-03-21T17:17:53.632+0000] {dag.py:2693} INFO - Sync 1 DAGs
[2023-03-21T17:17:53.647+0000] {logging_mixin.py:137} INFO - [2023-03-21T17:17:53.647+0000] {dag.py:3444} INFO - Setting next_dagrun for example_sensor_decorator to None, run_after=None
[2023-03-21T17:17:53.659+0000] {processor.py:175} INFO - Processing /home/airflow/.local/lib/python3.7/site-packages/airflow/example_dags/example_sensor_decorator.py took 0.064 seconds
