[2023-03-21T15:25:55.253+0000] {processor.py:153} INFO - Started process (PID=68) to work on /home/airflow/.local/lib/python3.7/site-packages/airflow/example_dags/example_xcomargs.py
[2023-03-21T15:25:55.257+0000] {processor.py:743} INFO - Processing file /home/airflow/.local/lib/python3.7/site-packages/airflow/example_dags/example_xcomargs.py for tasks to queue
[2023-03-21T15:25:55.262+0000] {logging_mixin.py:137} INFO - [2023-03-21T15:25:55.262+0000] {dagbag.py:532} INFO - Filling up the DagBag from /home/airflow/.local/lib/python3.7/site-packages/airflow/example_dags/example_xcomargs.py
[2023-03-21T15:25:55.290+0000] {processor.py:753} INFO - DAG(s) dict_keys(['example_xcom_args_with_operators', 'example_xcom_args']) retrieved from /home/airflow/.local/lib/python3.7/site-packages/airflow/example_dags/example_xcomargs.py
[2023-03-21T15:25:55.320+0000] {logging_mixin.py:137} INFO - [2023-03-21T15:25:55.319+0000] {dag.py:2693} INFO - Sync 2 DAGs
[2023-03-21T15:25:55.354+0000] {logging_mixin.py:137} INFO - [2023-03-21T15:25:55.353+0000] {dag.py:3444} INFO - Setting next_dagrun for example_xcom_args to None, run_after=None
[2023-03-21T15:25:55.359+0000] {logging_mixin.py:137} INFO - [2023-03-21T15:25:55.359+0000] {dag.py:3444} INFO - Setting next_dagrun for example_xcom_args_with_operators to None, run_after=None
[2023-03-21T15:25:55.378+0000] {processor.py:175} INFO - Processing /home/airflow/.local/lib/python3.7/site-packages/airflow/example_dags/example_xcomargs.py took 0.139 seconds
[2023-03-21T15:26:25.942+0000] {processor.py:153} INFO - Started process (PID=117) to work on /home/airflow/.local/lib/python3.7/site-packages/airflow/example_dags/example_xcomargs.py
[2023-03-21T15:26:25.943+0000] {processor.py:743} INFO - Processing file /home/airflow/.local/lib/python3.7/site-packages/airflow/example_dags/example_xcomargs.py for tasks to queue
[2023-03-21T15:26:25.944+0000] {logging_mixin.py:137} INFO - [2023-03-21T15:26:25.944+0000] {dagbag.py:532} INFO - Filling up the DagBag from /home/airflow/.local/lib/python3.7/site-packages/airflow/example_dags/example_xcomargs.py
[2023-03-21T15:26:25.967+0000] {processor.py:753} INFO - DAG(s) dict_keys(['example_xcom_args', 'example_xcom_args_with_operators']) retrieved from /home/airflow/.local/lib/python3.7/site-packages/airflow/example_dags/example_xcomargs.py
[2023-03-21T15:26:26.004+0000] {logging_mixin.py:137} INFO - [2023-03-21T15:26:26.004+0000] {dag.py:2693} INFO - Sync 2 DAGs
[2023-03-21T15:26:26.024+0000] {logging_mixin.py:137} INFO - [2023-03-21T15:26:26.024+0000] {dag.py:3444} INFO - Setting next_dagrun for example_xcom_args to None, run_after=None
[2023-03-21T15:26:26.027+0000] {logging_mixin.py:137} INFO - [2023-03-21T15:26:26.027+0000] {dag.py:3444} INFO - Setting next_dagrun for example_xcom_args_with_operators to None, run_after=None
[2023-03-21T15:26:26.040+0000] {processor.py:175} INFO - Processing /home/airflow/.local/lib/python3.7/site-packages/airflow/example_dags/example_xcomargs.py took 0.101 seconds
[2023-03-21T15:26:56.603+0000] {processor.py:153} INFO - Started process (PID=166) to work on /home/airflow/.local/lib/python3.7/site-packages/airflow/example_dags/example_xcomargs.py
[2023-03-21T15:26:56.604+0000] {processor.py:743} INFO - Processing file /home/airflow/.local/lib/python3.7/site-packages/airflow/example_dags/example_xcomargs.py for tasks to queue
[2023-03-21T15:26:56.605+0000] {logging_mixin.py:137} INFO - [2023-03-21T15:26:56.605+0000] {dagbag.py:532} INFO - Filling up the DagBag from /home/airflow/.local/lib/python3.7/site-packages/airflow/example_dags/example_xcomargs.py
[2023-03-21T15:26:56.623+0000] {processor.py:753} INFO - DAG(s) dict_keys(['example_xcom_args_with_operators', 'example_xcom_args']) retrieved from /home/airflow/.local/lib/python3.7/site-packages/airflow/example_dags/example_xcomargs.py
[2023-03-21T15:26:56.666+0000] {logging_mixin.py:137} INFO - [2023-03-21T15:26:56.666+0000] {dag.py:2693} INFO - Sync 2 DAGs
[2023-03-21T15:26:56.696+0000] {logging_mixin.py:137} INFO - [2023-03-21T15:26:56.696+0000] {dag.py:3444} INFO - Setting next_dagrun for example_xcom_args to None, run_after=None
[2023-03-21T15:26:56.700+0000] {logging_mixin.py:137} INFO - [2023-03-21T15:26:56.700+0000] {dag.py:3444} INFO - Setting next_dagrun for example_xcom_args_with_operators to None, run_after=None
[2023-03-21T15:26:56.750+0000] {processor.py:175} INFO - Processing /home/airflow/.local/lib/python3.7/site-packages/airflow/example_dags/example_xcomargs.py took 0.151 seconds
[2023-03-21T15:27:27.171+0000] {processor.py:153} INFO - Started process (PID=215) to work on /home/airflow/.local/lib/python3.7/site-packages/airflow/example_dags/example_xcomargs.py
[2023-03-21T15:27:27.172+0000] {processor.py:743} INFO - Processing file /home/airflow/.local/lib/python3.7/site-packages/airflow/example_dags/example_xcomargs.py for tasks to queue
[2023-03-21T15:27:27.173+0000] {logging_mixin.py:137} INFO - [2023-03-21T15:27:27.173+0000] {dagbag.py:532} INFO - Filling up the DagBag from /home/airflow/.local/lib/python3.7/site-packages/airflow/example_dags/example_xcomargs.py
[2023-03-21T15:27:27.189+0000] {processor.py:753} INFO - DAG(s) dict_keys(['example_xcom_args', 'example_xcom_args_with_operators']) retrieved from /home/airflow/.local/lib/python3.7/site-packages/airflow/example_dags/example_xcomargs.py
[2023-03-21T15:27:27.211+0000] {logging_mixin.py:137} INFO - [2023-03-21T15:27:27.211+0000] {dag.py:2693} INFO - Sync 2 DAGs
[2023-03-21T15:27:27.228+0000] {logging_mixin.py:137} INFO - [2023-03-21T15:27:27.228+0000] {dag.py:3444} INFO - Setting next_dagrun for example_xcom_args to None, run_after=None
[2023-03-21T15:27:27.230+0000] {logging_mixin.py:137} INFO - [2023-03-21T15:27:27.230+0000] {dag.py:3444} INFO - Setting next_dagrun for example_xcom_args_with_operators to None, run_after=None
[2023-03-21T15:27:27.241+0000] {processor.py:175} INFO - Processing /home/airflow/.local/lib/python3.7/site-packages/airflow/example_dags/example_xcomargs.py took 0.072 seconds
[2023-03-21T15:27:57.655+0000] {processor.py:153} INFO - Started process (PID=264) to work on /home/airflow/.local/lib/python3.7/site-packages/airflow/example_dags/example_xcomargs.py
[2023-03-21T15:27:57.656+0000] {processor.py:743} INFO - Processing file /home/airflow/.local/lib/python3.7/site-packages/airflow/example_dags/example_xcomargs.py for tasks to queue
[2023-03-21T15:27:57.657+0000] {logging_mixin.py:137} INFO - [2023-03-21T15:27:57.657+0000] {dagbag.py:532} INFO - Filling up the DagBag from /home/airflow/.local/lib/python3.7/site-packages/airflow/example_dags/example_xcomargs.py
[2023-03-21T15:27:57.672+0000] {processor.py:753} INFO - DAG(s) dict_keys(['example_xcom_args', 'example_xcom_args_with_operators']) retrieved from /home/airflow/.local/lib/python3.7/site-packages/airflow/example_dags/example_xcomargs.py
[2023-03-21T15:27:57.694+0000] {logging_mixin.py:137} INFO - [2023-03-21T15:27:57.694+0000] {dag.py:2693} INFO - Sync 2 DAGs
[2023-03-21T15:27:57.709+0000] {logging_mixin.py:137} INFO - [2023-03-21T15:27:57.709+0000] {dag.py:3444} INFO - Setting next_dagrun for example_xcom_args to None, run_after=None
[2023-03-21T15:27:57.711+0000] {logging_mixin.py:137} INFO - [2023-03-21T15:27:57.711+0000] {dag.py:3444} INFO - Setting next_dagrun for example_xcom_args_with_operators to None, run_after=None
[2023-03-21T15:27:57.722+0000] {processor.py:175} INFO - Processing /home/airflow/.local/lib/python3.7/site-packages/airflow/example_dags/example_xcomargs.py took 0.071 seconds
[2023-03-21T15:28:27.964+0000] {processor.py:153} INFO - Started process (PID=313) to work on /home/airflow/.local/lib/python3.7/site-packages/airflow/example_dags/example_xcomargs.py
[2023-03-21T15:28:27.965+0000] {processor.py:743} INFO - Processing file /home/airflow/.local/lib/python3.7/site-packages/airflow/example_dags/example_xcomargs.py for tasks to queue
[2023-03-21T15:28:27.966+0000] {logging_mixin.py:137} INFO - [2023-03-21T15:28:27.966+0000] {dagbag.py:532} INFO - Filling up the DagBag from /home/airflow/.local/lib/python3.7/site-packages/airflow/example_dags/example_xcomargs.py
[2023-03-21T15:28:27.981+0000] {processor.py:753} INFO - DAG(s) dict_keys(['example_xcom_args', 'example_xcom_args_with_operators']) retrieved from /home/airflow/.local/lib/python3.7/site-packages/airflow/example_dags/example_xcomargs.py
[2023-03-21T15:28:28.005+0000] {logging_mixin.py:137} INFO - [2023-03-21T15:28:28.005+0000] {dag.py:2693} INFO - Sync 2 DAGs
[2023-03-21T15:28:28.021+0000] {logging_mixin.py:137} INFO - [2023-03-21T15:28:28.021+0000] {dag.py:3444} INFO - Setting next_dagrun for example_xcom_args to None, run_after=None
[2023-03-21T15:28:28.024+0000] {logging_mixin.py:137} INFO - [2023-03-21T15:28:28.024+0000] {dag.py:3444} INFO - Setting next_dagrun for example_xcom_args_with_operators to None, run_after=None
[2023-03-21T15:28:28.033+0000] {processor.py:175} INFO - Processing /home/airflow/.local/lib/python3.7/site-packages/airflow/example_dags/example_xcomargs.py took 0.072 seconds
[2023-03-21T15:28:58.288+0000] {processor.py:153} INFO - Started process (PID=362) to work on /home/airflow/.local/lib/python3.7/site-packages/airflow/example_dags/example_xcomargs.py
[2023-03-21T15:28:58.289+0000] {processor.py:743} INFO - Processing file /home/airflow/.local/lib/python3.7/site-packages/airflow/example_dags/example_xcomargs.py for tasks to queue
[2023-03-21T15:28:58.289+0000] {logging_mixin.py:137} INFO - [2023-03-21T15:28:58.289+0000] {dagbag.py:532} INFO - Filling up the DagBag from /home/airflow/.local/lib/python3.7/site-packages/airflow/example_dags/example_xcomargs.py
[2023-03-21T15:28:58.305+0000] {processor.py:753} INFO - DAG(s) dict_keys(['example_xcom_args', 'example_xcom_args_with_operators']) retrieved from /home/airflow/.local/lib/python3.7/site-packages/airflow/example_dags/example_xcomargs.py
[2023-03-21T15:28:58.327+0000] {logging_mixin.py:137} INFO - [2023-03-21T15:28:58.327+0000] {dag.py:2693} INFO - Sync 2 DAGs
[2023-03-21T15:28:58.342+0000] {logging_mixin.py:137} INFO - [2023-03-21T15:28:58.342+0000] {dag.py:3444} INFO - Setting next_dagrun for example_xcom_args to None, run_after=None
[2023-03-21T15:28:58.345+0000] {logging_mixin.py:137} INFO - [2023-03-21T15:28:58.345+0000] {dag.py:3444} INFO - Setting next_dagrun for example_xcom_args_with_operators to None, run_after=None
[2023-03-21T15:28:58.355+0000] {processor.py:175} INFO - Processing /home/airflow/.local/lib/python3.7/site-packages/airflow/example_dags/example_xcomargs.py took 0.070 seconds
[2023-03-21T15:29:28.520+0000] {processor.py:153} INFO - Started process (PID=411) to work on /home/airflow/.local/lib/python3.7/site-packages/airflow/example_dags/example_xcomargs.py
[2023-03-21T15:29:28.521+0000] {processor.py:743} INFO - Processing file /home/airflow/.local/lib/python3.7/site-packages/airflow/example_dags/example_xcomargs.py for tasks to queue
[2023-03-21T15:29:28.522+0000] {logging_mixin.py:137} INFO - [2023-03-21T15:29:28.522+0000] {dagbag.py:532} INFO - Filling up the DagBag from /home/airflow/.local/lib/python3.7/site-packages/airflow/example_dags/example_xcomargs.py
[2023-03-21T15:29:28.538+0000] {processor.py:753} INFO - DAG(s) dict_keys(['example_xcom_args', 'example_xcom_args_with_operators']) retrieved from /home/airflow/.local/lib/python3.7/site-packages/airflow/example_dags/example_xcomargs.py
[2023-03-21T15:29:28.560+0000] {logging_mixin.py:137} INFO - [2023-03-21T15:29:28.560+0000] {dag.py:2693} INFO - Sync 2 DAGs
[2023-03-21T15:29:28.576+0000] {logging_mixin.py:137} INFO - [2023-03-21T15:29:28.576+0000] {dag.py:3444} INFO - Setting next_dagrun for example_xcom_args to None, run_after=None
[2023-03-21T15:29:28.579+0000] {logging_mixin.py:137} INFO - [2023-03-21T15:29:28.579+0000] {dag.py:3444} INFO - Setting next_dagrun for example_xcom_args_with_operators to None, run_after=None
[2023-03-21T15:29:28.588+0000] {processor.py:175} INFO - Processing /home/airflow/.local/lib/python3.7/site-packages/airflow/example_dags/example_xcomargs.py took 0.071 seconds
[2023-03-21T15:29:59.084+0000] {processor.py:153} INFO - Started process (PID=460) to work on /home/airflow/.local/lib/python3.7/site-packages/airflow/example_dags/example_xcomargs.py
[2023-03-21T15:29:59.085+0000] {processor.py:743} INFO - Processing file /home/airflow/.local/lib/python3.7/site-packages/airflow/example_dags/example_xcomargs.py for tasks to queue
[2023-03-21T15:29:59.087+0000] {logging_mixin.py:137} INFO - [2023-03-21T15:29:59.086+0000] {dagbag.py:532} INFO - Filling up the DagBag from /home/airflow/.local/lib/python3.7/site-packages/airflow/example_dags/example_xcomargs.py
[2023-03-21T15:29:59.102+0000] {processor.py:753} INFO - DAG(s) dict_keys(['example_xcom_args_with_operators', 'example_xcom_args']) retrieved from /home/airflow/.local/lib/python3.7/site-packages/airflow/example_dags/example_xcomargs.py
[2023-03-21T15:29:59.123+0000] {logging_mixin.py:137} INFO - [2023-03-21T15:29:59.123+0000] {dag.py:2693} INFO - Sync 2 DAGs
[2023-03-21T15:29:59.138+0000] {logging_mixin.py:137} INFO - [2023-03-21T15:29:59.138+0000] {dag.py:3444} INFO - Setting next_dagrun for example_xcom_args to None, run_after=None
[2023-03-21T15:29:59.140+0000] {logging_mixin.py:137} INFO - [2023-03-21T15:29:59.140+0000] {dag.py:3444} INFO - Setting next_dagrun for example_xcom_args_with_operators to None, run_after=None
[2023-03-21T15:29:59.150+0000] {processor.py:175} INFO - Processing /home/airflow/.local/lib/python3.7/site-packages/airflow/example_dags/example_xcomargs.py took 0.069 seconds
[2023-03-21T15:30:29.587+0000] {processor.py:153} INFO - Started process (PID=509) to work on /home/airflow/.local/lib/python3.7/site-packages/airflow/example_dags/example_xcomargs.py
[2023-03-21T15:30:29.588+0000] {processor.py:743} INFO - Processing file /home/airflow/.local/lib/python3.7/site-packages/airflow/example_dags/example_xcomargs.py for tasks to queue
[2023-03-21T15:30:29.589+0000] {logging_mixin.py:137} INFO - [2023-03-21T15:30:29.589+0000] {dagbag.py:532} INFO - Filling up the DagBag from /home/airflow/.local/lib/python3.7/site-packages/airflow/example_dags/example_xcomargs.py
[2023-03-21T15:30:29.605+0000] {processor.py:753} INFO - DAG(s) dict_keys(['example_xcom_args', 'example_xcom_args_with_operators']) retrieved from /home/airflow/.local/lib/python3.7/site-packages/airflow/example_dags/example_xcomargs.py
[2023-03-21T15:30:29.627+0000] {logging_mixin.py:137} INFO - [2023-03-21T15:30:29.627+0000] {dag.py:2693} INFO - Sync 2 DAGs
[2023-03-21T15:30:29.643+0000] {logging_mixin.py:137} INFO - [2023-03-21T15:30:29.643+0000] {dag.py:3444} INFO - Setting next_dagrun for example_xcom_args to None, run_after=None
[2023-03-21T15:30:29.645+0000] {logging_mixin.py:137} INFO - [2023-03-21T15:30:29.645+0000] {dag.py:3444} INFO - Setting next_dagrun for example_xcom_args_with_operators to None, run_after=None
[2023-03-21T15:30:29.656+0000] {processor.py:175} INFO - Processing /home/airflow/.local/lib/python3.7/site-packages/airflow/example_dags/example_xcomargs.py took 0.071 seconds
[2023-03-21T15:30:59.960+0000] {processor.py:153} INFO - Started process (PID=558) to work on /home/airflow/.local/lib/python3.7/site-packages/airflow/example_dags/example_xcomargs.py
[2023-03-21T15:30:59.962+0000] {processor.py:743} INFO - Processing file /home/airflow/.local/lib/python3.7/site-packages/airflow/example_dags/example_xcomargs.py for tasks to queue
[2023-03-21T15:30:59.963+0000] {logging_mixin.py:137} INFO - [2023-03-21T15:30:59.963+0000] {dagbag.py:532} INFO - Filling up the DagBag from /home/airflow/.local/lib/python3.7/site-packages/airflow/example_dags/example_xcomargs.py
[2023-03-21T15:30:59.985+0000] {processor.py:753} INFO - DAG(s) dict_keys(['example_xcom_args_with_operators', 'example_xcom_args']) retrieved from /home/airflow/.local/lib/python3.7/site-packages/airflow/example_dags/example_xcomargs.py
[2023-03-21T15:31:00.011+0000] {logging_mixin.py:137} INFO - [2023-03-21T15:31:00.011+0000] {dag.py:2693} INFO - Sync 2 DAGs
[2023-03-21T15:31:00.030+0000] {logging_mixin.py:137} INFO - [2023-03-21T15:31:00.030+0000] {dag.py:3444} INFO - Setting next_dagrun for example_xcom_args to None, run_after=None
[2023-03-21T15:31:00.033+0000] {logging_mixin.py:137} INFO - [2023-03-21T15:31:00.033+0000] {dag.py:3444} INFO - Setting next_dagrun for example_xcom_args_with_operators to None, run_after=None
[2023-03-21T15:31:00.044+0000] {processor.py:175} INFO - Processing /home/airflow/.local/lib/python3.7/site-packages/airflow/example_dags/example_xcomargs.py took 0.088 seconds
[2023-03-21T15:31:30.360+0000] {processor.py:153} INFO - Started process (PID=606) to work on /home/airflow/.local/lib/python3.7/site-packages/airflow/example_dags/example_xcomargs.py
[2023-03-21T15:31:30.361+0000] {processor.py:743} INFO - Processing file /home/airflow/.local/lib/python3.7/site-packages/airflow/example_dags/example_xcomargs.py for tasks to queue
[2023-03-21T15:31:30.362+0000] {logging_mixin.py:137} INFO - [2023-03-21T15:31:30.362+0000] {dagbag.py:532} INFO - Filling up the DagBag from /home/airflow/.local/lib/python3.7/site-packages/airflow/example_dags/example_xcomargs.py
[2023-03-21T15:31:30.378+0000] {processor.py:753} INFO - DAG(s) dict_keys(['example_xcom_args_with_operators', 'example_xcom_args']) retrieved from /home/airflow/.local/lib/python3.7/site-packages/airflow/example_dags/example_xcomargs.py
[2023-03-21T15:31:30.402+0000] {logging_mixin.py:137} INFO - [2023-03-21T15:31:30.402+0000] {dag.py:2693} INFO - Sync 2 DAGs
[2023-03-21T15:31:30.420+0000] {logging_mixin.py:137} INFO - [2023-03-21T15:31:30.420+0000] {dag.py:3444} INFO - Setting next_dagrun for example_xcom_args to None, run_after=None
[2023-03-21T15:31:30.423+0000] {logging_mixin.py:137} INFO - [2023-03-21T15:31:30.422+0000] {dag.py:3444} INFO - Setting next_dagrun for example_xcom_args_with_operators to None, run_after=None
[2023-03-21T15:31:30.436+0000] {processor.py:175} INFO - Processing /home/airflow/.local/lib/python3.7/site-packages/airflow/example_dags/example_xcomargs.py took 0.079 seconds
[2023-03-21T15:32:00.843+0000] {processor.py:153} INFO - Started process (PID=655) to work on /home/airflow/.local/lib/python3.7/site-packages/airflow/example_dags/example_xcomargs.py
[2023-03-21T15:32:00.845+0000] {processor.py:743} INFO - Processing file /home/airflow/.local/lib/python3.7/site-packages/airflow/example_dags/example_xcomargs.py for tasks to queue
[2023-03-21T15:32:00.845+0000] {logging_mixin.py:137} INFO - [2023-03-21T15:32:00.845+0000] {dagbag.py:532} INFO - Filling up the DagBag from /home/airflow/.local/lib/python3.7/site-packages/airflow/example_dags/example_xcomargs.py
[2023-03-21T15:32:00.861+0000] {processor.py:753} INFO - DAG(s) dict_keys(['example_xcom_args', 'example_xcom_args_with_operators']) retrieved from /home/airflow/.local/lib/python3.7/site-packages/airflow/example_dags/example_xcomargs.py
[2023-03-21T15:32:00.883+0000] {logging_mixin.py:137} INFO - [2023-03-21T15:32:00.883+0000] {dag.py:2693} INFO - Sync 2 DAGs
[2023-03-21T15:32:00.898+0000] {logging_mixin.py:137} INFO - [2023-03-21T15:32:00.898+0000] {dag.py:3444} INFO - Setting next_dagrun for example_xcom_args to None, run_after=None
[2023-03-21T15:32:00.901+0000] {logging_mixin.py:137} INFO - [2023-03-21T15:32:00.901+0000] {dag.py:3444} INFO - Setting next_dagrun for example_xcom_args_with_operators to None, run_after=None
[2023-03-21T15:32:00.911+0000] {processor.py:175} INFO - Processing /home/airflow/.local/lib/python3.7/site-packages/airflow/example_dags/example_xcomargs.py took 0.069 seconds
[2023-03-21T16:52:57.603+0000] {processor.py:153} INFO - Started process (PID=69) to work on /home/airflow/.local/lib/python3.7/site-packages/airflow/example_dags/example_xcomargs.py
[2023-03-21T16:52:57.605+0000] {processor.py:743} INFO - Processing file /home/airflow/.local/lib/python3.7/site-packages/airflow/example_dags/example_xcomargs.py for tasks to queue
[2023-03-21T16:52:57.611+0000] {logging_mixin.py:137} INFO - [2023-03-21T16:52:57.611+0000] {dagbag.py:532} INFO - Filling up the DagBag from /home/airflow/.local/lib/python3.7/site-packages/airflow/example_dags/example_xcomargs.py
[2023-03-21T16:52:57.665+0000] {processor.py:753} INFO - DAG(s) dict_keys(['example_xcom_args_with_operators', 'example_xcom_args']) retrieved from /home/airflow/.local/lib/python3.7/site-packages/airflow/example_dags/example_xcomargs.py
[2023-03-21T16:52:57.689+0000] {logging_mixin.py:137} INFO - [2023-03-21T16:52:57.689+0000] {dag.py:2693} INFO - Sync 2 DAGs
[2023-03-21T16:52:57.743+0000] {logging_mixin.py:137} INFO - [2023-03-21T16:52:57.743+0000] {dag.py:3444} INFO - Setting next_dagrun for example_xcom_args to None, run_after=None
[2023-03-21T16:52:57.748+0000] {logging_mixin.py:137} INFO - [2023-03-21T16:52:57.748+0000] {dag.py:3444} INFO - Setting next_dagrun for example_xcom_args_with_operators to None, run_after=None
[2023-03-21T16:52:57.789+0000] {processor.py:175} INFO - Processing /home/airflow/.local/lib/python3.7/site-packages/airflow/example_dags/example_xcomargs.py took 0.192 seconds
[2023-03-21T16:53:28.743+0000] {processor.py:153} INFO - Started process (PID=118) to work on /home/airflow/.local/lib/python3.7/site-packages/airflow/example_dags/example_xcomargs.py
[2023-03-21T16:53:28.745+0000] {processor.py:743} INFO - Processing file /home/airflow/.local/lib/python3.7/site-packages/airflow/example_dags/example_xcomargs.py for tasks to queue
[2023-03-21T16:53:28.746+0000] {logging_mixin.py:137} INFO - [2023-03-21T16:53:28.746+0000] {dagbag.py:532} INFO - Filling up the DagBag from /home/airflow/.local/lib/python3.7/site-packages/airflow/example_dags/example_xcomargs.py
[2023-03-21T16:53:28.773+0000] {processor.py:753} INFO - DAG(s) dict_keys(['example_xcom_args', 'example_xcom_args_with_operators']) retrieved from /home/airflow/.local/lib/python3.7/site-packages/airflow/example_dags/example_xcomargs.py
[2023-03-21T16:53:28.801+0000] {logging_mixin.py:137} INFO - [2023-03-21T16:53:28.801+0000] {dag.py:2693} INFO - Sync 2 DAGs
[2023-03-21T16:53:28.820+0000] {logging_mixin.py:137} INFO - [2023-03-21T16:53:28.819+0000] {dag.py:3444} INFO - Setting next_dagrun for example_xcom_args to None, run_after=None
[2023-03-21T16:53:28.822+0000] {logging_mixin.py:137} INFO - [2023-03-21T16:53:28.822+0000] {dag.py:3444} INFO - Setting next_dagrun for example_xcom_args_with_operators to None, run_after=None
[2023-03-21T16:53:28.835+0000] {processor.py:175} INFO - Processing /home/airflow/.local/lib/python3.7/site-packages/airflow/example_dags/example_xcomargs.py took 0.095 seconds
[2023-03-21T16:53:59.634+0000] {processor.py:153} INFO - Started process (PID=172) to work on /home/airflow/.local/lib/python3.7/site-packages/airflow/example_dags/example_xcomargs.py
[2023-03-21T16:53:59.635+0000] {processor.py:743} INFO - Processing file /home/airflow/.local/lib/python3.7/site-packages/airflow/example_dags/example_xcomargs.py for tasks to queue
[2023-03-21T16:53:59.636+0000] {logging_mixin.py:137} INFO - [2023-03-21T16:53:59.635+0000] {dagbag.py:532} INFO - Filling up the DagBag from /home/airflow/.local/lib/python3.7/site-packages/airflow/example_dags/example_xcomargs.py
[2023-03-21T16:53:59.652+0000] {processor.py:753} INFO - DAG(s) dict_keys(['example_xcom_args_with_operators', 'example_xcom_args']) retrieved from /home/airflow/.local/lib/python3.7/site-packages/airflow/example_dags/example_xcomargs.py
[2023-03-21T16:53:59.674+0000] {logging_mixin.py:137} INFO - [2023-03-21T16:53:59.673+0000] {dag.py:2693} INFO - Sync 2 DAGs
[2023-03-21T16:53:59.691+0000] {logging_mixin.py:137} INFO - [2023-03-21T16:53:59.691+0000] {dag.py:3444} INFO - Setting next_dagrun for example_xcom_args to None, run_after=None
[2023-03-21T16:53:59.693+0000] {logging_mixin.py:137} INFO - [2023-03-21T16:53:59.693+0000] {dag.py:3444} INFO - Setting next_dagrun for example_xcom_args_with_operators to None, run_after=None
[2023-03-21T16:53:59.703+0000] {processor.py:175} INFO - Processing /home/airflow/.local/lib/python3.7/site-packages/airflow/example_dags/example_xcomargs.py took 0.072 seconds
[2023-03-21T16:54:35.202+0000] {processor.py:153} INFO - Started process (PID=222) to work on /home/airflow/.local/lib/python3.7/site-packages/airflow/example_dags/example_xcomargs.py
[2023-03-21T16:54:35.204+0000] {processor.py:743} INFO - Processing file /home/airflow/.local/lib/python3.7/site-packages/airflow/example_dags/example_xcomargs.py for tasks to queue
[2023-03-21T16:54:35.205+0000] {logging_mixin.py:137} INFO - [2023-03-21T16:54:35.205+0000] {dagbag.py:532} INFO - Filling up the DagBag from /home/airflow/.local/lib/python3.7/site-packages/airflow/example_dags/example_xcomargs.py
[2023-03-21T16:54:35.225+0000] {processor.py:753} INFO - DAG(s) dict_keys(['example_xcom_args', 'example_xcom_args_with_operators']) retrieved from /home/airflow/.local/lib/python3.7/site-packages/airflow/example_dags/example_xcomargs.py
[2023-03-21T16:54:35.252+0000] {logging_mixin.py:137} INFO - [2023-03-21T16:54:35.251+0000] {dag.py:2693} INFO - Sync 2 DAGs
[2023-03-21T16:54:35.272+0000] {logging_mixin.py:137} INFO - [2023-03-21T16:54:35.272+0000] {dag.py:3444} INFO - Setting next_dagrun for example_xcom_args to None, run_after=None
[2023-03-21T16:54:35.275+0000] {logging_mixin.py:137} INFO - [2023-03-21T16:54:35.275+0000] {dag.py:3444} INFO - Setting next_dagrun for example_xcom_args_with_operators to None, run_after=None
[2023-03-21T16:54:35.288+0000] {processor.py:175} INFO - Processing /home/airflow/.local/lib/python3.7/site-packages/airflow/example_dags/example_xcomargs.py took 0.091 seconds
[2023-03-21T16:55:05.700+0000] {processor.py:153} INFO - Started process (PID=271) to work on /home/airflow/.local/lib/python3.7/site-packages/airflow/example_dags/example_xcomargs.py
[2023-03-21T16:55:05.701+0000] {processor.py:743} INFO - Processing file /home/airflow/.local/lib/python3.7/site-packages/airflow/example_dags/example_xcomargs.py for tasks to queue
[2023-03-21T16:55:05.702+0000] {logging_mixin.py:137} INFO - [2023-03-21T16:55:05.702+0000] {dagbag.py:532} INFO - Filling up the DagBag from /home/airflow/.local/lib/python3.7/site-packages/airflow/example_dags/example_xcomargs.py
[2023-03-21T16:55:05.719+0000] {processor.py:753} INFO - DAG(s) dict_keys(['example_xcom_args_with_operators', 'example_xcom_args']) retrieved from /home/airflow/.local/lib/python3.7/site-packages/airflow/example_dags/example_xcomargs.py
[2023-03-21T16:55:05.741+0000] {logging_mixin.py:137} INFO - [2023-03-21T16:55:05.740+0000] {dag.py:2693} INFO - Sync 2 DAGs
[2023-03-21T16:55:05.759+0000] {logging_mixin.py:137} INFO - [2023-03-21T16:55:05.759+0000] {dag.py:3444} INFO - Setting next_dagrun for example_xcom_args to None, run_after=None
[2023-03-21T16:55:05.762+0000] {logging_mixin.py:137} INFO - [2023-03-21T16:55:05.762+0000] {dag.py:3444} INFO - Setting next_dagrun for example_xcom_args_with_operators to None, run_after=None
[2023-03-21T16:55:05.775+0000] {processor.py:175} INFO - Processing /home/airflow/.local/lib/python3.7/site-packages/airflow/example_dags/example_xcomargs.py took 0.078 seconds
[2023-03-21T16:55:36.845+0000] {processor.py:153} INFO - Started process (PID=321) to work on /home/airflow/.local/lib/python3.7/site-packages/airflow/example_dags/example_xcomargs.py
[2023-03-21T16:55:36.847+0000] {processor.py:743} INFO - Processing file /home/airflow/.local/lib/python3.7/site-packages/airflow/example_dags/example_xcomargs.py for tasks to queue
[2023-03-21T16:55:36.848+0000] {logging_mixin.py:137} INFO - [2023-03-21T16:55:36.848+0000] {dagbag.py:532} INFO - Filling up the DagBag from /home/airflow/.local/lib/python3.7/site-packages/airflow/example_dags/example_xcomargs.py
[2023-03-21T16:55:36.867+0000] {processor.py:753} INFO - DAG(s) dict_keys(['example_xcom_args_with_operators', 'example_xcom_args']) retrieved from /home/airflow/.local/lib/python3.7/site-packages/airflow/example_dags/example_xcomargs.py
[2023-03-21T16:55:36.892+0000] {logging_mixin.py:137} INFO - [2023-03-21T16:55:36.892+0000] {dag.py:2693} INFO - Sync 2 DAGs
[2023-03-21T16:55:36.911+0000] {logging_mixin.py:137} INFO - [2023-03-21T16:55:36.910+0000] {dag.py:3444} INFO - Setting next_dagrun for example_xcom_args to None, run_after=None
[2023-03-21T16:55:36.913+0000] {logging_mixin.py:137} INFO - [2023-03-21T16:55:36.913+0000] {dag.py:3444} INFO - Setting next_dagrun for example_xcom_args_with_operators to None, run_after=None
[2023-03-21T16:55:36.926+0000] {processor.py:175} INFO - Processing /home/airflow/.local/lib/python3.7/site-packages/airflow/example_dags/example_xcomargs.py took 0.084 seconds
[2023-03-21T16:56:07.755+0000] {processor.py:153} INFO - Started process (PID=371) to work on /home/airflow/.local/lib/python3.7/site-packages/airflow/example_dags/example_xcomargs.py
[2023-03-21T16:56:07.756+0000] {processor.py:743} INFO - Processing file /home/airflow/.local/lib/python3.7/site-packages/airflow/example_dags/example_xcomargs.py for tasks to queue
[2023-03-21T16:56:07.757+0000] {logging_mixin.py:137} INFO - [2023-03-21T16:56:07.757+0000] {dagbag.py:532} INFO - Filling up the DagBag from /home/airflow/.local/lib/python3.7/site-packages/airflow/example_dags/example_xcomargs.py
[2023-03-21T16:56:07.774+0000] {processor.py:753} INFO - DAG(s) dict_keys(['example_xcom_args_with_operators', 'example_xcom_args']) retrieved from /home/airflow/.local/lib/python3.7/site-packages/airflow/example_dags/example_xcomargs.py
[2023-03-21T16:56:07.796+0000] {logging_mixin.py:137} INFO - [2023-03-21T16:56:07.796+0000] {dag.py:2693} INFO - Sync 2 DAGs
[2023-03-21T16:56:07.814+0000] {logging_mixin.py:137} INFO - [2023-03-21T16:56:07.814+0000] {dag.py:3444} INFO - Setting next_dagrun for example_xcom_args to None, run_after=None
[2023-03-21T16:56:07.817+0000] {logging_mixin.py:137} INFO - [2023-03-21T16:56:07.816+0000] {dag.py:3444} INFO - Setting next_dagrun for example_xcom_args_with_operators to None, run_after=None
[2023-03-21T16:56:07.828+0000] {processor.py:175} INFO - Processing /home/airflow/.local/lib/python3.7/site-packages/airflow/example_dags/example_xcomargs.py took 0.076 seconds
[2023-03-21T16:56:38.064+0000] {processor.py:153} INFO - Started process (PID=422) to work on /home/airflow/.local/lib/python3.7/site-packages/airflow/example_dags/example_xcomargs.py
[2023-03-21T16:56:38.066+0000] {processor.py:743} INFO - Processing file /home/airflow/.local/lib/python3.7/site-packages/airflow/example_dags/example_xcomargs.py for tasks to queue
[2023-03-21T16:56:38.066+0000] {logging_mixin.py:137} INFO - [2023-03-21T16:56:38.066+0000] {dagbag.py:532} INFO - Filling up the DagBag from /home/airflow/.local/lib/python3.7/site-packages/airflow/example_dags/example_xcomargs.py
[2023-03-21T16:56:38.081+0000] {processor.py:753} INFO - DAG(s) dict_keys(['example_xcom_args', 'example_xcom_args_with_operators']) retrieved from /home/airflow/.local/lib/python3.7/site-packages/airflow/example_dags/example_xcomargs.py
[2023-03-21T16:56:38.104+0000] {logging_mixin.py:137} INFO - [2023-03-21T16:56:38.104+0000] {dag.py:2693} INFO - Sync 2 DAGs
[2023-03-21T16:56:38.122+0000] {logging_mixin.py:137} INFO - [2023-03-21T16:56:38.122+0000] {dag.py:3444} INFO - Setting next_dagrun for example_xcom_args to None, run_after=None
[2023-03-21T16:56:38.125+0000] {logging_mixin.py:137} INFO - [2023-03-21T16:56:38.125+0000] {dag.py:3444} INFO - Setting next_dagrun for example_xcom_args_with_operators to None, run_after=None
[2023-03-21T16:56:38.136+0000] {processor.py:175} INFO - Processing /home/airflow/.local/lib/python3.7/site-packages/airflow/example_dags/example_xcomargs.py took 0.074 seconds
[2023-03-21T16:57:08.344+0000] {processor.py:153} INFO - Started process (PID=473) to work on /home/airflow/.local/lib/python3.7/site-packages/airflow/example_dags/example_xcomargs.py
[2023-03-21T16:57:08.346+0000] {processor.py:743} INFO - Processing file /home/airflow/.local/lib/python3.7/site-packages/airflow/example_dags/example_xcomargs.py for tasks to queue
[2023-03-21T16:57:08.346+0000] {logging_mixin.py:137} INFO - [2023-03-21T16:57:08.346+0000] {dagbag.py:532} INFO - Filling up the DagBag from /home/airflow/.local/lib/python3.7/site-packages/airflow/example_dags/example_xcomargs.py
[2023-03-21T16:57:08.368+0000] {processor.py:753} INFO - DAG(s) dict_keys(['example_xcom_args', 'example_xcom_args_with_operators']) retrieved from /home/airflow/.local/lib/python3.7/site-packages/airflow/example_dags/example_xcomargs.py
[2023-03-21T16:57:08.395+0000] {logging_mixin.py:137} INFO - [2023-03-21T16:57:08.394+0000] {dag.py:2693} INFO - Sync 2 DAGs
[2023-03-21T16:57:08.423+0000] {logging_mixin.py:137} INFO - [2023-03-21T16:57:08.423+0000] {dag.py:3444} INFO - Setting next_dagrun for example_xcom_args to None, run_after=None
[2023-03-21T16:57:08.428+0000] {logging_mixin.py:137} INFO - [2023-03-21T16:57:08.428+0000] {dag.py:3444} INFO - Setting next_dagrun for example_xcom_args_with_operators to None, run_after=None
[2023-03-21T16:57:08.450+0000] {processor.py:175} INFO - Processing /home/airflow/.local/lib/python3.7/site-packages/airflow/example_dags/example_xcomargs.py took 0.111 seconds
[2023-03-21T16:57:39.294+0000] {processor.py:153} INFO - Started process (PID=523) to work on /home/airflow/.local/lib/python3.7/site-packages/airflow/example_dags/example_xcomargs.py
[2023-03-21T16:57:39.296+0000] {processor.py:743} INFO - Processing file /home/airflow/.local/lib/python3.7/site-packages/airflow/example_dags/example_xcomargs.py for tasks to queue
[2023-03-21T16:57:39.296+0000] {logging_mixin.py:137} INFO - [2023-03-21T16:57:39.296+0000] {dagbag.py:532} INFO - Filling up the DagBag from /home/airflow/.local/lib/python3.7/site-packages/airflow/example_dags/example_xcomargs.py
[2023-03-21T16:57:39.311+0000] {processor.py:753} INFO - DAG(s) dict_keys(['example_xcom_args_with_operators', 'example_xcom_args']) retrieved from /home/airflow/.local/lib/python3.7/site-packages/airflow/example_dags/example_xcomargs.py
[2023-03-21T16:57:39.334+0000] {logging_mixin.py:137} INFO - [2023-03-21T16:57:39.334+0000] {dag.py:2693} INFO - Sync 2 DAGs
[2023-03-21T16:57:39.350+0000] {logging_mixin.py:137} INFO - [2023-03-21T16:57:39.350+0000] {dag.py:3444} INFO - Setting next_dagrun for example_xcom_args to None, run_after=None
[2023-03-21T16:57:39.353+0000] {logging_mixin.py:137} INFO - [2023-03-21T16:57:39.353+0000] {dag.py:3444} INFO - Setting next_dagrun for example_xcom_args_with_operators to None, run_after=None
[2023-03-21T16:57:39.364+0000] {processor.py:175} INFO - Processing /home/airflow/.local/lib/python3.7/site-packages/airflow/example_dags/example_xcomargs.py took 0.072 seconds
[2023-03-21T16:58:09.934+0000] {processor.py:153} INFO - Started process (PID=573) to work on /home/airflow/.local/lib/python3.7/site-packages/airflow/example_dags/example_xcomargs.py
[2023-03-21T16:58:09.936+0000] {processor.py:743} INFO - Processing file /home/airflow/.local/lib/python3.7/site-packages/airflow/example_dags/example_xcomargs.py for tasks to queue
[2023-03-21T16:58:09.937+0000] {logging_mixin.py:137} INFO - [2023-03-21T16:58:09.936+0000] {dagbag.py:532} INFO - Filling up the DagBag from /home/airflow/.local/lib/python3.7/site-packages/airflow/example_dags/example_xcomargs.py
[2023-03-21T16:58:09.952+0000] {processor.py:753} INFO - DAG(s) dict_keys(['example_xcom_args', 'example_xcom_args_with_operators']) retrieved from /home/airflow/.local/lib/python3.7/site-packages/airflow/example_dags/example_xcomargs.py
[2023-03-21T16:58:09.976+0000] {logging_mixin.py:137} INFO - [2023-03-21T16:58:09.976+0000] {dag.py:2693} INFO - Sync 2 DAGs
[2023-03-21T16:58:09.992+0000] {logging_mixin.py:137} INFO - [2023-03-21T16:58:09.992+0000] {dag.py:3444} INFO - Setting next_dagrun for example_xcom_args to None, run_after=None
[2023-03-21T16:58:09.996+0000] {logging_mixin.py:137} INFO - [2023-03-21T16:58:09.996+0000] {dag.py:3444} INFO - Setting next_dagrun for example_xcom_args_with_operators to None, run_after=None
[2023-03-21T16:58:10.006+0000] {processor.py:175} INFO - Processing /home/airflow/.local/lib/python3.7/site-packages/airflow/example_dags/example_xcomargs.py took 0.075 seconds
[2023-03-21T16:58:40.569+0000] {processor.py:153} INFO - Started process (PID=623) to work on /home/airflow/.local/lib/python3.7/site-packages/airflow/example_dags/example_xcomargs.py
[2023-03-21T16:58:40.570+0000] {processor.py:743} INFO - Processing file /home/airflow/.local/lib/python3.7/site-packages/airflow/example_dags/example_xcomargs.py for tasks to queue
[2023-03-21T16:58:40.571+0000] {logging_mixin.py:137} INFO - [2023-03-21T16:58:40.571+0000] {dagbag.py:532} INFO - Filling up the DagBag from /home/airflow/.local/lib/python3.7/site-packages/airflow/example_dags/example_xcomargs.py
[2023-03-21T16:58:40.587+0000] {processor.py:753} INFO - DAG(s) dict_keys(['example_xcom_args_with_operators', 'example_xcom_args']) retrieved from /home/airflow/.local/lib/python3.7/site-packages/airflow/example_dags/example_xcomargs.py
[2023-03-21T16:58:40.609+0000] {logging_mixin.py:137} INFO - [2023-03-21T16:58:40.609+0000] {dag.py:2693} INFO - Sync 2 DAGs
[2023-03-21T16:58:40.627+0000] {logging_mixin.py:137} INFO - [2023-03-21T16:58:40.627+0000] {dag.py:3444} INFO - Setting next_dagrun for example_xcom_args to None, run_after=None
[2023-03-21T16:58:40.629+0000] {logging_mixin.py:137} INFO - [2023-03-21T16:58:40.629+0000] {dag.py:3444} INFO - Setting next_dagrun for example_xcom_args_with_operators to None, run_after=None
[2023-03-21T16:58:40.641+0000] {processor.py:175} INFO - Processing /home/airflow/.local/lib/python3.7/site-packages/airflow/example_dags/example_xcomargs.py took 0.075 seconds
[2023-03-21T16:59:11.448+0000] {processor.py:153} INFO - Started process (PID=673) to work on /home/airflow/.local/lib/python3.7/site-packages/airflow/example_dags/example_xcomargs.py
[2023-03-21T16:59:11.450+0000] {processor.py:743} INFO - Processing file /home/airflow/.local/lib/python3.7/site-packages/airflow/example_dags/example_xcomargs.py for tasks to queue
[2023-03-21T16:59:11.451+0000] {logging_mixin.py:137} INFO - [2023-03-21T16:59:11.451+0000] {dagbag.py:532} INFO - Filling up the DagBag from /home/airflow/.local/lib/python3.7/site-packages/airflow/example_dags/example_xcomargs.py
[2023-03-21T16:59:11.478+0000] {processor.py:753} INFO - DAG(s) dict_keys(['example_xcom_args_with_operators', 'example_xcom_args']) retrieved from /home/airflow/.local/lib/python3.7/site-packages/airflow/example_dags/example_xcomargs.py
[2023-03-21T16:59:11.512+0000] {logging_mixin.py:137} INFO - [2023-03-21T16:59:11.512+0000] {dag.py:2693} INFO - Sync 2 DAGs
[2023-03-21T16:59:11.535+0000] {logging_mixin.py:137} INFO - [2023-03-21T16:59:11.535+0000] {dag.py:3444} INFO - Setting next_dagrun for example_xcom_args to None, run_after=None
[2023-03-21T16:59:11.539+0000] {logging_mixin.py:137} INFO - [2023-03-21T16:59:11.539+0000] {dag.py:3444} INFO - Setting next_dagrun for example_xcom_args_with_operators to None, run_after=None
[2023-03-21T16:59:11.553+0000] {processor.py:175} INFO - Processing /home/airflow/.local/lib/python3.7/site-packages/airflow/example_dags/example_xcomargs.py took 0.107 seconds
[2023-03-21T16:59:42.238+0000] {processor.py:153} INFO - Started process (PID=723) to work on /home/airflow/.local/lib/python3.7/site-packages/airflow/example_dags/example_xcomargs.py
[2023-03-21T16:59:42.239+0000] {processor.py:743} INFO - Processing file /home/airflow/.local/lib/python3.7/site-packages/airflow/example_dags/example_xcomargs.py for tasks to queue
[2023-03-21T16:59:42.239+0000] {logging_mixin.py:137} INFO - [2023-03-21T16:59:42.239+0000] {dagbag.py:532} INFO - Filling up the DagBag from /home/airflow/.local/lib/python3.7/site-packages/airflow/example_dags/example_xcomargs.py
[2023-03-21T16:59:42.255+0000] {processor.py:753} INFO - DAG(s) dict_keys(['example_xcom_args', 'example_xcom_args_with_operators']) retrieved from /home/airflow/.local/lib/python3.7/site-packages/airflow/example_dags/example_xcomargs.py
[2023-03-21T16:59:42.278+0000] {logging_mixin.py:137} INFO - [2023-03-21T16:59:42.277+0000] {dag.py:2693} INFO - Sync 2 DAGs
[2023-03-21T16:59:42.293+0000] {logging_mixin.py:137} INFO - [2023-03-21T16:59:42.293+0000] {dag.py:3444} INFO - Setting next_dagrun for example_xcom_args to None, run_after=None
[2023-03-21T16:59:42.296+0000] {logging_mixin.py:137} INFO - [2023-03-21T16:59:42.296+0000] {dag.py:3444} INFO - Setting next_dagrun for example_xcom_args_with_operators to None, run_after=None
[2023-03-21T16:59:42.305+0000] {processor.py:175} INFO - Processing /home/airflow/.local/lib/python3.7/site-packages/airflow/example_dags/example_xcomargs.py took 0.071 seconds
[2023-03-21T17:00:13.263+0000] {processor.py:153} INFO - Started process (PID=773) to work on /home/airflow/.local/lib/python3.7/site-packages/airflow/example_dags/example_xcomargs.py
[2023-03-21T17:00:13.265+0000] {processor.py:743} INFO - Processing file /home/airflow/.local/lib/python3.7/site-packages/airflow/example_dags/example_xcomargs.py for tasks to queue
[2023-03-21T17:00:13.266+0000] {logging_mixin.py:137} INFO - [2023-03-21T17:00:13.266+0000] {dagbag.py:532} INFO - Filling up the DagBag from /home/airflow/.local/lib/python3.7/site-packages/airflow/example_dags/example_xcomargs.py
[2023-03-21T17:00:13.285+0000] {processor.py:753} INFO - DAG(s) dict_keys(['example_xcom_args', 'example_xcom_args_with_operators']) retrieved from /home/airflow/.local/lib/python3.7/site-packages/airflow/example_dags/example_xcomargs.py
[2023-03-21T17:00:13.314+0000] {logging_mixin.py:137} INFO - [2023-03-21T17:00:13.314+0000] {dag.py:2693} INFO - Sync 2 DAGs
[2023-03-21T17:00:13.339+0000] {logging_mixin.py:137} INFO - [2023-03-21T17:00:13.339+0000] {dag.py:3444} INFO - Setting next_dagrun for example_xcom_args to None, run_after=None
[2023-03-21T17:00:13.342+0000] {logging_mixin.py:137} INFO - [2023-03-21T17:00:13.342+0000] {dag.py:3444} INFO - Setting next_dagrun for example_xcom_args_with_operators to None, run_after=None
[2023-03-21T17:00:13.357+0000] {processor.py:175} INFO - Processing /home/airflow/.local/lib/python3.7/site-packages/airflow/example_dags/example_xcomargs.py took 0.098 seconds
[2023-03-21T17:00:44.099+0000] {processor.py:153} INFO - Started process (PID=823) to work on /home/airflow/.local/lib/python3.7/site-packages/airflow/example_dags/example_xcomargs.py
[2023-03-21T17:00:44.101+0000] {processor.py:743} INFO - Processing file /home/airflow/.local/lib/python3.7/site-packages/airflow/example_dags/example_xcomargs.py for tasks to queue
[2023-03-21T17:00:44.102+0000] {logging_mixin.py:137} INFO - [2023-03-21T17:00:44.102+0000] {dagbag.py:532} INFO - Filling up the DagBag from /home/airflow/.local/lib/python3.7/site-packages/airflow/example_dags/example_xcomargs.py
[2023-03-21T17:00:44.120+0000] {processor.py:753} INFO - DAG(s) dict_keys(['example_xcom_args_with_operators', 'example_xcom_args']) retrieved from /home/airflow/.local/lib/python3.7/site-packages/airflow/example_dags/example_xcomargs.py
[2023-03-21T17:00:44.144+0000] {logging_mixin.py:137} INFO - [2023-03-21T17:00:44.144+0000] {dag.py:2693} INFO - Sync 2 DAGs
[2023-03-21T17:00:44.165+0000] {logging_mixin.py:137} INFO - [2023-03-21T17:00:44.165+0000] {dag.py:3444} INFO - Setting next_dagrun for example_xcom_args to None, run_after=None
[2023-03-21T17:00:44.168+0000] {logging_mixin.py:137} INFO - [2023-03-21T17:00:44.168+0000] {dag.py:3444} INFO - Setting next_dagrun for example_xcom_args_with_operators to None, run_after=None
[2023-03-21T17:00:44.183+0000] {processor.py:175} INFO - Processing /home/airflow/.local/lib/python3.7/site-packages/airflow/example_dags/example_xcomargs.py took 0.087 seconds
[2023-03-21T17:01:14.854+0000] {processor.py:153} INFO - Started process (PID=873) to work on /home/airflow/.local/lib/python3.7/site-packages/airflow/example_dags/example_xcomargs.py
[2023-03-21T17:01:14.855+0000] {processor.py:743} INFO - Processing file /home/airflow/.local/lib/python3.7/site-packages/airflow/example_dags/example_xcomargs.py for tasks to queue
[2023-03-21T17:01:14.856+0000] {logging_mixin.py:137} INFO - [2023-03-21T17:01:14.856+0000] {dagbag.py:532} INFO - Filling up the DagBag from /home/airflow/.local/lib/python3.7/site-packages/airflow/example_dags/example_xcomargs.py
[2023-03-21T17:01:14.872+0000] {processor.py:753} INFO - DAG(s) dict_keys(['example_xcom_args', 'example_xcom_args_with_operators']) retrieved from /home/airflow/.local/lib/python3.7/site-packages/airflow/example_dags/example_xcomargs.py
[2023-03-21T17:01:14.895+0000] {logging_mixin.py:137} INFO - [2023-03-21T17:01:14.895+0000] {dag.py:2693} INFO - Sync 2 DAGs
[2023-03-21T17:01:14.912+0000] {logging_mixin.py:137} INFO - [2023-03-21T17:01:14.912+0000] {dag.py:3444} INFO - Setting next_dagrun for example_xcom_args to None, run_after=None
[2023-03-21T17:01:14.914+0000] {logging_mixin.py:137} INFO - [2023-03-21T17:01:14.914+0000] {dag.py:3444} INFO - Setting next_dagrun for example_xcom_args_with_operators to None, run_after=None
[2023-03-21T17:01:14.926+0000] {processor.py:175} INFO - Processing /home/airflow/.local/lib/python3.7/site-packages/airflow/example_dags/example_xcomargs.py took 0.075 seconds
[2023-03-21T17:01:45.486+0000] {processor.py:153} INFO - Started process (PID=923) to work on /home/airflow/.local/lib/python3.7/site-packages/airflow/example_dags/example_xcomargs.py
[2023-03-21T17:01:45.487+0000] {processor.py:743} INFO - Processing file /home/airflow/.local/lib/python3.7/site-packages/airflow/example_dags/example_xcomargs.py for tasks to queue
[2023-03-21T17:01:45.488+0000] {logging_mixin.py:137} INFO - [2023-03-21T17:01:45.488+0000] {dagbag.py:532} INFO - Filling up the DagBag from /home/airflow/.local/lib/python3.7/site-packages/airflow/example_dags/example_xcomargs.py
[2023-03-21T17:01:45.504+0000] {processor.py:753} INFO - DAG(s) dict_keys(['example_xcom_args_with_operators', 'example_xcom_args']) retrieved from /home/airflow/.local/lib/python3.7/site-packages/airflow/example_dags/example_xcomargs.py
[2023-03-21T17:01:45.526+0000] {logging_mixin.py:137} INFO - [2023-03-21T17:01:45.526+0000] {dag.py:2693} INFO - Sync 2 DAGs
[2023-03-21T17:01:45.543+0000] {logging_mixin.py:137} INFO - [2023-03-21T17:01:45.543+0000] {dag.py:3444} INFO - Setting next_dagrun for example_xcom_args to None, run_after=None
[2023-03-21T17:01:45.546+0000] {logging_mixin.py:137} INFO - [2023-03-21T17:01:45.546+0000] {dag.py:3444} INFO - Setting next_dagrun for example_xcom_args_with_operators to None, run_after=None
[2023-03-21T17:01:45.556+0000] {processor.py:175} INFO - Processing /home/airflow/.local/lib/python3.7/site-packages/airflow/example_dags/example_xcomargs.py took 0.073 seconds
[2023-03-21T17:02:16.136+0000] {processor.py:153} INFO - Started process (PID=973) to work on /home/airflow/.local/lib/python3.7/site-packages/airflow/example_dags/example_xcomargs.py
[2023-03-21T17:02:16.138+0000] {processor.py:743} INFO - Processing file /home/airflow/.local/lib/python3.7/site-packages/airflow/example_dags/example_xcomargs.py for tasks to queue
[2023-03-21T17:02:16.139+0000] {logging_mixin.py:137} INFO - [2023-03-21T17:02:16.138+0000] {dagbag.py:532} INFO - Filling up the DagBag from /home/airflow/.local/lib/python3.7/site-packages/airflow/example_dags/example_xcomargs.py
[2023-03-21T17:02:16.156+0000] {processor.py:753} INFO - DAG(s) dict_keys(['example_xcom_args_with_operators', 'example_xcom_args']) retrieved from /home/airflow/.local/lib/python3.7/site-packages/airflow/example_dags/example_xcomargs.py
[2023-03-21T17:02:16.179+0000] {logging_mixin.py:137} INFO - [2023-03-21T17:02:16.179+0000] {dag.py:2693} INFO - Sync 2 DAGs
[2023-03-21T17:02:16.196+0000] {logging_mixin.py:137} INFO - [2023-03-21T17:02:16.196+0000] {dag.py:3444} INFO - Setting next_dagrun for example_xcom_args to None, run_after=None
[2023-03-21T17:02:16.198+0000] {logging_mixin.py:137} INFO - [2023-03-21T17:02:16.198+0000] {dag.py:3444} INFO - Setting next_dagrun for example_xcom_args_with_operators to None, run_after=None
[2023-03-21T17:02:16.211+0000] {processor.py:175} INFO - Processing /home/airflow/.local/lib/python3.7/site-packages/airflow/example_dags/example_xcomargs.py took 0.078 seconds
[2023-03-21T17:02:47.244+0000] {processor.py:153} INFO - Started process (PID=1023) to work on /home/airflow/.local/lib/python3.7/site-packages/airflow/example_dags/example_xcomargs.py
[2023-03-21T17:02:47.245+0000] {processor.py:743} INFO - Processing file /home/airflow/.local/lib/python3.7/site-packages/airflow/example_dags/example_xcomargs.py for tasks to queue
[2023-03-21T17:02:47.246+0000] {logging_mixin.py:137} INFO - [2023-03-21T17:02:47.246+0000] {dagbag.py:532} INFO - Filling up the DagBag from /home/airflow/.local/lib/python3.7/site-packages/airflow/example_dags/example_xcomargs.py
[2023-03-21T17:02:47.265+0000] {processor.py:753} INFO - DAG(s) dict_keys(['example_xcom_args_with_operators', 'example_xcom_args']) retrieved from /home/airflow/.local/lib/python3.7/site-packages/airflow/example_dags/example_xcomargs.py
[2023-03-21T17:02:47.307+0000] {logging_mixin.py:137} INFO - [2023-03-21T17:02:47.307+0000] {dag.py:2693} INFO - Sync 2 DAGs
[2023-03-21T17:02:47.332+0000] {logging_mixin.py:137} INFO - [2023-03-21T17:02:47.332+0000] {dag.py:3444} INFO - Setting next_dagrun for example_xcom_args to None, run_after=None
[2023-03-21T17:02:47.335+0000] {logging_mixin.py:137} INFO - [2023-03-21T17:02:47.335+0000] {dag.py:3444} INFO - Setting next_dagrun for example_xcom_args_with_operators to None, run_after=None
[2023-03-21T17:02:47.354+0000] {processor.py:175} INFO - Processing /home/airflow/.local/lib/python3.7/site-packages/airflow/example_dags/example_xcomargs.py took 0.113 seconds
[2023-03-21T17:03:17.457+0000] {processor.py:153} INFO - Started process (PID=1073) to work on /home/airflow/.local/lib/python3.7/site-packages/airflow/example_dags/example_xcomargs.py
[2023-03-21T17:03:17.458+0000] {processor.py:743} INFO - Processing file /home/airflow/.local/lib/python3.7/site-packages/airflow/example_dags/example_xcomargs.py for tasks to queue
[2023-03-21T17:03:17.459+0000] {logging_mixin.py:137} INFO - [2023-03-21T17:03:17.459+0000] {dagbag.py:532} INFO - Filling up the DagBag from /home/airflow/.local/lib/python3.7/site-packages/airflow/example_dags/example_xcomargs.py
[2023-03-21T17:03:17.475+0000] {processor.py:753} INFO - DAG(s) dict_keys(['example_xcom_args_with_operators', 'example_xcom_args']) retrieved from /home/airflow/.local/lib/python3.7/site-packages/airflow/example_dags/example_xcomargs.py
[2023-03-21T17:03:17.496+0000] {logging_mixin.py:137} INFO - [2023-03-21T17:03:17.496+0000] {dag.py:2693} INFO - Sync 2 DAGs
[2023-03-21T17:03:17.512+0000] {logging_mixin.py:137} INFO - [2023-03-21T17:03:17.512+0000] {dag.py:3444} INFO - Setting next_dagrun for example_xcom_args to None, run_after=None
[2023-03-21T17:03:17.515+0000] {logging_mixin.py:137} INFO - [2023-03-21T17:03:17.515+0000] {dag.py:3444} INFO - Setting next_dagrun for example_xcom_args_with_operators to None, run_after=None
[2023-03-21T17:03:17.528+0000] {processor.py:175} INFO - Processing /home/airflow/.local/lib/python3.7/site-packages/airflow/example_dags/example_xcomargs.py took 0.073 seconds
[2023-03-21T17:03:48.131+0000] {processor.py:153} INFO - Started process (PID=1123) to work on /home/airflow/.local/lib/python3.7/site-packages/airflow/example_dags/example_xcomargs.py
[2023-03-21T17:03:48.132+0000] {processor.py:743} INFO - Processing file /home/airflow/.local/lib/python3.7/site-packages/airflow/example_dags/example_xcomargs.py for tasks to queue
[2023-03-21T17:03:48.132+0000] {logging_mixin.py:137} INFO - [2023-03-21T17:03:48.132+0000] {dagbag.py:532} INFO - Filling up the DagBag from /home/airflow/.local/lib/python3.7/site-packages/airflow/example_dags/example_xcomargs.py
[2023-03-21T17:03:48.148+0000] {processor.py:753} INFO - DAG(s) dict_keys(['example_xcom_args', 'example_xcom_args_with_operators']) retrieved from /home/airflow/.local/lib/python3.7/site-packages/airflow/example_dags/example_xcomargs.py
[2023-03-21T17:03:48.171+0000] {logging_mixin.py:137} INFO - [2023-03-21T17:03:48.171+0000] {dag.py:2693} INFO - Sync 2 DAGs
[2023-03-21T17:03:48.188+0000] {logging_mixin.py:137} INFO - [2023-03-21T17:03:48.188+0000] {dag.py:3444} INFO - Setting next_dagrun for example_xcom_args to None, run_after=None
[2023-03-21T17:03:48.192+0000] {logging_mixin.py:137} INFO - [2023-03-21T17:03:48.192+0000] {dag.py:3444} INFO - Setting next_dagrun for example_xcom_args_with_operators to None, run_after=None
[2023-03-21T17:03:48.205+0000] {processor.py:175} INFO - Processing /home/airflow/.local/lib/python3.7/site-packages/airflow/example_dags/example_xcomargs.py took 0.077 seconds
[2023-03-21T17:04:19.017+0000] {processor.py:153} INFO - Started process (PID=1179) to work on /home/airflow/.local/lib/python3.7/site-packages/airflow/example_dags/example_xcomargs.py
[2023-03-21T17:04:19.018+0000] {processor.py:743} INFO - Processing file /home/airflow/.local/lib/python3.7/site-packages/airflow/example_dags/example_xcomargs.py for tasks to queue
[2023-03-21T17:04:19.019+0000] {logging_mixin.py:137} INFO - [2023-03-21T17:04:19.019+0000] {dagbag.py:532} INFO - Filling up the DagBag from /home/airflow/.local/lib/python3.7/site-packages/airflow/example_dags/example_xcomargs.py
[2023-03-21T17:04:19.035+0000] {processor.py:753} INFO - DAG(s) dict_keys(['example_xcom_args_with_operators', 'example_xcom_args']) retrieved from /home/airflow/.local/lib/python3.7/site-packages/airflow/example_dags/example_xcomargs.py
[2023-03-21T17:04:19.057+0000] {logging_mixin.py:137} INFO - [2023-03-21T17:04:19.056+0000] {dag.py:2693} INFO - Sync 2 DAGs
[2023-03-21T17:04:19.074+0000] {logging_mixin.py:137} INFO - [2023-03-21T17:04:19.074+0000] {dag.py:3444} INFO - Setting next_dagrun for example_xcom_args to None, run_after=None
[2023-03-21T17:04:19.076+0000] {logging_mixin.py:137} INFO - [2023-03-21T17:04:19.076+0000] {dag.py:3444} INFO - Setting next_dagrun for example_xcom_args_with_operators to None, run_after=None
[2023-03-21T17:04:19.086+0000] {processor.py:175} INFO - Processing /home/airflow/.local/lib/python3.7/site-packages/airflow/example_dags/example_xcomargs.py took 0.072 seconds
[2023-03-21T17:04:49.561+0000] {processor.py:153} INFO - Started process (PID=1229) to work on /home/airflow/.local/lib/python3.7/site-packages/airflow/example_dags/example_xcomargs.py
[2023-03-21T17:04:49.562+0000] {processor.py:743} INFO - Processing file /home/airflow/.local/lib/python3.7/site-packages/airflow/example_dags/example_xcomargs.py for tasks to queue
[2023-03-21T17:04:49.563+0000] {logging_mixin.py:137} INFO - [2023-03-21T17:04:49.563+0000] {dagbag.py:532} INFO - Filling up the DagBag from /home/airflow/.local/lib/python3.7/site-packages/airflow/example_dags/example_xcomargs.py
[2023-03-21T17:04:49.579+0000] {processor.py:753} INFO - DAG(s) dict_keys(['example_xcom_args_with_operators', 'example_xcom_args']) retrieved from /home/airflow/.local/lib/python3.7/site-packages/airflow/example_dags/example_xcomargs.py
[2023-03-21T17:04:49.605+0000] {logging_mixin.py:137} INFO - [2023-03-21T17:04:49.605+0000] {dag.py:2693} INFO - Sync 2 DAGs
[2023-03-21T17:04:49.623+0000] {logging_mixin.py:137} INFO - [2023-03-21T17:04:49.623+0000] {dag.py:3444} INFO - Setting next_dagrun for example_xcom_args to None, run_after=None
[2023-03-21T17:04:49.625+0000] {logging_mixin.py:137} INFO - [2023-03-21T17:04:49.625+0000] {dag.py:3444} INFO - Setting next_dagrun for example_xcom_args_with_operators to None, run_after=None
[2023-03-21T17:04:49.636+0000] {processor.py:175} INFO - Processing /home/airflow/.local/lib/python3.7/site-packages/airflow/example_dags/example_xcomargs.py took 0.078 seconds
[2023-03-21T17:05:20.438+0000] {processor.py:153} INFO - Started process (PID=1278) to work on /home/airflow/.local/lib/python3.7/site-packages/airflow/example_dags/example_xcomargs.py
[2023-03-21T17:05:20.439+0000] {processor.py:743} INFO - Processing file /home/airflow/.local/lib/python3.7/site-packages/airflow/example_dags/example_xcomargs.py for tasks to queue
[2023-03-21T17:05:20.440+0000] {logging_mixin.py:137} INFO - [2023-03-21T17:05:20.440+0000] {dagbag.py:532} INFO - Filling up the DagBag from /home/airflow/.local/lib/python3.7/site-packages/airflow/example_dags/example_xcomargs.py
[2023-03-21T17:05:20.456+0000] {processor.py:753} INFO - DAG(s) dict_keys(['example_xcom_args_with_operators', 'example_xcom_args']) retrieved from /home/airflow/.local/lib/python3.7/site-packages/airflow/example_dags/example_xcomargs.py
[2023-03-21T17:05:20.478+0000] {logging_mixin.py:137} INFO - [2023-03-21T17:05:20.478+0000] {dag.py:2693} INFO - Sync 2 DAGs
[2023-03-21T17:05:20.495+0000] {logging_mixin.py:137} INFO - [2023-03-21T17:05:20.495+0000] {dag.py:3444} INFO - Setting next_dagrun for example_xcom_args to None, run_after=None
[2023-03-21T17:05:20.498+0000] {logging_mixin.py:137} INFO - [2023-03-21T17:05:20.498+0000] {dag.py:3444} INFO - Setting next_dagrun for example_xcom_args_with_operators to None, run_after=None
[2023-03-21T17:05:20.509+0000] {processor.py:175} INFO - Processing /home/airflow/.local/lib/python3.7/site-packages/airflow/example_dags/example_xcomargs.py took 0.074 seconds
[2023-03-21T17:05:51.269+0000] {processor.py:153} INFO - Started process (PID=1328) to work on /home/airflow/.local/lib/python3.7/site-packages/airflow/example_dags/example_xcomargs.py
[2023-03-21T17:05:51.271+0000] {processor.py:743} INFO - Processing file /home/airflow/.local/lib/python3.7/site-packages/airflow/example_dags/example_xcomargs.py for tasks to queue
[2023-03-21T17:05:51.271+0000] {logging_mixin.py:137} INFO - [2023-03-21T17:05:51.271+0000] {dagbag.py:532} INFO - Filling up the DagBag from /home/airflow/.local/lib/python3.7/site-packages/airflow/example_dags/example_xcomargs.py
[2023-03-21T17:05:51.287+0000] {processor.py:753} INFO - DAG(s) dict_keys(['example_xcom_args_with_operators', 'example_xcom_args']) retrieved from /home/airflow/.local/lib/python3.7/site-packages/airflow/example_dags/example_xcomargs.py
[2023-03-21T17:05:51.309+0000] {logging_mixin.py:137} INFO - [2023-03-21T17:05:51.309+0000] {dag.py:2693} INFO - Sync 2 DAGs
[2023-03-21T17:05:51.325+0000] {logging_mixin.py:137} INFO - [2023-03-21T17:05:51.325+0000] {dag.py:3444} INFO - Setting next_dagrun for example_xcom_args to None, run_after=None
[2023-03-21T17:05:51.328+0000] {logging_mixin.py:137} INFO - [2023-03-21T17:05:51.328+0000] {dag.py:3444} INFO - Setting next_dagrun for example_xcom_args_with_operators to None, run_after=None
[2023-03-21T17:05:51.337+0000] {processor.py:175} INFO - Processing /home/airflow/.local/lib/python3.7/site-packages/airflow/example_dags/example_xcomargs.py took 0.071 seconds
[2023-03-21T17:06:22.041+0000] {processor.py:153} INFO - Started process (PID=1378) to work on /home/airflow/.local/lib/python3.7/site-packages/airflow/example_dags/example_xcomargs.py
[2023-03-21T17:06:22.042+0000] {processor.py:743} INFO - Processing file /home/airflow/.local/lib/python3.7/site-packages/airflow/example_dags/example_xcomargs.py for tasks to queue
[2023-03-21T17:06:22.043+0000] {logging_mixin.py:137} INFO - [2023-03-21T17:06:22.043+0000] {dagbag.py:532} INFO - Filling up the DagBag from /home/airflow/.local/lib/python3.7/site-packages/airflow/example_dags/example_xcomargs.py
[2023-03-21T17:06:22.059+0000] {processor.py:753} INFO - DAG(s) dict_keys(['example_xcom_args', 'example_xcom_args_with_operators']) retrieved from /home/airflow/.local/lib/python3.7/site-packages/airflow/example_dags/example_xcomargs.py
[2023-03-21T17:06:22.082+0000] {logging_mixin.py:137} INFO - [2023-03-21T17:06:22.082+0000] {dag.py:2693} INFO - Sync 2 DAGs
[2023-03-21T17:06:22.100+0000] {logging_mixin.py:137} INFO - [2023-03-21T17:06:22.100+0000] {dag.py:3444} INFO - Setting next_dagrun for example_xcom_args to None, run_after=None
[2023-03-21T17:06:22.102+0000] {logging_mixin.py:137} INFO - [2023-03-21T17:06:22.102+0000] {dag.py:3444} INFO - Setting next_dagrun for example_xcom_args_with_operators to None, run_after=None
[2023-03-21T17:06:22.115+0000] {processor.py:175} INFO - Processing /home/airflow/.local/lib/python3.7/site-packages/airflow/example_dags/example_xcomargs.py took 0.077 seconds
[2023-03-21T17:06:52.886+0000] {processor.py:153} INFO - Started process (PID=1428) to work on /home/airflow/.local/lib/python3.7/site-packages/airflow/example_dags/example_xcomargs.py
[2023-03-21T17:06:52.887+0000] {processor.py:743} INFO - Processing file /home/airflow/.local/lib/python3.7/site-packages/airflow/example_dags/example_xcomargs.py for tasks to queue
[2023-03-21T17:06:52.887+0000] {logging_mixin.py:137} INFO - [2023-03-21T17:06:52.887+0000] {dagbag.py:532} INFO - Filling up the DagBag from /home/airflow/.local/lib/python3.7/site-packages/airflow/example_dags/example_xcomargs.py
[2023-03-21T17:06:52.905+0000] {processor.py:753} INFO - DAG(s) dict_keys(['example_xcom_args_with_operators', 'example_xcom_args']) retrieved from /home/airflow/.local/lib/python3.7/site-packages/airflow/example_dags/example_xcomargs.py
[2023-03-21T17:06:52.927+0000] {logging_mixin.py:137} INFO - [2023-03-21T17:06:52.927+0000] {dag.py:2693} INFO - Sync 2 DAGs
[2023-03-21T17:06:52.950+0000] {logging_mixin.py:137} INFO - [2023-03-21T17:06:52.950+0000] {dag.py:3444} INFO - Setting next_dagrun for example_xcom_args to None, run_after=None
[2023-03-21T17:06:52.957+0000] {logging_mixin.py:137} INFO - [2023-03-21T17:06:52.957+0000] {dag.py:3444} INFO - Setting next_dagrun for example_xcom_args_with_operators to None, run_after=None
[2023-03-21T17:06:52.991+0000] {processor.py:175} INFO - Processing /home/airflow/.local/lib/python3.7/site-packages/airflow/example_dags/example_xcomargs.py took 0.109 seconds
[2023-03-21T17:16:19.064+0000] {processor.py:153} INFO - Started process (PID=69) to work on /home/airflow/.local/lib/python3.7/site-packages/airflow/example_dags/example_xcomargs.py
[2023-03-21T17:16:19.066+0000] {processor.py:743} INFO - Processing file /home/airflow/.local/lib/python3.7/site-packages/airflow/example_dags/example_xcomargs.py for tasks to queue
[2023-03-21T17:16:19.067+0000] {logging_mixin.py:137} INFO - [2023-03-21T17:16:19.067+0000] {dagbag.py:532} INFO - Filling up the DagBag from /home/airflow/.local/lib/python3.7/site-packages/airflow/example_dags/example_xcomargs.py
[2023-03-21T17:16:19.087+0000] {processor.py:753} INFO - DAG(s) dict_keys(['example_xcom_args_with_operators', 'example_xcom_args']) retrieved from /home/airflow/.local/lib/python3.7/site-packages/airflow/example_dags/example_xcomargs.py
[2023-03-21T17:16:19.102+0000] {logging_mixin.py:137} INFO - [2023-03-21T17:16:19.102+0000] {dag.py:2693} INFO - Sync 2 DAGs
[2023-03-21T17:16:19.127+0000] {logging_mixin.py:137} INFO - [2023-03-21T17:16:19.127+0000] {dag.py:3444} INFO - Setting next_dagrun for example_xcom_args to None, run_after=None
[2023-03-21T17:16:19.132+0000] {logging_mixin.py:137} INFO - [2023-03-21T17:16:19.132+0000] {dag.py:3444} INFO - Setting next_dagrun for example_xcom_args_with_operators to None, run_after=None
[2023-03-21T17:16:19.146+0000] {processor.py:175} INFO - Processing /home/airflow/.local/lib/python3.7/site-packages/airflow/example_dags/example_xcomargs.py took 0.088 seconds
[2023-03-21T17:16:49.929+0000] {processor.py:153} INFO - Started process (PID=119) to work on /home/airflow/.local/lib/python3.7/site-packages/airflow/example_dags/example_xcomargs.py
[2023-03-21T17:16:49.930+0000] {processor.py:743} INFO - Processing file /home/airflow/.local/lib/python3.7/site-packages/airflow/example_dags/example_xcomargs.py for tasks to queue
[2023-03-21T17:16:49.931+0000] {logging_mixin.py:137} INFO - [2023-03-21T17:16:49.931+0000] {dagbag.py:532} INFO - Filling up the DagBag from /home/airflow/.local/lib/python3.7/site-packages/airflow/example_dags/example_xcomargs.py
[2023-03-21T17:16:49.952+0000] {processor.py:753} INFO - DAG(s) dict_keys(['example_xcom_args_with_operators', 'example_xcom_args']) retrieved from /home/airflow/.local/lib/python3.7/site-packages/airflow/example_dags/example_xcomargs.py
[2023-03-21T17:16:49.976+0000] {logging_mixin.py:137} INFO - [2023-03-21T17:16:49.976+0000] {dag.py:2693} INFO - Sync 2 DAGs
[2023-03-21T17:16:49.992+0000] {logging_mixin.py:137} INFO - [2023-03-21T17:16:49.992+0000] {dag.py:3444} INFO - Setting next_dagrun for example_xcom_args to None, run_after=None
[2023-03-21T17:16:49.994+0000] {logging_mixin.py:137} INFO - [2023-03-21T17:16:49.994+0000] {dag.py:3444} INFO - Setting next_dagrun for example_xcom_args_with_operators to None, run_after=None
[2023-03-21T17:16:50.004+0000] {processor.py:175} INFO - Processing /home/airflow/.local/lib/python3.7/site-packages/airflow/example_dags/example_xcomargs.py took 0.077 seconds
[2023-03-21T17:17:23.439+0000] {processor.py:153} INFO - Started process (PID=169) to work on /home/airflow/.local/lib/python3.7/site-packages/airflow/example_dags/example_xcomargs.py
[2023-03-21T17:17:23.440+0000] {processor.py:743} INFO - Processing file /home/airflow/.local/lib/python3.7/site-packages/airflow/example_dags/example_xcomargs.py for tasks to queue
[2023-03-21T17:17:23.442+0000] {logging_mixin.py:137} INFO - [2023-03-21T17:17:23.441+0000] {dagbag.py:532} INFO - Filling up the DagBag from /home/airflow/.local/lib/python3.7/site-packages/airflow/example_dags/example_xcomargs.py
[2023-03-21T17:17:23.458+0000] {processor.py:753} INFO - DAG(s) dict_keys(['example_xcom_args', 'example_xcom_args_with_operators']) retrieved from /home/airflow/.local/lib/python3.7/site-packages/airflow/example_dags/example_xcomargs.py
[2023-03-21T17:17:23.486+0000] {logging_mixin.py:137} INFO - [2023-03-21T17:17:23.486+0000] {dag.py:2693} INFO - Sync 2 DAGs
[2023-03-21T17:17:23.541+0000] {logging_mixin.py:137} INFO - [2023-03-21T17:17:23.541+0000] {dag.py:3444} INFO - Setting next_dagrun for example_xcom_args to None, run_after=None
[2023-03-21T17:17:23.546+0000] {logging_mixin.py:137} INFO - [2023-03-21T17:17:23.546+0000] {dag.py:3444} INFO - Setting next_dagrun for example_xcom_args_with_operators to None, run_after=None
[2023-03-21T17:17:23.563+0000] {processor.py:175} INFO - Processing /home/airflow/.local/lib/python3.7/site-packages/airflow/example_dags/example_xcomargs.py took 0.127 seconds
[2023-03-21T17:17:54.114+0000] {processor.py:153} INFO - Started process (PID=218) to work on /home/airflow/.local/lib/python3.7/site-packages/airflow/example_dags/example_xcomargs.py
[2023-03-21T17:17:54.116+0000] {processor.py:743} INFO - Processing file /home/airflow/.local/lib/python3.7/site-packages/airflow/example_dags/example_xcomargs.py for tasks to queue
[2023-03-21T17:17:54.117+0000] {logging_mixin.py:137} INFO - [2023-03-21T17:17:54.117+0000] {dagbag.py:532} INFO - Filling up the DagBag from /home/airflow/.local/lib/python3.7/site-packages/airflow/example_dags/example_xcomargs.py
[2023-03-21T17:17:54.134+0000] {processor.py:753} INFO - DAG(s) dict_keys(['example_xcom_args_with_operators', 'example_xcom_args']) retrieved from /home/airflow/.local/lib/python3.7/site-packages/airflow/example_dags/example_xcomargs.py
[2023-03-21T17:17:54.159+0000] {logging_mixin.py:137} INFO - [2023-03-21T17:17:54.159+0000] {dag.py:2693} INFO - Sync 2 DAGs
[2023-03-21T17:17:54.177+0000] {logging_mixin.py:137} INFO - [2023-03-21T17:17:54.177+0000] {dag.py:3444} INFO - Setting next_dagrun for example_xcom_args to None, run_after=None
[2023-03-21T17:17:54.179+0000] {logging_mixin.py:137} INFO - [2023-03-21T17:17:54.179+0000] {dag.py:3444} INFO - Setting next_dagrun for example_xcom_args_with_operators to None, run_after=None
[2023-03-21T17:17:54.190+0000] {processor.py:175} INFO - Processing /home/airflow/.local/lib/python3.7/site-packages/airflow/example_dags/example_xcomargs.py took 0.080 seconds
