[2023-03-21T15:25:53.762+0000] {processor.py:153} INFO - Started process (PID=51) to work on /home/airflow/.local/lib/python3.7/site-packages/airflow/example_dags/example_task_group.py
[2023-03-21T15:25:53.764+0000] {processor.py:743} INFO - Processing file /home/airflow/.local/lib/python3.7/site-packages/airflow/example_dags/example_task_group.py for tasks to queue
[2023-03-21T15:25:53.765+0000] {logging_mixin.py:137} INFO - [2023-03-21T15:25:53.765+0000] {dagbag.py:532} INFO - Filling up the DagBag from /home/airflow/.local/lib/python3.7/site-packages/airflow/example_dags/example_task_group.py
[2023-03-21T15:25:53.808+0000] {processor.py:753} INFO - DAG(s) dict_keys(['example_task_group']) retrieved from /home/airflow/.local/lib/python3.7/site-packages/airflow/example_dags/example_task_group.py
[2023-03-21T15:25:53.830+0000] {logging_mixin.py:137} INFO - [2023-03-21T15:25:53.829+0000] {dag.py:2693} INFO - Sync 1 DAGs
[2023-03-21T15:25:53.873+0000] {logging_mixin.py:137} INFO - [2023-03-21T15:25:53.873+0000] {dag.py:3444} INFO - Setting next_dagrun for example_task_group to 2023-03-20T15:25:53.864105+00:00, run_after=2023-03-21T15:25:53.864105+00:00
[2023-03-21T15:25:53.899+0000] {processor.py:175} INFO - Processing /home/airflow/.local/lib/python3.7/site-packages/airflow/example_dags/example_task_group.py took 0.143 seconds
[2023-03-21T15:26:23.933+0000] {processor.py:153} INFO - Started process (PID=100) to work on /home/airflow/.local/lib/python3.7/site-packages/airflow/example_dags/example_task_group.py
[2023-03-21T15:26:23.934+0000] {processor.py:743} INFO - Processing file /home/airflow/.local/lib/python3.7/site-packages/airflow/example_dags/example_task_group.py for tasks to queue
[2023-03-21T15:26:23.935+0000] {logging_mixin.py:137} INFO - [2023-03-21T15:26:23.935+0000] {dagbag.py:532} INFO - Filling up the DagBag from /home/airflow/.local/lib/python3.7/site-packages/airflow/example_dags/example_task_group.py
[2023-03-21T15:26:23.948+0000] {processor.py:753} INFO - DAG(s) dict_keys(['example_task_group']) retrieved from /home/airflow/.local/lib/python3.7/site-packages/airflow/example_dags/example_task_group.py
[2023-03-21T15:26:23.969+0000] {logging_mixin.py:137} INFO - [2023-03-21T15:26:23.969+0000] {dag.py:2693} INFO - Sync 1 DAGs
[2023-03-21T15:26:23.985+0000] {logging_mixin.py:137} INFO - [2023-03-21T15:26:23.985+0000] {dag.py:3444} INFO - Setting next_dagrun for example_task_group to 2023-03-20T15:26:23.985180+00:00, run_after=2023-03-21T15:26:23.985180+00:00
[2023-03-21T15:26:23.996+0000] {processor.py:175} INFO - Processing /home/airflow/.local/lib/python3.7/site-packages/airflow/example_dags/example_task_group.py took 0.066 seconds
[2023-03-21T15:26:54.428+0000] {processor.py:153} INFO - Started process (PID=149) to work on /home/airflow/.local/lib/python3.7/site-packages/airflow/example_dags/example_task_group.py
[2023-03-21T15:26:54.430+0000] {processor.py:743} INFO - Processing file /home/airflow/.local/lib/python3.7/site-packages/airflow/example_dags/example_task_group.py for tasks to queue
[2023-03-21T15:26:54.430+0000] {logging_mixin.py:137} INFO - [2023-03-21T15:26:54.430+0000] {dagbag.py:532} INFO - Filling up the DagBag from /home/airflow/.local/lib/python3.7/site-packages/airflow/example_dags/example_task_group.py
[2023-03-21T15:26:54.442+0000] {processor.py:753} INFO - DAG(s) dict_keys(['example_task_group']) retrieved from /home/airflow/.local/lib/python3.7/site-packages/airflow/example_dags/example_task_group.py
[2023-03-21T15:26:54.462+0000] {logging_mixin.py:137} INFO - [2023-03-21T15:26:54.462+0000] {dag.py:2693} INFO - Sync 1 DAGs
[2023-03-21T15:26:54.478+0000] {logging_mixin.py:137} INFO - [2023-03-21T15:26:54.478+0000] {dag.py:3444} INFO - Setting next_dagrun for example_task_group to 2023-03-20T15:26:54.478523+00:00, run_after=2023-03-21T15:26:54.478523+00:00
[2023-03-21T15:26:54.494+0000] {processor.py:175} INFO - Processing /home/airflow/.local/lib/python3.7/site-packages/airflow/example_dags/example_task_group.py took 0.068 seconds
[2023-03-21T15:27:25.304+0000] {processor.py:153} INFO - Started process (PID=198) to work on /home/airflow/.local/lib/python3.7/site-packages/airflow/example_dags/example_task_group.py
[2023-03-21T15:27:25.306+0000] {processor.py:743} INFO - Processing file /home/airflow/.local/lib/python3.7/site-packages/airflow/example_dags/example_task_group.py for tasks to queue
[2023-03-21T15:27:25.306+0000] {logging_mixin.py:137} INFO - [2023-03-21T15:27:25.306+0000] {dagbag.py:532} INFO - Filling up the DagBag from /home/airflow/.local/lib/python3.7/site-packages/airflow/example_dags/example_task_group.py
[2023-03-21T15:27:25.319+0000] {processor.py:753} INFO - DAG(s) dict_keys(['example_task_group']) retrieved from /home/airflow/.local/lib/python3.7/site-packages/airflow/example_dags/example_task_group.py
[2023-03-21T15:27:25.338+0000] {logging_mixin.py:137} INFO - [2023-03-21T15:27:25.338+0000] {dag.py:2693} INFO - Sync 1 DAGs
[2023-03-21T15:27:25.355+0000] {logging_mixin.py:137} INFO - [2023-03-21T15:27:25.354+0000] {dag.py:3444} INFO - Setting next_dagrun for example_task_group to 2023-03-20T15:27:25.354737+00:00, run_after=2023-03-21T15:27:25.354737+00:00
[2023-03-21T15:27:25.367+0000] {processor.py:175} INFO - Processing /home/airflow/.local/lib/python3.7/site-packages/airflow/example_dags/example_task_group.py took 0.065 seconds
[2023-03-21T15:27:55.664+0000] {processor.py:153} INFO - Started process (PID=247) to work on /home/airflow/.local/lib/python3.7/site-packages/airflow/example_dags/example_task_group.py
[2023-03-21T15:27:55.665+0000] {processor.py:743} INFO - Processing file /home/airflow/.local/lib/python3.7/site-packages/airflow/example_dags/example_task_group.py for tasks to queue
[2023-03-21T15:27:55.666+0000] {logging_mixin.py:137} INFO - [2023-03-21T15:27:55.666+0000] {dagbag.py:532} INFO - Filling up the DagBag from /home/airflow/.local/lib/python3.7/site-packages/airflow/example_dags/example_task_group.py
[2023-03-21T15:27:55.677+0000] {processor.py:753} INFO - DAG(s) dict_keys(['example_task_group']) retrieved from /home/airflow/.local/lib/python3.7/site-packages/airflow/example_dags/example_task_group.py
[2023-03-21T15:27:55.698+0000] {logging_mixin.py:137} INFO - [2023-03-21T15:27:55.698+0000] {dag.py:2693} INFO - Sync 1 DAGs
[2023-03-21T15:27:55.714+0000] {logging_mixin.py:137} INFO - [2023-03-21T15:27:55.714+0000] {dag.py:3444} INFO - Setting next_dagrun for example_task_group to 2023-03-20T15:27:55.713881+00:00, run_after=2023-03-21T15:27:55.713881+00:00
[2023-03-21T15:27:55.726+0000] {processor.py:175} INFO - Processing /home/airflow/.local/lib/python3.7/site-packages/airflow/example_dags/example_task_group.py took 0.065 seconds
[2023-03-21T15:28:26.098+0000] {processor.py:153} INFO - Started process (PID=296) to work on /home/airflow/.local/lib/python3.7/site-packages/airflow/example_dags/example_task_group.py
[2023-03-21T15:28:26.099+0000] {processor.py:743} INFO - Processing file /home/airflow/.local/lib/python3.7/site-packages/airflow/example_dags/example_task_group.py for tasks to queue
[2023-03-21T15:28:26.100+0000] {logging_mixin.py:137} INFO - [2023-03-21T15:28:26.099+0000] {dagbag.py:532} INFO - Filling up the DagBag from /home/airflow/.local/lib/python3.7/site-packages/airflow/example_dags/example_task_group.py
[2023-03-21T15:28:26.111+0000] {processor.py:753} INFO - DAG(s) dict_keys(['example_task_group']) retrieved from /home/airflow/.local/lib/python3.7/site-packages/airflow/example_dags/example_task_group.py
[2023-03-21T15:28:26.131+0000] {logging_mixin.py:137} INFO - [2023-03-21T15:28:26.131+0000] {dag.py:2693} INFO - Sync 1 DAGs
[2023-03-21T15:28:26.148+0000] {logging_mixin.py:137} INFO - [2023-03-21T15:28:26.148+0000] {dag.py:3444} INFO - Setting next_dagrun for example_task_group to 2023-03-20T15:28:26.148240+00:00, run_after=2023-03-21T15:28:26.148240+00:00
[2023-03-21T15:28:26.159+0000] {processor.py:175} INFO - Processing /home/airflow/.local/lib/python3.7/site-packages/airflow/example_dags/example_task_group.py took 0.064 seconds
[2023-03-21T15:28:56.374+0000] {processor.py:153} INFO - Started process (PID=345) to work on /home/airflow/.local/lib/python3.7/site-packages/airflow/example_dags/example_task_group.py
[2023-03-21T15:28:56.375+0000] {processor.py:743} INFO - Processing file /home/airflow/.local/lib/python3.7/site-packages/airflow/example_dags/example_task_group.py for tasks to queue
[2023-03-21T15:28:56.376+0000] {logging_mixin.py:137} INFO - [2023-03-21T15:28:56.376+0000] {dagbag.py:532} INFO - Filling up the DagBag from /home/airflow/.local/lib/python3.7/site-packages/airflow/example_dags/example_task_group.py
[2023-03-21T15:28:56.387+0000] {processor.py:753} INFO - DAG(s) dict_keys(['example_task_group']) retrieved from /home/airflow/.local/lib/python3.7/site-packages/airflow/example_dags/example_task_group.py
[2023-03-21T15:28:56.408+0000] {logging_mixin.py:137} INFO - [2023-03-21T15:28:56.408+0000] {dag.py:2693} INFO - Sync 1 DAGs
[2023-03-21T15:28:56.424+0000] {logging_mixin.py:137} INFO - [2023-03-21T15:28:56.423+0000] {dag.py:3444} INFO - Setting next_dagrun for example_task_group to 2023-03-20T15:28:56.423757+00:00, run_after=2023-03-21T15:28:56.423757+00:00
[2023-03-21T15:28:56.436+0000] {processor.py:175} INFO - Processing /home/airflow/.local/lib/python3.7/site-packages/airflow/example_dags/example_task_group.py took 0.064 seconds
[2023-03-21T15:29:26.730+0000] {processor.py:153} INFO - Started process (PID=394) to work on /home/airflow/.local/lib/python3.7/site-packages/airflow/example_dags/example_task_group.py
[2023-03-21T15:29:26.731+0000] {processor.py:743} INFO - Processing file /home/airflow/.local/lib/python3.7/site-packages/airflow/example_dags/example_task_group.py for tasks to queue
[2023-03-21T15:29:26.732+0000] {logging_mixin.py:137} INFO - [2023-03-21T15:29:26.732+0000] {dagbag.py:532} INFO - Filling up the DagBag from /home/airflow/.local/lib/python3.7/site-packages/airflow/example_dags/example_task_group.py
[2023-03-21T15:29:26.744+0000] {processor.py:753} INFO - DAG(s) dict_keys(['example_task_group']) retrieved from /home/airflow/.local/lib/python3.7/site-packages/airflow/example_dags/example_task_group.py
[2023-03-21T15:29:26.765+0000] {logging_mixin.py:137} INFO - [2023-03-21T15:29:26.765+0000] {dag.py:2693} INFO - Sync 1 DAGs
[2023-03-21T15:29:26.781+0000] {logging_mixin.py:137} INFO - [2023-03-21T15:29:26.781+0000] {dag.py:3444} INFO - Setting next_dagrun for example_task_group to 2023-03-20T15:29:26.781009+00:00, run_after=2023-03-21T15:29:26.781009+00:00
[2023-03-21T15:29:26.791+0000] {processor.py:175} INFO - Processing /home/airflow/.local/lib/python3.7/site-packages/airflow/example_dags/example_task_group.py took 0.064 seconds
[2023-03-21T15:29:57.078+0000] {processor.py:153} INFO - Started process (PID=443) to work on /home/airflow/.local/lib/python3.7/site-packages/airflow/example_dags/example_task_group.py
[2023-03-21T15:29:57.080+0000] {processor.py:743} INFO - Processing file /home/airflow/.local/lib/python3.7/site-packages/airflow/example_dags/example_task_group.py for tasks to queue
[2023-03-21T15:29:57.081+0000] {logging_mixin.py:137} INFO - [2023-03-21T15:29:57.081+0000] {dagbag.py:532} INFO - Filling up the DagBag from /home/airflow/.local/lib/python3.7/site-packages/airflow/example_dags/example_task_group.py
[2023-03-21T15:29:57.095+0000] {processor.py:753} INFO - DAG(s) dict_keys(['example_task_group']) retrieved from /home/airflow/.local/lib/python3.7/site-packages/airflow/example_dags/example_task_group.py
[2023-03-21T15:29:57.127+0000] {logging_mixin.py:137} INFO - [2023-03-21T15:29:57.127+0000] {dag.py:2693} INFO - Sync 1 DAGs
[2023-03-21T15:29:57.154+0000] {logging_mixin.py:137} INFO - [2023-03-21T15:29:57.154+0000] {dag.py:3444} INFO - Setting next_dagrun for example_task_group to 2023-03-20T15:29:57.153899+00:00, run_after=2023-03-21T15:29:57.153899+00:00
[2023-03-21T15:29:57.169+0000] {processor.py:175} INFO - Processing /home/airflow/.local/lib/python3.7/site-packages/airflow/example_dags/example_task_group.py took 0.094 seconds
[2023-03-21T15:30:27.612+0000] {processor.py:153} INFO - Started process (PID=492) to work on /home/airflow/.local/lib/python3.7/site-packages/airflow/example_dags/example_task_group.py
[2023-03-21T15:30:27.614+0000] {processor.py:743} INFO - Processing file /home/airflow/.local/lib/python3.7/site-packages/airflow/example_dags/example_task_group.py for tasks to queue
[2023-03-21T15:30:27.614+0000] {logging_mixin.py:137} INFO - [2023-03-21T15:30:27.614+0000] {dagbag.py:532} INFO - Filling up the DagBag from /home/airflow/.local/lib/python3.7/site-packages/airflow/example_dags/example_task_group.py
[2023-03-21T15:30:27.625+0000] {processor.py:753} INFO - DAG(s) dict_keys(['example_task_group']) retrieved from /home/airflow/.local/lib/python3.7/site-packages/airflow/example_dags/example_task_group.py
[2023-03-21T15:30:27.645+0000] {logging_mixin.py:137} INFO - [2023-03-21T15:30:27.644+0000] {dag.py:2693} INFO - Sync 1 DAGs
[2023-03-21T15:30:27.660+0000] {logging_mixin.py:137} INFO - [2023-03-21T15:30:27.660+0000] {dag.py:3444} INFO - Setting next_dagrun for example_task_group to 2023-03-20T15:30:27.660511+00:00, run_after=2023-03-21T15:30:27.660511+00:00
[2023-03-21T15:30:27.672+0000] {processor.py:175} INFO - Processing /home/airflow/.local/lib/python3.7/site-packages/airflow/example_dags/example_task_group.py took 0.062 seconds
[2023-03-21T15:30:58.104+0000] {processor.py:153} INFO - Started process (PID=541) to work on /home/airflow/.local/lib/python3.7/site-packages/airflow/example_dags/example_task_group.py
[2023-03-21T15:30:58.105+0000] {processor.py:743} INFO - Processing file /home/airflow/.local/lib/python3.7/site-packages/airflow/example_dags/example_task_group.py for tasks to queue
[2023-03-21T15:30:58.106+0000] {logging_mixin.py:137} INFO - [2023-03-21T15:30:58.106+0000] {dagbag.py:532} INFO - Filling up the DagBag from /home/airflow/.local/lib/python3.7/site-packages/airflow/example_dags/example_task_group.py
[2023-03-21T15:30:58.116+0000] {processor.py:753} INFO - DAG(s) dict_keys(['example_task_group']) retrieved from /home/airflow/.local/lib/python3.7/site-packages/airflow/example_dags/example_task_group.py
[2023-03-21T15:30:58.135+0000] {logging_mixin.py:137} INFO - [2023-03-21T15:30:58.135+0000] {dag.py:2693} INFO - Sync 1 DAGs
[2023-03-21T15:30:58.150+0000] {logging_mixin.py:137} INFO - [2023-03-21T15:30:58.150+0000] {dag.py:3444} INFO - Setting next_dagrun for example_task_group to 2023-03-20T15:30:58.149750+00:00, run_after=2023-03-21T15:30:58.149750+00:00
[2023-03-21T15:30:58.160+0000] {processor.py:175} INFO - Processing /home/airflow/.local/lib/python3.7/site-packages/airflow/example_dags/example_task_group.py took 0.059 seconds
[2023-03-21T15:31:28.474+0000] {processor.py:153} INFO - Started process (PID=589) to work on /home/airflow/.local/lib/python3.7/site-packages/airflow/example_dags/example_task_group.py
[2023-03-21T15:31:28.475+0000] {processor.py:743} INFO - Processing file /home/airflow/.local/lib/python3.7/site-packages/airflow/example_dags/example_task_group.py for tasks to queue
[2023-03-21T15:31:28.476+0000] {logging_mixin.py:137} INFO - [2023-03-21T15:31:28.476+0000] {dagbag.py:532} INFO - Filling up the DagBag from /home/airflow/.local/lib/python3.7/site-packages/airflow/example_dags/example_task_group.py
[2023-03-21T15:31:28.487+0000] {processor.py:753} INFO - DAG(s) dict_keys(['example_task_group']) retrieved from /home/airflow/.local/lib/python3.7/site-packages/airflow/example_dags/example_task_group.py
[2023-03-21T15:31:28.508+0000] {logging_mixin.py:137} INFO - [2023-03-21T15:31:28.508+0000] {dag.py:2693} INFO - Sync 1 DAGs
[2023-03-21T15:31:28.523+0000] {logging_mixin.py:137} INFO - [2023-03-21T15:31:28.523+0000] {dag.py:3444} INFO - Setting next_dagrun for example_task_group to 2023-03-20T15:31:28.523170+00:00, run_after=2023-03-21T15:31:28.523170+00:00
[2023-03-21T15:31:28.536+0000] {processor.py:175} INFO - Processing /home/airflow/.local/lib/python3.7/site-packages/airflow/example_dags/example_task_group.py took 0.065 seconds
[2023-03-21T15:31:58.919+0000] {processor.py:153} INFO - Started process (PID=638) to work on /home/airflow/.local/lib/python3.7/site-packages/airflow/example_dags/example_task_group.py
[2023-03-21T15:31:58.921+0000] {processor.py:743} INFO - Processing file /home/airflow/.local/lib/python3.7/site-packages/airflow/example_dags/example_task_group.py for tasks to queue
[2023-03-21T15:31:58.922+0000] {logging_mixin.py:137} INFO - [2023-03-21T15:31:58.922+0000] {dagbag.py:532} INFO - Filling up the DagBag from /home/airflow/.local/lib/python3.7/site-packages/airflow/example_dags/example_task_group.py
[2023-03-21T15:31:58.933+0000] {processor.py:753} INFO - DAG(s) dict_keys(['example_task_group']) retrieved from /home/airflow/.local/lib/python3.7/site-packages/airflow/example_dags/example_task_group.py
[2023-03-21T15:31:58.953+0000] {logging_mixin.py:137} INFO - [2023-03-21T15:31:58.953+0000] {dag.py:2693} INFO - Sync 1 DAGs
[2023-03-21T15:31:58.970+0000] {logging_mixin.py:137} INFO - [2023-03-21T15:31:58.970+0000] {dag.py:3444} INFO - Setting next_dagrun for example_task_group to 2023-03-20T15:31:58.970061+00:00, run_after=2023-03-21T15:31:58.970061+00:00
[2023-03-21T15:31:58.982+0000] {processor.py:175} INFO - Processing /home/airflow/.local/lib/python3.7/site-packages/airflow/example_dags/example_task_group.py took 0.065 seconds
[2023-03-21T16:52:55.583+0000] {processor.py:153} INFO - Started process (PID=52) to work on /home/airflow/.local/lib/python3.7/site-packages/airflow/example_dags/example_task_group.py
[2023-03-21T16:52:55.598+0000] {processor.py:743} INFO - Processing file /home/airflow/.local/lib/python3.7/site-packages/airflow/example_dags/example_task_group.py for tasks to queue
[2023-03-21T16:52:55.604+0000] {logging_mixin.py:137} INFO - [2023-03-21T16:52:55.604+0000] {dagbag.py:532} INFO - Filling up the DagBag from /home/airflow/.local/lib/python3.7/site-packages/airflow/example_dags/example_task_group.py
[2023-03-21T16:52:55.664+0000] {processor.py:753} INFO - DAG(s) dict_keys(['example_task_group']) retrieved from /home/airflow/.local/lib/python3.7/site-packages/airflow/example_dags/example_task_group.py
[2023-03-21T16:52:55.704+0000] {logging_mixin.py:137} INFO - [2023-03-21T16:52:55.704+0000] {dag.py:2693} INFO - Sync 1 DAGs
[2023-03-21T16:52:55.744+0000] {logging_mixin.py:137} INFO - [2023-03-21T16:52:55.744+0000] {dag.py:3444} INFO - Setting next_dagrun for example_task_group to 2023-03-20T16:52:55.743780+00:00, run_after=2023-03-21T16:52:55.743780+00:00
[2023-03-21T16:52:55.777+0000] {processor.py:175} INFO - Processing /home/airflow/.local/lib/python3.7/site-packages/airflow/example_dags/example_task_group.py took 0.210 seconds
[2023-03-21T16:53:26.723+0000] {processor.py:153} INFO - Started process (PID=101) to work on /home/airflow/.local/lib/python3.7/site-packages/airflow/example_dags/example_task_group.py
[2023-03-21T16:53:26.725+0000] {processor.py:743} INFO - Processing file /home/airflow/.local/lib/python3.7/site-packages/airflow/example_dags/example_task_group.py for tasks to queue
[2023-03-21T16:53:26.727+0000] {logging_mixin.py:137} INFO - [2023-03-21T16:53:26.727+0000] {dagbag.py:532} INFO - Filling up the DagBag from /home/airflow/.local/lib/python3.7/site-packages/airflow/example_dags/example_task_group.py
[2023-03-21T16:53:26.749+0000] {processor.py:753} INFO - DAG(s) dict_keys(['example_task_group']) retrieved from /home/airflow/.local/lib/python3.7/site-packages/airflow/example_dags/example_task_group.py
[2023-03-21T16:53:26.776+0000] {logging_mixin.py:137} INFO - [2023-03-21T16:53:26.775+0000] {dag.py:2693} INFO - Sync 1 DAGs
[2023-03-21T16:53:26.794+0000] {logging_mixin.py:137} INFO - [2023-03-21T16:53:26.794+0000] {dag.py:3444} INFO - Setting next_dagrun for example_task_group to 2023-03-20T16:53:26.794281+00:00, run_after=2023-03-21T16:53:26.794281+00:00
[2023-03-21T16:53:26.807+0000] {processor.py:175} INFO - Processing /home/airflow/.local/lib/python3.7/site-packages/airflow/example_dags/example_task_group.py took 0.093 seconds
[2023-03-21T16:53:58.599+0000] {processor.py:153} INFO - Started process (PID=155) to work on /home/airflow/.local/lib/python3.7/site-packages/airflow/example_dags/example_task_group.py
[2023-03-21T16:53:58.601+0000] {processor.py:743} INFO - Processing file /home/airflow/.local/lib/python3.7/site-packages/airflow/example_dags/example_task_group.py for tasks to queue
[2023-03-21T16:53:58.606+0000] {logging_mixin.py:137} INFO - [2023-03-21T16:53:58.606+0000] {dagbag.py:532} INFO - Filling up the DagBag from /home/airflow/.local/lib/python3.7/site-packages/airflow/example_dags/example_task_group.py
[2023-03-21T16:53:58.626+0000] {processor.py:753} INFO - DAG(s) dict_keys(['example_task_group']) retrieved from /home/airflow/.local/lib/python3.7/site-packages/airflow/example_dags/example_task_group.py
[2023-03-21T16:53:58.656+0000] {logging_mixin.py:137} INFO - [2023-03-21T16:53:58.656+0000] {dag.py:2693} INFO - Sync 1 DAGs
[2023-03-21T16:53:58.683+0000] {logging_mixin.py:137} INFO - [2023-03-21T16:53:58.682+0000] {dag.py:3444} INFO - Setting next_dagrun for example_task_group to 2023-03-20T16:53:58.682693+00:00, run_after=2023-03-21T16:53:58.682693+00:00
[2023-03-21T16:53:58.711+0000] {processor.py:175} INFO - Processing /home/airflow/.local/lib/python3.7/site-packages/airflow/example_dags/example_task_group.py took 0.118 seconds
[2023-03-21T16:54:31.717+0000] {processor.py:153} INFO - Started process (PID=205) to work on /home/airflow/.local/lib/python3.7/site-packages/airflow/example_dags/example_task_group.py
[2023-03-21T16:54:31.721+0000] {processor.py:743} INFO - Processing file /home/airflow/.local/lib/python3.7/site-packages/airflow/example_dags/example_task_group.py for tasks to queue
[2023-03-21T16:54:31.726+0000] {logging_mixin.py:137} INFO - [2023-03-21T16:54:31.726+0000] {dagbag.py:532} INFO - Filling up the DagBag from /home/airflow/.local/lib/python3.7/site-packages/airflow/example_dags/example_task_group.py
[2023-03-21T16:54:31.847+0000] {processor.py:753} INFO - DAG(s) dict_keys(['example_task_group']) retrieved from /home/airflow/.local/lib/python3.7/site-packages/airflow/example_dags/example_task_group.py
[2023-03-21T16:54:31.950+0000] {logging_mixin.py:137} INFO - [2023-03-21T16:54:31.949+0000] {dag.py:2693} INFO - Sync 1 DAGs
[2023-03-21T16:54:32.014+0000] {logging_mixin.py:137} INFO - [2023-03-21T16:54:32.013+0000] {dag.py:3444} INFO - Setting next_dagrun for example_task_group to 2023-03-20T16:54:32.013214+00:00, run_after=2023-03-21T16:54:32.013214+00:00
[2023-03-21T16:54:32.080+0000] {processor.py:175} INFO - Processing /home/airflow/.local/lib/python3.7/site-packages/airflow/example_dags/example_task_group.py took 0.379 seconds
[2023-03-21T16:55:02.699+0000] {processor.py:153} INFO - Started process (PID=254) to work on /home/airflow/.local/lib/python3.7/site-packages/airflow/example_dags/example_task_group.py
[2023-03-21T16:55:02.700+0000] {processor.py:743} INFO - Processing file /home/airflow/.local/lib/python3.7/site-packages/airflow/example_dags/example_task_group.py for tasks to queue
[2023-03-21T16:55:02.701+0000] {logging_mixin.py:137} INFO - [2023-03-21T16:55:02.700+0000] {dagbag.py:532} INFO - Filling up the DagBag from /home/airflow/.local/lib/python3.7/site-packages/airflow/example_dags/example_task_group.py
[2023-03-21T16:55:02.711+0000] {processor.py:753} INFO - DAG(s) dict_keys(['example_task_group']) retrieved from /home/airflow/.local/lib/python3.7/site-packages/airflow/example_dags/example_task_group.py
[2023-03-21T16:55:02.733+0000] {logging_mixin.py:137} INFO - [2023-03-21T16:55:02.733+0000] {dag.py:2693} INFO - Sync 1 DAGs
[2023-03-21T16:55:02.749+0000] {logging_mixin.py:137} INFO - [2023-03-21T16:55:02.749+0000] {dag.py:3444} INFO - Setting next_dagrun for example_task_group to 2023-03-20T16:55:02.748889+00:00, run_after=2023-03-21T16:55:02.748889+00:00
[2023-03-21T16:55:02.761+0000] {processor.py:175} INFO - Processing /home/airflow/.local/lib/python3.7/site-packages/airflow/example_dags/example_task_group.py took 0.065 seconds
[2023-03-21T16:55:33.779+0000] {processor.py:153} INFO - Started process (PID=304) to work on /home/airflow/.local/lib/python3.7/site-packages/airflow/example_dags/example_task_group.py
[2023-03-21T16:55:33.781+0000] {processor.py:743} INFO - Processing file /home/airflow/.local/lib/python3.7/site-packages/airflow/example_dags/example_task_group.py for tasks to queue
[2023-03-21T16:55:33.783+0000] {logging_mixin.py:137} INFO - [2023-03-21T16:55:33.783+0000] {dagbag.py:532} INFO - Filling up the DagBag from /home/airflow/.local/lib/python3.7/site-packages/airflow/example_dags/example_task_group.py
[2023-03-21T16:55:33.807+0000] {processor.py:753} INFO - DAG(s) dict_keys(['example_task_group']) retrieved from /home/airflow/.local/lib/python3.7/site-packages/airflow/example_dags/example_task_group.py
[2023-03-21T16:55:33.834+0000] {logging_mixin.py:137} INFO - [2023-03-21T16:55:33.834+0000] {dag.py:2693} INFO - Sync 1 DAGs
[2023-03-21T16:55:33.858+0000] {logging_mixin.py:137} INFO - [2023-03-21T16:55:33.858+0000] {dag.py:3444} INFO - Setting next_dagrun for example_task_group to 2023-03-20T16:55:33.857835+00:00, run_after=2023-03-21T16:55:33.857835+00:00
[2023-03-21T16:55:33.874+0000] {processor.py:175} INFO - Processing /home/airflow/.local/lib/python3.7/site-packages/airflow/example_dags/example_task_group.py took 0.099 seconds
[2023-03-21T16:56:04.813+0000] {processor.py:153} INFO - Started process (PID=354) to work on /home/airflow/.local/lib/python3.7/site-packages/airflow/example_dags/example_task_group.py
[2023-03-21T16:56:04.815+0000] {processor.py:743} INFO - Processing file /home/airflow/.local/lib/python3.7/site-packages/airflow/example_dags/example_task_group.py for tasks to queue
[2023-03-21T16:56:04.815+0000] {logging_mixin.py:137} INFO - [2023-03-21T16:56:04.815+0000] {dagbag.py:532} INFO - Filling up the DagBag from /home/airflow/.local/lib/python3.7/site-packages/airflow/example_dags/example_task_group.py
[2023-03-21T16:56:04.828+0000] {processor.py:753} INFO - DAG(s) dict_keys(['example_task_group']) retrieved from /home/airflow/.local/lib/python3.7/site-packages/airflow/example_dags/example_task_group.py
[2023-03-21T16:56:04.850+0000] {logging_mixin.py:137} INFO - [2023-03-21T16:56:04.850+0000] {dag.py:2693} INFO - Sync 1 DAGs
[2023-03-21T16:56:04.870+0000] {logging_mixin.py:137} INFO - [2023-03-21T16:56:04.870+0000] {dag.py:3444} INFO - Setting next_dagrun for example_task_group to 2023-03-20T16:56:04.869912+00:00, run_after=2023-03-21T16:56:04.869912+00:00
[2023-03-21T16:56:04.887+0000] {processor.py:175} INFO - Processing /home/airflow/.local/lib/python3.7/site-packages/airflow/example_dags/example_task_group.py took 0.077 seconds
[2023-03-21T16:56:35.713+0000] {processor.py:153} INFO - Started process (PID=405) to work on /home/airflow/.local/lib/python3.7/site-packages/airflow/example_dags/example_task_group.py
[2023-03-21T16:56:35.714+0000] {processor.py:743} INFO - Processing file /home/airflow/.local/lib/python3.7/site-packages/airflow/example_dags/example_task_group.py for tasks to queue
[2023-03-21T16:56:35.715+0000] {logging_mixin.py:137} INFO - [2023-03-21T16:56:35.715+0000] {dagbag.py:532} INFO - Filling up the DagBag from /home/airflow/.local/lib/python3.7/site-packages/airflow/example_dags/example_task_group.py
[2023-03-21T16:56:35.727+0000] {processor.py:753} INFO - DAG(s) dict_keys(['example_task_group']) retrieved from /home/airflow/.local/lib/python3.7/site-packages/airflow/example_dags/example_task_group.py
[2023-03-21T16:56:35.749+0000] {logging_mixin.py:137} INFO - [2023-03-21T16:56:35.749+0000] {dag.py:2693} INFO - Sync 1 DAGs
[2023-03-21T16:56:35.766+0000] {logging_mixin.py:137} INFO - [2023-03-21T16:56:35.766+0000] {dag.py:3444} INFO - Setting next_dagrun for example_task_group to 2023-03-20T16:56:35.766680+00:00, run_after=2023-03-21T16:56:35.766680+00:00
[2023-03-21T16:56:35.779+0000] {processor.py:175} INFO - Processing /home/airflow/.local/lib/python3.7/site-packages/airflow/example_dags/example_task_group.py took 0.070 seconds
[2023-03-21T16:57:06.163+0000] {processor.py:153} INFO - Started process (PID=456) to work on /home/airflow/.local/lib/python3.7/site-packages/airflow/example_dags/example_task_group.py
[2023-03-21T16:57:06.164+0000] {processor.py:743} INFO - Processing file /home/airflow/.local/lib/python3.7/site-packages/airflow/example_dags/example_task_group.py for tasks to queue
[2023-03-21T16:57:06.166+0000] {logging_mixin.py:137} INFO - [2023-03-21T16:57:06.166+0000] {dagbag.py:532} INFO - Filling up the DagBag from /home/airflow/.local/lib/python3.7/site-packages/airflow/example_dags/example_task_group.py
[2023-03-21T16:57:06.180+0000] {processor.py:753} INFO - DAG(s) dict_keys(['example_task_group']) retrieved from /home/airflow/.local/lib/python3.7/site-packages/airflow/example_dags/example_task_group.py
[2023-03-21T16:57:06.207+0000] {logging_mixin.py:137} INFO - [2023-03-21T16:57:06.207+0000] {dag.py:2693} INFO - Sync 1 DAGs
[2023-03-21T16:57:06.226+0000] {logging_mixin.py:137} INFO - [2023-03-21T16:57:06.226+0000] {dag.py:3444} INFO - Setting next_dagrun for example_task_group to 2023-03-20T16:57:06.226173+00:00, run_after=2023-03-21T16:57:06.226173+00:00
[2023-03-21T16:57:06.239+0000] {processor.py:175} INFO - Processing /home/airflow/.local/lib/python3.7/site-packages/airflow/example_dags/example_task_group.py took 0.079 seconds
[2023-03-21T16:57:36.380+0000] {processor.py:153} INFO - Started process (PID=506) to work on /home/airflow/.local/lib/python3.7/site-packages/airflow/example_dags/example_task_group.py
[2023-03-21T16:57:36.381+0000] {processor.py:743} INFO - Processing file /home/airflow/.local/lib/python3.7/site-packages/airflow/example_dags/example_task_group.py for tasks to queue
[2023-03-21T16:57:36.382+0000] {logging_mixin.py:137} INFO - [2023-03-21T16:57:36.382+0000] {dagbag.py:532} INFO - Filling up the DagBag from /home/airflow/.local/lib/python3.7/site-packages/airflow/example_dags/example_task_group.py
[2023-03-21T16:57:36.394+0000] {processor.py:753} INFO - DAG(s) dict_keys(['example_task_group']) retrieved from /home/airflow/.local/lib/python3.7/site-packages/airflow/example_dags/example_task_group.py
[2023-03-21T16:57:36.414+0000] {logging_mixin.py:137} INFO - [2023-03-21T16:57:36.414+0000] {dag.py:2693} INFO - Sync 1 DAGs
[2023-03-21T16:57:36.432+0000] {logging_mixin.py:137} INFO - [2023-03-21T16:57:36.431+0000] {dag.py:3444} INFO - Setting next_dagrun for example_task_group to 2023-03-20T16:57:36.431727+00:00, run_after=2023-03-21T16:57:36.431727+00:00
[2023-03-21T16:57:36.444+0000] {processor.py:175} INFO - Processing /home/airflow/.local/lib/python3.7/site-packages/airflow/example_dags/example_task_group.py took 0.067 seconds
[2023-03-21T16:58:06.908+0000] {processor.py:153} INFO - Started process (PID=556) to work on /home/airflow/.local/lib/python3.7/site-packages/airflow/example_dags/example_task_group.py
[2023-03-21T16:58:06.909+0000] {processor.py:743} INFO - Processing file /home/airflow/.local/lib/python3.7/site-packages/airflow/example_dags/example_task_group.py for tasks to queue
[2023-03-21T16:58:06.909+0000] {logging_mixin.py:137} INFO - [2023-03-21T16:58:06.909+0000] {dagbag.py:532} INFO - Filling up the DagBag from /home/airflow/.local/lib/python3.7/site-packages/airflow/example_dags/example_task_group.py
[2023-03-21T16:58:06.920+0000] {processor.py:753} INFO - DAG(s) dict_keys(['example_task_group']) retrieved from /home/airflow/.local/lib/python3.7/site-packages/airflow/example_dags/example_task_group.py
[2023-03-21T16:58:06.940+0000] {logging_mixin.py:137} INFO - [2023-03-21T16:58:06.940+0000] {dag.py:2693} INFO - Sync 1 DAGs
[2023-03-21T16:58:06.956+0000] {logging_mixin.py:137} INFO - [2023-03-21T16:58:06.956+0000] {dag.py:3444} INFO - Setting next_dagrun for example_task_group to 2023-03-20T16:58:06.956489+00:00, run_after=2023-03-21T16:58:06.956489+00:00
[2023-03-21T16:58:06.969+0000] {processor.py:175} INFO - Processing /home/airflow/.local/lib/python3.7/site-packages/airflow/example_dags/example_task_group.py took 0.064 seconds
[2023-03-21T16:58:37.625+0000] {processor.py:153} INFO - Started process (PID=606) to work on /home/airflow/.local/lib/python3.7/site-packages/airflow/example_dags/example_task_group.py
[2023-03-21T16:58:37.626+0000] {processor.py:743} INFO - Processing file /home/airflow/.local/lib/python3.7/site-packages/airflow/example_dags/example_task_group.py for tasks to queue
[2023-03-21T16:58:37.627+0000] {logging_mixin.py:137} INFO - [2023-03-21T16:58:37.627+0000] {dagbag.py:532} INFO - Filling up the DagBag from /home/airflow/.local/lib/python3.7/site-packages/airflow/example_dags/example_task_group.py
[2023-03-21T16:58:37.640+0000] {processor.py:753} INFO - DAG(s) dict_keys(['example_task_group']) retrieved from /home/airflow/.local/lib/python3.7/site-packages/airflow/example_dags/example_task_group.py
[2023-03-21T16:58:37.661+0000] {logging_mixin.py:137} INFO - [2023-03-21T16:58:37.661+0000] {dag.py:2693} INFO - Sync 1 DAGs
[2023-03-21T16:58:37.686+0000] {logging_mixin.py:137} INFO - [2023-03-21T16:58:37.686+0000] {dag.py:3444} INFO - Setting next_dagrun for example_task_group to 2023-03-20T16:58:37.685827+00:00, run_after=2023-03-21T16:58:37.685827+00:00
[2023-03-21T16:58:37.702+0000] {processor.py:175} INFO - Processing /home/airflow/.local/lib/python3.7/site-packages/airflow/example_dags/example_task_group.py took 0.080 seconds
[2023-03-21T16:59:08.288+0000] {processor.py:153} INFO - Started process (PID=656) to work on /home/airflow/.local/lib/python3.7/site-packages/airflow/example_dags/example_task_group.py
[2023-03-21T16:59:08.289+0000] {processor.py:743} INFO - Processing file /home/airflow/.local/lib/python3.7/site-packages/airflow/example_dags/example_task_group.py for tasks to queue
[2023-03-21T16:59:08.290+0000] {logging_mixin.py:137} INFO - [2023-03-21T16:59:08.290+0000] {dagbag.py:532} INFO - Filling up the DagBag from /home/airflow/.local/lib/python3.7/site-packages/airflow/example_dags/example_task_group.py
[2023-03-21T16:59:08.302+0000] {processor.py:753} INFO - DAG(s) dict_keys(['example_task_group']) retrieved from /home/airflow/.local/lib/python3.7/site-packages/airflow/example_dags/example_task_group.py
[2023-03-21T16:59:08.324+0000] {logging_mixin.py:137} INFO - [2023-03-21T16:59:08.324+0000] {dag.py:2693} INFO - Sync 1 DAGs
[2023-03-21T16:59:08.342+0000] {logging_mixin.py:137} INFO - [2023-03-21T16:59:08.342+0000] {dag.py:3444} INFO - Setting next_dagrun for example_task_group to 2023-03-20T16:59:08.342052+00:00, run_after=2023-03-21T16:59:08.342052+00:00
[2023-03-21T16:59:08.355+0000] {processor.py:175} INFO - Processing /home/airflow/.local/lib/python3.7/site-packages/airflow/example_dags/example_task_group.py took 0.071 seconds
[2023-03-21T16:59:39.250+0000] {processor.py:153} INFO - Started process (PID=706) to work on /home/airflow/.local/lib/python3.7/site-packages/airflow/example_dags/example_task_group.py
[2023-03-21T16:59:39.251+0000] {processor.py:743} INFO - Processing file /home/airflow/.local/lib/python3.7/site-packages/airflow/example_dags/example_task_group.py for tasks to queue
[2023-03-21T16:59:39.251+0000] {logging_mixin.py:137} INFO - [2023-03-21T16:59:39.251+0000] {dagbag.py:532} INFO - Filling up the DagBag from /home/airflow/.local/lib/python3.7/site-packages/airflow/example_dags/example_task_group.py
[2023-03-21T16:59:39.263+0000] {processor.py:753} INFO - DAG(s) dict_keys(['example_task_group']) retrieved from /home/airflow/.local/lib/python3.7/site-packages/airflow/example_dags/example_task_group.py
[2023-03-21T16:59:39.284+0000] {logging_mixin.py:137} INFO - [2023-03-21T16:59:39.284+0000] {dag.py:2693} INFO - Sync 1 DAGs
[2023-03-21T16:59:39.300+0000] {logging_mixin.py:137} INFO - [2023-03-21T16:59:39.300+0000] {dag.py:3444} INFO - Setting next_dagrun for example_task_group to 2023-03-20T16:59:39.300487+00:00, run_after=2023-03-21T16:59:39.300487+00:00
[2023-03-21T16:59:39.312+0000] {processor.py:175} INFO - Processing /home/airflow/.local/lib/python3.7/site-packages/airflow/example_dags/example_task_group.py took 0.065 seconds
[2023-03-21T17:00:10.132+0000] {processor.py:153} INFO - Started process (PID=756) to work on /home/airflow/.local/lib/python3.7/site-packages/airflow/example_dags/example_task_group.py
[2023-03-21T17:00:10.133+0000] {processor.py:743} INFO - Processing file /home/airflow/.local/lib/python3.7/site-packages/airflow/example_dags/example_task_group.py for tasks to queue
[2023-03-21T17:00:10.134+0000] {logging_mixin.py:137} INFO - [2023-03-21T17:00:10.134+0000] {dagbag.py:532} INFO - Filling up the DagBag from /home/airflow/.local/lib/python3.7/site-packages/airflow/example_dags/example_task_group.py
[2023-03-21T17:00:10.147+0000] {processor.py:753} INFO - DAG(s) dict_keys(['example_task_group']) retrieved from /home/airflow/.local/lib/python3.7/site-packages/airflow/example_dags/example_task_group.py
[2023-03-21T17:00:10.168+0000] {logging_mixin.py:137} INFO - [2023-03-21T17:00:10.168+0000] {dag.py:2693} INFO - Sync 1 DAGs
[2023-03-21T17:00:10.185+0000] {logging_mixin.py:137} INFO - [2023-03-21T17:00:10.185+0000] {dag.py:3444} INFO - Setting next_dagrun for example_task_group to 2023-03-20T17:00:10.184844+00:00, run_after=2023-03-21T17:00:10.184844+00:00
[2023-03-21T17:00:10.199+0000] {processor.py:175} INFO - Processing /home/airflow/.local/lib/python3.7/site-packages/airflow/example_dags/example_task_group.py took 0.071 seconds
[2023-03-21T17:00:41.102+0000] {processor.py:153} INFO - Started process (PID=806) to work on /home/airflow/.local/lib/python3.7/site-packages/airflow/example_dags/example_task_group.py
[2023-03-21T17:00:41.104+0000] {processor.py:743} INFO - Processing file /home/airflow/.local/lib/python3.7/site-packages/airflow/example_dags/example_task_group.py for tasks to queue
[2023-03-21T17:00:41.104+0000] {logging_mixin.py:137} INFO - [2023-03-21T17:00:41.104+0000] {dagbag.py:532} INFO - Filling up the DagBag from /home/airflow/.local/lib/python3.7/site-packages/airflow/example_dags/example_task_group.py
[2023-03-21T17:00:41.118+0000] {processor.py:753} INFO - DAG(s) dict_keys(['example_task_group']) retrieved from /home/airflow/.local/lib/python3.7/site-packages/airflow/example_dags/example_task_group.py
[2023-03-21T17:00:41.138+0000] {logging_mixin.py:137} INFO - [2023-03-21T17:00:41.138+0000] {dag.py:2693} INFO - Sync 1 DAGs
[2023-03-21T17:00:41.155+0000] {logging_mixin.py:137} INFO - [2023-03-21T17:00:41.155+0000] {dag.py:3444} INFO - Setting next_dagrun for example_task_group to 2023-03-20T17:00:41.155352+00:00, run_after=2023-03-21T17:00:41.155352+00:00
[2023-03-21T17:00:41.167+0000] {processor.py:175} INFO - Processing /home/airflow/.local/lib/python3.7/site-packages/airflow/example_dags/example_task_group.py took 0.068 seconds
[2023-03-21T17:01:11.909+0000] {processor.py:153} INFO - Started process (PID=856) to work on /home/airflow/.local/lib/python3.7/site-packages/airflow/example_dags/example_task_group.py
[2023-03-21T17:01:11.911+0000] {processor.py:743} INFO - Processing file /home/airflow/.local/lib/python3.7/site-packages/airflow/example_dags/example_task_group.py for tasks to queue
[2023-03-21T17:01:11.911+0000] {logging_mixin.py:137} INFO - [2023-03-21T17:01:11.911+0000] {dagbag.py:532} INFO - Filling up the DagBag from /home/airflow/.local/lib/python3.7/site-packages/airflow/example_dags/example_task_group.py
[2023-03-21T17:01:11.923+0000] {processor.py:753} INFO - DAG(s) dict_keys(['example_task_group']) retrieved from /home/airflow/.local/lib/python3.7/site-packages/airflow/example_dags/example_task_group.py
[2023-03-21T17:01:11.943+0000] {logging_mixin.py:137} INFO - [2023-03-21T17:01:11.943+0000] {dag.py:2693} INFO - Sync 1 DAGs
[2023-03-21T17:01:11.960+0000] {logging_mixin.py:137} INFO - [2023-03-21T17:01:11.960+0000] {dag.py:3444} INFO - Setting next_dagrun for example_task_group to 2023-03-20T17:01:11.960683+00:00, run_after=2023-03-21T17:01:11.960683+00:00
[2023-03-21T17:01:11.972+0000] {processor.py:175} INFO - Processing /home/airflow/.local/lib/python3.7/site-packages/airflow/example_dags/example_task_group.py took 0.065 seconds
[2023-03-21T17:01:42.541+0000] {processor.py:153} INFO - Started process (PID=906) to work on /home/airflow/.local/lib/python3.7/site-packages/airflow/example_dags/example_task_group.py
[2023-03-21T17:01:42.543+0000] {processor.py:743} INFO - Processing file /home/airflow/.local/lib/python3.7/site-packages/airflow/example_dags/example_task_group.py for tasks to queue
[2023-03-21T17:01:42.543+0000] {logging_mixin.py:137} INFO - [2023-03-21T17:01:42.543+0000] {dagbag.py:532} INFO - Filling up the DagBag from /home/airflow/.local/lib/python3.7/site-packages/airflow/example_dags/example_task_group.py
[2023-03-21T17:01:42.557+0000] {processor.py:753} INFO - DAG(s) dict_keys(['example_task_group']) retrieved from /home/airflow/.local/lib/python3.7/site-packages/airflow/example_dags/example_task_group.py
[2023-03-21T17:01:42.581+0000] {logging_mixin.py:137} INFO - [2023-03-21T17:01:42.581+0000] {dag.py:2693} INFO - Sync 1 DAGs
[2023-03-21T17:01:42.600+0000] {logging_mixin.py:137} INFO - [2023-03-21T17:01:42.599+0000] {dag.py:3444} INFO - Setting next_dagrun for example_task_group to 2023-03-20T17:01:42.599678+00:00, run_after=2023-03-21T17:01:42.599678+00:00
[2023-03-21T17:01:42.614+0000] {processor.py:175} INFO - Processing /home/airflow/.local/lib/python3.7/site-packages/airflow/example_dags/example_task_group.py took 0.076 seconds
[2023-03-21T17:02:13.179+0000] {processor.py:153} INFO - Started process (PID=956) to work on /home/airflow/.local/lib/python3.7/site-packages/airflow/example_dags/example_task_group.py
[2023-03-21T17:02:13.180+0000] {processor.py:743} INFO - Processing file /home/airflow/.local/lib/python3.7/site-packages/airflow/example_dags/example_task_group.py for tasks to queue
[2023-03-21T17:02:13.181+0000] {logging_mixin.py:137} INFO - [2023-03-21T17:02:13.181+0000] {dagbag.py:532} INFO - Filling up the DagBag from /home/airflow/.local/lib/python3.7/site-packages/airflow/example_dags/example_task_group.py
[2023-03-21T17:02:13.192+0000] {processor.py:753} INFO - DAG(s) dict_keys(['example_task_group']) retrieved from /home/airflow/.local/lib/python3.7/site-packages/airflow/example_dags/example_task_group.py
[2023-03-21T17:02:13.211+0000] {logging_mixin.py:137} INFO - [2023-03-21T17:02:13.211+0000] {dag.py:2693} INFO - Sync 1 DAGs
[2023-03-21T17:02:13.227+0000] {logging_mixin.py:137} INFO - [2023-03-21T17:02:13.227+0000] {dag.py:3444} INFO - Setting next_dagrun for example_task_group to 2023-03-20T17:02:13.227233+00:00, run_after=2023-03-21T17:02:13.227233+00:00
[2023-03-21T17:02:13.240+0000] {processor.py:175} INFO - Processing /home/airflow/.local/lib/python3.7/site-packages/airflow/example_dags/example_task_group.py took 0.064 seconds
[2023-03-21T17:02:44.040+0000] {processor.py:153} INFO - Started process (PID=1006) to work on /home/airflow/.local/lib/python3.7/site-packages/airflow/example_dags/example_task_group.py
[2023-03-21T17:02:44.042+0000] {processor.py:743} INFO - Processing file /home/airflow/.local/lib/python3.7/site-packages/airflow/example_dags/example_task_group.py for tasks to queue
[2023-03-21T17:02:44.043+0000] {logging_mixin.py:137} INFO - [2023-03-21T17:02:44.043+0000] {dagbag.py:532} INFO - Filling up the DagBag from /home/airflow/.local/lib/python3.7/site-packages/airflow/example_dags/example_task_group.py
[2023-03-21T17:02:44.057+0000] {processor.py:753} INFO - DAG(s) dict_keys(['example_task_group']) retrieved from /home/airflow/.local/lib/python3.7/site-packages/airflow/example_dags/example_task_group.py
[2023-03-21T17:02:44.079+0000] {logging_mixin.py:137} INFO - [2023-03-21T17:02:44.079+0000] {dag.py:2693} INFO - Sync 1 DAGs
[2023-03-21T17:02:44.097+0000] {logging_mixin.py:137} INFO - [2023-03-21T17:02:44.097+0000] {dag.py:3444} INFO - Setting next_dagrun for example_task_group to 2023-03-20T17:02:44.097104+00:00, run_after=2023-03-21T17:02:44.097104+00:00
[2023-03-21T17:02:44.112+0000] {processor.py:175} INFO - Processing /home/airflow/.local/lib/python3.7/site-packages/airflow/example_dags/example_task_group.py took 0.076 seconds
[2023-03-21T17:03:14.309+0000] {processor.py:153} INFO - Started process (PID=1056) to work on /home/airflow/.local/lib/python3.7/site-packages/airflow/example_dags/example_task_group.py
[2023-03-21T17:03:14.312+0000] {processor.py:743} INFO - Processing file /home/airflow/.local/lib/python3.7/site-packages/airflow/example_dags/example_task_group.py for tasks to queue
[2023-03-21T17:03:14.312+0000] {logging_mixin.py:137} INFO - [2023-03-21T17:03:14.312+0000] {dagbag.py:532} INFO - Filling up the DagBag from /home/airflow/.local/lib/python3.7/site-packages/airflow/example_dags/example_task_group.py
[2023-03-21T17:03:14.324+0000] {processor.py:753} INFO - DAG(s) dict_keys(['example_task_group']) retrieved from /home/airflow/.local/lib/python3.7/site-packages/airflow/example_dags/example_task_group.py
[2023-03-21T17:03:14.346+0000] {logging_mixin.py:137} INFO - [2023-03-21T17:03:14.346+0000] {dag.py:2693} INFO - Sync 1 DAGs
[2023-03-21T17:03:14.362+0000] {logging_mixin.py:137} INFO - [2023-03-21T17:03:14.362+0000] {dag.py:3444} INFO - Setting next_dagrun for example_task_group to 2023-03-20T17:03:14.362652+00:00, run_after=2023-03-21T17:03:14.362652+00:00
[2023-03-21T17:03:14.376+0000] {processor.py:175} INFO - Processing /home/airflow/.local/lib/python3.7/site-packages/airflow/example_dags/example_task_group.py took 0.070 seconds
[2023-03-21T17:03:44.937+0000] {processor.py:153} INFO - Started process (PID=1106) to work on /home/airflow/.local/lib/python3.7/site-packages/airflow/example_dags/example_task_group.py
[2023-03-21T17:03:44.938+0000] {processor.py:743} INFO - Processing file /home/airflow/.local/lib/python3.7/site-packages/airflow/example_dags/example_task_group.py for tasks to queue
[2023-03-21T17:03:44.939+0000] {logging_mixin.py:137} INFO - [2023-03-21T17:03:44.939+0000] {dagbag.py:532} INFO - Filling up the DagBag from /home/airflow/.local/lib/python3.7/site-packages/airflow/example_dags/example_task_group.py
[2023-03-21T17:03:44.951+0000] {processor.py:753} INFO - DAG(s) dict_keys(['example_task_group']) retrieved from /home/airflow/.local/lib/python3.7/site-packages/airflow/example_dags/example_task_group.py
[2023-03-21T17:03:44.973+0000] {logging_mixin.py:137} INFO - [2023-03-21T17:03:44.973+0000] {dag.py:2693} INFO - Sync 1 DAGs
[2023-03-21T17:03:44.989+0000] {logging_mixin.py:137} INFO - [2023-03-21T17:03:44.989+0000] {dag.py:3444} INFO - Setting next_dagrun for example_task_group to 2023-03-20T17:03:44.989061+00:00, run_after=2023-03-21T17:03:44.989061+00:00
[2023-03-21T17:03:45.001+0000] {processor.py:175} INFO - Processing /home/airflow/.local/lib/python3.7/site-packages/airflow/example_dags/example_task_group.py took 0.066 seconds
[2023-03-21T17:04:15.973+0000] {processor.py:153} INFO - Started process (PID=1155) to work on /home/airflow/.local/lib/python3.7/site-packages/airflow/example_dags/example_task_group.py
[2023-03-21T17:04:15.974+0000] {processor.py:743} INFO - Processing file /home/airflow/.local/lib/python3.7/site-packages/airflow/example_dags/example_task_group.py for tasks to queue
[2023-03-21T17:04:15.975+0000] {logging_mixin.py:137} INFO - [2023-03-21T17:04:15.975+0000] {dagbag.py:532} INFO - Filling up the DagBag from /home/airflow/.local/lib/python3.7/site-packages/airflow/example_dags/example_task_group.py
[2023-03-21T17:04:15.987+0000] {processor.py:753} INFO - DAG(s) dict_keys(['example_task_group']) retrieved from /home/airflow/.local/lib/python3.7/site-packages/airflow/example_dags/example_task_group.py
[2023-03-21T17:04:16.008+0000] {logging_mixin.py:137} INFO - [2023-03-21T17:04:16.008+0000] {dag.py:2693} INFO - Sync 1 DAGs
[2023-03-21T17:04:16.027+0000] {logging_mixin.py:137} INFO - [2023-03-21T17:04:16.027+0000] {dag.py:3444} INFO - Setting next_dagrun for example_task_group to 2023-03-20T17:04:16.026885+00:00, run_after=2023-03-21T17:04:16.026885+00:00
[2023-03-21T17:04:16.040+0000] {processor.py:175} INFO - Processing /home/airflow/.local/lib/python3.7/site-packages/airflow/example_dags/example_task_group.py took 0.070 seconds
[2023-03-21T17:04:46.587+0000] {processor.py:153} INFO - Started process (PID=1205) to work on /home/airflow/.local/lib/python3.7/site-packages/airflow/example_dags/example_task_group.py
[2023-03-21T17:04:46.588+0000] {processor.py:743} INFO - Processing file /home/airflow/.local/lib/python3.7/site-packages/airflow/example_dags/example_task_group.py for tasks to queue
[2023-03-21T17:04:46.589+0000] {logging_mixin.py:137} INFO - [2023-03-21T17:04:46.589+0000] {dagbag.py:532} INFO - Filling up the DagBag from /home/airflow/.local/lib/python3.7/site-packages/airflow/example_dags/example_task_group.py
[2023-03-21T17:04:46.605+0000] {processor.py:753} INFO - DAG(s) dict_keys(['example_task_group']) retrieved from /home/airflow/.local/lib/python3.7/site-packages/airflow/example_dags/example_task_group.py
[2023-03-21T17:04:46.637+0000] {logging_mixin.py:137} INFO - [2023-03-21T17:04:46.636+0000] {dag.py:2693} INFO - Sync 1 DAGs
[2023-03-21T17:04:46.656+0000] {logging_mixin.py:137} INFO - [2023-03-21T17:04:46.656+0000] {dag.py:3444} INFO - Setting next_dagrun for example_task_group to 2023-03-20T17:04:46.655965+00:00, run_after=2023-03-21T17:04:46.655965+00:00
[2023-03-21T17:04:46.668+0000] {processor.py:175} INFO - Processing /home/airflow/.local/lib/python3.7/site-packages/airflow/example_dags/example_task_group.py took 0.085 seconds
[2023-03-21T17:05:17.426+0000] {processor.py:153} INFO - Started process (PID=1255) to work on /home/airflow/.local/lib/python3.7/site-packages/airflow/example_dags/example_task_group.py
[2023-03-21T17:05:17.427+0000] {processor.py:743} INFO - Processing file /home/airflow/.local/lib/python3.7/site-packages/airflow/example_dags/example_task_group.py for tasks to queue
[2023-03-21T17:05:17.428+0000] {logging_mixin.py:137} INFO - [2023-03-21T17:05:17.428+0000] {dagbag.py:532} INFO - Filling up the DagBag from /home/airflow/.local/lib/python3.7/site-packages/airflow/example_dags/example_task_group.py
[2023-03-21T17:05:17.441+0000] {processor.py:753} INFO - DAG(s) dict_keys(['example_task_group']) retrieved from /home/airflow/.local/lib/python3.7/site-packages/airflow/example_dags/example_task_group.py
[2023-03-21T17:05:17.462+0000] {logging_mixin.py:137} INFO - [2023-03-21T17:05:17.461+0000] {dag.py:2693} INFO - Sync 1 DAGs
[2023-03-21T17:05:17.478+0000] {logging_mixin.py:137} INFO - [2023-03-21T17:05:17.478+0000] {dag.py:3444} INFO - Setting next_dagrun for example_task_group to 2023-03-20T17:05:17.478240+00:00, run_after=2023-03-21T17:05:17.478240+00:00
[2023-03-21T17:05:17.490+0000] {processor.py:175} INFO - Processing /home/airflow/.local/lib/python3.7/site-packages/airflow/example_dags/example_task_group.py took 0.067 seconds
[2023-03-21T17:05:48.196+0000] {processor.py:153} INFO - Started process (PID=1304) to work on /home/airflow/.local/lib/python3.7/site-packages/airflow/example_dags/example_task_group.py
[2023-03-21T17:05:48.197+0000] {processor.py:743} INFO - Processing file /home/airflow/.local/lib/python3.7/site-packages/airflow/example_dags/example_task_group.py for tasks to queue
[2023-03-21T17:05:48.197+0000] {logging_mixin.py:137} INFO - [2023-03-21T17:05:48.197+0000] {dagbag.py:532} INFO - Filling up the DagBag from /home/airflow/.local/lib/python3.7/site-packages/airflow/example_dags/example_task_group.py
[2023-03-21T17:05:48.209+0000] {processor.py:753} INFO - DAG(s) dict_keys(['example_task_group']) retrieved from /home/airflow/.local/lib/python3.7/site-packages/airflow/example_dags/example_task_group.py
[2023-03-21T17:05:48.233+0000] {logging_mixin.py:137} INFO - [2023-03-21T17:05:48.233+0000] {dag.py:2693} INFO - Sync 1 DAGs
[2023-03-21T17:05:48.250+0000] {logging_mixin.py:137} INFO - [2023-03-21T17:05:48.250+0000] {dag.py:3444} INFO - Setting next_dagrun for example_task_group to 2023-03-20T17:05:48.250049+00:00, run_after=2023-03-21T17:05:48.250049+00:00
[2023-03-21T17:05:48.265+0000] {processor.py:175} INFO - Processing /home/airflow/.local/lib/python3.7/site-packages/airflow/example_dags/example_task_group.py took 0.073 seconds
[2023-03-21T17:06:18.939+0000] {processor.py:153} INFO - Started process (PID=1354) to work on /home/airflow/.local/lib/python3.7/site-packages/airflow/example_dags/example_task_group.py
[2023-03-21T17:06:18.940+0000] {processor.py:743} INFO - Processing file /home/airflow/.local/lib/python3.7/site-packages/airflow/example_dags/example_task_group.py for tasks to queue
[2023-03-21T17:06:18.941+0000] {logging_mixin.py:137} INFO - [2023-03-21T17:06:18.941+0000] {dagbag.py:532} INFO - Filling up the DagBag from /home/airflow/.local/lib/python3.7/site-packages/airflow/example_dags/example_task_group.py
[2023-03-21T17:06:18.952+0000] {processor.py:753} INFO - DAG(s) dict_keys(['example_task_group']) retrieved from /home/airflow/.local/lib/python3.7/site-packages/airflow/example_dags/example_task_group.py
[2023-03-21T17:06:18.973+0000] {logging_mixin.py:137} INFO - [2023-03-21T17:06:18.973+0000] {dag.py:2693} INFO - Sync 1 DAGs
[2023-03-21T17:06:18.993+0000] {logging_mixin.py:137} INFO - [2023-03-21T17:06:18.993+0000] {dag.py:3444} INFO - Setting next_dagrun for example_task_group to 2023-03-20T17:06:18.993264+00:00, run_after=2023-03-21T17:06:18.993264+00:00
[2023-03-21T17:06:19.007+0000] {processor.py:175} INFO - Processing /home/airflow/.local/lib/python3.7/site-packages/airflow/example_dags/example_task_group.py took 0.071 seconds
[2023-03-21T17:06:49.896+0000] {processor.py:153} INFO - Started process (PID=1411) to work on /home/airflow/.local/lib/python3.7/site-packages/airflow/example_dags/example_task_group.py
[2023-03-21T17:06:49.898+0000] {processor.py:743} INFO - Processing file /home/airflow/.local/lib/python3.7/site-packages/airflow/example_dags/example_task_group.py for tasks to queue
[2023-03-21T17:06:49.899+0000] {logging_mixin.py:137} INFO - [2023-03-21T17:06:49.899+0000] {dagbag.py:532} INFO - Filling up the DagBag from /home/airflow/.local/lib/python3.7/site-packages/airflow/example_dags/example_task_group.py
[2023-03-21T17:06:49.911+0000] {processor.py:753} INFO - DAG(s) dict_keys(['example_task_group']) retrieved from /home/airflow/.local/lib/python3.7/site-packages/airflow/example_dags/example_task_group.py
[2023-03-21T17:06:49.933+0000] {logging_mixin.py:137} INFO - [2023-03-21T17:06:49.933+0000] {dag.py:2693} INFO - Sync 1 DAGs
[2023-03-21T17:06:49.950+0000] {logging_mixin.py:137} INFO - [2023-03-21T17:06:49.950+0000] {dag.py:3444} INFO - Setting next_dagrun for example_task_group to 2023-03-20T17:06:49.950308+00:00, run_after=2023-03-21T17:06:49.950308+00:00
[2023-03-21T17:06:49.965+0000] {processor.py:175} INFO - Processing /home/airflow/.local/lib/python3.7/site-packages/airflow/example_dags/example_task_group.py took 0.073 seconds
[2023-03-21T17:16:17.100+0000] {processor.py:153} INFO - Started process (PID=52) to work on /home/airflow/.local/lib/python3.7/site-packages/airflow/example_dags/example_task_group.py
[2023-03-21T17:16:17.103+0000] {processor.py:743} INFO - Processing file /home/airflow/.local/lib/python3.7/site-packages/airflow/example_dags/example_task_group.py for tasks to queue
[2023-03-21T17:16:17.106+0000] {logging_mixin.py:137} INFO - [2023-03-21T17:16:17.106+0000] {dagbag.py:532} INFO - Filling up the DagBag from /home/airflow/.local/lib/python3.7/site-packages/airflow/example_dags/example_task_group.py
[2023-03-21T17:16:17.134+0000] {processor.py:753} INFO - DAG(s) dict_keys(['example_task_group']) retrieved from /home/airflow/.local/lib/python3.7/site-packages/airflow/example_dags/example_task_group.py
[2023-03-21T17:16:17.155+0000] {logging_mixin.py:137} INFO - [2023-03-21T17:16:17.155+0000] {dag.py:2693} INFO - Sync 1 DAGs
[2023-03-21T17:16:17.193+0000] {logging_mixin.py:137} INFO - [2023-03-21T17:16:17.192+0000] {dag.py:3444} INFO - Setting next_dagrun for example_task_group to 2023-03-20T17:16:17.192451+00:00, run_after=2023-03-21T17:16:17.192451+00:00
[2023-03-21T17:16:17.235+0000] {processor.py:175} INFO - Processing /home/airflow/.local/lib/python3.7/site-packages/airflow/example_dags/example_task_group.py took 0.145 seconds
[2023-03-21T17:16:48.083+0000] {processor.py:153} INFO - Started process (PID=102) to work on /home/airflow/.local/lib/python3.7/site-packages/airflow/example_dags/example_task_group.py
[2023-03-21T17:16:48.085+0000] {processor.py:743} INFO - Processing file /home/airflow/.local/lib/python3.7/site-packages/airflow/example_dags/example_task_group.py for tasks to queue
[2023-03-21T17:16:48.086+0000] {logging_mixin.py:137} INFO - [2023-03-21T17:16:48.086+0000] {dagbag.py:532} INFO - Filling up the DagBag from /home/airflow/.local/lib/python3.7/site-packages/airflow/example_dags/example_task_group.py
[2023-03-21T17:16:48.097+0000] {processor.py:753} INFO - DAG(s) dict_keys(['example_task_group']) retrieved from /home/airflow/.local/lib/python3.7/site-packages/airflow/example_dags/example_task_group.py
[2023-03-21T17:16:48.121+0000] {logging_mixin.py:137} INFO - [2023-03-21T17:16:48.121+0000] {dag.py:2693} INFO - Sync 1 DAGs
[2023-03-21T17:16:48.137+0000] {logging_mixin.py:137} INFO - [2023-03-21T17:16:48.137+0000] {dag.py:3444} INFO - Setting next_dagrun for example_task_group to 2023-03-20T17:16:48.137263+00:00, run_after=2023-03-21T17:16:48.137263+00:00
[2023-03-21T17:16:48.148+0000] {processor.py:175} INFO - Processing /home/airflow/.local/lib/python3.7/site-packages/airflow/example_dags/example_task_group.py took 0.068 seconds
[2023-03-21T17:17:22.475+0000] {processor.py:153} INFO - Started process (PID=152) to work on /home/airflow/.local/lib/python3.7/site-packages/airflow/example_dags/example_task_group.py
[2023-03-21T17:17:22.480+0000] {processor.py:743} INFO - Processing file /home/airflow/.local/lib/python3.7/site-packages/airflow/example_dags/example_task_group.py for tasks to queue
[2023-03-21T17:17:22.482+0000] {logging_mixin.py:137} INFO - [2023-03-21T17:17:22.482+0000] {dagbag.py:532} INFO - Filling up the DagBag from /home/airflow/.local/lib/python3.7/site-packages/airflow/example_dags/example_task_group.py
[2023-03-21T17:17:22.508+0000] {processor.py:753} INFO - DAG(s) dict_keys(['example_task_group']) retrieved from /home/airflow/.local/lib/python3.7/site-packages/airflow/example_dags/example_task_group.py
[2023-03-21T17:17:22.568+0000] {logging_mixin.py:137} INFO - [2023-03-21T17:17:22.567+0000] {dag.py:2693} INFO - Sync 1 DAGs
[2023-03-21T17:17:22.592+0000] {logging_mixin.py:137} INFO - [2023-03-21T17:17:22.592+0000] {dag.py:3444} INFO - Setting next_dagrun for example_task_group to 2023-03-20T17:17:22.592274+00:00, run_after=2023-03-21T17:17:22.592274+00:00
[2023-03-21T17:17:22.606+0000] {processor.py:175} INFO - Processing /home/airflow/.local/lib/python3.7/site-packages/airflow/example_dags/example_task_group.py took 0.137 seconds
[2023-03-21T17:17:53.243+0000] {processor.py:153} INFO - Started process (PID=201) to work on /home/airflow/.local/lib/python3.7/site-packages/airflow/example_dags/example_task_group.py
[2023-03-21T17:17:53.245+0000] {processor.py:743} INFO - Processing file /home/airflow/.local/lib/python3.7/site-packages/airflow/example_dags/example_task_group.py for tasks to queue
[2023-03-21T17:17:53.246+0000] {logging_mixin.py:137} INFO - [2023-03-21T17:17:53.245+0000] {dagbag.py:532} INFO - Filling up the DagBag from /home/airflow/.local/lib/python3.7/site-packages/airflow/example_dags/example_task_group.py
[2023-03-21T17:17:53.257+0000] {processor.py:753} INFO - DAG(s) dict_keys(['example_task_group']) retrieved from /home/airflow/.local/lib/python3.7/site-packages/airflow/example_dags/example_task_group.py
[2023-03-21T17:17:53.277+0000] {logging_mixin.py:137} INFO - [2023-03-21T17:17:53.277+0000] {dag.py:2693} INFO - Sync 1 DAGs
[2023-03-21T17:17:53.293+0000] {logging_mixin.py:137} INFO - [2023-03-21T17:17:53.293+0000] {dag.py:3444} INFO - Setting next_dagrun for example_task_group to 2023-03-20T17:17:53.293654+00:00, run_after=2023-03-21T17:17:53.293654+00:00
[2023-03-21T17:17:53.304+0000] {processor.py:175} INFO - Processing /home/airflow/.local/lib/python3.7/site-packages/airflow/example_dags/example_task_group.py took 0.064 seconds
