[2023-03-21T15:25:53.940+0000] {processor.py:153} INFO - Started process (PID=53) to work on /home/airflow/.local/lib/python3.7/site-packages/airflow/example_dags/example_sla_dag.py
[2023-03-21T15:25:53.942+0000] {processor.py:743} INFO - Processing file /home/airflow/.local/lib/python3.7/site-packages/airflow/example_dags/example_sla_dag.py for tasks to queue
[2023-03-21T15:25:53.943+0000] {logging_mixin.py:137} INFO - [2023-03-21T15:25:53.943+0000] {dagbag.py:532} INFO - Filling up the DagBag from /home/airflow/.local/lib/python3.7/site-packages/airflow/example_dags/example_sla_dag.py
[2023-03-21T15:25:53.972+0000] {processor.py:753} INFO - DAG(s) dict_keys(['example_sla_dag']) retrieved from /home/airflow/.local/lib/python3.7/site-packages/airflow/example_dags/example_sla_dag.py
[2023-03-21T15:25:53.991+0000] {logging_mixin.py:137} INFO - [2023-03-21T15:25:53.991+0000] {dag.py:2693} INFO - Sync 1 DAGs
[2023-03-21T15:25:54.030+0000] {logging_mixin.py:137} INFO - [2023-03-21T15:25:54.030+0000] {dag.py:3444} INFO - Setting next_dagrun for example_sla_dag to 2023-03-21T15:22:00+00:00, run_after=2023-03-21T15:24:00+00:00
[2023-03-21T15:25:54.051+0000] {processor.py:175} INFO - Processing /home/airflow/.local/lib/python3.7/site-packages/airflow/example_dags/example_sla_dag.py took 0.114 seconds
[2023-03-21T15:26:25.055+0000] {processor.py:153} INFO - Started process (PID=102) to work on /home/airflow/.local/lib/python3.7/site-packages/airflow/example_dags/example_sla_dag.py
[2023-03-21T15:26:25.058+0000] {processor.py:743} INFO - Processing file /home/airflow/.local/lib/python3.7/site-packages/airflow/example_dags/example_sla_dag.py for tasks to queue
[2023-03-21T15:26:25.059+0000] {logging_mixin.py:137} INFO - [2023-03-21T15:26:25.059+0000] {dagbag.py:532} INFO - Filling up the DagBag from /home/airflow/.local/lib/python3.7/site-packages/airflow/example_dags/example_sla_dag.py
[2023-03-21T15:26:25.086+0000] {processor.py:753} INFO - DAG(s) dict_keys(['example_sla_dag']) retrieved from /home/airflow/.local/lib/python3.7/site-packages/airflow/example_dags/example_sla_dag.py
[2023-03-21T15:26:25.109+0000] {logging_mixin.py:137} INFO - [2023-03-21T15:26:25.109+0000] {dag.py:2693} INFO - Sync 1 DAGs
[2023-03-21T15:26:25.134+0000] {logging_mixin.py:137} INFO - [2023-03-21T15:26:25.134+0000] {dag.py:3444} INFO - Setting next_dagrun for example_sla_dag to 2023-03-21T15:24:00+00:00, run_after=2023-03-21T15:26:00+00:00
[2023-03-21T15:26:25.149+0000] {processor.py:175} INFO - Processing /home/airflow/.local/lib/python3.7/site-packages/airflow/example_dags/example_sla_dag.py took 0.103 seconds
[2023-03-21T15:26:55.544+0000] {processor.py:153} INFO - Started process (PID=151) to work on /home/airflow/.local/lib/python3.7/site-packages/airflow/example_dags/example_sla_dag.py
[2023-03-21T15:26:55.547+0000] {processor.py:743} INFO - Processing file /home/airflow/.local/lib/python3.7/site-packages/airflow/example_dags/example_sla_dag.py for tasks to queue
[2023-03-21T15:26:55.548+0000] {logging_mixin.py:137} INFO - [2023-03-21T15:26:55.548+0000] {dagbag.py:532} INFO - Filling up the DagBag from /home/airflow/.local/lib/python3.7/site-packages/airflow/example_dags/example_sla_dag.py
[2023-03-21T15:26:55.572+0000] {processor.py:753} INFO - DAG(s) dict_keys(['example_sla_dag']) retrieved from /home/airflow/.local/lib/python3.7/site-packages/airflow/example_dags/example_sla_dag.py
[2023-03-21T15:26:55.595+0000] {logging_mixin.py:137} INFO - [2023-03-21T15:26:55.595+0000] {dag.py:2693} INFO - Sync 1 DAGs
[2023-03-21T15:26:55.613+0000] {logging_mixin.py:137} INFO - [2023-03-21T15:26:55.613+0000] {dag.py:3444} INFO - Setting next_dagrun for example_sla_dag to 2023-03-21T15:24:00+00:00, run_after=2023-03-21T15:26:00+00:00
[2023-03-21T15:26:55.624+0000] {processor.py:175} INFO - Processing /home/airflow/.local/lib/python3.7/site-packages/airflow/example_dags/example_sla_dag.py took 0.086 seconds
[2023-03-21T15:27:26.427+0000] {processor.py:153} INFO - Started process (PID=200) to work on /home/airflow/.local/lib/python3.7/site-packages/airflow/example_dags/example_sla_dag.py
[2023-03-21T15:27:26.431+0000] {processor.py:743} INFO - Processing file /home/airflow/.local/lib/python3.7/site-packages/airflow/example_dags/example_sla_dag.py for tasks to queue
[2023-03-21T15:27:26.432+0000] {logging_mixin.py:137} INFO - [2023-03-21T15:27:26.432+0000] {dagbag.py:532} INFO - Filling up the DagBag from /home/airflow/.local/lib/python3.7/site-packages/airflow/example_dags/example_sla_dag.py
[2023-03-21T15:27:26.458+0000] {processor.py:753} INFO - DAG(s) dict_keys(['example_sla_dag']) retrieved from /home/airflow/.local/lib/python3.7/site-packages/airflow/example_dags/example_sla_dag.py
[2023-03-21T15:27:26.481+0000] {logging_mixin.py:137} INFO - [2023-03-21T15:27:26.480+0000] {dag.py:2693} INFO - Sync 1 DAGs
[2023-03-21T15:27:26.498+0000] {logging_mixin.py:137} INFO - [2023-03-21T15:27:26.498+0000] {dag.py:3444} INFO - Setting next_dagrun for example_sla_dag to 2023-03-21T15:24:00+00:00, run_after=2023-03-21T15:26:00+00:00
[2023-03-21T15:27:26.508+0000] {processor.py:175} INFO - Processing /home/airflow/.local/lib/python3.7/site-packages/airflow/example_dags/example_sla_dag.py took 0.088 seconds
[2023-03-21T15:27:56.786+0000] {processor.py:153} INFO - Started process (PID=249) to work on /home/airflow/.local/lib/python3.7/site-packages/airflow/example_dags/example_sla_dag.py
[2023-03-21T15:27:56.788+0000] {processor.py:743} INFO - Processing file /home/airflow/.local/lib/python3.7/site-packages/airflow/example_dags/example_sla_dag.py for tasks to queue
[2023-03-21T15:27:56.790+0000] {logging_mixin.py:137} INFO - [2023-03-21T15:27:56.789+0000] {dagbag.py:532} INFO - Filling up the DagBag from /home/airflow/.local/lib/python3.7/site-packages/airflow/example_dags/example_sla_dag.py
[2023-03-21T15:27:56.814+0000] {processor.py:753} INFO - DAG(s) dict_keys(['example_sla_dag']) retrieved from /home/airflow/.local/lib/python3.7/site-packages/airflow/example_dags/example_sla_dag.py
[2023-03-21T15:27:56.837+0000] {logging_mixin.py:137} INFO - [2023-03-21T15:27:56.837+0000] {dag.py:2693} INFO - Sync 1 DAGs
[2023-03-21T15:27:56.855+0000] {logging_mixin.py:137} INFO - [2023-03-21T15:27:56.855+0000] {dag.py:3444} INFO - Setting next_dagrun for example_sla_dag to 2023-03-21T15:24:00+00:00, run_after=2023-03-21T15:26:00+00:00
[2023-03-21T15:27:56.867+0000] {processor.py:175} INFO - Processing /home/airflow/.local/lib/python3.7/site-packages/airflow/example_dags/example_sla_dag.py took 0.089 seconds
[2023-03-21T15:28:27.220+0000] {processor.py:153} INFO - Started process (PID=298) to work on /home/airflow/.local/lib/python3.7/site-packages/airflow/example_dags/example_sla_dag.py
[2023-03-21T15:28:27.223+0000] {processor.py:743} INFO - Processing file /home/airflow/.local/lib/python3.7/site-packages/airflow/example_dags/example_sla_dag.py for tasks to queue
[2023-03-21T15:28:27.225+0000] {logging_mixin.py:137} INFO - [2023-03-21T15:28:27.225+0000] {dagbag.py:532} INFO - Filling up the DagBag from /home/airflow/.local/lib/python3.7/site-packages/airflow/example_dags/example_sla_dag.py
[2023-03-21T15:28:27.250+0000] {processor.py:753} INFO - DAG(s) dict_keys(['example_sla_dag']) retrieved from /home/airflow/.local/lib/python3.7/site-packages/airflow/example_dags/example_sla_dag.py
[2023-03-21T15:28:27.274+0000] {logging_mixin.py:137} INFO - [2023-03-21T15:28:27.274+0000] {dag.py:2693} INFO - Sync 1 DAGs
[2023-03-21T15:28:27.291+0000] {logging_mixin.py:137} INFO - [2023-03-21T15:28:27.291+0000] {dag.py:3444} INFO - Setting next_dagrun for example_sla_dag to 2023-03-21T15:26:00+00:00, run_after=2023-03-21T15:28:00+00:00
[2023-03-21T15:28:27.302+0000] {processor.py:175} INFO - Processing /home/airflow/.local/lib/python3.7/site-packages/airflow/example_dags/example_sla_dag.py took 0.088 seconds
[2023-03-21T15:28:57.488+0000] {processor.py:153} INFO - Started process (PID=347) to work on /home/airflow/.local/lib/python3.7/site-packages/airflow/example_dags/example_sla_dag.py
[2023-03-21T15:28:57.491+0000] {processor.py:743} INFO - Processing file /home/airflow/.local/lib/python3.7/site-packages/airflow/example_dags/example_sla_dag.py for tasks to queue
[2023-03-21T15:28:57.494+0000] {logging_mixin.py:137} INFO - [2023-03-21T15:28:57.494+0000] {dagbag.py:532} INFO - Filling up the DagBag from /home/airflow/.local/lib/python3.7/site-packages/airflow/example_dags/example_sla_dag.py
[2023-03-21T15:28:57.521+0000] {processor.py:753} INFO - DAG(s) dict_keys(['example_sla_dag']) retrieved from /home/airflow/.local/lib/python3.7/site-packages/airflow/example_dags/example_sla_dag.py
[2023-03-21T15:28:57.545+0000] {logging_mixin.py:137} INFO - [2023-03-21T15:28:57.544+0000] {dag.py:2693} INFO - Sync 1 DAGs
[2023-03-21T15:28:57.562+0000] {logging_mixin.py:137} INFO - [2023-03-21T15:28:57.562+0000] {dag.py:3444} INFO - Setting next_dagrun for example_sla_dag to 2023-03-21T15:26:00+00:00, run_after=2023-03-21T15:28:00+00:00
[2023-03-21T15:28:57.573+0000] {processor.py:175} INFO - Processing /home/airflow/.local/lib/python3.7/site-packages/airflow/example_dags/example_sla_dag.py took 0.092 seconds
[2023-03-21T15:29:27.841+0000] {processor.py:153} INFO - Started process (PID=396) to work on /home/airflow/.local/lib/python3.7/site-packages/airflow/example_dags/example_sla_dag.py
[2023-03-21T15:29:27.844+0000] {processor.py:743} INFO - Processing file /home/airflow/.local/lib/python3.7/site-packages/airflow/example_dags/example_sla_dag.py for tasks to queue
[2023-03-21T15:29:27.846+0000] {logging_mixin.py:137} INFO - [2023-03-21T15:29:27.845+0000] {dagbag.py:532} INFO - Filling up the DagBag from /home/airflow/.local/lib/python3.7/site-packages/airflow/example_dags/example_sla_dag.py
[2023-03-21T15:29:27.876+0000] {processor.py:753} INFO - DAG(s) dict_keys(['example_sla_dag']) retrieved from /home/airflow/.local/lib/python3.7/site-packages/airflow/example_dags/example_sla_dag.py
[2023-03-21T15:29:27.905+0000] {logging_mixin.py:137} INFO - [2023-03-21T15:29:27.905+0000] {dag.py:2693} INFO - Sync 1 DAGs
[2023-03-21T15:29:27.922+0000] {logging_mixin.py:137} INFO - [2023-03-21T15:29:27.922+0000] {dag.py:3444} INFO - Setting next_dagrun for example_sla_dag to 2023-03-21T15:26:00+00:00, run_after=2023-03-21T15:28:00+00:00
[2023-03-21T15:29:27.935+0000] {processor.py:175} INFO - Processing /home/airflow/.local/lib/python3.7/site-packages/airflow/example_dags/example_sla_dag.py took 0.102 seconds
[2023-03-21T15:29:58.218+0000] {processor.py:153} INFO - Started process (PID=445) to work on /home/airflow/.local/lib/python3.7/site-packages/airflow/example_dags/example_sla_dag.py
[2023-03-21T15:29:58.220+0000] {processor.py:743} INFO - Processing file /home/airflow/.local/lib/python3.7/site-packages/airflow/example_dags/example_sla_dag.py for tasks to queue
[2023-03-21T15:29:58.222+0000] {logging_mixin.py:137} INFO - [2023-03-21T15:29:58.222+0000] {dagbag.py:532} INFO - Filling up the DagBag from /home/airflow/.local/lib/python3.7/site-packages/airflow/example_dags/example_sla_dag.py
[2023-03-21T15:29:58.246+0000] {processor.py:753} INFO - DAG(s) dict_keys(['example_sla_dag']) retrieved from /home/airflow/.local/lib/python3.7/site-packages/airflow/example_dags/example_sla_dag.py
[2023-03-21T15:29:58.269+0000] {logging_mixin.py:137} INFO - [2023-03-21T15:29:58.269+0000] {dag.py:2693} INFO - Sync 1 DAGs
[2023-03-21T15:29:58.287+0000] {logging_mixin.py:137} INFO - [2023-03-21T15:29:58.287+0000] {dag.py:3444} INFO - Setting next_dagrun for example_sla_dag to 2023-03-21T15:26:00+00:00, run_after=2023-03-21T15:28:00+00:00
[2023-03-21T15:29:58.298+0000] {processor.py:175} INFO - Processing /home/airflow/.local/lib/python3.7/site-packages/airflow/example_dags/example_sla_dag.py took 0.087 seconds
[2023-03-21T15:30:28.702+0000] {processor.py:153} INFO - Started process (PID=494) to work on /home/airflow/.local/lib/python3.7/site-packages/airflow/example_dags/example_sla_dag.py
[2023-03-21T15:30:28.704+0000] {processor.py:743} INFO - Processing file /home/airflow/.local/lib/python3.7/site-packages/airflow/example_dags/example_sla_dag.py for tasks to queue
[2023-03-21T15:30:28.704+0000] {logging_mixin.py:137} INFO - [2023-03-21T15:30:28.704+0000] {dagbag.py:532} INFO - Filling up the DagBag from /home/airflow/.local/lib/python3.7/site-packages/airflow/example_dags/example_sla_dag.py
[2023-03-21T15:30:28.721+0000] {processor.py:753} INFO - DAG(s) dict_keys(['example_sla_dag']) retrieved from /home/airflow/.local/lib/python3.7/site-packages/airflow/example_dags/example_sla_dag.py
[2023-03-21T15:30:28.741+0000] {logging_mixin.py:137} INFO - [2023-03-21T15:30:28.741+0000] {dag.py:2693} INFO - Sync 1 DAGs
[2023-03-21T15:30:28.760+0000] {logging_mixin.py:137} INFO - [2023-03-21T15:30:28.760+0000] {dag.py:3444} INFO - Setting next_dagrun for example_sla_dag to 2023-03-21T15:28:00+00:00, run_after=2023-03-21T15:30:00+00:00
[2023-03-21T15:30:28.781+0000] {processor.py:175} INFO - Processing /home/airflow/.local/lib/python3.7/site-packages/airflow/example_dags/example_sla_dag.py took 0.082 seconds
[2023-03-21T15:30:59.190+0000] {processor.py:153} INFO - Started process (PID=543) to work on /home/airflow/.local/lib/python3.7/site-packages/airflow/example_dags/example_sla_dag.py
[2023-03-21T15:30:59.191+0000] {processor.py:743} INFO - Processing file /home/airflow/.local/lib/python3.7/site-packages/airflow/example_dags/example_sla_dag.py for tasks to queue
[2023-03-21T15:30:59.192+0000] {logging_mixin.py:137} INFO - [2023-03-21T15:30:59.192+0000] {dagbag.py:532} INFO - Filling up the DagBag from /home/airflow/.local/lib/python3.7/site-packages/airflow/example_dags/example_sla_dag.py
[2023-03-21T15:30:59.208+0000] {processor.py:753} INFO - DAG(s) dict_keys(['example_sla_dag']) retrieved from /home/airflow/.local/lib/python3.7/site-packages/airflow/example_dags/example_sla_dag.py
[2023-03-21T15:30:59.228+0000] {logging_mixin.py:137} INFO - [2023-03-21T15:30:59.228+0000] {dag.py:2693} INFO - Sync 1 DAGs
[2023-03-21T15:30:59.246+0000] {logging_mixin.py:137} INFO - [2023-03-21T15:30:59.246+0000] {dag.py:3444} INFO - Setting next_dagrun for example_sla_dag to 2023-03-21T15:28:00+00:00, run_after=2023-03-21T15:30:00+00:00
[2023-03-21T15:30:59.258+0000] {processor.py:175} INFO - Processing /home/airflow/.local/lib/python3.7/site-packages/airflow/example_dags/example_sla_dag.py took 0.071 seconds
[2023-03-21T15:31:29.589+0000] {processor.py:153} INFO - Started process (PID=591) to work on /home/airflow/.local/lib/python3.7/site-packages/airflow/example_dags/example_sla_dag.py
[2023-03-21T15:31:29.592+0000] {processor.py:743} INFO - Processing file /home/airflow/.local/lib/python3.7/site-packages/airflow/example_dags/example_sla_dag.py for tasks to queue
[2023-03-21T15:31:29.593+0000] {logging_mixin.py:137} INFO - [2023-03-21T15:31:29.593+0000] {dagbag.py:532} INFO - Filling up the DagBag from /home/airflow/.local/lib/python3.7/site-packages/airflow/example_dags/example_sla_dag.py
[2023-03-21T15:31:29.621+0000] {processor.py:753} INFO - DAG(s) dict_keys(['example_sla_dag']) retrieved from /home/airflow/.local/lib/python3.7/site-packages/airflow/example_dags/example_sla_dag.py
[2023-03-21T15:31:29.645+0000] {logging_mixin.py:137} INFO - [2023-03-21T15:31:29.645+0000] {dag.py:2693} INFO - Sync 1 DAGs
[2023-03-21T15:31:29.663+0000] {logging_mixin.py:137} INFO - [2023-03-21T15:31:29.663+0000] {dag.py:3444} INFO - Setting next_dagrun for example_sla_dag to 2023-03-21T15:28:00+00:00, run_after=2023-03-21T15:30:00+00:00
[2023-03-21T15:31:29.673+0000] {processor.py:175} INFO - Processing /home/airflow/.local/lib/python3.7/site-packages/airflow/example_dags/example_sla_dag.py took 0.092 seconds
[2023-03-21T15:32:00.040+0000] {processor.py:153} INFO - Started process (PID=640) to work on /home/airflow/.local/lib/python3.7/site-packages/airflow/example_dags/example_sla_dag.py
[2023-03-21T15:32:00.042+0000] {processor.py:743} INFO - Processing file /home/airflow/.local/lib/python3.7/site-packages/airflow/example_dags/example_sla_dag.py for tasks to queue
[2023-03-21T15:32:00.043+0000] {logging_mixin.py:137} INFO - [2023-03-21T15:32:00.043+0000] {dagbag.py:532} INFO - Filling up the DagBag from /home/airflow/.local/lib/python3.7/site-packages/airflow/example_dags/example_sla_dag.py
[2023-03-21T15:32:00.069+0000] {processor.py:753} INFO - DAG(s) dict_keys(['example_sla_dag']) retrieved from /home/airflow/.local/lib/python3.7/site-packages/airflow/example_dags/example_sla_dag.py
[2023-03-21T15:32:00.092+0000] {logging_mixin.py:137} INFO - [2023-03-21T15:32:00.092+0000] {dag.py:2693} INFO - Sync 1 DAGs
[2023-03-21T15:32:00.110+0000] {logging_mixin.py:137} INFO - [2023-03-21T15:32:00.110+0000] {dag.py:3444} INFO - Setting next_dagrun for example_sla_dag to 2023-03-21T15:30:00+00:00, run_after=2023-03-21T15:32:00+00:00
[2023-03-21T15:32:00.122+0000] {processor.py:175} INFO - Processing /home/airflow/.local/lib/python3.7/site-packages/airflow/example_dags/example_sla_dag.py took 0.088 seconds
[2023-03-21T16:52:55.847+0000] {processor.py:153} INFO - Started process (PID=54) to work on /home/airflow/.local/lib/python3.7/site-packages/airflow/example_dags/example_sla_dag.py
[2023-03-21T16:52:55.849+0000] {processor.py:743} INFO - Processing file /home/airflow/.local/lib/python3.7/site-packages/airflow/example_dags/example_sla_dag.py for tasks to queue
[2023-03-21T16:52:55.850+0000] {logging_mixin.py:137} INFO - [2023-03-21T16:52:55.850+0000] {dagbag.py:532} INFO - Filling up the DagBag from /home/airflow/.local/lib/python3.7/site-packages/airflow/example_dags/example_sla_dag.py
[2023-03-21T16:52:55.893+0000] {processor.py:753} INFO - DAG(s) dict_keys(['example_sla_dag']) retrieved from /home/airflow/.local/lib/python3.7/site-packages/airflow/example_dags/example_sla_dag.py
[2023-03-21T16:52:55.909+0000] {logging_mixin.py:137} INFO - [2023-03-21T16:52:55.909+0000] {dag.py:2693} INFO - Sync 1 DAGs
[2023-03-21T16:52:55.953+0000] {logging_mixin.py:137} INFO - [2023-03-21T16:52:55.952+0000] {dag.py:3444} INFO - Setting next_dagrun for example_sla_dag to 2023-03-21T16:50:00+00:00, run_after=2023-03-21T16:52:00+00:00
[2023-03-21T16:52:55.974+0000] {processor.py:175} INFO - Processing /home/airflow/.local/lib/python3.7/site-packages/airflow/example_dags/example_sla_dag.py took 0.132 seconds
[2023-03-21T16:53:26.828+0000] {processor.py:153} INFO - Started process (PID=103) to work on /home/airflow/.local/lib/python3.7/site-packages/airflow/example_dags/example_sla_dag.py
[2023-03-21T16:53:26.829+0000] {processor.py:743} INFO - Processing file /home/airflow/.local/lib/python3.7/site-packages/airflow/example_dags/example_sla_dag.py for tasks to queue
[2023-03-21T16:53:26.829+0000] {logging_mixin.py:137} INFO - [2023-03-21T16:53:26.829+0000] {dagbag.py:532} INFO - Filling up the DagBag from /home/airflow/.local/lib/python3.7/site-packages/airflow/example_dags/example_sla_dag.py
[2023-03-21T16:53:26.846+0000] {processor.py:753} INFO - DAG(s) dict_keys(['example_sla_dag']) retrieved from /home/airflow/.local/lib/python3.7/site-packages/airflow/example_dags/example_sla_dag.py
[2023-03-21T16:53:26.866+0000] {logging_mixin.py:137} INFO - [2023-03-21T16:53:26.866+0000] {dag.py:2693} INFO - Sync 1 DAGs
[2023-03-21T16:53:26.885+0000] {logging_mixin.py:137} INFO - [2023-03-21T16:53:26.885+0000] {dag.py:3444} INFO - Setting next_dagrun for example_sla_dag to 2023-03-21T16:50:00+00:00, run_after=2023-03-21T16:52:00+00:00
[2023-03-21T16:53:26.899+0000] {processor.py:175} INFO - Processing /home/airflow/.local/lib/python3.7/site-packages/airflow/example_dags/example_sla_dag.py took 0.074 seconds
[2023-03-21T16:53:58.761+0000] {processor.py:153} INFO - Started process (PID=157) to work on /home/airflow/.local/lib/python3.7/site-packages/airflow/example_dags/example_sla_dag.py
[2023-03-21T16:53:58.763+0000] {processor.py:743} INFO - Processing file /home/airflow/.local/lib/python3.7/site-packages/airflow/example_dags/example_sla_dag.py for tasks to queue
[2023-03-21T16:53:58.773+0000] {logging_mixin.py:137} INFO - [2023-03-21T16:53:58.773+0000] {dagbag.py:532} INFO - Filling up the DagBag from /home/airflow/.local/lib/python3.7/site-packages/airflow/example_dags/example_sla_dag.py
[2023-03-21T16:53:58.792+0000] {processor.py:753} INFO - DAG(s) dict_keys(['example_sla_dag']) retrieved from /home/airflow/.local/lib/python3.7/site-packages/airflow/example_dags/example_sla_dag.py
[2023-03-21T16:53:58.823+0000] {logging_mixin.py:137} INFO - [2023-03-21T16:53:58.823+0000] {dag.py:2693} INFO - Sync 1 DAGs
[2023-03-21T16:53:58.846+0000] {logging_mixin.py:137} INFO - [2023-03-21T16:53:58.846+0000] {dag.py:3444} INFO - Setting next_dagrun for example_sla_dag to 2023-03-21T16:50:00+00:00, run_after=2023-03-21T16:52:00+00:00
[2023-03-21T16:53:58.865+0000] {processor.py:175} INFO - Processing /home/airflow/.local/lib/python3.7/site-packages/airflow/example_dags/example_sla_dag.py took 0.109 seconds
[2023-03-21T16:54:32.752+0000] {processor.py:153} INFO - Started process (PID=207) to work on /home/airflow/.local/lib/python3.7/site-packages/airflow/example_dags/example_sla_dag.py
[2023-03-21T16:54:32.757+0000] {processor.py:743} INFO - Processing file /home/airflow/.local/lib/python3.7/site-packages/airflow/example_dags/example_sla_dag.py for tasks to queue
[2023-03-21T16:54:32.759+0000] {logging_mixin.py:137} INFO - [2023-03-21T16:54:32.759+0000] {dagbag.py:532} INFO - Filling up the DagBag from /home/airflow/.local/lib/python3.7/site-packages/airflow/example_dags/example_sla_dag.py
[2023-03-21T16:54:32.836+0000] {processor.py:753} INFO - DAG(s) dict_keys(['example_sla_dag']) retrieved from /home/airflow/.local/lib/python3.7/site-packages/airflow/example_dags/example_sla_dag.py
[2023-03-21T16:54:32.910+0000] {logging_mixin.py:137} INFO - [2023-03-21T16:54:32.910+0000] {dag.py:2693} INFO - Sync 1 DAGs
[2023-03-21T16:54:32.962+0000] {logging_mixin.py:137} INFO - [2023-03-21T16:54:32.962+0000] {dag.py:3444} INFO - Setting next_dagrun for example_sla_dag to 2023-03-21T16:52:00+00:00, run_after=2023-03-21T16:54:00+00:00
[2023-03-21T16:54:32.991+0000] {processor.py:175} INFO - Processing /home/airflow/.local/lib/python3.7/site-packages/airflow/example_dags/example_sla_dag.py took 0.264 seconds
[2023-03-21T16:55:03.812+0000] {processor.py:153} INFO - Started process (PID=256) to work on /home/airflow/.local/lib/python3.7/site-packages/airflow/example_dags/example_sla_dag.py
[2023-03-21T16:55:03.814+0000] {processor.py:743} INFO - Processing file /home/airflow/.local/lib/python3.7/site-packages/airflow/example_dags/example_sla_dag.py for tasks to queue
[2023-03-21T16:55:03.815+0000] {logging_mixin.py:137} INFO - [2023-03-21T16:55:03.815+0000] {dagbag.py:532} INFO - Filling up the DagBag from /home/airflow/.local/lib/python3.7/site-packages/airflow/example_dags/example_sla_dag.py
[2023-03-21T16:55:03.842+0000] {processor.py:753} INFO - DAG(s) dict_keys(['example_sla_dag']) retrieved from /home/airflow/.local/lib/python3.7/site-packages/airflow/example_dags/example_sla_dag.py
[2023-03-21T16:55:03.869+0000] {logging_mixin.py:137} INFO - [2023-03-21T16:55:03.869+0000] {dag.py:2693} INFO - Sync 1 DAGs
[2023-03-21T16:55:03.898+0000] {logging_mixin.py:137} INFO - [2023-03-21T16:55:03.898+0000] {dag.py:3444} INFO - Setting next_dagrun for example_sla_dag to 2023-03-21T16:52:00+00:00, run_after=2023-03-21T16:54:00+00:00
[2023-03-21T16:55:03.926+0000] {processor.py:175} INFO - Processing /home/airflow/.local/lib/python3.7/site-packages/airflow/example_dags/example_sla_dag.py took 0.120 seconds
[2023-03-21T16:55:34.950+0000] {processor.py:153} INFO - Started process (PID=306) to work on /home/airflow/.local/lib/python3.7/site-packages/airflow/example_dags/example_sla_dag.py
[2023-03-21T16:55:34.953+0000] {processor.py:743} INFO - Processing file /home/airflow/.local/lib/python3.7/site-packages/airflow/example_dags/example_sla_dag.py for tasks to queue
[2023-03-21T16:55:34.954+0000] {logging_mixin.py:137} INFO - [2023-03-21T16:55:34.954+0000] {dagbag.py:532} INFO - Filling up the DagBag from /home/airflow/.local/lib/python3.7/site-packages/airflow/example_dags/example_sla_dag.py
[2023-03-21T16:55:34.983+0000] {processor.py:753} INFO - DAG(s) dict_keys(['example_sla_dag']) retrieved from /home/airflow/.local/lib/python3.7/site-packages/airflow/example_dags/example_sla_dag.py
[2023-03-21T16:55:35.014+0000] {logging_mixin.py:137} INFO - [2023-03-21T16:55:35.014+0000] {dag.py:2693} INFO - Sync 1 DAGs
[2023-03-21T16:55:35.039+0000] {logging_mixin.py:137} INFO - [2023-03-21T16:55:35.039+0000] {dag.py:3444} INFO - Setting next_dagrun for example_sla_dag to 2023-03-21T16:52:00+00:00, run_after=2023-03-21T16:54:00+00:00
[2023-03-21T16:55:35.052+0000] {processor.py:175} INFO - Processing /home/airflow/.local/lib/python3.7/site-packages/airflow/example_dags/example_sla_dag.py took 0.110 seconds
[2023-03-21T16:56:05.944+0000] {processor.py:153} INFO - Started process (PID=356) to work on /home/airflow/.local/lib/python3.7/site-packages/airflow/example_dags/example_sla_dag.py
[2023-03-21T16:56:05.946+0000] {processor.py:743} INFO - Processing file /home/airflow/.local/lib/python3.7/site-packages/airflow/example_dags/example_sla_dag.py for tasks to queue
[2023-03-21T16:56:05.948+0000] {logging_mixin.py:137} INFO - [2023-03-21T16:56:05.947+0000] {dagbag.py:532} INFO - Filling up the DagBag from /home/airflow/.local/lib/python3.7/site-packages/airflow/example_dags/example_sla_dag.py
[2023-03-21T16:56:05.975+0000] {processor.py:753} INFO - DAG(s) dict_keys(['example_sla_dag']) retrieved from /home/airflow/.local/lib/python3.7/site-packages/airflow/example_dags/example_sla_dag.py
[2023-03-21T16:56:06.003+0000] {logging_mixin.py:137} INFO - [2023-03-21T16:56:06.003+0000] {dag.py:2693} INFO - Sync 1 DAGs
[2023-03-21T16:56:06.032+0000] {logging_mixin.py:137} INFO - [2023-03-21T16:56:06.031+0000] {dag.py:3444} INFO - Setting next_dagrun for example_sla_dag to 2023-03-21T16:54:00+00:00, run_after=2023-03-21T16:56:00+00:00
[2023-03-21T16:56:06.048+0000] {processor.py:175} INFO - Processing /home/airflow/.local/lib/python3.7/site-packages/airflow/example_dags/example_sla_dag.py took 0.109 seconds
[2023-03-21T16:56:36.828+0000] {processor.py:153} INFO - Started process (PID=407) to work on /home/airflow/.local/lib/python3.7/site-packages/airflow/example_dags/example_sla_dag.py
[2023-03-21T16:56:36.834+0000] {processor.py:743} INFO - Processing file /home/airflow/.local/lib/python3.7/site-packages/airflow/example_dags/example_sla_dag.py for tasks to queue
[2023-03-21T16:56:36.836+0000] {logging_mixin.py:137} INFO - [2023-03-21T16:56:36.836+0000] {dagbag.py:532} INFO - Filling up the DagBag from /home/airflow/.local/lib/python3.7/site-packages/airflow/example_dags/example_sla_dag.py
[2023-03-21T16:56:36.869+0000] {processor.py:753} INFO - DAG(s) dict_keys(['example_sla_dag']) retrieved from /home/airflow/.local/lib/python3.7/site-packages/airflow/example_dags/example_sla_dag.py
[2023-03-21T16:56:36.919+0000] {logging_mixin.py:137} INFO - [2023-03-21T16:56:36.918+0000] {dag.py:2693} INFO - Sync 1 DAGs
[2023-03-21T16:56:36.961+0000] {logging_mixin.py:137} INFO - [2023-03-21T16:56:36.961+0000] {dag.py:3444} INFO - Setting next_dagrun for example_sla_dag to 2023-03-21T16:54:00+00:00, run_after=2023-03-21T16:56:00+00:00
[2023-03-21T16:56:37.040+0000] {processor.py:175} INFO - Processing /home/airflow/.local/lib/python3.7/site-packages/airflow/example_dags/example_sla_dag.py took 0.228 seconds
[2023-03-21T16:57:07.284+0000] {processor.py:153} INFO - Started process (PID=458) to work on /home/airflow/.local/lib/python3.7/site-packages/airflow/example_dags/example_sla_dag.py
[2023-03-21T16:57:07.288+0000] {processor.py:743} INFO - Processing file /home/airflow/.local/lib/python3.7/site-packages/airflow/example_dags/example_sla_dag.py for tasks to queue
[2023-03-21T16:57:07.289+0000] {logging_mixin.py:137} INFO - [2023-03-21T16:57:07.289+0000] {dagbag.py:532} INFO - Filling up the DagBag from /home/airflow/.local/lib/python3.7/site-packages/airflow/example_dags/example_sla_dag.py
[2023-03-21T16:57:07.308+0000] {processor.py:753} INFO - DAG(s) dict_keys(['example_sla_dag']) retrieved from /home/airflow/.local/lib/python3.7/site-packages/airflow/example_dags/example_sla_dag.py
[2023-03-21T16:57:07.334+0000] {logging_mixin.py:137} INFO - [2023-03-21T16:57:07.334+0000] {dag.py:2693} INFO - Sync 1 DAGs
[2023-03-21T16:57:07.360+0000] {logging_mixin.py:137} INFO - [2023-03-21T16:57:07.360+0000] {dag.py:3444} INFO - Setting next_dagrun for example_sla_dag to 2023-03-21T16:54:00+00:00, run_after=2023-03-21T16:56:00+00:00
[2023-03-21T16:57:07.375+0000] {processor.py:175} INFO - Processing /home/airflow/.local/lib/python3.7/site-packages/airflow/example_dags/example_sla_dag.py took 0.095 seconds
[2023-03-21T16:57:37.494+0000] {processor.py:153} INFO - Started process (PID=508) to work on /home/airflow/.local/lib/python3.7/site-packages/airflow/example_dags/example_sla_dag.py
[2023-03-21T16:57:37.496+0000] {processor.py:743} INFO - Processing file /home/airflow/.local/lib/python3.7/site-packages/airflow/example_dags/example_sla_dag.py for tasks to queue
[2023-03-21T16:57:37.497+0000] {logging_mixin.py:137} INFO - [2023-03-21T16:57:37.497+0000] {dagbag.py:532} INFO - Filling up the DagBag from /home/airflow/.local/lib/python3.7/site-packages/airflow/example_dags/example_sla_dag.py
[2023-03-21T16:57:37.514+0000] {processor.py:753} INFO - DAG(s) dict_keys(['example_sla_dag']) retrieved from /home/airflow/.local/lib/python3.7/site-packages/airflow/example_dags/example_sla_dag.py
[2023-03-21T16:57:37.538+0000] {logging_mixin.py:137} INFO - [2023-03-21T16:57:37.538+0000] {dag.py:2693} INFO - Sync 1 DAGs
[2023-03-21T16:57:37.558+0000] {logging_mixin.py:137} INFO - [2023-03-21T16:57:37.558+0000] {dag.py:3444} INFO - Setting next_dagrun for example_sla_dag to 2023-03-21T16:54:00+00:00, run_after=2023-03-21T16:56:00+00:00
[2023-03-21T16:57:37.570+0000] {processor.py:175} INFO - Processing /home/airflow/.local/lib/python3.7/site-packages/airflow/example_dags/example_sla_dag.py took 0.079 seconds
[2023-03-21T16:58:08.025+0000] {processor.py:153} INFO - Started process (PID=558) to work on /home/airflow/.local/lib/python3.7/site-packages/airflow/example_dags/example_sla_dag.py
[2023-03-21T16:58:08.026+0000] {processor.py:743} INFO - Processing file /home/airflow/.local/lib/python3.7/site-packages/airflow/example_dags/example_sla_dag.py for tasks to queue
[2023-03-21T16:58:08.028+0000] {logging_mixin.py:137} INFO - [2023-03-21T16:58:08.027+0000] {dagbag.py:532} INFO - Filling up the DagBag from /home/airflow/.local/lib/python3.7/site-packages/airflow/example_dags/example_sla_dag.py
[2023-03-21T16:58:08.047+0000] {processor.py:753} INFO - DAG(s) dict_keys(['example_sla_dag']) retrieved from /home/airflow/.local/lib/python3.7/site-packages/airflow/example_dags/example_sla_dag.py
[2023-03-21T16:58:08.069+0000] {logging_mixin.py:137} INFO - [2023-03-21T16:58:08.069+0000] {dag.py:2693} INFO - Sync 1 DAGs
[2023-03-21T16:58:08.088+0000] {logging_mixin.py:137} INFO - [2023-03-21T16:58:08.088+0000] {dag.py:3444} INFO - Setting next_dagrun for example_sla_dag to 2023-03-21T16:56:00+00:00, run_after=2023-03-21T16:58:00+00:00
[2023-03-21T16:58:08.099+0000] {processor.py:175} INFO - Processing /home/airflow/.local/lib/python3.7/site-packages/airflow/example_dags/example_sla_dag.py took 0.077 seconds
[2023-03-21T16:58:38.781+0000] {processor.py:153} INFO - Started process (PID=608) to work on /home/airflow/.local/lib/python3.7/site-packages/airflow/example_dags/example_sla_dag.py
[2023-03-21T16:58:38.784+0000] {processor.py:743} INFO - Processing file /home/airflow/.local/lib/python3.7/site-packages/airflow/example_dags/example_sla_dag.py for tasks to queue
[2023-03-21T16:58:38.786+0000] {logging_mixin.py:137} INFO - [2023-03-21T16:58:38.785+0000] {dagbag.py:532} INFO - Filling up the DagBag from /home/airflow/.local/lib/python3.7/site-packages/airflow/example_dags/example_sla_dag.py
[2023-03-21T16:58:38.822+0000] {processor.py:753} INFO - DAG(s) dict_keys(['example_sla_dag']) retrieved from /home/airflow/.local/lib/python3.7/site-packages/airflow/example_dags/example_sla_dag.py
[2023-03-21T16:58:38.852+0000] {logging_mixin.py:137} INFO - [2023-03-21T16:58:38.852+0000] {dag.py:2693} INFO - Sync 1 DAGs
[2023-03-21T16:58:38.873+0000] {logging_mixin.py:137} INFO - [2023-03-21T16:58:38.873+0000] {dag.py:3444} INFO - Setting next_dagrun for example_sla_dag to 2023-03-21T16:56:00+00:00, run_after=2023-03-21T16:58:00+00:00
[2023-03-21T16:58:38.885+0000] {processor.py:175} INFO - Processing /home/airflow/.local/lib/python3.7/site-packages/airflow/example_dags/example_sla_dag.py took 0.114 seconds
[2023-03-21T16:59:09.416+0000] {processor.py:153} INFO - Started process (PID=658) to work on /home/airflow/.local/lib/python3.7/site-packages/airflow/example_dags/example_sla_dag.py
[2023-03-21T16:59:09.419+0000] {processor.py:743} INFO - Processing file /home/airflow/.local/lib/python3.7/site-packages/airflow/example_dags/example_sla_dag.py for tasks to queue
[2023-03-21T16:59:09.421+0000] {logging_mixin.py:137} INFO - [2023-03-21T16:59:09.420+0000] {dagbag.py:532} INFO - Filling up the DagBag from /home/airflow/.local/lib/python3.7/site-packages/airflow/example_dags/example_sla_dag.py
[2023-03-21T16:59:09.489+0000] {processor.py:753} INFO - DAG(s) dict_keys(['example_sla_dag']) retrieved from /home/airflow/.local/lib/python3.7/site-packages/airflow/example_dags/example_sla_dag.py
[2023-03-21T16:59:09.527+0000] {logging_mixin.py:137} INFO - [2023-03-21T16:59:09.527+0000] {dag.py:2693} INFO - Sync 1 DAGs
[2023-03-21T16:59:09.555+0000] {logging_mixin.py:137} INFO - [2023-03-21T16:59:09.555+0000] {dag.py:3444} INFO - Setting next_dagrun for example_sla_dag to 2023-03-21T16:56:00+00:00, run_after=2023-03-21T16:58:00+00:00
[2023-03-21T16:59:09.570+0000] {processor.py:175} INFO - Processing /home/airflow/.local/lib/python3.7/site-packages/airflow/example_dags/example_sla_dag.py took 0.167 seconds
[2023-03-21T16:59:40.340+0000] {processor.py:153} INFO - Started process (PID=708) to work on /home/airflow/.local/lib/python3.7/site-packages/airflow/example_dags/example_sla_dag.py
[2023-03-21T16:59:40.341+0000] {processor.py:743} INFO - Processing file /home/airflow/.local/lib/python3.7/site-packages/airflow/example_dags/example_sla_dag.py for tasks to queue
[2023-03-21T16:59:40.342+0000] {logging_mixin.py:137} INFO - [2023-03-21T16:59:40.342+0000] {dagbag.py:532} INFO - Filling up the DagBag from /home/airflow/.local/lib/python3.7/site-packages/airflow/example_dags/example_sla_dag.py
[2023-03-21T16:59:40.361+0000] {processor.py:753} INFO - DAG(s) dict_keys(['example_sla_dag']) retrieved from /home/airflow/.local/lib/python3.7/site-packages/airflow/example_dags/example_sla_dag.py
[2023-03-21T16:59:40.383+0000] {logging_mixin.py:137} INFO - [2023-03-21T16:59:40.383+0000] {dag.py:2693} INFO - Sync 1 DAGs
[2023-03-21T16:59:40.404+0000] {logging_mixin.py:137} INFO - [2023-03-21T16:59:40.404+0000] {dag.py:3444} INFO - Setting next_dagrun for example_sla_dag to 2023-03-21T16:56:00+00:00, run_after=2023-03-21T16:58:00+00:00
[2023-03-21T16:59:40.424+0000] {processor.py:175} INFO - Processing /home/airflow/.local/lib/python3.7/site-packages/airflow/example_dags/example_sla_dag.py took 0.087 seconds
[2023-03-21T17:00:11.250+0000] {processor.py:153} INFO - Started process (PID=758) to work on /home/airflow/.local/lib/python3.7/site-packages/airflow/example_dags/example_sla_dag.py
[2023-03-21T17:00:11.252+0000] {processor.py:743} INFO - Processing file /home/airflow/.local/lib/python3.7/site-packages/airflow/example_dags/example_sla_dag.py for tasks to queue
[2023-03-21T17:00:11.253+0000] {logging_mixin.py:137} INFO - [2023-03-21T17:00:11.253+0000] {dagbag.py:532} INFO - Filling up the DagBag from /home/airflow/.local/lib/python3.7/site-packages/airflow/example_dags/example_sla_dag.py
[2023-03-21T17:00:11.274+0000] {processor.py:753} INFO - DAG(s) dict_keys(['example_sla_dag']) retrieved from /home/airflow/.local/lib/python3.7/site-packages/airflow/example_dags/example_sla_dag.py
[2023-03-21T17:00:11.297+0000] {logging_mixin.py:137} INFO - [2023-03-21T17:00:11.297+0000] {dag.py:2693} INFO - Sync 1 DAGs
[2023-03-21T17:00:11.317+0000] {logging_mixin.py:137} INFO - [2023-03-21T17:00:11.317+0000] {dag.py:3444} INFO - Setting next_dagrun for example_sla_dag to 2023-03-21T16:58:00+00:00, run_after=2023-03-21T17:00:00+00:00
[2023-03-21T17:00:11.330+0000] {processor.py:175} INFO - Processing /home/airflow/.local/lib/python3.7/site-packages/airflow/example_dags/example_sla_dag.py took 0.084 seconds
[2023-03-21T17:00:42.210+0000] {processor.py:153} INFO - Started process (PID=808) to work on /home/airflow/.local/lib/python3.7/site-packages/airflow/example_dags/example_sla_dag.py
[2023-03-21T17:00:42.213+0000] {processor.py:743} INFO - Processing file /home/airflow/.local/lib/python3.7/site-packages/airflow/example_dags/example_sla_dag.py for tasks to queue
[2023-03-21T17:00:42.214+0000] {logging_mixin.py:137} INFO - [2023-03-21T17:00:42.214+0000] {dagbag.py:532} INFO - Filling up the DagBag from /home/airflow/.local/lib/python3.7/site-packages/airflow/example_dags/example_sla_dag.py
[2023-03-21T17:00:42.234+0000] {processor.py:753} INFO - DAG(s) dict_keys(['example_sla_dag']) retrieved from /home/airflow/.local/lib/python3.7/site-packages/airflow/example_dags/example_sla_dag.py
[2023-03-21T17:00:42.257+0000] {logging_mixin.py:137} INFO - [2023-03-21T17:00:42.257+0000] {dag.py:2693} INFO - Sync 1 DAGs
[2023-03-21T17:00:42.277+0000] {logging_mixin.py:137} INFO - [2023-03-21T17:00:42.277+0000] {dag.py:3444} INFO - Setting next_dagrun for example_sla_dag to 2023-03-21T16:58:00+00:00, run_after=2023-03-21T17:00:00+00:00
[2023-03-21T17:00:42.289+0000] {processor.py:175} INFO - Processing /home/airflow/.local/lib/python3.7/site-packages/airflow/example_dags/example_sla_dag.py took 0.083 seconds
[2023-03-21T17:01:13.033+0000] {processor.py:153} INFO - Started process (PID=858) to work on /home/airflow/.local/lib/python3.7/site-packages/airflow/example_dags/example_sla_dag.py
[2023-03-21T17:01:13.036+0000] {processor.py:743} INFO - Processing file /home/airflow/.local/lib/python3.7/site-packages/airflow/example_dags/example_sla_dag.py for tasks to queue
[2023-03-21T17:01:13.038+0000] {logging_mixin.py:137} INFO - [2023-03-21T17:01:13.038+0000] {dagbag.py:532} INFO - Filling up the DagBag from /home/airflow/.local/lib/python3.7/site-packages/airflow/example_dags/example_sla_dag.py
[2023-03-21T17:01:13.066+0000] {processor.py:753} INFO - DAG(s) dict_keys(['example_sla_dag']) retrieved from /home/airflow/.local/lib/python3.7/site-packages/airflow/example_dags/example_sla_dag.py
[2023-03-21T17:01:13.090+0000] {logging_mixin.py:137} INFO - [2023-03-21T17:01:13.090+0000] {dag.py:2693} INFO - Sync 1 DAGs
[2023-03-21T17:01:13.110+0000] {logging_mixin.py:137} INFO - [2023-03-21T17:01:13.110+0000] {dag.py:3444} INFO - Setting next_dagrun for example_sla_dag to 2023-03-21T16:58:00+00:00, run_after=2023-03-21T17:00:00+00:00
[2023-03-21T17:01:13.123+0000] {processor.py:175} INFO - Processing /home/airflow/.local/lib/python3.7/site-packages/airflow/example_dags/example_sla_dag.py took 0.097 seconds
[2023-03-21T17:01:43.662+0000] {processor.py:153} INFO - Started process (PID=908) to work on /home/airflow/.local/lib/python3.7/site-packages/airflow/example_dags/example_sla_dag.py
[2023-03-21T17:01:43.664+0000] {processor.py:743} INFO - Processing file /home/airflow/.local/lib/python3.7/site-packages/airflow/example_dags/example_sla_dag.py for tasks to queue
[2023-03-21T17:01:43.665+0000] {logging_mixin.py:137} INFO - [2023-03-21T17:01:43.665+0000] {dagbag.py:532} INFO - Filling up the DagBag from /home/airflow/.local/lib/python3.7/site-packages/airflow/example_dags/example_sla_dag.py
[2023-03-21T17:01:43.683+0000] {processor.py:753} INFO - DAG(s) dict_keys(['example_sla_dag']) retrieved from /home/airflow/.local/lib/python3.7/site-packages/airflow/example_dags/example_sla_dag.py
[2023-03-21T17:01:43.705+0000] {logging_mixin.py:137} INFO - [2023-03-21T17:01:43.705+0000] {dag.py:2693} INFO - Sync 1 DAGs
[2023-03-21T17:01:43.725+0000] {logging_mixin.py:137} INFO - [2023-03-21T17:01:43.725+0000] {dag.py:3444} INFO - Setting next_dagrun for example_sla_dag to 2023-03-21T16:58:00+00:00, run_after=2023-03-21T17:00:00+00:00
[2023-03-21T17:01:43.738+0000] {processor.py:175} INFO - Processing /home/airflow/.local/lib/python3.7/site-packages/airflow/example_dags/example_sla_dag.py took 0.078 seconds
[2023-03-21T17:02:14.306+0000] {processor.py:153} INFO - Started process (PID=958) to work on /home/airflow/.local/lib/python3.7/site-packages/airflow/example_dags/example_sla_dag.py
[2023-03-21T17:02:14.308+0000] {processor.py:743} INFO - Processing file /home/airflow/.local/lib/python3.7/site-packages/airflow/example_dags/example_sla_dag.py for tasks to queue
[2023-03-21T17:02:14.311+0000] {logging_mixin.py:137} INFO - [2023-03-21T17:02:14.311+0000] {dagbag.py:532} INFO - Filling up the DagBag from /home/airflow/.local/lib/python3.7/site-packages/airflow/example_dags/example_sla_dag.py
[2023-03-21T17:02:14.337+0000] {processor.py:753} INFO - DAG(s) dict_keys(['example_sla_dag']) retrieved from /home/airflow/.local/lib/python3.7/site-packages/airflow/example_dags/example_sla_dag.py
[2023-03-21T17:02:14.361+0000] {logging_mixin.py:137} INFO - [2023-03-21T17:02:14.361+0000] {dag.py:2693} INFO - Sync 1 DAGs
[2023-03-21T17:02:14.382+0000] {logging_mixin.py:137} INFO - [2023-03-21T17:02:14.382+0000] {dag.py:3444} INFO - Setting next_dagrun for example_sla_dag to 2023-03-21T17:00:00+00:00, run_after=2023-03-21T17:02:00+00:00
[2023-03-21T17:02:14.394+0000] {processor.py:175} INFO - Processing /home/airflow/.local/lib/python3.7/site-packages/airflow/example_dags/example_sla_dag.py took 0.096 seconds
[2023-03-21T17:02:45.192+0000] {processor.py:153} INFO - Started process (PID=1008) to work on /home/airflow/.local/lib/python3.7/site-packages/airflow/example_dags/example_sla_dag.py
[2023-03-21T17:02:45.194+0000] {processor.py:743} INFO - Processing file /home/airflow/.local/lib/python3.7/site-packages/airflow/example_dags/example_sla_dag.py for tasks to queue
[2023-03-21T17:02:45.195+0000] {logging_mixin.py:137} INFO - [2023-03-21T17:02:45.195+0000] {dagbag.py:532} INFO - Filling up the DagBag from /home/airflow/.local/lib/python3.7/site-packages/airflow/example_dags/example_sla_dag.py
[2023-03-21T17:02:45.235+0000] {processor.py:753} INFO - DAG(s) dict_keys(['example_sla_dag']) retrieved from /home/airflow/.local/lib/python3.7/site-packages/airflow/example_dags/example_sla_dag.py
[2023-03-21T17:02:45.273+0000] {logging_mixin.py:137} INFO - [2023-03-21T17:02:45.272+0000] {dag.py:2693} INFO - Sync 1 DAGs
[2023-03-21T17:02:45.300+0000] {logging_mixin.py:137} INFO - [2023-03-21T17:02:45.300+0000] {dag.py:3444} INFO - Setting next_dagrun for example_sla_dag to 2023-03-21T17:00:00+00:00, run_after=2023-03-21T17:02:00+00:00
[2023-03-21T17:02:45.314+0000] {processor.py:175} INFO - Processing /home/airflow/.local/lib/python3.7/site-packages/airflow/example_dags/example_sla_dag.py took 0.130 seconds
[2023-03-21T17:03:15.453+0000] {processor.py:153} INFO - Started process (PID=1058) to work on /home/airflow/.local/lib/python3.7/site-packages/airflow/example_dags/example_sla_dag.py
[2023-03-21T17:03:15.457+0000] {processor.py:743} INFO - Processing file /home/airflow/.local/lib/python3.7/site-packages/airflow/example_dags/example_sla_dag.py for tasks to queue
[2023-03-21T17:03:15.459+0000] {logging_mixin.py:137} INFO - [2023-03-21T17:03:15.458+0000] {dagbag.py:532} INFO - Filling up the DagBag from /home/airflow/.local/lib/python3.7/site-packages/airflow/example_dags/example_sla_dag.py
[2023-03-21T17:03:15.495+0000] {processor.py:753} INFO - DAG(s) dict_keys(['example_sla_dag']) retrieved from /home/airflow/.local/lib/python3.7/site-packages/airflow/example_dags/example_sla_dag.py
[2023-03-21T17:03:15.526+0000] {logging_mixin.py:137} INFO - [2023-03-21T17:03:15.526+0000] {dag.py:2693} INFO - Sync 1 DAGs
[2023-03-21T17:03:15.552+0000] {logging_mixin.py:137} INFO - [2023-03-21T17:03:15.552+0000] {dag.py:3444} INFO - Setting next_dagrun for example_sla_dag to 2023-03-21T17:00:00+00:00, run_after=2023-03-21T17:02:00+00:00
[2023-03-21T17:03:15.566+0000] {processor.py:175} INFO - Processing /home/airflow/.local/lib/python3.7/site-packages/airflow/example_dags/example_sla_dag.py took 0.122 seconds
[2023-03-21T17:03:46.061+0000] {processor.py:153} INFO - Started process (PID=1108) to work on /home/airflow/.local/lib/python3.7/site-packages/airflow/example_dags/example_sla_dag.py
[2023-03-21T17:03:46.066+0000] {processor.py:743} INFO - Processing file /home/airflow/.local/lib/python3.7/site-packages/airflow/example_dags/example_sla_dag.py for tasks to queue
[2023-03-21T17:03:46.068+0000] {logging_mixin.py:137} INFO - [2023-03-21T17:03:46.067+0000] {dagbag.py:532} INFO - Filling up the DagBag from /home/airflow/.local/lib/python3.7/site-packages/airflow/example_dags/example_sla_dag.py
[2023-03-21T17:03:46.097+0000] {processor.py:753} INFO - DAG(s) dict_keys(['example_sla_dag']) retrieved from /home/airflow/.local/lib/python3.7/site-packages/airflow/example_dags/example_sla_dag.py
[2023-03-21T17:03:46.122+0000] {logging_mixin.py:137} INFO - [2023-03-21T17:03:46.122+0000] {dag.py:2693} INFO - Sync 1 DAGs
[2023-03-21T17:03:46.143+0000] {logging_mixin.py:137} INFO - [2023-03-21T17:03:46.143+0000] {dag.py:3444} INFO - Setting next_dagrun for example_sla_dag to 2023-03-21T17:00:00+00:00, run_after=2023-03-21T17:02:00+00:00
[2023-03-21T17:03:46.156+0000] {processor.py:175} INFO - Processing /home/airflow/.local/lib/python3.7/site-packages/airflow/example_dags/example_sla_dag.py took 0.103 seconds
[2023-03-21T17:04:17.112+0000] {processor.py:153} INFO - Started process (PID=1157) to work on /home/airflow/.local/lib/python3.7/site-packages/airflow/example_dags/example_sla_dag.py
[2023-03-21T17:04:17.115+0000] {processor.py:743} INFO - Processing file /home/airflow/.local/lib/python3.7/site-packages/airflow/example_dags/example_sla_dag.py for tasks to queue
[2023-03-21T17:04:17.117+0000] {logging_mixin.py:137} INFO - [2023-03-21T17:04:17.117+0000] {dagbag.py:532} INFO - Filling up the DagBag from /home/airflow/.local/lib/python3.7/site-packages/airflow/example_dags/example_sla_dag.py
[2023-03-21T17:04:17.148+0000] {processor.py:753} INFO - DAG(s) dict_keys(['example_sla_dag']) retrieved from /home/airflow/.local/lib/python3.7/site-packages/airflow/example_dags/example_sla_dag.py
[2023-03-21T17:04:17.177+0000] {logging_mixin.py:137} INFO - [2023-03-21T17:04:17.177+0000] {dag.py:2693} INFO - Sync 1 DAGs
[2023-03-21T17:04:17.201+0000] {logging_mixin.py:137} INFO - [2023-03-21T17:04:17.201+0000] {dag.py:3444} INFO - Setting next_dagrun for example_sla_dag to 2023-03-21T17:02:00+00:00, run_after=2023-03-21T17:04:00+00:00
[2023-03-21T17:04:17.213+0000] {processor.py:175} INFO - Processing /home/airflow/.local/lib/python3.7/site-packages/airflow/example_dags/example_sla_dag.py took 0.111 seconds
[2023-03-21T17:04:47.724+0000] {processor.py:153} INFO - Started process (PID=1207) to work on /home/airflow/.local/lib/python3.7/site-packages/airflow/example_dags/example_sla_dag.py
[2023-03-21T17:04:47.727+0000] {processor.py:743} INFO - Processing file /home/airflow/.local/lib/python3.7/site-packages/airflow/example_dags/example_sla_dag.py for tasks to queue
[2023-03-21T17:04:47.729+0000] {logging_mixin.py:137} INFO - [2023-03-21T17:04:47.728+0000] {dagbag.py:532} INFO - Filling up the DagBag from /home/airflow/.local/lib/python3.7/site-packages/airflow/example_dags/example_sla_dag.py
[2023-03-21T17:04:47.756+0000] {processor.py:753} INFO - DAG(s) dict_keys(['example_sla_dag']) retrieved from /home/airflow/.local/lib/python3.7/site-packages/airflow/example_dags/example_sla_dag.py
[2023-03-21T17:04:47.780+0000] {logging_mixin.py:137} INFO - [2023-03-21T17:04:47.780+0000] {dag.py:2693} INFO - Sync 1 DAGs
[2023-03-21T17:04:47.798+0000] {logging_mixin.py:137} INFO - [2023-03-21T17:04:47.798+0000] {dag.py:3444} INFO - Setting next_dagrun for example_sla_dag to 2023-03-21T17:02:00+00:00, run_after=2023-03-21T17:04:00+00:00
[2023-03-21T17:04:47.810+0000] {processor.py:175} INFO - Processing /home/airflow/.local/lib/python3.7/site-packages/airflow/example_dags/example_sla_dag.py took 0.094 seconds
[2023-03-21T17:05:18.548+0000] {processor.py:153} INFO - Started process (PID=1257) to work on /home/airflow/.local/lib/python3.7/site-packages/airflow/example_dags/example_sla_dag.py
[2023-03-21T17:05:18.552+0000] {processor.py:743} INFO - Processing file /home/airflow/.local/lib/python3.7/site-packages/airflow/example_dags/example_sla_dag.py for tasks to queue
[2023-03-21T17:05:18.554+0000] {logging_mixin.py:137} INFO - [2023-03-21T17:05:18.553+0000] {dagbag.py:532} INFO - Filling up the DagBag from /home/airflow/.local/lib/python3.7/site-packages/airflow/example_dags/example_sla_dag.py
[2023-03-21T17:05:18.582+0000] {processor.py:753} INFO - DAG(s) dict_keys(['example_sla_dag']) retrieved from /home/airflow/.local/lib/python3.7/site-packages/airflow/example_dags/example_sla_dag.py
[2023-03-21T17:05:18.606+0000] {logging_mixin.py:137} INFO - [2023-03-21T17:05:18.606+0000] {dag.py:2693} INFO - Sync 1 DAGs
[2023-03-21T17:05:18.626+0000] {logging_mixin.py:137} INFO - [2023-03-21T17:05:18.626+0000] {dag.py:3444} INFO - Setting next_dagrun for example_sla_dag to 2023-03-21T17:02:00+00:00, run_after=2023-03-21T17:04:00+00:00
[2023-03-21T17:05:18.638+0000] {processor.py:175} INFO - Processing /home/airflow/.local/lib/python3.7/site-packages/airflow/example_dags/example_sla_dag.py took 0.097 seconds
[2023-03-21T17:05:49.336+0000] {processor.py:153} INFO - Started process (PID=1313) to work on /home/airflow/.local/lib/python3.7/site-packages/airflow/example_dags/example_sla_dag.py
[2023-03-21T17:05:49.339+0000] {processor.py:743} INFO - Processing file /home/airflow/.local/lib/python3.7/site-packages/airflow/example_dags/example_sla_dag.py for tasks to queue
[2023-03-21T17:05:49.340+0000] {logging_mixin.py:137} INFO - [2023-03-21T17:05:49.340+0000] {dagbag.py:532} INFO - Filling up the DagBag from /home/airflow/.local/lib/python3.7/site-packages/airflow/example_dags/example_sla_dag.py
[2023-03-21T17:05:49.367+0000] {processor.py:753} INFO - DAG(s) dict_keys(['example_sla_dag']) retrieved from /home/airflow/.local/lib/python3.7/site-packages/airflow/example_dags/example_sla_dag.py
[2023-03-21T17:05:49.389+0000] {logging_mixin.py:137} INFO - [2023-03-21T17:05:49.389+0000] {dag.py:2693} INFO - Sync 1 DAGs
[2023-03-21T17:05:49.409+0000] {logging_mixin.py:137} INFO - [2023-03-21T17:05:49.409+0000] {dag.py:3444} INFO - Setting next_dagrun for example_sla_dag to 2023-03-21T17:02:00+00:00, run_after=2023-03-21T17:04:00+00:00
[2023-03-21T17:05:49.421+0000] {processor.py:175} INFO - Processing /home/airflow/.local/lib/python3.7/site-packages/airflow/example_dags/example_sla_dag.py took 0.094 seconds
[2023-03-21T17:06:20.077+0000] {processor.py:153} INFO - Started process (PID=1363) to work on /home/airflow/.local/lib/python3.7/site-packages/airflow/example_dags/example_sla_dag.py
[2023-03-21T17:06:20.079+0000] {processor.py:743} INFO - Processing file /home/airflow/.local/lib/python3.7/site-packages/airflow/example_dags/example_sla_dag.py for tasks to queue
[2023-03-21T17:06:20.080+0000] {logging_mixin.py:137} INFO - [2023-03-21T17:06:20.080+0000] {dagbag.py:532} INFO - Filling up the DagBag from /home/airflow/.local/lib/python3.7/site-packages/airflow/example_dags/example_sla_dag.py
[2023-03-21T17:06:20.108+0000] {processor.py:753} INFO - DAG(s) dict_keys(['example_sla_dag']) retrieved from /home/airflow/.local/lib/python3.7/site-packages/airflow/example_dags/example_sla_dag.py
[2023-03-21T17:06:20.134+0000] {logging_mixin.py:137} INFO - [2023-03-21T17:06:20.134+0000] {dag.py:2693} INFO - Sync 1 DAGs
[2023-03-21T17:06:20.155+0000] {logging_mixin.py:137} INFO - [2023-03-21T17:06:20.154+0000] {dag.py:3444} INFO - Setting next_dagrun for example_sla_dag to 2023-03-21T17:04:00+00:00, run_after=2023-03-21T17:06:00+00:00
[2023-03-21T17:06:20.168+0000] {processor.py:175} INFO - Processing /home/airflow/.local/lib/python3.7/site-packages/airflow/example_dags/example_sla_dag.py took 0.097 seconds
[2023-03-21T17:06:51.035+0000] {processor.py:153} INFO - Started process (PID=1413) to work on /home/airflow/.local/lib/python3.7/site-packages/airflow/example_dags/example_sla_dag.py
[2023-03-21T17:06:51.038+0000] {processor.py:743} INFO - Processing file /home/airflow/.local/lib/python3.7/site-packages/airflow/example_dags/example_sla_dag.py for tasks to queue
[2023-03-21T17:06:51.039+0000] {logging_mixin.py:137} INFO - [2023-03-21T17:06:51.039+0000] {dagbag.py:532} INFO - Filling up the DagBag from /home/airflow/.local/lib/python3.7/site-packages/airflow/example_dags/example_sla_dag.py
[2023-03-21T17:06:51.065+0000] {processor.py:753} INFO - DAG(s) dict_keys(['example_sla_dag']) retrieved from /home/airflow/.local/lib/python3.7/site-packages/airflow/example_dags/example_sla_dag.py
[2023-03-21T17:06:51.091+0000] {logging_mixin.py:137} INFO - [2023-03-21T17:06:51.091+0000] {dag.py:2693} INFO - Sync 1 DAGs
[2023-03-21T17:06:51.112+0000] {logging_mixin.py:137} INFO - [2023-03-21T17:06:51.112+0000] {dag.py:3444} INFO - Setting next_dagrun for example_sla_dag to 2023-03-21T17:04:00+00:00, run_after=2023-03-21T17:06:00+00:00
[2023-03-21T17:06:51.124+0000] {processor.py:175} INFO - Processing /home/airflow/.local/lib/python3.7/site-packages/airflow/example_dags/example_sla_dag.py took 0.097 seconds
[2023-03-21T17:16:17.292+0000] {processor.py:153} INFO - Started process (PID=54) to work on /home/airflow/.local/lib/python3.7/site-packages/airflow/example_dags/example_sla_dag.py
[2023-03-21T17:16:17.297+0000] {processor.py:743} INFO - Processing file /home/airflow/.local/lib/python3.7/site-packages/airflow/example_dags/example_sla_dag.py for tasks to queue
[2023-03-21T17:16:17.300+0000] {logging_mixin.py:137} INFO - [2023-03-21T17:16:17.300+0000] {dagbag.py:532} INFO - Filling up the DagBag from /home/airflow/.local/lib/python3.7/site-packages/airflow/example_dags/example_sla_dag.py
[2023-03-21T17:16:17.345+0000] {processor.py:753} INFO - DAG(s) dict_keys(['example_sla_dag']) retrieved from /home/airflow/.local/lib/python3.7/site-packages/airflow/example_dags/example_sla_dag.py
[2023-03-21T17:16:17.385+0000] {logging_mixin.py:137} INFO - [2023-03-21T17:16:17.385+0000] {dag.py:2693} INFO - Sync 1 DAGs
[2023-03-21T17:16:17.458+0000] {logging_mixin.py:137} INFO - [2023-03-21T17:16:17.458+0000] {dag.py:3444} INFO - Setting next_dagrun for example_sla_dag to 2023-03-21T17:14:00+00:00, run_after=2023-03-21T17:16:00+00:00
[2023-03-21T17:16:17.498+0000] {processor.py:175} INFO - Processing /home/airflow/.local/lib/python3.7/site-packages/airflow/example_dags/example_sla_dag.py took 0.211 seconds
[2023-03-21T17:16:48.173+0000] {processor.py:153} INFO - Started process (PID=104) to work on /home/airflow/.local/lib/python3.7/site-packages/airflow/example_dags/example_sla_dag.py
[2023-03-21T17:16:48.174+0000] {processor.py:743} INFO - Processing file /home/airflow/.local/lib/python3.7/site-packages/airflow/example_dags/example_sla_dag.py for tasks to queue
[2023-03-21T17:16:48.175+0000] {logging_mixin.py:137} INFO - [2023-03-21T17:16:48.175+0000] {dagbag.py:532} INFO - Filling up the DagBag from /home/airflow/.local/lib/python3.7/site-packages/airflow/example_dags/example_sla_dag.py
[2023-03-21T17:16:48.192+0000] {processor.py:753} INFO - DAG(s) dict_keys(['example_sla_dag']) retrieved from /home/airflow/.local/lib/python3.7/site-packages/airflow/example_dags/example_sla_dag.py
[2023-03-21T17:16:48.210+0000] {logging_mixin.py:137} INFO - [2023-03-21T17:16:48.210+0000] {dag.py:2693} INFO - Sync 1 DAGs
[2023-03-21T17:16:48.228+0000] {logging_mixin.py:137} INFO - [2023-03-21T17:16:48.228+0000] {dag.py:3444} INFO - Setting next_dagrun for example_sla_dag to 2023-03-21T17:14:00+00:00, run_after=2023-03-21T17:16:00+00:00
[2023-03-21T17:16:48.238+0000] {processor.py:175} INFO - Processing /home/airflow/.local/lib/python3.7/site-packages/airflow/example_dags/example_sla_dag.py took 0.069 seconds
[2023-03-21T17:17:22.632+0000] {processor.py:153} INFO - Started process (PID=154) to work on /home/airflow/.local/lib/python3.7/site-packages/airflow/example_dags/example_sla_dag.py
[2023-03-21T17:17:22.633+0000] {processor.py:743} INFO - Processing file /home/airflow/.local/lib/python3.7/site-packages/airflow/example_dags/example_sla_dag.py for tasks to queue
[2023-03-21T17:17:22.634+0000] {logging_mixin.py:137} INFO - [2023-03-21T17:17:22.634+0000] {dagbag.py:532} INFO - Filling up the DagBag from /home/airflow/.local/lib/python3.7/site-packages/airflow/example_dags/example_sla_dag.py
[2023-03-21T17:17:22.654+0000] {processor.py:753} INFO - DAG(s) dict_keys(['example_sla_dag']) retrieved from /home/airflow/.local/lib/python3.7/site-packages/airflow/example_dags/example_sla_dag.py
[2023-03-21T17:17:22.679+0000] {logging_mixin.py:137} INFO - [2023-03-21T17:17:22.679+0000] {dag.py:2693} INFO - Sync 1 DAGs
[2023-03-21T17:17:22.702+0000] {logging_mixin.py:137} INFO - [2023-03-21T17:17:22.701+0000] {dag.py:3444} INFO - Setting next_dagrun for example_sla_dag to 2023-03-21T17:14:00+00:00, run_after=2023-03-21T17:16:00+00:00
[2023-03-21T17:17:22.719+0000] {processor.py:175} INFO - Processing /home/airflow/.local/lib/python3.7/site-packages/airflow/example_dags/example_sla_dag.py took 0.091 seconds
[2023-03-21T17:17:53.330+0000] {processor.py:153} INFO - Started process (PID=203) to work on /home/airflow/.local/lib/python3.7/site-packages/airflow/example_dags/example_sla_dag.py
[2023-03-21T17:17:53.332+0000] {processor.py:743} INFO - Processing file /home/airflow/.local/lib/python3.7/site-packages/airflow/example_dags/example_sla_dag.py for tasks to queue
[2023-03-21T17:17:53.332+0000] {logging_mixin.py:137} INFO - [2023-03-21T17:17:53.332+0000] {dagbag.py:532} INFO - Filling up the DagBag from /home/airflow/.local/lib/python3.7/site-packages/airflow/example_dags/example_sla_dag.py
[2023-03-21T17:17:53.348+0000] {processor.py:753} INFO - DAG(s) dict_keys(['example_sla_dag']) retrieved from /home/airflow/.local/lib/python3.7/site-packages/airflow/example_dags/example_sla_dag.py
[2023-03-21T17:17:53.366+0000] {logging_mixin.py:137} INFO - [2023-03-21T17:17:53.366+0000] {dag.py:2693} INFO - Sync 1 DAGs
[2023-03-21T17:17:53.383+0000] {logging_mixin.py:137} INFO - [2023-03-21T17:17:53.383+0000] {dag.py:3444} INFO - Setting next_dagrun for example_sla_dag to 2023-03-21T17:14:00+00:00, run_after=2023-03-21T17:16:00+00:00
[2023-03-21T17:17:53.395+0000] {processor.py:175} INFO - Processing /home/airflow/.local/lib/python3.7/site-packages/airflow/example_dags/example_sla_dag.py took 0.067 seconds
