[2023-03-21T15:25:52.523+0000] {processor.py:153} INFO - Started process (PID=37) to work on /home/airflow/.local/lib/python3.7/site-packages/airflow/example_dags/example_short_circuit_operator.py
[2023-03-21T15:25:52.524+0000] {processor.py:743} INFO - Processing file /home/airflow/.local/lib/python3.7/site-packages/airflow/example_dags/example_short_circuit_operator.py for tasks to queue
[2023-03-21T15:25:52.525+0000] {logging_mixin.py:137} INFO - [2023-03-21T15:25:52.525+0000] {dagbag.py:532} INFO - Filling up the DagBag from /home/airflow/.local/lib/python3.7/site-packages/airflow/example_dags/example_short_circuit_operator.py
[2023-03-21T15:25:52.542+0000] {processor.py:753} INFO - DAG(s) dict_keys(['example_short_circuit_operator']) retrieved from /home/airflow/.local/lib/python3.7/site-packages/airflow/example_dags/example_short_circuit_operator.py
[2023-03-21T15:25:52.554+0000] {logging_mixin.py:137} INFO - [2023-03-21T15:25:52.554+0000] {dag.py:2693} INFO - Sync 1 DAGs
[2023-03-21T15:25:52.571+0000] {logging_mixin.py:137} INFO - [2023-03-21T15:25:52.571+0000] {dag.py:3444} INFO - Setting next_dagrun for example_short_circuit_operator to 2023-03-20T15:25:52.571555+00:00, run_after=2023-03-21T15:25:52.571555+00:00
[2023-03-21T15:25:52.592+0000] {processor.py:175} INFO - Processing /home/airflow/.local/lib/python3.7/site-packages/airflow/example_dags/example_short_circuit_operator.py took 0.072 seconds
[2023-03-21T15:26:23.300+0000] {processor.py:153} INFO - Started process (PID=86) to work on /home/airflow/.local/lib/python3.7/site-packages/airflow/example_dags/example_short_circuit_operator.py
[2023-03-21T15:26:23.302+0000] {processor.py:743} INFO - Processing file /home/airflow/.local/lib/python3.7/site-packages/airflow/example_dags/example_short_circuit_operator.py for tasks to queue
[2023-03-21T15:26:23.302+0000] {logging_mixin.py:137} INFO - [2023-03-21T15:26:23.302+0000] {dagbag.py:532} INFO - Filling up the DagBag from /home/airflow/.local/lib/python3.7/site-packages/airflow/example_dags/example_short_circuit_operator.py
[2023-03-21T15:26:23.315+0000] {processor.py:753} INFO - DAG(s) dict_keys(['example_short_circuit_operator']) retrieved from /home/airflow/.local/lib/python3.7/site-packages/airflow/example_dags/example_short_circuit_operator.py
[2023-03-21T15:26:23.335+0000] {logging_mixin.py:137} INFO - [2023-03-21T15:26:23.335+0000] {dag.py:2693} INFO - Sync 1 DAGs
[2023-03-21T15:26:23.351+0000] {logging_mixin.py:137} INFO - [2023-03-21T15:26:23.351+0000] {dag.py:3444} INFO - Setting next_dagrun for example_short_circuit_operator to 2023-03-20T15:26:23.351463+00:00, run_after=2023-03-21T15:26:23.351463+00:00
[2023-03-21T15:26:23.361+0000] {processor.py:175} INFO - Processing /home/airflow/.local/lib/python3.7/site-packages/airflow/example_dags/example_short_circuit_operator.py took 0.064 seconds
[2023-03-21T15:26:53.772+0000] {processor.py:153} INFO - Started process (PID=135) to work on /home/airflow/.local/lib/python3.7/site-packages/airflow/example_dags/example_short_circuit_operator.py
[2023-03-21T15:26:53.773+0000] {processor.py:743} INFO - Processing file /home/airflow/.local/lib/python3.7/site-packages/airflow/example_dags/example_short_circuit_operator.py for tasks to queue
[2023-03-21T15:26:53.773+0000] {logging_mixin.py:137} INFO - [2023-03-21T15:26:53.773+0000] {dagbag.py:532} INFO - Filling up the DagBag from /home/airflow/.local/lib/python3.7/site-packages/airflow/example_dags/example_short_circuit_operator.py
[2023-03-21T15:26:53.786+0000] {processor.py:753} INFO - DAG(s) dict_keys(['example_short_circuit_operator']) retrieved from /home/airflow/.local/lib/python3.7/site-packages/airflow/example_dags/example_short_circuit_operator.py
[2023-03-21T15:26:53.807+0000] {logging_mixin.py:137} INFO - [2023-03-21T15:26:53.807+0000] {dag.py:2693} INFO - Sync 1 DAGs
[2023-03-21T15:26:53.826+0000] {logging_mixin.py:137} INFO - [2023-03-21T15:26:53.826+0000] {dag.py:3444} INFO - Setting next_dagrun for example_short_circuit_operator to 2023-03-20T15:26:53.825946+00:00, run_after=2023-03-21T15:26:53.825946+00:00
[2023-03-21T15:26:53.838+0000] {processor.py:175} INFO - Processing /home/airflow/.local/lib/python3.7/site-packages/airflow/example_dags/example_short_circuit_operator.py took 0.069 seconds
[2023-03-21T15:27:24.654+0000] {processor.py:153} INFO - Started process (PID=184) to work on /home/airflow/.local/lib/python3.7/site-packages/airflow/example_dags/example_short_circuit_operator.py
[2023-03-21T15:27:24.655+0000] {processor.py:743} INFO - Processing file /home/airflow/.local/lib/python3.7/site-packages/airflow/example_dags/example_short_circuit_operator.py for tasks to queue
[2023-03-21T15:27:24.656+0000] {logging_mixin.py:137} INFO - [2023-03-21T15:27:24.656+0000] {dagbag.py:532} INFO - Filling up the DagBag from /home/airflow/.local/lib/python3.7/site-packages/airflow/example_dags/example_short_circuit_operator.py
[2023-03-21T15:27:24.669+0000] {processor.py:753} INFO - DAG(s) dict_keys(['example_short_circuit_operator']) retrieved from /home/airflow/.local/lib/python3.7/site-packages/airflow/example_dags/example_short_circuit_operator.py
[2023-03-21T15:27:24.689+0000] {logging_mixin.py:137} INFO - [2023-03-21T15:27:24.689+0000] {dag.py:2693} INFO - Sync 1 DAGs
[2023-03-21T15:27:24.705+0000] {logging_mixin.py:137} INFO - [2023-03-21T15:27:24.705+0000] {dag.py:3444} INFO - Setting next_dagrun for example_short_circuit_operator to 2023-03-20T15:27:24.704770+00:00, run_after=2023-03-21T15:27:24.704770+00:00
[2023-03-21T15:27:24.715+0000] {processor.py:175} INFO - Processing /home/airflow/.local/lib/python3.7/site-packages/airflow/example_dags/example_short_circuit_operator.py took 0.063 seconds
[2023-03-21T15:27:54.958+0000] {processor.py:153} INFO - Started process (PID=233) to work on /home/airflow/.local/lib/python3.7/site-packages/airflow/example_dags/example_short_circuit_operator.py
[2023-03-21T15:27:54.960+0000] {processor.py:743} INFO - Processing file /home/airflow/.local/lib/python3.7/site-packages/airflow/example_dags/example_short_circuit_operator.py for tasks to queue
[2023-03-21T15:27:54.961+0000] {logging_mixin.py:137} INFO - [2023-03-21T15:27:54.961+0000] {dagbag.py:532} INFO - Filling up the DagBag from /home/airflow/.local/lib/python3.7/site-packages/airflow/example_dags/example_short_circuit_operator.py
[2023-03-21T15:27:54.973+0000] {processor.py:753} INFO - DAG(s) dict_keys(['example_short_circuit_operator']) retrieved from /home/airflow/.local/lib/python3.7/site-packages/airflow/example_dags/example_short_circuit_operator.py
[2023-03-21T15:27:54.992+0000] {logging_mixin.py:137} INFO - [2023-03-21T15:27:54.992+0000] {dag.py:2693} INFO - Sync 1 DAGs
[2023-03-21T15:27:55.008+0000] {logging_mixin.py:137} INFO - [2023-03-21T15:27:55.008+0000] {dag.py:3444} INFO - Setting next_dagrun for example_short_circuit_operator to 2023-03-20T15:27:55.008054+00:00, run_after=2023-03-21T15:27:55.008054+00:00
[2023-03-21T15:27:55.020+0000] {processor.py:175} INFO - Processing /home/airflow/.local/lib/python3.7/site-packages/airflow/example_dags/example_short_circuit_operator.py took 0.064 seconds
[2023-03-21T15:28:25.388+0000] {processor.py:153} INFO - Started process (PID=282) to work on /home/airflow/.local/lib/python3.7/site-packages/airflow/example_dags/example_short_circuit_operator.py
[2023-03-21T15:28:25.389+0000] {processor.py:743} INFO - Processing file /home/airflow/.local/lib/python3.7/site-packages/airflow/example_dags/example_short_circuit_operator.py for tasks to queue
[2023-03-21T15:28:25.390+0000] {logging_mixin.py:137} INFO - [2023-03-21T15:28:25.390+0000] {dagbag.py:532} INFO - Filling up the DagBag from /home/airflow/.local/lib/python3.7/site-packages/airflow/example_dags/example_short_circuit_operator.py
[2023-03-21T15:28:25.402+0000] {processor.py:753} INFO - DAG(s) dict_keys(['example_short_circuit_operator']) retrieved from /home/airflow/.local/lib/python3.7/site-packages/airflow/example_dags/example_short_circuit_operator.py
[2023-03-21T15:28:25.422+0000] {logging_mixin.py:137} INFO - [2023-03-21T15:28:25.422+0000] {dag.py:2693} INFO - Sync 1 DAGs
[2023-03-21T15:28:25.438+0000] {logging_mixin.py:137} INFO - [2023-03-21T15:28:25.438+0000] {dag.py:3444} INFO - Setting next_dagrun for example_short_circuit_operator to 2023-03-20T15:28:25.438039+00:00, run_after=2023-03-21T15:28:25.438039+00:00
[2023-03-21T15:28:25.449+0000] {processor.py:175} INFO - Processing /home/airflow/.local/lib/python3.7/site-packages/airflow/example_dags/example_short_circuit_operator.py took 0.064 seconds
[2023-03-21T15:28:55.730+0000] {processor.py:153} INFO - Started process (PID=331) to work on /home/airflow/.local/lib/python3.7/site-packages/airflow/example_dags/example_short_circuit_operator.py
[2023-03-21T15:28:55.732+0000] {processor.py:743} INFO - Processing file /home/airflow/.local/lib/python3.7/site-packages/airflow/example_dags/example_short_circuit_operator.py for tasks to queue
[2023-03-21T15:28:55.733+0000] {logging_mixin.py:137} INFO - [2023-03-21T15:28:55.733+0000] {dagbag.py:532} INFO - Filling up the DagBag from /home/airflow/.local/lib/python3.7/site-packages/airflow/example_dags/example_short_circuit_operator.py
[2023-03-21T15:28:55.745+0000] {processor.py:753} INFO - DAG(s) dict_keys(['example_short_circuit_operator']) retrieved from /home/airflow/.local/lib/python3.7/site-packages/airflow/example_dags/example_short_circuit_operator.py
[2023-03-21T15:28:55.765+0000] {logging_mixin.py:137} INFO - [2023-03-21T15:28:55.765+0000] {dag.py:2693} INFO - Sync 1 DAGs
[2023-03-21T15:28:55.781+0000] {logging_mixin.py:137} INFO - [2023-03-21T15:28:55.780+0000] {dag.py:3444} INFO - Setting next_dagrun for example_short_circuit_operator to 2023-03-20T15:28:55.780724+00:00, run_after=2023-03-21T15:28:55.780724+00:00
[2023-03-21T15:28:55.792+0000] {processor.py:175} INFO - Processing /home/airflow/.local/lib/python3.7/site-packages/airflow/example_dags/example_short_circuit_operator.py took 0.064 seconds
[2023-03-21T15:29:26.030+0000] {processor.py:153} INFO - Started process (PID=380) to work on /home/airflow/.local/lib/python3.7/site-packages/airflow/example_dags/example_short_circuit_operator.py
[2023-03-21T15:29:26.032+0000] {processor.py:743} INFO - Processing file /home/airflow/.local/lib/python3.7/site-packages/airflow/example_dags/example_short_circuit_operator.py for tasks to queue
[2023-03-21T15:29:26.032+0000] {logging_mixin.py:137} INFO - [2023-03-21T15:29:26.032+0000] {dagbag.py:532} INFO - Filling up the DagBag from /home/airflow/.local/lib/python3.7/site-packages/airflow/example_dags/example_short_circuit_operator.py
[2023-03-21T15:29:26.045+0000] {processor.py:753} INFO - DAG(s) dict_keys(['example_short_circuit_operator']) retrieved from /home/airflow/.local/lib/python3.7/site-packages/airflow/example_dags/example_short_circuit_operator.py
[2023-03-21T15:29:26.066+0000] {logging_mixin.py:137} INFO - [2023-03-21T15:29:26.066+0000] {dag.py:2693} INFO - Sync 1 DAGs
[2023-03-21T15:29:26.082+0000] {logging_mixin.py:137} INFO - [2023-03-21T15:29:26.082+0000] {dag.py:3444} INFO - Setting next_dagrun for example_short_circuit_operator to 2023-03-20T15:29:26.082253+00:00, run_after=2023-03-21T15:29:26.082253+00:00
[2023-03-21T15:29:26.094+0000] {processor.py:175} INFO - Processing /home/airflow/.local/lib/python3.7/site-packages/airflow/example_dags/example_short_circuit_operator.py took 0.067 seconds
[2023-03-21T15:29:56.284+0000] {processor.py:153} INFO - Started process (PID=429) to work on /home/airflow/.local/lib/python3.7/site-packages/airflow/example_dags/example_short_circuit_operator.py
[2023-03-21T15:29:56.285+0000] {processor.py:743} INFO - Processing file /home/airflow/.local/lib/python3.7/site-packages/airflow/example_dags/example_short_circuit_operator.py for tasks to queue
[2023-03-21T15:29:56.286+0000] {logging_mixin.py:137} INFO - [2023-03-21T15:29:56.286+0000] {dagbag.py:532} INFO - Filling up the DagBag from /home/airflow/.local/lib/python3.7/site-packages/airflow/example_dags/example_short_circuit_operator.py
[2023-03-21T15:29:56.299+0000] {processor.py:753} INFO - DAG(s) dict_keys(['example_short_circuit_operator']) retrieved from /home/airflow/.local/lib/python3.7/site-packages/airflow/example_dags/example_short_circuit_operator.py
[2023-03-21T15:29:56.320+0000] {logging_mixin.py:137} INFO - [2023-03-21T15:29:56.320+0000] {dag.py:2693} INFO - Sync 1 DAGs
[2023-03-21T15:29:56.337+0000] {logging_mixin.py:137} INFO - [2023-03-21T15:29:56.337+0000] {dag.py:3444} INFO - Setting next_dagrun for example_short_circuit_operator to 2023-03-20T15:29:56.337090+00:00, run_after=2023-03-21T15:29:56.337090+00:00
[2023-03-21T15:29:56.348+0000] {processor.py:175} INFO - Processing /home/airflow/.local/lib/python3.7/site-packages/airflow/example_dags/example_short_circuit_operator.py took 0.067 seconds
[2023-03-21T15:30:26.872+0000] {processor.py:153} INFO - Started process (PID=478) to work on /home/airflow/.local/lib/python3.7/site-packages/airflow/example_dags/example_short_circuit_operator.py
[2023-03-21T15:30:26.874+0000] {processor.py:743} INFO - Processing file /home/airflow/.local/lib/python3.7/site-packages/airflow/example_dags/example_short_circuit_operator.py for tasks to queue
[2023-03-21T15:30:26.875+0000] {logging_mixin.py:137} INFO - [2023-03-21T15:30:26.875+0000] {dagbag.py:532} INFO - Filling up the DagBag from /home/airflow/.local/lib/python3.7/site-packages/airflow/example_dags/example_short_circuit_operator.py
[2023-03-21T15:30:26.887+0000] {processor.py:753} INFO - DAG(s) dict_keys(['example_short_circuit_operator']) retrieved from /home/airflow/.local/lib/python3.7/site-packages/airflow/example_dags/example_short_circuit_operator.py
[2023-03-21T15:30:26.907+0000] {logging_mixin.py:137} INFO - [2023-03-21T15:30:26.907+0000] {dag.py:2693} INFO - Sync 1 DAGs
[2023-03-21T15:30:26.923+0000] {logging_mixin.py:137} INFO - [2023-03-21T15:30:26.922+0000] {dag.py:3444} INFO - Setting next_dagrun for example_short_circuit_operator to 2023-03-20T15:30:26.922721+00:00, run_after=2023-03-21T15:30:26.922721+00:00
[2023-03-21T15:30:26.933+0000] {processor.py:175} INFO - Processing /home/airflow/.local/lib/python3.7/site-packages/airflow/example_dags/example_short_circuit_operator.py took 0.064 seconds
[2023-03-21T15:30:57.466+0000] {processor.py:153} INFO - Started process (PID=527) to work on /home/airflow/.local/lib/python3.7/site-packages/airflow/example_dags/example_short_circuit_operator.py
[2023-03-21T15:30:57.467+0000] {processor.py:743} INFO - Processing file /home/airflow/.local/lib/python3.7/site-packages/airflow/example_dags/example_short_circuit_operator.py for tasks to queue
[2023-03-21T15:30:57.468+0000] {logging_mixin.py:137} INFO - [2023-03-21T15:30:57.468+0000] {dagbag.py:532} INFO - Filling up the DagBag from /home/airflow/.local/lib/python3.7/site-packages/airflow/example_dags/example_short_circuit_operator.py
[2023-03-21T15:30:57.480+0000] {processor.py:753} INFO - DAG(s) dict_keys(['example_short_circuit_operator']) retrieved from /home/airflow/.local/lib/python3.7/site-packages/airflow/example_dags/example_short_circuit_operator.py
[2023-03-21T15:30:57.500+0000] {logging_mixin.py:137} INFO - [2023-03-21T15:30:57.500+0000] {dag.py:2693} INFO - Sync 1 DAGs
[2023-03-21T15:30:57.516+0000] {logging_mixin.py:137} INFO - [2023-03-21T15:30:57.515+0000] {dag.py:3444} INFO - Setting next_dagrun for example_short_circuit_operator to 2023-03-20T15:30:57.515747+00:00, run_after=2023-03-21T15:30:57.515747+00:00
[2023-03-21T15:30:57.527+0000] {processor.py:175} INFO - Processing /home/airflow/.local/lib/python3.7/site-packages/airflow/example_dags/example_short_circuit_operator.py took 0.064 seconds
[2023-03-21T15:31:27.825+0000] {processor.py:153} INFO - Started process (PID=575) to work on /home/airflow/.local/lib/python3.7/site-packages/airflow/example_dags/example_short_circuit_operator.py
[2023-03-21T15:31:27.826+0000] {processor.py:743} INFO - Processing file /home/airflow/.local/lib/python3.7/site-packages/airflow/example_dags/example_short_circuit_operator.py for tasks to queue
[2023-03-21T15:31:27.827+0000] {logging_mixin.py:137} INFO - [2023-03-21T15:31:27.827+0000] {dagbag.py:532} INFO - Filling up the DagBag from /home/airflow/.local/lib/python3.7/site-packages/airflow/example_dags/example_short_circuit_operator.py
[2023-03-21T15:31:27.839+0000] {processor.py:753} INFO - DAG(s) dict_keys(['example_short_circuit_operator']) retrieved from /home/airflow/.local/lib/python3.7/site-packages/airflow/example_dags/example_short_circuit_operator.py
[2023-03-21T15:31:27.858+0000] {logging_mixin.py:137} INFO - [2023-03-21T15:31:27.858+0000] {dag.py:2693} INFO - Sync 1 DAGs
[2023-03-21T15:31:27.874+0000] {logging_mixin.py:137} INFO - [2023-03-21T15:31:27.874+0000] {dag.py:3444} INFO - Setting next_dagrun for example_short_circuit_operator to 2023-03-20T15:31:27.873947+00:00, run_after=2023-03-21T15:31:27.873947+00:00
[2023-03-21T15:31:27.889+0000] {processor.py:175} INFO - Processing /home/airflow/.local/lib/python3.7/site-packages/airflow/example_dags/example_short_circuit_operator.py took 0.067 seconds
[2023-03-21T15:31:58.226+0000] {processor.py:153} INFO - Started process (PID=624) to work on /home/airflow/.local/lib/python3.7/site-packages/airflow/example_dags/example_short_circuit_operator.py
[2023-03-21T15:31:58.228+0000] {processor.py:743} INFO - Processing file /home/airflow/.local/lib/python3.7/site-packages/airflow/example_dags/example_short_circuit_operator.py for tasks to queue
[2023-03-21T15:31:58.228+0000] {logging_mixin.py:137} INFO - [2023-03-21T15:31:58.228+0000] {dagbag.py:532} INFO - Filling up the DagBag from /home/airflow/.local/lib/python3.7/site-packages/airflow/example_dags/example_short_circuit_operator.py
[2023-03-21T15:31:58.240+0000] {processor.py:753} INFO - DAG(s) dict_keys(['example_short_circuit_operator']) retrieved from /home/airflow/.local/lib/python3.7/site-packages/airflow/example_dags/example_short_circuit_operator.py
[2023-03-21T15:31:58.261+0000] {logging_mixin.py:137} INFO - [2023-03-21T15:31:58.260+0000] {dag.py:2693} INFO - Sync 1 DAGs
[2023-03-21T15:31:58.278+0000] {logging_mixin.py:137} INFO - [2023-03-21T15:31:58.277+0000] {dag.py:3444} INFO - Setting next_dagrun for example_short_circuit_operator to 2023-03-20T15:31:58.277644+00:00, run_after=2023-03-21T15:31:58.277644+00:00
[2023-03-21T15:31:58.291+0000] {processor.py:175} INFO - Processing /home/airflow/.local/lib/python3.7/site-packages/airflow/example_dags/example_short_circuit_operator.py took 0.068 seconds
[2023-03-21T16:52:54.168+0000] {processor.py:153} INFO - Started process (PID=38) to work on /home/airflow/.local/lib/python3.7/site-packages/airflow/example_dags/example_short_circuit_operator.py
[2023-03-21T16:52:54.170+0000] {processor.py:743} INFO - Processing file /home/airflow/.local/lib/python3.7/site-packages/airflow/example_dags/example_short_circuit_operator.py for tasks to queue
[2023-03-21T16:52:54.171+0000] {logging_mixin.py:137} INFO - [2023-03-21T16:52:54.171+0000] {dagbag.py:532} INFO - Filling up the DagBag from /home/airflow/.local/lib/python3.7/site-packages/airflow/example_dags/example_short_circuit_operator.py
[2023-03-21T16:52:54.191+0000] {processor.py:753} INFO - DAG(s) dict_keys(['example_short_circuit_operator']) retrieved from /home/airflow/.local/lib/python3.7/site-packages/airflow/example_dags/example_short_circuit_operator.py
[2023-03-21T16:52:54.204+0000] {logging_mixin.py:137} INFO - [2023-03-21T16:52:54.204+0000] {dag.py:2693} INFO - Sync 1 DAGs
[2023-03-21T16:52:54.224+0000] {logging_mixin.py:137} INFO - [2023-03-21T16:52:54.224+0000] {dag.py:3444} INFO - Setting next_dagrun for example_short_circuit_operator to 2023-03-20T16:52:54.223798+00:00, run_after=2023-03-21T16:52:54.223798+00:00
[2023-03-21T16:52:54.238+0000] {processor.py:175} INFO - Processing /home/airflow/.local/lib/python3.7/site-packages/airflow/example_dags/example_short_circuit_operator.py took 0.075 seconds
[2023-03-21T16:53:24.974+0000] {processor.py:153} INFO - Started process (PID=87) to work on /home/airflow/.local/lib/python3.7/site-packages/airflow/example_dags/example_short_circuit_operator.py
[2023-03-21T16:53:24.976+0000] {processor.py:743} INFO - Processing file /home/airflow/.local/lib/python3.7/site-packages/airflow/example_dags/example_short_circuit_operator.py for tasks to queue
[2023-03-21T16:53:24.976+0000] {logging_mixin.py:137} INFO - [2023-03-21T16:53:24.976+0000] {dagbag.py:532} INFO - Filling up the DagBag from /home/airflow/.local/lib/python3.7/site-packages/airflow/example_dags/example_short_circuit_operator.py
[2023-03-21T16:53:24.994+0000] {processor.py:753} INFO - DAG(s) dict_keys(['example_short_circuit_operator']) retrieved from /home/airflow/.local/lib/python3.7/site-packages/airflow/example_dags/example_short_circuit_operator.py
[2023-03-21T16:53:25.024+0000] {logging_mixin.py:137} INFO - [2023-03-21T16:53:25.024+0000] {dag.py:2693} INFO - Sync 1 DAGs
[2023-03-21T16:53:25.044+0000] {logging_mixin.py:137} INFO - [2023-03-21T16:53:25.043+0000] {dag.py:3444} INFO - Setting next_dagrun for example_short_circuit_operator to 2023-03-20T16:53:25.043686+00:00, run_after=2023-03-21T16:53:25.043686+00:00
[2023-03-21T16:53:25.055+0000] {processor.py:175} INFO - Processing /home/airflow/.local/lib/python3.7/site-packages/airflow/example_dags/example_short_circuit_operator.py took 0.084 seconds
[2023-03-21T16:53:56.168+0000] {processor.py:153} INFO - Started process (PID=141) to work on /home/airflow/.local/lib/python3.7/site-packages/airflow/example_dags/example_short_circuit_operator.py
[2023-03-21T16:53:56.170+0000] {processor.py:743} INFO - Processing file /home/airflow/.local/lib/python3.7/site-packages/airflow/example_dags/example_short_circuit_operator.py for tasks to queue
[2023-03-21T16:53:56.174+0000] {logging_mixin.py:137} INFO - [2023-03-21T16:53:56.173+0000] {dagbag.py:532} INFO - Filling up the DagBag from /home/airflow/.local/lib/python3.7/site-packages/airflow/example_dags/example_short_circuit_operator.py
[2023-03-21T16:53:56.211+0000] {processor.py:753} INFO - DAG(s) dict_keys(['example_short_circuit_operator']) retrieved from /home/airflow/.local/lib/python3.7/site-packages/airflow/example_dags/example_short_circuit_operator.py
[2023-03-21T16:53:56.310+0000] {logging_mixin.py:137} INFO - [2023-03-21T16:53:56.310+0000] {dag.py:2693} INFO - Sync 1 DAGs
[2023-03-21T16:53:56.404+0000] {logging_mixin.py:137} INFO - [2023-03-21T16:53:56.404+0000] {dag.py:3444} INFO - Setting next_dagrun for example_short_circuit_operator to 2023-03-20T16:53:56.396015+00:00, run_after=2023-03-21T16:53:56.396015+00:00
[2023-03-21T16:53:56.492+0000] {processor.py:175} INFO - Processing /home/airflow/.local/lib/python3.7/site-packages/airflow/example_dags/example_short_circuit_operator.py took 0.329 seconds
[2023-03-21T16:54:27.766+0000] {processor.py:153} INFO - Started process (PID=191) to work on /home/airflow/.local/lib/python3.7/site-packages/airflow/example_dags/example_short_circuit_operator.py
[2023-03-21T16:54:27.775+0000] {processor.py:743} INFO - Processing file /home/airflow/.local/lib/python3.7/site-packages/airflow/example_dags/example_short_circuit_operator.py for tasks to queue
[2023-03-21T16:54:27.787+0000] {logging_mixin.py:137} INFO - [2023-03-21T16:54:27.786+0000] {dagbag.py:532} INFO - Filling up the DagBag from /home/airflow/.local/lib/python3.7/site-packages/airflow/example_dags/example_short_circuit_operator.py
[2023-03-21T16:54:27.830+0000] {processor.py:753} INFO - DAG(s) dict_keys(['example_short_circuit_operator']) retrieved from /home/airflow/.local/lib/python3.7/site-packages/airflow/example_dags/example_short_circuit_operator.py
[2023-03-21T16:54:27.905+0000] {logging_mixin.py:137} INFO - [2023-03-21T16:54:27.905+0000] {dag.py:2693} INFO - Sync 1 DAGs
[2023-03-21T16:54:27.980+0000] {logging_mixin.py:137} INFO - [2023-03-21T16:54:27.979+0000] {dag.py:3444} INFO - Setting next_dagrun for example_short_circuit_operator to 2023-03-20T16:54:27.975804+00:00, run_after=2023-03-21T16:54:27.975804+00:00
[2023-03-21T16:54:28.044+0000] {processor.py:175} INFO - Processing /home/airflow/.local/lib/python3.7/site-packages/airflow/example_dags/example_short_circuit_operator.py took 0.290 seconds
[2023-03-21T16:54:58.312+0000] {processor.py:153} INFO - Started process (PID=240) to work on /home/airflow/.local/lib/python3.7/site-packages/airflow/example_dags/example_short_circuit_operator.py
[2023-03-21T16:54:58.313+0000] {processor.py:743} INFO - Processing file /home/airflow/.local/lib/python3.7/site-packages/airflow/example_dags/example_short_circuit_operator.py for tasks to queue
[2023-03-21T16:54:58.315+0000] {logging_mixin.py:137} INFO - [2023-03-21T16:54:58.315+0000] {dagbag.py:532} INFO - Filling up the DagBag from /home/airflow/.local/lib/python3.7/site-packages/airflow/example_dags/example_short_circuit_operator.py
[2023-03-21T16:54:58.332+0000] {processor.py:753} INFO - DAG(s) dict_keys(['example_short_circuit_operator']) retrieved from /home/airflow/.local/lib/python3.7/site-packages/airflow/example_dags/example_short_circuit_operator.py
[2023-03-21T16:54:58.374+0000] {logging_mixin.py:137} INFO - [2023-03-21T16:54:58.373+0000] {dag.py:2693} INFO - Sync 1 DAGs
[2023-03-21T16:54:58.395+0000] {logging_mixin.py:137} INFO - [2023-03-21T16:54:58.395+0000] {dag.py:3444} INFO - Setting next_dagrun for example_short_circuit_operator to 2023-03-20T16:54:58.393204+00:00, run_after=2023-03-21T16:54:58.393204+00:00
[2023-03-21T16:54:58.420+0000] {processor.py:175} INFO - Processing /home/airflow/.local/lib/python3.7/site-packages/airflow/example_dags/example_short_circuit_operator.py took 0.111 seconds
[2023-03-21T16:55:28.628+0000] {processor.py:153} INFO - Started process (PID=290) to work on /home/airflow/.local/lib/python3.7/site-packages/airflow/example_dags/example_short_circuit_operator.py
[2023-03-21T16:55:28.629+0000] {processor.py:743} INFO - Processing file /home/airflow/.local/lib/python3.7/site-packages/airflow/example_dags/example_short_circuit_operator.py for tasks to queue
[2023-03-21T16:55:28.630+0000] {logging_mixin.py:137} INFO - [2023-03-21T16:55:28.630+0000] {dagbag.py:532} INFO - Filling up the DagBag from /home/airflow/.local/lib/python3.7/site-packages/airflow/example_dags/example_short_circuit_operator.py
[2023-03-21T16:55:28.645+0000] {processor.py:753} INFO - DAG(s) dict_keys(['example_short_circuit_operator']) retrieved from /home/airflow/.local/lib/python3.7/site-packages/airflow/example_dags/example_short_circuit_operator.py
[2023-03-21T16:55:28.671+0000] {logging_mixin.py:137} INFO - [2023-03-21T16:55:28.671+0000] {dag.py:2693} INFO - Sync 1 DAGs
[2023-03-21T16:55:28.692+0000] {logging_mixin.py:137} INFO - [2023-03-21T16:55:28.692+0000] {dag.py:3444} INFO - Setting next_dagrun for example_short_circuit_operator to 2023-03-20T16:55:28.692289+00:00, run_after=2023-03-21T16:55:28.692289+00:00
[2023-03-21T16:55:28.706+0000] {processor.py:175} INFO - Processing /home/airflow/.local/lib/python3.7/site-packages/airflow/example_dags/example_short_circuit_operator.py took 0.081 seconds
[2023-03-21T16:55:58.867+0000] {processor.py:153} INFO - Started process (PID=340) to work on /home/airflow/.local/lib/python3.7/site-packages/airflow/example_dags/example_short_circuit_operator.py
[2023-03-21T16:55:58.870+0000] {processor.py:743} INFO - Processing file /home/airflow/.local/lib/python3.7/site-packages/airflow/example_dags/example_short_circuit_operator.py for tasks to queue
[2023-03-21T16:55:58.872+0000] {logging_mixin.py:137} INFO - [2023-03-21T16:55:58.872+0000] {dagbag.py:532} INFO - Filling up the DagBag from /home/airflow/.local/lib/python3.7/site-packages/airflow/example_dags/example_short_circuit_operator.py
[2023-03-21T16:55:58.894+0000] {processor.py:753} INFO - DAG(s) dict_keys(['example_short_circuit_operator']) retrieved from /home/airflow/.local/lib/python3.7/site-packages/airflow/example_dags/example_short_circuit_operator.py
[2023-03-21T16:55:58.920+0000] {logging_mixin.py:137} INFO - [2023-03-21T16:55:58.920+0000] {dag.py:2693} INFO - Sync 1 DAGs
[2023-03-21T16:55:58.940+0000] {logging_mixin.py:137} INFO - [2023-03-21T16:55:58.940+0000] {dag.py:3444} INFO - Setting next_dagrun for example_short_circuit_operator to 2023-03-20T16:55:58.939890+00:00, run_after=2023-03-21T16:55:58.939890+00:00
[2023-03-21T16:55:58.954+0000] {processor.py:175} INFO - Processing /home/airflow/.local/lib/python3.7/site-packages/airflow/example_dags/example_short_circuit_operator.py took 0.092 seconds
[2023-03-21T16:56:29.808+0000] {processor.py:153} INFO - Started process (PID=391) to work on /home/airflow/.local/lib/python3.7/site-packages/airflow/example_dags/example_short_circuit_operator.py
[2023-03-21T16:56:29.810+0000] {processor.py:743} INFO - Processing file /home/airflow/.local/lib/python3.7/site-packages/airflow/example_dags/example_short_circuit_operator.py for tasks to queue
[2023-03-21T16:56:29.811+0000] {logging_mixin.py:137} INFO - [2023-03-21T16:56:29.811+0000] {dagbag.py:532} INFO - Filling up the DagBag from /home/airflow/.local/lib/python3.7/site-packages/airflow/example_dags/example_short_circuit_operator.py
[2023-03-21T16:56:29.824+0000] {processor.py:753} INFO - DAG(s) dict_keys(['example_short_circuit_operator']) retrieved from /home/airflow/.local/lib/python3.7/site-packages/airflow/example_dags/example_short_circuit_operator.py
[2023-03-21T16:56:29.851+0000] {logging_mixin.py:137} INFO - [2023-03-21T16:56:29.851+0000] {dag.py:2693} INFO - Sync 1 DAGs
[2023-03-21T16:56:29.876+0000] {logging_mixin.py:137} INFO - [2023-03-21T16:56:29.876+0000] {dag.py:3444} INFO - Setting next_dagrun for example_short_circuit_operator to 2023-03-20T16:56:29.875921+00:00, run_after=2023-03-21T16:56:29.875921+00:00
[2023-03-21T16:56:29.898+0000] {processor.py:175} INFO - Processing /home/airflow/.local/lib/python3.7/site-packages/airflow/example_dags/example_short_circuit_operator.py took 0.093 seconds
[2023-03-21T16:57:00.173+0000] {processor.py:153} INFO - Started process (PID=442) to work on /home/airflow/.local/lib/python3.7/site-packages/airflow/example_dags/example_short_circuit_operator.py
[2023-03-21T16:57:00.175+0000] {processor.py:743} INFO - Processing file /home/airflow/.local/lib/python3.7/site-packages/airflow/example_dags/example_short_circuit_operator.py for tasks to queue
[2023-03-21T16:57:00.175+0000] {logging_mixin.py:137} INFO - [2023-03-21T16:57:00.175+0000] {dagbag.py:532} INFO - Filling up the DagBag from /home/airflow/.local/lib/python3.7/site-packages/airflow/example_dags/example_short_circuit_operator.py
[2023-03-21T16:57:00.188+0000] {processor.py:753} INFO - DAG(s) dict_keys(['example_short_circuit_operator']) retrieved from /home/airflow/.local/lib/python3.7/site-packages/airflow/example_dags/example_short_circuit_operator.py
[2023-03-21T16:57:00.211+0000] {logging_mixin.py:137} INFO - [2023-03-21T16:57:00.211+0000] {dag.py:2693} INFO - Sync 1 DAGs
[2023-03-21T16:57:00.231+0000] {logging_mixin.py:137} INFO - [2023-03-21T16:57:00.231+0000] {dag.py:3444} INFO - Setting next_dagrun for example_short_circuit_operator to 2023-03-20T16:57:00.230757+00:00, run_after=2023-03-21T16:57:00.230757+00:00
[2023-03-21T16:57:00.243+0000] {processor.py:175} INFO - Processing /home/airflow/.local/lib/python3.7/site-packages/airflow/example_dags/example_short_circuit_operator.py took 0.073 seconds
[2023-03-21T16:57:30.380+0000] {processor.py:153} INFO - Started process (PID=492) to work on /home/airflow/.local/lib/python3.7/site-packages/airflow/example_dags/example_short_circuit_operator.py
[2023-03-21T16:57:30.381+0000] {processor.py:743} INFO - Processing file /home/airflow/.local/lib/python3.7/site-packages/airflow/example_dags/example_short_circuit_operator.py for tasks to queue
[2023-03-21T16:57:30.381+0000] {logging_mixin.py:137} INFO - [2023-03-21T16:57:30.381+0000] {dagbag.py:532} INFO - Filling up the DagBag from /home/airflow/.local/lib/python3.7/site-packages/airflow/example_dags/example_short_circuit_operator.py
[2023-03-21T16:57:30.393+0000] {processor.py:753} INFO - DAG(s) dict_keys(['example_short_circuit_operator']) retrieved from /home/airflow/.local/lib/python3.7/site-packages/airflow/example_dags/example_short_circuit_operator.py
[2023-03-21T16:57:30.415+0000] {logging_mixin.py:137} INFO - [2023-03-21T16:57:30.415+0000] {dag.py:2693} INFO - Sync 1 DAGs
[2023-03-21T16:57:30.432+0000] {logging_mixin.py:137} INFO - [2023-03-21T16:57:30.432+0000] {dag.py:3444} INFO - Setting next_dagrun for example_short_circuit_operator to 2023-03-20T16:57:30.432306+00:00, run_after=2023-03-21T16:57:30.432306+00:00
[2023-03-21T16:57:30.445+0000] {processor.py:175} INFO - Processing /home/airflow/.local/lib/python3.7/site-packages/airflow/example_dags/example_short_circuit_operator.py took 0.068 seconds
[2023-03-21T16:58:01.164+0000] {processor.py:153} INFO - Started process (PID=542) to work on /home/airflow/.local/lib/python3.7/site-packages/airflow/example_dags/example_short_circuit_operator.py
[2023-03-21T16:58:01.165+0000] {processor.py:743} INFO - Processing file /home/airflow/.local/lib/python3.7/site-packages/airflow/example_dags/example_short_circuit_operator.py for tasks to queue
[2023-03-21T16:58:01.166+0000] {logging_mixin.py:137} INFO - [2023-03-21T16:58:01.166+0000] {dagbag.py:532} INFO - Filling up the DagBag from /home/airflow/.local/lib/python3.7/site-packages/airflow/example_dags/example_short_circuit_operator.py
[2023-03-21T16:58:01.180+0000] {processor.py:753} INFO - DAG(s) dict_keys(['example_short_circuit_operator']) retrieved from /home/airflow/.local/lib/python3.7/site-packages/airflow/example_dags/example_short_circuit_operator.py
[2023-03-21T16:58:01.210+0000] {logging_mixin.py:137} INFO - [2023-03-21T16:58:01.210+0000] {dag.py:2693} INFO - Sync 1 DAGs
[2023-03-21T16:58:01.234+0000] {logging_mixin.py:137} INFO - [2023-03-21T16:58:01.234+0000] {dag.py:3444} INFO - Setting next_dagrun for example_short_circuit_operator to 2023-03-20T16:58:01.234257+00:00, run_after=2023-03-21T16:58:01.234257+00:00
[2023-03-21T16:58:01.250+0000] {processor.py:175} INFO - Processing /home/airflow/.local/lib/python3.7/site-packages/airflow/example_dags/example_short_circuit_operator.py took 0.088 seconds
[2023-03-21T16:58:31.736+0000] {processor.py:153} INFO - Started process (PID=592) to work on /home/airflow/.local/lib/python3.7/site-packages/airflow/example_dags/example_short_circuit_operator.py
[2023-03-21T16:58:31.737+0000] {processor.py:743} INFO - Processing file /home/airflow/.local/lib/python3.7/site-packages/airflow/example_dags/example_short_circuit_operator.py for tasks to queue
[2023-03-21T16:58:31.738+0000] {logging_mixin.py:137} INFO - [2023-03-21T16:58:31.738+0000] {dagbag.py:532} INFO - Filling up the DagBag from /home/airflow/.local/lib/python3.7/site-packages/airflow/example_dags/example_short_circuit_operator.py
[2023-03-21T16:58:31.751+0000] {processor.py:753} INFO - DAG(s) dict_keys(['example_short_circuit_operator']) retrieved from /home/airflow/.local/lib/python3.7/site-packages/airflow/example_dags/example_short_circuit_operator.py
[2023-03-21T16:58:31.776+0000] {logging_mixin.py:137} INFO - [2023-03-21T16:58:31.776+0000] {dag.py:2693} INFO - Sync 1 DAGs
[2023-03-21T16:58:31.795+0000] {logging_mixin.py:137} INFO - [2023-03-21T16:58:31.795+0000] {dag.py:3444} INFO - Setting next_dagrun for example_short_circuit_operator to 2023-03-20T16:58:31.794794+00:00, run_after=2023-03-21T16:58:31.794794+00:00
[2023-03-21T16:58:31.809+0000] {processor.py:175} INFO - Processing /home/airflow/.local/lib/python3.7/site-packages/airflow/example_dags/example_short_circuit_operator.py took 0.076 seconds
[2023-03-21T16:59:02.525+0000] {processor.py:153} INFO - Started process (PID=642) to work on /home/airflow/.local/lib/python3.7/site-packages/airflow/example_dags/example_short_circuit_operator.py
[2023-03-21T16:59:02.527+0000] {processor.py:743} INFO - Processing file /home/airflow/.local/lib/python3.7/site-packages/airflow/example_dags/example_short_circuit_operator.py for tasks to queue
[2023-03-21T16:59:02.527+0000] {logging_mixin.py:137} INFO - [2023-03-21T16:59:02.527+0000] {dagbag.py:532} INFO - Filling up the DagBag from /home/airflow/.local/lib/python3.7/site-packages/airflow/example_dags/example_short_circuit_operator.py
[2023-03-21T16:59:02.541+0000] {processor.py:753} INFO - DAG(s) dict_keys(['example_short_circuit_operator']) retrieved from /home/airflow/.local/lib/python3.7/site-packages/airflow/example_dags/example_short_circuit_operator.py
[2023-03-21T16:59:02.566+0000] {logging_mixin.py:137} INFO - [2023-03-21T16:59:02.566+0000] {dag.py:2693} INFO - Sync 1 DAGs
[2023-03-21T16:59:02.585+0000] {logging_mixin.py:137} INFO - [2023-03-21T16:59:02.585+0000] {dag.py:3444} INFO - Setting next_dagrun for example_short_circuit_operator to 2023-03-20T16:59:02.585598+00:00, run_after=2023-03-21T16:59:02.585598+00:00
[2023-03-21T16:59:02.598+0000] {processor.py:175} INFO - Processing /home/airflow/.local/lib/python3.7/site-packages/airflow/example_dags/example_short_circuit_operator.py took 0.077 seconds
[2023-03-21T16:59:33.511+0000] {processor.py:153} INFO - Started process (PID=692) to work on /home/airflow/.local/lib/python3.7/site-packages/airflow/example_dags/example_short_circuit_operator.py
[2023-03-21T16:59:33.512+0000] {processor.py:743} INFO - Processing file /home/airflow/.local/lib/python3.7/site-packages/airflow/example_dags/example_short_circuit_operator.py for tasks to queue
[2023-03-21T16:59:33.513+0000] {logging_mixin.py:137} INFO - [2023-03-21T16:59:33.513+0000] {dagbag.py:532} INFO - Filling up the DagBag from /home/airflow/.local/lib/python3.7/site-packages/airflow/example_dags/example_short_circuit_operator.py
[2023-03-21T16:59:33.526+0000] {processor.py:753} INFO - DAG(s) dict_keys(['example_short_circuit_operator']) retrieved from /home/airflow/.local/lib/python3.7/site-packages/airflow/example_dags/example_short_circuit_operator.py
[2023-03-21T16:59:33.549+0000] {logging_mixin.py:137} INFO - [2023-03-21T16:59:33.549+0000] {dag.py:2693} INFO - Sync 1 DAGs
[2023-03-21T16:59:33.576+0000] {logging_mixin.py:137} INFO - [2023-03-21T16:59:33.576+0000] {dag.py:3444} INFO - Setting next_dagrun for example_short_circuit_operator to 2023-03-20T16:59:33.576467+00:00, run_after=2023-03-21T16:59:33.576467+00:00
[2023-03-21T16:59:33.599+0000] {processor.py:175} INFO - Processing /home/airflow/.local/lib/python3.7/site-packages/airflow/example_dags/example_short_circuit_operator.py took 0.092 seconds
[2023-03-21T17:00:04.200+0000] {processor.py:153} INFO - Started process (PID=742) to work on /home/airflow/.local/lib/python3.7/site-packages/airflow/example_dags/example_short_circuit_operator.py
[2023-03-21T17:00:04.202+0000] {processor.py:743} INFO - Processing file /home/airflow/.local/lib/python3.7/site-packages/airflow/example_dags/example_short_circuit_operator.py for tasks to queue
[2023-03-21T17:00:04.202+0000] {logging_mixin.py:137} INFO - [2023-03-21T17:00:04.202+0000] {dagbag.py:532} INFO - Filling up the DagBag from /home/airflow/.local/lib/python3.7/site-packages/airflow/example_dags/example_short_circuit_operator.py
[2023-03-21T17:00:04.215+0000] {processor.py:753} INFO - DAG(s) dict_keys(['example_short_circuit_operator']) retrieved from /home/airflow/.local/lib/python3.7/site-packages/airflow/example_dags/example_short_circuit_operator.py
[2023-03-21T17:00:04.239+0000] {logging_mixin.py:137} INFO - [2023-03-21T17:00:04.239+0000] {dag.py:2693} INFO - Sync 1 DAGs
[2023-03-21T17:00:04.256+0000] {logging_mixin.py:137} INFO - [2023-03-21T17:00:04.256+0000] {dag.py:3444} INFO - Setting next_dagrun for example_short_circuit_operator to 2023-03-20T17:00:04.256329+00:00, run_after=2023-03-21T17:00:04.256329+00:00
[2023-03-21T17:00:04.270+0000] {processor.py:175} INFO - Processing /home/airflow/.local/lib/python3.7/site-packages/airflow/example_dags/example_short_circuit_operator.py took 0.072 seconds
[2023-03-21T17:00:35.209+0000] {processor.py:153} INFO - Started process (PID=792) to work on /home/airflow/.local/lib/python3.7/site-packages/airflow/example_dags/example_short_circuit_operator.py
[2023-03-21T17:00:35.211+0000] {processor.py:743} INFO - Processing file /home/airflow/.local/lib/python3.7/site-packages/airflow/example_dags/example_short_circuit_operator.py for tasks to queue
[2023-03-21T17:00:35.211+0000] {logging_mixin.py:137} INFO - [2023-03-21T17:00:35.211+0000] {dagbag.py:532} INFO - Filling up the DagBag from /home/airflow/.local/lib/python3.7/site-packages/airflow/example_dags/example_short_circuit_operator.py
[2023-03-21T17:00:35.223+0000] {processor.py:753} INFO - DAG(s) dict_keys(['example_short_circuit_operator']) retrieved from /home/airflow/.local/lib/python3.7/site-packages/airflow/example_dags/example_short_circuit_operator.py
[2023-03-21T17:00:35.245+0000] {logging_mixin.py:137} INFO - [2023-03-21T17:00:35.245+0000] {dag.py:2693} INFO - Sync 1 DAGs
[2023-03-21T17:00:35.263+0000] {logging_mixin.py:137} INFO - [2023-03-21T17:00:35.262+0000] {dag.py:3444} INFO - Setting next_dagrun for example_short_circuit_operator to 2023-03-20T17:00:35.262682+00:00, run_after=2023-03-21T17:00:35.262682+00:00
[2023-03-21T17:00:35.277+0000] {processor.py:175} INFO - Processing /home/airflow/.local/lib/python3.7/site-packages/airflow/example_dags/example_short_circuit_operator.py took 0.071 seconds
[2023-03-21T17:01:06.005+0000] {processor.py:153} INFO - Started process (PID=842) to work on /home/airflow/.local/lib/python3.7/site-packages/airflow/example_dags/example_short_circuit_operator.py
[2023-03-21T17:01:06.006+0000] {processor.py:743} INFO - Processing file /home/airflow/.local/lib/python3.7/site-packages/airflow/example_dags/example_short_circuit_operator.py for tasks to queue
[2023-03-21T17:01:06.007+0000] {logging_mixin.py:137} INFO - [2023-03-21T17:01:06.007+0000] {dagbag.py:532} INFO - Filling up the DagBag from /home/airflow/.local/lib/python3.7/site-packages/airflow/example_dags/example_short_circuit_operator.py
[2023-03-21T17:01:06.019+0000] {processor.py:753} INFO - DAG(s) dict_keys(['example_short_circuit_operator']) retrieved from /home/airflow/.local/lib/python3.7/site-packages/airflow/example_dags/example_short_circuit_operator.py
[2023-03-21T17:01:06.041+0000] {logging_mixin.py:137} INFO - [2023-03-21T17:01:06.041+0000] {dag.py:2693} INFO - Sync 1 DAGs
[2023-03-21T17:01:06.058+0000] {logging_mixin.py:137} INFO - [2023-03-21T17:01:06.058+0000] {dag.py:3444} INFO - Setting next_dagrun for example_short_circuit_operator to 2023-03-20T17:01:06.058430+00:00, run_after=2023-03-21T17:01:06.058430+00:00
[2023-03-21T17:01:06.071+0000] {processor.py:175} INFO - Processing /home/airflow/.local/lib/python3.7/site-packages/airflow/example_dags/example_short_circuit_operator.py took 0.071 seconds
[2023-03-21T17:01:36.740+0000] {processor.py:153} INFO - Started process (PID=892) to work on /home/airflow/.local/lib/python3.7/site-packages/airflow/example_dags/example_short_circuit_operator.py
[2023-03-21T17:01:36.742+0000] {processor.py:743} INFO - Processing file /home/airflow/.local/lib/python3.7/site-packages/airflow/example_dags/example_short_circuit_operator.py for tasks to queue
[2023-03-21T17:01:36.742+0000] {logging_mixin.py:137} INFO - [2023-03-21T17:01:36.742+0000] {dagbag.py:532} INFO - Filling up the DagBag from /home/airflow/.local/lib/python3.7/site-packages/airflow/example_dags/example_short_circuit_operator.py
[2023-03-21T17:01:36.755+0000] {processor.py:753} INFO - DAG(s) dict_keys(['example_short_circuit_operator']) retrieved from /home/airflow/.local/lib/python3.7/site-packages/airflow/example_dags/example_short_circuit_operator.py
[2023-03-21T17:01:36.777+0000] {logging_mixin.py:137} INFO - [2023-03-21T17:01:36.777+0000] {dag.py:2693} INFO - Sync 1 DAGs
[2023-03-21T17:01:36.794+0000] {logging_mixin.py:137} INFO - [2023-03-21T17:01:36.794+0000] {dag.py:3444} INFO - Setting next_dagrun for example_short_circuit_operator to 2023-03-20T17:01:36.794578+00:00, run_after=2023-03-21T17:01:36.794578+00:00
[2023-03-21T17:01:36.807+0000] {processor.py:175} INFO - Processing /home/airflow/.local/lib/python3.7/site-packages/airflow/example_dags/example_short_circuit_operator.py took 0.070 seconds
[2023-03-21T17:02:07.390+0000] {processor.py:153} INFO - Started process (PID=942) to work on /home/airflow/.local/lib/python3.7/site-packages/airflow/example_dags/example_short_circuit_operator.py
[2023-03-21T17:02:07.391+0000] {processor.py:743} INFO - Processing file /home/airflow/.local/lib/python3.7/site-packages/airflow/example_dags/example_short_circuit_operator.py for tasks to queue
[2023-03-21T17:02:07.392+0000] {logging_mixin.py:137} INFO - [2023-03-21T17:02:07.392+0000] {dagbag.py:532} INFO - Filling up the DagBag from /home/airflow/.local/lib/python3.7/site-packages/airflow/example_dags/example_short_circuit_operator.py
[2023-03-21T17:02:07.404+0000] {processor.py:753} INFO - DAG(s) dict_keys(['example_short_circuit_operator']) retrieved from /home/airflow/.local/lib/python3.7/site-packages/airflow/example_dags/example_short_circuit_operator.py
[2023-03-21T17:02:07.426+0000] {logging_mixin.py:137} INFO - [2023-03-21T17:02:07.426+0000] {dag.py:2693} INFO - Sync 1 DAGs
[2023-03-21T17:02:07.443+0000] {logging_mixin.py:137} INFO - [2023-03-21T17:02:07.443+0000] {dag.py:3444} INFO - Setting next_dagrun for example_short_circuit_operator to 2023-03-20T17:02:07.443042+00:00, run_after=2023-03-21T17:02:07.443042+00:00
[2023-03-21T17:02:07.455+0000] {processor.py:175} INFO - Processing /home/airflow/.local/lib/python3.7/site-packages/airflow/example_dags/example_short_circuit_operator.py took 0.068 seconds
[2023-03-21T17:02:37.985+0000] {processor.py:153} INFO - Started process (PID=992) to work on /home/airflow/.local/lib/python3.7/site-packages/airflow/example_dags/example_short_circuit_operator.py
[2023-03-21T17:02:37.986+0000] {processor.py:743} INFO - Processing file /home/airflow/.local/lib/python3.7/site-packages/airflow/example_dags/example_short_circuit_operator.py for tasks to queue
[2023-03-21T17:02:37.987+0000] {logging_mixin.py:137} INFO - [2023-03-21T17:02:37.987+0000] {dagbag.py:532} INFO - Filling up the DagBag from /home/airflow/.local/lib/python3.7/site-packages/airflow/example_dags/example_short_circuit_operator.py
[2023-03-21T17:02:37.999+0000] {processor.py:753} INFO - DAG(s) dict_keys(['example_short_circuit_operator']) retrieved from /home/airflow/.local/lib/python3.7/site-packages/airflow/example_dags/example_short_circuit_operator.py
[2023-03-21T17:02:38.020+0000] {logging_mixin.py:137} INFO - [2023-03-21T17:02:38.020+0000] {dag.py:2693} INFO - Sync 1 DAGs
[2023-03-21T17:02:38.042+0000] {logging_mixin.py:137} INFO - [2023-03-21T17:02:38.042+0000] {dag.py:3444} INFO - Setting next_dagrun for example_short_circuit_operator to 2023-03-20T17:02:38.041625+00:00, run_after=2023-03-21T17:02:38.041625+00:00
[2023-03-21T17:02:38.061+0000] {processor.py:175} INFO - Processing /home/airflow/.local/lib/python3.7/site-packages/airflow/example_dags/example_short_circuit_operator.py took 0.079 seconds
[2023-03-21T17:03:08.518+0000] {processor.py:153} INFO - Started process (PID=1042) to work on /home/airflow/.local/lib/python3.7/site-packages/airflow/example_dags/example_short_circuit_operator.py
[2023-03-21T17:03:08.520+0000] {processor.py:743} INFO - Processing file /home/airflow/.local/lib/python3.7/site-packages/airflow/example_dags/example_short_circuit_operator.py for tasks to queue
[2023-03-21T17:03:08.521+0000] {logging_mixin.py:137} INFO - [2023-03-21T17:03:08.520+0000] {dagbag.py:532} INFO - Filling up the DagBag from /home/airflow/.local/lib/python3.7/site-packages/airflow/example_dags/example_short_circuit_operator.py
[2023-03-21T17:03:08.535+0000] {processor.py:753} INFO - DAG(s) dict_keys(['example_short_circuit_operator']) retrieved from /home/airflow/.local/lib/python3.7/site-packages/airflow/example_dags/example_short_circuit_operator.py
[2023-03-21T17:03:08.560+0000] {logging_mixin.py:137} INFO - [2023-03-21T17:03:08.560+0000] {dag.py:2693} INFO - Sync 1 DAGs
[2023-03-21T17:03:08.578+0000] {logging_mixin.py:137} INFO - [2023-03-21T17:03:08.578+0000] {dag.py:3444} INFO - Setting next_dagrun for example_short_circuit_operator to 2023-03-20T17:03:08.577935+00:00, run_after=2023-03-21T17:03:08.577935+00:00
[2023-03-21T17:03:08.590+0000] {processor.py:175} INFO - Processing /home/airflow/.local/lib/python3.7/site-packages/airflow/example_dags/example_short_circuit_operator.py took 0.076 seconds
[2023-03-21T17:03:39.541+0000] {processor.py:153} INFO - Started process (PID=1092) to work on /home/airflow/.local/lib/python3.7/site-packages/airflow/example_dags/example_short_circuit_operator.py
[2023-03-21T17:03:39.542+0000] {processor.py:743} INFO - Processing file /home/airflow/.local/lib/python3.7/site-packages/airflow/example_dags/example_short_circuit_operator.py for tasks to queue
[2023-03-21T17:03:39.543+0000] {logging_mixin.py:137} INFO - [2023-03-21T17:03:39.543+0000] {dagbag.py:532} INFO - Filling up the DagBag from /home/airflow/.local/lib/python3.7/site-packages/airflow/example_dags/example_short_circuit_operator.py
[2023-03-21T17:03:39.556+0000] {processor.py:753} INFO - DAG(s) dict_keys(['example_short_circuit_operator']) retrieved from /home/airflow/.local/lib/python3.7/site-packages/airflow/example_dags/example_short_circuit_operator.py
[2023-03-21T17:03:39.581+0000] {logging_mixin.py:137} INFO - [2023-03-21T17:03:39.580+0000] {dag.py:2693} INFO - Sync 1 DAGs
[2023-03-21T17:03:39.599+0000] {logging_mixin.py:137} INFO - [2023-03-21T17:03:39.599+0000] {dag.py:3444} INFO - Setting next_dagrun for example_short_circuit_operator to 2023-03-20T17:03:39.598934+00:00, run_after=2023-03-21T17:03:39.598934+00:00
[2023-03-21T17:03:39.611+0000] {processor.py:175} INFO - Processing /home/airflow/.local/lib/python3.7/site-packages/airflow/example_dags/example_short_circuit_operator.py took 0.073 seconds
[2023-03-21T17:04:10.201+0000] {processor.py:153} INFO - Started process (PID=1141) to work on /home/airflow/.local/lib/python3.7/site-packages/airflow/example_dags/example_short_circuit_operator.py
[2023-03-21T17:04:10.202+0000] {processor.py:743} INFO - Processing file /home/airflow/.local/lib/python3.7/site-packages/airflow/example_dags/example_short_circuit_operator.py for tasks to queue
[2023-03-21T17:04:10.203+0000] {logging_mixin.py:137} INFO - [2023-03-21T17:04:10.203+0000] {dagbag.py:532} INFO - Filling up the DagBag from /home/airflow/.local/lib/python3.7/site-packages/airflow/example_dags/example_short_circuit_operator.py
[2023-03-21T17:04:10.215+0000] {processor.py:753} INFO - DAG(s) dict_keys(['example_short_circuit_operator']) retrieved from /home/airflow/.local/lib/python3.7/site-packages/airflow/example_dags/example_short_circuit_operator.py
[2023-03-21T17:04:10.236+0000] {logging_mixin.py:137} INFO - [2023-03-21T17:04:10.236+0000] {dag.py:2693} INFO - Sync 1 DAGs
[2023-03-21T17:04:10.254+0000] {logging_mixin.py:137} INFO - [2023-03-21T17:04:10.254+0000] {dag.py:3444} INFO - Setting next_dagrun for example_short_circuit_operator to 2023-03-20T17:04:10.253928+00:00, run_after=2023-03-21T17:04:10.253928+00:00
[2023-03-21T17:04:10.267+0000] {processor.py:175} INFO - Processing /home/airflow/.local/lib/python3.7/site-packages/airflow/example_dags/example_short_circuit_operator.py took 0.069 seconds
[2023-03-21T17:04:40.827+0000] {processor.py:153} INFO - Started process (PID=1191) to work on /home/airflow/.local/lib/python3.7/site-packages/airflow/example_dags/example_short_circuit_operator.py
[2023-03-21T17:04:40.828+0000] {processor.py:743} INFO - Processing file /home/airflow/.local/lib/python3.7/site-packages/airflow/example_dags/example_short_circuit_operator.py for tasks to queue
[2023-03-21T17:04:40.829+0000] {logging_mixin.py:137} INFO - [2023-03-21T17:04:40.829+0000] {dagbag.py:532} INFO - Filling up the DagBag from /home/airflow/.local/lib/python3.7/site-packages/airflow/example_dags/example_short_circuit_operator.py
[2023-03-21T17:04:40.841+0000] {processor.py:753} INFO - DAG(s) dict_keys(['example_short_circuit_operator']) retrieved from /home/airflow/.local/lib/python3.7/site-packages/airflow/example_dags/example_short_circuit_operator.py
[2023-03-21T17:04:40.862+0000] {logging_mixin.py:137} INFO - [2023-03-21T17:04:40.862+0000] {dag.py:2693} INFO - Sync 1 DAGs
[2023-03-21T17:04:40.881+0000] {logging_mixin.py:137} INFO - [2023-03-21T17:04:40.881+0000] {dag.py:3444} INFO - Setting next_dagrun for example_short_circuit_operator to 2023-03-20T17:04:40.880950+00:00, run_after=2023-03-21T17:04:40.880950+00:00
[2023-03-21T17:04:40.893+0000] {processor.py:175} INFO - Processing /home/airflow/.local/lib/python3.7/site-packages/airflow/example_dags/example_short_circuit_operator.py took 0.069 seconds
[2023-03-21T17:05:11.444+0000] {processor.py:153} INFO - Started process (PID=1241) to work on /home/airflow/.local/lib/python3.7/site-packages/airflow/example_dags/example_short_circuit_operator.py
[2023-03-21T17:05:11.445+0000] {processor.py:743} INFO - Processing file /home/airflow/.local/lib/python3.7/site-packages/airflow/example_dags/example_short_circuit_operator.py for tasks to queue
[2023-03-21T17:05:11.446+0000] {logging_mixin.py:137} INFO - [2023-03-21T17:05:11.446+0000] {dagbag.py:532} INFO - Filling up the DagBag from /home/airflow/.local/lib/python3.7/site-packages/airflow/example_dags/example_short_circuit_operator.py
[2023-03-21T17:05:11.458+0000] {processor.py:753} INFO - DAG(s) dict_keys(['example_short_circuit_operator']) retrieved from /home/airflow/.local/lib/python3.7/site-packages/airflow/example_dags/example_short_circuit_operator.py
[2023-03-21T17:05:11.481+0000] {logging_mixin.py:137} INFO - [2023-03-21T17:05:11.481+0000] {dag.py:2693} INFO - Sync 1 DAGs
[2023-03-21T17:05:11.499+0000] {logging_mixin.py:137} INFO - [2023-03-21T17:05:11.499+0000] {dag.py:3444} INFO - Setting next_dagrun for example_short_circuit_operator to 2023-03-20T17:05:11.499435+00:00, run_after=2023-03-21T17:05:11.499435+00:00
[2023-03-21T17:05:11.512+0000] {processor.py:175} INFO - Processing /home/airflow/.local/lib/python3.7/site-packages/airflow/example_dags/example_short_circuit_operator.py took 0.071 seconds
[2023-03-21T17:05:42.316+0000] {processor.py:153} INFO - Started process (PID=1290) to work on /home/airflow/.local/lib/python3.7/site-packages/airflow/example_dags/example_short_circuit_operator.py
[2023-03-21T17:05:42.317+0000] {processor.py:743} INFO - Processing file /home/airflow/.local/lib/python3.7/site-packages/airflow/example_dags/example_short_circuit_operator.py for tasks to queue
[2023-03-21T17:05:42.318+0000] {logging_mixin.py:137} INFO - [2023-03-21T17:05:42.318+0000] {dagbag.py:532} INFO - Filling up the DagBag from /home/airflow/.local/lib/python3.7/site-packages/airflow/example_dags/example_short_circuit_operator.py
[2023-03-21T17:05:42.329+0000] {processor.py:753} INFO - DAG(s) dict_keys(['example_short_circuit_operator']) retrieved from /home/airflow/.local/lib/python3.7/site-packages/airflow/example_dags/example_short_circuit_operator.py
[2023-03-21T17:05:42.351+0000] {logging_mixin.py:137} INFO - [2023-03-21T17:05:42.351+0000] {dag.py:2693} INFO - Sync 1 DAGs
[2023-03-21T17:05:42.369+0000] {logging_mixin.py:137} INFO - [2023-03-21T17:05:42.369+0000] {dag.py:3444} INFO - Setting next_dagrun for example_short_circuit_operator to 2023-03-20T17:05:42.369440+00:00, run_after=2023-03-21T17:05:42.369440+00:00
[2023-03-21T17:05:42.382+0000] {processor.py:175} INFO - Processing /home/airflow/.local/lib/python3.7/site-packages/airflow/example_dags/example_short_circuit_operator.py took 0.069 seconds
[2023-03-21T17:06:13.143+0000] {processor.py:153} INFO - Started process (PID=1340) to work on /home/airflow/.local/lib/python3.7/site-packages/airflow/example_dags/example_short_circuit_operator.py
[2023-03-21T17:06:13.144+0000] {processor.py:743} INFO - Processing file /home/airflow/.local/lib/python3.7/site-packages/airflow/example_dags/example_short_circuit_operator.py for tasks to queue
[2023-03-21T17:06:13.145+0000] {logging_mixin.py:137} INFO - [2023-03-21T17:06:13.145+0000] {dagbag.py:532} INFO - Filling up the DagBag from /home/airflow/.local/lib/python3.7/site-packages/airflow/example_dags/example_short_circuit_operator.py
[2023-03-21T17:06:13.157+0000] {processor.py:753} INFO - DAG(s) dict_keys(['example_short_circuit_operator']) retrieved from /home/airflow/.local/lib/python3.7/site-packages/airflow/example_dags/example_short_circuit_operator.py
[2023-03-21T17:06:13.179+0000] {logging_mixin.py:137} INFO - [2023-03-21T17:06:13.179+0000] {dag.py:2693} INFO - Sync 1 DAGs
[2023-03-21T17:06:13.198+0000] {logging_mixin.py:137} INFO - [2023-03-21T17:06:13.198+0000] {dag.py:3444} INFO - Setting next_dagrun for example_short_circuit_operator to 2023-03-20T17:06:13.198061+00:00, run_after=2023-03-21T17:06:13.198061+00:00
[2023-03-21T17:06:13.210+0000] {processor.py:175} INFO - Processing /home/airflow/.local/lib/python3.7/site-packages/airflow/example_dags/example_short_circuit_operator.py took 0.070 seconds
[2023-03-21T17:06:43.951+0000] {processor.py:153} INFO - Started process (PID=1390) to work on /home/airflow/.local/lib/python3.7/site-packages/airflow/example_dags/example_short_circuit_operator.py
[2023-03-21T17:06:43.953+0000] {processor.py:743} INFO - Processing file /home/airflow/.local/lib/python3.7/site-packages/airflow/example_dags/example_short_circuit_operator.py for tasks to queue
[2023-03-21T17:06:43.953+0000] {logging_mixin.py:137} INFO - [2023-03-21T17:06:43.953+0000] {dagbag.py:532} INFO - Filling up the DagBag from /home/airflow/.local/lib/python3.7/site-packages/airflow/example_dags/example_short_circuit_operator.py
[2023-03-21T17:06:43.965+0000] {processor.py:753} INFO - DAG(s) dict_keys(['example_short_circuit_operator']) retrieved from /home/airflow/.local/lib/python3.7/site-packages/airflow/example_dags/example_short_circuit_operator.py
[2023-03-21T17:06:43.986+0000] {logging_mixin.py:137} INFO - [2023-03-21T17:06:43.986+0000] {dag.py:2693} INFO - Sync 1 DAGs
[2023-03-21T17:06:44.003+0000] {logging_mixin.py:137} INFO - [2023-03-21T17:06:44.003+0000] {dag.py:3444} INFO - Setting next_dagrun for example_short_circuit_operator to 2023-03-20T17:06:44.002976+00:00, run_after=2023-03-21T17:06:44.002976+00:00
[2023-03-21T17:06:44.015+0000] {processor.py:175} INFO - Processing /home/airflow/.local/lib/python3.7/site-packages/airflow/example_dags/example_short_circuit_operator.py took 0.067 seconds
[2023-03-21T17:16:15.528+0000] {processor.py:153} INFO - Started process (PID=38) to work on /home/airflow/.local/lib/python3.7/site-packages/airflow/example_dags/example_short_circuit_operator.py
[2023-03-21T17:16:15.530+0000] {processor.py:743} INFO - Processing file /home/airflow/.local/lib/python3.7/site-packages/airflow/example_dags/example_short_circuit_operator.py for tasks to queue
[2023-03-21T17:16:15.531+0000] {logging_mixin.py:137} INFO - [2023-03-21T17:16:15.531+0000] {dagbag.py:532} INFO - Filling up the DagBag from /home/airflow/.local/lib/python3.7/site-packages/airflow/example_dags/example_short_circuit_operator.py
[2023-03-21T17:16:15.553+0000] {processor.py:753} INFO - DAG(s) dict_keys(['example_short_circuit_operator']) retrieved from /home/airflow/.local/lib/python3.7/site-packages/airflow/example_dags/example_short_circuit_operator.py
[2023-03-21T17:16:15.576+0000] {logging_mixin.py:137} INFO - [2023-03-21T17:16:15.576+0000] {dag.py:2693} INFO - Sync 1 DAGs
[2023-03-21T17:16:15.610+0000] {logging_mixin.py:137} INFO - [2023-03-21T17:16:15.610+0000] {dag.py:3444} INFO - Setting next_dagrun for example_short_circuit_operator to 2023-03-20T17:16:15.610287+00:00, run_after=2023-03-21T17:16:15.610287+00:00
[2023-03-21T17:16:15.630+0000] {processor.py:175} INFO - Processing /home/airflow/.local/lib/python3.7/site-packages/airflow/example_dags/example_short_circuit_operator.py took 0.105 seconds
[2023-03-21T17:16:46.133+0000] {processor.py:153} INFO - Started process (PID=88) to work on /home/airflow/.local/lib/python3.7/site-packages/airflow/example_dags/example_short_circuit_operator.py
[2023-03-21T17:16:46.134+0000] {processor.py:743} INFO - Processing file /home/airflow/.local/lib/python3.7/site-packages/airflow/example_dags/example_short_circuit_operator.py for tasks to queue
[2023-03-21T17:16:46.135+0000] {logging_mixin.py:137} INFO - [2023-03-21T17:16:46.135+0000] {dagbag.py:532} INFO - Filling up the DagBag from /home/airflow/.local/lib/python3.7/site-packages/airflow/example_dags/example_short_circuit_operator.py
[2023-03-21T17:16:46.147+0000] {processor.py:753} INFO - DAG(s) dict_keys(['example_short_circuit_operator']) retrieved from /home/airflow/.local/lib/python3.7/site-packages/airflow/example_dags/example_short_circuit_operator.py
[2023-03-21T17:16:46.168+0000] {logging_mixin.py:137} INFO - [2023-03-21T17:16:46.168+0000] {dag.py:2693} INFO - Sync 1 DAGs
[2023-03-21T17:16:46.190+0000] {logging_mixin.py:137} INFO - [2023-03-21T17:16:46.190+0000] {dag.py:3444} INFO - Setting next_dagrun for example_short_circuit_operator to 2023-03-20T17:16:46.188998+00:00, run_after=2023-03-21T17:16:46.188998+00:00
[2023-03-21T17:16:46.204+0000] {processor.py:175} INFO - Processing /home/airflow/.local/lib/python3.7/site-packages/airflow/example_dags/example_short_circuit_operator.py took 0.073 seconds
[2023-03-21T17:17:17.407+0000] {processor.py:153} INFO - Started process (PID=138) to work on /home/airflow/.local/lib/python3.7/site-packages/airflow/example_dags/example_short_circuit_operator.py
[2023-03-21T17:17:17.421+0000] {processor.py:743} INFO - Processing file /home/airflow/.local/lib/python3.7/site-packages/airflow/example_dags/example_short_circuit_operator.py for tasks to queue
[2023-03-21T17:17:17.426+0000] {logging_mixin.py:137} INFO - [2023-03-21T17:17:17.425+0000] {dagbag.py:532} INFO - Filling up the DagBag from /home/airflow/.local/lib/python3.7/site-packages/airflow/example_dags/example_short_circuit_operator.py
[2023-03-21T17:17:17.506+0000] {processor.py:753} INFO - DAG(s) dict_keys(['example_short_circuit_operator']) retrieved from /home/airflow/.local/lib/python3.7/site-packages/airflow/example_dags/example_short_circuit_operator.py
[2023-03-21T17:17:17.607+0000] {logging_mixin.py:137} INFO - [2023-03-21T17:17:17.606+0000] {dag.py:2693} INFO - Sync 1 DAGs
[2023-03-21T17:17:17.644+0000] {logging_mixin.py:137} INFO - [2023-03-21T17:17:17.644+0000] {dag.py:3444} INFO - Setting next_dagrun for example_short_circuit_operator to 2023-03-20T17:17:17.643355+00:00, run_after=2023-03-21T17:17:17.643355+00:00
[2023-03-21T17:17:17.700+0000] {processor.py:175} INFO - Processing /home/airflow/.local/lib/python3.7/site-packages/airflow/example_dags/example_short_circuit_operator.py took 0.300 seconds
[2023-03-21T17:17:48.466+0000] {processor.py:153} INFO - Started process (PID=187) to work on /home/airflow/.local/lib/python3.7/site-packages/airflow/example_dags/example_short_circuit_operator.py
[2023-03-21T17:17:48.467+0000] {processor.py:743} INFO - Processing file /home/airflow/.local/lib/python3.7/site-packages/airflow/example_dags/example_short_circuit_operator.py for tasks to queue
[2023-03-21T17:17:48.468+0000] {logging_mixin.py:137} INFO - [2023-03-21T17:17:48.468+0000] {dagbag.py:532} INFO - Filling up the DagBag from /home/airflow/.local/lib/python3.7/site-packages/airflow/example_dags/example_short_circuit_operator.py
[2023-03-21T17:17:48.481+0000] {processor.py:753} INFO - DAG(s) dict_keys(['example_short_circuit_operator']) retrieved from /home/airflow/.local/lib/python3.7/site-packages/airflow/example_dags/example_short_circuit_operator.py
[2023-03-21T17:17:48.504+0000] {logging_mixin.py:137} INFO - [2023-03-21T17:17:48.504+0000] {dag.py:2693} INFO - Sync 1 DAGs
[2023-03-21T17:17:48.522+0000] {logging_mixin.py:137} INFO - [2023-03-21T17:17:48.522+0000] {dag.py:3444} INFO - Setting next_dagrun for example_short_circuit_operator to 2023-03-20T17:17:48.522274+00:00, run_after=2023-03-21T17:17:48.522274+00:00
[2023-03-21T17:17:48.534+0000] {processor.py:175} INFO - Processing /home/airflow/.local/lib/python3.7/site-packages/airflow/example_dags/example_short_circuit_operator.py took 0.072 seconds
