[2023-03-21T15:25:54.141+0000] {processor.py:153} INFO - Started process (PID=56) to work on /home/airflow/.local/lib/python3.7/site-packages/airflow/example_dags/example_external_task_marker_dag.py
[2023-03-21T15:25:54.143+0000] {processor.py:743} INFO - Processing file /home/airflow/.local/lib/python3.7/site-packages/airflow/example_dags/example_external_task_marker_dag.py for tasks to queue
[2023-03-21T15:25:54.145+0000] {logging_mixin.py:137} INFO - [2023-03-21T15:25:54.145+0000] {dagbag.py:532} INFO - Filling up the DagBag from /home/airflow/.local/lib/python3.7/site-packages/airflow/example_dags/example_external_task_marker_dag.py
[2023-03-21T15:25:54.189+0000] {processor.py:753} INFO - DAG(s) dict_keys(['example_external_task_marker_parent', 'example_external_task_marker_child']) retrieved from /home/airflow/.local/lib/python3.7/site-packages/airflow/example_dags/example_external_task_marker_dag.py
[2023-03-21T15:25:54.218+0000] {logging_mixin.py:137} INFO - [2023-03-21T15:25:54.218+0000] {dag.py:2693} INFO - Sync 2 DAGs
[2023-03-21T15:25:54.259+0000] {logging_mixin.py:137} INFO - [2023-03-21T15:25:54.259+0000] {dag.py:3444} INFO - Setting next_dagrun for example_external_task_marker_child to None, run_after=None
[2023-03-21T15:25:54.263+0000] {logging_mixin.py:137} INFO - [2023-03-21T15:25:54.263+0000] {dag.py:3444} INFO - Setting next_dagrun for example_external_task_marker_parent to None, run_after=None
[2023-03-21T15:25:54.293+0000] {processor.py:175} INFO - Processing /home/airflow/.local/lib/python3.7/site-packages/airflow/example_dags/example_external_task_marker_dag.py took 0.158 seconds
[2023-03-21T15:26:25.184+0000] {processor.py:153} INFO - Started process (PID=105) to work on /home/airflow/.local/lib/python3.7/site-packages/airflow/example_dags/example_external_task_marker_dag.py
[2023-03-21T15:26:25.185+0000] {processor.py:743} INFO - Processing file /home/airflow/.local/lib/python3.7/site-packages/airflow/example_dags/example_external_task_marker_dag.py for tasks to queue
[2023-03-21T15:26:25.186+0000] {logging_mixin.py:137} INFO - [2023-03-21T15:26:25.186+0000] {dagbag.py:532} INFO - Filling up the DagBag from /home/airflow/.local/lib/python3.7/site-packages/airflow/example_dags/example_external_task_marker_dag.py
[2023-03-21T15:26:25.199+0000] {processor.py:753} INFO - DAG(s) dict_keys(['example_external_task_marker_child', 'example_external_task_marker_parent']) retrieved from /home/airflow/.local/lib/python3.7/site-packages/airflow/example_dags/example_external_task_marker_dag.py
[2023-03-21T15:26:25.251+0000] {logging_mixin.py:137} INFO - [2023-03-21T15:26:25.251+0000] {dag.py:2693} INFO - Sync 2 DAGs
[2023-03-21T15:26:25.269+0000] {logging_mixin.py:137} INFO - [2023-03-21T15:26:25.269+0000] {dag.py:3444} INFO - Setting next_dagrun for example_external_task_marker_child to None, run_after=None
[2023-03-21T15:26:25.272+0000] {logging_mixin.py:137} INFO - [2023-03-21T15:26:25.272+0000] {dag.py:3444} INFO - Setting next_dagrun for example_external_task_marker_parent to None, run_after=None
[2023-03-21T15:26:25.289+0000] {processor.py:175} INFO - Processing /home/airflow/.local/lib/python3.7/site-packages/airflow/example_dags/example_external_task_marker_dag.py took 0.108 seconds
[2023-03-21T15:26:55.763+0000] {processor.py:153} INFO - Started process (PID=154) to work on /home/airflow/.local/lib/python3.7/site-packages/airflow/example_dags/example_external_task_marker_dag.py
[2023-03-21T15:26:55.764+0000] {processor.py:743} INFO - Processing file /home/airflow/.local/lib/python3.7/site-packages/airflow/example_dags/example_external_task_marker_dag.py for tasks to queue
[2023-03-21T15:26:55.765+0000] {logging_mixin.py:137} INFO - [2023-03-21T15:26:55.765+0000] {dagbag.py:532} INFO - Filling up the DagBag from /home/airflow/.local/lib/python3.7/site-packages/airflow/example_dags/example_external_task_marker_dag.py
[2023-03-21T15:26:55.779+0000] {processor.py:753} INFO - DAG(s) dict_keys(['example_external_task_marker_parent', 'example_external_task_marker_child']) retrieved from /home/airflow/.local/lib/python3.7/site-packages/airflow/example_dags/example_external_task_marker_dag.py
[2023-03-21T15:26:55.811+0000] {logging_mixin.py:137} INFO - [2023-03-21T15:26:55.811+0000] {dag.py:2693} INFO - Sync 2 DAGs
[2023-03-21T15:26:55.834+0000] {logging_mixin.py:137} INFO - [2023-03-21T15:26:55.834+0000] {dag.py:3444} INFO - Setting next_dagrun for example_external_task_marker_child to None, run_after=None
[2023-03-21T15:26:55.836+0000] {logging_mixin.py:137} INFO - [2023-03-21T15:26:55.836+0000] {dag.py:3444} INFO - Setting next_dagrun for example_external_task_marker_parent to None, run_after=None
[2023-03-21T15:26:55.848+0000] {processor.py:175} INFO - Processing /home/airflow/.local/lib/python3.7/site-packages/airflow/example_dags/example_external_task_marker_dag.py took 0.089 seconds
[2023-03-21T15:27:26.642+0000] {processor.py:153} INFO - Started process (PID=203) to work on /home/airflow/.local/lib/python3.7/site-packages/airflow/example_dags/example_external_task_marker_dag.py
[2023-03-21T15:27:26.643+0000] {processor.py:743} INFO - Processing file /home/airflow/.local/lib/python3.7/site-packages/airflow/example_dags/example_external_task_marker_dag.py for tasks to queue
[2023-03-21T15:27:26.644+0000] {logging_mixin.py:137} INFO - [2023-03-21T15:27:26.643+0000] {dagbag.py:532} INFO - Filling up the DagBag from /home/airflow/.local/lib/python3.7/site-packages/airflow/example_dags/example_external_task_marker_dag.py
[2023-03-21T15:27:26.654+0000] {processor.py:753} INFO - DAG(s) dict_keys(['example_external_task_marker_parent', 'example_external_task_marker_child']) retrieved from /home/airflow/.local/lib/python3.7/site-packages/airflow/example_dags/example_external_task_marker_dag.py
[2023-03-21T15:27:26.676+0000] {logging_mixin.py:137} INFO - [2023-03-21T15:27:26.676+0000] {dag.py:2693} INFO - Sync 2 DAGs
[2023-03-21T15:27:26.692+0000] {logging_mixin.py:137} INFO - [2023-03-21T15:27:26.692+0000] {dag.py:3444} INFO - Setting next_dagrun for example_external_task_marker_child to None, run_after=None
[2023-03-21T15:27:26.694+0000] {logging_mixin.py:137} INFO - [2023-03-21T15:27:26.694+0000] {dag.py:3444} INFO - Setting next_dagrun for example_external_task_marker_parent to None, run_after=None
[2023-03-21T15:27:26.704+0000] {processor.py:175} INFO - Processing /home/airflow/.local/lib/python3.7/site-packages/airflow/example_dags/example_external_task_marker_dag.py took 0.065 seconds
[2023-03-21T15:27:56.994+0000] {processor.py:153} INFO - Started process (PID=252) to work on /home/airflow/.local/lib/python3.7/site-packages/airflow/example_dags/example_external_task_marker_dag.py
[2023-03-21T15:27:56.995+0000] {processor.py:743} INFO - Processing file /home/airflow/.local/lib/python3.7/site-packages/airflow/example_dags/example_external_task_marker_dag.py for tasks to queue
[2023-03-21T15:27:56.996+0000] {logging_mixin.py:137} INFO - [2023-03-21T15:27:56.996+0000] {dagbag.py:532} INFO - Filling up the DagBag from /home/airflow/.local/lib/python3.7/site-packages/airflow/example_dags/example_external_task_marker_dag.py
[2023-03-21T15:27:57.006+0000] {processor.py:753} INFO - DAG(s) dict_keys(['example_external_task_marker_parent', 'example_external_task_marker_child']) retrieved from /home/airflow/.local/lib/python3.7/site-packages/airflow/example_dags/example_external_task_marker_dag.py
[2023-03-21T15:27:57.028+0000] {logging_mixin.py:137} INFO - [2023-03-21T15:27:57.027+0000] {dag.py:2693} INFO - Sync 2 DAGs
[2023-03-21T15:27:57.043+0000] {logging_mixin.py:137} INFO - [2023-03-21T15:27:57.043+0000] {dag.py:3444} INFO - Setting next_dagrun for example_external_task_marker_child to None, run_after=None
[2023-03-21T15:27:57.045+0000] {logging_mixin.py:137} INFO - [2023-03-21T15:27:57.045+0000] {dag.py:3444} INFO - Setting next_dagrun for example_external_task_marker_parent to None, run_after=None
[2023-03-21T15:27:57.056+0000] {processor.py:175} INFO - Processing /home/airflow/.local/lib/python3.7/site-packages/airflow/example_dags/example_external_task_marker_dag.py took 0.065 seconds
[2023-03-21T15:28:27.428+0000] {processor.py:153} INFO - Started process (PID=301) to work on /home/airflow/.local/lib/python3.7/site-packages/airflow/example_dags/example_external_task_marker_dag.py
[2023-03-21T15:28:27.429+0000] {processor.py:743} INFO - Processing file /home/airflow/.local/lib/python3.7/site-packages/airflow/example_dags/example_external_task_marker_dag.py for tasks to queue
[2023-03-21T15:28:27.430+0000] {logging_mixin.py:137} INFO - [2023-03-21T15:28:27.430+0000] {dagbag.py:532} INFO - Filling up the DagBag from /home/airflow/.local/lib/python3.7/site-packages/airflow/example_dags/example_external_task_marker_dag.py
[2023-03-21T15:28:27.440+0000] {processor.py:753} INFO - DAG(s) dict_keys(['example_external_task_marker_child', 'example_external_task_marker_parent']) retrieved from /home/airflow/.local/lib/python3.7/site-packages/airflow/example_dags/example_external_task_marker_dag.py
[2023-03-21T15:28:27.461+0000] {logging_mixin.py:137} INFO - [2023-03-21T15:28:27.461+0000] {dag.py:2693} INFO - Sync 2 DAGs
[2023-03-21T15:28:27.477+0000] {logging_mixin.py:137} INFO - [2023-03-21T15:28:27.477+0000] {dag.py:3444} INFO - Setting next_dagrun for example_external_task_marker_child to None, run_after=None
[2023-03-21T15:28:27.480+0000] {logging_mixin.py:137} INFO - [2023-03-21T15:28:27.480+0000] {dag.py:3444} INFO - Setting next_dagrun for example_external_task_marker_parent to None, run_after=None
[2023-03-21T15:28:27.490+0000] {processor.py:175} INFO - Processing /home/airflow/.local/lib/python3.7/site-packages/airflow/example_dags/example_external_task_marker_dag.py took 0.065 seconds
[2023-03-21T15:28:57.699+0000] {processor.py:153} INFO - Started process (PID=350) to work on /home/airflow/.local/lib/python3.7/site-packages/airflow/example_dags/example_external_task_marker_dag.py
[2023-03-21T15:28:57.700+0000] {processor.py:743} INFO - Processing file /home/airflow/.local/lib/python3.7/site-packages/airflow/example_dags/example_external_task_marker_dag.py for tasks to queue
[2023-03-21T15:28:57.701+0000] {logging_mixin.py:137} INFO - [2023-03-21T15:28:57.701+0000] {dagbag.py:532} INFO - Filling up the DagBag from /home/airflow/.local/lib/python3.7/site-packages/airflow/example_dags/example_external_task_marker_dag.py
[2023-03-21T15:28:57.711+0000] {processor.py:753} INFO - DAG(s) dict_keys(['example_external_task_marker_child', 'example_external_task_marker_parent']) retrieved from /home/airflow/.local/lib/python3.7/site-packages/airflow/example_dags/example_external_task_marker_dag.py
[2023-03-21T15:28:57.733+0000] {logging_mixin.py:137} INFO - [2023-03-21T15:28:57.732+0000] {dag.py:2693} INFO - Sync 2 DAGs
[2023-03-21T15:28:57.748+0000] {logging_mixin.py:137} INFO - [2023-03-21T15:28:57.748+0000] {dag.py:3444} INFO - Setting next_dagrun for example_external_task_marker_child to None, run_after=None
[2023-03-21T15:28:57.751+0000] {logging_mixin.py:137} INFO - [2023-03-21T15:28:57.750+0000] {dag.py:3444} INFO - Setting next_dagrun for example_external_task_marker_parent to None, run_after=None
[2023-03-21T15:28:57.760+0000] {processor.py:175} INFO - Processing /home/airflow/.local/lib/python3.7/site-packages/airflow/example_dags/example_external_task_marker_dag.py took 0.064 seconds
[2023-03-21T15:29:27.964+0000] {processor.py:153} INFO - Started process (PID=399) to work on /home/airflow/.local/lib/python3.7/site-packages/airflow/example_dags/example_external_task_marker_dag.py
[2023-03-21T15:29:27.965+0000] {processor.py:743} INFO - Processing file /home/airflow/.local/lib/python3.7/site-packages/airflow/example_dags/example_external_task_marker_dag.py for tasks to queue
[2023-03-21T15:29:27.966+0000] {logging_mixin.py:137} INFO - [2023-03-21T15:29:27.966+0000] {dagbag.py:532} INFO - Filling up the DagBag from /home/airflow/.local/lib/python3.7/site-packages/airflow/example_dags/example_external_task_marker_dag.py
[2023-03-21T15:29:27.976+0000] {processor.py:753} INFO - DAG(s) dict_keys(['example_external_task_marker_child', 'example_external_task_marker_parent']) retrieved from /home/airflow/.local/lib/python3.7/site-packages/airflow/example_dags/example_external_task_marker_dag.py
[2023-03-21T15:29:27.997+0000] {logging_mixin.py:137} INFO - [2023-03-21T15:29:27.997+0000] {dag.py:2693} INFO - Sync 2 DAGs
[2023-03-21T15:29:28.013+0000] {logging_mixin.py:137} INFO - [2023-03-21T15:29:28.013+0000] {dag.py:3444} INFO - Setting next_dagrun for example_external_task_marker_child to None, run_after=None
[2023-03-21T15:29:28.015+0000] {logging_mixin.py:137} INFO - [2023-03-21T15:29:28.015+0000] {dag.py:3444} INFO - Setting next_dagrun for example_external_task_marker_parent to None, run_after=None
[2023-03-21T15:29:28.025+0000] {processor.py:175} INFO - Processing /home/airflow/.local/lib/python3.7/site-packages/airflow/example_dags/example_external_task_marker_dag.py took 0.064 seconds
[2023-03-21T15:29:58.424+0000] {processor.py:153} INFO - Started process (PID=448) to work on /home/airflow/.local/lib/python3.7/site-packages/airflow/example_dags/example_external_task_marker_dag.py
[2023-03-21T15:29:58.426+0000] {processor.py:743} INFO - Processing file /home/airflow/.local/lib/python3.7/site-packages/airflow/example_dags/example_external_task_marker_dag.py for tasks to queue
[2023-03-21T15:29:58.426+0000] {logging_mixin.py:137} INFO - [2023-03-21T15:29:58.426+0000] {dagbag.py:532} INFO - Filling up the DagBag from /home/airflow/.local/lib/python3.7/site-packages/airflow/example_dags/example_external_task_marker_dag.py
[2023-03-21T15:29:58.436+0000] {processor.py:753} INFO - DAG(s) dict_keys(['example_external_task_marker_child', 'example_external_task_marker_parent']) retrieved from /home/airflow/.local/lib/python3.7/site-packages/airflow/example_dags/example_external_task_marker_dag.py
[2023-03-21T15:29:58.457+0000] {logging_mixin.py:137} INFO - [2023-03-21T15:29:58.457+0000] {dag.py:2693} INFO - Sync 2 DAGs
[2023-03-21T15:29:58.473+0000] {logging_mixin.py:137} INFO - [2023-03-21T15:29:58.473+0000] {dag.py:3444} INFO - Setting next_dagrun for example_external_task_marker_child to None, run_after=None
[2023-03-21T15:29:58.476+0000] {logging_mixin.py:137} INFO - [2023-03-21T15:29:58.476+0000] {dag.py:3444} INFO - Setting next_dagrun for example_external_task_marker_parent to None, run_after=None
[2023-03-21T15:29:58.486+0000] {processor.py:175} INFO - Processing /home/airflow/.local/lib/python3.7/site-packages/airflow/example_dags/example_external_task_marker_dag.py took 0.064 seconds
[2023-03-21T15:30:28.933+0000] {processor.py:153} INFO - Started process (PID=497) to work on /home/airflow/.local/lib/python3.7/site-packages/airflow/example_dags/example_external_task_marker_dag.py
[2023-03-21T15:30:28.934+0000] {processor.py:743} INFO - Processing file /home/airflow/.local/lib/python3.7/site-packages/airflow/example_dags/example_external_task_marker_dag.py for tasks to queue
[2023-03-21T15:30:28.935+0000] {logging_mixin.py:137} INFO - [2023-03-21T15:30:28.935+0000] {dagbag.py:532} INFO - Filling up the DagBag from /home/airflow/.local/lib/python3.7/site-packages/airflow/example_dags/example_external_task_marker_dag.py
[2023-03-21T15:30:28.946+0000] {processor.py:753} INFO - DAG(s) dict_keys(['example_external_task_marker_parent', 'example_external_task_marker_child']) retrieved from /home/airflow/.local/lib/python3.7/site-packages/airflow/example_dags/example_external_task_marker_dag.py
[2023-03-21T15:30:28.970+0000] {logging_mixin.py:137} INFO - [2023-03-21T15:30:28.970+0000] {dag.py:2693} INFO - Sync 2 DAGs
[2023-03-21T15:30:28.987+0000] {logging_mixin.py:137} INFO - [2023-03-21T15:30:28.987+0000] {dag.py:3444} INFO - Setting next_dagrun for example_external_task_marker_child to None, run_after=None
[2023-03-21T15:30:28.989+0000] {logging_mixin.py:137} INFO - [2023-03-21T15:30:28.989+0000] {dag.py:3444} INFO - Setting next_dagrun for example_external_task_marker_parent to None, run_after=None
[2023-03-21T15:30:28.999+0000] {processor.py:175} INFO - Processing /home/airflow/.local/lib/python3.7/site-packages/airflow/example_dags/example_external_task_marker_dag.py took 0.069 seconds
[2023-03-21T15:30:59.292+0000] {processor.py:153} INFO - Started process (PID=546) to work on /home/airflow/.local/lib/python3.7/site-packages/airflow/example_dags/example_external_task_marker_dag.py
[2023-03-21T15:30:59.294+0000] {processor.py:743} INFO - Processing file /home/airflow/.local/lib/python3.7/site-packages/airflow/example_dags/example_external_task_marker_dag.py for tasks to queue
[2023-03-21T15:30:59.295+0000] {logging_mixin.py:137} INFO - [2023-03-21T15:30:59.294+0000] {dagbag.py:532} INFO - Filling up the DagBag from /home/airflow/.local/lib/python3.7/site-packages/airflow/example_dags/example_external_task_marker_dag.py
[2023-03-21T15:30:59.305+0000] {processor.py:753} INFO - DAG(s) dict_keys(['example_external_task_marker_parent', 'example_external_task_marker_child']) retrieved from /home/airflow/.local/lib/python3.7/site-packages/airflow/example_dags/example_external_task_marker_dag.py
[2023-03-21T15:30:59.327+0000] {logging_mixin.py:137} INFO - [2023-03-21T15:30:59.327+0000] {dag.py:2693} INFO - Sync 2 DAGs
[2023-03-21T15:30:59.343+0000] {logging_mixin.py:137} INFO - [2023-03-21T15:30:59.343+0000] {dag.py:3444} INFO - Setting next_dagrun for example_external_task_marker_child to None, run_after=None
[2023-03-21T15:30:59.345+0000] {logging_mixin.py:137} INFO - [2023-03-21T15:30:59.345+0000] {dag.py:3444} INFO - Setting next_dagrun for example_external_task_marker_parent to None, run_after=None
[2023-03-21T15:30:59.358+0000] {processor.py:175} INFO - Processing /home/airflow/.local/lib/python3.7/site-packages/airflow/example_dags/example_external_task_marker_dag.py took 0.069 seconds
[2023-03-21T15:31:29.804+0000] {processor.py:153} INFO - Started process (PID=594) to work on /home/airflow/.local/lib/python3.7/site-packages/airflow/example_dags/example_external_task_marker_dag.py
[2023-03-21T15:31:29.808+0000] {processor.py:743} INFO - Processing file /home/airflow/.local/lib/python3.7/site-packages/airflow/example_dags/example_external_task_marker_dag.py for tasks to queue
[2023-03-21T15:31:29.809+0000] {logging_mixin.py:137} INFO - [2023-03-21T15:31:29.809+0000] {dagbag.py:532} INFO - Filling up the DagBag from /home/airflow/.local/lib/python3.7/site-packages/airflow/example_dags/example_external_task_marker_dag.py
[2023-03-21T15:31:29.818+0000] {processor.py:753} INFO - DAG(s) dict_keys(['example_external_task_marker_child', 'example_external_task_marker_parent']) retrieved from /home/airflow/.local/lib/python3.7/site-packages/airflow/example_dags/example_external_task_marker_dag.py
[2023-03-21T15:31:29.840+0000] {logging_mixin.py:137} INFO - [2023-03-21T15:31:29.840+0000] {dag.py:2693} INFO - Sync 2 DAGs
[2023-03-21T15:31:29.856+0000] {logging_mixin.py:137} INFO - [2023-03-21T15:31:29.856+0000] {dag.py:3444} INFO - Setting next_dagrun for example_external_task_marker_child to None, run_after=None
[2023-03-21T15:31:29.859+0000] {logging_mixin.py:137} INFO - [2023-03-21T15:31:29.858+0000] {dag.py:3444} INFO - Setting next_dagrun for example_external_task_marker_parent to None, run_after=None
[2023-03-21T15:31:29.868+0000] {processor.py:175} INFO - Processing /home/airflow/.local/lib/python3.7/site-packages/airflow/example_dags/example_external_task_marker_dag.py took 0.067 seconds
[2023-03-21T15:32:00.250+0000] {processor.py:153} INFO - Started process (PID=643) to work on /home/airflow/.local/lib/python3.7/site-packages/airflow/example_dags/example_external_task_marker_dag.py
[2023-03-21T15:32:00.251+0000] {processor.py:743} INFO - Processing file /home/airflow/.local/lib/python3.7/site-packages/airflow/example_dags/example_external_task_marker_dag.py for tasks to queue
[2023-03-21T15:32:00.252+0000] {logging_mixin.py:137} INFO - [2023-03-21T15:32:00.252+0000] {dagbag.py:532} INFO - Filling up the DagBag from /home/airflow/.local/lib/python3.7/site-packages/airflow/example_dags/example_external_task_marker_dag.py
[2023-03-21T15:32:00.262+0000] {processor.py:753} INFO - DAG(s) dict_keys(['example_external_task_marker_parent', 'example_external_task_marker_child']) retrieved from /home/airflow/.local/lib/python3.7/site-packages/airflow/example_dags/example_external_task_marker_dag.py
[2023-03-21T15:32:00.284+0000] {logging_mixin.py:137} INFO - [2023-03-21T15:32:00.284+0000] {dag.py:2693} INFO - Sync 2 DAGs
[2023-03-21T15:32:00.300+0000] {logging_mixin.py:137} INFO - [2023-03-21T15:32:00.300+0000] {dag.py:3444} INFO - Setting next_dagrun for example_external_task_marker_child to None, run_after=None
[2023-03-21T15:32:00.303+0000] {logging_mixin.py:137} INFO - [2023-03-21T15:32:00.302+0000] {dag.py:3444} INFO - Setting next_dagrun for example_external_task_marker_parent to None, run_after=None
[2023-03-21T15:32:00.312+0000] {processor.py:175} INFO - Processing /home/airflow/.local/lib/python3.7/site-packages/airflow/example_dags/example_external_task_marker_dag.py took 0.065 seconds
[2023-03-21T16:52:56.146+0000] {processor.py:153} INFO - Started process (PID=57) to work on /home/airflow/.local/lib/python3.7/site-packages/airflow/example_dags/example_external_task_marker_dag.py
[2023-03-21T16:52:56.148+0000] {processor.py:743} INFO - Processing file /home/airflow/.local/lib/python3.7/site-packages/airflow/example_dags/example_external_task_marker_dag.py for tasks to queue
[2023-03-21T16:52:56.150+0000] {logging_mixin.py:137} INFO - [2023-03-21T16:52:56.150+0000] {dagbag.py:532} INFO - Filling up the DagBag from /home/airflow/.local/lib/python3.7/site-packages/airflow/example_dags/example_external_task_marker_dag.py
[2023-03-21T16:52:56.207+0000] {processor.py:753} INFO - DAG(s) dict_keys(['example_external_task_marker_child', 'example_external_task_marker_parent']) retrieved from /home/airflow/.local/lib/python3.7/site-packages/airflow/example_dags/example_external_task_marker_dag.py
[2023-03-21T16:52:56.236+0000] {logging_mixin.py:137} INFO - [2023-03-21T16:52:56.236+0000] {dag.py:2693} INFO - Sync 2 DAGs
[2023-03-21T16:52:56.295+0000] {logging_mixin.py:137} INFO - [2023-03-21T16:52:56.295+0000] {dag.py:3444} INFO - Setting next_dagrun for example_external_task_marker_child to None, run_after=None
[2023-03-21T16:52:56.299+0000] {logging_mixin.py:137} INFO - [2023-03-21T16:52:56.299+0000] {dag.py:3444} INFO - Setting next_dagrun for example_external_task_marker_parent to None, run_after=None
[2023-03-21T16:52:56.317+0000] {processor.py:175} INFO - Processing /home/airflow/.local/lib/python3.7/site-packages/airflow/example_dags/example_external_task_marker_dag.py took 0.175 seconds
[2023-03-21T16:53:26.943+0000] {processor.py:153} INFO - Started process (PID=106) to work on /home/airflow/.local/lib/python3.7/site-packages/airflow/example_dags/example_external_task_marker_dag.py
[2023-03-21T16:53:26.945+0000] {processor.py:743} INFO - Processing file /home/airflow/.local/lib/python3.7/site-packages/airflow/example_dags/example_external_task_marker_dag.py for tasks to queue
[2023-03-21T16:53:26.945+0000] {logging_mixin.py:137} INFO - [2023-03-21T16:53:26.945+0000] {dagbag.py:532} INFO - Filling up the DagBag from /home/airflow/.local/lib/python3.7/site-packages/airflow/example_dags/example_external_task_marker_dag.py
[2023-03-21T16:53:26.957+0000] {processor.py:753} INFO - DAG(s) dict_keys(['example_external_task_marker_child', 'example_external_task_marker_parent']) retrieved from /home/airflow/.local/lib/python3.7/site-packages/airflow/example_dags/example_external_task_marker_dag.py
[2023-03-21T16:53:27.014+0000] {logging_mixin.py:137} INFO - [2023-03-21T16:53:27.013+0000] {dag.py:2693} INFO - Sync 2 DAGs
[2023-03-21T16:53:27.029+0000] {logging_mixin.py:137} INFO - [2023-03-21T16:53:27.029+0000] {dag.py:3444} INFO - Setting next_dagrun for example_external_task_marker_child to None, run_after=None
[2023-03-21T16:53:27.032+0000] {logging_mixin.py:137} INFO - [2023-03-21T16:53:27.032+0000] {dag.py:3444} INFO - Setting next_dagrun for example_external_task_marker_parent to None, run_after=None
[2023-03-21T16:53:27.045+0000] {processor.py:175} INFO - Processing /home/airflow/.local/lib/python3.7/site-packages/airflow/example_dags/example_external_task_marker_dag.py took 0.105 seconds
[2023-03-21T16:53:58.932+0000] {processor.py:153} INFO - Started process (PID=160) to work on /home/airflow/.local/lib/python3.7/site-packages/airflow/example_dags/example_external_task_marker_dag.py
[2023-03-21T16:53:58.934+0000] {processor.py:743} INFO - Processing file /home/airflow/.local/lib/python3.7/site-packages/airflow/example_dags/example_external_task_marker_dag.py for tasks to queue
[2023-03-21T16:53:58.935+0000] {logging_mixin.py:137} INFO - [2023-03-21T16:53:58.935+0000] {dagbag.py:532} INFO - Filling up the DagBag from /home/airflow/.local/lib/python3.7/site-packages/airflow/example_dags/example_external_task_marker_dag.py
[2023-03-21T16:53:58.946+0000] {processor.py:753} INFO - DAG(s) dict_keys(['example_external_task_marker_child', 'example_external_task_marker_parent']) retrieved from /home/airflow/.local/lib/python3.7/site-packages/airflow/example_dags/example_external_task_marker_dag.py
[2023-03-21T16:53:58.970+0000] {logging_mixin.py:137} INFO - [2023-03-21T16:53:58.970+0000] {dag.py:2693} INFO - Sync 2 DAGs
[2023-03-21T16:53:58.989+0000] {logging_mixin.py:137} INFO - [2023-03-21T16:53:58.989+0000] {dag.py:3444} INFO - Setting next_dagrun for example_external_task_marker_child to None, run_after=None
[2023-03-21T16:53:58.993+0000] {logging_mixin.py:137} INFO - [2023-03-21T16:53:58.993+0000] {dag.py:3444} INFO - Setting next_dagrun for example_external_task_marker_parent to None, run_after=None
[2023-03-21T16:53:59.013+0000] {processor.py:175} INFO - Processing /home/airflow/.local/lib/python3.7/site-packages/airflow/example_dags/example_external_task_marker_dag.py took 0.084 seconds
[2023-03-21T16:54:33.454+0000] {processor.py:153} INFO - Started process (PID=210) to work on /home/airflow/.local/lib/python3.7/site-packages/airflow/example_dags/example_external_task_marker_dag.py
[2023-03-21T16:54:33.456+0000] {processor.py:743} INFO - Processing file /home/airflow/.local/lib/python3.7/site-packages/airflow/example_dags/example_external_task_marker_dag.py for tasks to queue
[2023-03-21T16:54:33.457+0000] {logging_mixin.py:137} INFO - [2023-03-21T16:54:33.457+0000] {dagbag.py:532} INFO - Filling up the DagBag from /home/airflow/.local/lib/python3.7/site-packages/airflow/example_dags/example_external_task_marker_dag.py
[2023-03-21T16:54:33.499+0000] {processor.py:753} INFO - DAG(s) dict_keys(['example_external_task_marker_child', 'example_external_task_marker_parent']) retrieved from /home/airflow/.local/lib/python3.7/site-packages/airflow/example_dags/example_external_task_marker_dag.py
[2023-03-21T16:54:33.547+0000] {logging_mixin.py:137} INFO - [2023-03-21T16:54:33.547+0000] {dag.py:2693} INFO - Sync 2 DAGs
[2023-03-21T16:54:33.625+0000] {logging_mixin.py:137} INFO - [2023-03-21T16:54:33.625+0000] {dag.py:3444} INFO - Setting next_dagrun for example_external_task_marker_child to None, run_after=None
[2023-03-21T16:54:33.642+0000] {logging_mixin.py:137} INFO - [2023-03-21T16:54:33.642+0000] {dag.py:3444} INFO - Setting next_dagrun for example_external_task_marker_parent to None, run_after=None
[2023-03-21T16:54:33.709+0000] {processor.py:175} INFO - Processing /home/airflow/.local/lib/python3.7/site-packages/airflow/example_dags/example_external_task_marker_dag.py took 0.263 seconds
[2023-03-21T16:55:03.964+0000] {processor.py:153} INFO - Started process (PID=259) to work on /home/airflow/.local/lib/python3.7/site-packages/airflow/example_dags/example_external_task_marker_dag.py
[2023-03-21T16:55:03.965+0000] {processor.py:743} INFO - Processing file /home/airflow/.local/lib/python3.7/site-packages/airflow/example_dags/example_external_task_marker_dag.py for tasks to queue
[2023-03-21T16:55:03.966+0000] {logging_mixin.py:137} INFO - [2023-03-21T16:55:03.966+0000] {dagbag.py:532} INFO - Filling up the DagBag from /home/airflow/.local/lib/python3.7/site-packages/airflow/example_dags/example_external_task_marker_dag.py
[2023-03-21T16:55:03.979+0000] {processor.py:753} INFO - DAG(s) dict_keys(['example_external_task_marker_child', 'example_external_task_marker_parent']) retrieved from /home/airflow/.local/lib/python3.7/site-packages/airflow/example_dags/example_external_task_marker_dag.py
[2023-03-21T16:55:04.004+0000] {logging_mixin.py:137} INFO - [2023-03-21T16:55:04.004+0000] {dag.py:2693} INFO - Sync 2 DAGs
[2023-03-21T16:55:04.024+0000] {logging_mixin.py:137} INFO - [2023-03-21T16:55:04.024+0000] {dag.py:3444} INFO - Setting next_dagrun for example_external_task_marker_child to None, run_after=None
[2023-03-21T16:55:04.028+0000] {logging_mixin.py:137} INFO - [2023-03-21T16:55:04.028+0000] {dag.py:3444} INFO - Setting next_dagrun for example_external_task_marker_parent to None, run_after=None
[2023-03-21T16:55:04.042+0000] {processor.py:175} INFO - Processing /home/airflow/.local/lib/python3.7/site-packages/airflow/example_dags/example_external_task_marker_dag.py took 0.082 seconds
[2023-03-21T16:55:35.199+0000] {processor.py:153} INFO - Started process (PID=309) to work on /home/airflow/.local/lib/python3.7/site-packages/airflow/example_dags/example_external_task_marker_dag.py
[2023-03-21T16:55:35.201+0000] {processor.py:743} INFO - Processing file /home/airflow/.local/lib/python3.7/site-packages/airflow/example_dags/example_external_task_marker_dag.py for tasks to queue
[2023-03-21T16:55:35.201+0000] {logging_mixin.py:137} INFO - [2023-03-21T16:55:35.201+0000] {dagbag.py:532} INFO - Filling up the DagBag from /home/airflow/.local/lib/python3.7/site-packages/airflow/example_dags/example_external_task_marker_dag.py
[2023-03-21T16:55:35.212+0000] {processor.py:753} INFO - DAG(s) dict_keys(['example_external_task_marker_child', 'example_external_task_marker_parent']) retrieved from /home/airflow/.local/lib/python3.7/site-packages/airflow/example_dags/example_external_task_marker_dag.py
[2023-03-21T16:55:35.234+0000] {logging_mixin.py:137} INFO - [2023-03-21T16:55:35.234+0000] {dag.py:2693} INFO - Sync 2 DAGs
[2023-03-21T16:55:35.257+0000] {logging_mixin.py:137} INFO - [2023-03-21T16:55:35.257+0000] {dag.py:3444} INFO - Setting next_dagrun for example_external_task_marker_child to None, run_after=None
[2023-03-21T16:55:35.261+0000] {logging_mixin.py:137} INFO - [2023-03-21T16:55:35.261+0000] {dag.py:3444} INFO - Setting next_dagrun for example_external_task_marker_parent to None, run_after=None
[2023-03-21T16:55:35.273+0000] {processor.py:175} INFO - Processing /home/airflow/.local/lib/python3.7/site-packages/airflow/example_dags/example_external_task_marker_dag.py took 0.077 seconds
[2023-03-21T16:56:06.086+0000] {processor.py:153} INFO - Started process (PID=359) to work on /home/airflow/.local/lib/python3.7/site-packages/airflow/example_dags/example_external_task_marker_dag.py
[2023-03-21T16:56:06.087+0000] {processor.py:743} INFO - Processing file /home/airflow/.local/lib/python3.7/site-packages/airflow/example_dags/example_external_task_marker_dag.py for tasks to queue
[2023-03-21T16:56:06.088+0000] {logging_mixin.py:137} INFO - [2023-03-21T16:56:06.088+0000] {dagbag.py:532} INFO - Filling up the DagBag from /home/airflow/.local/lib/python3.7/site-packages/airflow/example_dags/example_external_task_marker_dag.py
[2023-03-21T16:56:06.098+0000] {processor.py:753} INFO - DAG(s) dict_keys(['example_external_task_marker_parent', 'example_external_task_marker_child']) retrieved from /home/airflow/.local/lib/python3.7/site-packages/airflow/example_dags/example_external_task_marker_dag.py
[2023-03-21T16:56:06.120+0000] {logging_mixin.py:137} INFO - [2023-03-21T16:56:06.120+0000] {dag.py:2693} INFO - Sync 2 DAGs
[2023-03-21T16:56:06.137+0000] {logging_mixin.py:137} INFO - [2023-03-21T16:56:06.137+0000] {dag.py:3444} INFO - Setting next_dagrun for example_external_task_marker_child to None, run_after=None
[2023-03-21T16:56:06.140+0000] {logging_mixin.py:137} INFO - [2023-03-21T16:56:06.140+0000] {dag.py:3444} INFO - Setting next_dagrun for example_external_task_marker_parent to None, run_after=None
[2023-03-21T16:56:06.150+0000] {processor.py:175} INFO - Processing /home/airflow/.local/lib/python3.7/site-packages/airflow/example_dags/example_external_task_marker_dag.py took 0.067 seconds
[2023-03-21T16:56:37.123+0000] {processor.py:153} INFO - Started process (PID=410) to work on /home/airflow/.local/lib/python3.7/site-packages/airflow/example_dags/example_external_task_marker_dag.py
[2023-03-21T16:56:37.127+0000] {processor.py:743} INFO - Processing file /home/airflow/.local/lib/python3.7/site-packages/airflow/example_dags/example_external_task_marker_dag.py for tasks to queue
[2023-03-21T16:56:37.128+0000] {logging_mixin.py:137} INFO - [2023-03-21T16:56:37.128+0000] {dagbag.py:532} INFO - Filling up the DagBag from /home/airflow/.local/lib/python3.7/site-packages/airflow/example_dags/example_external_task_marker_dag.py
[2023-03-21T16:56:37.149+0000] {processor.py:753} INFO - DAG(s) dict_keys(['example_external_task_marker_child', 'example_external_task_marker_parent']) retrieved from /home/airflow/.local/lib/python3.7/site-packages/airflow/example_dags/example_external_task_marker_dag.py
[2023-03-21T16:56:37.201+0000] {logging_mixin.py:137} INFO - [2023-03-21T16:56:37.200+0000] {dag.py:2693} INFO - Sync 2 DAGs
[2023-03-21T16:56:37.237+0000] {logging_mixin.py:137} INFO - [2023-03-21T16:56:37.237+0000] {dag.py:3444} INFO - Setting next_dagrun for example_external_task_marker_child to None, run_after=None
[2023-03-21T16:56:37.242+0000] {logging_mixin.py:137} INFO - [2023-03-21T16:56:37.242+0000] {dag.py:3444} INFO - Setting next_dagrun for example_external_task_marker_parent to None, run_after=None
[2023-03-21T16:56:37.272+0000] {processor.py:175} INFO - Processing /home/airflow/.local/lib/python3.7/site-packages/airflow/example_dags/example_external_task_marker_dag.py took 0.156 seconds
[2023-03-21T16:57:07.410+0000] {processor.py:153} INFO - Started process (PID=461) to work on /home/airflow/.local/lib/python3.7/site-packages/airflow/example_dags/example_external_task_marker_dag.py
[2023-03-21T16:57:07.412+0000] {processor.py:743} INFO - Processing file /home/airflow/.local/lib/python3.7/site-packages/airflow/example_dags/example_external_task_marker_dag.py for tasks to queue
[2023-03-21T16:57:07.412+0000] {logging_mixin.py:137} INFO - [2023-03-21T16:57:07.412+0000] {dagbag.py:532} INFO - Filling up the DagBag from /home/airflow/.local/lib/python3.7/site-packages/airflow/example_dags/example_external_task_marker_dag.py
[2023-03-21T16:57:07.424+0000] {processor.py:753} INFO - DAG(s) dict_keys(['example_external_task_marker_child', 'example_external_task_marker_parent']) retrieved from /home/airflow/.local/lib/python3.7/site-packages/airflow/example_dags/example_external_task_marker_dag.py
[2023-03-21T16:57:07.449+0000] {logging_mixin.py:137} INFO - [2023-03-21T16:57:07.448+0000] {dag.py:2693} INFO - Sync 2 DAGs
[2023-03-21T16:57:07.466+0000] {logging_mixin.py:137} INFO - [2023-03-21T16:57:07.466+0000] {dag.py:3444} INFO - Setting next_dagrun for example_external_task_marker_child to None, run_after=None
[2023-03-21T16:57:07.468+0000] {logging_mixin.py:137} INFO - [2023-03-21T16:57:07.468+0000] {dag.py:3444} INFO - Setting next_dagrun for example_external_task_marker_parent to None, run_after=None
[2023-03-21T16:57:07.489+0000] {processor.py:175} INFO - Processing /home/airflow/.local/lib/python3.7/site-packages/airflow/example_dags/example_external_task_marker_dag.py took 0.082 seconds
[2023-03-21T16:57:37.600+0000] {processor.py:153} INFO - Started process (PID=511) to work on /home/airflow/.local/lib/python3.7/site-packages/airflow/example_dags/example_external_task_marker_dag.py
[2023-03-21T16:57:37.602+0000] {processor.py:743} INFO - Processing file /home/airflow/.local/lib/python3.7/site-packages/airflow/example_dags/example_external_task_marker_dag.py for tasks to queue
[2023-03-21T16:57:37.602+0000] {logging_mixin.py:137} INFO - [2023-03-21T16:57:37.602+0000] {dagbag.py:532} INFO - Filling up the DagBag from /home/airflow/.local/lib/python3.7/site-packages/airflow/example_dags/example_external_task_marker_dag.py
[2023-03-21T16:57:37.614+0000] {processor.py:753} INFO - DAG(s) dict_keys(['example_external_task_marker_parent', 'example_external_task_marker_child']) retrieved from /home/airflow/.local/lib/python3.7/site-packages/airflow/example_dags/example_external_task_marker_dag.py
[2023-03-21T16:57:37.638+0000] {logging_mixin.py:137} INFO - [2023-03-21T16:57:37.638+0000] {dag.py:2693} INFO - Sync 2 DAGs
[2023-03-21T16:57:37.658+0000] {logging_mixin.py:137} INFO - [2023-03-21T16:57:37.658+0000] {dag.py:3444} INFO - Setting next_dagrun for example_external_task_marker_child to None, run_after=None
[2023-03-21T16:57:37.662+0000] {logging_mixin.py:137} INFO - [2023-03-21T16:57:37.662+0000] {dag.py:3444} INFO - Setting next_dagrun for example_external_task_marker_parent to None, run_after=None
[2023-03-21T16:57:37.678+0000] {processor.py:175} INFO - Processing /home/airflow/.local/lib/python3.7/site-packages/airflow/example_dags/example_external_task_marker_dag.py took 0.080 seconds
[2023-03-21T16:58:08.237+0000] {processor.py:153} INFO - Started process (PID=561) to work on /home/airflow/.local/lib/python3.7/site-packages/airflow/example_dags/example_external_task_marker_dag.py
[2023-03-21T16:58:08.238+0000] {processor.py:743} INFO - Processing file /home/airflow/.local/lib/python3.7/site-packages/airflow/example_dags/example_external_task_marker_dag.py for tasks to queue
[2023-03-21T16:58:08.239+0000] {logging_mixin.py:137} INFO - [2023-03-21T16:58:08.239+0000] {dagbag.py:532} INFO - Filling up the DagBag from /home/airflow/.local/lib/python3.7/site-packages/airflow/example_dags/example_external_task_marker_dag.py
[2023-03-21T16:58:08.252+0000] {processor.py:753} INFO - DAG(s) dict_keys(['example_external_task_marker_child', 'example_external_task_marker_parent']) retrieved from /home/airflow/.local/lib/python3.7/site-packages/airflow/example_dags/example_external_task_marker_dag.py
[2023-03-21T16:58:08.275+0000] {logging_mixin.py:137} INFO - [2023-03-21T16:58:08.275+0000] {dag.py:2693} INFO - Sync 2 DAGs
[2023-03-21T16:58:08.291+0000] {logging_mixin.py:137} INFO - [2023-03-21T16:58:08.291+0000] {dag.py:3444} INFO - Setting next_dagrun for example_external_task_marker_child to None, run_after=None
[2023-03-21T16:58:08.294+0000] {logging_mixin.py:137} INFO - [2023-03-21T16:58:08.294+0000] {dag.py:3444} INFO - Setting next_dagrun for example_external_task_marker_parent to None, run_after=None
[2023-03-21T16:58:08.304+0000] {processor.py:175} INFO - Processing /home/airflow/.local/lib/python3.7/site-packages/airflow/example_dags/example_external_task_marker_dag.py took 0.070 seconds
[2023-03-21T16:58:38.910+0000] {processor.py:153} INFO - Started process (PID=611) to work on /home/airflow/.local/lib/python3.7/site-packages/airflow/example_dags/example_external_task_marker_dag.py
[2023-03-21T16:58:38.911+0000] {processor.py:743} INFO - Processing file /home/airflow/.local/lib/python3.7/site-packages/airflow/example_dags/example_external_task_marker_dag.py for tasks to queue
[2023-03-21T16:58:38.912+0000] {logging_mixin.py:137} INFO - [2023-03-21T16:58:38.912+0000] {dagbag.py:532} INFO - Filling up the DagBag from /home/airflow/.local/lib/python3.7/site-packages/airflow/example_dags/example_external_task_marker_dag.py
[2023-03-21T16:58:38.921+0000] {processor.py:753} INFO - DAG(s) dict_keys(['example_external_task_marker_child', 'example_external_task_marker_parent']) retrieved from /home/airflow/.local/lib/python3.7/site-packages/airflow/example_dags/example_external_task_marker_dag.py
[2023-03-21T16:58:38.944+0000] {logging_mixin.py:137} INFO - [2023-03-21T16:58:38.943+0000] {dag.py:2693} INFO - Sync 2 DAGs
[2023-03-21T16:58:38.961+0000] {logging_mixin.py:137} INFO - [2023-03-21T16:58:38.961+0000] {dag.py:3444} INFO - Setting next_dagrun for example_external_task_marker_child to None, run_after=None
[2023-03-21T16:58:38.964+0000] {logging_mixin.py:137} INFO - [2023-03-21T16:58:38.964+0000] {dag.py:3444} INFO - Setting next_dagrun for example_external_task_marker_parent to None, run_after=None
[2023-03-21T16:58:38.977+0000] {processor.py:175} INFO - Processing /home/airflow/.local/lib/python3.7/site-packages/airflow/example_dags/example_external_task_marker_dag.py took 0.069 seconds
[2023-03-21T16:59:09.601+0000] {processor.py:153} INFO - Started process (PID=661) to work on /home/airflow/.local/lib/python3.7/site-packages/airflow/example_dags/example_external_task_marker_dag.py
[2023-03-21T16:59:09.604+0000] {processor.py:743} INFO - Processing file /home/airflow/.local/lib/python3.7/site-packages/airflow/example_dags/example_external_task_marker_dag.py for tasks to queue
[2023-03-21T16:59:09.606+0000] {logging_mixin.py:137} INFO - [2023-03-21T16:59:09.606+0000] {dagbag.py:532} INFO - Filling up the DagBag from /home/airflow/.local/lib/python3.7/site-packages/airflow/example_dags/example_external_task_marker_dag.py
[2023-03-21T16:59:09.624+0000] {processor.py:753} INFO - DAG(s) dict_keys(['example_external_task_marker_parent', 'example_external_task_marker_child']) retrieved from /home/airflow/.local/lib/python3.7/site-packages/airflow/example_dags/example_external_task_marker_dag.py
[2023-03-21T16:59:09.655+0000] {logging_mixin.py:137} INFO - [2023-03-21T16:59:09.655+0000] {dag.py:2693} INFO - Sync 2 DAGs
[2023-03-21T16:59:09.676+0000] {logging_mixin.py:137} INFO - [2023-03-21T16:59:09.676+0000] {dag.py:3444} INFO - Setting next_dagrun for example_external_task_marker_child to None, run_after=None
[2023-03-21T16:59:09.680+0000] {logging_mixin.py:137} INFO - [2023-03-21T16:59:09.680+0000] {dag.py:3444} INFO - Setting next_dagrun for example_external_task_marker_parent to None, run_after=None
[2023-03-21T16:59:09.699+0000] {processor.py:175} INFO - Processing /home/airflow/.local/lib/python3.7/site-packages/airflow/example_dags/example_external_task_marker_dag.py took 0.102 seconds
[2023-03-21T16:59:40.464+0000] {processor.py:153} INFO - Started process (PID=711) to work on /home/airflow/.local/lib/python3.7/site-packages/airflow/example_dags/example_external_task_marker_dag.py
[2023-03-21T16:59:40.466+0000] {processor.py:743} INFO - Processing file /home/airflow/.local/lib/python3.7/site-packages/airflow/example_dags/example_external_task_marker_dag.py for tasks to queue
[2023-03-21T16:59:40.468+0000] {logging_mixin.py:137} INFO - [2023-03-21T16:59:40.467+0000] {dagbag.py:532} INFO - Filling up the DagBag from /home/airflow/.local/lib/python3.7/site-packages/airflow/example_dags/example_external_task_marker_dag.py
[2023-03-21T16:59:40.481+0000] {processor.py:753} INFO - DAG(s) dict_keys(['example_external_task_marker_parent', 'example_external_task_marker_child']) retrieved from /home/airflow/.local/lib/python3.7/site-packages/airflow/example_dags/example_external_task_marker_dag.py
[2023-03-21T16:59:40.506+0000] {logging_mixin.py:137} INFO - [2023-03-21T16:59:40.506+0000] {dag.py:2693} INFO - Sync 2 DAGs
[2023-03-21T16:59:40.525+0000] {logging_mixin.py:137} INFO - [2023-03-21T16:59:40.525+0000] {dag.py:3444} INFO - Setting next_dagrun for example_external_task_marker_child to None, run_after=None
[2023-03-21T16:59:40.529+0000] {logging_mixin.py:137} INFO - [2023-03-21T16:59:40.529+0000] {dag.py:3444} INFO - Setting next_dagrun for example_external_task_marker_parent to None, run_after=None
[2023-03-21T16:59:40.550+0000] {processor.py:175} INFO - Processing /home/airflow/.local/lib/python3.7/site-packages/airflow/example_dags/example_external_task_marker_dag.py took 0.090 seconds
[2023-03-21T17:00:11.362+0000] {processor.py:153} INFO - Started process (PID=761) to work on /home/airflow/.local/lib/python3.7/site-packages/airflow/example_dags/example_external_task_marker_dag.py
[2023-03-21T17:00:11.363+0000] {processor.py:743} INFO - Processing file /home/airflow/.local/lib/python3.7/site-packages/airflow/example_dags/example_external_task_marker_dag.py for tasks to queue
[2023-03-21T17:00:11.364+0000] {logging_mixin.py:137} INFO - [2023-03-21T17:00:11.364+0000] {dagbag.py:532} INFO - Filling up the DagBag from /home/airflow/.local/lib/python3.7/site-packages/airflow/example_dags/example_external_task_marker_dag.py
[2023-03-21T17:00:11.375+0000] {processor.py:753} INFO - DAG(s) dict_keys(['example_external_task_marker_child', 'example_external_task_marker_parent']) retrieved from /home/airflow/.local/lib/python3.7/site-packages/airflow/example_dags/example_external_task_marker_dag.py
[2023-03-21T17:00:11.397+0000] {logging_mixin.py:137} INFO - [2023-03-21T17:00:11.397+0000] {dag.py:2693} INFO - Sync 2 DAGs
[2023-03-21T17:00:11.416+0000] {logging_mixin.py:137} INFO - [2023-03-21T17:00:11.416+0000] {dag.py:3444} INFO - Setting next_dagrun for example_external_task_marker_child to None, run_after=None
[2023-03-21T17:00:11.419+0000] {logging_mixin.py:137} INFO - [2023-03-21T17:00:11.419+0000] {dag.py:3444} INFO - Setting next_dagrun for example_external_task_marker_parent to None, run_after=None
[2023-03-21T17:00:11.431+0000] {processor.py:175} INFO - Processing /home/airflow/.local/lib/python3.7/site-packages/airflow/example_dags/example_external_task_marker_dag.py took 0.072 seconds
[2023-03-21T17:00:42.422+0000] {processor.py:153} INFO - Started process (PID=811) to work on /home/airflow/.local/lib/python3.7/site-packages/airflow/example_dags/example_external_task_marker_dag.py
[2023-03-21T17:00:42.423+0000] {processor.py:743} INFO - Processing file /home/airflow/.local/lib/python3.7/site-packages/airflow/example_dags/example_external_task_marker_dag.py for tasks to queue
[2023-03-21T17:00:42.424+0000] {logging_mixin.py:137} INFO - [2023-03-21T17:00:42.424+0000] {dagbag.py:532} INFO - Filling up the DagBag from /home/airflow/.local/lib/python3.7/site-packages/airflow/example_dags/example_external_task_marker_dag.py
[2023-03-21T17:00:42.434+0000] {processor.py:753} INFO - DAG(s) dict_keys(['example_external_task_marker_child', 'example_external_task_marker_parent']) retrieved from /home/airflow/.local/lib/python3.7/site-packages/airflow/example_dags/example_external_task_marker_dag.py
[2023-03-21T17:00:42.456+0000] {logging_mixin.py:137} INFO - [2023-03-21T17:00:42.456+0000] {dag.py:2693} INFO - Sync 2 DAGs
[2023-03-21T17:00:42.473+0000] {logging_mixin.py:137} INFO - [2023-03-21T17:00:42.473+0000] {dag.py:3444} INFO - Setting next_dagrun for example_external_task_marker_child to None, run_after=None
[2023-03-21T17:00:42.475+0000] {logging_mixin.py:137} INFO - [2023-03-21T17:00:42.475+0000] {dag.py:3444} INFO - Setting next_dagrun for example_external_task_marker_parent to None, run_after=None
[2023-03-21T17:00:42.485+0000] {processor.py:175} INFO - Processing /home/airflow/.local/lib/python3.7/site-packages/airflow/example_dags/example_external_task_marker_dag.py took 0.067 seconds
[2023-03-21T17:01:13.162+0000] {processor.py:153} INFO - Started process (PID=861) to work on /home/airflow/.local/lib/python3.7/site-packages/airflow/example_dags/example_external_task_marker_dag.py
[2023-03-21T17:01:13.163+0000] {processor.py:743} INFO - Processing file /home/airflow/.local/lib/python3.7/site-packages/airflow/example_dags/example_external_task_marker_dag.py for tasks to queue
[2023-03-21T17:01:13.164+0000] {logging_mixin.py:137} INFO - [2023-03-21T17:01:13.164+0000] {dagbag.py:532} INFO - Filling up the DagBag from /home/airflow/.local/lib/python3.7/site-packages/airflow/example_dags/example_external_task_marker_dag.py
[2023-03-21T17:01:13.177+0000] {processor.py:753} INFO - DAG(s) dict_keys(['example_external_task_marker_child', 'example_external_task_marker_parent']) retrieved from /home/airflow/.local/lib/python3.7/site-packages/airflow/example_dags/example_external_task_marker_dag.py
[2023-03-21T17:01:13.203+0000] {logging_mixin.py:137} INFO - [2023-03-21T17:01:13.203+0000] {dag.py:2693} INFO - Sync 2 DAGs
[2023-03-21T17:01:13.223+0000] {logging_mixin.py:137} INFO - [2023-03-21T17:01:13.223+0000] {dag.py:3444} INFO - Setting next_dagrun for example_external_task_marker_child to None, run_after=None
[2023-03-21T17:01:13.226+0000] {logging_mixin.py:137} INFO - [2023-03-21T17:01:13.226+0000] {dag.py:3444} INFO - Setting next_dagrun for example_external_task_marker_parent to None, run_after=None
[2023-03-21T17:01:13.239+0000] {processor.py:175} INFO - Processing /home/airflow/.local/lib/python3.7/site-packages/airflow/example_dags/example_external_task_marker_dag.py took 0.081 seconds
[2023-03-21T17:01:43.884+0000] {processor.py:153} INFO - Started process (PID=911) to work on /home/airflow/.local/lib/python3.7/site-packages/airflow/example_dags/example_external_task_marker_dag.py
[2023-03-21T17:01:43.886+0000] {processor.py:743} INFO - Processing file /home/airflow/.local/lib/python3.7/site-packages/airflow/example_dags/example_external_task_marker_dag.py for tasks to queue
[2023-03-21T17:01:43.887+0000] {logging_mixin.py:137} INFO - [2023-03-21T17:01:43.887+0000] {dagbag.py:532} INFO - Filling up the DagBag from /home/airflow/.local/lib/python3.7/site-packages/airflow/example_dags/example_external_task_marker_dag.py
[2023-03-21T17:01:43.897+0000] {processor.py:753} INFO - DAG(s) dict_keys(['example_external_task_marker_child', 'example_external_task_marker_parent']) retrieved from /home/airflow/.local/lib/python3.7/site-packages/airflow/example_dags/example_external_task_marker_dag.py
[2023-03-21T17:01:43.919+0000] {logging_mixin.py:137} INFO - [2023-03-21T17:01:43.919+0000] {dag.py:2693} INFO - Sync 2 DAGs
[2023-03-21T17:01:43.936+0000] {logging_mixin.py:137} INFO - [2023-03-21T17:01:43.935+0000] {dag.py:3444} INFO - Setting next_dagrun for example_external_task_marker_child to None, run_after=None
[2023-03-21T17:01:43.938+0000] {logging_mixin.py:137} INFO - [2023-03-21T17:01:43.938+0000] {dag.py:3444} INFO - Setting next_dagrun for example_external_task_marker_parent to None, run_after=None
[2023-03-21T17:01:43.948+0000] {processor.py:175} INFO - Processing /home/airflow/.local/lib/python3.7/site-packages/airflow/example_dags/example_external_task_marker_dag.py took 0.067 seconds
[2023-03-21T17:02:14.536+0000] {processor.py:153} INFO - Started process (PID=961) to work on /home/airflow/.local/lib/python3.7/site-packages/airflow/example_dags/example_external_task_marker_dag.py
[2023-03-21T17:02:14.537+0000] {processor.py:743} INFO - Processing file /home/airflow/.local/lib/python3.7/site-packages/airflow/example_dags/example_external_task_marker_dag.py for tasks to queue
[2023-03-21T17:02:14.538+0000] {logging_mixin.py:137} INFO - [2023-03-21T17:02:14.538+0000] {dagbag.py:532} INFO - Filling up the DagBag from /home/airflow/.local/lib/python3.7/site-packages/airflow/example_dags/example_external_task_marker_dag.py
[2023-03-21T17:02:14.547+0000] {processor.py:753} INFO - DAG(s) dict_keys(['example_external_task_marker_child', 'example_external_task_marker_parent']) retrieved from /home/airflow/.local/lib/python3.7/site-packages/airflow/example_dags/example_external_task_marker_dag.py
[2023-03-21T17:02:14.569+0000] {logging_mixin.py:137} INFO - [2023-03-21T17:02:14.569+0000] {dag.py:2693} INFO - Sync 2 DAGs
[2023-03-21T17:02:14.586+0000] {logging_mixin.py:137} INFO - [2023-03-21T17:02:14.585+0000] {dag.py:3444} INFO - Setting next_dagrun for example_external_task_marker_child to None, run_after=None
[2023-03-21T17:02:14.588+0000] {logging_mixin.py:137} INFO - [2023-03-21T17:02:14.588+0000] {dag.py:3444} INFO - Setting next_dagrun for example_external_task_marker_parent to None, run_after=None
[2023-03-21T17:02:14.598+0000] {processor.py:175} INFO - Processing /home/airflow/.local/lib/python3.7/site-packages/airflow/example_dags/example_external_task_marker_dag.py took 0.065 seconds
[2023-03-21T17:02:45.345+0000] {processor.py:153} INFO - Started process (PID=1011) to work on /home/airflow/.local/lib/python3.7/site-packages/airflow/example_dags/example_external_task_marker_dag.py
[2023-03-21T17:02:45.347+0000] {processor.py:743} INFO - Processing file /home/airflow/.local/lib/python3.7/site-packages/airflow/example_dags/example_external_task_marker_dag.py for tasks to queue
[2023-03-21T17:02:45.347+0000] {logging_mixin.py:137} INFO - [2023-03-21T17:02:45.347+0000] {dagbag.py:532} INFO - Filling up the DagBag from /home/airflow/.local/lib/python3.7/site-packages/airflow/example_dags/example_external_task_marker_dag.py
[2023-03-21T17:02:45.360+0000] {processor.py:753} INFO - DAG(s) dict_keys(['example_external_task_marker_child', 'example_external_task_marker_parent']) retrieved from /home/airflow/.local/lib/python3.7/site-packages/airflow/example_dags/example_external_task_marker_dag.py
[2023-03-21T17:02:45.386+0000] {logging_mixin.py:137} INFO - [2023-03-21T17:02:45.385+0000] {dag.py:2693} INFO - Sync 2 DAGs
[2023-03-21T17:02:45.413+0000] {logging_mixin.py:137} INFO - [2023-03-21T17:02:45.413+0000] {dag.py:3444} INFO - Setting next_dagrun for example_external_task_marker_child to None, run_after=None
[2023-03-21T17:02:45.417+0000] {logging_mixin.py:137} INFO - [2023-03-21T17:02:45.417+0000] {dag.py:3444} INFO - Setting next_dagrun for example_external_task_marker_parent to None, run_after=None
[2023-03-21T17:02:45.432+0000] {processor.py:175} INFO - Processing /home/airflow/.local/lib/python3.7/site-packages/airflow/example_dags/example_external_task_marker_dag.py took 0.089 seconds
[2023-03-21T17:03:15.590+0000] {processor.py:153} INFO - Started process (PID=1060) to work on /home/airflow/.local/lib/python3.7/site-packages/airflow/example_dags/example_external_task_marker_dag.py
[2023-03-21T17:03:15.591+0000] {processor.py:743} INFO - Processing file /home/airflow/.local/lib/python3.7/site-packages/airflow/example_dags/example_external_task_marker_dag.py for tasks to queue
[2023-03-21T17:03:15.592+0000] {logging_mixin.py:137} INFO - [2023-03-21T17:03:15.592+0000] {dagbag.py:532} INFO - Filling up the DagBag from /home/airflow/.local/lib/python3.7/site-packages/airflow/example_dags/example_external_task_marker_dag.py
[2023-03-21T17:03:15.601+0000] {processor.py:753} INFO - DAG(s) dict_keys(['example_external_task_marker_parent', 'example_external_task_marker_child']) retrieved from /home/airflow/.local/lib/python3.7/site-packages/airflow/example_dags/example_external_task_marker_dag.py
[2023-03-21T17:03:15.622+0000] {logging_mixin.py:137} INFO - [2023-03-21T17:03:15.622+0000] {dag.py:2693} INFO - Sync 2 DAGs
[2023-03-21T17:03:15.638+0000] {logging_mixin.py:137} INFO - [2023-03-21T17:03:15.638+0000] {dag.py:3444} INFO - Setting next_dagrun for example_external_task_marker_child to None, run_after=None
[2023-03-21T17:03:15.640+0000] {logging_mixin.py:137} INFO - [2023-03-21T17:03:15.640+0000] {dag.py:3444} INFO - Setting next_dagrun for example_external_task_marker_parent to None, run_after=None
[2023-03-21T17:03:15.650+0000] {processor.py:175} INFO - Processing /home/airflow/.local/lib/python3.7/site-packages/airflow/example_dags/example_external_task_marker_dag.py took 0.063 seconds
[2023-03-21T17:03:46.215+0000] {processor.py:153} INFO - Started process (PID=1111) to work on /home/airflow/.local/lib/python3.7/site-packages/airflow/example_dags/example_external_task_marker_dag.py
[2023-03-21T17:03:46.218+0000] {processor.py:743} INFO - Processing file /home/airflow/.local/lib/python3.7/site-packages/airflow/example_dags/example_external_task_marker_dag.py for tasks to queue
[2023-03-21T17:03:46.220+0000] {logging_mixin.py:137} INFO - [2023-03-21T17:03:46.219+0000] {dagbag.py:532} INFO - Filling up the DagBag from /home/airflow/.local/lib/python3.7/site-packages/airflow/example_dags/example_external_task_marker_dag.py
[2023-03-21T17:03:46.234+0000] {processor.py:753} INFO - DAG(s) dict_keys(['example_external_task_marker_parent', 'example_external_task_marker_child']) retrieved from /home/airflow/.local/lib/python3.7/site-packages/airflow/example_dags/example_external_task_marker_dag.py
[2023-03-21T17:03:46.276+0000] {logging_mixin.py:137} INFO - [2023-03-21T17:03:46.276+0000] {dag.py:2693} INFO - Sync 2 DAGs
[2023-03-21T17:03:46.312+0000] {logging_mixin.py:137} INFO - [2023-03-21T17:03:46.312+0000] {dag.py:3444} INFO - Setting next_dagrun for example_external_task_marker_child to None, run_after=None
[2023-03-21T17:03:46.316+0000] {logging_mixin.py:137} INFO - [2023-03-21T17:03:46.316+0000] {dag.py:3444} INFO - Setting next_dagrun for example_external_task_marker_parent to None, run_after=None
[2023-03-21T17:03:46.351+0000] {processor.py:175} INFO - Processing /home/airflow/.local/lib/python3.7/site-packages/airflow/example_dags/example_external_task_marker_dag.py took 0.141 seconds
[2023-03-21T17:04:17.376+0000] {processor.py:153} INFO - Started process (PID=1160) to work on /home/airflow/.local/lib/python3.7/site-packages/airflow/example_dags/example_external_task_marker_dag.py
[2023-03-21T17:04:17.377+0000] {processor.py:743} INFO - Processing file /home/airflow/.local/lib/python3.7/site-packages/airflow/example_dags/example_external_task_marker_dag.py for tasks to queue
[2023-03-21T17:04:17.378+0000] {logging_mixin.py:137} INFO - [2023-03-21T17:04:17.378+0000] {dagbag.py:532} INFO - Filling up the DagBag from /home/airflow/.local/lib/python3.7/site-packages/airflow/example_dags/example_external_task_marker_dag.py
[2023-03-21T17:04:17.389+0000] {processor.py:753} INFO - DAG(s) dict_keys(['example_external_task_marker_parent', 'example_external_task_marker_child']) retrieved from /home/airflow/.local/lib/python3.7/site-packages/airflow/example_dags/example_external_task_marker_dag.py
[2023-03-21T17:04:17.413+0000] {logging_mixin.py:137} INFO - [2023-03-21T17:04:17.413+0000] {dag.py:2693} INFO - Sync 2 DAGs
[2023-03-21T17:04:17.431+0000] {logging_mixin.py:137} INFO - [2023-03-21T17:04:17.431+0000] {dag.py:3444} INFO - Setting next_dagrun for example_external_task_marker_child to None, run_after=None
[2023-03-21T17:04:17.434+0000] {logging_mixin.py:137} INFO - [2023-03-21T17:04:17.434+0000] {dag.py:3444} INFO - Setting next_dagrun for example_external_task_marker_parent to None, run_after=None
[2023-03-21T17:04:17.445+0000] {processor.py:175} INFO - Processing /home/airflow/.local/lib/python3.7/site-packages/airflow/example_dags/example_external_task_marker_dag.py took 0.074 seconds
[2023-03-21T17:04:47.954+0000] {processor.py:153} INFO - Started process (PID=1210) to work on /home/airflow/.local/lib/python3.7/site-packages/airflow/example_dags/example_external_task_marker_dag.py
[2023-03-21T17:04:47.955+0000] {processor.py:743} INFO - Processing file /home/airflow/.local/lib/python3.7/site-packages/airflow/example_dags/example_external_task_marker_dag.py for tasks to queue
[2023-03-21T17:04:47.956+0000] {logging_mixin.py:137} INFO - [2023-03-21T17:04:47.956+0000] {dagbag.py:532} INFO - Filling up the DagBag from /home/airflow/.local/lib/python3.7/site-packages/airflow/example_dags/example_external_task_marker_dag.py
[2023-03-21T17:04:47.966+0000] {processor.py:753} INFO - DAG(s) dict_keys(['example_external_task_marker_parent', 'example_external_task_marker_child']) retrieved from /home/airflow/.local/lib/python3.7/site-packages/airflow/example_dags/example_external_task_marker_dag.py
[2023-03-21T17:04:47.988+0000] {logging_mixin.py:137} INFO - [2023-03-21T17:04:47.988+0000] {dag.py:2693} INFO - Sync 2 DAGs
[2023-03-21T17:04:48.006+0000] {logging_mixin.py:137} INFO - [2023-03-21T17:04:48.006+0000] {dag.py:3444} INFO - Setting next_dagrun for example_external_task_marker_child to None, run_after=None
[2023-03-21T17:04:48.008+0000] {logging_mixin.py:137} INFO - [2023-03-21T17:04:48.008+0000] {dag.py:3444} INFO - Setting next_dagrun for example_external_task_marker_parent to None, run_after=None
[2023-03-21T17:04:48.019+0000] {processor.py:175} INFO - Processing /home/airflow/.local/lib/python3.7/site-packages/airflow/example_dags/example_external_task_marker_dag.py took 0.068 seconds
[2023-03-21T17:05:18.778+0000] {processor.py:153} INFO - Started process (PID=1260) to work on /home/airflow/.local/lib/python3.7/site-packages/airflow/example_dags/example_external_task_marker_dag.py
[2023-03-21T17:05:18.780+0000] {processor.py:743} INFO - Processing file /home/airflow/.local/lib/python3.7/site-packages/airflow/example_dags/example_external_task_marker_dag.py for tasks to queue
[2023-03-21T17:05:18.780+0000] {logging_mixin.py:137} INFO - [2023-03-21T17:05:18.780+0000] {dagbag.py:532} INFO - Filling up the DagBag from /home/airflow/.local/lib/python3.7/site-packages/airflow/example_dags/example_external_task_marker_dag.py
[2023-03-21T17:05:18.791+0000] {processor.py:753} INFO - DAG(s) dict_keys(['example_external_task_marker_parent', 'example_external_task_marker_child']) retrieved from /home/airflow/.local/lib/python3.7/site-packages/airflow/example_dags/example_external_task_marker_dag.py
[2023-03-21T17:05:18.816+0000] {logging_mixin.py:137} INFO - [2023-03-21T17:05:18.816+0000] {dag.py:2693} INFO - Sync 2 DAGs
[2023-03-21T17:05:18.834+0000] {logging_mixin.py:137} INFO - [2023-03-21T17:05:18.834+0000] {dag.py:3444} INFO - Setting next_dagrun for example_external_task_marker_child to None, run_after=None
[2023-03-21T17:05:18.849+0000] {logging_mixin.py:137} INFO - [2023-03-21T17:05:18.848+0000] {dag.py:3444} INFO - Setting next_dagrun for example_external_task_marker_parent to None, run_after=None
[2023-03-21T17:05:18.866+0000] {processor.py:175} INFO - Processing /home/airflow/.local/lib/python3.7/site-packages/airflow/example_dags/example_external_task_marker_dag.py took 0.091 seconds
[2023-03-21T17:05:49.453+0000] {processor.py:153} INFO - Started process (PID=1316) to work on /home/airflow/.local/lib/python3.7/site-packages/airflow/example_dags/example_external_task_marker_dag.py
[2023-03-21T17:05:49.454+0000] {processor.py:743} INFO - Processing file /home/airflow/.local/lib/python3.7/site-packages/airflow/example_dags/example_external_task_marker_dag.py for tasks to queue
[2023-03-21T17:05:49.455+0000] {logging_mixin.py:137} INFO - [2023-03-21T17:05:49.455+0000] {dagbag.py:532} INFO - Filling up the DagBag from /home/airflow/.local/lib/python3.7/site-packages/airflow/example_dags/example_external_task_marker_dag.py
[2023-03-21T17:05:49.466+0000] {processor.py:753} INFO - DAG(s) dict_keys(['example_external_task_marker_child', 'example_external_task_marker_parent']) retrieved from /home/airflow/.local/lib/python3.7/site-packages/airflow/example_dags/example_external_task_marker_dag.py
[2023-03-21T17:05:49.490+0000] {logging_mixin.py:137} INFO - [2023-03-21T17:05:49.490+0000] {dag.py:2693} INFO - Sync 2 DAGs
[2023-03-21T17:05:49.507+0000] {logging_mixin.py:137} INFO - [2023-03-21T17:05:49.506+0000] {dag.py:3444} INFO - Setting next_dagrun for example_external_task_marker_child to None, run_after=None
[2023-03-21T17:05:49.509+0000] {logging_mixin.py:137} INFO - [2023-03-21T17:05:49.509+0000] {dag.py:3444} INFO - Setting next_dagrun for example_external_task_marker_parent to None, run_after=None
[2023-03-21T17:05:49.519+0000] {processor.py:175} INFO - Processing /home/airflow/.local/lib/python3.7/site-packages/airflow/example_dags/example_external_task_marker_dag.py took 0.069 seconds
[2023-03-21T17:06:20.204+0000] {processor.py:153} INFO - Started process (PID=1366) to work on /home/airflow/.local/lib/python3.7/site-packages/airflow/example_dags/example_external_task_marker_dag.py
[2023-03-21T17:06:20.206+0000] {processor.py:743} INFO - Processing file /home/airflow/.local/lib/python3.7/site-packages/airflow/example_dags/example_external_task_marker_dag.py for tasks to queue
[2023-03-21T17:06:20.207+0000] {logging_mixin.py:137} INFO - [2023-03-21T17:06:20.206+0000] {dagbag.py:532} INFO - Filling up the DagBag from /home/airflow/.local/lib/python3.7/site-packages/airflow/example_dags/example_external_task_marker_dag.py
[2023-03-21T17:06:20.224+0000] {processor.py:753} INFO - DAG(s) dict_keys(['example_external_task_marker_child', 'example_external_task_marker_parent']) retrieved from /home/airflow/.local/lib/python3.7/site-packages/airflow/example_dags/example_external_task_marker_dag.py
[2023-03-21T17:06:20.249+0000] {logging_mixin.py:137} INFO - [2023-03-21T17:06:20.249+0000] {dag.py:2693} INFO - Sync 2 DAGs
[2023-03-21T17:06:20.280+0000] {logging_mixin.py:137} INFO - [2023-03-21T17:06:20.280+0000] {dag.py:3444} INFO - Setting next_dagrun for example_external_task_marker_child to None, run_after=None
[2023-03-21T17:06:20.283+0000] {logging_mixin.py:137} INFO - [2023-03-21T17:06:20.283+0000] {dag.py:3444} INFO - Setting next_dagrun for example_external_task_marker_parent to None, run_after=None
[2023-03-21T17:06:20.294+0000] {processor.py:175} INFO - Processing /home/airflow/.local/lib/python3.7/site-packages/airflow/example_dags/example_external_task_marker_dag.py took 0.093 seconds
[2023-03-21T17:06:51.151+0000] {processor.py:153} INFO - Started process (PID=1416) to work on /home/airflow/.local/lib/python3.7/site-packages/airflow/example_dags/example_external_task_marker_dag.py
[2023-03-21T17:06:51.152+0000] {processor.py:743} INFO - Processing file /home/airflow/.local/lib/python3.7/site-packages/airflow/example_dags/example_external_task_marker_dag.py for tasks to queue
[2023-03-21T17:06:51.153+0000] {logging_mixin.py:137} INFO - [2023-03-21T17:06:51.153+0000] {dagbag.py:532} INFO - Filling up the DagBag from /home/airflow/.local/lib/python3.7/site-packages/airflow/example_dags/example_external_task_marker_dag.py
[2023-03-21T17:06:51.163+0000] {processor.py:753} INFO - DAG(s) dict_keys(['example_external_task_marker_parent', 'example_external_task_marker_child']) retrieved from /home/airflow/.local/lib/python3.7/site-packages/airflow/example_dags/example_external_task_marker_dag.py
[2023-03-21T17:06:51.186+0000] {logging_mixin.py:137} INFO - [2023-03-21T17:06:51.186+0000] {dag.py:2693} INFO - Sync 2 DAGs
[2023-03-21T17:06:51.203+0000] {logging_mixin.py:137} INFO - [2023-03-21T17:06:51.203+0000] {dag.py:3444} INFO - Setting next_dagrun for example_external_task_marker_child to None, run_after=None
[2023-03-21T17:06:51.206+0000] {logging_mixin.py:137} INFO - [2023-03-21T17:06:51.206+0000] {dag.py:3444} INFO - Setting next_dagrun for example_external_task_marker_parent to None, run_after=None
[2023-03-21T17:06:51.216+0000] {processor.py:175} INFO - Processing /home/airflow/.local/lib/python3.7/site-packages/airflow/example_dags/example_external_task_marker_dag.py took 0.068 seconds
[2023-03-21T17:16:17.600+0000] {processor.py:153} INFO - Started process (PID=57) to work on /home/airflow/.local/lib/python3.7/site-packages/airflow/example_dags/example_external_task_marker_dag.py
[2023-03-21T17:16:17.605+0000] {processor.py:743} INFO - Processing file /home/airflow/.local/lib/python3.7/site-packages/airflow/example_dags/example_external_task_marker_dag.py for tasks to queue
[2023-03-21T17:16:17.610+0000] {logging_mixin.py:137} INFO - [2023-03-21T17:16:17.610+0000] {dagbag.py:532} INFO - Filling up the DagBag from /home/airflow/.local/lib/python3.7/site-packages/airflow/example_dags/example_external_task_marker_dag.py
[2023-03-21T17:16:17.667+0000] {processor.py:753} INFO - DAG(s) dict_keys(['example_external_task_marker_parent', 'example_external_task_marker_child']) retrieved from /home/airflow/.local/lib/python3.7/site-packages/airflow/example_dags/example_external_task_marker_dag.py
[2023-03-21T17:16:17.711+0000] {logging_mixin.py:137} INFO - [2023-03-21T17:16:17.711+0000] {dag.py:2693} INFO - Sync 2 DAGs
[2023-03-21T17:16:17.737+0000] {logging_mixin.py:137} INFO - [2023-03-21T17:16:17.737+0000] {dag.py:3444} INFO - Setting next_dagrun for example_external_task_marker_child to None, run_after=None
[2023-03-21T17:16:17.741+0000] {logging_mixin.py:137} INFO - [2023-03-21T17:16:17.741+0000] {dag.py:3444} INFO - Setting next_dagrun for example_external_task_marker_parent to None, run_after=None
[2023-03-21T17:16:17.755+0000] {processor.py:175} INFO - Processing /home/airflow/.local/lib/python3.7/site-packages/airflow/example_dags/example_external_task_marker_dag.py took 0.160 seconds
[2023-03-21T17:16:48.348+0000] {processor.py:153} INFO - Started process (PID=107) to work on /home/airflow/.local/lib/python3.7/site-packages/airflow/example_dags/example_external_task_marker_dag.py
[2023-03-21T17:16:48.350+0000] {processor.py:743} INFO - Processing file /home/airflow/.local/lib/python3.7/site-packages/airflow/example_dags/example_external_task_marker_dag.py for tasks to queue
[2023-03-21T17:16:48.350+0000] {logging_mixin.py:137} INFO - [2023-03-21T17:16:48.350+0000] {dagbag.py:532} INFO - Filling up the DagBag from /home/airflow/.local/lib/python3.7/site-packages/airflow/example_dags/example_external_task_marker_dag.py
[2023-03-21T17:16:48.360+0000] {processor.py:753} INFO - DAG(s) dict_keys(['example_external_task_marker_parent', 'example_external_task_marker_child']) retrieved from /home/airflow/.local/lib/python3.7/site-packages/airflow/example_dags/example_external_task_marker_dag.py
[2023-03-21T17:16:48.381+0000] {logging_mixin.py:137} INFO - [2023-03-21T17:16:48.381+0000] {dag.py:2693} INFO - Sync 2 DAGs
[2023-03-21T17:16:48.397+0000] {logging_mixin.py:137} INFO - [2023-03-21T17:16:48.397+0000] {dag.py:3444} INFO - Setting next_dagrun for example_external_task_marker_child to None, run_after=None
[2023-03-21T17:16:48.400+0000] {logging_mixin.py:137} INFO - [2023-03-21T17:16:48.400+0000] {dag.py:3444} INFO - Setting next_dagrun for example_external_task_marker_parent to None, run_after=None
[2023-03-21T17:16:48.410+0000] {processor.py:175} INFO - Processing /home/airflow/.local/lib/python3.7/site-packages/airflow/example_dags/example_external_task_marker_dag.py took 0.065 seconds
[2023-03-21T17:17:22.796+0000] {processor.py:153} INFO - Started process (PID=157) to work on /home/airflow/.local/lib/python3.7/site-packages/airflow/example_dags/example_external_task_marker_dag.py
[2023-03-21T17:17:22.797+0000] {processor.py:743} INFO - Processing file /home/airflow/.local/lib/python3.7/site-packages/airflow/example_dags/example_external_task_marker_dag.py for tasks to queue
[2023-03-21T17:17:22.798+0000] {logging_mixin.py:137} INFO - [2023-03-21T17:17:22.798+0000] {dagbag.py:532} INFO - Filling up the DagBag from /home/airflow/.local/lib/python3.7/site-packages/airflow/example_dags/example_external_task_marker_dag.py
[2023-03-21T17:17:22.810+0000] {processor.py:753} INFO - DAG(s) dict_keys(['example_external_task_marker_parent', 'example_external_task_marker_child']) retrieved from /home/airflow/.local/lib/python3.7/site-packages/airflow/example_dags/example_external_task_marker_dag.py
[2023-03-21T17:17:22.848+0000] {logging_mixin.py:137} INFO - [2023-03-21T17:17:22.848+0000] {dag.py:2693} INFO - Sync 2 DAGs
[2023-03-21T17:17:22.871+0000] {logging_mixin.py:137} INFO - [2023-03-21T17:17:22.871+0000] {dag.py:3444} INFO - Setting next_dagrun for example_external_task_marker_child to None, run_after=None
[2023-03-21T17:17:22.875+0000] {logging_mixin.py:137} INFO - [2023-03-21T17:17:22.875+0000] {dag.py:3444} INFO - Setting next_dagrun for example_external_task_marker_parent to None, run_after=None
[2023-03-21T17:17:22.887+0000] {processor.py:175} INFO - Processing /home/airflow/.local/lib/python3.7/site-packages/airflow/example_dags/example_external_task_marker_dag.py took 0.095 seconds
[2023-03-21T17:17:53.511+0000] {processor.py:153} INFO - Started process (PID=206) to work on /home/airflow/.local/lib/python3.7/site-packages/airflow/example_dags/example_external_task_marker_dag.py
[2023-03-21T17:17:53.513+0000] {processor.py:743} INFO - Processing file /home/airflow/.local/lib/python3.7/site-packages/airflow/example_dags/example_external_task_marker_dag.py for tasks to queue
[2023-03-21T17:17:53.514+0000] {logging_mixin.py:137} INFO - [2023-03-21T17:17:53.513+0000] {dagbag.py:532} INFO - Filling up the DagBag from /home/airflow/.local/lib/python3.7/site-packages/airflow/example_dags/example_external_task_marker_dag.py
[2023-03-21T17:17:53.524+0000] {processor.py:753} INFO - DAG(s) dict_keys(['example_external_task_marker_child', 'example_external_task_marker_parent']) retrieved from /home/airflow/.local/lib/python3.7/site-packages/airflow/example_dags/example_external_task_marker_dag.py
[2023-03-21T17:17:53.547+0000] {logging_mixin.py:137} INFO - [2023-03-21T17:17:53.547+0000] {dag.py:2693} INFO - Sync 2 DAGs
[2023-03-21T17:17:53.563+0000] {logging_mixin.py:137} INFO - [2023-03-21T17:17:53.562+0000] {dag.py:3444} INFO - Setting next_dagrun for example_external_task_marker_child to None, run_after=None
[2023-03-21T17:17:53.565+0000] {logging_mixin.py:137} INFO - [2023-03-21T17:17:53.565+0000] {dag.py:3444} INFO - Setting next_dagrun for example_external_task_marker_parent to None, run_after=None
[2023-03-21T17:17:53.575+0000] {processor.py:175} INFO - Processing /home/airflow/.local/lib/python3.7/site-packages/airflow/example_dags/example_external_task_marker_dag.py took 0.066 seconds
