[2023-03-21T15:25:52.882+0000] {processor.py:153} INFO - Started process (PID=43) to work on /home/airflow/.local/lib/python3.7/site-packages/airflow/example_dags/example_sensors.py
[2023-03-21T15:25:52.883+0000] {processor.py:743} INFO - Processing file /home/airflow/.local/lib/python3.7/site-packages/airflow/example_dags/example_sensors.py for tasks to queue
[2023-03-21T15:25:52.885+0000] {logging_mixin.py:137} INFO - [2023-03-21T15:25:52.885+0000] {dagbag.py:532} INFO - Filling up the DagBag from /home/airflow/.local/lib/python3.7/site-packages/airflow/example_dags/example_sensors.py
[2023-03-21T15:25:52.914+0000] {processor.py:753} INFO - DAG(s) dict_keys(['example_sensors']) retrieved from /home/airflow/.local/lib/python3.7/site-packages/airflow/example_dags/example_sensors.py
[2023-03-21T15:25:52.928+0000] {logging_mixin.py:137} INFO - [2023-03-21T15:25:52.928+0000] {dag.py:2693} INFO - Sync 1 DAGs
[2023-03-21T15:25:52.958+0000] {logging_mixin.py:137} INFO - [2023-03-21T15:25:52.958+0000] {dag.py:3444} INFO - Setting next_dagrun for example_sensors to None, run_after=None
[2023-03-21T15:25:52.979+0000] {processor.py:175} INFO - Processing /home/airflow/.local/lib/python3.7/site-packages/airflow/example_dags/example_sensors.py took 0.100 seconds
[2023-03-21T15:26:23.606+0000] {processor.py:153} INFO - Started process (PID=92) to work on /home/airflow/.local/lib/python3.7/site-packages/airflow/example_dags/example_sensors.py
[2023-03-21T15:26:23.607+0000] {processor.py:743} INFO - Processing file /home/airflow/.local/lib/python3.7/site-packages/airflow/example_dags/example_sensors.py for tasks to queue
[2023-03-21T15:26:23.607+0000] {logging_mixin.py:137} INFO - [2023-03-21T15:26:23.607+0000] {dagbag.py:532} INFO - Filling up the DagBag from /home/airflow/.local/lib/python3.7/site-packages/airflow/example_dags/example_sensors.py
[2023-03-21T15:26:23.621+0000] {processor.py:753} INFO - DAG(s) dict_keys(['example_sensors']) retrieved from /home/airflow/.local/lib/python3.7/site-packages/airflow/example_dags/example_sensors.py
[2023-03-21T15:26:23.642+0000] {logging_mixin.py:137} INFO - [2023-03-21T15:26:23.642+0000] {dag.py:2693} INFO - Sync 1 DAGs
[2023-03-21T15:26:23.657+0000] {logging_mixin.py:137} INFO - [2023-03-21T15:26:23.657+0000] {dag.py:3444} INFO - Setting next_dagrun for example_sensors to None, run_after=None
[2023-03-21T15:26:23.668+0000] {processor.py:175} INFO - Processing /home/airflow/.local/lib/python3.7/site-packages/airflow/example_dags/example_sensors.py took 0.065 seconds
[2023-03-21T15:26:54.076+0000] {processor.py:153} INFO - Started process (PID=141) to work on /home/airflow/.local/lib/python3.7/site-packages/airflow/example_dags/example_sensors.py
[2023-03-21T15:26:54.077+0000] {processor.py:743} INFO - Processing file /home/airflow/.local/lib/python3.7/site-packages/airflow/example_dags/example_sensors.py for tasks to queue
[2023-03-21T15:26:54.077+0000] {logging_mixin.py:137} INFO - [2023-03-21T15:26:54.077+0000] {dagbag.py:532} INFO - Filling up the DagBag from /home/airflow/.local/lib/python3.7/site-packages/airflow/example_dags/example_sensors.py
[2023-03-21T15:26:54.091+0000] {processor.py:753} INFO - DAG(s) dict_keys(['example_sensors']) retrieved from /home/airflow/.local/lib/python3.7/site-packages/airflow/example_dags/example_sensors.py
[2023-03-21T15:26:54.112+0000] {logging_mixin.py:137} INFO - [2023-03-21T15:26:54.112+0000] {dag.py:2693} INFO - Sync 1 DAGs
[2023-03-21T15:26:54.126+0000] {logging_mixin.py:137} INFO - [2023-03-21T15:26:54.126+0000] {dag.py:3444} INFO - Setting next_dagrun for example_sensors to None, run_after=None
[2023-03-21T15:26:54.137+0000] {processor.py:175} INFO - Processing /home/airflow/.local/lib/python3.7/site-packages/airflow/example_dags/example_sensors.py took 0.064 seconds
[2023-03-21T15:27:24.948+0000] {processor.py:153} INFO - Started process (PID=190) to work on /home/airflow/.local/lib/python3.7/site-packages/airflow/example_dags/example_sensors.py
[2023-03-21T15:27:24.949+0000] {processor.py:743} INFO - Processing file /home/airflow/.local/lib/python3.7/site-packages/airflow/example_dags/example_sensors.py for tasks to queue
[2023-03-21T15:27:24.950+0000] {logging_mixin.py:137} INFO - [2023-03-21T15:27:24.950+0000] {dagbag.py:532} INFO - Filling up the DagBag from /home/airflow/.local/lib/python3.7/site-packages/airflow/example_dags/example_sensors.py
[2023-03-21T15:27:24.963+0000] {processor.py:753} INFO - DAG(s) dict_keys(['example_sensors']) retrieved from /home/airflow/.local/lib/python3.7/site-packages/airflow/example_dags/example_sensors.py
[2023-03-21T15:27:24.983+0000] {logging_mixin.py:137} INFO - [2023-03-21T15:27:24.983+0000] {dag.py:2693} INFO - Sync 1 DAGs
[2023-03-21T15:27:24.997+0000] {logging_mixin.py:137} INFO - [2023-03-21T15:27:24.997+0000] {dag.py:3444} INFO - Setting next_dagrun for example_sensors to None, run_after=None
[2023-03-21T15:27:25.007+0000] {processor.py:175} INFO - Processing /home/airflow/.local/lib/python3.7/site-packages/airflow/example_dags/example_sensors.py took 0.062 seconds
[2023-03-21T15:27:55.251+0000] {processor.py:153} INFO - Started process (PID=239) to work on /home/airflow/.local/lib/python3.7/site-packages/airflow/example_dags/example_sensors.py
[2023-03-21T15:27:55.252+0000] {processor.py:743} INFO - Processing file /home/airflow/.local/lib/python3.7/site-packages/airflow/example_dags/example_sensors.py for tasks to queue
[2023-03-21T15:27:55.253+0000] {logging_mixin.py:137} INFO - [2023-03-21T15:27:55.252+0000] {dagbag.py:532} INFO - Filling up the DagBag from /home/airflow/.local/lib/python3.7/site-packages/airflow/example_dags/example_sensors.py
[2023-03-21T15:27:55.265+0000] {processor.py:753} INFO - DAG(s) dict_keys(['example_sensors']) retrieved from /home/airflow/.local/lib/python3.7/site-packages/airflow/example_dags/example_sensors.py
[2023-03-21T15:27:55.285+0000] {logging_mixin.py:137} INFO - [2023-03-21T15:27:55.285+0000] {dag.py:2693} INFO - Sync 1 DAGs
[2023-03-21T15:27:55.300+0000] {logging_mixin.py:137} INFO - [2023-03-21T15:27:55.300+0000] {dag.py:3444} INFO - Setting next_dagrun for example_sensors to None, run_after=None
[2023-03-21T15:27:55.310+0000] {processor.py:175} INFO - Processing /home/airflow/.local/lib/python3.7/site-packages/airflow/example_dags/example_sensors.py took 0.062 seconds
[2023-03-21T15:28:25.679+0000] {processor.py:153} INFO - Started process (PID=288) to work on /home/airflow/.local/lib/python3.7/site-packages/airflow/example_dags/example_sensors.py
[2023-03-21T15:28:25.680+0000] {processor.py:743} INFO - Processing file /home/airflow/.local/lib/python3.7/site-packages/airflow/example_dags/example_sensors.py for tasks to queue
[2023-03-21T15:28:25.680+0000] {logging_mixin.py:137} INFO - [2023-03-21T15:28:25.680+0000] {dagbag.py:532} INFO - Filling up the DagBag from /home/airflow/.local/lib/python3.7/site-packages/airflow/example_dags/example_sensors.py
[2023-03-21T15:28:25.693+0000] {processor.py:753} INFO - DAG(s) dict_keys(['example_sensors']) retrieved from /home/airflow/.local/lib/python3.7/site-packages/airflow/example_dags/example_sensors.py
[2023-03-21T15:28:25.713+0000] {logging_mixin.py:137} INFO - [2023-03-21T15:28:25.713+0000] {dag.py:2693} INFO - Sync 1 DAGs
[2023-03-21T15:28:25.728+0000] {logging_mixin.py:137} INFO - [2023-03-21T15:28:25.727+0000] {dag.py:3444} INFO - Setting next_dagrun for example_sensors to None, run_after=None
[2023-03-21T15:28:25.738+0000] {processor.py:175} INFO - Processing /home/airflow/.local/lib/python3.7/site-packages/airflow/example_dags/example_sensors.py took 0.062 seconds
[2023-03-21T15:28:56.028+0000] {processor.py:153} INFO - Started process (PID=337) to work on /home/airflow/.local/lib/python3.7/site-packages/airflow/example_dags/example_sensors.py
[2023-03-21T15:28:56.029+0000] {processor.py:743} INFO - Processing file /home/airflow/.local/lib/python3.7/site-packages/airflow/example_dags/example_sensors.py for tasks to queue
[2023-03-21T15:28:56.030+0000] {logging_mixin.py:137} INFO - [2023-03-21T15:28:56.030+0000] {dagbag.py:532} INFO - Filling up the DagBag from /home/airflow/.local/lib/python3.7/site-packages/airflow/example_dags/example_sensors.py
[2023-03-21T15:28:56.043+0000] {processor.py:753} INFO - DAG(s) dict_keys(['example_sensors']) retrieved from /home/airflow/.local/lib/python3.7/site-packages/airflow/example_dags/example_sensors.py
[2023-03-21T15:28:56.064+0000] {logging_mixin.py:137} INFO - [2023-03-21T15:28:56.063+0000] {dag.py:2693} INFO - Sync 1 DAGs
[2023-03-21T15:28:56.078+0000] {logging_mixin.py:137} INFO - [2023-03-21T15:28:56.078+0000] {dag.py:3444} INFO - Setting next_dagrun for example_sensors to None, run_after=None
[2023-03-21T15:28:56.088+0000] {processor.py:175} INFO - Processing /home/airflow/.local/lib/python3.7/site-packages/airflow/example_dags/example_sensors.py took 0.063 seconds
[2023-03-21T15:29:26.358+0000] {processor.py:153} INFO - Started process (PID=386) to work on /home/airflow/.local/lib/python3.7/site-packages/airflow/example_dags/example_sensors.py
[2023-03-21T15:29:26.360+0000] {processor.py:743} INFO - Processing file /home/airflow/.local/lib/python3.7/site-packages/airflow/example_dags/example_sensors.py for tasks to queue
[2023-03-21T15:29:26.361+0000] {logging_mixin.py:137} INFO - [2023-03-21T15:29:26.361+0000] {dagbag.py:532} INFO - Filling up the DagBag from /home/airflow/.local/lib/python3.7/site-packages/airflow/example_dags/example_sensors.py
[2023-03-21T15:29:26.377+0000] {processor.py:753} INFO - DAG(s) dict_keys(['example_sensors']) retrieved from /home/airflow/.local/lib/python3.7/site-packages/airflow/example_dags/example_sensors.py
[2023-03-21T15:29:26.403+0000] {logging_mixin.py:137} INFO - [2023-03-21T15:29:26.403+0000] {dag.py:2693} INFO - Sync 1 DAGs
[2023-03-21T15:29:26.421+0000] {logging_mixin.py:137} INFO - [2023-03-21T15:29:26.421+0000] {dag.py:3444} INFO - Setting next_dagrun for example_sensors to None, run_after=None
[2023-03-21T15:29:26.434+0000] {processor.py:175} INFO - Processing /home/airflow/.local/lib/python3.7/site-packages/airflow/example_dags/example_sensors.py took 0.079 seconds
[2023-03-21T15:29:56.607+0000] {processor.py:153} INFO - Started process (PID=435) to work on /home/airflow/.local/lib/python3.7/site-packages/airflow/example_dags/example_sensors.py
[2023-03-21T15:29:56.608+0000] {processor.py:743} INFO - Processing file /home/airflow/.local/lib/python3.7/site-packages/airflow/example_dags/example_sensors.py for tasks to queue
[2023-03-21T15:29:56.609+0000] {logging_mixin.py:137} INFO - [2023-03-21T15:29:56.609+0000] {dagbag.py:532} INFO - Filling up the DagBag from /home/airflow/.local/lib/python3.7/site-packages/airflow/example_dags/example_sensors.py
[2023-03-21T15:29:56.622+0000] {processor.py:753} INFO - DAG(s) dict_keys(['example_sensors']) retrieved from /home/airflow/.local/lib/python3.7/site-packages/airflow/example_dags/example_sensors.py
[2023-03-21T15:29:56.644+0000] {logging_mixin.py:137} INFO - [2023-03-21T15:29:56.644+0000] {dag.py:2693} INFO - Sync 1 DAGs
[2023-03-21T15:29:56.661+0000] {logging_mixin.py:137} INFO - [2023-03-21T15:29:56.661+0000] {dag.py:3444} INFO - Setting next_dagrun for example_sensors to None, run_after=None
[2023-03-21T15:29:56.673+0000] {processor.py:175} INFO - Processing /home/airflow/.local/lib/python3.7/site-packages/airflow/example_dags/example_sensors.py took 0.069 seconds
[2023-03-21T15:30:27.163+0000] {processor.py:153} INFO - Started process (PID=484) to work on /home/airflow/.local/lib/python3.7/site-packages/airflow/example_dags/example_sensors.py
[2023-03-21T15:30:27.164+0000] {processor.py:743} INFO - Processing file /home/airflow/.local/lib/python3.7/site-packages/airflow/example_dags/example_sensors.py for tasks to queue
[2023-03-21T15:30:27.165+0000] {logging_mixin.py:137} INFO - [2023-03-21T15:30:27.165+0000] {dagbag.py:532} INFO - Filling up the DagBag from /home/airflow/.local/lib/python3.7/site-packages/airflow/example_dags/example_sensors.py
[2023-03-21T15:30:27.177+0000] {processor.py:753} INFO - DAG(s) dict_keys(['example_sensors']) retrieved from /home/airflow/.local/lib/python3.7/site-packages/airflow/example_dags/example_sensors.py
[2023-03-21T15:30:27.198+0000] {logging_mixin.py:137} INFO - [2023-03-21T15:30:27.198+0000] {dag.py:2693} INFO - Sync 1 DAGs
[2023-03-21T15:30:27.214+0000] {logging_mixin.py:137} INFO - [2023-03-21T15:30:27.214+0000] {dag.py:3444} INFO - Setting next_dagrun for example_sensors to None, run_after=None
[2023-03-21T15:30:27.225+0000] {processor.py:175} INFO - Processing /home/airflow/.local/lib/python3.7/site-packages/airflow/example_dags/example_sensors.py took 0.065 seconds
[2023-03-21T15:30:57.759+0000] {processor.py:153} INFO - Started process (PID=533) to work on /home/airflow/.local/lib/python3.7/site-packages/airflow/example_dags/example_sensors.py
[2023-03-21T15:30:57.760+0000] {processor.py:743} INFO - Processing file /home/airflow/.local/lib/python3.7/site-packages/airflow/example_dags/example_sensors.py for tasks to queue
[2023-03-21T15:30:57.760+0000] {logging_mixin.py:137} INFO - [2023-03-21T15:30:57.760+0000] {dagbag.py:532} INFO - Filling up the DagBag from /home/airflow/.local/lib/python3.7/site-packages/airflow/example_dags/example_sensors.py
[2023-03-21T15:30:57.775+0000] {processor.py:753} INFO - DAG(s) dict_keys(['example_sensors']) retrieved from /home/airflow/.local/lib/python3.7/site-packages/airflow/example_dags/example_sensors.py
[2023-03-21T15:30:57.796+0000] {logging_mixin.py:137} INFO - [2023-03-21T15:30:57.796+0000] {dag.py:2693} INFO - Sync 1 DAGs
[2023-03-21T15:30:57.811+0000] {logging_mixin.py:137} INFO - [2023-03-21T15:30:57.811+0000] {dag.py:3444} INFO - Setting next_dagrun for example_sensors to None, run_after=None
[2023-03-21T15:30:57.822+0000] {processor.py:175} INFO - Processing /home/airflow/.local/lib/python3.7/site-packages/airflow/example_dags/example_sensors.py took 0.066 seconds
[2023-03-21T15:31:28.131+0000] {processor.py:153} INFO - Started process (PID=581) to work on /home/airflow/.local/lib/python3.7/site-packages/airflow/example_dags/example_sensors.py
[2023-03-21T15:31:28.132+0000] {processor.py:743} INFO - Processing file /home/airflow/.local/lib/python3.7/site-packages/airflow/example_dags/example_sensors.py for tasks to queue
[2023-03-21T15:31:28.133+0000] {logging_mixin.py:137} INFO - [2023-03-21T15:31:28.133+0000] {dagbag.py:532} INFO - Filling up the DagBag from /home/airflow/.local/lib/python3.7/site-packages/airflow/example_dags/example_sensors.py
[2023-03-21T15:31:28.148+0000] {processor.py:753} INFO - DAG(s) dict_keys(['example_sensors']) retrieved from /home/airflow/.local/lib/python3.7/site-packages/airflow/example_dags/example_sensors.py
[2023-03-21T15:31:28.173+0000] {logging_mixin.py:137} INFO - [2023-03-21T15:31:28.173+0000] {dag.py:2693} INFO - Sync 1 DAGs
[2023-03-21T15:31:28.189+0000] {logging_mixin.py:137} INFO - [2023-03-21T15:31:28.189+0000] {dag.py:3444} INFO - Setting next_dagrun for example_sensors to None, run_after=None
[2023-03-21T15:31:28.200+0000] {processor.py:175} INFO - Processing /home/airflow/.local/lib/python3.7/site-packages/airflow/example_dags/example_sensors.py took 0.071 seconds
[2023-03-21T15:31:58.534+0000] {processor.py:153} INFO - Started process (PID=630) to work on /home/airflow/.local/lib/python3.7/site-packages/airflow/example_dags/example_sensors.py
[2023-03-21T15:31:58.536+0000] {processor.py:743} INFO - Processing file /home/airflow/.local/lib/python3.7/site-packages/airflow/example_dags/example_sensors.py for tasks to queue
[2023-03-21T15:31:58.538+0000] {logging_mixin.py:137} INFO - [2023-03-21T15:31:58.537+0000] {dagbag.py:532} INFO - Filling up the DagBag from /home/airflow/.local/lib/python3.7/site-packages/airflow/example_dags/example_sensors.py
[2023-03-21T15:31:58.557+0000] {processor.py:753} INFO - DAG(s) dict_keys(['example_sensors']) retrieved from /home/airflow/.local/lib/python3.7/site-packages/airflow/example_dags/example_sensors.py
[2023-03-21T15:31:58.583+0000] {logging_mixin.py:137} INFO - [2023-03-21T15:31:58.582+0000] {dag.py:2693} INFO - Sync 1 DAGs
[2023-03-21T15:31:58.601+0000] {logging_mixin.py:137} INFO - [2023-03-21T15:31:58.601+0000] {dag.py:3444} INFO - Setting next_dagrun for example_sensors to None, run_after=None
[2023-03-21T15:31:58.613+0000] {processor.py:175} INFO - Processing /home/airflow/.local/lib/python3.7/site-packages/airflow/example_dags/example_sensors.py took 0.081 seconds
[2023-03-21T16:52:54.659+0000] {processor.py:153} INFO - Started process (PID=44) to work on /home/airflow/.local/lib/python3.7/site-packages/airflow/example_dags/example_sensors.py
[2023-03-21T16:52:54.661+0000] {processor.py:743} INFO - Processing file /home/airflow/.local/lib/python3.7/site-packages/airflow/example_dags/example_sensors.py for tasks to queue
[2023-03-21T16:52:54.663+0000] {logging_mixin.py:137} INFO - [2023-03-21T16:52:54.662+0000] {dagbag.py:532} INFO - Filling up the DagBag from /home/airflow/.local/lib/python3.7/site-packages/airflow/example_dags/example_sensors.py
[2023-03-21T16:52:54.694+0000] {processor.py:753} INFO - DAG(s) dict_keys(['example_sensors']) retrieved from /home/airflow/.local/lib/python3.7/site-packages/airflow/example_dags/example_sensors.py
[2023-03-21T16:52:54.712+0000] {logging_mixin.py:137} INFO - [2023-03-21T16:52:54.712+0000] {dag.py:2693} INFO - Sync 1 DAGs
[2023-03-21T16:52:54.757+0000] {logging_mixin.py:137} INFO - [2023-03-21T16:52:54.757+0000] {dag.py:3444} INFO - Setting next_dagrun for example_sensors to None, run_after=None
[2023-03-21T16:52:54.780+0000] {processor.py:175} INFO - Processing /home/airflow/.local/lib/python3.7/site-packages/airflow/example_dags/example_sensors.py took 0.125 seconds
[2023-03-21T16:53:25.328+0000] {processor.py:153} INFO - Started process (PID=93) to work on /home/airflow/.local/lib/python3.7/site-packages/airflow/example_dags/example_sensors.py
[2023-03-21T16:53:25.329+0000] {processor.py:743} INFO - Processing file /home/airflow/.local/lib/python3.7/site-packages/airflow/example_dags/example_sensors.py for tasks to queue
[2023-03-21T16:53:25.330+0000] {logging_mixin.py:137} INFO - [2023-03-21T16:53:25.330+0000] {dagbag.py:532} INFO - Filling up the DagBag from /home/airflow/.local/lib/python3.7/site-packages/airflow/example_dags/example_sensors.py
[2023-03-21T16:53:25.344+0000] {processor.py:753} INFO - DAG(s) dict_keys(['example_sensors']) retrieved from /home/airflow/.local/lib/python3.7/site-packages/airflow/example_dags/example_sensors.py
[2023-03-21T16:53:25.370+0000] {logging_mixin.py:137} INFO - [2023-03-21T16:53:25.370+0000] {dag.py:2693} INFO - Sync 1 DAGs
[2023-03-21T16:53:25.386+0000] {logging_mixin.py:137} INFO - [2023-03-21T16:53:25.386+0000] {dag.py:3444} INFO - Setting next_dagrun for example_sensors to None, run_after=None
[2023-03-21T16:53:25.397+0000] {processor.py:175} INFO - Processing /home/airflow/.local/lib/python3.7/site-packages/airflow/example_dags/example_sensors.py took 0.072 seconds
[2023-03-21T16:53:57.486+0000] {processor.py:153} INFO - Started process (PID=147) to work on /home/airflow/.local/lib/python3.7/site-packages/airflow/example_dags/example_sensors.py
[2023-03-21T16:53:57.488+0000] {processor.py:743} INFO - Processing file /home/airflow/.local/lib/python3.7/site-packages/airflow/example_dags/example_sensors.py for tasks to queue
[2023-03-21T16:53:57.489+0000] {logging_mixin.py:137} INFO - [2023-03-21T16:53:57.489+0000] {dagbag.py:532} INFO - Filling up the DagBag from /home/airflow/.local/lib/python3.7/site-packages/airflow/example_dags/example_sensors.py
[2023-03-21T16:53:57.534+0000] {processor.py:753} INFO - DAG(s) dict_keys(['example_sensors']) retrieved from /home/airflow/.local/lib/python3.7/site-packages/airflow/example_dags/example_sensors.py
[2023-03-21T16:53:57.597+0000] {logging_mixin.py:137} INFO - [2023-03-21T16:53:57.597+0000] {dag.py:2693} INFO - Sync 1 DAGs
[2023-03-21T16:53:57.642+0000] {logging_mixin.py:137} INFO - [2023-03-21T16:53:57.642+0000] {dag.py:3444} INFO - Setting next_dagrun for example_sensors to None, run_after=None
[2023-03-21T16:53:57.679+0000] {processor.py:175} INFO - Processing /home/airflow/.local/lib/python3.7/site-packages/airflow/example_dags/example_sensors.py took 0.199 seconds
[2023-03-21T16:54:29.745+0000] {processor.py:153} INFO - Started process (PID=197) to work on /home/airflow/.local/lib/python3.7/site-packages/airflow/example_dags/example_sensors.py
[2023-03-21T16:54:29.748+0000] {processor.py:743} INFO - Processing file /home/airflow/.local/lib/python3.7/site-packages/airflow/example_dags/example_sensors.py for tasks to queue
[2023-03-21T16:54:29.750+0000] {logging_mixin.py:137} INFO - [2023-03-21T16:54:29.750+0000] {dagbag.py:532} INFO - Filling up the DagBag from /home/airflow/.local/lib/python3.7/site-packages/airflow/example_dags/example_sensors.py
[2023-03-21T16:54:29.864+0000] {processor.py:753} INFO - DAG(s) dict_keys(['example_sensors']) retrieved from /home/airflow/.local/lib/python3.7/site-packages/airflow/example_dags/example_sensors.py
[2023-03-21T16:54:29.955+0000] {logging_mixin.py:137} INFO - [2023-03-21T16:54:29.955+0000] {dag.py:2693} INFO - Sync 1 DAGs
[2023-03-21T16:54:30.015+0000] {logging_mixin.py:137} INFO - [2023-03-21T16:54:30.014+0000] {dag.py:3444} INFO - Setting next_dagrun for example_sensors to None, run_after=None
[2023-03-21T16:54:30.051+0000] {processor.py:175} INFO - Processing /home/airflow/.local/lib/python3.7/site-packages/airflow/example_dags/example_sensors.py took 0.325 seconds
[2023-03-21T16:55:00.864+0000] {processor.py:153} INFO - Started process (PID=246) to work on /home/airflow/.local/lib/python3.7/site-packages/airflow/example_dags/example_sensors.py
[2023-03-21T16:55:00.868+0000] {processor.py:743} INFO - Processing file /home/airflow/.local/lib/python3.7/site-packages/airflow/example_dags/example_sensors.py for tasks to queue
[2023-03-21T16:55:00.870+0000] {logging_mixin.py:137} INFO - [2023-03-21T16:55:00.869+0000] {dagbag.py:532} INFO - Filling up the DagBag from /home/airflow/.local/lib/python3.7/site-packages/airflow/example_dags/example_sensors.py
[2023-03-21T16:55:00.960+0000] {processor.py:753} INFO - DAG(s) dict_keys(['example_sensors']) retrieved from /home/airflow/.local/lib/python3.7/site-packages/airflow/example_dags/example_sensors.py
[2023-03-21T16:55:01.081+0000] {logging_mixin.py:137} INFO - [2023-03-21T16:55:01.080+0000] {dag.py:2693} INFO - Sync 1 DAGs
[2023-03-21T16:55:01.166+0000] {logging_mixin.py:137} INFO - [2023-03-21T16:55:01.166+0000] {dag.py:3444} INFO - Setting next_dagrun for example_sensors to None, run_after=None
[2023-03-21T16:55:01.192+0000] {processor.py:175} INFO - Processing /home/airflow/.local/lib/python3.7/site-packages/airflow/example_dags/example_sensors.py took 0.335 seconds
[2023-03-21T16:55:31.961+0000] {processor.py:153} INFO - Started process (PID=296) to work on /home/airflow/.local/lib/python3.7/site-packages/airflow/example_dags/example_sensors.py
[2023-03-21T16:55:31.963+0000] {processor.py:743} INFO - Processing file /home/airflow/.local/lib/python3.7/site-packages/airflow/example_dags/example_sensors.py for tasks to queue
[2023-03-21T16:55:31.964+0000] {logging_mixin.py:137} INFO - [2023-03-21T16:55:31.964+0000] {dagbag.py:532} INFO - Filling up the DagBag from /home/airflow/.local/lib/python3.7/site-packages/airflow/example_dags/example_sensors.py
[2023-03-21T16:55:31.986+0000] {processor.py:753} INFO - DAG(s) dict_keys(['example_sensors']) retrieved from /home/airflow/.local/lib/python3.7/site-packages/airflow/example_dags/example_sensors.py
[2023-03-21T16:55:32.039+0000] {logging_mixin.py:137} INFO - [2023-03-21T16:55:32.039+0000] {dag.py:2693} INFO - Sync 1 DAGs
[2023-03-21T16:55:32.075+0000] {logging_mixin.py:137} INFO - [2023-03-21T16:55:32.075+0000] {dag.py:3444} INFO - Setting next_dagrun for example_sensors to None, run_after=None
[2023-03-21T16:55:32.098+0000] {processor.py:175} INFO - Processing /home/airflow/.local/lib/python3.7/site-packages/airflow/example_dags/example_sensors.py took 0.142 seconds
[2023-03-21T16:56:02.263+0000] {processor.py:153} INFO - Started process (PID=346) to work on /home/airflow/.local/lib/python3.7/site-packages/airflow/example_dags/example_sensors.py
[2023-03-21T16:56:02.265+0000] {processor.py:743} INFO - Processing file /home/airflow/.local/lib/python3.7/site-packages/airflow/example_dags/example_sensors.py for tasks to queue
[2023-03-21T16:56:02.266+0000] {logging_mixin.py:137} INFO - [2023-03-21T16:56:02.266+0000] {dagbag.py:532} INFO - Filling up the DagBag from /home/airflow/.local/lib/python3.7/site-packages/airflow/example_dags/example_sensors.py
[2023-03-21T16:56:02.288+0000] {processor.py:753} INFO - DAG(s) dict_keys(['example_sensors']) retrieved from /home/airflow/.local/lib/python3.7/site-packages/airflow/example_dags/example_sensors.py
[2023-03-21T16:56:02.319+0000] {logging_mixin.py:137} INFO - [2023-03-21T16:56:02.319+0000] {dag.py:2693} INFO - Sync 1 DAGs
[2023-03-21T16:56:02.340+0000] {logging_mixin.py:137} INFO - [2023-03-21T16:56:02.340+0000] {dag.py:3444} INFO - Setting next_dagrun for example_sensors to None, run_after=None
[2023-03-21T16:56:02.355+0000] {processor.py:175} INFO - Processing /home/airflow/.local/lib/python3.7/site-packages/airflow/example_dags/example_sensors.py took 0.099 seconds
[2023-03-21T16:56:33.196+0000] {processor.py:153} INFO - Started process (PID=397) to work on /home/airflow/.local/lib/python3.7/site-packages/airflow/example_dags/example_sensors.py
[2023-03-21T16:56:33.197+0000] {processor.py:743} INFO - Processing file /home/airflow/.local/lib/python3.7/site-packages/airflow/example_dags/example_sensors.py for tasks to queue
[2023-03-21T16:56:33.199+0000] {logging_mixin.py:137} INFO - [2023-03-21T16:56:33.198+0000] {dagbag.py:532} INFO - Filling up the DagBag from /home/airflow/.local/lib/python3.7/site-packages/airflow/example_dags/example_sensors.py
[2023-03-21T16:56:33.219+0000] {processor.py:753} INFO - DAG(s) dict_keys(['example_sensors']) retrieved from /home/airflow/.local/lib/python3.7/site-packages/airflow/example_dags/example_sensors.py
[2023-03-21T16:56:33.248+0000] {logging_mixin.py:137} INFO - [2023-03-21T16:56:33.248+0000] {dag.py:2693} INFO - Sync 1 DAGs
[2023-03-21T16:56:33.268+0000] {logging_mixin.py:137} INFO - [2023-03-21T16:56:33.268+0000] {dag.py:3444} INFO - Setting next_dagrun for example_sensors to None, run_after=None
[2023-03-21T16:56:33.283+0000] {processor.py:175} INFO - Processing /home/airflow/.local/lib/python3.7/site-packages/airflow/example_dags/example_sensors.py took 0.092 seconds
[2023-03-21T16:57:03.619+0000] {processor.py:153} INFO - Started process (PID=448) to work on /home/airflow/.local/lib/python3.7/site-packages/airflow/example_dags/example_sensors.py
[2023-03-21T16:57:03.621+0000] {processor.py:743} INFO - Processing file /home/airflow/.local/lib/python3.7/site-packages/airflow/example_dags/example_sensors.py for tasks to queue
[2023-03-21T16:57:03.623+0000] {logging_mixin.py:137} INFO - [2023-03-21T16:57:03.623+0000] {dagbag.py:532} INFO - Filling up the DagBag from /home/airflow/.local/lib/python3.7/site-packages/airflow/example_dags/example_sensors.py
[2023-03-21T16:57:03.642+0000] {processor.py:753} INFO - DAG(s) dict_keys(['example_sensors']) retrieved from /home/airflow/.local/lib/python3.7/site-packages/airflow/example_dags/example_sensors.py
[2023-03-21T16:57:03.679+0000] {logging_mixin.py:137} INFO - [2023-03-21T16:57:03.679+0000] {dag.py:2693} INFO - Sync 1 DAGs
[2023-03-21T16:57:03.710+0000] {logging_mixin.py:137} INFO - [2023-03-21T16:57:03.710+0000] {dag.py:3444} INFO - Setting next_dagrun for example_sensors to None, run_after=None
[2023-03-21T16:57:03.729+0000] {processor.py:175} INFO - Processing /home/airflow/.local/lib/python3.7/site-packages/airflow/example_dags/example_sensors.py took 0.115 seconds
[2023-03-21T16:57:33.834+0000] {processor.py:153} INFO - Started process (PID=498) to work on /home/airflow/.local/lib/python3.7/site-packages/airflow/example_dags/example_sensors.py
[2023-03-21T16:57:33.835+0000] {processor.py:743} INFO - Processing file /home/airflow/.local/lib/python3.7/site-packages/airflow/example_dags/example_sensors.py for tasks to queue
[2023-03-21T16:57:33.836+0000] {logging_mixin.py:137} INFO - [2023-03-21T16:57:33.836+0000] {dagbag.py:532} INFO - Filling up the DagBag from /home/airflow/.local/lib/python3.7/site-packages/airflow/example_dags/example_sensors.py
[2023-03-21T16:57:33.851+0000] {processor.py:753} INFO - DAG(s) dict_keys(['example_sensors']) retrieved from /home/airflow/.local/lib/python3.7/site-packages/airflow/example_dags/example_sensors.py
[2023-03-21T16:57:33.890+0000] {logging_mixin.py:137} INFO - [2023-03-21T16:57:33.889+0000] {dag.py:2693} INFO - Sync 1 DAGs
[2023-03-21T16:57:33.925+0000] {logging_mixin.py:137} INFO - [2023-03-21T16:57:33.924+0000] {dag.py:3444} INFO - Setting next_dagrun for example_sensors to None, run_after=None
[2023-03-21T16:57:33.958+0000] {processor.py:175} INFO - Processing /home/airflow/.local/lib/python3.7/site-packages/airflow/example_dags/example_sensors.py took 0.128 seconds
[2023-03-21T16:58:04.482+0000] {processor.py:153} INFO - Started process (PID=548) to work on /home/airflow/.local/lib/python3.7/site-packages/airflow/example_dags/example_sensors.py
[2023-03-21T16:58:04.484+0000] {processor.py:743} INFO - Processing file /home/airflow/.local/lib/python3.7/site-packages/airflow/example_dags/example_sensors.py for tasks to queue
[2023-03-21T16:58:04.485+0000] {logging_mixin.py:137} INFO - [2023-03-21T16:58:04.485+0000] {dagbag.py:532} INFO - Filling up the DagBag from /home/airflow/.local/lib/python3.7/site-packages/airflow/example_dags/example_sensors.py
[2023-03-21T16:58:04.506+0000] {processor.py:753} INFO - DAG(s) dict_keys(['example_sensors']) retrieved from /home/airflow/.local/lib/python3.7/site-packages/airflow/example_dags/example_sensors.py
[2023-03-21T16:58:04.534+0000] {logging_mixin.py:137} INFO - [2023-03-21T16:58:04.534+0000] {dag.py:2693} INFO - Sync 1 DAGs
[2023-03-21T16:58:04.550+0000] {logging_mixin.py:137} INFO - [2023-03-21T16:58:04.550+0000] {dag.py:3444} INFO - Setting next_dagrun for example_sensors to None, run_after=None
[2023-03-21T16:58:04.563+0000] {processor.py:175} INFO - Processing /home/airflow/.local/lib/python3.7/site-packages/airflow/example_dags/example_sensors.py took 0.084 seconds
[2023-03-21T16:58:35.074+0000] {processor.py:153} INFO - Started process (PID=598) to work on /home/airflow/.local/lib/python3.7/site-packages/airflow/example_dags/example_sensors.py
[2023-03-21T16:58:35.075+0000] {processor.py:743} INFO - Processing file /home/airflow/.local/lib/python3.7/site-packages/airflow/example_dags/example_sensors.py for tasks to queue
[2023-03-21T16:58:35.075+0000] {logging_mixin.py:137} INFO - [2023-03-21T16:58:35.075+0000] {dagbag.py:532} INFO - Filling up the DagBag from /home/airflow/.local/lib/python3.7/site-packages/airflow/example_dags/example_sensors.py
[2023-03-21T16:58:35.097+0000] {processor.py:753} INFO - DAG(s) dict_keys(['example_sensors']) retrieved from /home/airflow/.local/lib/python3.7/site-packages/airflow/example_dags/example_sensors.py
[2023-03-21T16:58:35.126+0000] {logging_mixin.py:137} INFO - [2023-03-21T16:58:35.126+0000] {dag.py:2693} INFO - Sync 1 DAGs
[2023-03-21T16:58:35.145+0000] {logging_mixin.py:137} INFO - [2023-03-21T16:58:35.145+0000] {dag.py:3444} INFO - Setting next_dagrun for example_sensors to None, run_after=None
[2023-03-21T16:58:35.159+0000] {processor.py:175} INFO - Processing /home/airflow/.local/lib/python3.7/site-packages/airflow/example_dags/example_sensors.py took 0.089 seconds
[2023-03-21T16:59:05.802+0000] {processor.py:153} INFO - Started process (PID=648) to work on /home/airflow/.local/lib/python3.7/site-packages/airflow/example_dags/example_sensors.py
[2023-03-21T16:59:05.803+0000] {processor.py:743} INFO - Processing file /home/airflow/.local/lib/python3.7/site-packages/airflow/example_dags/example_sensors.py for tasks to queue
[2023-03-21T16:59:05.804+0000] {logging_mixin.py:137} INFO - [2023-03-21T16:59:05.804+0000] {dagbag.py:532} INFO - Filling up the DagBag from /home/airflow/.local/lib/python3.7/site-packages/airflow/example_dags/example_sensors.py
[2023-03-21T16:59:05.824+0000] {processor.py:753} INFO - DAG(s) dict_keys(['example_sensors']) retrieved from /home/airflow/.local/lib/python3.7/site-packages/airflow/example_dags/example_sensors.py
[2023-03-21T16:59:05.855+0000] {logging_mixin.py:137} INFO - [2023-03-21T16:59:05.855+0000] {dag.py:2693} INFO - Sync 1 DAGs
[2023-03-21T16:59:05.873+0000] {logging_mixin.py:137} INFO - [2023-03-21T16:59:05.873+0000] {dag.py:3444} INFO - Setting next_dagrun for example_sensors to None, run_after=None
[2023-03-21T16:59:05.886+0000] {processor.py:175} INFO - Processing /home/airflow/.local/lib/python3.7/site-packages/airflow/example_dags/example_sensors.py took 0.088 seconds
[2023-03-21T16:59:36.734+0000] {processor.py:153} INFO - Started process (PID=698) to work on /home/airflow/.local/lib/python3.7/site-packages/airflow/example_dags/example_sensors.py
[2023-03-21T16:59:36.735+0000] {processor.py:743} INFO - Processing file /home/airflow/.local/lib/python3.7/site-packages/airflow/example_dags/example_sensors.py for tasks to queue
[2023-03-21T16:59:36.736+0000] {logging_mixin.py:137} INFO - [2023-03-21T16:59:36.736+0000] {dagbag.py:532} INFO - Filling up the DagBag from /home/airflow/.local/lib/python3.7/site-packages/airflow/example_dags/example_sensors.py
[2023-03-21T16:59:36.758+0000] {processor.py:753} INFO - DAG(s) dict_keys(['example_sensors']) retrieved from /home/airflow/.local/lib/python3.7/site-packages/airflow/example_dags/example_sensors.py
[2023-03-21T16:59:36.807+0000] {logging_mixin.py:137} INFO - [2023-03-21T16:59:36.807+0000] {dag.py:2693} INFO - Sync 1 DAGs
[2023-03-21T16:59:36.826+0000] {logging_mixin.py:137} INFO - [2023-03-21T16:59:36.826+0000] {dag.py:3444} INFO - Setting next_dagrun for example_sensors to None, run_after=None
[2023-03-21T16:59:36.839+0000] {processor.py:175} INFO - Processing /home/airflow/.local/lib/python3.7/site-packages/airflow/example_dags/example_sensors.py took 0.110 seconds
[2023-03-21T17:00:07.540+0000] {processor.py:153} INFO - Started process (PID=748) to work on /home/airflow/.local/lib/python3.7/site-packages/airflow/example_dags/example_sensors.py
[2023-03-21T17:00:07.543+0000] {processor.py:743} INFO - Processing file /home/airflow/.local/lib/python3.7/site-packages/airflow/example_dags/example_sensors.py for tasks to queue
[2023-03-21T17:00:07.544+0000] {logging_mixin.py:137} INFO - [2023-03-21T17:00:07.544+0000] {dagbag.py:532} INFO - Filling up the DagBag from /home/airflow/.local/lib/python3.7/site-packages/airflow/example_dags/example_sensors.py
[2023-03-21T17:00:07.592+0000] {processor.py:753} INFO - DAG(s) dict_keys(['example_sensors']) retrieved from /home/airflow/.local/lib/python3.7/site-packages/airflow/example_dags/example_sensors.py
[2023-03-21T17:00:07.643+0000] {logging_mixin.py:137} INFO - [2023-03-21T17:00:07.642+0000] {dag.py:2693} INFO - Sync 1 DAGs
[2023-03-21T17:00:07.670+0000] {logging_mixin.py:137} INFO - [2023-03-21T17:00:07.669+0000] {dag.py:3444} INFO - Setting next_dagrun for example_sensors to None, run_after=None
[2023-03-21T17:00:07.687+0000] {processor.py:175} INFO - Processing /home/airflow/.local/lib/python3.7/site-packages/airflow/example_dags/example_sensors.py took 0.159 seconds
[2023-03-21T17:00:38.605+0000] {processor.py:153} INFO - Started process (PID=798) to work on /home/airflow/.local/lib/python3.7/site-packages/airflow/example_dags/example_sensors.py
[2023-03-21T17:00:38.607+0000] {processor.py:743} INFO - Processing file /home/airflow/.local/lib/python3.7/site-packages/airflow/example_dags/example_sensors.py for tasks to queue
[2023-03-21T17:00:38.608+0000] {logging_mixin.py:137} INFO - [2023-03-21T17:00:38.608+0000] {dagbag.py:532} INFO - Filling up the DagBag from /home/airflow/.local/lib/python3.7/site-packages/airflow/example_dags/example_sensors.py
[2023-03-21T17:00:38.631+0000] {processor.py:753} INFO - DAG(s) dict_keys(['example_sensors']) retrieved from /home/airflow/.local/lib/python3.7/site-packages/airflow/example_dags/example_sensors.py
[2023-03-21T17:00:38.659+0000] {logging_mixin.py:137} INFO - [2023-03-21T17:00:38.659+0000] {dag.py:2693} INFO - Sync 1 DAGs
[2023-03-21T17:00:38.679+0000] {logging_mixin.py:137} INFO - [2023-03-21T17:00:38.679+0000] {dag.py:3444} INFO - Setting next_dagrun for example_sensors to None, run_after=None
[2023-03-21T17:00:38.692+0000] {processor.py:175} INFO - Processing /home/airflow/.local/lib/python3.7/site-packages/airflow/example_dags/example_sensors.py took 0.093 seconds
[2023-03-21T17:01:09.341+0000] {processor.py:153} INFO - Started process (PID=848) to work on /home/airflow/.local/lib/python3.7/site-packages/airflow/example_dags/example_sensors.py
[2023-03-21T17:01:09.344+0000] {processor.py:743} INFO - Processing file /home/airflow/.local/lib/python3.7/site-packages/airflow/example_dags/example_sensors.py for tasks to queue
[2023-03-21T17:01:09.346+0000] {logging_mixin.py:137} INFO - [2023-03-21T17:01:09.346+0000] {dagbag.py:532} INFO - Filling up the DagBag from /home/airflow/.local/lib/python3.7/site-packages/airflow/example_dags/example_sensors.py
[2023-03-21T17:01:09.375+0000] {processor.py:753} INFO - DAG(s) dict_keys(['example_sensors']) retrieved from /home/airflow/.local/lib/python3.7/site-packages/airflow/example_dags/example_sensors.py
[2023-03-21T17:01:09.405+0000] {logging_mixin.py:137} INFO - [2023-03-21T17:01:09.405+0000] {dag.py:2693} INFO - Sync 1 DAGs
[2023-03-21T17:01:09.424+0000] {logging_mixin.py:137} INFO - [2023-03-21T17:01:09.424+0000] {dag.py:3444} INFO - Setting next_dagrun for example_sensors to None, run_after=None
[2023-03-21T17:01:09.437+0000] {processor.py:175} INFO - Processing /home/airflow/.local/lib/python3.7/site-packages/airflow/example_dags/example_sensors.py took 0.105 seconds
[2023-03-21T17:01:40.073+0000] {processor.py:153} INFO - Started process (PID=898) to work on /home/airflow/.local/lib/python3.7/site-packages/airflow/example_dags/example_sensors.py
[2023-03-21T17:01:40.075+0000] {processor.py:743} INFO - Processing file /home/airflow/.local/lib/python3.7/site-packages/airflow/example_dags/example_sensors.py for tasks to queue
[2023-03-21T17:01:40.076+0000] {logging_mixin.py:137} INFO - [2023-03-21T17:01:40.076+0000] {dagbag.py:532} INFO - Filling up the DagBag from /home/airflow/.local/lib/python3.7/site-packages/airflow/example_dags/example_sensors.py
[2023-03-21T17:01:40.097+0000] {processor.py:753} INFO - DAG(s) dict_keys(['example_sensors']) retrieved from /home/airflow/.local/lib/python3.7/site-packages/airflow/example_dags/example_sensors.py
[2023-03-21T17:01:40.123+0000] {logging_mixin.py:137} INFO - [2023-03-21T17:01:40.123+0000] {dag.py:2693} INFO - Sync 1 DAGs
[2023-03-21T17:01:40.140+0000] {logging_mixin.py:137} INFO - [2023-03-21T17:01:40.140+0000] {dag.py:3444} INFO - Setting next_dagrun for example_sensors to None, run_after=None
[2023-03-21T17:01:40.153+0000] {processor.py:175} INFO - Processing /home/airflow/.local/lib/python3.7/site-packages/airflow/example_dags/example_sensors.py took 0.085 seconds
[2023-03-21T17:02:10.717+0000] {processor.py:153} INFO - Started process (PID=948) to work on /home/airflow/.local/lib/python3.7/site-packages/airflow/example_dags/example_sensors.py
[2023-03-21T17:02:10.719+0000] {processor.py:743} INFO - Processing file /home/airflow/.local/lib/python3.7/site-packages/airflow/example_dags/example_sensors.py for tasks to queue
[2023-03-21T17:02:10.720+0000] {logging_mixin.py:137} INFO - [2023-03-21T17:02:10.720+0000] {dagbag.py:532} INFO - Filling up the DagBag from /home/airflow/.local/lib/python3.7/site-packages/airflow/example_dags/example_sensors.py
[2023-03-21T17:02:10.744+0000] {processor.py:753} INFO - DAG(s) dict_keys(['example_sensors']) retrieved from /home/airflow/.local/lib/python3.7/site-packages/airflow/example_dags/example_sensors.py
[2023-03-21T17:02:10.771+0000] {logging_mixin.py:137} INFO - [2023-03-21T17:02:10.771+0000] {dag.py:2693} INFO - Sync 1 DAGs
[2023-03-21T17:02:10.791+0000] {logging_mixin.py:137} INFO - [2023-03-21T17:02:10.790+0000] {dag.py:3444} INFO - Setting next_dagrun for example_sensors to None, run_after=None
[2023-03-21T17:02:10.804+0000] {processor.py:175} INFO - Processing /home/airflow/.local/lib/python3.7/site-packages/airflow/example_dags/example_sensors.py took 0.094 seconds
[2023-03-21T17:02:41.332+0000] {processor.py:153} INFO - Started process (PID=998) to work on /home/airflow/.local/lib/python3.7/site-packages/airflow/example_dags/example_sensors.py
[2023-03-21T17:02:41.333+0000] {processor.py:743} INFO - Processing file /home/airflow/.local/lib/python3.7/site-packages/airflow/example_dags/example_sensors.py for tasks to queue
[2023-03-21T17:02:41.335+0000] {logging_mixin.py:137} INFO - [2023-03-21T17:02:41.335+0000] {dagbag.py:532} INFO - Filling up the DagBag from /home/airflow/.local/lib/python3.7/site-packages/airflow/example_dags/example_sensors.py
[2023-03-21T17:02:41.359+0000] {processor.py:753} INFO - DAG(s) dict_keys(['example_sensors']) retrieved from /home/airflow/.local/lib/python3.7/site-packages/airflow/example_dags/example_sensors.py
[2023-03-21T17:02:41.406+0000] {logging_mixin.py:137} INFO - [2023-03-21T17:02:41.406+0000] {dag.py:2693} INFO - Sync 1 DAGs
[2023-03-21T17:02:41.428+0000] {logging_mixin.py:137} INFO - [2023-03-21T17:02:41.428+0000] {dag.py:3444} INFO - Setting next_dagrun for example_sensors to None, run_after=None
[2023-03-21T17:02:41.444+0000] {processor.py:175} INFO - Processing /home/airflow/.local/lib/python3.7/site-packages/airflow/example_dags/example_sensors.py took 0.117 seconds
[2023-03-21T17:03:11.830+0000] {processor.py:153} INFO - Started process (PID=1048) to work on /home/airflow/.local/lib/python3.7/site-packages/airflow/example_dags/example_sensors.py
[2023-03-21T17:03:11.831+0000] {processor.py:743} INFO - Processing file /home/airflow/.local/lib/python3.7/site-packages/airflow/example_dags/example_sensors.py for tasks to queue
[2023-03-21T17:03:11.832+0000] {logging_mixin.py:137} INFO - [2023-03-21T17:03:11.832+0000] {dagbag.py:532} INFO - Filling up the DagBag from /home/airflow/.local/lib/python3.7/site-packages/airflow/example_dags/example_sensors.py
[2023-03-21T17:03:11.849+0000] {processor.py:753} INFO - DAG(s) dict_keys(['example_sensors']) retrieved from /home/airflow/.local/lib/python3.7/site-packages/airflow/example_dags/example_sensors.py
[2023-03-21T17:03:11.876+0000] {logging_mixin.py:137} INFO - [2023-03-21T17:03:11.875+0000] {dag.py:2693} INFO - Sync 1 DAGs
[2023-03-21T17:03:11.893+0000] {logging_mixin.py:137} INFO - [2023-03-21T17:03:11.893+0000] {dag.py:3444} INFO - Setting next_dagrun for example_sensors to None, run_after=None
[2023-03-21T17:03:11.906+0000] {processor.py:175} INFO - Processing /home/airflow/.local/lib/python3.7/site-packages/airflow/example_dags/example_sensors.py took 0.081 seconds
[2023-03-21T17:03:42.027+0000] {processor.py:153} INFO - Started process (PID=1097) to work on /home/airflow/.local/lib/python3.7/site-packages/airflow/example_dags/example_sensors.py
[2023-03-21T17:03:42.030+0000] {processor.py:743} INFO - Processing file /home/airflow/.local/lib/python3.7/site-packages/airflow/example_dags/example_sensors.py for tasks to queue
[2023-03-21T17:03:42.032+0000] {logging_mixin.py:137} INFO - [2023-03-21T17:03:42.032+0000] {dagbag.py:532} INFO - Filling up the DagBag from /home/airflow/.local/lib/python3.7/site-packages/airflow/example_dags/example_sensors.py
[2023-03-21T17:03:42.071+0000] {processor.py:753} INFO - DAG(s) dict_keys(['example_sensors']) retrieved from /home/airflow/.local/lib/python3.7/site-packages/airflow/example_dags/example_sensors.py
[2023-03-21T17:03:42.131+0000] {logging_mixin.py:137} INFO - [2023-03-21T17:03:42.131+0000] {dag.py:2693} INFO - Sync 1 DAGs
[2023-03-21T17:03:42.158+0000] {logging_mixin.py:137} INFO - [2023-03-21T17:03:42.158+0000] {dag.py:3444} INFO - Setting next_dagrun for example_sensors to None, run_after=None
[2023-03-21T17:03:42.213+0000] {processor.py:175} INFO - Processing /home/airflow/.local/lib/python3.7/site-packages/airflow/example_dags/example_sensors.py took 0.198 seconds
[2023-03-21T17:04:12.494+0000] {processor.py:153} INFO - Started process (PID=1146) to work on /home/airflow/.local/lib/python3.7/site-packages/airflow/example_dags/example_sensors.py
[2023-03-21T17:04:12.496+0000] {processor.py:743} INFO - Processing file /home/airflow/.local/lib/python3.7/site-packages/airflow/example_dags/example_sensors.py for tasks to queue
[2023-03-21T17:04:12.498+0000] {logging_mixin.py:137} INFO - [2023-03-21T17:04:12.498+0000] {dagbag.py:532} INFO - Filling up the DagBag from /home/airflow/.local/lib/python3.7/site-packages/airflow/example_dags/example_sensors.py
[2023-03-21T17:04:12.522+0000] {processor.py:753} INFO - DAG(s) dict_keys(['example_sensors']) retrieved from /home/airflow/.local/lib/python3.7/site-packages/airflow/example_dags/example_sensors.py
[2023-03-21T17:04:12.550+0000] {logging_mixin.py:137} INFO - [2023-03-21T17:04:12.550+0000] {dag.py:2693} INFO - Sync 1 DAGs
[2023-03-21T17:04:12.568+0000] {logging_mixin.py:137} INFO - [2023-03-21T17:04:12.568+0000] {dag.py:3444} INFO - Setting next_dagrun for example_sensors to None, run_after=None
[2023-03-21T17:04:12.583+0000] {processor.py:175} INFO - Processing /home/airflow/.local/lib/python3.7/site-packages/airflow/example_dags/example_sensors.py took 0.093 seconds
[2023-03-21T17:04:43.086+0000] {processor.py:153} INFO - Started process (PID=1197) to work on /home/airflow/.local/lib/python3.7/site-packages/airflow/example_dags/example_sensors.py
[2023-03-21T17:04:43.087+0000] {processor.py:743} INFO - Processing file /home/airflow/.local/lib/python3.7/site-packages/airflow/example_dags/example_sensors.py for tasks to queue
[2023-03-21T17:04:43.088+0000] {logging_mixin.py:137} INFO - [2023-03-21T17:04:43.088+0000] {dagbag.py:532} INFO - Filling up the DagBag from /home/airflow/.local/lib/python3.7/site-packages/airflow/example_dags/example_sensors.py
[2023-03-21T17:04:43.107+0000] {processor.py:753} INFO - DAG(s) dict_keys(['example_sensors']) retrieved from /home/airflow/.local/lib/python3.7/site-packages/airflow/example_dags/example_sensors.py
[2023-03-21T17:04:43.135+0000] {logging_mixin.py:137} INFO - [2023-03-21T17:04:43.135+0000] {dag.py:2693} INFO - Sync 1 DAGs
[2023-03-21T17:04:43.154+0000] {logging_mixin.py:137} INFO - [2023-03-21T17:04:43.153+0000] {dag.py:3444} INFO - Setting next_dagrun for example_sensors to None, run_after=None
[2023-03-21T17:04:43.166+0000] {processor.py:175} INFO - Processing /home/airflow/.local/lib/python3.7/site-packages/airflow/example_dags/example_sensors.py took 0.082 seconds
[2023-03-21T17:05:13.776+0000] {processor.py:153} INFO - Started process (PID=1247) to work on /home/airflow/.local/lib/python3.7/site-packages/airflow/example_dags/example_sensors.py
[2023-03-21T17:05:13.778+0000] {processor.py:743} INFO - Processing file /home/airflow/.local/lib/python3.7/site-packages/airflow/example_dags/example_sensors.py for tasks to queue
[2023-03-21T17:05:13.779+0000] {logging_mixin.py:137} INFO - [2023-03-21T17:05:13.779+0000] {dagbag.py:532} INFO - Filling up the DagBag from /home/airflow/.local/lib/python3.7/site-packages/airflow/example_dags/example_sensors.py
[2023-03-21T17:05:13.802+0000] {processor.py:753} INFO - DAG(s) dict_keys(['example_sensors']) retrieved from /home/airflow/.local/lib/python3.7/site-packages/airflow/example_dags/example_sensors.py
[2023-03-21T17:05:13.831+0000] {logging_mixin.py:137} INFO - [2023-03-21T17:05:13.831+0000] {dag.py:2693} INFO - Sync 1 DAGs
[2023-03-21T17:05:13.852+0000] {logging_mixin.py:137} INFO - [2023-03-21T17:05:13.852+0000] {dag.py:3444} INFO - Setting next_dagrun for example_sensors to None, run_after=None
[2023-03-21T17:05:13.866+0000] {processor.py:175} INFO - Processing /home/airflow/.local/lib/python3.7/site-packages/airflow/example_dags/example_sensors.py took 0.099 seconds
[2023-03-21T17:05:44.620+0000] {processor.py:153} INFO - Started process (PID=1296) to work on /home/airflow/.local/lib/python3.7/site-packages/airflow/example_dags/example_sensors.py
[2023-03-21T17:05:44.621+0000] {processor.py:743} INFO - Processing file /home/airflow/.local/lib/python3.7/site-packages/airflow/example_dags/example_sensors.py for tasks to queue
[2023-03-21T17:05:44.623+0000] {logging_mixin.py:137} INFO - [2023-03-21T17:05:44.622+0000] {dagbag.py:532} INFO - Filling up the DagBag from /home/airflow/.local/lib/python3.7/site-packages/airflow/example_dags/example_sensors.py
[2023-03-21T17:05:44.643+0000] {processor.py:753} INFO - DAG(s) dict_keys(['example_sensors']) retrieved from /home/airflow/.local/lib/python3.7/site-packages/airflow/example_dags/example_sensors.py
[2023-03-21T17:05:44.669+0000] {logging_mixin.py:137} INFO - [2023-03-21T17:05:44.669+0000] {dag.py:2693} INFO - Sync 1 DAGs
[2023-03-21T17:05:44.688+0000] {logging_mixin.py:137} INFO - [2023-03-21T17:05:44.687+0000] {dag.py:3444} INFO - Setting next_dagrun for example_sensors to None, run_after=None
[2023-03-21T17:05:44.701+0000] {processor.py:175} INFO - Processing /home/airflow/.local/lib/python3.7/site-packages/airflow/example_dags/example_sensors.py took 0.087 seconds
[2023-03-21T17:06:15.457+0000] {processor.py:153} INFO - Started process (PID=1346) to work on /home/airflow/.local/lib/python3.7/site-packages/airflow/example_dags/example_sensors.py
[2023-03-21T17:06:15.459+0000] {processor.py:743} INFO - Processing file /home/airflow/.local/lib/python3.7/site-packages/airflow/example_dags/example_sensors.py for tasks to queue
[2023-03-21T17:06:15.461+0000] {logging_mixin.py:137} INFO - [2023-03-21T17:06:15.461+0000] {dagbag.py:532} INFO - Filling up the DagBag from /home/airflow/.local/lib/python3.7/site-packages/airflow/example_dags/example_sensors.py
[2023-03-21T17:06:15.482+0000] {processor.py:753} INFO - DAG(s) dict_keys(['example_sensors']) retrieved from /home/airflow/.local/lib/python3.7/site-packages/airflow/example_dags/example_sensors.py
[2023-03-21T17:06:15.506+0000] {logging_mixin.py:137} INFO - [2023-03-21T17:06:15.506+0000] {dag.py:2693} INFO - Sync 1 DAGs
[2023-03-21T17:06:15.523+0000] {logging_mixin.py:137} INFO - [2023-03-21T17:06:15.523+0000] {dag.py:3444} INFO - Setting next_dagrun for example_sensors to None, run_after=None
[2023-03-21T17:06:15.534+0000] {processor.py:175} INFO - Processing /home/airflow/.local/lib/python3.7/site-packages/airflow/example_dags/example_sensors.py took 0.083 seconds
[2023-03-21T17:06:46.250+0000] {processor.py:153} INFO - Started process (PID=1396) to work on /home/airflow/.local/lib/python3.7/site-packages/airflow/example_dags/example_sensors.py
[2023-03-21T17:06:46.252+0000] {processor.py:743} INFO - Processing file /home/airflow/.local/lib/python3.7/site-packages/airflow/example_dags/example_sensors.py for tasks to queue
[2023-03-21T17:06:46.253+0000] {logging_mixin.py:137} INFO - [2023-03-21T17:06:46.253+0000] {dagbag.py:532} INFO - Filling up the DagBag from /home/airflow/.local/lib/python3.7/site-packages/airflow/example_dags/example_sensors.py
[2023-03-21T17:06:46.272+0000] {processor.py:753} INFO - DAG(s) dict_keys(['example_sensors']) retrieved from /home/airflow/.local/lib/python3.7/site-packages/airflow/example_dags/example_sensors.py
[2023-03-21T17:06:46.296+0000] {logging_mixin.py:137} INFO - [2023-03-21T17:06:46.296+0000] {dag.py:2693} INFO - Sync 1 DAGs
[2023-03-21T17:06:46.313+0000] {logging_mixin.py:137} INFO - [2023-03-21T17:06:46.312+0000] {dag.py:3444} INFO - Setting next_dagrun for example_sensors to None, run_after=None
[2023-03-21T17:06:46.325+0000] {processor.py:175} INFO - Processing /home/airflow/.local/lib/python3.7/site-packages/airflow/example_dags/example_sensors.py took 0.081 seconds
[2023-03-21T17:16:16.287+0000] {processor.py:153} INFO - Started process (PID=44) to work on /home/airflow/.local/lib/python3.7/site-packages/airflow/example_dags/example_sensors.py
[2023-03-21T17:16:16.291+0000] {processor.py:743} INFO - Processing file /home/airflow/.local/lib/python3.7/site-packages/airflow/example_dags/example_sensors.py for tasks to queue
[2023-03-21T17:16:16.294+0000] {logging_mixin.py:137} INFO - [2023-03-21T17:16:16.293+0000] {dagbag.py:532} INFO - Filling up the DagBag from /home/airflow/.local/lib/python3.7/site-packages/airflow/example_dags/example_sensors.py
[2023-03-21T17:16:16.349+0000] {processor.py:753} INFO - DAG(s) dict_keys(['example_sensors']) retrieved from /home/airflow/.local/lib/python3.7/site-packages/airflow/example_dags/example_sensors.py
[2023-03-21T17:16:16.388+0000] {logging_mixin.py:137} INFO - [2023-03-21T17:16:16.387+0000] {dag.py:2693} INFO - Sync 1 DAGs
[2023-03-21T17:16:16.472+0000] {logging_mixin.py:137} INFO - [2023-03-21T17:16:16.471+0000] {dag.py:3444} INFO - Setting next_dagrun for example_sensors to None, run_after=None
[2023-03-21T17:16:16.515+0000] {processor.py:175} INFO - Processing /home/airflow/.local/lib/python3.7/site-packages/airflow/example_dags/example_sensors.py took 0.246 seconds
[2023-03-21T17:16:46.612+0000] {processor.py:153} INFO - Started process (PID=95) to work on /home/airflow/.local/lib/python3.7/site-packages/airflow/example_dags/example_sensors.py
[2023-03-21T17:16:46.613+0000] {processor.py:743} INFO - Processing file /home/airflow/.local/lib/python3.7/site-packages/airflow/example_dags/example_sensors.py for tasks to queue
[2023-03-21T17:16:46.614+0000] {logging_mixin.py:137} INFO - [2023-03-21T17:16:46.614+0000] {dagbag.py:532} INFO - Filling up the DagBag from /home/airflow/.local/lib/python3.7/site-packages/airflow/example_dags/example_sensors.py
[2023-03-21T17:16:46.627+0000] {processor.py:753} INFO - DAG(s) dict_keys(['example_sensors']) retrieved from /home/airflow/.local/lib/python3.7/site-packages/airflow/example_dags/example_sensors.py
[2023-03-21T17:16:46.649+0000] {logging_mixin.py:137} INFO - [2023-03-21T17:16:46.649+0000] {dag.py:2693} INFO - Sync 1 DAGs
[2023-03-21T17:16:46.665+0000] {logging_mixin.py:137} INFO - [2023-03-21T17:16:46.665+0000] {dag.py:3444} INFO - Setting next_dagrun for example_sensors to None, run_after=None
[2023-03-21T17:16:46.675+0000] {processor.py:175} INFO - Processing /home/airflow/.local/lib/python3.7/site-packages/airflow/example_dags/example_sensors.py took 0.066 seconds
[2023-03-21T17:17:19.052+0000] {processor.py:153} INFO - Started process (PID=144) to work on /home/airflow/.local/lib/python3.7/site-packages/airflow/example_dags/example_sensors.py
[2023-03-21T17:17:19.101+0000] {processor.py:743} INFO - Processing file /home/airflow/.local/lib/python3.7/site-packages/airflow/example_dags/example_sensors.py for tasks to queue
[2023-03-21T17:17:19.143+0000] {logging_mixin.py:137} INFO - [2023-03-21T17:17:19.142+0000] {dagbag.py:532} INFO - Filling up the DagBag from /home/airflow/.local/lib/python3.7/site-packages/airflow/example_dags/example_sensors.py
[2023-03-21T17:17:19.355+0000] {processor.py:753} INFO - DAG(s) dict_keys(['example_sensors']) retrieved from /home/airflow/.local/lib/python3.7/site-packages/airflow/example_dags/example_sensors.py
[2023-03-21T17:17:19.619+0000] {logging_mixin.py:137} INFO - [2023-03-21T17:17:19.616+0000] {dag.py:2693} INFO - Sync 1 DAGs
[2023-03-21T17:17:19.804+0000] {logging_mixin.py:137} INFO - [2023-03-21T17:17:19.803+0000] {dag.py:3444} INFO - Setting next_dagrun for example_sensors to None, run_after=None
[2023-03-21T17:17:19.880+0000] {processor.py:175} INFO - Processing /home/airflow/.local/lib/python3.7/site-packages/airflow/example_dags/example_sensors.py took 0.843 seconds
[2023-03-21T17:17:50.778+0000] {processor.py:153} INFO - Started process (PID=193) to work on /home/airflow/.local/lib/python3.7/site-packages/airflow/example_dags/example_sensors.py
[2023-03-21T17:17:50.781+0000] {processor.py:743} INFO - Processing file /home/airflow/.local/lib/python3.7/site-packages/airflow/example_dags/example_sensors.py for tasks to queue
[2023-03-21T17:17:50.783+0000] {logging_mixin.py:137} INFO - [2023-03-21T17:17:50.783+0000] {dagbag.py:532} INFO - Filling up the DagBag from /home/airflow/.local/lib/python3.7/site-packages/airflow/example_dags/example_sensors.py
[2023-03-21T17:17:50.818+0000] {processor.py:753} INFO - DAG(s) dict_keys(['example_sensors']) retrieved from /home/airflow/.local/lib/python3.7/site-packages/airflow/example_dags/example_sensors.py
[2023-03-21T17:17:50.853+0000] {logging_mixin.py:137} INFO - [2023-03-21T17:17:50.853+0000] {dag.py:2693} INFO - Sync 1 DAGs
[2023-03-21T17:17:50.876+0000] {logging_mixin.py:137} INFO - [2023-03-21T17:17:50.876+0000] {dag.py:3444} INFO - Setting next_dagrun for example_sensors to None, run_after=None
[2023-03-21T17:17:50.893+0000] {processor.py:175} INFO - Processing /home/airflow/.local/lib/python3.7/site-packages/airflow/example_dags/example_sensors.py took 0.134 seconds
