[2023-03-21T15:25:54.272+0000] {processor.py:153} INFO - Started process (PID=57) to work on /home/airflow/.local/lib/python3.7/site-packages/airflow/example_dags/example_trigger_target_dag.py
[2023-03-21T15:25:54.274+0000] {processor.py:743} INFO - Processing file /home/airflow/.local/lib/python3.7/site-packages/airflow/example_dags/example_trigger_target_dag.py for tasks to queue
[2023-03-21T15:25:54.275+0000] {logging_mixin.py:137} INFO - [2023-03-21T15:25:54.275+0000] {dagbag.py:532} INFO - Filling up the DagBag from /home/airflow/.local/lib/python3.7/site-packages/airflow/example_dags/example_trigger_target_dag.py
[2023-03-21T15:25:54.311+0000] {processor.py:753} INFO - DAG(s) dict_keys(['example_trigger_target_dag']) retrieved from /home/airflow/.local/lib/python3.7/site-packages/airflow/example_dags/example_trigger_target_dag.py
[2023-03-21T15:25:54.326+0000] {logging_mixin.py:137} INFO - [2023-03-21T15:25:54.326+0000] {dag.py:2693} INFO - Sync 1 DAGs
[2023-03-21T15:25:54.348+0000] {logging_mixin.py:137} INFO - [2023-03-21T15:25:54.348+0000] {dag.py:3444} INFO - Setting next_dagrun for example_trigger_target_dag to None, run_after=None
[2023-03-21T15:25:54.367+0000] {processor.py:175} INFO - Processing /home/airflow/.local/lib/python3.7/site-packages/airflow/example_dags/example_trigger_target_dag.py took 0.099 seconds
[2023-03-21T15:26:25.318+0000] {processor.py:153} INFO - Started process (PID=106) to work on /home/airflow/.local/lib/python3.7/site-packages/airflow/example_dags/example_trigger_target_dag.py
[2023-03-21T15:26:25.319+0000] {processor.py:743} INFO - Processing file /home/airflow/.local/lib/python3.7/site-packages/airflow/example_dags/example_trigger_target_dag.py for tasks to queue
[2023-03-21T15:26:25.320+0000] {logging_mixin.py:137} INFO - [2023-03-21T15:26:25.319+0000] {dagbag.py:532} INFO - Filling up the DagBag from /home/airflow/.local/lib/python3.7/site-packages/airflow/example_dags/example_trigger_target_dag.py
[2023-03-21T15:26:25.336+0000] {processor.py:753} INFO - DAG(s) dict_keys(['example_trigger_target_dag']) retrieved from /home/airflow/.local/lib/python3.7/site-packages/airflow/example_dags/example_trigger_target_dag.py
[2023-03-21T15:26:25.357+0000] {logging_mixin.py:137} INFO - [2023-03-21T15:26:25.357+0000] {dag.py:2693} INFO - Sync 1 DAGs
[2023-03-21T15:26:25.373+0000] {logging_mixin.py:137} INFO - [2023-03-21T15:26:25.373+0000] {dag.py:3444} INFO - Setting next_dagrun for example_trigger_target_dag to None, run_after=None
[2023-03-21T15:26:25.384+0000] {processor.py:175} INFO - Processing /home/airflow/.local/lib/python3.7/site-packages/airflow/example_dags/example_trigger_target_dag.py took 0.070 seconds
[2023-03-21T15:26:55.764+0000] {processor.py:153} INFO - Started process (PID=155) to work on /home/airflow/.local/lib/python3.7/site-packages/airflow/example_dags/example_trigger_target_dag.py
[2023-03-21T15:26:55.765+0000] {processor.py:743} INFO - Processing file /home/airflow/.local/lib/python3.7/site-packages/airflow/example_dags/example_trigger_target_dag.py for tasks to queue
[2023-03-21T15:26:55.766+0000] {logging_mixin.py:137} INFO - [2023-03-21T15:26:55.765+0000] {dagbag.py:532} INFO - Filling up the DagBag from /home/airflow/.local/lib/python3.7/site-packages/airflow/example_dags/example_trigger_target_dag.py
[2023-03-21T15:26:55.789+0000] {processor.py:753} INFO - DAG(s) dict_keys(['example_trigger_target_dag']) retrieved from /home/airflow/.local/lib/python3.7/site-packages/airflow/example_dags/example_trigger_target_dag.py
[2023-03-21T15:26:55.821+0000] {logging_mixin.py:137} INFO - [2023-03-21T15:26:55.820+0000] {dag.py:2693} INFO - Sync 1 DAGs
[2023-03-21T15:26:55.839+0000] {logging_mixin.py:137} INFO - [2023-03-21T15:26:55.839+0000] {dag.py:3444} INFO - Setting next_dagrun for example_trigger_target_dag to None, run_after=None
[2023-03-21T15:26:55.852+0000] {processor.py:175} INFO - Processing /home/airflow/.local/lib/python3.7/site-packages/airflow/example_dags/example_trigger_target_dag.py took 0.091 seconds
[2023-03-21T15:27:26.646+0000] {processor.py:153} INFO - Started process (PID=204) to work on /home/airflow/.local/lib/python3.7/site-packages/airflow/example_dags/example_trigger_target_dag.py
[2023-03-21T15:27:26.647+0000] {processor.py:743} INFO - Processing file /home/airflow/.local/lib/python3.7/site-packages/airflow/example_dags/example_trigger_target_dag.py for tasks to queue
[2023-03-21T15:27:26.648+0000] {logging_mixin.py:137} INFO - [2023-03-21T15:27:26.648+0000] {dagbag.py:532} INFO - Filling up the DagBag from /home/airflow/.local/lib/python3.7/site-packages/airflow/example_dags/example_trigger_target_dag.py
[2023-03-21T15:27:26.662+0000] {processor.py:753} INFO - DAG(s) dict_keys(['example_trigger_target_dag']) retrieved from /home/airflow/.local/lib/python3.7/site-packages/airflow/example_dags/example_trigger_target_dag.py
[2023-03-21T15:27:26.683+0000] {logging_mixin.py:137} INFO - [2023-03-21T15:27:26.683+0000] {dag.py:2693} INFO - Sync 1 DAGs
[2023-03-21T15:27:26.698+0000] {logging_mixin.py:137} INFO - [2023-03-21T15:27:26.698+0000] {dag.py:3444} INFO - Setting next_dagrun for example_trigger_target_dag to None, run_after=None
[2023-03-21T15:27:26.709+0000] {processor.py:175} INFO - Processing /home/airflow/.local/lib/python3.7/site-packages/airflow/example_dags/example_trigger_target_dag.py took 0.066 seconds
[2023-03-21T15:27:56.996+0000] {processor.py:153} INFO - Started process (PID=253) to work on /home/airflow/.local/lib/python3.7/site-packages/airflow/example_dags/example_trigger_target_dag.py
[2023-03-21T15:27:56.997+0000] {processor.py:743} INFO - Processing file /home/airflow/.local/lib/python3.7/site-packages/airflow/example_dags/example_trigger_target_dag.py for tasks to queue
[2023-03-21T15:27:56.998+0000] {logging_mixin.py:137} INFO - [2023-03-21T15:27:56.998+0000] {dagbag.py:532} INFO - Filling up the DagBag from /home/airflow/.local/lib/python3.7/site-packages/airflow/example_dags/example_trigger_target_dag.py
[2023-03-21T15:27:57.012+0000] {processor.py:753} INFO - DAG(s) dict_keys(['example_trigger_target_dag']) retrieved from /home/airflow/.local/lib/python3.7/site-packages/airflow/example_dags/example_trigger_target_dag.py
[2023-03-21T15:27:57.032+0000] {logging_mixin.py:137} INFO - [2023-03-21T15:27:57.031+0000] {dag.py:2693} INFO - Sync 1 DAGs
[2023-03-21T15:27:57.047+0000] {logging_mixin.py:137} INFO - [2023-03-21T15:27:57.047+0000] {dag.py:3444} INFO - Setting next_dagrun for example_trigger_target_dag to None, run_after=None
[2023-03-21T15:27:57.057+0000] {processor.py:175} INFO - Processing /home/airflow/.local/lib/python3.7/site-packages/airflow/example_dags/example_trigger_target_dag.py took 0.064 seconds
[2023-03-21T15:28:27.431+0000] {processor.py:153} INFO - Started process (PID=302) to work on /home/airflow/.local/lib/python3.7/site-packages/airflow/example_dags/example_trigger_target_dag.py
[2023-03-21T15:28:27.432+0000] {processor.py:743} INFO - Processing file /home/airflow/.local/lib/python3.7/site-packages/airflow/example_dags/example_trigger_target_dag.py for tasks to queue
[2023-03-21T15:28:27.432+0000] {logging_mixin.py:137} INFO - [2023-03-21T15:28:27.432+0000] {dagbag.py:532} INFO - Filling up the DagBag from /home/airflow/.local/lib/python3.7/site-packages/airflow/example_dags/example_trigger_target_dag.py
[2023-03-21T15:28:27.446+0000] {processor.py:753} INFO - DAG(s) dict_keys(['example_trigger_target_dag']) retrieved from /home/airflow/.local/lib/python3.7/site-packages/airflow/example_dags/example_trigger_target_dag.py
[2023-03-21T15:28:27.467+0000] {logging_mixin.py:137} INFO - [2023-03-21T15:28:27.467+0000] {dag.py:2693} INFO - Sync 1 DAGs
[2023-03-21T15:28:27.482+0000] {logging_mixin.py:137} INFO - [2023-03-21T15:28:27.482+0000] {dag.py:3444} INFO - Setting next_dagrun for example_trigger_target_dag to None, run_after=None
[2023-03-21T15:28:27.492+0000] {processor.py:175} INFO - Processing /home/airflow/.local/lib/python3.7/site-packages/airflow/example_dags/example_trigger_target_dag.py took 0.064 seconds
[2023-03-21T15:28:57.702+0000] {processor.py:153} INFO - Started process (PID=351) to work on /home/airflow/.local/lib/python3.7/site-packages/airflow/example_dags/example_trigger_target_dag.py
[2023-03-21T15:28:57.703+0000] {processor.py:743} INFO - Processing file /home/airflow/.local/lib/python3.7/site-packages/airflow/example_dags/example_trigger_target_dag.py for tasks to queue
[2023-03-21T15:28:57.703+0000] {logging_mixin.py:137} INFO - [2023-03-21T15:28:57.703+0000] {dagbag.py:532} INFO - Filling up the DagBag from /home/airflow/.local/lib/python3.7/site-packages/airflow/example_dags/example_trigger_target_dag.py
[2023-03-21T15:28:57.718+0000] {processor.py:753} INFO - DAG(s) dict_keys(['example_trigger_target_dag']) retrieved from /home/airflow/.local/lib/python3.7/site-packages/airflow/example_dags/example_trigger_target_dag.py
[2023-03-21T15:28:57.737+0000] {logging_mixin.py:137} INFO - [2023-03-21T15:28:57.737+0000] {dag.py:2693} INFO - Sync 1 DAGs
[2023-03-21T15:28:57.752+0000] {logging_mixin.py:137} INFO - [2023-03-21T15:28:57.752+0000] {dag.py:3444} INFO - Setting next_dagrun for example_trigger_target_dag to None, run_after=None
[2023-03-21T15:28:57.762+0000] {processor.py:175} INFO - Processing /home/airflow/.local/lib/python3.7/site-packages/airflow/example_dags/example_trigger_target_dag.py took 0.064 seconds
[2023-03-21T15:29:28.047+0000] {processor.py:153} INFO - Started process (PID=400) to work on /home/airflow/.local/lib/python3.7/site-packages/airflow/example_dags/example_trigger_target_dag.py
[2023-03-21T15:29:28.048+0000] {processor.py:743} INFO - Processing file /home/airflow/.local/lib/python3.7/site-packages/airflow/example_dags/example_trigger_target_dag.py for tasks to queue
[2023-03-21T15:29:28.049+0000] {logging_mixin.py:137} INFO - [2023-03-21T15:29:28.049+0000] {dagbag.py:532} INFO - Filling up the DagBag from /home/airflow/.local/lib/python3.7/site-packages/airflow/example_dags/example_trigger_target_dag.py
[2023-03-21T15:29:28.064+0000] {processor.py:753} INFO - DAG(s) dict_keys(['example_trigger_target_dag']) retrieved from /home/airflow/.local/lib/python3.7/site-packages/airflow/example_dags/example_trigger_target_dag.py
[2023-03-21T15:29:28.084+0000] {logging_mixin.py:137} INFO - [2023-03-21T15:29:28.083+0000] {dag.py:2693} INFO - Sync 1 DAGs
[2023-03-21T15:29:28.099+0000] {logging_mixin.py:137} INFO - [2023-03-21T15:29:28.099+0000] {dag.py:3444} INFO - Setting next_dagrun for example_trigger_target_dag to None, run_after=None
[2023-03-21T15:29:28.110+0000] {processor.py:175} INFO - Processing /home/airflow/.local/lib/python3.7/site-packages/airflow/example_dags/example_trigger_target_dag.py took 0.066 seconds
[2023-03-21T15:29:58.426+0000] {processor.py:153} INFO - Started process (PID=449) to work on /home/airflow/.local/lib/python3.7/site-packages/airflow/example_dags/example_trigger_target_dag.py
[2023-03-21T15:29:58.427+0000] {processor.py:743} INFO - Processing file /home/airflow/.local/lib/python3.7/site-packages/airflow/example_dags/example_trigger_target_dag.py for tasks to queue
[2023-03-21T15:29:58.428+0000] {logging_mixin.py:137} INFO - [2023-03-21T15:29:58.428+0000] {dagbag.py:532} INFO - Filling up the DagBag from /home/airflow/.local/lib/python3.7/site-packages/airflow/example_dags/example_trigger_target_dag.py
[2023-03-21T15:29:58.442+0000] {processor.py:753} INFO - DAG(s) dict_keys(['example_trigger_target_dag']) retrieved from /home/airflow/.local/lib/python3.7/site-packages/airflow/example_dags/example_trigger_target_dag.py
[2023-03-21T15:29:58.462+0000] {logging_mixin.py:137} INFO - [2023-03-21T15:29:58.462+0000] {dag.py:2693} INFO - Sync 1 DAGs
[2023-03-21T15:29:58.477+0000] {logging_mixin.py:137} INFO - [2023-03-21T15:29:58.477+0000] {dag.py:3444} INFO - Setting next_dagrun for example_trigger_target_dag to None, run_after=None
[2023-03-21T15:29:58.490+0000] {processor.py:175} INFO - Processing /home/airflow/.local/lib/python3.7/site-packages/airflow/example_dags/example_trigger_target_dag.py took 0.066 seconds
[2023-03-21T15:30:28.937+0000] {processor.py:153} INFO - Started process (PID=498) to work on /home/airflow/.local/lib/python3.7/site-packages/airflow/example_dags/example_trigger_target_dag.py
[2023-03-21T15:30:28.938+0000] {processor.py:743} INFO - Processing file /home/airflow/.local/lib/python3.7/site-packages/airflow/example_dags/example_trigger_target_dag.py for tasks to queue
[2023-03-21T15:30:28.939+0000] {logging_mixin.py:137} INFO - [2023-03-21T15:30:28.939+0000] {dagbag.py:532} INFO - Filling up the DagBag from /home/airflow/.local/lib/python3.7/site-packages/airflow/example_dags/example_trigger_target_dag.py
[2023-03-21T15:30:28.954+0000] {processor.py:753} INFO - DAG(s) dict_keys(['example_trigger_target_dag']) retrieved from /home/airflow/.local/lib/python3.7/site-packages/airflow/example_dags/example_trigger_target_dag.py
[2023-03-21T15:30:28.975+0000] {logging_mixin.py:137} INFO - [2023-03-21T15:30:28.974+0000] {dag.py:2693} INFO - Sync 1 DAGs
[2023-03-21T15:30:28.990+0000] {logging_mixin.py:137} INFO - [2023-03-21T15:30:28.990+0000] {dag.py:3444} INFO - Setting next_dagrun for example_trigger_target_dag to None, run_after=None
[2023-03-21T15:30:29.000+0000] {processor.py:175} INFO - Processing /home/airflow/.local/lib/python3.7/site-packages/airflow/example_dags/example_trigger_target_dag.py took 0.066 seconds
[2023-03-21T15:30:59.385+0000] {processor.py:153} INFO - Started process (PID=547) to work on /home/airflow/.local/lib/python3.7/site-packages/airflow/example_dags/example_trigger_target_dag.py
[2023-03-21T15:30:59.386+0000] {processor.py:743} INFO - Processing file /home/airflow/.local/lib/python3.7/site-packages/airflow/example_dags/example_trigger_target_dag.py for tasks to queue
[2023-03-21T15:30:59.386+0000] {logging_mixin.py:137} INFO - [2023-03-21T15:30:59.386+0000] {dagbag.py:532} INFO - Filling up the DagBag from /home/airflow/.local/lib/python3.7/site-packages/airflow/example_dags/example_trigger_target_dag.py
[2023-03-21T15:30:59.402+0000] {processor.py:753} INFO - DAG(s) dict_keys(['example_trigger_target_dag']) retrieved from /home/airflow/.local/lib/python3.7/site-packages/airflow/example_dags/example_trigger_target_dag.py
[2023-03-21T15:30:59.423+0000] {logging_mixin.py:137} INFO - [2023-03-21T15:30:59.422+0000] {dag.py:2693} INFO - Sync 1 DAGs
[2023-03-21T15:30:59.438+0000] {logging_mixin.py:137} INFO - [2023-03-21T15:30:59.438+0000] {dag.py:3444} INFO - Setting next_dagrun for example_trigger_target_dag to None, run_after=None
[2023-03-21T15:30:59.450+0000] {processor.py:175} INFO - Processing /home/airflow/.local/lib/python3.7/site-packages/airflow/example_dags/example_trigger_target_dag.py took 0.068 seconds
[2023-03-21T15:31:29.807+0000] {processor.py:153} INFO - Started process (PID=595) to work on /home/airflow/.local/lib/python3.7/site-packages/airflow/example_dags/example_trigger_target_dag.py
[2023-03-21T15:31:29.808+0000] {processor.py:743} INFO - Processing file /home/airflow/.local/lib/python3.7/site-packages/airflow/example_dags/example_trigger_target_dag.py for tasks to queue
[2023-03-21T15:31:29.809+0000] {logging_mixin.py:137} INFO - [2023-03-21T15:31:29.809+0000] {dagbag.py:532} INFO - Filling up the DagBag from /home/airflow/.local/lib/python3.7/site-packages/airflow/example_dags/example_trigger_target_dag.py
[2023-03-21T15:31:29.823+0000] {processor.py:753} INFO - DAG(s) dict_keys(['example_trigger_target_dag']) retrieved from /home/airflow/.local/lib/python3.7/site-packages/airflow/example_dags/example_trigger_target_dag.py
[2023-03-21T15:31:29.842+0000] {logging_mixin.py:137} INFO - [2023-03-21T15:31:29.842+0000] {dag.py:2693} INFO - Sync 1 DAGs
[2023-03-21T15:31:29.857+0000] {logging_mixin.py:137} INFO - [2023-03-21T15:31:29.857+0000] {dag.py:3444} INFO - Setting next_dagrun for example_trigger_target_dag to None, run_after=None
[2023-03-21T15:31:29.868+0000] {processor.py:175} INFO - Processing /home/airflow/.local/lib/python3.7/site-packages/airflow/example_dags/example_trigger_target_dag.py took 0.063 seconds
[2023-03-21T15:32:00.253+0000] {processor.py:153} INFO - Started process (PID=644) to work on /home/airflow/.local/lib/python3.7/site-packages/airflow/example_dags/example_trigger_target_dag.py
[2023-03-21T15:32:00.253+0000] {processor.py:743} INFO - Processing file /home/airflow/.local/lib/python3.7/site-packages/airflow/example_dags/example_trigger_target_dag.py for tasks to queue
[2023-03-21T15:32:00.254+0000] {logging_mixin.py:137} INFO - [2023-03-21T15:32:00.254+0000] {dagbag.py:532} INFO - Filling up the DagBag from /home/airflow/.local/lib/python3.7/site-packages/airflow/example_dags/example_trigger_target_dag.py
[2023-03-21T15:32:00.268+0000] {processor.py:753} INFO - DAG(s) dict_keys(['example_trigger_target_dag']) retrieved from /home/airflow/.local/lib/python3.7/site-packages/airflow/example_dags/example_trigger_target_dag.py
[2023-03-21T15:32:00.288+0000] {logging_mixin.py:137} INFO - [2023-03-21T15:32:00.288+0000] {dag.py:2693} INFO - Sync 1 DAGs
[2023-03-21T15:32:00.303+0000] {logging_mixin.py:137} INFO - [2023-03-21T15:32:00.303+0000] {dag.py:3444} INFO - Setting next_dagrun for example_trigger_target_dag to None, run_after=None
[2023-03-21T15:32:00.313+0000] {processor.py:175} INFO - Processing /home/airflow/.local/lib/python3.7/site-packages/airflow/example_dags/example_trigger_target_dag.py took 0.064 seconds
[2023-03-21T16:52:56.353+0000] {processor.py:153} INFO - Started process (PID=58) to work on /home/airflow/.local/lib/python3.7/site-packages/airflow/example_dags/example_trigger_target_dag.py
[2023-03-21T16:52:56.355+0000] {processor.py:743} INFO - Processing file /home/airflow/.local/lib/python3.7/site-packages/airflow/example_dags/example_trigger_target_dag.py for tasks to queue
[2023-03-21T16:52:56.356+0000] {logging_mixin.py:137} INFO - [2023-03-21T16:52:56.356+0000] {dagbag.py:532} INFO - Filling up the DagBag from /home/airflow/.local/lib/python3.7/site-packages/airflow/example_dags/example_trigger_target_dag.py
[2023-03-21T16:52:56.399+0000] {processor.py:753} INFO - DAG(s) dict_keys(['example_trigger_target_dag']) retrieved from /home/airflow/.local/lib/python3.7/site-packages/airflow/example_dags/example_trigger_target_dag.py
[2023-03-21T16:52:56.428+0000] {logging_mixin.py:137} INFO - [2023-03-21T16:52:56.428+0000] {dag.py:2693} INFO - Sync 1 DAGs
[2023-03-21T16:52:56.468+0000] {logging_mixin.py:137} INFO - [2023-03-21T16:52:56.468+0000] {dag.py:3444} INFO - Setting next_dagrun for example_trigger_target_dag to None, run_after=None
[2023-03-21T16:52:56.530+0000] {processor.py:175} INFO - Processing /home/airflow/.local/lib/python3.7/site-packages/airflow/example_dags/example_trigger_target_dag.py took 0.179 seconds
[2023-03-21T16:53:27.065+0000] {processor.py:153} INFO - Started process (PID=107) to work on /home/airflow/.local/lib/python3.7/site-packages/airflow/example_dags/example_trigger_target_dag.py
[2023-03-21T16:53:27.066+0000] {processor.py:743} INFO - Processing file /home/airflow/.local/lib/python3.7/site-packages/airflow/example_dags/example_trigger_target_dag.py for tasks to queue
[2023-03-21T16:53:27.067+0000] {logging_mixin.py:137} INFO - [2023-03-21T16:53:27.067+0000] {dagbag.py:532} INFO - Filling up the DagBag from /home/airflow/.local/lib/python3.7/site-packages/airflow/example_dags/example_trigger_target_dag.py
[2023-03-21T16:53:27.081+0000] {processor.py:753} INFO - DAG(s) dict_keys(['example_trigger_target_dag']) retrieved from /home/airflow/.local/lib/python3.7/site-packages/airflow/example_dags/example_trigger_target_dag.py
[2023-03-21T16:53:27.101+0000] {logging_mixin.py:137} INFO - [2023-03-21T16:53:27.101+0000] {dag.py:2693} INFO - Sync 1 DAGs
[2023-03-21T16:53:27.118+0000] {logging_mixin.py:137} INFO - [2023-03-21T16:53:27.118+0000] {dag.py:3444} INFO - Setting next_dagrun for example_trigger_target_dag to None, run_after=None
[2023-03-21T16:53:27.129+0000] {processor.py:175} INFO - Processing /home/airflow/.local/lib/python3.7/site-packages/airflow/example_dags/example_trigger_target_dag.py took 0.067 seconds
[2023-03-21T16:53:59.044+0000] {processor.py:153} INFO - Started process (PID=161) to work on /home/airflow/.local/lib/python3.7/site-packages/airflow/example_dags/example_trigger_target_dag.py
[2023-03-21T16:53:59.045+0000] {processor.py:743} INFO - Processing file /home/airflow/.local/lib/python3.7/site-packages/airflow/example_dags/example_trigger_target_dag.py for tasks to queue
[2023-03-21T16:53:59.047+0000] {logging_mixin.py:137} INFO - [2023-03-21T16:53:59.047+0000] {dagbag.py:532} INFO - Filling up the DagBag from /home/airflow/.local/lib/python3.7/site-packages/airflow/example_dags/example_trigger_target_dag.py
[2023-03-21T16:53:59.072+0000] {processor.py:753} INFO - DAG(s) dict_keys(['example_trigger_target_dag']) retrieved from /home/airflow/.local/lib/python3.7/site-packages/airflow/example_dags/example_trigger_target_dag.py
[2023-03-21T16:53:59.101+0000] {logging_mixin.py:137} INFO - [2023-03-21T16:53:59.101+0000] {dag.py:2693} INFO - Sync 1 DAGs
[2023-03-21T16:53:59.120+0000] {logging_mixin.py:137} INFO - [2023-03-21T16:53:59.120+0000] {dag.py:3444} INFO - Setting next_dagrun for example_trigger_target_dag to None, run_after=None
[2023-03-21T16:53:59.133+0000] {processor.py:175} INFO - Processing /home/airflow/.local/lib/python3.7/site-packages/airflow/example_dags/example_trigger_target_dag.py took 0.093 seconds
[2023-03-21T16:54:33.526+0000] {processor.py:153} INFO - Started process (PID=211) to work on /home/airflow/.local/lib/python3.7/site-packages/airflow/example_dags/example_trigger_target_dag.py
[2023-03-21T16:54:33.530+0000] {processor.py:743} INFO - Processing file /home/airflow/.local/lib/python3.7/site-packages/airflow/example_dags/example_trigger_target_dag.py for tasks to queue
[2023-03-21T16:54:33.534+0000] {logging_mixin.py:137} INFO - [2023-03-21T16:54:33.534+0000] {dagbag.py:532} INFO - Filling up the DagBag from /home/airflow/.local/lib/python3.7/site-packages/airflow/example_dags/example_trigger_target_dag.py
[2023-03-21T16:54:33.589+0000] {processor.py:753} INFO - DAG(s) dict_keys(['example_trigger_target_dag']) retrieved from /home/airflow/.local/lib/python3.7/site-packages/airflow/example_dags/example_trigger_target_dag.py
[2023-03-21T16:54:33.635+0000] {logging_mixin.py:137} INFO - [2023-03-21T16:54:33.635+0000] {dag.py:2693} INFO - Sync 1 DAGs
[2023-03-21T16:54:33.694+0000] {logging_mixin.py:137} INFO - [2023-03-21T16:54:33.694+0000] {dag.py:3444} INFO - Setting next_dagrun for example_trigger_target_dag to None, run_after=None
[2023-03-21T16:54:33.752+0000] {processor.py:175} INFO - Processing /home/airflow/.local/lib/python3.7/site-packages/airflow/example_dags/example_trigger_target_dag.py took 0.230 seconds
[2023-03-21T16:55:04.071+0000] {processor.py:153} INFO - Started process (PID=260) to work on /home/airflow/.local/lib/python3.7/site-packages/airflow/example_dags/example_trigger_target_dag.py
[2023-03-21T16:55:04.073+0000] {processor.py:743} INFO - Processing file /home/airflow/.local/lib/python3.7/site-packages/airflow/example_dags/example_trigger_target_dag.py for tasks to queue
[2023-03-21T16:55:04.074+0000] {logging_mixin.py:137} INFO - [2023-03-21T16:55:04.074+0000] {dagbag.py:532} INFO - Filling up the DagBag from /home/airflow/.local/lib/python3.7/site-packages/airflow/example_dags/example_trigger_target_dag.py
[2023-03-21T16:55:04.091+0000] {processor.py:753} INFO - DAG(s) dict_keys(['example_trigger_target_dag']) retrieved from /home/airflow/.local/lib/python3.7/site-packages/airflow/example_dags/example_trigger_target_dag.py
[2023-03-21T16:55:04.112+0000] {logging_mixin.py:137} INFO - [2023-03-21T16:55:04.112+0000] {dag.py:2693} INFO - Sync 1 DAGs
[2023-03-21T16:55:04.136+0000] {logging_mixin.py:137} INFO - [2023-03-21T16:55:04.136+0000] {dag.py:3444} INFO - Setting next_dagrun for example_trigger_target_dag to None, run_after=None
[2023-03-21T16:55:04.150+0000] {processor.py:175} INFO - Processing /home/airflow/.local/lib/python3.7/site-packages/airflow/example_dags/example_trigger_target_dag.py took 0.082 seconds
[2023-03-21T16:55:35.203+0000] {processor.py:153} INFO - Started process (PID=310) to work on /home/airflow/.local/lib/python3.7/site-packages/airflow/example_dags/example_trigger_target_dag.py
[2023-03-21T16:55:35.204+0000] {processor.py:743} INFO - Processing file /home/airflow/.local/lib/python3.7/site-packages/airflow/example_dags/example_trigger_target_dag.py for tasks to queue
[2023-03-21T16:55:35.205+0000] {logging_mixin.py:137} INFO - [2023-03-21T16:55:35.205+0000] {dagbag.py:532} INFO - Filling up the DagBag from /home/airflow/.local/lib/python3.7/site-packages/airflow/example_dags/example_trigger_target_dag.py
[2023-03-21T16:55:35.220+0000] {processor.py:753} INFO - DAG(s) dict_keys(['example_trigger_target_dag']) retrieved from /home/airflow/.local/lib/python3.7/site-packages/airflow/example_dags/example_trigger_target_dag.py
[2023-03-21T16:55:35.242+0000] {logging_mixin.py:137} INFO - [2023-03-21T16:55:35.242+0000] {dag.py:2693} INFO - Sync 1 DAGs
[2023-03-21T16:55:35.265+0000] {logging_mixin.py:137} INFO - [2023-03-21T16:55:35.265+0000] {dag.py:3444} INFO - Setting next_dagrun for example_trigger_target_dag to None, run_after=None
[2023-03-21T16:55:35.281+0000] {processor.py:175} INFO - Processing /home/airflow/.local/lib/python3.7/site-packages/airflow/example_dags/example_trigger_target_dag.py took 0.081 seconds
[2023-03-21T16:56:06.177+0000] {processor.py:153} INFO - Started process (PID=360) to work on /home/airflow/.local/lib/python3.7/site-packages/airflow/example_dags/example_trigger_target_dag.py
[2023-03-21T16:56:06.178+0000] {processor.py:743} INFO - Processing file /home/airflow/.local/lib/python3.7/site-packages/airflow/example_dags/example_trigger_target_dag.py for tasks to queue
[2023-03-21T16:56:06.179+0000] {logging_mixin.py:137} INFO - [2023-03-21T16:56:06.179+0000] {dagbag.py:532} INFO - Filling up the DagBag from /home/airflow/.local/lib/python3.7/site-packages/airflow/example_dags/example_trigger_target_dag.py
[2023-03-21T16:56:06.195+0000] {processor.py:753} INFO - DAG(s) dict_keys(['example_trigger_target_dag']) retrieved from /home/airflow/.local/lib/python3.7/site-packages/airflow/example_dags/example_trigger_target_dag.py
[2023-03-21T16:56:06.216+0000] {logging_mixin.py:137} INFO - [2023-03-21T16:56:06.216+0000] {dag.py:2693} INFO - Sync 1 DAGs
[2023-03-21T16:56:06.233+0000] {logging_mixin.py:137} INFO - [2023-03-21T16:56:06.233+0000] {dag.py:3444} INFO - Setting next_dagrun for example_trigger_target_dag to None, run_after=None
[2023-03-21T16:56:06.244+0000] {processor.py:175} INFO - Processing /home/airflow/.local/lib/python3.7/site-packages/airflow/example_dags/example_trigger_target_dag.py took 0.071 seconds
[2023-03-21T16:56:37.330+0000] {processor.py:153} INFO - Started process (PID=411) to work on /home/airflow/.local/lib/python3.7/site-packages/airflow/example_dags/example_trigger_target_dag.py
[2023-03-21T16:56:37.332+0000] {processor.py:743} INFO - Processing file /home/airflow/.local/lib/python3.7/site-packages/airflow/example_dags/example_trigger_target_dag.py for tasks to queue
[2023-03-21T16:56:37.332+0000] {logging_mixin.py:137} INFO - [2023-03-21T16:56:37.332+0000] {dagbag.py:532} INFO - Filling up the DagBag from /home/airflow/.local/lib/python3.7/site-packages/airflow/example_dags/example_trigger_target_dag.py
[2023-03-21T16:56:37.354+0000] {processor.py:753} INFO - DAG(s) dict_keys(['example_trigger_target_dag']) retrieved from /home/airflow/.local/lib/python3.7/site-packages/airflow/example_dags/example_trigger_target_dag.py
[2023-03-21T16:56:37.389+0000] {logging_mixin.py:137} INFO - [2023-03-21T16:56:37.389+0000] {dag.py:2693} INFO - Sync 1 DAGs
[2023-03-21T16:56:37.420+0000] {logging_mixin.py:137} INFO - [2023-03-21T16:56:37.420+0000] {dag.py:3444} INFO - Setting next_dagrun for example_trigger_target_dag to None, run_after=None
[2023-03-21T16:56:37.441+0000] {processor.py:175} INFO - Processing /home/airflow/.local/lib/python3.7/site-packages/airflow/example_dags/example_trigger_target_dag.py took 0.116 seconds
[2023-03-21T16:57:07.521+0000] {processor.py:153} INFO - Started process (PID=462) to work on /home/airflow/.local/lib/python3.7/site-packages/airflow/example_dags/example_trigger_target_dag.py
[2023-03-21T16:57:07.523+0000] {processor.py:743} INFO - Processing file /home/airflow/.local/lib/python3.7/site-packages/airflow/example_dags/example_trigger_target_dag.py for tasks to queue
[2023-03-21T16:57:07.524+0000] {logging_mixin.py:137} INFO - [2023-03-21T16:57:07.524+0000] {dagbag.py:532} INFO - Filling up the DagBag from /home/airflow/.local/lib/python3.7/site-packages/airflow/example_dags/example_trigger_target_dag.py
[2023-03-21T16:57:07.544+0000] {processor.py:753} INFO - DAG(s) dict_keys(['example_trigger_target_dag']) retrieved from /home/airflow/.local/lib/python3.7/site-packages/airflow/example_dags/example_trigger_target_dag.py
[2023-03-21T16:57:07.573+0000] {logging_mixin.py:137} INFO - [2023-03-21T16:57:07.573+0000] {dag.py:2693} INFO - Sync 1 DAGs
[2023-03-21T16:57:07.593+0000] {logging_mixin.py:137} INFO - [2023-03-21T16:57:07.593+0000] {dag.py:3444} INFO - Setting next_dagrun for example_trigger_target_dag to None, run_after=None
[2023-03-21T16:57:07.606+0000] {processor.py:175} INFO - Processing /home/airflow/.local/lib/python3.7/site-packages/airflow/example_dags/example_trigger_target_dag.py took 0.088 seconds
[2023-03-21T16:57:37.707+0000] {processor.py:153} INFO - Started process (PID=512) to work on /home/airflow/.local/lib/python3.7/site-packages/airflow/example_dags/example_trigger_target_dag.py
[2023-03-21T16:57:37.710+0000] {processor.py:743} INFO - Processing file /home/airflow/.local/lib/python3.7/site-packages/airflow/example_dags/example_trigger_target_dag.py for tasks to queue
[2023-03-21T16:57:37.711+0000] {logging_mixin.py:137} INFO - [2023-03-21T16:57:37.711+0000] {dagbag.py:532} INFO - Filling up the DagBag from /home/airflow/.local/lib/python3.7/site-packages/airflow/example_dags/example_trigger_target_dag.py
[2023-03-21T16:57:37.728+0000] {processor.py:753} INFO - DAG(s) dict_keys(['example_trigger_target_dag']) retrieved from /home/airflow/.local/lib/python3.7/site-packages/airflow/example_dags/example_trigger_target_dag.py
[2023-03-21T16:57:37.750+0000] {logging_mixin.py:137} INFO - [2023-03-21T16:57:37.750+0000] {dag.py:2693} INFO - Sync 1 DAGs
[2023-03-21T16:57:37.768+0000] {logging_mixin.py:137} INFO - [2023-03-21T16:57:37.768+0000] {dag.py:3444} INFO - Setting next_dagrun for example_trigger_target_dag to None, run_after=None
[2023-03-21T16:57:37.780+0000] {processor.py:175} INFO - Processing /home/airflow/.local/lib/python3.7/site-packages/airflow/example_dags/example_trigger_target_dag.py took 0.077 seconds
[2023-03-21T16:58:08.241+0000] {processor.py:153} INFO - Started process (PID=562) to work on /home/airflow/.local/lib/python3.7/site-packages/airflow/example_dags/example_trigger_target_dag.py
[2023-03-21T16:58:08.242+0000] {processor.py:743} INFO - Processing file /home/airflow/.local/lib/python3.7/site-packages/airflow/example_dags/example_trigger_target_dag.py for tasks to queue
[2023-03-21T16:58:08.243+0000] {logging_mixin.py:137} INFO - [2023-03-21T16:58:08.243+0000] {dagbag.py:532} INFO - Filling up the DagBag from /home/airflow/.local/lib/python3.7/site-packages/airflow/example_dags/example_trigger_target_dag.py
[2023-03-21T16:58:08.260+0000] {processor.py:753} INFO - DAG(s) dict_keys(['example_trigger_target_dag']) retrieved from /home/airflow/.local/lib/python3.7/site-packages/airflow/example_dags/example_trigger_target_dag.py
[2023-03-21T16:58:08.280+0000] {logging_mixin.py:137} INFO - [2023-03-21T16:58:08.280+0000] {dag.py:2693} INFO - Sync 1 DAGs
[2023-03-21T16:58:08.297+0000] {logging_mixin.py:137} INFO - [2023-03-21T16:58:08.297+0000] {dag.py:3444} INFO - Setting next_dagrun for example_trigger_target_dag to None, run_after=None
[2023-03-21T16:58:08.307+0000] {processor.py:175} INFO - Processing /home/airflow/.local/lib/python3.7/site-packages/airflow/example_dags/example_trigger_target_dag.py took 0.070 seconds
[2023-03-21T16:58:39.002+0000] {processor.py:153} INFO - Started process (PID=612) to work on /home/airflow/.local/lib/python3.7/site-packages/airflow/example_dags/example_trigger_target_dag.py
[2023-03-21T16:58:39.004+0000] {processor.py:743} INFO - Processing file /home/airflow/.local/lib/python3.7/site-packages/airflow/example_dags/example_trigger_target_dag.py for tasks to queue
[2023-03-21T16:58:39.005+0000] {logging_mixin.py:137} INFO - [2023-03-21T16:58:39.005+0000] {dagbag.py:532} INFO - Filling up the DagBag from /home/airflow/.local/lib/python3.7/site-packages/airflow/example_dags/example_trigger_target_dag.py
[2023-03-21T16:58:39.021+0000] {processor.py:753} INFO - DAG(s) dict_keys(['example_trigger_target_dag']) retrieved from /home/airflow/.local/lib/python3.7/site-packages/airflow/example_dags/example_trigger_target_dag.py
[2023-03-21T16:58:39.044+0000] {logging_mixin.py:137} INFO - [2023-03-21T16:58:39.044+0000] {dag.py:2693} INFO - Sync 1 DAGs
[2023-03-21T16:58:39.063+0000] {logging_mixin.py:137} INFO - [2023-03-21T16:58:39.063+0000] {dag.py:3444} INFO - Setting next_dagrun for example_trigger_target_dag to None, run_after=None
[2023-03-21T16:58:39.076+0000] {processor.py:175} INFO - Processing /home/airflow/.local/lib/python3.7/site-packages/airflow/example_dags/example_trigger_target_dag.py took 0.078 seconds
[2023-03-21T16:59:09.730+0000] {processor.py:153} INFO - Started process (PID=662) to work on /home/airflow/.local/lib/python3.7/site-packages/airflow/example_dags/example_trigger_target_dag.py
[2023-03-21T16:59:09.732+0000] {processor.py:743} INFO - Processing file /home/airflow/.local/lib/python3.7/site-packages/airflow/example_dags/example_trigger_target_dag.py for tasks to queue
[2023-03-21T16:59:09.733+0000] {logging_mixin.py:137} INFO - [2023-03-21T16:59:09.732+0000] {dagbag.py:532} INFO - Filling up the DagBag from /home/airflow/.local/lib/python3.7/site-packages/airflow/example_dags/example_trigger_target_dag.py
[2023-03-21T16:59:09.750+0000] {processor.py:753} INFO - DAG(s) dict_keys(['example_trigger_target_dag']) retrieved from /home/airflow/.local/lib/python3.7/site-packages/airflow/example_dags/example_trigger_target_dag.py
[2023-03-21T16:59:09.775+0000] {logging_mixin.py:137} INFO - [2023-03-21T16:59:09.775+0000] {dag.py:2693} INFO - Sync 1 DAGs
[2023-03-21T16:59:09.794+0000] {logging_mixin.py:137} INFO - [2023-03-21T16:59:09.794+0000] {dag.py:3444} INFO - Setting next_dagrun for example_trigger_target_dag to None, run_after=None
[2023-03-21T16:59:09.808+0000] {processor.py:175} INFO - Processing /home/airflow/.local/lib/python3.7/site-packages/airflow/example_dags/example_trigger_target_dag.py took 0.082 seconds
[2023-03-21T16:59:40.586+0000] {processor.py:153} INFO - Started process (PID=712) to work on /home/airflow/.local/lib/python3.7/site-packages/airflow/example_dags/example_trigger_target_dag.py
[2023-03-21T16:59:40.588+0000] {processor.py:743} INFO - Processing file /home/airflow/.local/lib/python3.7/site-packages/airflow/example_dags/example_trigger_target_dag.py for tasks to queue
[2023-03-21T16:59:40.591+0000] {logging_mixin.py:137} INFO - [2023-03-21T16:59:40.591+0000] {dagbag.py:532} INFO - Filling up the DagBag from /home/airflow/.local/lib/python3.7/site-packages/airflow/example_dags/example_trigger_target_dag.py
[2023-03-21T16:59:40.610+0000] {processor.py:753} INFO - DAG(s) dict_keys(['example_trigger_target_dag']) retrieved from /home/airflow/.local/lib/python3.7/site-packages/airflow/example_dags/example_trigger_target_dag.py
[2023-03-21T16:59:40.634+0000] {logging_mixin.py:137} INFO - [2023-03-21T16:59:40.634+0000] {dag.py:2693} INFO - Sync 1 DAGs
[2023-03-21T16:59:40.654+0000] {logging_mixin.py:137} INFO - [2023-03-21T16:59:40.654+0000] {dag.py:3444} INFO - Setting next_dagrun for example_trigger_target_dag to None, run_after=None
[2023-03-21T16:59:40.667+0000] {processor.py:175} INFO - Processing /home/airflow/.local/lib/python3.7/site-packages/airflow/example_dags/example_trigger_target_dag.py took 0.084 seconds
[2023-03-21T17:00:11.458+0000] {processor.py:153} INFO - Started process (PID=762) to work on /home/airflow/.local/lib/python3.7/site-packages/airflow/example_dags/example_trigger_target_dag.py
[2023-03-21T17:00:11.460+0000] {processor.py:743} INFO - Processing file /home/airflow/.local/lib/python3.7/site-packages/airflow/example_dags/example_trigger_target_dag.py for tasks to queue
[2023-03-21T17:00:11.460+0000] {logging_mixin.py:137} INFO - [2023-03-21T17:00:11.460+0000] {dagbag.py:532} INFO - Filling up the DagBag from /home/airflow/.local/lib/python3.7/site-packages/airflow/example_dags/example_trigger_target_dag.py
[2023-03-21T17:00:11.479+0000] {processor.py:753} INFO - DAG(s) dict_keys(['example_trigger_target_dag']) retrieved from /home/airflow/.local/lib/python3.7/site-packages/airflow/example_dags/example_trigger_target_dag.py
[2023-03-21T17:00:11.504+0000] {logging_mixin.py:137} INFO - [2023-03-21T17:00:11.504+0000] {dag.py:2693} INFO - Sync 1 DAGs
[2023-03-21T17:00:11.522+0000] {logging_mixin.py:137} INFO - [2023-03-21T17:00:11.522+0000] {dag.py:3444} INFO - Setting next_dagrun for example_trigger_target_dag to None, run_after=None
[2023-03-21T17:00:11.540+0000] {processor.py:175} INFO - Processing /home/airflow/.local/lib/python3.7/site-packages/airflow/example_dags/example_trigger_target_dag.py took 0.085 seconds
[2023-03-21T17:00:42.424+0000] {processor.py:153} INFO - Started process (PID=812) to work on /home/airflow/.local/lib/python3.7/site-packages/airflow/example_dags/example_trigger_target_dag.py
[2023-03-21T17:00:42.425+0000] {processor.py:743} INFO - Processing file /home/airflow/.local/lib/python3.7/site-packages/airflow/example_dags/example_trigger_target_dag.py for tasks to queue
[2023-03-21T17:00:42.425+0000] {logging_mixin.py:137} INFO - [2023-03-21T17:00:42.425+0000] {dagbag.py:532} INFO - Filling up the DagBag from /home/airflow/.local/lib/python3.7/site-packages/airflow/example_dags/example_trigger_target_dag.py
[2023-03-21T17:00:42.439+0000] {processor.py:753} INFO - DAG(s) dict_keys(['example_trigger_target_dag']) retrieved from /home/airflow/.local/lib/python3.7/site-packages/airflow/example_dags/example_trigger_target_dag.py
[2023-03-21T17:00:42.460+0000] {logging_mixin.py:137} INFO - [2023-03-21T17:00:42.459+0000] {dag.py:2693} INFO - Sync 1 DAGs
[2023-03-21T17:00:42.476+0000] {logging_mixin.py:137} INFO - [2023-03-21T17:00:42.476+0000] {dag.py:3444} INFO - Setting next_dagrun for example_trigger_target_dag to None, run_after=None
[2023-03-21T17:00:42.486+0000] {processor.py:175} INFO - Processing /home/airflow/.local/lib/python3.7/site-packages/airflow/example_dags/example_trigger_target_dag.py took 0.065 seconds
[2023-03-21T17:01:13.267+0000] {processor.py:153} INFO - Started process (PID=862) to work on /home/airflow/.local/lib/python3.7/site-packages/airflow/example_dags/example_trigger_target_dag.py
[2023-03-21T17:01:13.269+0000] {processor.py:743} INFO - Processing file /home/airflow/.local/lib/python3.7/site-packages/airflow/example_dags/example_trigger_target_dag.py for tasks to queue
[2023-03-21T17:01:13.270+0000] {logging_mixin.py:137} INFO - [2023-03-21T17:01:13.270+0000] {dagbag.py:532} INFO - Filling up the DagBag from /home/airflow/.local/lib/python3.7/site-packages/airflow/example_dags/example_trigger_target_dag.py
[2023-03-21T17:01:13.288+0000] {processor.py:753} INFO - DAG(s) dict_keys(['example_trigger_target_dag']) retrieved from /home/airflow/.local/lib/python3.7/site-packages/airflow/example_dags/example_trigger_target_dag.py
[2023-03-21T17:01:13.309+0000] {logging_mixin.py:137} INFO - [2023-03-21T17:01:13.309+0000] {dag.py:2693} INFO - Sync 1 DAGs
[2023-03-21T17:01:13.326+0000] {logging_mixin.py:137} INFO - [2023-03-21T17:01:13.326+0000] {dag.py:3444} INFO - Setting next_dagrun for example_trigger_target_dag to None, run_after=None
[2023-03-21T17:01:13.337+0000] {processor.py:175} INFO - Processing /home/airflow/.local/lib/python3.7/site-packages/airflow/example_dags/example_trigger_target_dag.py took 0.074 seconds
[2023-03-21T17:01:43.887+0000] {processor.py:153} INFO - Started process (PID=912) to work on /home/airflow/.local/lib/python3.7/site-packages/airflow/example_dags/example_trigger_target_dag.py
[2023-03-21T17:01:43.888+0000] {processor.py:743} INFO - Processing file /home/airflow/.local/lib/python3.7/site-packages/airflow/example_dags/example_trigger_target_dag.py for tasks to queue
[2023-03-21T17:01:43.888+0000] {logging_mixin.py:137} INFO - [2023-03-21T17:01:43.888+0000] {dagbag.py:532} INFO - Filling up the DagBag from /home/airflow/.local/lib/python3.7/site-packages/airflow/example_dags/example_trigger_target_dag.py
[2023-03-21T17:01:43.903+0000] {processor.py:753} INFO - DAG(s) dict_keys(['example_trigger_target_dag']) retrieved from /home/airflow/.local/lib/python3.7/site-packages/airflow/example_dags/example_trigger_target_dag.py
[2023-03-21T17:01:43.923+0000] {logging_mixin.py:137} INFO - [2023-03-21T17:01:43.923+0000] {dag.py:2693} INFO - Sync 1 DAGs
[2023-03-21T17:01:43.939+0000] {logging_mixin.py:137} INFO - [2023-03-21T17:01:43.939+0000] {dag.py:3444} INFO - Setting next_dagrun for example_trigger_target_dag to None, run_after=None
[2023-03-21T17:01:43.949+0000] {processor.py:175} INFO - Processing /home/airflow/.local/lib/python3.7/site-packages/airflow/example_dags/example_trigger_target_dag.py took 0.065 seconds
[2023-03-21T17:02:14.539+0000] {processor.py:153} INFO - Started process (PID=962) to work on /home/airflow/.local/lib/python3.7/site-packages/airflow/example_dags/example_trigger_target_dag.py
[2023-03-21T17:02:14.540+0000] {processor.py:743} INFO - Processing file /home/airflow/.local/lib/python3.7/site-packages/airflow/example_dags/example_trigger_target_dag.py for tasks to queue
[2023-03-21T17:02:14.541+0000] {logging_mixin.py:137} INFO - [2023-03-21T17:02:14.541+0000] {dagbag.py:532} INFO - Filling up the DagBag from /home/airflow/.local/lib/python3.7/site-packages/airflow/example_dags/example_trigger_target_dag.py
[2023-03-21T17:02:14.555+0000] {processor.py:753} INFO - DAG(s) dict_keys(['example_trigger_target_dag']) retrieved from /home/airflow/.local/lib/python3.7/site-packages/airflow/example_dags/example_trigger_target_dag.py
[2023-03-21T17:02:14.575+0000] {logging_mixin.py:137} INFO - [2023-03-21T17:02:14.575+0000] {dag.py:2693} INFO - Sync 1 DAGs
[2023-03-21T17:02:14.592+0000] {logging_mixin.py:137} INFO - [2023-03-21T17:02:14.592+0000] {dag.py:3444} INFO - Setting next_dagrun for example_trigger_target_dag to None, run_after=None
[2023-03-21T17:02:14.603+0000] {processor.py:175} INFO - Processing /home/airflow/.local/lib/python3.7/site-packages/airflow/example_dags/example_trigger_target_dag.py took 0.067 seconds
[2023-03-21T17:02:45.461+0000] {processor.py:153} INFO - Started process (PID=1012) to work on /home/airflow/.local/lib/python3.7/site-packages/airflow/example_dags/example_trigger_target_dag.py
[2023-03-21T17:02:45.463+0000] {processor.py:743} INFO - Processing file /home/airflow/.local/lib/python3.7/site-packages/airflow/example_dags/example_trigger_target_dag.py for tasks to queue
[2023-03-21T17:02:45.464+0000] {logging_mixin.py:137} INFO - [2023-03-21T17:02:45.464+0000] {dagbag.py:532} INFO - Filling up the DagBag from /home/airflow/.local/lib/python3.7/site-packages/airflow/example_dags/example_trigger_target_dag.py
[2023-03-21T17:02:45.483+0000] {processor.py:753} INFO - DAG(s) dict_keys(['example_trigger_target_dag']) retrieved from /home/airflow/.local/lib/python3.7/site-packages/airflow/example_dags/example_trigger_target_dag.py
[2023-03-21T17:02:45.521+0000] {logging_mixin.py:137} INFO - [2023-03-21T17:02:45.521+0000] {dag.py:2693} INFO - Sync 1 DAGs
[2023-03-21T17:02:45.551+0000] {logging_mixin.py:137} INFO - [2023-03-21T17:02:45.551+0000] {dag.py:3444} INFO - Setting next_dagrun for example_trigger_target_dag to None, run_after=None
[2023-03-21T17:02:45.563+0000] {processor.py:175} INFO - Processing /home/airflow/.local/lib/python3.7/site-packages/airflow/example_dags/example_trigger_target_dag.py took 0.107 seconds
[2023-03-21T17:03:15.678+0000] {processor.py:153} INFO - Started process (PID=1062) to work on /home/airflow/.local/lib/python3.7/site-packages/airflow/example_dags/example_trigger_target_dag.py
[2023-03-21T17:03:15.679+0000] {processor.py:743} INFO - Processing file /home/airflow/.local/lib/python3.7/site-packages/airflow/example_dags/example_trigger_target_dag.py for tasks to queue
[2023-03-21T17:03:15.680+0000] {logging_mixin.py:137} INFO - [2023-03-21T17:03:15.680+0000] {dagbag.py:532} INFO - Filling up the DagBag from /home/airflow/.local/lib/python3.7/site-packages/airflow/example_dags/example_trigger_target_dag.py
[2023-03-21T17:03:15.696+0000] {processor.py:753} INFO - DAG(s) dict_keys(['example_trigger_target_dag']) retrieved from /home/airflow/.local/lib/python3.7/site-packages/airflow/example_dags/example_trigger_target_dag.py
[2023-03-21T17:03:15.717+0000] {logging_mixin.py:137} INFO - [2023-03-21T17:03:15.717+0000] {dag.py:2693} INFO - Sync 1 DAGs
[2023-03-21T17:03:15.733+0000] {logging_mixin.py:137} INFO - [2023-03-21T17:03:15.733+0000] {dag.py:3444} INFO - Setting next_dagrun for example_trigger_target_dag to None, run_after=None
[2023-03-21T17:03:15.746+0000] {processor.py:175} INFO - Processing /home/airflow/.local/lib/python3.7/site-packages/airflow/example_dags/example_trigger_target_dag.py took 0.071 seconds
[2023-03-21T17:03:46.383+0000] {processor.py:153} INFO - Started process (PID=1112) to work on /home/airflow/.local/lib/python3.7/site-packages/airflow/example_dags/example_trigger_target_dag.py
[2023-03-21T17:03:46.386+0000] {processor.py:743} INFO - Processing file /home/airflow/.local/lib/python3.7/site-packages/airflow/example_dags/example_trigger_target_dag.py for tasks to queue
[2023-03-21T17:03:46.387+0000] {logging_mixin.py:137} INFO - [2023-03-21T17:03:46.387+0000] {dagbag.py:532} INFO - Filling up the DagBag from /home/airflow/.local/lib/python3.7/site-packages/airflow/example_dags/example_trigger_target_dag.py
[2023-03-21T17:03:46.408+0000] {processor.py:753} INFO - DAG(s) dict_keys(['example_trigger_target_dag']) retrieved from /home/airflow/.local/lib/python3.7/site-packages/airflow/example_dags/example_trigger_target_dag.py
[2023-03-21T17:03:46.431+0000] {logging_mixin.py:137} INFO - [2023-03-21T17:03:46.431+0000] {dag.py:2693} INFO - Sync 1 DAGs
[2023-03-21T17:03:46.450+0000] {logging_mixin.py:137} INFO - [2023-03-21T17:03:46.450+0000] {dag.py:3444} INFO - Setting next_dagrun for example_trigger_target_dag to None, run_after=None
[2023-03-21T17:03:46.465+0000] {processor.py:175} INFO - Processing /home/airflow/.local/lib/python3.7/site-packages/airflow/example_dags/example_trigger_target_dag.py took 0.085 seconds
[2023-03-21T17:04:17.379+0000] {processor.py:153} INFO - Started process (PID=1161) to work on /home/airflow/.local/lib/python3.7/site-packages/airflow/example_dags/example_trigger_target_dag.py
[2023-03-21T17:04:17.380+0000] {processor.py:743} INFO - Processing file /home/airflow/.local/lib/python3.7/site-packages/airflow/example_dags/example_trigger_target_dag.py for tasks to queue
[2023-03-21T17:04:17.381+0000] {logging_mixin.py:137} INFO - [2023-03-21T17:04:17.381+0000] {dagbag.py:532} INFO - Filling up the DagBag from /home/airflow/.local/lib/python3.7/site-packages/airflow/example_dags/example_trigger_target_dag.py
[2023-03-21T17:04:17.395+0000] {processor.py:753} INFO - DAG(s) dict_keys(['example_trigger_target_dag']) retrieved from /home/airflow/.local/lib/python3.7/site-packages/airflow/example_dags/example_trigger_target_dag.py
[2023-03-21T17:04:17.418+0000] {logging_mixin.py:137} INFO - [2023-03-21T17:04:17.418+0000] {dag.py:2693} INFO - Sync 1 DAGs
[2023-03-21T17:04:17.436+0000] {logging_mixin.py:137} INFO - [2023-03-21T17:04:17.436+0000] {dag.py:3444} INFO - Setting next_dagrun for example_trigger_target_dag to None, run_after=None
[2023-03-21T17:04:17.448+0000] {processor.py:175} INFO - Processing /home/airflow/.local/lib/python3.7/site-packages/airflow/example_dags/example_trigger_target_dag.py took 0.073 seconds
[2023-03-21T17:04:47.959+0000] {processor.py:153} INFO - Started process (PID=1211) to work on /home/airflow/.local/lib/python3.7/site-packages/airflow/example_dags/example_trigger_target_dag.py
[2023-03-21T17:04:47.960+0000] {processor.py:743} INFO - Processing file /home/airflow/.local/lib/python3.7/site-packages/airflow/example_dags/example_trigger_target_dag.py for tasks to queue
[2023-03-21T17:04:47.961+0000] {logging_mixin.py:137} INFO - [2023-03-21T17:04:47.961+0000] {dagbag.py:532} INFO - Filling up the DagBag from /home/airflow/.local/lib/python3.7/site-packages/airflow/example_dags/example_trigger_target_dag.py
[2023-03-21T17:04:47.976+0000] {processor.py:753} INFO - DAG(s) dict_keys(['example_trigger_target_dag']) retrieved from /home/airflow/.local/lib/python3.7/site-packages/airflow/example_dags/example_trigger_target_dag.py
[2023-03-21T17:04:47.997+0000] {logging_mixin.py:137} INFO - [2023-03-21T17:04:47.997+0000] {dag.py:2693} INFO - Sync 1 DAGs
[2023-03-21T17:04:48.013+0000] {logging_mixin.py:137} INFO - [2023-03-21T17:04:48.013+0000] {dag.py:3444} INFO - Setting next_dagrun for example_trigger_target_dag to None, run_after=None
[2023-03-21T17:04:48.025+0000] {processor.py:175} INFO - Processing /home/airflow/.local/lib/python3.7/site-packages/airflow/example_dags/example_trigger_target_dag.py took 0.069 seconds
[2023-03-21T17:05:18.781+0000] {processor.py:153} INFO - Started process (PID=1261) to work on /home/airflow/.local/lib/python3.7/site-packages/airflow/example_dags/example_trigger_target_dag.py
[2023-03-21T17:05:18.782+0000] {processor.py:743} INFO - Processing file /home/airflow/.local/lib/python3.7/site-packages/airflow/example_dags/example_trigger_target_dag.py for tasks to queue
[2023-03-21T17:05:18.783+0000] {logging_mixin.py:137} INFO - [2023-03-21T17:05:18.783+0000] {dagbag.py:532} INFO - Filling up the DagBag from /home/airflow/.local/lib/python3.7/site-packages/airflow/example_dags/example_trigger_target_dag.py
[2023-03-21T17:05:18.797+0000] {processor.py:753} INFO - DAG(s) dict_keys(['example_trigger_target_dag']) retrieved from /home/airflow/.local/lib/python3.7/site-packages/airflow/example_dags/example_trigger_target_dag.py
[2023-03-21T17:05:18.820+0000] {logging_mixin.py:137} INFO - [2023-03-21T17:05:18.820+0000] {dag.py:2693} INFO - Sync 1 DAGs
[2023-03-21T17:05:18.837+0000] {logging_mixin.py:137} INFO - [2023-03-21T17:05:18.837+0000] {dag.py:3444} INFO - Setting next_dagrun for example_trigger_target_dag to None, run_after=None
[2023-03-21T17:05:18.866+0000] {processor.py:175} INFO - Processing /home/airflow/.local/lib/python3.7/site-packages/airflow/example_dags/example_trigger_target_dag.py took 0.088 seconds
[2023-03-21T17:05:49.542+0000] {processor.py:153} INFO - Started process (PID=1317) to work on /home/airflow/.local/lib/python3.7/site-packages/airflow/example_dags/example_trigger_target_dag.py
[2023-03-21T17:05:49.543+0000] {processor.py:743} INFO - Processing file /home/airflow/.local/lib/python3.7/site-packages/airflow/example_dags/example_trigger_target_dag.py for tasks to queue
[2023-03-21T17:05:49.544+0000] {logging_mixin.py:137} INFO - [2023-03-21T17:05:49.544+0000] {dagbag.py:532} INFO - Filling up the DagBag from /home/airflow/.local/lib/python3.7/site-packages/airflow/example_dags/example_trigger_target_dag.py
[2023-03-21T17:05:49.559+0000] {processor.py:753} INFO - DAG(s) dict_keys(['example_trigger_target_dag']) retrieved from /home/airflow/.local/lib/python3.7/site-packages/airflow/example_dags/example_trigger_target_dag.py
[2023-03-21T17:05:49.580+0000] {logging_mixin.py:137} INFO - [2023-03-21T17:05:49.580+0000] {dag.py:2693} INFO - Sync 1 DAGs
[2023-03-21T17:05:49.597+0000] {logging_mixin.py:137} INFO - [2023-03-21T17:05:49.597+0000] {dag.py:3444} INFO - Setting next_dagrun for example_trigger_target_dag to None, run_after=None
[2023-03-21T17:05:49.609+0000] {processor.py:175} INFO - Processing /home/airflow/.local/lib/python3.7/site-packages/airflow/example_dags/example_trigger_target_dag.py took 0.070 seconds
[2023-03-21T17:06:20.317+0000] {processor.py:153} INFO - Started process (PID=1367) to work on /home/airflow/.local/lib/python3.7/site-packages/airflow/example_dags/example_trigger_target_dag.py
[2023-03-21T17:06:20.318+0000] {processor.py:743} INFO - Processing file /home/airflow/.local/lib/python3.7/site-packages/airflow/example_dags/example_trigger_target_dag.py for tasks to queue
[2023-03-21T17:06:20.319+0000] {logging_mixin.py:137} INFO - [2023-03-21T17:06:20.319+0000] {dagbag.py:532} INFO - Filling up the DagBag from /home/airflow/.local/lib/python3.7/site-packages/airflow/example_dags/example_trigger_target_dag.py
[2023-03-21T17:06:20.334+0000] {processor.py:753} INFO - DAG(s) dict_keys(['example_trigger_target_dag']) retrieved from /home/airflow/.local/lib/python3.7/site-packages/airflow/example_dags/example_trigger_target_dag.py
[2023-03-21T17:06:20.356+0000] {logging_mixin.py:137} INFO - [2023-03-21T17:06:20.356+0000] {dag.py:2693} INFO - Sync 1 DAGs
[2023-03-21T17:06:20.381+0000] {logging_mixin.py:137} INFO - [2023-03-21T17:06:20.380+0000] {dag.py:3444} INFO - Setting next_dagrun for example_trigger_target_dag to None, run_after=None
[2023-03-21T17:06:20.405+0000] {processor.py:175} INFO - Processing /home/airflow/.local/lib/python3.7/site-packages/airflow/example_dags/example_trigger_target_dag.py took 0.091 seconds
[2023-03-21T17:06:51.239+0000] {processor.py:153} INFO - Started process (PID=1417) to work on /home/airflow/.local/lib/python3.7/site-packages/airflow/example_dags/example_trigger_target_dag.py
[2023-03-21T17:06:51.240+0000] {processor.py:743} INFO - Processing file /home/airflow/.local/lib/python3.7/site-packages/airflow/example_dags/example_trigger_target_dag.py for tasks to queue
[2023-03-21T17:06:51.241+0000] {logging_mixin.py:137} INFO - [2023-03-21T17:06:51.241+0000] {dagbag.py:532} INFO - Filling up the DagBag from /home/airflow/.local/lib/python3.7/site-packages/airflow/example_dags/example_trigger_target_dag.py
[2023-03-21T17:06:51.256+0000] {processor.py:753} INFO - DAG(s) dict_keys(['example_trigger_target_dag']) retrieved from /home/airflow/.local/lib/python3.7/site-packages/airflow/example_dags/example_trigger_target_dag.py
[2023-03-21T17:06:51.277+0000] {logging_mixin.py:137} INFO - [2023-03-21T17:06:51.277+0000] {dag.py:2693} INFO - Sync 1 DAGs
[2023-03-21T17:06:51.293+0000] {logging_mixin.py:137} INFO - [2023-03-21T17:06:51.293+0000] {dag.py:3444} INFO - Setting next_dagrun for example_trigger_target_dag to None, run_after=None
[2023-03-21T17:06:51.305+0000] {processor.py:175} INFO - Processing /home/airflow/.local/lib/python3.7/site-packages/airflow/example_dags/example_trigger_target_dag.py took 0.069 seconds
[2023-03-21T17:16:17.735+0000] {processor.py:153} INFO - Started process (PID=58) to work on /home/airflow/.local/lib/python3.7/site-packages/airflow/example_dags/example_trigger_target_dag.py
[2023-03-21T17:16:17.737+0000] {processor.py:743} INFO - Processing file /home/airflow/.local/lib/python3.7/site-packages/airflow/example_dags/example_trigger_target_dag.py for tasks to queue
[2023-03-21T17:16:17.738+0000] {logging_mixin.py:137} INFO - [2023-03-21T17:16:17.738+0000] {dagbag.py:532} INFO - Filling up the DagBag from /home/airflow/.local/lib/python3.7/site-packages/airflow/example_dags/example_trigger_target_dag.py
[2023-03-21T17:16:17.781+0000] {processor.py:753} INFO - DAG(s) dict_keys(['example_trigger_target_dag']) retrieved from /home/airflow/.local/lib/python3.7/site-packages/airflow/example_dags/example_trigger_target_dag.py
[2023-03-21T17:16:17.805+0000] {logging_mixin.py:137} INFO - [2023-03-21T17:16:17.805+0000] {dag.py:2693} INFO - Sync 1 DAGs
[2023-03-21T17:16:17.898+0000] {logging_mixin.py:137} INFO - [2023-03-21T17:16:17.897+0000] {dag.py:3444} INFO - Setting next_dagrun for example_trigger_target_dag to None, run_after=None
[2023-03-21T17:16:17.923+0000] {processor.py:175} INFO - Processing /home/airflow/.local/lib/python3.7/site-packages/airflow/example_dags/example_trigger_target_dag.py took 0.192 seconds
[2023-03-21T17:16:48.373+0000] {processor.py:153} INFO - Started process (PID=108) to work on /home/airflow/.local/lib/python3.7/site-packages/airflow/example_dags/example_trigger_target_dag.py
[2023-03-21T17:16:48.374+0000] {processor.py:743} INFO - Processing file /home/airflow/.local/lib/python3.7/site-packages/airflow/example_dags/example_trigger_target_dag.py for tasks to queue
[2023-03-21T17:16:48.375+0000] {logging_mixin.py:137} INFO - [2023-03-21T17:16:48.375+0000] {dagbag.py:532} INFO - Filling up the DagBag from /home/airflow/.local/lib/python3.7/site-packages/airflow/example_dags/example_trigger_target_dag.py
[2023-03-21T17:16:48.389+0000] {processor.py:753} INFO - DAG(s) dict_keys(['example_trigger_target_dag']) retrieved from /home/airflow/.local/lib/python3.7/site-packages/airflow/example_dags/example_trigger_target_dag.py
[2023-03-21T17:16:48.409+0000] {logging_mixin.py:137} INFO - [2023-03-21T17:16:48.409+0000] {dag.py:2693} INFO - Sync 1 DAGs
[2023-03-21T17:16:48.427+0000] {logging_mixin.py:137} INFO - [2023-03-21T17:16:48.426+0000] {dag.py:3444} INFO - Setting next_dagrun for example_trigger_target_dag to None, run_after=None
[2023-03-21T17:16:48.438+0000] {processor.py:175} INFO - Processing /home/airflow/.local/lib/python3.7/site-packages/airflow/example_dags/example_trigger_target_dag.py took 0.068 seconds
[2023-03-21T17:17:22.887+0000] {processor.py:153} INFO - Started process (PID=158) to work on /home/airflow/.local/lib/python3.7/site-packages/airflow/example_dags/example_trigger_target_dag.py
[2023-03-21T17:17:22.888+0000] {processor.py:743} INFO - Processing file /home/airflow/.local/lib/python3.7/site-packages/airflow/example_dags/example_trigger_target_dag.py for tasks to queue
[2023-03-21T17:17:22.893+0000] {logging_mixin.py:137} INFO - [2023-03-21T17:17:22.893+0000] {dagbag.py:532} INFO - Filling up the DagBag from /home/airflow/.local/lib/python3.7/site-packages/airflow/example_dags/example_trigger_target_dag.py
[2023-03-21T17:17:22.911+0000] {processor.py:753} INFO - DAG(s) dict_keys(['example_trigger_target_dag']) retrieved from /home/airflow/.local/lib/python3.7/site-packages/airflow/example_dags/example_trigger_target_dag.py
[2023-03-21T17:17:22.932+0000] {logging_mixin.py:137} INFO - [2023-03-21T17:17:22.932+0000] {dag.py:2693} INFO - Sync 1 DAGs
[2023-03-21T17:17:22.949+0000] {logging_mixin.py:137} INFO - [2023-03-21T17:17:22.949+0000] {dag.py:3444} INFO - Setting next_dagrun for example_trigger_target_dag to None, run_after=None
[2023-03-21T17:17:22.962+0000] {processor.py:175} INFO - Processing /home/airflow/.local/lib/python3.7/site-packages/airflow/example_dags/example_trigger_target_dag.py took 0.078 seconds
[2023-03-21T17:17:53.514+0000] {processor.py:153} INFO - Started process (PID=207) to work on /home/airflow/.local/lib/python3.7/site-packages/airflow/example_dags/example_trigger_target_dag.py
[2023-03-21T17:17:53.515+0000] {processor.py:743} INFO - Processing file /home/airflow/.local/lib/python3.7/site-packages/airflow/example_dags/example_trigger_target_dag.py for tasks to queue
[2023-03-21T17:17:53.516+0000] {logging_mixin.py:137} INFO - [2023-03-21T17:17:53.516+0000] {dagbag.py:532} INFO - Filling up the DagBag from /home/airflow/.local/lib/python3.7/site-packages/airflow/example_dags/example_trigger_target_dag.py
[2023-03-21T17:17:53.531+0000] {processor.py:753} INFO - DAG(s) dict_keys(['example_trigger_target_dag']) retrieved from /home/airflow/.local/lib/python3.7/site-packages/airflow/example_dags/example_trigger_target_dag.py
[2023-03-21T17:17:53.551+0000] {logging_mixin.py:137} INFO - [2023-03-21T17:17:53.551+0000] {dag.py:2693} INFO - Sync 1 DAGs
[2023-03-21T17:17:53.566+0000] {logging_mixin.py:137} INFO - [2023-03-21T17:17:53.566+0000] {dag.py:3444} INFO - Setting next_dagrun for example_trigger_target_dag to None, run_after=None
[2023-03-21T17:17:53.577+0000] {processor.py:175} INFO - Processing /home/airflow/.local/lib/python3.7/site-packages/airflow/example_dags/example_trigger_target_dag.py took 0.065 seconds
