[2023-03-21T15:25:53.958+0000] {processor.py:153} INFO - Started process (PID=54) to work on /home/airflow/.local/lib/python3.7/site-packages/airflow/example_dags/example_task_group_decorator.py
[2023-03-21T15:25:53.960+0000] {processor.py:743} INFO - Processing file /home/airflow/.local/lib/python3.7/site-packages/airflow/example_dags/example_task_group_decorator.py for tasks to queue
[2023-03-21T15:25:53.961+0000] {logging_mixin.py:137} INFO - [2023-03-21T15:25:53.961+0000] {dagbag.py:532} INFO - Filling up the DagBag from /home/airflow/.local/lib/python3.7/site-packages/airflow/example_dags/example_task_group_decorator.py
[2023-03-21T15:25:54.001+0000] {processor.py:753} INFO - DAG(s) dict_keys(['example_task_group_decorator']) retrieved from /home/airflow/.local/lib/python3.7/site-packages/airflow/example_dags/example_task_group_decorator.py
[2023-03-21T15:25:54.020+0000] {logging_mixin.py:137} INFO - [2023-03-21T15:25:54.020+0000] {dag.py:2693} INFO - Sync 1 DAGs
[2023-03-21T15:25:54.057+0000] {logging_mixin.py:137} INFO - [2023-03-21T15:25:54.056+0000] {dag.py:3444} INFO - Setting next_dagrun for example_task_group_decorator to 2023-03-20T15:25:54.056609+00:00, run_after=2023-03-21T15:25:54.056609+00:00
[2023-03-21T15:25:54.098+0000] {processor.py:175} INFO - Processing /home/airflow/.local/lib/python3.7/site-packages/airflow/example_dags/example_task_group_decorator.py took 0.145 seconds
[2023-03-21T15:26:25.061+0000] {processor.py:153} INFO - Started process (PID=103) to work on /home/airflow/.local/lib/python3.7/site-packages/airflow/example_dags/example_task_group_decorator.py
[2023-03-21T15:26:25.062+0000] {processor.py:743} INFO - Processing file /home/airflow/.local/lib/python3.7/site-packages/airflow/example_dags/example_task_group_decorator.py for tasks to queue
[2023-03-21T15:26:25.064+0000] {logging_mixin.py:137} INFO - [2023-03-21T15:26:25.063+0000] {dagbag.py:532} INFO - Filling up the DagBag from /home/airflow/.local/lib/python3.7/site-packages/airflow/example_dags/example_task_group_decorator.py
[2023-03-21T15:26:25.092+0000] {processor.py:753} INFO - DAG(s) dict_keys(['example_task_group_decorator']) retrieved from /home/airflow/.local/lib/python3.7/site-packages/airflow/example_dags/example_task_group_decorator.py
[2023-03-21T15:26:25.117+0000] {logging_mixin.py:137} INFO - [2023-03-21T15:26:25.117+0000] {dag.py:2693} INFO - Sync 1 DAGs
[2023-03-21T15:26:25.142+0000] {logging_mixin.py:137} INFO - [2023-03-21T15:26:25.142+0000] {dag.py:3444} INFO - Setting next_dagrun for example_task_group_decorator to 2023-03-20T15:26:25.141789+00:00, run_after=2023-03-21T15:26:25.141789+00:00
[2023-03-21T15:26:25.157+0000] {processor.py:175} INFO - Processing /home/airflow/.local/lib/python3.7/site-packages/airflow/example_dags/example_task_group_decorator.py took 0.102 seconds
[2023-03-21T15:26:55.548+0000] {processor.py:153} INFO - Started process (PID=152) to work on /home/airflow/.local/lib/python3.7/site-packages/airflow/example_dags/example_task_group_decorator.py
[2023-03-21T15:26:55.550+0000] {processor.py:743} INFO - Processing file /home/airflow/.local/lib/python3.7/site-packages/airflow/example_dags/example_task_group_decorator.py for tasks to queue
[2023-03-21T15:26:55.551+0000] {logging_mixin.py:137} INFO - [2023-03-21T15:26:55.551+0000] {dagbag.py:532} INFO - Filling up the DagBag from /home/airflow/.local/lib/python3.7/site-packages/airflow/example_dags/example_task_group_decorator.py
[2023-03-21T15:26:55.577+0000] {processor.py:753} INFO - DAG(s) dict_keys(['example_task_group_decorator']) retrieved from /home/airflow/.local/lib/python3.7/site-packages/airflow/example_dags/example_task_group_decorator.py
[2023-03-21T15:26:55.598+0000] {logging_mixin.py:137} INFO - [2023-03-21T15:26:55.598+0000] {dag.py:2693} INFO - Sync 1 DAGs
[2023-03-21T15:26:55.614+0000] {logging_mixin.py:137} INFO - [2023-03-21T15:26:55.613+0000] {dag.py:3444} INFO - Setting next_dagrun for example_task_group_decorator to 2023-03-20T15:26:55.613736+00:00, run_after=2023-03-21T15:26:55.613736+00:00
[2023-03-21T15:26:55.624+0000] {processor.py:175} INFO - Processing /home/airflow/.local/lib/python3.7/site-packages/airflow/example_dags/example_task_group_decorator.py took 0.081 seconds
[2023-03-21T15:27:26.434+0000] {processor.py:153} INFO - Started process (PID=201) to work on /home/airflow/.local/lib/python3.7/site-packages/airflow/example_dags/example_task_group_decorator.py
[2023-03-21T15:27:26.436+0000] {processor.py:743} INFO - Processing file /home/airflow/.local/lib/python3.7/site-packages/airflow/example_dags/example_task_group_decorator.py for tasks to queue
[2023-03-21T15:27:26.437+0000] {logging_mixin.py:137} INFO - [2023-03-21T15:27:26.437+0000] {dagbag.py:532} INFO - Filling up the DagBag from /home/airflow/.local/lib/python3.7/site-packages/airflow/example_dags/example_task_group_decorator.py
[2023-03-21T15:27:26.464+0000] {processor.py:753} INFO - DAG(s) dict_keys(['example_task_group_decorator']) retrieved from /home/airflow/.local/lib/python3.7/site-packages/airflow/example_dags/example_task_group_decorator.py
[2023-03-21T15:27:26.485+0000] {logging_mixin.py:137} INFO - [2023-03-21T15:27:26.485+0000] {dag.py:2693} INFO - Sync 1 DAGs
[2023-03-21T15:27:26.500+0000] {logging_mixin.py:137} INFO - [2023-03-21T15:27:26.500+0000] {dag.py:3444} INFO - Setting next_dagrun for example_task_group_decorator to 2023-03-20T15:27:26.500438+00:00, run_after=2023-03-21T15:27:26.500438+00:00
[2023-03-21T15:27:26.511+0000] {processor.py:175} INFO - Processing /home/airflow/.local/lib/python3.7/site-packages/airflow/example_dags/example_task_group_decorator.py took 0.084 seconds
[2023-03-21T15:27:56.790+0000] {processor.py:153} INFO - Started process (PID=250) to work on /home/airflow/.local/lib/python3.7/site-packages/airflow/example_dags/example_task_group_decorator.py
[2023-03-21T15:27:56.792+0000] {processor.py:743} INFO - Processing file /home/airflow/.local/lib/python3.7/site-packages/airflow/example_dags/example_task_group_decorator.py for tasks to queue
[2023-03-21T15:27:56.793+0000] {logging_mixin.py:137} INFO - [2023-03-21T15:27:56.793+0000] {dagbag.py:532} INFO - Filling up the DagBag from /home/airflow/.local/lib/python3.7/site-packages/airflow/example_dags/example_task_group_decorator.py
[2023-03-21T15:27:56.819+0000] {processor.py:753} INFO - DAG(s) dict_keys(['example_task_group_decorator']) retrieved from /home/airflow/.local/lib/python3.7/site-packages/airflow/example_dags/example_task_group_decorator.py
[2023-03-21T15:27:56.841+0000] {logging_mixin.py:137} INFO - [2023-03-21T15:27:56.841+0000] {dag.py:2693} INFO - Sync 1 DAGs
[2023-03-21T15:27:56.858+0000] {logging_mixin.py:137} INFO - [2023-03-21T15:27:56.858+0000] {dag.py:3444} INFO - Setting next_dagrun for example_task_group_decorator to 2023-03-20T15:27:56.857840+00:00, run_after=2023-03-21T15:27:56.857840+00:00
[2023-03-21T15:27:56.868+0000] {processor.py:175} INFO - Processing /home/airflow/.local/lib/python3.7/site-packages/airflow/example_dags/example_task_group_decorator.py took 0.084 seconds
[2023-03-21T15:28:27.226+0000] {processor.py:153} INFO - Started process (PID=299) to work on /home/airflow/.local/lib/python3.7/site-packages/airflow/example_dags/example_task_group_decorator.py
[2023-03-21T15:28:27.228+0000] {processor.py:743} INFO - Processing file /home/airflow/.local/lib/python3.7/site-packages/airflow/example_dags/example_task_group_decorator.py for tasks to queue
[2023-03-21T15:28:27.229+0000] {logging_mixin.py:137} INFO - [2023-03-21T15:28:27.229+0000] {dagbag.py:532} INFO - Filling up the DagBag from /home/airflow/.local/lib/python3.7/site-packages/airflow/example_dags/example_task_group_decorator.py
[2023-03-21T15:28:27.256+0000] {processor.py:753} INFO - DAG(s) dict_keys(['example_task_group_decorator']) retrieved from /home/airflow/.local/lib/python3.7/site-packages/airflow/example_dags/example_task_group_decorator.py
[2023-03-21T15:28:27.278+0000] {logging_mixin.py:137} INFO - [2023-03-21T15:28:27.278+0000] {dag.py:2693} INFO - Sync 1 DAGs
[2023-03-21T15:28:27.293+0000] {logging_mixin.py:137} INFO - [2023-03-21T15:28:27.293+0000] {dag.py:3444} INFO - Setting next_dagrun for example_task_group_decorator to 2023-03-20T15:28:27.293503+00:00, run_after=2023-03-21T15:28:27.293503+00:00
[2023-03-21T15:28:27.304+0000] {processor.py:175} INFO - Processing /home/airflow/.local/lib/python3.7/site-packages/airflow/example_dags/example_task_group_decorator.py took 0.082 seconds
[2023-03-21T15:28:57.495+0000] {processor.py:153} INFO - Started process (PID=348) to work on /home/airflow/.local/lib/python3.7/site-packages/airflow/example_dags/example_task_group_decorator.py
[2023-03-21T15:28:57.498+0000] {processor.py:743} INFO - Processing file /home/airflow/.local/lib/python3.7/site-packages/airflow/example_dags/example_task_group_decorator.py for tasks to queue
[2023-03-21T15:28:57.499+0000] {logging_mixin.py:137} INFO - [2023-03-21T15:28:57.499+0000] {dagbag.py:532} INFO - Filling up the DagBag from /home/airflow/.local/lib/python3.7/site-packages/airflow/example_dags/example_task_group_decorator.py
[2023-03-21T15:28:57.528+0000] {processor.py:753} INFO - DAG(s) dict_keys(['example_task_group_decorator']) retrieved from /home/airflow/.local/lib/python3.7/site-packages/airflow/example_dags/example_task_group_decorator.py
[2023-03-21T15:28:57.550+0000] {logging_mixin.py:137} INFO - [2023-03-21T15:28:57.550+0000] {dag.py:2693} INFO - Sync 1 DAGs
[2023-03-21T15:28:57.566+0000] {logging_mixin.py:137} INFO - [2023-03-21T15:28:57.566+0000] {dag.py:3444} INFO - Setting next_dagrun for example_task_group_decorator to 2023-03-20T15:28:57.565888+00:00, run_after=2023-03-21T15:28:57.565888+00:00
[2023-03-21T15:28:57.576+0000] {processor.py:175} INFO - Processing /home/airflow/.local/lib/python3.7/site-packages/airflow/example_dags/example_task_group_decorator.py took 0.087 seconds
[2023-03-21T15:29:27.848+0000] {processor.py:153} INFO - Started process (PID=397) to work on /home/airflow/.local/lib/python3.7/site-packages/airflow/example_dags/example_task_group_decorator.py
[2023-03-21T15:29:27.850+0000] {processor.py:743} INFO - Processing file /home/airflow/.local/lib/python3.7/site-packages/airflow/example_dags/example_task_group_decorator.py for tasks to queue
[2023-03-21T15:29:27.851+0000] {logging_mixin.py:137} INFO - [2023-03-21T15:29:27.851+0000] {dagbag.py:532} INFO - Filling up the DagBag from /home/airflow/.local/lib/python3.7/site-packages/airflow/example_dags/example_task_group_decorator.py
[2023-03-21T15:29:27.885+0000] {processor.py:753} INFO - DAG(s) dict_keys(['example_task_group_decorator']) retrieved from /home/airflow/.local/lib/python3.7/site-packages/airflow/example_dags/example_task_group_decorator.py
[2023-03-21T15:29:27.911+0000] {logging_mixin.py:137} INFO - [2023-03-21T15:29:27.911+0000] {dag.py:2693} INFO - Sync 1 DAGs
[2023-03-21T15:29:27.926+0000] {logging_mixin.py:137} INFO - [2023-03-21T15:29:27.926+0000] {dag.py:3444} INFO - Setting next_dagrun for example_task_group_decorator to 2023-03-20T15:29:27.926341+00:00, run_after=2023-03-21T15:29:27.926341+00:00
[2023-03-21T15:29:27.939+0000] {processor.py:175} INFO - Processing /home/airflow/.local/lib/python3.7/site-packages/airflow/example_dags/example_task_group_decorator.py took 0.097 seconds
[2023-03-21T15:29:58.222+0000] {processor.py:153} INFO - Started process (PID=446) to work on /home/airflow/.local/lib/python3.7/site-packages/airflow/example_dags/example_task_group_decorator.py
[2023-03-21T15:29:58.224+0000] {processor.py:743} INFO - Processing file /home/airflow/.local/lib/python3.7/site-packages/airflow/example_dags/example_task_group_decorator.py for tasks to queue
[2023-03-21T15:29:58.225+0000] {logging_mixin.py:137} INFO - [2023-03-21T15:29:58.225+0000] {dagbag.py:532} INFO - Filling up the DagBag from /home/airflow/.local/lib/python3.7/site-packages/airflow/example_dags/example_task_group_decorator.py
[2023-03-21T15:29:58.252+0000] {processor.py:753} INFO - DAG(s) dict_keys(['example_task_group_decorator']) retrieved from /home/airflow/.local/lib/python3.7/site-packages/airflow/example_dags/example_task_group_decorator.py
[2023-03-21T15:29:58.274+0000] {logging_mixin.py:137} INFO - [2023-03-21T15:29:58.274+0000] {dag.py:2693} INFO - Sync 1 DAGs
[2023-03-21T15:29:58.289+0000] {logging_mixin.py:137} INFO - [2023-03-21T15:29:58.289+0000] {dag.py:3444} INFO - Setting next_dagrun for example_task_group_decorator to 2023-03-20T15:29:58.289572+00:00, run_after=2023-03-21T15:29:58.289572+00:00
[2023-03-21T15:29:58.300+0000] {processor.py:175} INFO - Processing /home/airflow/.local/lib/python3.7/site-packages/airflow/example_dags/example_task_group_decorator.py took 0.083 seconds
[2023-03-21T15:30:28.706+0000] {processor.py:153} INFO - Started process (PID=495) to work on /home/airflow/.local/lib/python3.7/site-packages/airflow/example_dags/example_task_group_decorator.py
[2023-03-21T15:30:28.707+0000] {processor.py:743} INFO - Processing file /home/airflow/.local/lib/python3.7/site-packages/airflow/example_dags/example_task_group_decorator.py for tasks to queue
[2023-03-21T15:30:28.708+0000] {logging_mixin.py:137} INFO - [2023-03-21T15:30:28.708+0000] {dagbag.py:532} INFO - Filling up the DagBag from /home/airflow/.local/lib/python3.7/site-packages/airflow/example_dags/example_task_group_decorator.py
[2023-03-21T15:30:28.726+0000] {processor.py:753} INFO - DAG(s) dict_keys(['example_task_group_decorator']) retrieved from /home/airflow/.local/lib/python3.7/site-packages/airflow/example_dags/example_task_group_decorator.py
[2023-03-21T15:30:28.756+0000] {logging_mixin.py:137} INFO - [2023-03-21T15:30:28.756+0000] {dag.py:2693} INFO - Sync 1 DAGs
[2023-03-21T15:30:28.773+0000] {logging_mixin.py:137} INFO - [2023-03-21T15:30:28.773+0000] {dag.py:3444} INFO - Setting next_dagrun for example_task_group_decorator to 2023-03-20T15:30:28.773432+00:00, run_after=2023-03-21T15:30:28.773432+00:00
[2023-03-21T15:30:28.785+0000] {processor.py:175} INFO - Processing /home/airflow/.local/lib/python3.7/site-packages/airflow/example_dags/example_task_group_decorator.py took 0.082 seconds
[2023-03-21T15:30:59.195+0000] {processor.py:153} INFO - Started process (PID=544) to work on /home/airflow/.local/lib/python3.7/site-packages/airflow/example_dags/example_task_group_decorator.py
[2023-03-21T15:30:59.196+0000] {processor.py:743} INFO - Processing file /home/airflow/.local/lib/python3.7/site-packages/airflow/example_dags/example_task_group_decorator.py for tasks to queue
[2023-03-21T15:30:59.196+0000] {logging_mixin.py:137} INFO - [2023-03-21T15:30:59.196+0000] {dagbag.py:532} INFO - Filling up the DagBag from /home/airflow/.local/lib/python3.7/site-packages/airflow/example_dags/example_task_group_decorator.py
[2023-03-21T15:30:59.215+0000] {processor.py:753} INFO - DAG(s) dict_keys(['example_task_group_decorator']) retrieved from /home/airflow/.local/lib/python3.7/site-packages/airflow/example_dags/example_task_group_decorator.py
[2023-03-21T15:30:59.237+0000] {logging_mixin.py:137} INFO - [2023-03-21T15:30:59.237+0000] {dag.py:2693} INFO - Sync 1 DAGs
[2023-03-21T15:30:59.253+0000] {logging_mixin.py:137} INFO - [2023-03-21T15:30:59.253+0000] {dag.py:3444} INFO - Setting next_dagrun for example_task_group_decorator to 2023-03-20T15:30:59.253353+00:00, run_after=2023-03-21T15:30:59.253353+00:00
[2023-03-21T15:30:59.267+0000] {processor.py:175} INFO - Processing /home/airflow/.local/lib/python3.7/site-packages/airflow/example_dags/example_task_group_decorator.py took 0.076 seconds
[2023-03-21T15:31:29.594+0000] {processor.py:153} INFO - Started process (PID=592) to work on /home/airflow/.local/lib/python3.7/site-packages/airflow/example_dags/example_task_group_decorator.py
[2023-03-21T15:31:29.596+0000] {processor.py:743} INFO - Processing file /home/airflow/.local/lib/python3.7/site-packages/airflow/example_dags/example_task_group_decorator.py for tasks to queue
[2023-03-21T15:31:29.597+0000] {logging_mixin.py:137} INFO - [2023-03-21T15:31:29.597+0000] {dagbag.py:532} INFO - Filling up the DagBag from /home/airflow/.local/lib/python3.7/site-packages/airflow/example_dags/example_task_group_decorator.py
[2023-03-21T15:31:29.626+0000] {processor.py:753} INFO - DAG(s) dict_keys(['example_task_group_decorator']) retrieved from /home/airflow/.local/lib/python3.7/site-packages/airflow/example_dags/example_task_group_decorator.py
[2023-03-21T15:31:29.649+0000] {logging_mixin.py:137} INFO - [2023-03-21T15:31:29.649+0000] {dag.py:2693} INFO - Sync 1 DAGs
[2023-03-21T15:31:29.665+0000] {logging_mixin.py:137} INFO - [2023-03-21T15:31:29.665+0000] {dag.py:3444} INFO - Setting next_dagrun for example_task_group_decorator to 2023-03-20T15:31:29.665129+00:00, run_after=2023-03-21T15:31:29.665129+00:00
[2023-03-21T15:31:29.675+0000] {processor.py:175} INFO - Processing /home/airflow/.local/lib/python3.7/site-packages/airflow/example_dags/example_task_group_decorator.py took 0.087 seconds
[2023-03-21T15:32:00.044+0000] {processor.py:153} INFO - Started process (PID=641) to work on /home/airflow/.local/lib/python3.7/site-packages/airflow/example_dags/example_task_group_decorator.py
[2023-03-21T15:32:00.046+0000] {processor.py:743} INFO - Processing file /home/airflow/.local/lib/python3.7/site-packages/airflow/example_dags/example_task_group_decorator.py for tasks to queue
[2023-03-21T15:32:00.047+0000] {logging_mixin.py:137} INFO - [2023-03-21T15:32:00.047+0000] {dagbag.py:532} INFO - Filling up the DagBag from /home/airflow/.local/lib/python3.7/site-packages/airflow/example_dags/example_task_group_decorator.py
[2023-03-21T15:32:00.074+0000] {processor.py:753} INFO - DAG(s) dict_keys(['example_task_group_decorator']) retrieved from /home/airflow/.local/lib/python3.7/site-packages/airflow/example_dags/example_task_group_decorator.py
[2023-03-21T15:32:00.097+0000] {logging_mixin.py:137} INFO - [2023-03-21T15:32:00.097+0000] {dag.py:2693} INFO - Sync 1 DAGs
[2023-03-21T15:32:00.112+0000] {logging_mixin.py:137} INFO - [2023-03-21T15:32:00.112+0000] {dag.py:3444} INFO - Setting next_dagrun for example_task_group_decorator to 2023-03-20T15:32:00.112062+00:00, run_after=2023-03-21T15:32:00.112062+00:00
[2023-03-21T15:32:00.123+0000] {processor.py:175} INFO - Processing /home/airflow/.local/lib/python3.7/site-packages/airflow/example_dags/example_task_group_decorator.py took 0.083 seconds
[2023-03-21T16:52:55.911+0000] {processor.py:153} INFO - Started process (PID=55) to work on /home/airflow/.local/lib/python3.7/site-packages/airflow/example_dags/example_task_group_decorator.py
[2023-03-21T16:52:55.918+0000] {processor.py:743} INFO - Processing file /home/airflow/.local/lib/python3.7/site-packages/airflow/example_dags/example_task_group_decorator.py for tasks to queue
[2023-03-21T16:52:55.920+0000] {logging_mixin.py:137} INFO - [2023-03-21T16:52:55.919+0000] {dagbag.py:532} INFO - Filling up the DagBag from /home/airflow/.local/lib/python3.7/site-packages/airflow/example_dags/example_task_group_decorator.py
[2023-03-21T16:52:55.975+0000] {processor.py:753} INFO - DAG(s) dict_keys(['example_task_group_decorator']) retrieved from /home/airflow/.local/lib/python3.7/site-packages/airflow/example_dags/example_task_group_decorator.py
[2023-03-21T16:52:56.007+0000] {logging_mixin.py:137} INFO - [2023-03-21T16:52:56.007+0000] {dag.py:2693} INFO - Sync 1 DAGs
[2023-03-21T16:52:56.041+0000] {logging_mixin.py:137} INFO - [2023-03-21T16:52:56.040+0000] {dag.py:3444} INFO - Setting next_dagrun for example_task_group_decorator to 2023-03-20T16:52:56.040039+00:00, run_after=2023-03-21T16:52:56.040039+00:00
[2023-03-21T16:52:56.099+0000] {processor.py:175} INFO - Processing /home/airflow/.local/lib/python3.7/site-packages/airflow/example_dags/example_task_group_decorator.py took 0.192 seconds
[2023-03-21T16:53:26.839+0000] {processor.py:153} INFO - Started process (PID=104) to work on /home/airflow/.local/lib/python3.7/site-packages/airflow/example_dags/example_task_group_decorator.py
[2023-03-21T16:53:26.841+0000] {processor.py:743} INFO - Processing file /home/airflow/.local/lib/python3.7/site-packages/airflow/example_dags/example_task_group_decorator.py for tasks to queue
[2023-03-21T16:53:26.841+0000] {logging_mixin.py:137} INFO - [2023-03-21T16:53:26.841+0000] {dagbag.py:532} INFO - Filling up the DagBag from /home/airflow/.local/lib/python3.7/site-packages/airflow/example_dags/example_task_group_decorator.py
[2023-03-21T16:53:26.860+0000] {processor.py:753} INFO - DAG(s) dict_keys(['example_task_group_decorator']) retrieved from /home/airflow/.local/lib/python3.7/site-packages/airflow/example_dags/example_task_group_decorator.py
[2023-03-21T16:53:26.884+0000] {logging_mixin.py:137} INFO - [2023-03-21T16:53:26.884+0000] {dag.py:2693} INFO - Sync 1 DAGs
[2023-03-21T16:53:26.901+0000] {logging_mixin.py:137} INFO - [2023-03-21T16:53:26.901+0000] {dag.py:3444} INFO - Setting next_dagrun for example_task_group_decorator to 2023-03-20T16:53:26.901450+00:00, run_after=2023-03-21T16:53:26.901450+00:00
[2023-03-21T16:53:26.917+0000] {processor.py:175} INFO - Processing /home/airflow/.local/lib/python3.7/site-packages/airflow/example_dags/example_task_group_decorator.py took 0.080 seconds
[2023-03-21T16:53:58.805+0000] {processor.py:153} INFO - Started process (PID=158) to work on /home/airflow/.local/lib/python3.7/site-packages/airflow/example_dags/example_task_group_decorator.py
[2023-03-21T16:53:58.806+0000] {processor.py:743} INFO - Processing file /home/airflow/.local/lib/python3.7/site-packages/airflow/example_dags/example_task_group_decorator.py for tasks to queue
[2023-03-21T16:53:58.807+0000] {logging_mixin.py:137} INFO - [2023-03-21T16:53:58.807+0000] {dagbag.py:532} INFO - Filling up the DagBag from /home/airflow/.local/lib/python3.7/site-packages/airflow/example_dags/example_task_group_decorator.py
[2023-03-21T16:53:58.828+0000] {processor.py:753} INFO - DAG(s) dict_keys(['example_task_group_decorator']) retrieved from /home/airflow/.local/lib/python3.7/site-packages/airflow/example_dags/example_task_group_decorator.py
[2023-03-21T16:53:58.853+0000] {logging_mixin.py:137} INFO - [2023-03-21T16:53:58.853+0000] {dag.py:2693} INFO - Sync 1 DAGs
[2023-03-21T16:53:58.878+0000] {logging_mixin.py:137} INFO - [2023-03-21T16:53:58.878+0000] {dag.py:3444} INFO - Setting next_dagrun for example_task_group_decorator to 2023-03-20T16:53:58.877929+00:00, run_after=2023-03-21T16:53:58.877929+00:00
[2023-03-21T16:53:58.898+0000] {processor.py:175} INFO - Processing /home/airflow/.local/lib/python3.7/site-packages/airflow/example_dags/example_task_group_decorator.py took 0.096 seconds
[2023-03-21T16:54:33.055+0000] {processor.py:153} INFO - Started process (PID=208) to work on /home/airflow/.local/lib/python3.7/site-packages/airflow/example_dags/example_task_group_decorator.py
[2023-03-21T16:54:33.060+0000] {processor.py:743} INFO - Processing file /home/airflow/.local/lib/python3.7/site-packages/airflow/example_dags/example_task_group_decorator.py for tasks to queue
[2023-03-21T16:54:33.063+0000] {logging_mixin.py:137} INFO - [2023-03-21T16:54:33.063+0000] {dagbag.py:532} INFO - Filling up the DagBag from /home/airflow/.local/lib/python3.7/site-packages/airflow/example_dags/example_task_group_decorator.py
[2023-03-21T16:54:33.140+0000] {processor.py:753} INFO - DAG(s) dict_keys(['example_task_group_decorator']) retrieved from /home/airflow/.local/lib/python3.7/site-packages/airflow/example_dags/example_task_group_decorator.py
[2023-03-21T16:54:33.239+0000] {logging_mixin.py:137} INFO - [2023-03-21T16:54:33.239+0000] {dag.py:2693} INFO - Sync 1 DAGs
[2023-03-21T16:54:33.307+0000] {logging_mixin.py:137} INFO - [2023-03-21T16:54:33.307+0000] {dag.py:3444} INFO - Setting next_dagrun for example_task_group_decorator to 2023-03-20T16:54:33.307337+00:00, run_after=2023-03-21T16:54:33.307337+00:00
[2023-03-21T16:54:33.397+0000] {processor.py:175} INFO - Processing /home/airflow/.local/lib/python3.7/site-packages/airflow/example_dags/example_task_group_decorator.py took 0.351 seconds
[2023-03-21T16:55:03.815+0000] {processor.py:153} INFO - Started process (PID=257) to work on /home/airflow/.local/lib/python3.7/site-packages/airflow/example_dags/example_task_group_decorator.py
[2023-03-21T16:55:03.818+0000] {processor.py:743} INFO - Processing file /home/airflow/.local/lib/python3.7/site-packages/airflow/example_dags/example_task_group_decorator.py for tasks to queue
[2023-03-21T16:55:03.819+0000] {logging_mixin.py:137} INFO - [2023-03-21T16:55:03.819+0000] {dagbag.py:532} INFO - Filling up the DagBag from /home/airflow/.local/lib/python3.7/site-packages/airflow/example_dags/example_task_group_decorator.py
[2023-03-21T16:55:03.851+0000] {processor.py:753} INFO - DAG(s) dict_keys(['example_task_group_decorator']) retrieved from /home/airflow/.local/lib/python3.7/site-packages/airflow/example_dags/example_task_group_decorator.py
[2023-03-21T16:55:03.878+0000] {logging_mixin.py:137} INFO - [2023-03-21T16:55:03.878+0000] {dag.py:2693} INFO - Sync 1 DAGs
[2023-03-21T16:55:03.908+0000] {logging_mixin.py:137} INFO - [2023-03-21T16:55:03.908+0000] {dag.py:3444} INFO - Setting next_dagrun for example_task_group_decorator to 2023-03-20T16:55:03.908086+00:00, run_after=2023-03-21T16:55:03.908086+00:00
[2023-03-21T16:55:03.934+0000] {processor.py:175} INFO - Processing /home/airflow/.local/lib/python3.7/site-packages/airflow/example_dags/example_task_group_decorator.py took 0.122 seconds
[2023-03-21T16:55:34.954+0000] {processor.py:153} INFO - Started process (PID=307) to work on /home/airflow/.local/lib/python3.7/site-packages/airflow/example_dags/example_task_group_decorator.py
[2023-03-21T16:55:34.956+0000] {processor.py:743} INFO - Processing file /home/airflow/.local/lib/python3.7/site-packages/airflow/example_dags/example_task_group_decorator.py for tasks to queue
[2023-03-21T16:55:34.957+0000] {logging_mixin.py:137} INFO - [2023-03-21T16:55:34.957+0000] {dagbag.py:532} INFO - Filling up the DagBag from /home/airflow/.local/lib/python3.7/site-packages/airflow/example_dags/example_task_group_decorator.py
[2023-03-21T16:55:34.987+0000] {processor.py:753} INFO - DAG(s) dict_keys(['example_task_group_decorator']) retrieved from /home/airflow/.local/lib/python3.7/site-packages/airflow/example_dags/example_task_group_decorator.py
[2023-03-21T16:55:35.016+0000] {logging_mixin.py:137} INFO - [2023-03-21T16:55:35.016+0000] {dag.py:2693} INFO - Sync 1 DAGs
[2023-03-21T16:55:35.037+0000] {logging_mixin.py:137} INFO - [2023-03-21T16:55:35.036+0000] {dag.py:3444} INFO - Setting next_dagrun for example_task_group_decorator to 2023-03-20T16:55:35.036550+00:00, run_after=2023-03-21T16:55:35.036550+00:00
[2023-03-21T16:55:35.052+0000] {processor.py:175} INFO - Processing /home/airflow/.local/lib/python3.7/site-packages/airflow/example_dags/example_task_group_decorator.py took 0.103 seconds
[2023-03-21T16:56:05.948+0000] {processor.py:153} INFO - Started process (PID=357) to work on /home/airflow/.local/lib/python3.7/site-packages/airflow/example_dags/example_task_group_decorator.py
[2023-03-21T16:56:05.950+0000] {processor.py:743} INFO - Processing file /home/airflow/.local/lib/python3.7/site-packages/airflow/example_dags/example_task_group_decorator.py for tasks to queue
[2023-03-21T16:56:05.951+0000] {logging_mixin.py:137} INFO - [2023-03-21T16:56:05.951+0000] {dagbag.py:532} INFO - Filling up the DagBag from /home/airflow/.local/lib/python3.7/site-packages/airflow/example_dags/example_task_group_decorator.py
[2023-03-21T16:56:05.982+0000] {processor.py:753} INFO - DAG(s) dict_keys(['example_task_group_decorator']) retrieved from /home/airflow/.local/lib/python3.7/site-packages/airflow/example_dags/example_task_group_decorator.py
[2023-03-21T16:56:06.010+0000] {logging_mixin.py:137} INFO - [2023-03-21T16:56:06.010+0000] {dag.py:2693} INFO - Sync 1 DAGs
[2023-03-21T16:56:06.037+0000] {logging_mixin.py:137} INFO - [2023-03-21T16:56:06.036+0000] {dag.py:3444} INFO - Setting next_dagrun for example_task_group_decorator to 2023-03-20T16:56:06.036674+00:00, run_after=2023-03-21T16:56:06.036674+00:00
[2023-03-21T16:56:06.057+0000] {processor.py:175} INFO - Processing /home/airflow/.local/lib/python3.7/site-packages/airflow/example_dags/example_task_group_decorator.py took 0.114 seconds
[2023-03-21T16:56:36.849+0000] {processor.py:153} INFO - Started process (PID=408) to work on /home/airflow/.local/lib/python3.7/site-packages/airflow/example_dags/example_task_group_decorator.py
[2023-03-21T16:56:36.852+0000] {processor.py:743} INFO - Processing file /home/airflow/.local/lib/python3.7/site-packages/airflow/example_dags/example_task_group_decorator.py for tasks to queue
[2023-03-21T16:56:36.854+0000] {logging_mixin.py:137} INFO - [2023-03-21T16:56:36.854+0000] {dagbag.py:532} INFO - Filling up the DagBag from /home/airflow/.local/lib/python3.7/site-packages/airflow/example_dags/example_task_group_decorator.py
[2023-03-21T16:56:36.887+0000] {processor.py:753} INFO - DAG(s) dict_keys(['example_task_group_decorator']) retrieved from /home/airflow/.local/lib/python3.7/site-packages/airflow/example_dags/example_task_group_decorator.py
[2023-03-21T16:56:36.951+0000] {logging_mixin.py:137} INFO - [2023-03-21T16:56:36.951+0000] {dag.py:2693} INFO - Sync 1 DAGs
[2023-03-21T16:56:37.028+0000] {logging_mixin.py:137} INFO - [2023-03-21T16:56:37.028+0000] {dag.py:3444} INFO - Setting next_dagrun for example_task_group_decorator to 2023-03-20T16:56:37.028157+00:00, run_after=2023-03-21T16:56:37.028157+00:00
[2023-03-21T16:56:37.081+0000] {processor.py:175} INFO - Processing /home/airflow/.local/lib/python3.7/site-packages/airflow/example_dags/example_task_group_decorator.py took 0.243 seconds
[2023-03-21T16:57:07.292+0000] {processor.py:153} INFO - Started process (PID=459) to work on /home/airflow/.local/lib/python3.7/site-packages/airflow/example_dags/example_task_group_decorator.py
[2023-03-21T16:57:07.294+0000] {processor.py:743} INFO - Processing file /home/airflow/.local/lib/python3.7/site-packages/airflow/example_dags/example_task_group_decorator.py for tasks to queue
[2023-03-21T16:57:07.295+0000] {logging_mixin.py:137} INFO - [2023-03-21T16:57:07.295+0000] {dagbag.py:532} INFO - Filling up the DagBag from /home/airflow/.local/lib/python3.7/site-packages/airflow/example_dags/example_task_group_decorator.py
[2023-03-21T16:57:07.318+0000] {processor.py:753} INFO - DAG(s) dict_keys(['example_task_group_decorator']) retrieved from /home/airflow/.local/lib/python3.7/site-packages/airflow/example_dags/example_task_group_decorator.py
[2023-03-21T16:57:07.345+0000] {logging_mixin.py:137} INFO - [2023-03-21T16:57:07.345+0000] {dag.py:2693} INFO - Sync 1 DAGs
[2023-03-21T16:57:07.366+0000] {logging_mixin.py:137} INFO - [2023-03-21T16:57:07.366+0000] {dag.py:3444} INFO - Setting next_dagrun for example_task_group_decorator to 2023-03-20T16:57:07.365922+00:00, run_after=2023-03-21T16:57:07.365922+00:00
[2023-03-21T16:57:07.381+0000] {processor.py:175} INFO - Processing /home/airflow/.local/lib/python3.7/site-packages/airflow/example_dags/example_task_group_decorator.py took 0.093 seconds
[2023-03-21T16:57:37.495+0000] {processor.py:153} INFO - Started process (PID=509) to work on /home/airflow/.local/lib/python3.7/site-packages/airflow/example_dags/example_task_group_decorator.py
[2023-03-21T16:57:37.496+0000] {processor.py:743} INFO - Processing file /home/airflow/.local/lib/python3.7/site-packages/airflow/example_dags/example_task_group_decorator.py for tasks to queue
[2023-03-21T16:57:37.497+0000] {logging_mixin.py:137} INFO - [2023-03-21T16:57:37.497+0000] {dagbag.py:532} INFO - Filling up the DagBag from /home/airflow/.local/lib/python3.7/site-packages/airflow/example_dags/example_task_group_decorator.py
[2023-03-21T16:57:37.517+0000] {processor.py:753} INFO - DAG(s) dict_keys(['example_task_group_decorator']) retrieved from /home/airflow/.local/lib/python3.7/site-packages/airflow/example_dags/example_task_group_decorator.py
[2023-03-21T16:57:37.539+0000] {logging_mixin.py:137} INFO - [2023-03-21T16:57:37.539+0000] {dag.py:2693} INFO - Sync 1 DAGs
[2023-03-21T16:57:37.556+0000] {logging_mixin.py:137} INFO - [2023-03-21T16:57:37.556+0000] {dag.py:3444} INFO - Setting next_dagrun for example_task_group_decorator to 2023-03-20T16:57:37.556575+00:00, run_after=2023-03-21T16:57:37.556575+00:00
[2023-03-21T16:57:37.570+0000] {processor.py:175} INFO - Processing /home/airflow/.local/lib/python3.7/site-packages/airflow/example_dags/example_task_group_decorator.py took 0.077 seconds
[2023-03-21T16:58:08.027+0000] {processor.py:153} INFO - Started process (PID=559) to work on /home/airflow/.local/lib/python3.7/site-packages/airflow/example_dags/example_task_group_decorator.py
[2023-03-21T16:58:08.029+0000] {processor.py:743} INFO - Processing file /home/airflow/.local/lib/python3.7/site-packages/airflow/example_dags/example_task_group_decorator.py for tasks to queue
[2023-03-21T16:58:08.030+0000] {logging_mixin.py:137} INFO - [2023-03-21T16:58:08.030+0000] {dagbag.py:532} INFO - Filling up the DagBag from /home/airflow/.local/lib/python3.7/site-packages/airflow/example_dags/example_task_group_decorator.py
[2023-03-21T16:58:08.052+0000] {processor.py:753} INFO - DAG(s) dict_keys(['example_task_group_decorator']) retrieved from /home/airflow/.local/lib/python3.7/site-packages/airflow/example_dags/example_task_group_decorator.py
[2023-03-21T16:58:08.075+0000] {logging_mixin.py:137} INFO - [2023-03-21T16:58:08.075+0000] {dag.py:2693} INFO - Sync 1 DAGs
[2023-03-21T16:58:08.092+0000] {logging_mixin.py:137} INFO - [2023-03-21T16:58:08.091+0000] {dag.py:3444} INFO - Setting next_dagrun for example_task_group_decorator to 2023-03-20T16:58:08.091725+00:00, run_after=2023-03-21T16:58:08.091725+00:00
[2023-03-21T16:58:08.103+0000] {processor.py:175} INFO - Processing /home/airflow/.local/lib/python3.7/site-packages/airflow/example_dags/example_task_group_decorator.py took 0.079 seconds
[2023-03-21T16:58:38.788+0000] {processor.py:153} INFO - Started process (PID=609) to work on /home/airflow/.local/lib/python3.7/site-packages/airflow/example_dags/example_task_group_decorator.py
[2023-03-21T16:58:38.791+0000] {processor.py:743} INFO - Processing file /home/airflow/.local/lib/python3.7/site-packages/airflow/example_dags/example_task_group_decorator.py for tasks to queue
[2023-03-21T16:58:38.794+0000] {logging_mixin.py:137} INFO - [2023-03-21T16:58:38.793+0000] {dagbag.py:532} INFO - Filling up the DagBag from /home/airflow/.local/lib/python3.7/site-packages/airflow/example_dags/example_task_group_decorator.py
[2023-03-21T16:58:38.828+0000] {processor.py:753} INFO - DAG(s) dict_keys(['example_task_group_decorator']) retrieved from /home/airflow/.local/lib/python3.7/site-packages/airflow/example_dags/example_task_group_decorator.py
[2023-03-21T16:58:38.853+0000] {logging_mixin.py:137} INFO - [2023-03-21T16:58:38.853+0000] {dag.py:2693} INFO - Sync 1 DAGs
[2023-03-21T16:58:38.872+0000] {logging_mixin.py:137} INFO - [2023-03-21T16:58:38.872+0000] {dag.py:3444} INFO - Setting next_dagrun for example_task_group_decorator to 2023-03-20T16:58:38.871724+00:00, run_after=2023-03-21T16:58:38.871724+00:00
[2023-03-21T16:58:38.885+0000] {processor.py:175} INFO - Processing /home/airflow/.local/lib/python3.7/site-packages/airflow/example_dags/example_task_group_decorator.py took 0.105 seconds
[2023-03-21T16:59:09.417+0000] {processor.py:153} INFO - Started process (PID=659) to work on /home/airflow/.local/lib/python3.7/site-packages/airflow/example_dags/example_task_group_decorator.py
[2023-03-21T16:59:09.421+0000] {processor.py:743} INFO - Processing file /home/airflow/.local/lib/python3.7/site-packages/airflow/example_dags/example_task_group_decorator.py for tasks to queue
[2023-03-21T16:59:09.423+0000] {logging_mixin.py:137} INFO - [2023-03-21T16:59:09.423+0000] {dagbag.py:532} INFO - Filling up the DagBag from /home/airflow/.local/lib/python3.7/site-packages/airflow/example_dags/example_task_group_decorator.py
[2023-03-21T16:59:09.490+0000] {processor.py:753} INFO - DAG(s) dict_keys(['example_task_group_decorator']) retrieved from /home/airflow/.local/lib/python3.7/site-packages/airflow/example_dags/example_task_group_decorator.py
[2023-03-21T16:59:09.527+0000] {logging_mixin.py:137} INFO - [2023-03-21T16:59:09.527+0000] {dag.py:2693} INFO - Sync 1 DAGs
[2023-03-21T16:59:09.553+0000] {logging_mixin.py:137} INFO - [2023-03-21T16:59:09.553+0000] {dag.py:3444} INFO - Setting next_dagrun for example_task_group_decorator to 2023-03-20T16:59:09.552806+00:00, run_after=2023-03-21T16:59:09.552806+00:00
[2023-03-21T16:59:09.570+0000] {processor.py:175} INFO - Processing /home/airflow/.local/lib/python3.7/site-packages/airflow/example_dags/example_task_group_decorator.py took 0.169 seconds
[2023-03-21T16:59:40.345+0000] {processor.py:153} INFO - Started process (PID=709) to work on /home/airflow/.local/lib/python3.7/site-packages/airflow/example_dags/example_task_group_decorator.py
[2023-03-21T16:59:40.347+0000] {processor.py:743} INFO - Processing file /home/airflow/.local/lib/python3.7/site-packages/airflow/example_dags/example_task_group_decorator.py for tasks to queue
[2023-03-21T16:59:40.348+0000] {logging_mixin.py:137} INFO - [2023-03-21T16:59:40.347+0000] {dagbag.py:532} INFO - Filling up the DagBag from /home/airflow/.local/lib/python3.7/site-packages/airflow/example_dags/example_task_group_decorator.py
[2023-03-21T16:59:40.368+0000] {processor.py:753} INFO - DAG(s) dict_keys(['example_task_group_decorator']) retrieved from /home/airflow/.local/lib/python3.7/site-packages/airflow/example_dags/example_task_group_decorator.py
[2023-03-21T16:59:40.391+0000] {logging_mixin.py:137} INFO - [2023-03-21T16:59:40.391+0000] {dag.py:2693} INFO - Sync 1 DAGs
[2023-03-21T16:59:40.416+0000] {logging_mixin.py:137} INFO - [2023-03-21T16:59:40.416+0000] {dag.py:3444} INFO - Setting next_dagrun for example_task_group_decorator to 2023-03-20T16:59:40.416280+00:00, run_after=2023-03-21T16:59:40.416280+00:00
[2023-03-21T16:59:40.436+0000] {processor.py:175} INFO - Processing /home/airflow/.local/lib/python3.7/site-packages/airflow/example_dags/example_task_group_decorator.py took 0.094 seconds
[2023-03-21T17:00:11.258+0000] {processor.py:153} INFO - Started process (PID=759) to work on /home/airflow/.local/lib/python3.7/site-packages/airflow/example_dags/example_task_group_decorator.py
[2023-03-21T17:00:11.260+0000] {processor.py:743} INFO - Processing file /home/airflow/.local/lib/python3.7/site-packages/airflow/example_dags/example_task_group_decorator.py for tasks to queue
[2023-03-21T17:00:11.261+0000] {logging_mixin.py:137} INFO - [2023-03-21T17:00:11.261+0000] {dagbag.py:532} INFO - Filling up the DagBag from /home/airflow/.local/lib/python3.7/site-packages/airflow/example_dags/example_task_group_decorator.py
[2023-03-21T17:00:11.284+0000] {processor.py:753} INFO - DAG(s) dict_keys(['example_task_group_decorator']) retrieved from /home/airflow/.local/lib/python3.7/site-packages/airflow/example_dags/example_task_group_decorator.py
[2023-03-21T17:00:11.308+0000] {logging_mixin.py:137} INFO - [2023-03-21T17:00:11.308+0000] {dag.py:2693} INFO - Sync 1 DAGs
[2023-03-21T17:00:11.325+0000] {logging_mixin.py:137} INFO - [2023-03-21T17:00:11.325+0000] {dag.py:3444} INFO - Setting next_dagrun for example_task_group_decorator to 2023-03-20T17:00:11.325104+00:00, run_after=2023-03-21T17:00:11.325104+00:00
[2023-03-21T17:00:11.338+0000] {processor.py:175} INFO - Processing /home/airflow/.local/lib/python3.7/site-packages/airflow/example_dags/example_task_group_decorator.py took 0.084 seconds
[2023-03-21T17:00:42.214+0000] {processor.py:153} INFO - Started process (PID=809) to work on /home/airflow/.local/lib/python3.7/site-packages/airflow/example_dags/example_task_group_decorator.py
[2023-03-21T17:00:42.216+0000] {processor.py:743} INFO - Processing file /home/airflow/.local/lib/python3.7/site-packages/airflow/example_dags/example_task_group_decorator.py for tasks to queue
[2023-03-21T17:00:42.216+0000] {logging_mixin.py:137} INFO - [2023-03-21T17:00:42.216+0000] {dagbag.py:532} INFO - Filling up the DagBag from /home/airflow/.local/lib/python3.7/site-packages/airflow/example_dags/example_task_group_decorator.py
[2023-03-21T17:00:42.239+0000] {processor.py:753} INFO - DAG(s) dict_keys(['example_task_group_decorator']) retrieved from /home/airflow/.local/lib/python3.7/site-packages/airflow/example_dags/example_task_group_decorator.py
[2023-03-21T17:00:42.263+0000] {logging_mixin.py:137} INFO - [2023-03-21T17:00:42.263+0000] {dag.py:2693} INFO - Sync 1 DAGs
[2023-03-21T17:00:42.280+0000] {logging_mixin.py:137} INFO - [2023-03-21T17:00:42.280+0000] {dag.py:3444} INFO - Setting next_dagrun for example_task_group_decorator to 2023-03-20T17:00:42.280310+00:00, run_after=2023-03-21T17:00:42.280310+00:00
[2023-03-21T17:00:42.291+0000] {processor.py:175} INFO - Processing /home/airflow/.local/lib/python3.7/site-packages/airflow/example_dags/example_task_group_decorator.py took 0.081 seconds
[2023-03-21T17:01:13.043+0000] {processor.py:153} INFO - Started process (PID=859) to work on /home/airflow/.local/lib/python3.7/site-packages/airflow/example_dags/example_task_group_decorator.py
[2023-03-21T17:01:13.045+0000] {processor.py:743} INFO - Processing file /home/airflow/.local/lib/python3.7/site-packages/airflow/example_dags/example_task_group_decorator.py for tasks to queue
[2023-03-21T17:01:13.046+0000] {logging_mixin.py:137} INFO - [2023-03-21T17:01:13.046+0000] {dagbag.py:532} INFO - Filling up the DagBag from /home/airflow/.local/lib/python3.7/site-packages/airflow/example_dags/example_task_group_decorator.py
[2023-03-21T17:01:13.074+0000] {processor.py:753} INFO - DAG(s) dict_keys(['example_task_group_decorator']) retrieved from /home/airflow/.local/lib/python3.7/site-packages/airflow/example_dags/example_task_group_decorator.py
[2023-03-21T17:01:13.100+0000] {logging_mixin.py:137} INFO - [2023-03-21T17:01:13.100+0000] {dag.py:2693} INFO - Sync 1 DAGs
[2023-03-21T17:01:13.118+0000] {logging_mixin.py:137} INFO - [2023-03-21T17:01:13.118+0000] {dag.py:3444} INFO - Setting next_dagrun for example_task_group_decorator to 2023-03-20T17:01:13.118523+00:00, run_after=2023-03-21T17:01:13.118523+00:00
[2023-03-21T17:01:13.133+0000] {processor.py:175} INFO - Processing /home/airflow/.local/lib/python3.7/site-packages/airflow/example_dags/example_task_group_decorator.py took 0.096 seconds
[2023-03-21T17:01:43.666+0000] {processor.py:153} INFO - Started process (PID=909) to work on /home/airflow/.local/lib/python3.7/site-packages/airflow/example_dags/example_task_group_decorator.py
[2023-03-21T17:01:43.667+0000] {processor.py:743} INFO - Processing file /home/airflow/.local/lib/python3.7/site-packages/airflow/example_dags/example_task_group_decorator.py for tasks to queue
[2023-03-21T17:01:43.668+0000] {logging_mixin.py:137} INFO - [2023-03-21T17:01:43.668+0000] {dagbag.py:532} INFO - Filling up the DagBag from /home/airflow/.local/lib/python3.7/site-packages/airflow/example_dags/example_task_group_decorator.py
[2023-03-21T17:01:43.688+0000] {processor.py:753} INFO - DAG(s) dict_keys(['example_task_group_decorator']) retrieved from /home/airflow/.local/lib/python3.7/site-packages/airflow/example_dags/example_task_group_decorator.py
[2023-03-21T17:01:43.711+0000] {logging_mixin.py:137} INFO - [2023-03-21T17:01:43.711+0000] {dag.py:2693} INFO - Sync 1 DAGs
[2023-03-21T17:01:43.729+0000] {logging_mixin.py:137} INFO - [2023-03-21T17:01:43.729+0000] {dag.py:3444} INFO - Setting next_dagrun for example_task_group_decorator to 2023-03-20T17:01:43.728991+00:00, run_after=2023-03-21T17:01:43.728991+00:00
[2023-03-21T17:01:43.743+0000] {processor.py:175} INFO - Processing /home/airflow/.local/lib/python3.7/site-packages/airflow/example_dags/example_task_group_decorator.py took 0.080 seconds
[2023-03-21T17:02:14.312+0000] {processor.py:153} INFO - Started process (PID=959) to work on /home/airflow/.local/lib/python3.7/site-packages/airflow/example_dags/example_task_group_decorator.py
[2023-03-21T17:02:14.317+0000] {processor.py:743} INFO - Processing file /home/airflow/.local/lib/python3.7/site-packages/airflow/example_dags/example_task_group_decorator.py for tasks to queue
[2023-03-21T17:02:14.318+0000] {logging_mixin.py:137} INFO - [2023-03-21T17:02:14.318+0000] {dagbag.py:532} INFO - Filling up the DagBag from /home/airflow/.local/lib/python3.7/site-packages/airflow/example_dags/example_task_group_decorator.py
[2023-03-21T17:02:14.344+0000] {processor.py:753} INFO - DAG(s) dict_keys(['example_task_group_decorator']) retrieved from /home/airflow/.local/lib/python3.7/site-packages/airflow/example_dags/example_task_group_decorator.py
[2023-03-21T17:02:14.367+0000] {logging_mixin.py:137} INFO - [2023-03-21T17:02:14.367+0000] {dag.py:2693} INFO - Sync 1 DAGs
[2023-03-21T17:02:14.386+0000] {logging_mixin.py:137} INFO - [2023-03-21T17:02:14.386+0000] {dag.py:3444} INFO - Setting next_dagrun for example_task_group_decorator to 2023-03-20T17:02:14.386128+00:00, run_after=2023-03-21T17:02:14.386128+00:00
[2023-03-21T17:02:14.399+0000] {processor.py:175} INFO - Processing /home/airflow/.local/lib/python3.7/site-packages/airflow/example_dags/example_task_group_decorator.py took 0.093 seconds
[2023-03-21T17:02:45.195+0000] {processor.py:153} INFO - Started process (PID=1009) to work on /home/airflow/.local/lib/python3.7/site-packages/airflow/example_dags/example_task_group_decorator.py
[2023-03-21T17:02:45.196+0000] {processor.py:743} INFO - Processing file /home/airflow/.local/lib/python3.7/site-packages/airflow/example_dags/example_task_group_decorator.py for tasks to queue
[2023-03-21T17:02:45.197+0000] {logging_mixin.py:137} INFO - [2023-03-21T17:02:45.197+0000] {dagbag.py:532} INFO - Filling up the DagBag from /home/airflow/.local/lib/python3.7/site-packages/airflow/example_dags/example_task_group_decorator.py
[2023-03-21T17:02:45.240+0000] {processor.py:753} INFO - DAG(s) dict_keys(['example_task_group_decorator']) retrieved from /home/airflow/.local/lib/python3.7/site-packages/airflow/example_dags/example_task_group_decorator.py
[2023-03-21T17:02:45.273+0000] {logging_mixin.py:137} INFO - [2023-03-21T17:02:45.273+0000] {dag.py:2693} INFO - Sync 1 DAGs
[2023-03-21T17:02:45.298+0000] {logging_mixin.py:137} INFO - [2023-03-21T17:02:45.298+0000] {dag.py:3444} INFO - Setting next_dagrun for example_task_group_decorator to 2023-03-20T17:02:45.297982+00:00, run_after=2023-03-21T17:02:45.297982+00:00
[2023-03-21T17:02:45.314+0000] {processor.py:175} INFO - Processing /home/airflow/.local/lib/python3.7/site-packages/airflow/example_dags/example_task_group_decorator.py took 0.126 seconds
[2023-03-21T17:03:15.459+0000] {processor.py:153} INFO - Started process (PID=1059) to work on /home/airflow/.local/lib/python3.7/site-packages/airflow/example_dags/example_task_group_decorator.py
[2023-03-21T17:03:15.461+0000] {processor.py:743} INFO - Processing file /home/airflow/.local/lib/python3.7/site-packages/airflow/example_dags/example_task_group_decorator.py for tasks to queue
[2023-03-21T17:03:15.463+0000] {logging_mixin.py:137} INFO - [2023-03-21T17:03:15.463+0000] {dagbag.py:532} INFO - Filling up the DagBag from /home/airflow/.local/lib/python3.7/site-packages/airflow/example_dags/example_task_group_decorator.py
[2023-03-21T17:03:15.497+0000] {processor.py:753} INFO - DAG(s) dict_keys(['example_task_group_decorator']) retrieved from /home/airflow/.local/lib/python3.7/site-packages/airflow/example_dags/example_task_group_decorator.py
[2023-03-21T17:03:15.527+0000] {logging_mixin.py:137} INFO - [2023-03-21T17:03:15.527+0000] {dag.py:2693} INFO - Sync 1 DAGs
[2023-03-21T17:03:15.550+0000] {logging_mixin.py:137} INFO - [2023-03-21T17:03:15.550+0000] {dag.py:3444} INFO - Setting next_dagrun for example_task_group_decorator to 2023-03-20T17:03:15.549899+00:00, run_after=2023-03-21T17:03:15.549899+00:00
[2023-03-21T17:03:15.566+0000] {processor.py:175} INFO - Processing /home/airflow/.local/lib/python3.7/site-packages/airflow/example_dags/example_task_group_decorator.py took 0.115 seconds
[2023-03-21T17:03:46.072+0000] {processor.py:153} INFO - Started process (PID=1109) to work on /home/airflow/.local/lib/python3.7/site-packages/airflow/example_dags/example_task_group_decorator.py
[2023-03-21T17:03:46.074+0000] {processor.py:743} INFO - Processing file /home/airflow/.local/lib/python3.7/site-packages/airflow/example_dags/example_task_group_decorator.py for tasks to queue
[2023-03-21T17:03:46.076+0000] {logging_mixin.py:137} INFO - [2023-03-21T17:03:46.076+0000] {dagbag.py:532} INFO - Filling up the DagBag from /home/airflow/.local/lib/python3.7/site-packages/airflow/example_dags/example_task_group_decorator.py
[2023-03-21T17:03:46.105+0000] {processor.py:753} INFO - DAG(s) dict_keys(['example_task_group_decorator']) retrieved from /home/airflow/.local/lib/python3.7/site-packages/airflow/example_dags/example_task_group_decorator.py
[2023-03-21T17:03:46.130+0000] {logging_mixin.py:137} INFO - [2023-03-21T17:03:46.130+0000] {dag.py:2693} INFO - Sync 1 DAGs
[2023-03-21T17:03:46.149+0000] {logging_mixin.py:137} INFO - [2023-03-21T17:03:46.148+0000] {dag.py:3444} INFO - Setting next_dagrun for example_task_group_decorator to 2023-03-20T17:03:46.148627+00:00, run_after=2023-03-21T17:03:46.148627+00:00
[2023-03-21T17:03:46.165+0000] {processor.py:175} INFO - Processing /home/airflow/.local/lib/python3.7/site-packages/airflow/example_dags/example_task_group_decorator.py took 0.100 seconds
[2023-03-21T17:04:17.116+0000] {processor.py:153} INFO - Started process (PID=1158) to work on /home/airflow/.local/lib/python3.7/site-packages/airflow/example_dags/example_task_group_decorator.py
[2023-03-21T17:04:17.118+0000] {processor.py:743} INFO - Processing file /home/airflow/.local/lib/python3.7/site-packages/airflow/example_dags/example_task_group_decorator.py for tasks to queue
[2023-03-21T17:04:17.119+0000] {logging_mixin.py:137} INFO - [2023-03-21T17:04:17.119+0000] {dagbag.py:532} INFO - Filling up the DagBag from /home/airflow/.local/lib/python3.7/site-packages/airflow/example_dags/example_task_group_decorator.py
[2023-03-21T17:04:17.151+0000] {processor.py:753} INFO - DAG(s) dict_keys(['example_task_group_decorator']) retrieved from /home/airflow/.local/lib/python3.7/site-packages/airflow/example_dags/example_task_group_decorator.py
[2023-03-21T17:04:17.178+0000] {logging_mixin.py:137} INFO - [2023-03-21T17:04:17.177+0000] {dag.py:2693} INFO - Sync 1 DAGs
[2023-03-21T17:04:17.199+0000] {logging_mixin.py:137} INFO - [2023-03-21T17:04:17.199+0000] {dag.py:3444} INFO - Setting next_dagrun for example_task_group_decorator to 2023-03-20T17:04:17.199033+00:00, run_after=2023-03-21T17:04:17.199033+00:00
[2023-03-21T17:04:17.213+0000] {processor.py:175} INFO - Processing /home/airflow/.local/lib/python3.7/site-packages/airflow/example_dags/example_task_group_decorator.py took 0.103 seconds
[2023-03-21T17:04:47.732+0000] {processor.py:153} INFO - Started process (PID=1208) to work on /home/airflow/.local/lib/python3.7/site-packages/airflow/example_dags/example_task_group_decorator.py
[2023-03-21T17:04:47.734+0000] {processor.py:743} INFO - Processing file /home/airflow/.local/lib/python3.7/site-packages/airflow/example_dags/example_task_group_decorator.py for tasks to queue
[2023-03-21T17:04:47.735+0000] {logging_mixin.py:137} INFO - [2023-03-21T17:04:47.735+0000] {dagbag.py:532} INFO - Filling up the DagBag from /home/airflow/.local/lib/python3.7/site-packages/airflow/example_dags/example_task_group_decorator.py
[2023-03-21T17:04:47.763+0000] {processor.py:753} INFO - DAG(s) dict_keys(['example_task_group_decorator']) retrieved from /home/airflow/.local/lib/python3.7/site-packages/airflow/example_dags/example_task_group_decorator.py
[2023-03-21T17:04:47.786+0000] {logging_mixin.py:137} INFO - [2023-03-21T17:04:47.786+0000] {dag.py:2693} INFO - Sync 1 DAGs
[2023-03-21T17:04:47.802+0000] {logging_mixin.py:137} INFO - [2023-03-21T17:04:47.802+0000] {dag.py:3444} INFO - Setting next_dagrun for example_task_group_decorator to 2023-03-20T17:04:47.802636+00:00, run_after=2023-03-21T17:04:47.802636+00:00
[2023-03-21T17:04:47.815+0000] {processor.py:175} INFO - Processing /home/airflow/.local/lib/python3.7/site-packages/airflow/example_dags/example_task_group_decorator.py took 0.089 seconds
[2023-03-21T17:05:18.556+0000] {processor.py:153} INFO - Started process (PID=1258) to work on /home/airflow/.local/lib/python3.7/site-packages/airflow/example_dags/example_task_group_decorator.py
[2023-03-21T17:05:18.559+0000] {processor.py:743} INFO - Processing file /home/airflow/.local/lib/python3.7/site-packages/airflow/example_dags/example_task_group_decorator.py for tasks to queue
[2023-03-21T17:05:18.560+0000] {logging_mixin.py:137} INFO - [2023-03-21T17:05:18.560+0000] {dagbag.py:532} INFO - Filling up the DagBag from /home/airflow/.local/lib/python3.7/site-packages/airflow/example_dags/example_task_group_decorator.py
[2023-03-21T17:05:18.589+0000] {processor.py:753} INFO - DAG(s) dict_keys(['example_task_group_decorator']) retrieved from /home/airflow/.local/lib/python3.7/site-packages/airflow/example_dags/example_task_group_decorator.py
[2023-03-21T17:05:18.612+0000] {logging_mixin.py:137} INFO - [2023-03-21T17:05:18.612+0000] {dag.py:2693} INFO - Sync 1 DAGs
[2023-03-21T17:05:18.630+0000] {logging_mixin.py:137} INFO - [2023-03-21T17:05:18.630+0000] {dag.py:3444} INFO - Setting next_dagrun for example_task_group_decorator to 2023-03-20T17:05:18.629786+00:00, run_after=2023-03-21T17:05:18.629786+00:00
[2023-03-21T17:05:18.642+0000] {processor.py:175} INFO - Processing /home/airflow/.local/lib/python3.7/site-packages/airflow/example_dags/example_task_group_decorator.py took 0.092 seconds
[2023-03-21T17:05:49.343+0000] {processor.py:153} INFO - Started process (PID=1314) to work on /home/airflow/.local/lib/python3.7/site-packages/airflow/example_dags/example_task_group_decorator.py
[2023-03-21T17:05:49.345+0000] {processor.py:743} INFO - Processing file /home/airflow/.local/lib/python3.7/site-packages/airflow/example_dags/example_task_group_decorator.py for tasks to queue
[2023-03-21T17:05:49.347+0000] {logging_mixin.py:137} INFO - [2023-03-21T17:05:49.347+0000] {dagbag.py:532} INFO - Filling up the DagBag from /home/airflow/.local/lib/python3.7/site-packages/airflow/example_dags/example_task_group_decorator.py
[2023-03-21T17:05:49.374+0000] {processor.py:753} INFO - DAG(s) dict_keys(['example_task_group_decorator']) retrieved from /home/airflow/.local/lib/python3.7/site-packages/airflow/example_dags/example_task_group_decorator.py
[2023-03-21T17:05:49.396+0000] {logging_mixin.py:137} INFO - [2023-03-21T17:05:49.396+0000] {dag.py:2693} INFO - Sync 1 DAGs
[2023-03-21T17:05:49.414+0000] {logging_mixin.py:137} INFO - [2023-03-21T17:05:49.414+0000] {dag.py:3444} INFO - Setting next_dagrun for example_task_group_decorator to 2023-03-20T17:05:49.414067+00:00, run_after=2023-03-21T17:05:49.414067+00:00
[2023-03-21T17:05:49.426+0000] {processor.py:175} INFO - Processing /home/airflow/.local/lib/python3.7/site-packages/airflow/example_dags/example_task_group_decorator.py took 0.090 seconds
[2023-03-21T17:06:20.083+0000] {processor.py:153} INFO - Started process (PID=1364) to work on /home/airflow/.local/lib/python3.7/site-packages/airflow/example_dags/example_task_group_decorator.py
[2023-03-21T17:06:20.085+0000] {processor.py:743} INFO - Processing file /home/airflow/.local/lib/python3.7/site-packages/airflow/example_dags/example_task_group_decorator.py for tasks to queue
[2023-03-21T17:06:20.086+0000] {logging_mixin.py:137} INFO - [2023-03-21T17:06:20.086+0000] {dagbag.py:532} INFO - Filling up the DagBag from /home/airflow/.local/lib/python3.7/site-packages/airflow/example_dags/example_task_group_decorator.py
[2023-03-21T17:06:20.116+0000] {processor.py:753} INFO - DAG(s) dict_keys(['example_task_group_decorator']) retrieved from /home/airflow/.local/lib/python3.7/site-packages/airflow/example_dags/example_task_group_decorator.py
[2023-03-21T17:06:20.142+0000] {logging_mixin.py:137} INFO - [2023-03-21T17:06:20.142+0000] {dag.py:2693} INFO - Sync 1 DAGs
[2023-03-21T17:06:20.160+0000] {logging_mixin.py:137} INFO - [2023-03-21T17:06:20.160+0000] {dag.py:3444} INFO - Setting next_dagrun for example_task_group_decorator to 2023-03-20T17:06:20.160609+00:00, run_after=2023-03-21T17:06:20.160609+00:00
[2023-03-21T17:06:20.176+0000] {processor.py:175} INFO - Processing /home/airflow/.local/lib/python3.7/site-packages/airflow/example_dags/example_task_group_decorator.py took 0.098 seconds
[2023-03-21T17:06:51.040+0000] {processor.py:153} INFO - Started process (PID=1414) to work on /home/airflow/.local/lib/python3.7/site-packages/airflow/example_dags/example_task_group_decorator.py
[2023-03-21T17:06:51.042+0000] {processor.py:743} INFO - Processing file /home/airflow/.local/lib/python3.7/site-packages/airflow/example_dags/example_task_group_decorator.py for tasks to queue
[2023-03-21T17:06:51.043+0000] {logging_mixin.py:137} INFO - [2023-03-21T17:06:51.043+0000] {dagbag.py:532} INFO - Filling up the DagBag from /home/airflow/.local/lib/python3.7/site-packages/airflow/example_dags/example_task_group_decorator.py
[2023-03-21T17:06:51.072+0000] {processor.py:753} INFO - DAG(s) dict_keys(['example_task_group_decorator']) retrieved from /home/airflow/.local/lib/python3.7/site-packages/airflow/example_dags/example_task_group_decorator.py
[2023-03-21T17:06:51.095+0000] {logging_mixin.py:137} INFO - [2023-03-21T17:06:51.095+0000] {dag.py:2693} INFO - Sync 1 DAGs
[2023-03-21T17:06:51.113+0000] {logging_mixin.py:137} INFO - [2023-03-21T17:06:51.113+0000] {dag.py:3444} INFO - Setting next_dagrun for example_task_group_decorator to 2023-03-20T17:06:51.112923+00:00, run_after=2023-03-21T17:06:51.112923+00:00
[2023-03-21T17:06:51.124+0000] {processor.py:175} INFO - Processing /home/airflow/.local/lib/python3.7/site-packages/airflow/example_dags/example_task_group_decorator.py took 0.090 seconds
[2023-03-21T17:16:17.370+0000] {processor.py:153} INFO - Started process (PID=55) to work on /home/airflow/.local/lib/python3.7/site-packages/airflow/example_dags/example_task_group_decorator.py
[2023-03-21T17:16:17.374+0000] {processor.py:743} INFO - Processing file /home/airflow/.local/lib/python3.7/site-packages/airflow/example_dags/example_task_group_decorator.py for tasks to queue
[2023-03-21T17:16:17.377+0000] {logging_mixin.py:137} INFO - [2023-03-21T17:16:17.377+0000] {dagbag.py:532} INFO - Filling up the DagBag from /home/airflow/.local/lib/python3.7/site-packages/airflow/example_dags/example_task_group_decorator.py
[2023-03-21T17:16:17.443+0000] {processor.py:753} INFO - DAG(s) dict_keys(['example_task_group_decorator']) retrieved from /home/airflow/.local/lib/python3.7/site-packages/airflow/example_dags/example_task_group_decorator.py
[2023-03-21T17:16:17.473+0000] {logging_mixin.py:137} INFO - [2023-03-21T17:16:17.473+0000] {dag.py:2693} INFO - Sync 1 DAGs
[2023-03-21T17:16:17.524+0000] {logging_mixin.py:137} INFO - [2023-03-21T17:16:17.524+0000] {dag.py:3444} INFO - Setting next_dagrun for example_task_group_decorator to 2023-03-20T17:16:17.523880+00:00, run_after=2023-03-21T17:16:17.523880+00:00
[2023-03-21T17:16:17.545+0000] {processor.py:175} INFO - Processing /home/airflow/.local/lib/python3.7/site-packages/airflow/example_dags/example_task_group_decorator.py took 0.183 seconds
[2023-03-21T17:16:48.260+0000] {processor.py:153} INFO - Started process (PID=105) to work on /home/airflow/.local/lib/python3.7/site-packages/airflow/example_dags/example_task_group_decorator.py
[2023-03-21T17:16:48.261+0000] {processor.py:743} INFO - Processing file /home/airflow/.local/lib/python3.7/site-packages/airflow/example_dags/example_task_group_decorator.py for tasks to queue
[2023-03-21T17:16:48.262+0000] {logging_mixin.py:137} INFO - [2023-03-21T17:16:48.262+0000] {dagbag.py:532} INFO - Filling up the DagBag from /home/airflow/.local/lib/python3.7/site-packages/airflow/example_dags/example_task_group_decorator.py
[2023-03-21T17:16:48.280+0000] {processor.py:753} INFO - DAG(s) dict_keys(['example_task_group_decorator']) retrieved from /home/airflow/.local/lib/python3.7/site-packages/airflow/example_dags/example_task_group_decorator.py
[2023-03-21T17:16:48.301+0000] {logging_mixin.py:137} INFO - [2023-03-21T17:16:48.301+0000] {dag.py:2693} INFO - Sync 1 DAGs
[2023-03-21T17:16:48.316+0000] {logging_mixin.py:137} INFO - [2023-03-21T17:16:48.316+0000] {dag.py:3444} INFO - Setting next_dagrun for example_task_group_decorator to 2023-03-20T17:16:48.316291+00:00, run_after=2023-03-21T17:16:48.316291+00:00
[2023-03-21T17:16:48.327+0000] {processor.py:175} INFO - Processing /home/airflow/.local/lib/python3.7/site-packages/airflow/example_dags/example_task_group_decorator.py took 0.071 seconds
[2023-03-21T17:17:22.663+0000] {processor.py:153} INFO - Started process (PID=155) to work on /home/airflow/.local/lib/python3.7/site-packages/airflow/example_dags/example_task_group_decorator.py
[2023-03-21T17:17:22.665+0000] {processor.py:743} INFO - Processing file /home/airflow/.local/lib/python3.7/site-packages/airflow/example_dags/example_task_group_decorator.py for tasks to queue
[2023-03-21T17:17:22.666+0000] {logging_mixin.py:137} INFO - [2023-03-21T17:17:22.665+0000] {dagbag.py:532} INFO - Filling up the DagBag from /home/airflow/.local/lib/python3.7/site-packages/airflow/example_dags/example_task_group_decorator.py
[2023-03-21T17:17:22.689+0000] {processor.py:753} INFO - DAG(s) dict_keys(['example_task_group_decorator']) retrieved from /home/airflow/.local/lib/python3.7/site-packages/airflow/example_dags/example_task_group_decorator.py
[2023-03-21T17:17:22.721+0000] {logging_mixin.py:137} INFO - [2023-03-21T17:17:22.721+0000] {dag.py:2693} INFO - Sync 1 DAGs
[2023-03-21T17:17:22.742+0000] {logging_mixin.py:137} INFO - [2023-03-21T17:17:22.742+0000] {dag.py:3444} INFO - Setting next_dagrun for example_task_group_decorator to 2023-03-20T17:17:22.742012+00:00, run_after=2023-03-21T17:17:22.742012+00:00
[2023-03-21T17:17:22.761+0000] {processor.py:175} INFO - Processing /home/airflow/.local/lib/python3.7/site-packages/airflow/example_dags/example_task_group_decorator.py took 0.101 seconds
[2023-03-21T17:17:53.418+0000] {processor.py:153} INFO - Started process (PID=204) to work on /home/airflow/.local/lib/python3.7/site-packages/airflow/example_dags/example_task_group_decorator.py
[2023-03-21T17:17:53.419+0000] {processor.py:743} INFO - Processing file /home/airflow/.local/lib/python3.7/site-packages/airflow/example_dags/example_task_group_decorator.py for tasks to queue
[2023-03-21T17:17:53.420+0000] {logging_mixin.py:137} INFO - [2023-03-21T17:17:53.420+0000] {dagbag.py:532} INFO - Filling up the DagBag from /home/airflow/.local/lib/python3.7/site-packages/airflow/example_dags/example_task_group_decorator.py
[2023-03-21T17:17:53.439+0000] {processor.py:753} INFO - DAG(s) dict_keys(['example_task_group_decorator']) retrieved from /home/airflow/.local/lib/python3.7/site-packages/airflow/example_dags/example_task_group_decorator.py
[2023-03-21T17:17:53.460+0000] {logging_mixin.py:137} INFO - [2023-03-21T17:17:53.460+0000] {dag.py:2693} INFO - Sync 1 DAGs
[2023-03-21T17:17:53.476+0000] {logging_mixin.py:137} INFO - [2023-03-21T17:17:53.476+0000] {dag.py:3444} INFO - Setting next_dagrun for example_task_group_decorator to 2023-03-20T17:17:53.475880+00:00, run_after=2023-03-21T17:17:53.475880+00:00
[2023-03-21T17:17:53.488+0000] {processor.py:175} INFO - Processing /home/airflow/.local/lib/python3.7/site-packages/airflow/example_dags/example_task_group_decorator.py took 0.074 seconds
