[2023-03-21T15:25:54.658+0000] {processor.py:153} INFO - Started process (PID=62) to work on /home/airflow/.local/lib/python3.7/site-packages/airflow/example_dags/example_latest_only.py
[2023-03-21T15:25:54.660+0000] {processor.py:743} INFO - Processing file /home/airflow/.local/lib/python3.7/site-packages/airflow/example_dags/example_latest_only.py for tasks to queue
[2023-03-21T15:25:54.662+0000] {logging_mixin.py:137} INFO - [2023-03-21T15:25:54.661+0000] {dagbag.py:532} INFO - Filling up the DagBag from /home/airflow/.local/lib/python3.7/site-packages/airflow/example_dags/example_latest_only.py
[2023-03-21T15:25:54.685+0000] {processor.py:753} INFO - DAG(s) dict_keys(['latest_only']) retrieved from /home/airflow/.local/lib/python3.7/site-packages/airflow/example_dags/example_latest_only.py
[2023-03-21T15:25:54.706+0000] {logging_mixin.py:137} INFO - [2023-03-21T15:25:54.706+0000] {dag.py:2693} INFO - Sync 1 DAGs
[2023-03-21T15:25:54.744+0000] {logging_mixin.py:137} INFO - [2023-03-21T15:25:54.744+0000] {dag.py:3444} INFO - Setting next_dagrun for latest_only to 2023-03-21T11:25:54.743276+00:00, run_after=2023-03-21T15:25:54.743276+00:00
[2023-03-21T15:25:54.772+0000] {processor.py:175} INFO - Processing /home/airflow/.local/lib/python3.7/site-packages/airflow/example_dags/example_latest_only.py took 0.120 seconds
[2023-03-21T15:26:25.617+0000] {processor.py:153} INFO - Started process (PID=111) to work on /home/airflow/.local/lib/python3.7/site-packages/airflow/example_dags/example_latest_only.py
[2023-03-21T15:26:25.618+0000] {processor.py:743} INFO - Processing file /home/airflow/.local/lib/python3.7/site-packages/airflow/example_dags/example_latest_only.py for tasks to queue
[2023-03-21T15:26:25.619+0000] {logging_mixin.py:137} INFO - [2023-03-21T15:26:25.619+0000] {dagbag.py:532} INFO - Filling up the DagBag from /home/airflow/.local/lib/python3.7/site-packages/airflow/example_dags/example_latest_only.py
[2023-03-21T15:26:25.629+0000] {processor.py:753} INFO - DAG(s) dict_keys(['latest_only']) retrieved from /home/airflow/.local/lib/python3.7/site-packages/airflow/example_dags/example_latest_only.py
[2023-03-21T15:26:25.649+0000] {logging_mixin.py:137} INFO - [2023-03-21T15:26:25.649+0000] {dag.py:2693} INFO - Sync 1 DAGs
[2023-03-21T15:26:25.671+0000] {logging_mixin.py:137} INFO - [2023-03-21T15:26:25.671+0000] {dag.py:3444} INFO - Setting next_dagrun for latest_only to 2023-03-21T11:26:25.670841+00:00, run_after=2023-03-21T15:26:25.670841+00:00
[2023-03-21T15:26:25.684+0000] {processor.py:175} INFO - Processing /home/airflow/.local/lib/python3.7/site-packages/airflow/example_dags/example_latest_only.py took 0.070 seconds
[2023-03-21T15:26:56.210+0000] {processor.py:153} INFO - Started process (PID=160) to work on /home/airflow/.local/lib/python3.7/site-packages/airflow/example_dags/example_latest_only.py
[2023-03-21T15:26:56.212+0000] {processor.py:743} INFO - Processing file /home/airflow/.local/lib/python3.7/site-packages/airflow/example_dags/example_latest_only.py for tasks to queue
[2023-03-21T15:26:56.213+0000] {logging_mixin.py:137} INFO - [2023-03-21T15:26:56.212+0000] {dagbag.py:532} INFO - Filling up the DagBag from /home/airflow/.local/lib/python3.7/site-packages/airflow/example_dags/example_latest_only.py
[2023-03-21T15:26:56.224+0000] {processor.py:753} INFO - DAG(s) dict_keys(['latest_only']) retrieved from /home/airflow/.local/lib/python3.7/site-packages/airflow/example_dags/example_latest_only.py
[2023-03-21T15:26:56.249+0000] {logging_mixin.py:137} INFO - [2023-03-21T15:26:56.249+0000] {dag.py:2693} INFO - Sync 1 DAGs
[2023-03-21T15:26:56.277+0000] {logging_mixin.py:137} INFO - [2023-03-21T15:26:56.277+0000] {dag.py:3444} INFO - Setting next_dagrun for latest_only to 2023-03-21T11:26:56.277041+00:00, run_after=2023-03-21T15:26:56.277041+00:00
[2023-03-21T15:26:56.291+0000] {processor.py:175} INFO - Processing /home/airflow/.local/lib/python3.7/site-packages/airflow/example_dags/example_latest_only.py took 0.085 seconds
[2023-03-21T15:27:26.892+0000] {processor.py:153} INFO - Started process (PID=209) to work on /home/airflow/.local/lib/python3.7/site-packages/airflow/example_dags/example_latest_only.py
[2023-03-21T15:27:26.894+0000] {processor.py:743} INFO - Processing file /home/airflow/.local/lib/python3.7/site-packages/airflow/example_dags/example_latest_only.py for tasks to queue
[2023-03-21T15:27:26.894+0000] {logging_mixin.py:137} INFO - [2023-03-21T15:27:26.894+0000] {dagbag.py:532} INFO - Filling up the DagBag from /home/airflow/.local/lib/python3.7/site-packages/airflow/example_dags/example_latest_only.py
[2023-03-21T15:27:26.905+0000] {processor.py:753} INFO - DAG(s) dict_keys(['latest_only']) retrieved from /home/airflow/.local/lib/python3.7/site-packages/airflow/example_dags/example_latest_only.py
[2023-03-21T15:27:26.924+0000] {logging_mixin.py:137} INFO - [2023-03-21T15:27:26.924+0000] {dag.py:2693} INFO - Sync 1 DAGs
[2023-03-21T15:27:26.940+0000] {logging_mixin.py:137} INFO - [2023-03-21T15:27:26.940+0000] {dag.py:3444} INFO - Setting next_dagrun for latest_only to 2023-03-21T11:27:26.939947+00:00, run_after=2023-03-21T15:27:26.939947+00:00
[2023-03-21T15:27:26.951+0000] {processor.py:175} INFO - Processing /home/airflow/.local/lib/python3.7/site-packages/airflow/example_dags/example_latest_only.py took 0.061 seconds
[2023-03-21T15:27:57.323+0000] {processor.py:153} INFO - Started process (PID=258) to work on /home/airflow/.local/lib/python3.7/site-packages/airflow/example_dags/example_latest_only.py
[2023-03-21T15:27:57.324+0000] {processor.py:743} INFO - Processing file /home/airflow/.local/lib/python3.7/site-packages/airflow/example_dags/example_latest_only.py for tasks to queue
[2023-03-21T15:27:57.324+0000] {logging_mixin.py:137} INFO - [2023-03-21T15:27:57.324+0000] {dagbag.py:532} INFO - Filling up the DagBag from /home/airflow/.local/lib/python3.7/site-packages/airflow/example_dags/example_latest_only.py
[2023-03-21T15:27:57.334+0000] {processor.py:753} INFO - DAG(s) dict_keys(['latest_only']) retrieved from /home/airflow/.local/lib/python3.7/site-packages/airflow/example_dags/example_latest_only.py
[2023-03-21T15:27:57.353+0000] {logging_mixin.py:137} INFO - [2023-03-21T15:27:57.353+0000] {dag.py:2693} INFO - Sync 1 DAGs
[2023-03-21T15:27:57.369+0000] {logging_mixin.py:137} INFO - [2023-03-21T15:27:57.369+0000] {dag.py:3444} INFO - Setting next_dagrun for latest_only to 2023-03-21T11:27:57.369019+00:00, run_after=2023-03-21T15:27:57.369019+00:00
[2023-03-21T15:27:57.380+0000] {processor.py:175} INFO - Processing /home/airflow/.local/lib/python3.7/site-packages/airflow/example_dags/example_latest_only.py took 0.061 seconds
[2023-03-21T15:28:27.675+0000] {processor.py:153} INFO - Started process (PID=307) to work on /home/airflow/.local/lib/python3.7/site-packages/airflow/example_dags/example_latest_only.py
[2023-03-21T15:28:27.676+0000] {processor.py:743} INFO - Processing file /home/airflow/.local/lib/python3.7/site-packages/airflow/example_dags/example_latest_only.py for tasks to queue
[2023-03-21T15:28:27.676+0000] {logging_mixin.py:137} INFO - [2023-03-21T15:28:27.676+0000] {dagbag.py:532} INFO - Filling up the DagBag from /home/airflow/.local/lib/python3.7/site-packages/airflow/example_dags/example_latest_only.py
[2023-03-21T15:28:27.686+0000] {processor.py:753} INFO - DAG(s) dict_keys(['latest_only']) retrieved from /home/airflow/.local/lib/python3.7/site-packages/airflow/example_dags/example_latest_only.py
[2023-03-21T15:28:27.705+0000] {logging_mixin.py:137} INFO - [2023-03-21T15:28:27.705+0000] {dag.py:2693} INFO - Sync 1 DAGs
[2023-03-21T15:28:27.723+0000] {logging_mixin.py:137} INFO - [2023-03-21T15:28:27.723+0000] {dag.py:3444} INFO - Setting next_dagrun for latest_only to 2023-03-21T11:28:27.722770+00:00, run_after=2023-03-21T15:28:27.722770+00:00
[2023-03-21T15:28:27.736+0000] {processor.py:175} INFO - Processing /home/airflow/.local/lib/python3.7/site-packages/airflow/example_dags/example_latest_only.py took 0.064 seconds
[2023-03-21T15:28:58.028+0000] {processor.py:153} INFO - Started process (PID=356) to work on /home/airflow/.local/lib/python3.7/site-packages/airflow/example_dags/example_latest_only.py
[2023-03-21T15:28:58.029+0000] {processor.py:743} INFO - Processing file /home/airflow/.local/lib/python3.7/site-packages/airflow/example_dags/example_latest_only.py for tasks to queue
[2023-03-21T15:28:58.030+0000] {logging_mixin.py:137} INFO - [2023-03-21T15:28:58.030+0000] {dagbag.py:532} INFO - Filling up the DagBag from /home/airflow/.local/lib/python3.7/site-packages/airflow/example_dags/example_latest_only.py
[2023-03-21T15:28:58.039+0000] {processor.py:753} INFO - DAG(s) dict_keys(['latest_only']) retrieved from /home/airflow/.local/lib/python3.7/site-packages/airflow/example_dags/example_latest_only.py
[2023-03-21T15:28:58.058+0000] {logging_mixin.py:137} INFO - [2023-03-21T15:28:58.058+0000] {dag.py:2693} INFO - Sync 1 DAGs
[2023-03-21T15:28:58.074+0000] {logging_mixin.py:137} INFO - [2023-03-21T15:28:58.074+0000] {dag.py:3444} INFO - Setting next_dagrun for latest_only to 2023-03-21T11:28:58.073943+00:00, run_after=2023-03-21T15:28:58.073943+00:00
[2023-03-21T15:28:58.084+0000] {processor.py:175} INFO - Processing /home/airflow/.local/lib/python3.7/site-packages/airflow/example_dags/example_latest_only.py took 0.060 seconds
[2023-03-21T15:29:28.246+0000] {processor.py:153} INFO - Started process (PID=405) to work on /home/airflow/.local/lib/python3.7/site-packages/airflow/example_dags/example_latest_only.py
[2023-03-21T15:29:28.247+0000] {processor.py:743} INFO - Processing file /home/airflow/.local/lib/python3.7/site-packages/airflow/example_dags/example_latest_only.py for tasks to queue
[2023-03-21T15:29:28.248+0000] {logging_mixin.py:137} INFO - [2023-03-21T15:29:28.248+0000] {dagbag.py:532} INFO - Filling up the DagBag from /home/airflow/.local/lib/python3.7/site-packages/airflow/example_dags/example_latest_only.py
[2023-03-21T15:29:28.258+0000] {processor.py:753} INFO - DAG(s) dict_keys(['latest_only']) retrieved from /home/airflow/.local/lib/python3.7/site-packages/airflow/example_dags/example_latest_only.py
[2023-03-21T15:29:28.277+0000] {logging_mixin.py:137} INFO - [2023-03-21T15:29:28.277+0000] {dag.py:2693} INFO - Sync 1 DAGs
[2023-03-21T15:29:28.294+0000] {logging_mixin.py:137} INFO - [2023-03-21T15:29:28.293+0000] {dag.py:3444} INFO - Setting next_dagrun for latest_only to 2023-03-21T11:29:28.293747+00:00, run_after=2023-03-21T15:29:28.293747+00:00
[2023-03-21T15:29:28.305+0000] {processor.py:175} INFO - Processing /home/airflow/.local/lib/python3.7/site-packages/airflow/example_dags/example_latest_only.py took 0.062 seconds
[2023-03-21T15:29:58.752+0000] {processor.py:153} INFO - Started process (PID=454) to work on /home/airflow/.local/lib/python3.7/site-packages/airflow/example_dags/example_latest_only.py
[2023-03-21T15:29:58.753+0000] {processor.py:743} INFO - Processing file /home/airflow/.local/lib/python3.7/site-packages/airflow/example_dags/example_latest_only.py for tasks to queue
[2023-03-21T15:29:58.754+0000] {logging_mixin.py:137} INFO - [2023-03-21T15:29:58.754+0000] {dagbag.py:532} INFO - Filling up the DagBag from /home/airflow/.local/lib/python3.7/site-packages/airflow/example_dags/example_latest_only.py
[2023-03-21T15:29:58.763+0000] {processor.py:753} INFO - DAG(s) dict_keys(['latest_only']) retrieved from /home/airflow/.local/lib/python3.7/site-packages/airflow/example_dags/example_latest_only.py
[2023-03-21T15:29:58.782+0000] {logging_mixin.py:137} INFO - [2023-03-21T15:29:58.782+0000] {dag.py:2693} INFO - Sync 1 DAGs
[2023-03-21T15:29:58.798+0000] {logging_mixin.py:137} INFO - [2023-03-21T15:29:58.798+0000] {dag.py:3444} INFO - Setting next_dagrun for latest_only to 2023-03-21T11:29:58.798399+00:00, run_after=2023-03-21T15:29:58.798399+00:00
[2023-03-21T15:29:58.809+0000] {processor.py:175} INFO - Processing /home/airflow/.local/lib/python3.7/site-packages/airflow/example_dags/example_latest_only.py took 0.060 seconds
[2023-03-21T15:30:29.207+0000] {processor.py:153} INFO - Started process (PID=503) to work on /home/airflow/.local/lib/python3.7/site-packages/airflow/example_dags/example_latest_only.py
[2023-03-21T15:30:29.208+0000] {processor.py:743} INFO - Processing file /home/airflow/.local/lib/python3.7/site-packages/airflow/example_dags/example_latest_only.py for tasks to queue
[2023-03-21T15:30:29.209+0000] {logging_mixin.py:137} INFO - [2023-03-21T15:30:29.209+0000] {dagbag.py:532} INFO - Filling up the DagBag from /home/airflow/.local/lib/python3.7/site-packages/airflow/example_dags/example_latest_only.py
[2023-03-21T15:30:29.219+0000] {processor.py:753} INFO - DAG(s) dict_keys(['latest_only']) retrieved from /home/airflow/.local/lib/python3.7/site-packages/airflow/example_dags/example_latest_only.py
[2023-03-21T15:30:29.239+0000] {logging_mixin.py:137} INFO - [2023-03-21T15:30:29.239+0000] {dag.py:2693} INFO - Sync 1 DAGs
[2023-03-21T15:30:29.255+0000] {logging_mixin.py:137} INFO - [2023-03-21T15:30:29.255+0000] {dag.py:3444} INFO - Setting next_dagrun for latest_only to 2023-03-21T11:30:29.254837+00:00, run_after=2023-03-21T15:30:29.254837+00:00
[2023-03-21T15:30:29.265+0000] {processor.py:175} INFO - Processing /home/airflow/.local/lib/python3.7/site-packages/airflow/example_dags/example_latest_only.py took 0.061 seconds
[2023-03-21T15:30:59.598+0000] {processor.py:153} INFO - Started process (PID=552) to work on /home/airflow/.local/lib/python3.7/site-packages/airflow/example_dags/example_latest_only.py
[2023-03-21T15:30:59.599+0000] {processor.py:743} INFO - Processing file /home/airflow/.local/lib/python3.7/site-packages/airflow/example_dags/example_latest_only.py for tasks to queue
[2023-03-21T15:30:59.600+0000] {logging_mixin.py:137} INFO - [2023-03-21T15:30:59.600+0000] {dagbag.py:532} INFO - Filling up the DagBag from /home/airflow/.local/lib/python3.7/site-packages/airflow/example_dags/example_latest_only.py
[2023-03-21T15:30:59.611+0000] {processor.py:753} INFO - DAG(s) dict_keys(['latest_only']) retrieved from /home/airflow/.local/lib/python3.7/site-packages/airflow/example_dags/example_latest_only.py
[2023-03-21T15:30:59.640+0000] {logging_mixin.py:137} INFO - [2023-03-21T15:30:59.640+0000] {dag.py:2693} INFO - Sync 1 DAGs
[2023-03-21T15:30:59.667+0000] {logging_mixin.py:137} INFO - [2023-03-21T15:30:59.667+0000] {dag.py:3444} INFO - Setting next_dagrun for latest_only to 2023-03-21T11:30:59.667574+00:00, run_after=2023-03-21T15:30:59.667574+00:00
[2023-03-21T15:30:59.689+0000] {processor.py:175} INFO - Processing /home/airflow/.local/lib/python3.7/site-packages/airflow/example_dags/example_latest_only.py took 0.094 seconds
[2023-03-21T15:31:30.069+0000] {processor.py:153} INFO - Started process (PID=600) to work on /home/airflow/.local/lib/python3.7/site-packages/airflow/example_dags/example_latest_only.py
[2023-03-21T15:31:30.071+0000] {processor.py:743} INFO - Processing file /home/airflow/.local/lib/python3.7/site-packages/airflow/example_dags/example_latest_only.py for tasks to queue
[2023-03-21T15:31:30.071+0000] {logging_mixin.py:137} INFO - [2023-03-21T15:31:30.071+0000] {dagbag.py:532} INFO - Filling up the DagBag from /home/airflow/.local/lib/python3.7/site-packages/airflow/example_dags/example_latest_only.py
[2023-03-21T15:31:30.083+0000] {processor.py:753} INFO - DAG(s) dict_keys(['latest_only']) retrieved from /home/airflow/.local/lib/python3.7/site-packages/airflow/example_dags/example_latest_only.py
[2023-03-21T15:31:30.102+0000] {logging_mixin.py:137} INFO - [2023-03-21T15:31:30.102+0000] {dag.py:2693} INFO - Sync 1 DAGs
[2023-03-21T15:31:30.118+0000] {logging_mixin.py:137} INFO - [2023-03-21T15:31:30.118+0000] {dag.py:3444} INFO - Setting next_dagrun for latest_only to 2023-03-21T11:31:30.118323+00:00, run_after=2023-03-21T15:31:30.118323+00:00
[2023-03-21T15:31:30.130+0000] {processor.py:175} INFO - Processing /home/airflow/.local/lib/python3.7/site-packages/airflow/example_dags/example_latest_only.py took 0.063 seconds
[2023-03-21T15:32:00.574+0000] {processor.py:153} INFO - Started process (PID=649) to work on /home/airflow/.local/lib/python3.7/site-packages/airflow/example_dags/example_latest_only.py
[2023-03-21T15:32:00.575+0000] {processor.py:743} INFO - Processing file /home/airflow/.local/lib/python3.7/site-packages/airflow/example_dags/example_latest_only.py for tasks to queue
[2023-03-21T15:32:00.576+0000] {logging_mixin.py:137} INFO - [2023-03-21T15:32:00.576+0000] {dagbag.py:532} INFO - Filling up the DagBag from /home/airflow/.local/lib/python3.7/site-packages/airflow/example_dags/example_latest_only.py
[2023-03-21T15:32:00.586+0000] {processor.py:753} INFO - DAG(s) dict_keys(['latest_only']) retrieved from /home/airflow/.local/lib/python3.7/site-packages/airflow/example_dags/example_latest_only.py
[2023-03-21T15:32:00.605+0000] {logging_mixin.py:137} INFO - [2023-03-21T15:32:00.605+0000] {dag.py:2693} INFO - Sync 1 DAGs
[2023-03-21T15:32:00.621+0000] {logging_mixin.py:137} INFO - [2023-03-21T15:32:00.621+0000] {dag.py:3444} INFO - Setting next_dagrun for latest_only to 2023-03-21T11:32:00.621672+00:00, run_after=2023-03-21T15:32:00.621672+00:00
[2023-03-21T15:32:00.632+0000] {processor.py:175} INFO - Processing /home/airflow/.local/lib/python3.7/site-packages/airflow/example_dags/example_latest_only.py took 0.062 seconds
[2023-03-21T16:52:56.955+0000] {processor.py:153} INFO - Started process (PID=63) to work on /home/airflow/.local/lib/python3.7/site-packages/airflow/example_dags/example_latest_only.py
[2023-03-21T16:52:56.963+0000] {processor.py:743} INFO - Processing file /home/airflow/.local/lib/python3.7/site-packages/airflow/example_dags/example_latest_only.py for tasks to queue
[2023-03-21T16:52:56.969+0000] {logging_mixin.py:137} INFO - [2023-03-21T16:52:56.968+0000] {dagbag.py:532} INFO - Filling up the DagBag from /home/airflow/.local/lib/python3.7/site-packages/airflow/example_dags/example_latest_only.py
[2023-03-21T16:52:56.998+0000] {processor.py:753} INFO - DAG(s) dict_keys(['latest_only']) retrieved from /home/airflow/.local/lib/python3.7/site-packages/airflow/example_dags/example_latest_only.py
[2023-03-21T16:52:57.017+0000] {logging_mixin.py:137} INFO - [2023-03-21T16:52:57.016+0000] {dag.py:2693} INFO - Sync 1 DAGs
[2023-03-21T16:52:57.065+0000] {logging_mixin.py:137} INFO - [2023-03-21T16:52:57.065+0000] {dag.py:3444} INFO - Setting next_dagrun for latest_only to 2023-03-21T12:52:57.065004+00:00, run_after=2023-03-21T16:52:57.065004+00:00
[2023-03-21T16:52:57.086+0000] {processor.py:175} INFO - Processing /home/airflow/.local/lib/python3.7/site-packages/airflow/example_dags/example_latest_only.py took 0.136 seconds
[2023-03-21T16:53:27.424+0000] {processor.py:153} INFO - Started process (PID=112) to work on /home/airflow/.local/lib/python3.7/site-packages/airflow/example_dags/example_latest_only.py
[2023-03-21T16:53:27.425+0000] {processor.py:743} INFO - Processing file /home/airflow/.local/lib/python3.7/site-packages/airflow/example_dags/example_latest_only.py for tasks to queue
[2023-03-21T16:53:27.426+0000] {logging_mixin.py:137} INFO - [2023-03-21T16:53:27.426+0000] {dagbag.py:532} INFO - Filling up the DagBag from /home/airflow/.local/lib/python3.7/site-packages/airflow/example_dags/example_latest_only.py
[2023-03-21T16:53:27.435+0000] {processor.py:753} INFO - DAG(s) dict_keys(['latest_only']) retrieved from /home/airflow/.local/lib/python3.7/site-packages/airflow/example_dags/example_latest_only.py
[2023-03-21T16:53:27.453+0000] {logging_mixin.py:137} INFO - [2023-03-21T16:53:27.453+0000] {dag.py:2693} INFO - Sync 1 DAGs
[2023-03-21T16:53:27.469+0000] {logging_mixin.py:137} INFO - [2023-03-21T16:53:27.469+0000] {dag.py:3444} INFO - Setting next_dagrun for latest_only to 2023-03-21T12:53:27.469367+00:00, run_after=2023-03-21T16:53:27.469367+00:00
[2023-03-21T16:53:27.480+0000] {processor.py:175} INFO - Processing /home/airflow/.local/lib/python3.7/site-packages/airflow/example_dags/example_latest_only.py took 0.059 seconds
[2023-03-21T16:53:59.344+0000] {processor.py:153} INFO - Started process (PID=166) to work on /home/airflow/.local/lib/python3.7/site-packages/airflow/example_dags/example_latest_only.py
[2023-03-21T16:53:59.345+0000] {processor.py:743} INFO - Processing file /home/airflow/.local/lib/python3.7/site-packages/airflow/example_dags/example_latest_only.py for tasks to queue
[2023-03-21T16:53:59.346+0000] {logging_mixin.py:137} INFO - [2023-03-21T16:53:59.346+0000] {dagbag.py:532} INFO - Filling up the DagBag from /home/airflow/.local/lib/python3.7/site-packages/airflow/example_dags/example_latest_only.py
[2023-03-21T16:53:59.360+0000] {processor.py:753} INFO - DAG(s) dict_keys(['latest_only']) retrieved from /home/airflow/.local/lib/python3.7/site-packages/airflow/example_dags/example_latest_only.py
[2023-03-21T16:53:59.384+0000] {logging_mixin.py:137} INFO - [2023-03-21T16:53:59.384+0000] {dag.py:2693} INFO - Sync 1 DAGs
[2023-03-21T16:53:59.400+0000] {logging_mixin.py:137} INFO - [2023-03-21T16:53:59.400+0000] {dag.py:3444} INFO - Setting next_dagrun for latest_only to 2023-03-21T12:53:59.400486+00:00, run_after=2023-03-21T16:53:59.400486+00:00
[2023-03-21T16:53:59.413+0000] {processor.py:175} INFO - Processing /home/airflow/.local/lib/python3.7/site-packages/airflow/example_dags/example_latest_only.py took 0.073 seconds
[2023-03-21T16:54:34.535+0000] {processor.py:153} INFO - Started process (PID=216) to work on /home/airflow/.local/lib/python3.7/site-packages/airflow/example_dags/example_latest_only.py
[2023-03-21T16:54:34.538+0000] {processor.py:743} INFO - Processing file /home/airflow/.local/lib/python3.7/site-packages/airflow/example_dags/example_latest_only.py for tasks to queue
[2023-03-21T16:54:34.542+0000] {logging_mixin.py:137} INFO - [2023-03-21T16:54:34.541+0000] {dagbag.py:532} INFO - Filling up the DagBag from /home/airflow/.local/lib/python3.7/site-packages/airflow/example_dags/example_latest_only.py
[2023-03-21T16:54:34.566+0000] {processor.py:753} INFO - DAG(s) dict_keys(['latest_only']) retrieved from /home/airflow/.local/lib/python3.7/site-packages/airflow/example_dags/example_latest_only.py
[2023-03-21T16:54:34.635+0000] {logging_mixin.py:137} INFO - [2023-03-21T16:54:34.635+0000] {dag.py:2693} INFO - Sync 1 DAGs
[2023-03-21T16:54:34.677+0000] {logging_mixin.py:137} INFO - [2023-03-21T16:54:34.677+0000] {dag.py:3444} INFO - Setting next_dagrun for latest_only to 2023-03-21T12:54:34.677347+00:00, run_after=2023-03-21T16:54:34.677347+00:00
[2023-03-21T16:54:34.741+0000] {processor.py:175} INFO - Processing /home/airflow/.local/lib/python3.7/site-packages/airflow/example_dags/example_latest_only.py took 0.218 seconds
[2023-03-21T16:55:05.395+0000] {processor.py:153} INFO - Started process (PID=265) to work on /home/airflow/.local/lib/python3.7/site-packages/airflow/example_dags/example_latest_only.py
[2023-03-21T16:55:05.397+0000] {processor.py:743} INFO - Processing file /home/airflow/.local/lib/python3.7/site-packages/airflow/example_dags/example_latest_only.py for tasks to queue
[2023-03-21T16:55:05.397+0000] {logging_mixin.py:137} INFO - [2023-03-21T16:55:05.397+0000] {dagbag.py:532} INFO - Filling up the DagBag from /home/airflow/.local/lib/python3.7/site-packages/airflow/example_dags/example_latest_only.py
[2023-03-21T16:55:05.409+0000] {processor.py:753} INFO - DAG(s) dict_keys(['latest_only']) retrieved from /home/airflow/.local/lib/python3.7/site-packages/airflow/example_dags/example_latest_only.py
[2023-03-21T16:55:05.429+0000] {logging_mixin.py:137} INFO - [2023-03-21T16:55:05.429+0000] {dag.py:2693} INFO - Sync 1 DAGs
[2023-03-21T16:55:05.448+0000] {logging_mixin.py:137} INFO - [2023-03-21T16:55:05.448+0000] {dag.py:3444} INFO - Setting next_dagrun for latest_only to 2023-03-21T12:55:05.448017+00:00, run_after=2023-03-21T16:55:05.448017+00:00
[2023-03-21T16:55:05.459+0000] {processor.py:175} INFO - Processing /home/airflow/.local/lib/python3.7/site-packages/airflow/example_dags/example_latest_only.py took 0.067 seconds
[2023-03-21T16:55:36.520+0000] {processor.py:153} INFO - Started process (PID=315) to work on /home/airflow/.local/lib/python3.7/site-packages/airflow/example_dags/example_latest_only.py
[2023-03-21T16:55:36.522+0000] {processor.py:743} INFO - Processing file /home/airflow/.local/lib/python3.7/site-packages/airflow/example_dags/example_latest_only.py for tasks to queue
[2023-03-21T16:55:36.523+0000] {logging_mixin.py:137} INFO - [2023-03-21T16:55:36.523+0000] {dagbag.py:532} INFO - Filling up the DagBag from /home/airflow/.local/lib/python3.7/site-packages/airflow/example_dags/example_latest_only.py
[2023-03-21T16:55:36.535+0000] {processor.py:753} INFO - DAG(s) dict_keys(['latest_only']) retrieved from /home/airflow/.local/lib/python3.7/site-packages/airflow/example_dags/example_latest_only.py
[2023-03-21T16:55:36.562+0000] {logging_mixin.py:137} INFO - [2023-03-21T16:55:36.562+0000] {dag.py:2693} INFO - Sync 1 DAGs
[2023-03-21T16:55:36.581+0000] {logging_mixin.py:137} INFO - [2023-03-21T16:55:36.581+0000] {dag.py:3444} INFO - Setting next_dagrun for latest_only to 2023-03-21T12:55:36.581626+00:00, run_after=2023-03-21T16:55:36.581626+00:00
[2023-03-21T16:55:36.595+0000] {processor.py:175} INFO - Processing /home/airflow/.local/lib/python3.7/site-packages/airflow/example_dags/example_latest_only.py took 0.079 seconds
[2023-03-21T16:56:07.467+0000] {processor.py:153} INFO - Started process (PID=365) to work on /home/airflow/.local/lib/python3.7/site-packages/airflow/example_dags/example_latest_only.py
[2023-03-21T16:56:07.469+0000] {processor.py:743} INFO - Processing file /home/airflow/.local/lib/python3.7/site-packages/airflow/example_dags/example_latest_only.py for tasks to queue
[2023-03-21T16:56:07.469+0000] {logging_mixin.py:137} INFO - [2023-03-21T16:56:07.469+0000] {dagbag.py:532} INFO - Filling up the DagBag from /home/airflow/.local/lib/python3.7/site-packages/airflow/example_dags/example_latest_only.py
[2023-03-21T16:56:07.479+0000] {processor.py:753} INFO - DAG(s) dict_keys(['latest_only']) retrieved from /home/airflow/.local/lib/python3.7/site-packages/airflow/example_dags/example_latest_only.py
[2023-03-21T16:56:07.499+0000] {logging_mixin.py:137} INFO - [2023-03-21T16:56:07.499+0000] {dag.py:2693} INFO - Sync 1 DAGs
[2023-03-21T16:56:07.515+0000] {logging_mixin.py:137} INFO - [2023-03-21T16:56:07.515+0000] {dag.py:3444} INFO - Setting next_dagrun for latest_only to 2023-03-21T12:56:07.514889+00:00, run_after=2023-03-21T16:56:07.514889+00:00
[2023-03-21T16:56:07.525+0000] {processor.py:175} INFO - Processing /home/airflow/.local/lib/python3.7/site-packages/airflow/example_dags/example_latest_only.py took 0.061 seconds
[2023-03-21T16:56:37.689+0000] {processor.py:153} INFO - Started process (PID=416) to work on /home/airflow/.local/lib/python3.7/site-packages/airflow/example_dags/example_latest_only.py
[2023-03-21T16:56:37.696+0000] {processor.py:743} INFO - Processing file /home/airflow/.local/lib/python3.7/site-packages/airflow/example_dags/example_latest_only.py for tasks to queue
[2023-03-21T16:56:37.700+0000] {logging_mixin.py:137} INFO - [2023-03-21T16:56:37.700+0000] {dagbag.py:532} INFO - Filling up the DagBag from /home/airflow/.local/lib/python3.7/site-packages/airflow/example_dags/example_latest_only.py
[2023-03-21T16:56:37.730+0000] {processor.py:753} INFO - DAG(s) dict_keys(['latest_only']) retrieved from /home/airflow/.local/lib/python3.7/site-packages/airflow/example_dags/example_latest_only.py
[2023-03-21T16:56:37.766+0000] {logging_mixin.py:137} INFO - [2023-03-21T16:56:37.765+0000] {dag.py:2693} INFO - Sync 1 DAGs
[2023-03-21T16:56:37.792+0000] {logging_mixin.py:137} INFO - [2023-03-21T16:56:37.792+0000] {dag.py:3444} INFO - Setting next_dagrun for latest_only to 2023-03-21T12:56:37.791998+00:00, run_after=2023-03-21T16:56:37.791998+00:00
[2023-03-21T16:56:37.810+0000] {processor.py:175} INFO - Processing /home/airflow/.local/lib/python3.7/site-packages/airflow/example_dags/example_latest_only.py took 0.125 seconds
[2023-03-21T16:57:07.873+0000] {processor.py:153} INFO - Started process (PID=467) to work on /home/airflow/.local/lib/python3.7/site-packages/airflow/example_dags/example_latest_only.py
[2023-03-21T16:57:07.875+0000] {processor.py:743} INFO - Processing file /home/airflow/.local/lib/python3.7/site-packages/airflow/example_dags/example_latest_only.py for tasks to queue
[2023-03-21T16:57:07.877+0000] {logging_mixin.py:137} INFO - [2023-03-21T16:57:07.876+0000] {dagbag.py:532} INFO - Filling up the DagBag from /home/airflow/.local/lib/python3.7/site-packages/airflow/example_dags/example_latest_only.py
[2023-03-21T16:57:07.894+0000] {processor.py:753} INFO - DAG(s) dict_keys(['latest_only']) retrieved from /home/airflow/.local/lib/python3.7/site-packages/airflow/example_dags/example_latest_only.py
[2023-03-21T16:57:07.925+0000] {logging_mixin.py:137} INFO - [2023-03-21T16:57:07.925+0000] {dag.py:2693} INFO - Sync 1 DAGs
[2023-03-21T16:57:07.957+0000] {logging_mixin.py:137} INFO - [2023-03-21T16:57:07.957+0000] {dag.py:3444} INFO - Setting next_dagrun for latest_only to 2023-03-21T12:57:07.957402+00:00, run_after=2023-03-21T16:57:07.957402+00:00
[2023-03-21T16:57:07.983+0000] {processor.py:175} INFO - Processing /home/airflow/.local/lib/python3.7/site-packages/airflow/example_dags/example_latest_only.py took 0.114 seconds
[2023-03-21T16:57:39.011+0000] {processor.py:153} INFO - Started process (PID=517) to work on /home/airflow/.local/lib/python3.7/site-packages/airflow/example_dags/example_latest_only.py
[2023-03-21T16:57:39.012+0000] {processor.py:743} INFO - Processing file /home/airflow/.local/lib/python3.7/site-packages/airflow/example_dags/example_latest_only.py for tasks to queue
[2023-03-21T16:57:39.013+0000] {logging_mixin.py:137} INFO - [2023-03-21T16:57:39.013+0000] {dagbag.py:532} INFO - Filling up the DagBag from /home/airflow/.local/lib/python3.7/site-packages/airflow/example_dags/example_latest_only.py
[2023-03-21T16:57:39.025+0000] {processor.py:753} INFO - DAG(s) dict_keys(['latest_only']) retrieved from /home/airflow/.local/lib/python3.7/site-packages/airflow/example_dags/example_latest_only.py
[2023-03-21T16:57:39.051+0000] {logging_mixin.py:137} INFO - [2023-03-21T16:57:39.051+0000] {dag.py:2693} INFO - Sync 1 DAGs
[2023-03-21T16:57:39.071+0000] {logging_mixin.py:137} INFO - [2023-03-21T16:57:39.071+0000] {dag.py:3444} INFO - Setting next_dagrun for latest_only to 2023-03-21T12:57:39.071252+00:00, run_after=2023-03-21T16:57:39.071252+00:00
[2023-03-21T16:57:39.084+0000] {processor.py:175} INFO - Processing /home/airflow/.local/lib/python3.7/site-packages/airflow/example_dags/example_latest_only.py took 0.076 seconds
[2023-03-21T16:58:09.548+0000] {processor.py:153} INFO - Started process (PID=567) to work on /home/airflow/.local/lib/python3.7/site-packages/airflow/example_dags/example_latest_only.py
[2023-03-21T16:58:09.551+0000] {processor.py:743} INFO - Processing file /home/airflow/.local/lib/python3.7/site-packages/airflow/example_dags/example_latest_only.py for tasks to queue
[2023-03-21T16:58:09.552+0000] {logging_mixin.py:137} INFO - [2023-03-21T16:58:09.552+0000] {dagbag.py:532} INFO - Filling up the DagBag from /home/airflow/.local/lib/python3.7/site-packages/airflow/example_dags/example_latest_only.py
[2023-03-21T16:58:09.572+0000] {processor.py:753} INFO - DAG(s) dict_keys(['latest_only']) retrieved from /home/airflow/.local/lib/python3.7/site-packages/airflow/example_dags/example_latest_only.py
[2023-03-21T16:58:09.598+0000] {logging_mixin.py:137} INFO - [2023-03-21T16:58:09.598+0000] {dag.py:2693} INFO - Sync 1 DAGs
[2023-03-21T16:58:09.617+0000] {logging_mixin.py:137} INFO - [2023-03-21T16:58:09.617+0000] {dag.py:3444} INFO - Setting next_dagrun for latest_only to 2023-03-21T12:58:09.617185+00:00, run_after=2023-03-21T16:58:09.617185+00:00
[2023-03-21T16:58:09.631+0000] {processor.py:175} INFO - Processing /home/airflow/.local/lib/python3.7/site-packages/airflow/example_dags/example_latest_only.py took 0.091 seconds
[2023-03-21T16:58:40.261+0000] {processor.py:153} INFO - Started process (PID=617) to work on /home/airflow/.local/lib/python3.7/site-packages/airflow/example_dags/example_latest_only.py
[2023-03-21T16:58:40.264+0000] {processor.py:743} INFO - Processing file /home/airflow/.local/lib/python3.7/site-packages/airflow/example_dags/example_latest_only.py for tasks to queue
[2023-03-21T16:58:40.265+0000] {logging_mixin.py:137} INFO - [2023-03-21T16:58:40.265+0000] {dagbag.py:532} INFO - Filling up the DagBag from /home/airflow/.local/lib/python3.7/site-packages/airflow/example_dags/example_latest_only.py
[2023-03-21T16:58:40.286+0000] {processor.py:753} INFO - DAG(s) dict_keys(['latest_only']) retrieved from /home/airflow/.local/lib/python3.7/site-packages/airflow/example_dags/example_latest_only.py
[2023-03-21T16:58:40.314+0000] {logging_mixin.py:137} INFO - [2023-03-21T16:58:40.313+0000] {dag.py:2693} INFO - Sync 1 DAGs
[2023-03-21T16:58:40.331+0000] {logging_mixin.py:137} INFO - [2023-03-21T16:58:40.331+0000] {dag.py:3444} INFO - Setting next_dagrun for latest_only to 2023-03-21T12:58:40.331390+00:00, run_after=2023-03-21T16:58:40.331390+00:00
[2023-03-21T16:58:40.344+0000] {processor.py:175} INFO - Processing /home/airflow/.local/lib/python3.7/site-packages/airflow/example_dags/example_latest_only.py took 0.091 seconds
[2023-03-21T16:59:11.034+0000] {processor.py:153} INFO - Started process (PID=667) to work on /home/airflow/.local/lib/python3.7/site-packages/airflow/example_dags/example_latest_only.py
[2023-03-21T16:59:11.038+0000] {processor.py:743} INFO - Processing file /home/airflow/.local/lib/python3.7/site-packages/airflow/example_dags/example_latest_only.py for tasks to queue
[2023-03-21T16:59:11.039+0000] {logging_mixin.py:137} INFO - [2023-03-21T16:59:11.039+0000] {dagbag.py:532} INFO - Filling up the DagBag from /home/airflow/.local/lib/python3.7/site-packages/airflow/example_dags/example_latest_only.py
[2023-03-21T16:59:11.060+0000] {processor.py:753} INFO - DAG(s) dict_keys(['latest_only']) retrieved from /home/airflow/.local/lib/python3.7/site-packages/airflow/example_dags/example_latest_only.py
[2023-03-21T16:59:11.086+0000] {logging_mixin.py:137} INFO - [2023-03-21T16:59:11.086+0000] {dag.py:2693} INFO - Sync 1 DAGs
[2023-03-21T16:59:11.109+0000] {logging_mixin.py:137} INFO - [2023-03-21T16:59:11.109+0000] {dag.py:3444} INFO - Setting next_dagrun for latest_only to 2023-03-21T12:59:11.109346+00:00, run_after=2023-03-21T16:59:11.109346+00:00
[2023-03-21T16:59:11.124+0000] {processor.py:175} INFO - Processing /home/airflow/.local/lib/python3.7/site-packages/airflow/example_dags/example_latest_only.py took 0.098 seconds
[2023-03-21T16:59:41.857+0000] {processor.py:153} INFO - Started process (PID=717) to work on /home/airflow/.local/lib/python3.7/site-packages/airflow/example_dags/example_latest_only.py
[2023-03-21T16:59:41.860+0000] {processor.py:743} INFO - Processing file /home/airflow/.local/lib/python3.7/site-packages/airflow/example_dags/example_latest_only.py for tasks to queue
[2023-03-21T16:59:41.862+0000] {logging_mixin.py:137} INFO - [2023-03-21T16:59:41.861+0000] {dagbag.py:532} INFO - Filling up the DagBag from /home/airflow/.local/lib/python3.7/site-packages/airflow/example_dags/example_latest_only.py
[2023-03-21T16:59:41.885+0000] {processor.py:753} INFO - DAG(s) dict_keys(['latest_only']) retrieved from /home/airflow/.local/lib/python3.7/site-packages/airflow/example_dags/example_latest_only.py
[2023-03-21T16:59:41.933+0000] {logging_mixin.py:137} INFO - [2023-03-21T16:59:41.933+0000] {dag.py:2693} INFO - Sync 1 DAGs
[2023-03-21T16:59:41.966+0000] {logging_mixin.py:137} INFO - [2023-03-21T16:59:41.965+0000] {dag.py:3444} INFO - Setting next_dagrun for latest_only to 2023-03-21T12:59:41.965553+00:00, run_after=2023-03-21T16:59:41.965553+00:00
[2023-03-21T16:59:41.983+0000] {processor.py:175} INFO - Processing /home/airflow/.local/lib/python3.7/site-packages/airflow/example_dags/example_latest_only.py took 0.133 seconds
[2023-03-21T17:00:12.703+0000] {processor.py:153} INFO - Started process (PID=767) to work on /home/airflow/.local/lib/python3.7/site-packages/airflow/example_dags/example_latest_only.py
[2023-03-21T17:00:12.705+0000] {processor.py:743} INFO - Processing file /home/airflow/.local/lib/python3.7/site-packages/airflow/example_dags/example_latest_only.py for tasks to queue
[2023-03-21T17:00:12.706+0000] {logging_mixin.py:137} INFO - [2023-03-21T17:00:12.706+0000] {dagbag.py:532} INFO - Filling up the DagBag from /home/airflow/.local/lib/python3.7/site-packages/airflow/example_dags/example_latest_only.py
[2023-03-21T17:00:12.727+0000] {processor.py:753} INFO - DAG(s) dict_keys(['latest_only']) retrieved from /home/airflow/.local/lib/python3.7/site-packages/airflow/example_dags/example_latest_only.py
[2023-03-21T17:00:12.775+0000] {logging_mixin.py:137} INFO - [2023-03-21T17:00:12.775+0000] {dag.py:2693} INFO - Sync 1 DAGs
[2023-03-21T17:00:12.816+0000] {logging_mixin.py:137} INFO - [2023-03-21T17:00:12.816+0000] {dag.py:3444} INFO - Setting next_dagrun for latest_only to 2023-03-21T13:00:12.815639+00:00, run_after=2023-03-21T17:00:12.815639+00:00
[2023-03-21T17:00:12.839+0000] {processor.py:175} INFO - Processing /home/airflow/.local/lib/python3.7/site-packages/airflow/example_dags/example_latest_only.py took 0.144 seconds
[2023-03-21T17:00:43.702+0000] {processor.py:153} INFO - Started process (PID=817) to work on /home/airflow/.local/lib/python3.7/site-packages/airflow/example_dags/example_latest_only.py
[2023-03-21T17:00:43.709+0000] {processor.py:743} INFO - Processing file /home/airflow/.local/lib/python3.7/site-packages/airflow/example_dags/example_latest_only.py for tasks to queue
[2023-03-21T17:00:43.712+0000] {logging_mixin.py:137} INFO - [2023-03-21T17:00:43.712+0000] {dagbag.py:532} INFO - Filling up the DagBag from /home/airflow/.local/lib/python3.7/site-packages/airflow/example_dags/example_latest_only.py
[2023-03-21T17:00:43.726+0000] {processor.py:753} INFO - DAG(s) dict_keys(['latest_only']) retrieved from /home/airflow/.local/lib/python3.7/site-packages/airflow/example_dags/example_latest_only.py
[2023-03-21T17:00:43.756+0000] {logging_mixin.py:137} INFO - [2023-03-21T17:00:43.756+0000] {dag.py:2693} INFO - Sync 1 DAGs
[2023-03-21T17:00:43.775+0000] {logging_mixin.py:137} INFO - [2023-03-21T17:00:43.775+0000] {dag.py:3444} INFO - Setting next_dagrun for latest_only to 2023-03-21T13:00:43.775389+00:00, run_after=2023-03-21T17:00:43.775389+00:00
[2023-03-21T17:00:43.786+0000] {processor.py:175} INFO - Processing /home/airflow/.local/lib/python3.7/site-packages/airflow/example_dags/example_latest_only.py took 0.091 seconds
[2023-03-21T17:01:14.526+0000] {processor.py:153} INFO - Started process (PID=867) to work on /home/airflow/.local/lib/python3.7/site-packages/airflow/example_dags/example_latest_only.py
[2023-03-21T17:01:14.528+0000] {processor.py:743} INFO - Processing file /home/airflow/.local/lib/python3.7/site-packages/airflow/example_dags/example_latest_only.py for tasks to queue
[2023-03-21T17:01:14.530+0000] {logging_mixin.py:137} INFO - [2023-03-21T17:01:14.530+0000] {dagbag.py:532} INFO - Filling up the DagBag from /home/airflow/.local/lib/python3.7/site-packages/airflow/example_dags/example_latest_only.py
[2023-03-21T17:01:14.553+0000] {processor.py:753} INFO - DAG(s) dict_keys(['latest_only']) retrieved from /home/airflow/.local/lib/python3.7/site-packages/airflow/example_dags/example_latest_only.py
[2023-03-21T17:01:14.588+0000] {logging_mixin.py:137} INFO - [2023-03-21T17:01:14.588+0000] {dag.py:2693} INFO - Sync 1 DAGs
[2023-03-21T17:01:14.612+0000] {logging_mixin.py:137} INFO - [2023-03-21T17:01:14.612+0000] {dag.py:3444} INFO - Setting next_dagrun for latest_only to 2023-03-21T13:01:14.612362+00:00, run_after=2023-03-21T17:01:14.612362+00:00
[2023-03-21T17:01:14.629+0000] {processor.py:175} INFO - Processing /home/airflow/.local/lib/python3.7/site-packages/airflow/example_dags/example_latest_only.py took 0.110 seconds
[2023-03-21T17:01:45.180+0000] {processor.py:153} INFO - Started process (PID=917) to work on /home/airflow/.local/lib/python3.7/site-packages/airflow/example_dags/example_latest_only.py
[2023-03-21T17:01:45.182+0000] {processor.py:743} INFO - Processing file /home/airflow/.local/lib/python3.7/site-packages/airflow/example_dags/example_latest_only.py for tasks to queue
[2023-03-21T17:01:45.183+0000] {logging_mixin.py:137} INFO - [2023-03-21T17:01:45.183+0000] {dagbag.py:532} INFO - Filling up the DagBag from /home/airflow/.local/lib/python3.7/site-packages/airflow/example_dags/example_latest_only.py
[2023-03-21T17:01:45.194+0000] {processor.py:753} INFO - DAG(s) dict_keys(['latest_only']) retrieved from /home/airflow/.local/lib/python3.7/site-packages/airflow/example_dags/example_latest_only.py
[2023-03-21T17:01:45.220+0000] {logging_mixin.py:137} INFO - [2023-03-21T17:01:45.220+0000] {dag.py:2693} INFO - Sync 1 DAGs
[2023-03-21T17:01:45.242+0000] {logging_mixin.py:137} INFO - [2023-03-21T17:01:45.242+0000] {dag.py:3444} INFO - Setting next_dagrun for latest_only to 2023-03-21T13:01:45.241898+00:00, run_after=2023-03-21T17:01:45.241898+00:00
[2023-03-21T17:01:45.256+0000] {processor.py:175} INFO - Processing /home/airflow/.local/lib/python3.7/site-packages/airflow/example_dags/example_latest_only.py took 0.081 seconds
[2023-03-21T17:02:15.835+0000] {processor.py:153} INFO - Started process (PID=967) to work on /home/airflow/.local/lib/python3.7/site-packages/airflow/example_dags/example_latest_only.py
[2023-03-21T17:02:15.838+0000] {processor.py:743} INFO - Processing file /home/airflow/.local/lib/python3.7/site-packages/airflow/example_dags/example_latest_only.py for tasks to queue
[2023-03-21T17:02:15.839+0000] {logging_mixin.py:137} INFO - [2023-03-21T17:02:15.839+0000] {dagbag.py:532} INFO - Filling up the DagBag from /home/airflow/.local/lib/python3.7/site-packages/airflow/example_dags/example_latest_only.py
[2023-03-21T17:02:15.856+0000] {processor.py:753} INFO - DAG(s) dict_keys(['latest_only']) retrieved from /home/airflow/.local/lib/python3.7/site-packages/airflow/example_dags/example_latest_only.py
[2023-03-21T17:02:15.881+0000] {logging_mixin.py:137} INFO - [2023-03-21T17:02:15.881+0000] {dag.py:2693} INFO - Sync 1 DAGs
[2023-03-21T17:02:15.898+0000] {logging_mixin.py:137} INFO - [2023-03-21T17:02:15.898+0000] {dag.py:3444} INFO - Setting next_dagrun for latest_only to 2023-03-21T13:02:15.898564+00:00, run_after=2023-03-21T17:02:15.898564+00:00
[2023-03-21T17:02:15.911+0000] {processor.py:175} INFO - Processing /home/airflow/.local/lib/python3.7/site-packages/airflow/example_dags/example_latest_only.py took 0.083 seconds
[2023-03-21T17:02:46.777+0000] {processor.py:153} INFO - Started process (PID=1017) to work on /home/airflow/.local/lib/python3.7/site-packages/airflow/example_dags/example_latest_only.py
[2023-03-21T17:02:46.779+0000] {processor.py:743} INFO - Processing file /home/airflow/.local/lib/python3.7/site-packages/airflow/example_dags/example_latest_only.py for tasks to queue
[2023-03-21T17:02:46.780+0000] {logging_mixin.py:137} INFO - [2023-03-21T17:02:46.780+0000] {dagbag.py:532} INFO - Filling up the DagBag from /home/airflow/.local/lib/python3.7/site-packages/airflow/example_dags/example_latest_only.py
[2023-03-21T17:02:46.794+0000] {processor.py:753} INFO - DAG(s) dict_keys(['latest_only']) retrieved from /home/airflow/.local/lib/python3.7/site-packages/airflow/example_dags/example_latest_only.py
[2023-03-21T17:02:46.820+0000] {logging_mixin.py:137} INFO - [2023-03-21T17:02:46.820+0000] {dag.py:2693} INFO - Sync 1 DAGs
[2023-03-21T17:02:46.841+0000] {logging_mixin.py:137} INFO - [2023-03-21T17:02:46.841+0000] {dag.py:3444} INFO - Setting next_dagrun for latest_only to 2023-03-21T13:02:46.840953+00:00, run_after=2023-03-21T17:02:46.840953+00:00
[2023-03-21T17:02:46.854+0000] {processor.py:175} INFO - Processing /home/airflow/.local/lib/python3.7/site-packages/airflow/example_dags/example_latest_only.py took 0.081 seconds
[2023-03-21T17:03:17.035+0000] {processor.py:153} INFO - Started process (PID=1067) to work on /home/airflow/.local/lib/python3.7/site-packages/airflow/example_dags/example_latest_only.py
[2023-03-21T17:03:17.037+0000] {processor.py:743} INFO - Processing file /home/airflow/.local/lib/python3.7/site-packages/airflow/example_dags/example_latest_only.py for tasks to queue
[2023-03-21T17:03:17.038+0000] {logging_mixin.py:137} INFO - [2023-03-21T17:03:17.038+0000] {dagbag.py:532} INFO - Filling up the DagBag from /home/airflow/.local/lib/python3.7/site-packages/airflow/example_dags/example_latest_only.py
[2023-03-21T17:03:17.056+0000] {processor.py:753} INFO - DAG(s) dict_keys(['latest_only']) retrieved from /home/airflow/.local/lib/python3.7/site-packages/airflow/example_dags/example_latest_only.py
[2023-03-21T17:03:17.085+0000] {logging_mixin.py:137} INFO - [2023-03-21T17:03:17.085+0000] {dag.py:2693} INFO - Sync 1 DAGs
[2023-03-21T17:03:17.105+0000] {logging_mixin.py:137} INFO - [2023-03-21T17:03:17.105+0000] {dag.py:3444} INFO - Setting next_dagrun for latest_only to 2023-03-21T13:03:17.105049+00:00, run_after=2023-03-21T17:03:17.105049+00:00
[2023-03-21T17:03:17.119+0000] {processor.py:175} INFO - Processing /home/airflow/.local/lib/python3.7/site-packages/airflow/example_dags/example_latest_only.py took 0.093 seconds
[2023-03-21T17:03:47.756+0000] {processor.py:153} INFO - Started process (PID=1117) to work on /home/airflow/.local/lib/python3.7/site-packages/airflow/example_dags/example_latest_only.py
[2023-03-21T17:03:47.758+0000] {processor.py:743} INFO - Processing file /home/airflow/.local/lib/python3.7/site-packages/airflow/example_dags/example_latest_only.py for tasks to queue
[2023-03-21T17:03:47.759+0000] {logging_mixin.py:137} INFO - [2023-03-21T17:03:47.759+0000] {dagbag.py:532} INFO - Filling up the DagBag from /home/airflow/.local/lib/python3.7/site-packages/airflow/example_dags/example_latest_only.py
[2023-03-21T17:03:47.778+0000] {processor.py:753} INFO - DAG(s) dict_keys(['latest_only']) retrieved from /home/airflow/.local/lib/python3.7/site-packages/airflow/example_dags/example_latest_only.py
[2023-03-21T17:03:47.806+0000] {logging_mixin.py:137} INFO - [2023-03-21T17:03:47.806+0000] {dag.py:2693} INFO - Sync 1 DAGs
[2023-03-21T17:03:47.832+0000] {logging_mixin.py:137} INFO - [2023-03-21T17:03:47.832+0000] {dag.py:3444} INFO - Setting next_dagrun for latest_only to 2023-03-21T13:03:47.832227+00:00, run_after=2023-03-21T17:03:47.832227+00:00
[2023-03-21T17:03:47.850+0000] {processor.py:175} INFO - Processing /home/airflow/.local/lib/python3.7/site-packages/airflow/example_dags/example_latest_only.py took 0.104 seconds
[2023-03-21T17:04:18.667+0000] {processor.py:153} INFO - Started process (PID=1167) to work on /home/airflow/.local/lib/python3.7/site-packages/airflow/example_dags/example_latest_only.py
[2023-03-21T17:04:18.669+0000] {processor.py:743} INFO - Processing file /home/airflow/.local/lib/python3.7/site-packages/airflow/example_dags/example_latest_only.py for tasks to queue
[2023-03-21T17:04:18.670+0000] {logging_mixin.py:137} INFO - [2023-03-21T17:04:18.670+0000] {dagbag.py:532} INFO - Filling up the DagBag from /home/airflow/.local/lib/python3.7/site-packages/airflow/example_dags/example_latest_only.py
[2023-03-21T17:04:18.690+0000] {processor.py:753} INFO - DAG(s) dict_keys(['latest_only']) retrieved from /home/airflow/.local/lib/python3.7/site-packages/airflow/example_dags/example_latest_only.py
[2023-03-21T17:04:18.733+0000] {logging_mixin.py:137} INFO - [2023-03-21T17:04:18.733+0000] {dag.py:2693} INFO - Sync 1 DAGs
[2023-03-21T17:04:18.784+0000] {logging_mixin.py:137} INFO - [2023-03-21T17:04:18.784+0000] {dag.py:3444} INFO - Setting next_dagrun for latest_only to 2023-03-21T13:04:18.784480+00:00, run_after=2023-03-21T17:04:18.784480+00:00
[2023-03-21T17:04:18.800+0000] {processor.py:175} INFO - Processing /home/airflow/.local/lib/python3.7/site-packages/airflow/example_dags/example_latest_only.py took 0.136 seconds
[2023-03-21T17:04:49.244+0000] {processor.py:153} INFO - Started process (PID=1223) to work on /home/airflow/.local/lib/python3.7/site-packages/airflow/example_dags/example_latest_only.py
[2023-03-21T17:04:49.246+0000] {processor.py:743} INFO - Processing file /home/airflow/.local/lib/python3.7/site-packages/airflow/example_dags/example_latest_only.py for tasks to queue
[2023-03-21T17:04:49.248+0000] {logging_mixin.py:137} INFO - [2023-03-21T17:04:49.247+0000] {dagbag.py:532} INFO - Filling up the DagBag from /home/airflow/.local/lib/python3.7/site-packages/airflow/example_dags/example_latest_only.py
[2023-03-21T17:04:49.262+0000] {processor.py:753} INFO - DAG(s) dict_keys(['latest_only']) retrieved from /home/airflow/.local/lib/python3.7/site-packages/airflow/example_dags/example_latest_only.py
[2023-03-21T17:04:49.291+0000] {logging_mixin.py:137} INFO - [2023-03-21T17:04:49.291+0000] {dag.py:2693} INFO - Sync 1 DAGs
[2023-03-21T17:04:49.310+0000] {logging_mixin.py:137} INFO - [2023-03-21T17:04:49.310+0000] {dag.py:3444} INFO - Setting next_dagrun for latest_only to 2023-03-21T13:04:49.310139+00:00, run_after=2023-03-21T17:04:49.310139+00:00
[2023-03-21T17:04:49.322+0000] {processor.py:175} INFO - Processing /home/airflow/.local/lib/python3.7/site-packages/airflow/example_dags/example_latest_only.py took 0.082 seconds
[2023-03-21T17:05:20.132+0000] {processor.py:153} INFO - Started process (PID=1272) to work on /home/airflow/.local/lib/python3.7/site-packages/airflow/example_dags/example_latest_only.py
[2023-03-21T17:05:20.135+0000] {processor.py:743} INFO - Processing file /home/airflow/.local/lib/python3.7/site-packages/airflow/example_dags/example_latest_only.py for tasks to queue
[2023-03-21T17:05:20.137+0000] {logging_mixin.py:137} INFO - [2023-03-21T17:05:20.137+0000] {dagbag.py:532} INFO - Filling up the DagBag from /home/airflow/.local/lib/python3.7/site-packages/airflow/example_dags/example_latest_only.py
[2023-03-21T17:05:20.151+0000] {processor.py:753} INFO - DAG(s) dict_keys(['latest_only']) retrieved from /home/airflow/.local/lib/python3.7/site-packages/airflow/example_dags/example_latest_only.py
[2023-03-21T17:05:20.177+0000] {logging_mixin.py:137} INFO - [2023-03-21T17:05:20.177+0000] {dag.py:2693} INFO - Sync 1 DAGs
[2023-03-21T17:05:20.196+0000] {logging_mixin.py:137} INFO - [2023-03-21T17:05:20.196+0000] {dag.py:3444} INFO - Setting next_dagrun for latest_only to 2023-03-21T13:05:20.196059+00:00, run_after=2023-03-21T17:05:20.196059+00:00
[2023-03-21T17:05:20.209+0000] {processor.py:175} INFO - Processing /home/airflow/.local/lib/python3.7/site-packages/airflow/example_dags/example_latest_only.py took 0.084 seconds
[2023-03-21T17:05:50.827+0000] {processor.py:153} INFO - Started process (PID=1322) to work on /home/airflow/.local/lib/python3.7/site-packages/airflow/example_dags/example_latest_only.py
[2023-03-21T17:05:50.831+0000] {processor.py:743} INFO - Processing file /home/airflow/.local/lib/python3.7/site-packages/airflow/example_dags/example_latest_only.py for tasks to queue
[2023-03-21T17:05:50.833+0000] {logging_mixin.py:137} INFO - [2023-03-21T17:05:50.832+0000] {dagbag.py:532} INFO - Filling up the DagBag from /home/airflow/.local/lib/python3.7/site-packages/airflow/example_dags/example_latest_only.py
[2023-03-21T17:05:50.856+0000] {processor.py:753} INFO - DAG(s) dict_keys(['latest_only']) retrieved from /home/airflow/.local/lib/python3.7/site-packages/airflow/example_dags/example_latest_only.py
[2023-03-21T17:05:50.906+0000] {logging_mixin.py:137} INFO - [2023-03-21T17:05:50.906+0000] {dag.py:2693} INFO - Sync 1 DAGs
[2023-03-21T17:05:50.933+0000] {logging_mixin.py:137} INFO - [2023-03-21T17:05:50.933+0000] {dag.py:3444} INFO - Setting next_dagrun for latest_only to 2023-03-21T13:05:50.933485+00:00, run_after=2023-03-21T17:05:50.933485+00:00
[2023-03-21T17:05:50.950+0000] {processor.py:175} INFO - Processing /home/airflow/.local/lib/python3.7/site-packages/airflow/example_dags/example_latest_only.py took 0.134 seconds
[2023-03-21T17:06:21.670+0000] {processor.py:153} INFO - Started process (PID=1372) to work on /home/airflow/.local/lib/python3.7/site-packages/airflow/example_dags/example_latest_only.py
[2023-03-21T17:06:21.672+0000] {processor.py:743} INFO - Processing file /home/airflow/.local/lib/python3.7/site-packages/airflow/example_dags/example_latest_only.py for tasks to queue
[2023-03-21T17:06:21.673+0000] {logging_mixin.py:137} INFO - [2023-03-21T17:06:21.673+0000] {dagbag.py:532} INFO - Filling up the DagBag from /home/airflow/.local/lib/python3.7/site-packages/airflow/example_dags/example_latest_only.py
[2023-03-21T17:06:21.708+0000] {processor.py:753} INFO - DAG(s) dict_keys(['latest_only']) retrieved from /home/airflow/.local/lib/python3.7/site-packages/airflow/example_dags/example_latest_only.py
[2023-03-21T17:06:21.744+0000] {logging_mixin.py:137} INFO - [2023-03-21T17:06:21.743+0000] {dag.py:2693} INFO - Sync 1 DAGs
[2023-03-21T17:06:21.770+0000] {logging_mixin.py:137} INFO - [2023-03-21T17:06:21.770+0000] {dag.py:3444} INFO - Setting next_dagrun for latest_only to 2023-03-21T13:06:21.769846+00:00, run_after=2023-03-21T17:06:21.769846+00:00
[2023-03-21T17:06:21.786+0000] {processor.py:175} INFO - Processing /home/airflow/.local/lib/python3.7/site-packages/airflow/example_dags/example_latest_only.py took 0.123 seconds
[2023-03-21T17:06:52.500+0000] {processor.py:153} INFO - Started process (PID=1422) to work on /home/airflow/.local/lib/python3.7/site-packages/airflow/example_dags/example_latest_only.py
[2023-03-21T17:06:52.502+0000] {processor.py:743} INFO - Processing file /home/airflow/.local/lib/python3.7/site-packages/airflow/example_dags/example_latest_only.py for tasks to queue
[2023-03-21T17:06:52.503+0000] {logging_mixin.py:137} INFO - [2023-03-21T17:06:52.503+0000] {dagbag.py:532} INFO - Filling up the DagBag from /home/airflow/.local/lib/python3.7/site-packages/airflow/example_dags/example_latest_only.py
[2023-03-21T17:06:52.520+0000] {processor.py:753} INFO - DAG(s) dict_keys(['latest_only']) retrieved from /home/airflow/.local/lib/python3.7/site-packages/airflow/example_dags/example_latest_only.py
[2023-03-21T17:06:52.549+0000] {logging_mixin.py:137} INFO - [2023-03-21T17:06:52.548+0000] {dag.py:2693} INFO - Sync 1 DAGs
[2023-03-21T17:06:52.568+0000] {logging_mixin.py:137} INFO - [2023-03-21T17:06:52.568+0000] {dag.py:3444} INFO - Setting next_dagrun for latest_only to 2023-03-21T13:06:52.568013+00:00, run_after=2023-03-21T17:06:52.568013+00:00
[2023-03-21T17:06:52.580+0000] {processor.py:175} INFO - Processing /home/airflow/.local/lib/python3.7/site-packages/airflow/example_dags/example_latest_only.py took 0.086 seconds
[2023-03-21T17:16:18.431+0000] {processor.py:153} INFO - Started process (PID=63) to work on /home/airflow/.local/lib/python3.7/site-packages/airflow/example_dags/example_latest_only.py
[2023-03-21T17:16:18.434+0000] {processor.py:743} INFO - Processing file /home/airflow/.local/lib/python3.7/site-packages/airflow/example_dags/example_latest_only.py for tasks to queue
[2023-03-21T17:16:18.436+0000] {logging_mixin.py:137} INFO - [2023-03-21T17:16:18.436+0000] {dagbag.py:532} INFO - Filling up the DagBag from /home/airflow/.local/lib/python3.7/site-packages/airflow/example_dags/example_latest_only.py
[2023-03-21T17:16:18.464+0000] {processor.py:753} INFO - DAG(s) dict_keys(['latest_only']) retrieved from /home/airflow/.local/lib/python3.7/site-packages/airflow/example_dags/example_latest_only.py
[2023-03-21T17:16:18.506+0000] {logging_mixin.py:137} INFO - [2023-03-21T17:16:18.506+0000] {dag.py:2693} INFO - Sync 1 DAGs
[2023-03-21T17:16:18.564+0000] {logging_mixin.py:137} INFO - [2023-03-21T17:16:18.564+0000] {dag.py:3444} INFO - Setting next_dagrun for latest_only to 2023-03-21T13:16:18.562510+00:00, run_after=2023-03-21T17:16:18.562510+00:00
[2023-03-21T17:16:18.599+0000] {processor.py:175} INFO - Processing /home/airflow/.local/lib/python3.7/site-packages/airflow/example_dags/example_latest_only.py took 0.174 seconds
[2023-03-21T17:16:49.570+0000] {processor.py:153} INFO - Started process (PID=113) to work on /home/airflow/.local/lib/python3.7/site-packages/airflow/example_dags/example_latest_only.py
[2023-03-21T17:16:49.572+0000] {processor.py:743} INFO - Processing file /home/airflow/.local/lib/python3.7/site-packages/airflow/example_dags/example_latest_only.py for tasks to queue
[2023-03-21T17:16:49.573+0000] {logging_mixin.py:137} INFO - [2023-03-21T17:16:49.573+0000] {dagbag.py:532} INFO - Filling up the DagBag from /home/airflow/.local/lib/python3.7/site-packages/airflow/example_dags/example_latest_only.py
[2023-03-21T17:16:49.583+0000] {processor.py:753} INFO - DAG(s) dict_keys(['latest_only']) retrieved from /home/airflow/.local/lib/python3.7/site-packages/airflow/example_dags/example_latest_only.py
[2023-03-21T17:16:49.605+0000] {logging_mixin.py:137} INFO - [2023-03-21T17:16:49.605+0000] {dag.py:2693} INFO - Sync 1 DAGs
[2023-03-21T17:16:49.626+0000] {logging_mixin.py:137} INFO - [2023-03-21T17:16:49.626+0000] {dag.py:3444} INFO - Setting next_dagrun for latest_only to 2023-03-21T13:16:49.626360+00:00, run_after=2023-03-21T17:16:49.626360+00:00
[2023-03-21T17:16:49.643+0000] {processor.py:175} INFO - Processing /home/airflow/.local/lib/python3.7/site-packages/airflow/example_dags/example_latest_only.py took 0.076 seconds
[2023-03-21T17:17:23.121+0000] {processor.py:153} INFO - Started process (PID=163) to work on /home/airflow/.local/lib/python3.7/site-packages/airflow/example_dags/example_latest_only.py
[2023-03-21T17:17:23.122+0000] {processor.py:743} INFO - Processing file /home/airflow/.local/lib/python3.7/site-packages/airflow/example_dags/example_latest_only.py for tasks to queue
[2023-03-21T17:17:23.124+0000] {logging_mixin.py:137} INFO - [2023-03-21T17:17:23.123+0000] {dagbag.py:532} INFO - Filling up the DagBag from /home/airflow/.local/lib/python3.7/site-packages/airflow/example_dags/example_latest_only.py
[2023-03-21T17:17:23.134+0000] {processor.py:753} INFO - DAG(s) dict_keys(['latest_only']) retrieved from /home/airflow/.local/lib/python3.7/site-packages/airflow/example_dags/example_latest_only.py
[2023-03-21T17:17:23.159+0000] {logging_mixin.py:137} INFO - [2023-03-21T17:17:23.159+0000] {dag.py:2693} INFO - Sync 1 DAGs
[2023-03-21T17:17:23.181+0000] {logging_mixin.py:137} INFO - [2023-03-21T17:17:23.181+0000] {dag.py:3444} INFO - Setting next_dagrun for latest_only to 2023-03-21T13:17:23.181195+00:00, run_after=2023-03-21T17:17:23.181195+00:00
[2023-03-21T17:17:23.196+0000] {processor.py:175} INFO - Processing /home/airflow/.local/lib/python3.7/site-packages/airflow/example_dags/example_latest_only.py took 0.078 seconds
[2023-03-21T17:17:53.791+0000] {processor.py:153} INFO - Started process (PID=212) to work on /home/airflow/.local/lib/python3.7/site-packages/airflow/example_dags/example_latest_only.py
[2023-03-21T17:17:53.793+0000] {processor.py:743} INFO - Processing file /home/airflow/.local/lib/python3.7/site-packages/airflow/example_dags/example_latest_only.py for tasks to queue
[2023-03-21T17:17:53.794+0000] {logging_mixin.py:137} INFO - [2023-03-21T17:17:53.794+0000] {dagbag.py:532} INFO - Filling up the DagBag from /home/airflow/.local/lib/python3.7/site-packages/airflow/example_dags/example_latest_only.py
[2023-03-21T17:17:53.806+0000] {processor.py:753} INFO - DAG(s) dict_keys(['latest_only']) retrieved from /home/airflow/.local/lib/python3.7/site-packages/airflow/example_dags/example_latest_only.py
[2023-03-21T17:17:53.833+0000] {logging_mixin.py:137} INFO - [2023-03-21T17:17:53.833+0000] {dag.py:2693} INFO - Sync 1 DAGs
[2023-03-21T17:17:53.852+0000] {logging_mixin.py:137} INFO - [2023-03-21T17:17:53.852+0000] {dag.py:3444} INFO - Setting next_dagrun for latest_only to 2023-03-21T13:17:53.852454+00:00, run_after=2023-03-21T17:17:53.852454+00:00
[2023-03-21T17:17:53.865+0000] {processor.py:175} INFO - Processing /home/airflow/.local/lib/python3.7/site-packages/airflow/example_dags/example_latest_only.py took 0.078 seconds
