[2023-03-21T15:25:53.638+0000] {processor.py:153} INFO - Started process (PID=50) to work on /home/airflow/.local/lib/python3.7/site-packages/airflow/example_dags/tutorial_dag.py
[2023-03-21T15:25:53.639+0000] {processor.py:743} INFO - Processing file /home/airflow/.local/lib/python3.7/site-packages/airflow/example_dags/tutorial_dag.py for tasks to queue
[2023-03-21T15:25:53.640+0000] {logging_mixin.py:137} INFO - [2023-03-21T15:25:53.640+0000] {dagbag.py:532} INFO - Filling up the DagBag from /home/airflow/.local/lib/python3.7/site-packages/airflow/example_dags/tutorial_dag.py
[2023-03-21T15:25:53.655+0000] {processor.py:753} INFO - DAG(s) dict_keys(['tutorial_dag']) retrieved from /home/airflow/.local/lib/python3.7/site-packages/airflow/example_dags/tutorial_dag.py
[2023-03-21T15:25:53.670+0000] {logging_mixin.py:137} INFO - [2023-03-21T15:25:53.670+0000] {dag.py:2693} INFO - Sync 1 DAGs
[2023-03-21T15:25:53.705+0000] {logging_mixin.py:137} INFO - [2023-03-21T15:25:53.705+0000] {dag.py:3444} INFO - Setting next_dagrun for tutorial_dag to None, run_after=None
[2023-03-21T15:25:53.732+0000] {processor.py:175} INFO - Processing /home/airflow/.local/lib/python3.7/site-packages/airflow/example_dags/tutorial_dag.py took 0.097 seconds
[2023-03-21T15:26:23.892+0000] {processor.py:153} INFO - Started process (PID=99) to work on /home/airflow/.local/lib/python3.7/site-packages/airflow/example_dags/tutorial_dag.py
[2023-03-21T15:26:23.893+0000] {processor.py:743} INFO - Processing file /home/airflow/.local/lib/python3.7/site-packages/airflow/example_dags/tutorial_dag.py for tasks to queue
[2023-03-21T15:26:23.894+0000] {logging_mixin.py:137} INFO - [2023-03-21T15:26:23.894+0000] {dagbag.py:532} INFO - Filling up the DagBag from /home/airflow/.local/lib/python3.7/site-packages/airflow/example_dags/tutorial_dag.py
[2023-03-21T15:26:23.903+0000] {processor.py:753} INFO - DAG(s) dict_keys(['tutorial_dag']) retrieved from /home/airflow/.local/lib/python3.7/site-packages/airflow/example_dags/tutorial_dag.py
[2023-03-21T15:26:23.923+0000] {logging_mixin.py:137} INFO - [2023-03-21T15:26:23.923+0000] {dag.py:2693} INFO - Sync 1 DAGs
[2023-03-21T15:26:23.941+0000] {logging_mixin.py:137} INFO - [2023-03-21T15:26:23.941+0000] {dag.py:3444} INFO - Setting next_dagrun for tutorial_dag to None, run_after=None
[2023-03-21T15:26:23.952+0000] {processor.py:175} INFO - Processing /home/airflow/.local/lib/python3.7/site-packages/airflow/example_dags/tutorial_dag.py took 0.063 seconds
[2023-03-21T15:26:54.420+0000] {processor.py:153} INFO - Started process (PID=148) to work on /home/airflow/.local/lib/python3.7/site-packages/airflow/example_dags/tutorial_dag.py
[2023-03-21T15:26:54.421+0000] {processor.py:743} INFO - Processing file /home/airflow/.local/lib/python3.7/site-packages/airflow/example_dags/tutorial_dag.py for tasks to queue
[2023-03-21T15:26:54.422+0000] {logging_mixin.py:137} INFO - [2023-03-21T15:26:54.422+0000] {dagbag.py:532} INFO - Filling up the DagBag from /home/airflow/.local/lib/python3.7/site-packages/airflow/example_dags/tutorial_dag.py
[2023-03-21T15:26:54.432+0000] {processor.py:753} INFO - DAG(s) dict_keys(['tutorial_dag']) retrieved from /home/airflow/.local/lib/python3.7/site-packages/airflow/example_dags/tutorial_dag.py
[2023-03-21T15:26:54.454+0000] {logging_mixin.py:137} INFO - [2023-03-21T15:26:54.454+0000] {dag.py:2693} INFO - Sync 1 DAGs
[2023-03-21T15:26:54.469+0000] {logging_mixin.py:137} INFO - [2023-03-21T15:26:54.469+0000] {dag.py:3444} INFO - Setting next_dagrun for tutorial_dag to None, run_after=None
[2023-03-21T15:26:54.481+0000] {processor.py:175} INFO - Processing /home/airflow/.local/lib/python3.7/site-packages/airflow/example_dags/tutorial_dag.py took 0.064 seconds
[2023-03-21T15:27:25.293+0000] {processor.py:153} INFO - Started process (PID=197) to work on /home/airflow/.local/lib/python3.7/site-packages/airflow/example_dags/tutorial_dag.py
[2023-03-21T15:27:25.294+0000] {processor.py:743} INFO - Processing file /home/airflow/.local/lib/python3.7/site-packages/airflow/example_dags/tutorial_dag.py for tasks to queue
[2023-03-21T15:27:25.295+0000] {logging_mixin.py:137} INFO - [2023-03-21T15:27:25.295+0000] {dagbag.py:532} INFO - Filling up the DagBag from /home/airflow/.local/lib/python3.7/site-packages/airflow/example_dags/tutorial_dag.py
[2023-03-21T15:27:25.304+0000] {processor.py:753} INFO - DAG(s) dict_keys(['tutorial_dag']) retrieved from /home/airflow/.local/lib/python3.7/site-packages/airflow/example_dags/tutorial_dag.py
[2023-03-21T15:27:25.323+0000] {logging_mixin.py:137} INFO - [2023-03-21T15:27:25.323+0000] {dag.py:2693} INFO - Sync 1 DAGs
[2023-03-21T15:27:25.338+0000] {logging_mixin.py:137} INFO - [2023-03-21T15:27:25.338+0000] {dag.py:3444} INFO - Setting next_dagrun for tutorial_dag to None, run_after=None
[2023-03-21T15:27:25.349+0000] {processor.py:175} INFO - Processing /home/airflow/.local/lib/python3.7/site-packages/airflow/example_dags/tutorial_dag.py took 0.059 seconds
[2023-03-21T15:27:55.590+0000] {processor.py:153} INFO - Started process (PID=246) to work on /home/airflow/.local/lib/python3.7/site-packages/airflow/example_dags/tutorial_dag.py
[2023-03-21T15:27:55.591+0000] {processor.py:743} INFO - Processing file /home/airflow/.local/lib/python3.7/site-packages/airflow/example_dags/tutorial_dag.py for tasks to queue
[2023-03-21T15:27:55.591+0000] {logging_mixin.py:137} INFO - [2023-03-21T15:27:55.591+0000] {dagbag.py:532} INFO - Filling up the DagBag from /home/airflow/.local/lib/python3.7/site-packages/airflow/example_dags/tutorial_dag.py
[2023-03-21T15:27:55.600+0000] {processor.py:753} INFO - DAG(s) dict_keys(['tutorial_dag']) retrieved from /home/airflow/.local/lib/python3.7/site-packages/airflow/example_dags/tutorial_dag.py
[2023-03-21T15:27:55.619+0000] {logging_mixin.py:137} INFO - [2023-03-21T15:27:55.619+0000] {dag.py:2693} INFO - Sync 1 DAGs
[2023-03-21T15:27:55.634+0000] {logging_mixin.py:137} INFO - [2023-03-21T15:27:55.634+0000] {dag.py:3444} INFO - Setting next_dagrun for tutorial_dag to None, run_after=None
[2023-03-21T15:27:55.644+0000] {processor.py:175} INFO - Processing /home/airflow/.local/lib/python3.7/site-packages/airflow/example_dags/tutorial_dag.py took 0.057 seconds
[2023-03-21T15:28:26.021+0000] {processor.py:153} INFO - Started process (PID=295) to work on /home/airflow/.local/lib/python3.7/site-packages/airflow/example_dags/tutorial_dag.py
[2023-03-21T15:28:26.022+0000] {processor.py:743} INFO - Processing file /home/airflow/.local/lib/python3.7/site-packages/airflow/example_dags/tutorial_dag.py for tasks to queue
[2023-03-21T15:28:26.023+0000] {logging_mixin.py:137} INFO - [2023-03-21T15:28:26.023+0000] {dagbag.py:532} INFO - Filling up the DagBag from /home/airflow/.local/lib/python3.7/site-packages/airflow/example_dags/tutorial_dag.py
[2023-03-21T15:28:26.033+0000] {processor.py:753} INFO - DAG(s) dict_keys(['tutorial_dag']) retrieved from /home/airflow/.local/lib/python3.7/site-packages/airflow/example_dags/tutorial_dag.py
[2023-03-21T15:28:26.052+0000] {logging_mixin.py:137} INFO - [2023-03-21T15:28:26.052+0000] {dag.py:2693} INFO - Sync 1 DAGs
[2023-03-21T15:28:26.067+0000] {logging_mixin.py:137} INFO - [2023-03-21T15:28:26.067+0000] {dag.py:3444} INFO - Setting next_dagrun for tutorial_dag to None, run_after=None
[2023-03-21T15:28:26.077+0000] {processor.py:175} INFO - Processing /home/airflow/.local/lib/python3.7/site-packages/airflow/example_dags/tutorial_dag.py took 0.059 seconds
[2023-03-21T15:28:56.365+0000] {processor.py:153} INFO - Started process (PID=344) to work on /home/airflow/.local/lib/python3.7/site-packages/airflow/example_dags/tutorial_dag.py
[2023-03-21T15:28:56.366+0000] {processor.py:743} INFO - Processing file /home/airflow/.local/lib/python3.7/site-packages/airflow/example_dags/tutorial_dag.py for tasks to queue
[2023-03-21T15:28:56.367+0000] {logging_mixin.py:137} INFO - [2023-03-21T15:28:56.367+0000] {dagbag.py:532} INFO - Filling up the DagBag from /home/airflow/.local/lib/python3.7/site-packages/airflow/example_dags/tutorial_dag.py
[2023-03-21T15:28:56.377+0000] {processor.py:753} INFO - DAG(s) dict_keys(['tutorial_dag']) retrieved from /home/airflow/.local/lib/python3.7/site-packages/airflow/example_dags/tutorial_dag.py
[2023-03-21T15:28:56.397+0000] {logging_mixin.py:137} INFO - [2023-03-21T15:28:56.396+0000] {dag.py:2693} INFO - Sync 1 DAGs
[2023-03-21T15:28:56.412+0000] {logging_mixin.py:137} INFO - [2023-03-21T15:28:56.412+0000] {dag.py:3444} INFO - Setting next_dagrun for tutorial_dag to None, run_after=None
[2023-03-21T15:28:56.422+0000] {processor.py:175} INFO - Processing /home/airflow/.local/lib/python3.7/site-packages/airflow/example_dags/tutorial_dag.py took 0.059 seconds
[2023-03-21T15:29:26.677+0000] {processor.py:153} INFO - Started process (PID=393) to work on /home/airflow/.local/lib/python3.7/site-packages/airflow/example_dags/tutorial_dag.py
[2023-03-21T15:29:26.679+0000] {processor.py:743} INFO - Processing file /home/airflow/.local/lib/python3.7/site-packages/airflow/example_dags/tutorial_dag.py for tasks to queue
[2023-03-21T15:29:26.679+0000] {logging_mixin.py:137} INFO - [2023-03-21T15:29:26.679+0000] {dagbag.py:532} INFO - Filling up the DagBag from /home/airflow/.local/lib/python3.7/site-packages/airflow/example_dags/tutorial_dag.py
[2023-03-21T15:29:26.689+0000] {processor.py:753} INFO - DAG(s) dict_keys(['tutorial_dag']) retrieved from /home/airflow/.local/lib/python3.7/site-packages/airflow/example_dags/tutorial_dag.py
[2023-03-21T15:29:26.709+0000] {logging_mixin.py:137} INFO - [2023-03-21T15:29:26.709+0000] {dag.py:2693} INFO - Sync 1 DAGs
[2023-03-21T15:29:26.725+0000] {logging_mixin.py:137} INFO - [2023-03-21T15:29:26.725+0000] {dag.py:3444} INFO - Setting next_dagrun for tutorial_dag to None, run_after=None
[2023-03-21T15:29:26.736+0000] {processor.py:175} INFO - Processing /home/airflow/.local/lib/python3.7/site-packages/airflow/example_dags/tutorial_dag.py took 0.062 seconds
[2023-03-21T15:29:57.063+0000] {processor.py:153} INFO - Started process (PID=442) to work on /home/airflow/.local/lib/python3.7/site-packages/airflow/example_dags/tutorial_dag.py
[2023-03-21T15:29:57.065+0000] {processor.py:743} INFO - Processing file /home/airflow/.local/lib/python3.7/site-packages/airflow/example_dags/tutorial_dag.py for tasks to queue
[2023-03-21T15:29:57.066+0000] {logging_mixin.py:137} INFO - [2023-03-21T15:29:57.066+0000] {dagbag.py:532} INFO - Filling up the DagBag from /home/airflow/.local/lib/python3.7/site-packages/airflow/example_dags/tutorial_dag.py
[2023-03-21T15:29:57.077+0000] {processor.py:753} INFO - DAG(s) dict_keys(['tutorial_dag']) retrieved from /home/airflow/.local/lib/python3.7/site-packages/airflow/example_dags/tutorial_dag.py
[2023-03-21T15:29:57.100+0000] {logging_mixin.py:137} INFO - [2023-03-21T15:29:57.100+0000] {dag.py:2693} INFO - Sync 1 DAGs
[2023-03-21T15:29:57.123+0000] {logging_mixin.py:137} INFO - [2023-03-21T15:29:57.123+0000] {dag.py:3444} INFO - Setting next_dagrun for tutorial_dag to None, run_after=None
[2023-03-21T15:29:57.139+0000] {processor.py:175} INFO - Processing /home/airflow/.local/lib/python3.7/site-packages/airflow/example_dags/tutorial_dag.py took 0.089 seconds
[2023-03-21T15:30:27.531+0000] {processor.py:153} INFO - Started process (PID=491) to work on /home/airflow/.local/lib/python3.7/site-packages/airflow/example_dags/tutorial_dag.py
[2023-03-21T15:30:27.532+0000] {processor.py:743} INFO - Processing file /home/airflow/.local/lib/python3.7/site-packages/airflow/example_dags/tutorial_dag.py for tasks to queue
[2023-03-21T15:30:27.532+0000] {logging_mixin.py:137} INFO - [2023-03-21T15:30:27.532+0000] {dagbag.py:532} INFO - Filling up the DagBag from /home/airflow/.local/lib/python3.7/site-packages/airflow/example_dags/tutorial_dag.py
[2023-03-21T15:30:27.542+0000] {processor.py:753} INFO - DAG(s) dict_keys(['tutorial_dag']) retrieved from /home/airflow/.local/lib/python3.7/site-packages/airflow/example_dags/tutorial_dag.py
[2023-03-21T15:30:27.563+0000] {logging_mixin.py:137} INFO - [2023-03-21T15:30:27.563+0000] {dag.py:2693} INFO - Sync 1 DAGs
[2023-03-21T15:30:27.579+0000] {logging_mixin.py:137} INFO - [2023-03-21T15:30:27.579+0000] {dag.py:3444} INFO - Setting next_dagrun for tutorial_dag to None, run_after=None
[2023-03-21T15:30:27.591+0000] {processor.py:175} INFO - Processing /home/airflow/.local/lib/python3.7/site-packages/airflow/example_dags/tutorial_dag.py took 0.063 seconds
[2023-03-21T15:30:58.102+0000] {processor.py:153} INFO - Started process (PID=540) to work on /home/airflow/.local/lib/python3.7/site-packages/airflow/example_dags/tutorial_dag.py
[2023-03-21T15:30:58.103+0000] {processor.py:743} INFO - Processing file /home/airflow/.local/lib/python3.7/site-packages/airflow/example_dags/tutorial_dag.py for tasks to queue
[2023-03-21T15:30:58.104+0000] {logging_mixin.py:137} INFO - [2023-03-21T15:30:58.104+0000] {dagbag.py:532} INFO - Filling up the DagBag from /home/airflow/.local/lib/python3.7/site-packages/airflow/example_dags/tutorial_dag.py
[2023-03-21T15:30:58.113+0000] {processor.py:753} INFO - DAG(s) dict_keys(['tutorial_dag']) retrieved from /home/airflow/.local/lib/python3.7/site-packages/airflow/example_dags/tutorial_dag.py
[2023-03-21T15:30:58.134+0000] {logging_mixin.py:137} INFO - [2023-03-21T15:30:58.134+0000] {dag.py:2693} INFO - Sync 1 DAGs
[2023-03-21T15:30:58.149+0000] {logging_mixin.py:137} INFO - [2023-03-21T15:30:58.149+0000] {dag.py:3444} INFO - Setting next_dagrun for tutorial_dag to None, run_after=None
[2023-03-21T15:30:58.160+0000] {processor.py:175} INFO - Processing /home/airflow/.local/lib/python3.7/site-packages/airflow/example_dags/tutorial_dag.py took 0.061 seconds
[2023-03-21T15:31:28.423+0000] {processor.py:153} INFO - Started process (PID=588) to work on /home/airflow/.local/lib/python3.7/site-packages/airflow/example_dags/tutorial_dag.py
[2023-03-21T15:31:28.424+0000] {processor.py:743} INFO - Processing file /home/airflow/.local/lib/python3.7/site-packages/airflow/example_dags/tutorial_dag.py for tasks to queue
[2023-03-21T15:31:28.425+0000] {logging_mixin.py:137} INFO - [2023-03-21T15:31:28.425+0000] {dagbag.py:532} INFO - Filling up the DagBag from /home/airflow/.local/lib/python3.7/site-packages/airflow/example_dags/tutorial_dag.py
[2023-03-21T15:31:28.434+0000] {processor.py:753} INFO - DAG(s) dict_keys(['tutorial_dag']) retrieved from /home/airflow/.local/lib/python3.7/site-packages/airflow/example_dags/tutorial_dag.py
[2023-03-21T15:31:28.454+0000] {logging_mixin.py:137} INFO - [2023-03-21T15:31:28.454+0000] {dag.py:2693} INFO - Sync 1 DAGs
[2023-03-21T15:31:28.470+0000] {logging_mixin.py:137} INFO - [2023-03-21T15:31:28.470+0000] {dag.py:3444} INFO - Setting next_dagrun for tutorial_dag to None, run_after=None
[2023-03-21T15:31:28.482+0000] {processor.py:175} INFO - Processing /home/airflow/.local/lib/python3.7/site-packages/airflow/example_dags/tutorial_dag.py took 0.062 seconds
[2023-03-21T15:31:58.865+0000] {processor.py:153} INFO - Started process (PID=637) to work on /home/airflow/.local/lib/python3.7/site-packages/airflow/example_dags/tutorial_dag.py
[2023-03-21T15:31:58.866+0000] {processor.py:743} INFO - Processing file /home/airflow/.local/lib/python3.7/site-packages/airflow/example_dags/tutorial_dag.py for tasks to queue
[2023-03-21T15:31:58.867+0000] {logging_mixin.py:137} INFO - [2023-03-21T15:31:58.867+0000] {dagbag.py:532} INFO - Filling up the DagBag from /home/airflow/.local/lib/python3.7/site-packages/airflow/example_dags/tutorial_dag.py
[2023-03-21T15:31:58.877+0000] {processor.py:753} INFO - DAG(s) dict_keys(['tutorial_dag']) retrieved from /home/airflow/.local/lib/python3.7/site-packages/airflow/example_dags/tutorial_dag.py
[2023-03-21T15:31:58.898+0000] {logging_mixin.py:137} INFO - [2023-03-21T15:31:58.898+0000] {dag.py:2693} INFO - Sync 1 DAGs
[2023-03-21T15:31:58.916+0000] {logging_mixin.py:137} INFO - [2023-03-21T15:31:58.915+0000] {dag.py:3444} INFO - Setting next_dagrun for tutorial_dag to None, run_after=None
[2023-03-21T15:31:58.927+0000] {processor.py:175} INFO - Processing /home/airflow/.local/lib/python3.7/site-packages/airflow/example_dags/tutorial_dag.py took 0.064 seconds
[2023-03-21T16:52:55.504+0000] {processor.py:153} INFO - Started process (PID=51) to work on /home/airflow/.local/lib/python3.7/site-packages/airflow/example_dags/tutorial_dag.py
[2023-03-21T16:52:55.506+0000] {processor.py:743} INFO - Processing file /home/airflow/.local/lib/python3.7/site-packages/airflow/example_dags/tutorial_dag.py for tasks to queue
[2023-03-21T16:52:55.510+0000] {logging_mixin.py:137} INFO - [2023-03-21T16:52:55.510+0000] {dagbag.py:532} INFO - Filling up the DagBag from /home/airflow/.local/lib/python3.7/site-packages/airflow/example_dags/tutorial_dag.py
[2023-03-21T16:52:55.535+0000] {processor.py:753} INFO - DAG(s) dict_keys(['tutorial_dag']) retrieved from /home/airflow/.local/lib/python3.7/site-packages/airflow/example_dags/tutorial_dag.py
[2023-03-21T16:52:55.549+0000] {logging_mixin.py:137} INFO - [2023-03-21T16:52:55.549+0000] {dag.py:2693} INFO - Sync 1 DAGs
[2023-03-21T16:52:55.608+0000] {logging_mixin.py:137} INFO - [2023-03-21T16:52:55.607+0000] {dag.py:3444} INFO - Setting next_dagrun for tutorial_dag to None, run_after=None
[2023-03-21T16:52:55.638+0000] {processor.py:175} INFO - Processing /home/airflow/.local/lib/python3.7/site-packages/airflow/example_dags/tutorial_dag.py took 0.138 seconds
[2023-03-21T16:53:25.684+0000] {processor.py:153} INFO - Started process (PID=100) to work on /home/airflow/.local/lib/python3.7/site-packages/airflow/example_dags/tutorial_dag.py
[2023-03-21T16:53:25.685+0000] {processor.py:743} INFO - Processing file /home/airflow/.local/lib/python3.7/site-packages/airflow/example_dags/tutorial_dag.py for tasks to queue
[2023-03-21T16:53:25.686+0000] {logging_mixin.py:137} INFO - [2023-03-21T16:53:25.686+0000] {dagbag.py:532} INFO - Filling up the DagBag from /home/airflow/.local/lib/python3.7/site-packages/airflow/example_dags/tutorial_dag.py
[2023-03-21T16:53:25.695+0000] {processor.py:753} INFO - DAG(s) dict_keys(['tutorial_dag']) retrieved from /home/airflow/.local/lib/python3.7/site-packages/airflow/example_dags/tutorial_dag.py
[2023-03-21T16:53:25.715+0000] {logging_mixin.py:137} INFO - [2023-03-21T16:53:25.715+0000] {dag.py:2693} INFO - Sync 1 DAGs
[2023-03-21T16:53:25.733+0000] {logging_mixin.py:137} INFO - [2023-03-21T16:53:25.733+0000] {dag.py:3444} INFO - Setting next_dagrun for tutorial_dag to None, run_after=None
[2023-03-21T16:53:25.746+0000] {processor.py:175} INFO - Processing /home/airflow/.local/lib/python3.7/site-packages/airflow/example_dags/tutorial_dag.py took 0.065 seconds
[2023-03-21T16:53:58.447+0000] {processor.py:153} INFO - Started process (PID=154) to work on /home/airflow/.local/lib/python3.7/site-packages/airflow/example_dags/tutorial_dag.py
[2023-03-21T16:53:58.453+0000] {processor.py:743} INFO - Processing file /home/airflow/.local/lib/python3.7/site-packages/airflow/example_dags/tutorial_dag.py for tasks to queue
[2023-03-21T16:53:58.455+0000] {logging_mixin.py:137} INFO - [2023-03-21T16:53:58.454+0000] {dagbag.py:532} INFO - Filling up the DagBag from /home/airflow/.local/lib/python3.7/site-packages/airflow/example_dags/tutorial_dag.py
[2023-03-21T16:53:58.489+0000] {processor.py:753} INFO - DAG(s) dict_keys(['tutorial_dag']) retrieved from /home/airflow/.local/lib/python3.7/site-packages/airflow/example_dags/tutorial_dag.py
[2023-03-21T16:53:58.539+0000] {logging_mixin.py:137} INFO - [2023-03-21T16:53:58.539+0000] {dag.py:2693} INFO - Sync 1 DAGs
[2023-03-21T16:53:58.573+0000] {logging_mixin.py:137} INFO - [2023-03-21T16:53:58.573+0000] {dag.py:3444} INFO - Setting next_dagrun for tutorial_dag to None, run_after=None
[2023-03-21T16:53:58.595+0000] {processor.py:175} INFO - Processing /home/airflow/.local/lib/python3.7/site-packages/airflow/example_dags/tutorial_dag.py took 0.162 seconds
[2023-03-21T16:54:31.668+0000] {processor.py:153} INFO - Started process (PID=204) to work on /home/airflow/.local/lib/python3.7/site-packages/airflow/example_dags/tutorial_dag.py
[2023-03-21T16:54:31.670+0000] {processor.py:743} INFO - Processing file /home/airflow/.local/lib/python3.7/site-packages/airflow/example_dags/tutorial_dag.py for tasks to queue
[2023-03-21T16:54:31.672+0000] {logging_mixin.py:137} INFO - [2023-03-21T16:54:31.672+0000] {dagbag.py:532} INFO - Filling up the DagBag from /home/airflow/.local/lib/python3.7/site-packages/airflow/example_dags/tutorial_dag.py
[2023-03-21T16:54:31.762+0000] {processor.py:753} INFO - DAG(s) dict_keys(['tutorial_dag']) retrieved from /home/airflow/.local/lib/python3.7/site-packages/airflow/example_dags/tutorial_dag.py
[2023-03-21T16:54:31.901+0000] {logging_mixin.py:137} INFO - [2023-03-21T16:54:31.901+0000] {dag.py:2693} INFO - Sync 1 DAGs
[2023-03-21T16:54:31.983+0000] {logging_mixin.py:137} INFO - [2023-03-21T16:54:31.982+0000] {dag.py:3444} INFO - Setting next_dagrun for tutorial_dag to None, run_after=None
[2023-03-21T16:54:32.041+0000] {processor.py:175} INFO - Processing /home/airflow/.local/lib/python3.7/site-packages/airflow/example_dags/tutorial_dag.py took 0.387 seconds
[2023-03-21T16:55:02.593+0000] {processor.py:153} INFO - Started process (PID=253) to work on /home/airflow/.local/lib/python3.7/site-packages/airflow/example_dags/tutorial_dag.py
[2023-03-21T16:55:02.594+0000] {processor.py:743} INFO - Processing file /home/airflow/.local/lib/python3.7/site-packages/airflow/example_dags/tutorial_dag.py for tasks to queue
[2023-03-21T16:55:02.595+0000] {logging_mixin.py:137} INFO - [2023-03-21T16:55:02.595+0000] {dagbag.py:532} INFO - Filling up the DagBag from /home/airflow/.local/lib/python3.7/site-packages/airflow/example_dags/tutorial_dag.py
[2023-03-21T16:55:02.607+0000] {processor.py:753} INFO - DAG(s) dict_keys(['tutorial_dag']) retrieved from /home/airflow/.local/lib/python3.7/site-packages/airflow/example_dags/tutorial_dag.py
[2023-03-21T16:55:02.634+0000] {logging_mixin.py:137} INFO - [2023-03-21T16:55:02.634+0000] {dag.py:2693} INFO - Sync 1 DAGs
[2023-03-21T16:55:02.662+0000] {logging_mixin.py:137} INFO - [2023-03-21T16:55:02.662+0000] {dag.py:3444} INFO - Setting next_dagrun for tutorial_dag to None, run_after=None
[2023-03-21T16:55:02.676+0000] {processor.py:175} INFO - Processing /home/airflow/.local/lib/python3.7/site-packages/airflow/example_dags/tutorial_dag.py took 0.087 seconds
[2023-03-21T16:55:33.617+0000] {processor.py:153} INFO - Started process (PID=303) to work on /home/airflow/.local/lib/python3.7/site-packages/airflow/example_dags/tutorial_dag.py
[2023-03-21T16:55:33.619+0000] {processor.py:743} INFO - Processing file /home/airflow/.local/lib/python3.7/site-packages/airflow/example_dags/tutorial_dag.py for tasks to queue
[2023-03-21T16:55:33.621+0000] {logging_mixin.py:137} INFO - [2023-03-21T16:55:33.621+0000] {dagbag.py:532} INFO - Filling up the DagBag from /home/airflow/.local/lib/python3.7/site-packages/airflow/example_dags/tutorial_dag.py
[2023-03-21T16:55:33.640+0000] {processor.py:753} INFO - DAG(s) dict_keys(['tutorial_dag']) retrieved from /home/airflow/.local/lib/python3.7/site-packages/airflow/example_dags/tutorial_dag.py
[2023-03-21T16:55:33.689+0000] {logging_mixin.py:137} INFO - [2023-03-21T16:55:33.688+0000] {dag.py:2693} INFO - Sync 1 DAGs
[2023-03-21T16:55:33.722+0000] {logging_mixin.py:137} INFO - [2023-03-21T16:55:33.722+0000] {dag.py:3444} INFO - Setting next_dagrun for tutorial_dag to None, run_after=None
[2023-03-21T16:55:33.747+0000] {processor.py:175} INFO - Processing /home/airflow/.local/lib/python3.7/site-packages/airflow/example_dags/tutorial_dag.py took 0.135 seconds
[2023-03-21T16:56:04.645+0000] {processor.py:153} INFO - Started process (PID=353) to work on /home/airflow/.local/lib/python3.7/site-packages/airflow/example_dags/tutorial_dag.py
[2023-03-21T16:56:04.648+0000] {processor.py:743} INFO - Processing file /home/airflow/.local/lib/python3.7/site-packages/airflow/example_dags/tutorial_dag.py for tasks to queue
[2023-03-21T16:56:04.649+0000] {logging_mixin.py:137} INFO - [2023-03-21T16:56:04.649+0000] {dagbag.py:532} INFO - Filling up the DagBag from /home/airflow/.local/lib/python3.7/site-packages/airflow/example_dags/tutorial_dag.py
[2023-03-21T16:56:04.669+0000] {processor.py:753} INFO - DAG(s) dict_keys(['tutorial_dag']) retrieved from /home/airflow/.local/lib/python3.7/site-packages/airflow/example_dags/tutorial_dag.py
[2023-03-21T16:56:04.727+0000] {logging_mixin.py:137} INFO - [2023-03-21T16:56:04.727+0000] {dag.py:2693} INFO - Sync 1 DAGs
[2023-03-21T16:56:04.760+0000] {logging_mixin.py:137} INFO - [2023-03-21T16:56:04.759+0000] {dag.py:3444} INFO - Setting next_dagrun for tutorial_dag to None, run_after=None
[2023-03-21T16:56:04.785+0000] {processor.py:175} INFO - Processing /home/airflow/.local/lib/python3.7/site-packages/airflow/example_dags/tutorial_dag.py took 0.145 seconds
[2023-03-21T16:56:35.520+0000] {processor.py:153} INFO - Started process (PID=404) to work on /home/airflow/.local/lib/python3.7/site-packages/airflow/example_dags/tutorial_dag.py
[2023-03-21T16:56:35.524+0000] {processor.py:743} INFO - Processing file /home/airflow/.local/lib/python3.7/site-packages/airflow/example_dags/tutorial_dag.py for tasks to queue
[2023-03-21T16:56:35.526+0000] {logging_mixin.py:137} INFO - [2023-03-21T16:56:35.526+0000] {dagbag.py:532} INFO - Filling up the DagBag from /home/airflow/.local/lib/python3.7/site-packages/airflow/example_dags/tutorial_dag.py
[2023-03-21T16:56:35.560+0000] {processor.py:753} INFO - DAG(s) dict_keys(['tutorial_dag']) retrieved from /home/airflow/.local/lib/python3.7/site-packages/airflow/example_dags/tutorial_dag.py
[2023-03-21T16:56:35.622+0000] {logging_mixin.py:137} INFO - [2023-03-21T16:56:35.621+0000] {dag.py:2693} INFO - Sync 1 DAGs
[2023-03-21T16:56:35.665+0000] {logging_mixin.py:137} INFO - [2023-03-21T16:56:35.665+0000] {dag.py:3444} INFO - Setting next_dagrun for tutorial_dag to None, run_after=None
[2023-03-21T16:56:35.686+0000] {processor.py:175} INFO - Processing /home/airflow/.local/lib/python3.7/site-packages/airflow/example_dags/tutorial_dag.py took 0.176 seconds
[2023-03-21T16:57:06.046+0000] {processor.py:153} INFO - Started process (PID=455) to work on /home/airflow/.local/lib/python3.7/site-packages/airflow/example_dags/tutorial_dag.py
[2023-03-21T16:57:06.047+0000] {processor.py:743} INFO - Processing file /home/airflow/.local/lib/python3.7/site-packages/airflow/example_dags/tutorial_dag.py for tasks to queue
[2023-03-21T16:57:06.049+0000] {logging_mixin.py:137} INFO - [2023-03-21T16:57:06.049+0000] {dagbag.py:532} INFO - Filling up the DagBag from /home/airflow/.local/lib/python3.7/site-packages/airflow/example_dags/tutorial_dag.py
[2023-03-21T16:57:06.062+0000] {processor.py:753} INFO - DAG(s) dict_keys(['tutorial_dag']) retrieved from /home/airflow/.local/lib/python3.7/site-packages/airflow/example_dags/tutorial_dag.py
[2023-03-21T16:57:06.091+0000] {logging_mixin.py:137} INFO - [2023-03-21T16:57:06.091+0000] {dag.py:2693} INFO - Sync 1 DAGs
[2023-03-21T16:57:06.114+0000] {logging_mixin.py:137} INFO - [2023-03-21T16:57:06.114+0000] {dag.py:3444} INFO - Setting next_dagrun for tutorial_dag to None, run_after=None
[2023-03-21T16:57:06.131+0000] {processor.py:175} INFO - Processing /home/airflow/.local/lib/python3.7/site-packages/airflow/example_dags/tutorial_dag.py took 0.089 seconds
[2023-03-21T16:57:36.300+0000] {processor.py:153} INFO - Started process (PID=505) to work on /home/airflow/.local/lib/python3.7/site-packages/airflow/example_dags/tutorial_dag.py
[2023-03-21T16:57:36.301+0000] {processor.py:743} INFO - Processing file /home/airflow/.local/lib/python3.7/site-packages/airflow/example_dags/tutorial_dag.py for tasks to queue
[2023-03-21T16:57:36.301+0000] {logging_mixin.py:137} INFO - [2023-03-21T16:57:36.301+0000] {dagbag.py:532} INFO - Filling up the DagBag from /home/airflow/.local/lib/python3.7/site-packages/airflow/example_dags/tutorial_dag.py
[2023-03-21T16:57:36.311+0000] {processor.py:753} INFO - DAG(s) dict_keys(['tutorial_dag']) retrieved from /home/airflow/.local/lib/python3.7/site-packages/airflow/example_dags/tutorial_dag.py
[2023-03-21T16:57:36.332+0000] {logging_mixin.py:137} INFO - [2023-03-21T16:57:36.332+0000] {dag.py:2693} INFO - Sync 1 DAGs
[2023-03-21T16:57:36.347+0000] {logging_mixin.py:137} INFO - [2023-03-21T16:57:36.347+0000] {dag.py:3444} INFO - Setting next_dagrun for tutorial_dag to None, run_after=None
[2023-03-21T16:57:36.358+0000] {processor.py:175} INFO - Processing /home/airflow/.local/lib/python3.7/site-packages/airflow/example_dags/tutorial_dag.py took 0.061 seconds
[2023-03-21T16:58:06.906+0000] {processor.py:153} INFO - Started process (PID=555) to work on /home/airflow/.local/lib/python3.7/site-packages/airflow/example_dags/tutorial_dag.py
[2023-03-21T16:58:06.907+0000] {processor.py:743} INFO - Processing file /home/airflow/.local/lib/python3.7/site-packages/airflow/example_dags/tutorial_dag.py for tasks to queue
[2023-03-21T16:58:06.908+0000] {logging_mixin.py:137} INFO - [2023-03-21T16:58:06.908+0000] {dagbag.py:532} INFO - Filling up the DagBag from /home/airflow/.local/lib/python3.7/site-packages/airflow/example_dags/tutorial_dag.py
[2023-03-21T16:58:06.918+0000] {processor.py:753} INFO - DAG(s) dict_keys(['tutorial_dag']) retrieved from /home/airflow/.local/lib/python3.7/site-packages/airflow/example_dags/tutorial_dag.py
[2023-03-21T16:58:06.939+0000] {logging_mixin.py:137} INFO - [2023-03-21T16:58:06.938+0000] {dag.py:2693} INFO - Sync 1 DAGs
[2023-03-21T16:58:06.956+0000] {logging_mixin.py:137} INFO - [2023-03-21T16:58:06.956+0000] {dag.py:3444} INFO - Setting next_dagrun for tutorial_dag to None, run_after=None
[2023-03-21T16:58:06.969+0000] {processor.py:175} INFO - Processing /home/airflow/.local/lib/python3.7/site-packages/airflow/example_dags/tutorial_dag.py took 0.067 seconds
[2023-03-21T16:58:37.619+0000] {processor.py:153} INFO - Started process (PID=605) to work on /home/airflow/.local/lib/python3.7/site-packages/airflow/example_dags/tutorial_dag.py
[2023-03-21T16:58:37.621+0000] {processor.py:743} INFO - Processing file /home/airflow/.local/lib/python3.7/site-packages/airflow/example_dags/tutorial_dag.py for tasks to queue
[2023-03-21T16:58:37.621+0000] {logging_mixin.py:137} INFO - [2023-03-21T16:58:37.621+0000] {dagbag.py:532} INFO - Filling up the DagBag from /home/airflow/.local/lib/python3.7/site-packages/airflow/example_dags/tutorial_dag.py
[2023-03-21T16:58:37.632+0000] {processor.py:753} INFO - DAG(s) dict_keys(['tutorial_dag']) retrieved from /home/airflow/.local/lib/python3.7/site-packages/airflow/example_dags/tutorial_dag.py
[2023-03-21T16:58:37.661+0000] {logging_mixin.py:137} INFO - [2023-03-21T16:58:37.661+0000] {dag.py:2693} INFO - Sync 1 DAGs
[2023-03-21T16:58:37.689+0000] {logging_mixin.py:137} INFO - [2023-03-21T16:58:37.688+0000] {dag.py:3444} INFO - Setting next_dagrun for tutorial_dag to None, run_after=None
[2023-03-21T16:58:37.709+0000] {processor.py:175} INFO - Processing /home/airflow/.local/lib/python3.7/site-packages/airflow/example_dags/tutorial_dag.py took 0.093 seconds
[2023-03-21T16:59:08.285+0000] {processor.py:153} INFO - Started process (PID=655) to work on /home/airflow/.local/lib/python3.7/site-packages/airflow/example_dags/tutorial_dag.py
[2023-03-21T16:59:08.286+0000] {processor.py:743} INFO - Processing file /home/airflow/.local/lib/python3.7/site-packages/airflow/example_dags/tutorial_dag.py for tasks to queue
[2023-03-21T16:59:08.287+0000] {logging_mixin.py:137} INFO - [2023-03-21T16:59:08.287+0000] {dagbag.py:532} INFO - Filling up the DagBag from /home/airflow/.local/lib/python3.7/site-packages/airflow/example_dags/tutorial_dag.py
[2023-03-21T16:59:08.297+0000] {processor.py:753} INFO - DAG(s) dict_keys(['tutorial_dag']) retrieved from /home/airflow/.local/lib/python3.7/site-packages/airflow/example_dags/tutorial_dag.py
[2023-03-21T16:59:08.320+0000] {logging_mixin.py:137} INFO - [2023-03-21T16:59:08.320+0000] {dag.py:2693} INFO - Sync 1 DAGs
[2023-03-21T16:59:08.339+0000] {logging_mixin.py:137} INFO - [2023-03-21T16:59:08.338+0000] {dag.py:3444} INFO - Setting next_dagrun for tutorial_dag to None, run_after=None
[2023-03-21T16:59:08.352+0000] {processor.py:175} INFO - Processing /home/airflow/.local/lib/python3.7/site-packages/airflow/example_dags/tutorial_dag.py took 0.070 seconds
[2023-03-21T16:59:39.245+0000] {processor.py:153} INFO - Started process (PID=705) to work on /home/airflow/.local/lib/python3.7/site-packages/airflow/example_dags/tutorial_dag.py
[2023-03-21T16:59:39.246+0000] {processor.py:743} INFO - Processing file /home/airflow/.local/lib/python3.7/site-packages/airflow/example_dags/tutorial_dag.py for tasks to queue
[2023-03-21T16:59:39.247+0000] {logging_mixin.py:137} INFO - [2023-03-21T16:59:39.247+0000] {dagbag.py:532} INFO - Filling up the DagBag from /home/airflow/.local/lib/python3.7/site-packages/airflow/example_dags/tutorial_dag.py
[2023-03-21T16:59:39.257+0000] {processor.py:753} INFO - DAG(s) dict_keys(['tutorial_dag']) retrieved from /home/airflow/.local/lib/python3.7/site-packages/airflow/example_dags/tutorial_dag.py
[2023-03-21T16:59:39.279+0000] {logging_mixin.py:137} INFO - [2023-03-21T16:59:39.279+0000] {dag.py:2693} INFO - Sync 1 DAGs
[2023-03-21T16:59:39.295+0000] {logging_mixin.py:137} INFO - [2023-03-21T16:59:39.295+0000] {dag.py:3444} INFO - Setting next_dagrun for tutorial_dag to None, run_after=None
[2023-03-21T16:59:39.307+0000] {processor.py:175} INFO - Processing /home/airflow/.local/lib/python3.7/site-packages/airflow/example_dags/tutorial_dag.py took 0.066 seconds
[2023-03-21T17:00:10.128+0000] {processor.py:153} INFO - Started process (PID=755) to work on /home/airflow/.local/lib/python3.7/site-packages/airflow/example_dags/tutorial_dag.py
[2023-03-21T17:00:10.130+0000] {processor.py:743} INFO - Processing file /home/airflow/.local/lib/python3.7/site-packages/airflow/example_dags/tutorial_dag.py for tasks to queue
[2023-03-21T17:00:10.131+0000] {logging_mixin.py:137} INFO - [2023-03-21T17:00:10.131+0000] {dagbag.py:532} INFO - Filling up the DagBag from /home/airflow/.local/lib/python3.7/site-packages/airflow/example_dags/tutorial_dag.py
[2023-03-21T17:00:10.142+0000] {processor.py:753} INFO - DAG(s) dict_keys(['tutorial_dag']) retrieved from /home/airflow/.local/lib/python3.7/site-packages/airflow/example_dags/tutorial_dag.py
[2023-03-21T17:00:10.163+0000] {logging_mixin.py:137} INFO - [2023-03-21T17:00:10.163+0000] {dag.py:2693} INFO - Sync 1 DAGs
[2023-03-21T17:00:10.179+0000] {logging_mixin.py:137} INFO - [2023-03-21T17:00:10.179+0000] {dag.py:3444} INFO - Setting next_dagrun for tutorial_dag to None, run_after=None
[2023-03-21T17:00:10.192+0000] {processor.py:175} INFO - Processing /home/airflow/.local/lib/python3.7/site-packages/airflow/example_dags/tutorial_dag.py took 0.068 seconds
[2023-03-21T17:00:41.098+0000] {processor.py:153} INFO - Started process (PID=805) to work on /home/airflow/.local/lib/python3.7/site-packages/airflow/example_dags/tutorial_dag.py
[2023-03-21T17:00:41.100+0000] {processor.py:743} INFO - Processing file /home/airflow/.local/lib/python3.7/site-packages/airflow/example_dags/tutorial_dag.py for tasks to queue
[2023-03-21T17:00:41.100+0000] {logging_mixin.py:137} INFO - [2023-03-21T17:00:41.100+0000] {dagbag.py:532} INFO - Filling up the DagBag from /home/airflow/.local/lib/python3.7/site-packages/airflow/example_dags/tutorial_dag.py
[2023-03-21T17:00:41.112+0000] {processor.py:753} INFO - DAG(s) dict_keys(['tutorial_dag']) retrieved from /home/airflow/.local/lib/python3.7/site-packages/airflow/example_dags/tutorial_dag.py
[2023-03-21T17:00:41.133+0000] {logging_mixin.py:137} INFO - [2023-03-21T17:00:41.133+0000] {dag.py:2693} INFO - Sync 1 DAGs
[2023-03-21T17:00:41.150+0000] {logging_mixin.py:137} INFO - [2023-03-21T17:00:41.150+0000] {dag.py:3444} INFO - Setting next_dagrun for tutorial_dag to None, run_after=None
[2023-03-21T17:00:41.162+0000] {processor.py:175} INFO - Processing /home/airflow/.local/lib/python3.7/site-packages/airflow/example_dags/tutorial_dag.py took 0.067 seconds
[2023-03-21T17:01:11.829+0000] {processor.py:153} INFO - Started process (PID=855) to work on /home/airflow/.local/lib/python3.7/site-packages/airflow/example_dags/tutorial_dag.py
[2023-03-21T17:01:11.830+0000] {processor.py:743} INFO - Processing file /home/airflow/.local/lib/python3.7/site-packages/airflow/example_dags/tutorial_dag.py for tasks to queue
[2023-03-21T17:01:11.831+0000] {logging_mixin.py:137} INFO - [2023-03-21T17:01:11.830+0000] {dagbag.py:532} INFO - Filling up the DagBag from /home/airflow/.local/lib/python3.7/site-packages/airflow/example_dags/tutorial_dag.py
[2023-03-21T17:01:11.840+0000] {processor.py:753} INFO - DAG(s) dict_keys(['tutorial_dag']) retrieved from /home/airflow/.local/lib/python3.7/site-packages/airflow/example_dags/tutorial_dag.py
[2023-03-21T17:01:11.862+0000] {logging_mixin.py:137} INFO - [2023-03-21T17:01:11.862+0000] {dag.py:2693} INFO - Sync 1 DAGs
[2023-03-21T17:01:11.880+0000] {logging_mixin.py:137} INFO - [2023-03-21T17:01:11.880+0000] {dag.py:3444} INFO - Setting next_dagrun for tutorial_dag to None, run_after=None
[2023-03-21T17:01:11.892+0000] {processor.py:175} INFO - Processing /home/airflow/.local/lib/python3.7/site-packages/airflow/example_dags/tutorial_dag.py took 0.067 seconds
[2023-03-21T17:01:42.538+0000] {processor.py:153} INFO - Started process (PID=905) to work on /home/airflow/.local/lib/python3.7/site-packages/airflow/example_dags/tutorial_dag.py
[2023-03-21T17:01:42.540+0000] {processor.py:743} INFO - Processing file /home/airflow/.local/lib/python3.7/site-packages/airflow/example_dags/tutorial_dag.py for tasks to queue
[2023-03-21T17:01:42.540+0000] {logging_mixin.py:137} INFO - [2023-03-21T17:01:42.540+0000] {dagbag.py:532} INFO - Filling up the DagBag from /home/airflow/.local/lib/python3.7/site-packages/airflow/example_dags/tutorial_dag.py
[2023-03-21T17:01:42.551+0000] {processor.py:753} INFO - DAG(s) dict_keys(['tutorial_dag']) retrieved from /home/airflow/.local/lib/python3.7/site-packages/airflow/example_dags/tutorial_dag.py
[2023-03-21T17:01:42.575+0000] {logging_mixin.py:137} INFO - [2023-03-21T17:01:42.575+0000] {dag.py:2693} INFO - Sync 1 DAGs
[2023-03-21T17:01:42.595+0000] {logging_mixin.py:137} INFO - [2023-03-21T17:01:42.595+0000] {dag.py:3444} INFO - Setting next_dagrun for tutorial_dag to None, run_after=None
[2023-03-21T17:01:42.608+0000] {processor.py:175} INFO - Processing /home/airflow/.local/lib/python3.7/site-packages/airflow/example_dags/tutorial_dag.py took 0.073 seconds
[2023-03-21T17:02:13.099+0000] {processor.py:153} INFO - Started process (PID=955) to work on /home/airflow/.local/lib/python3.7/site-packages/airflow/example_dags/tutorial_dag.py
[2023-03-21T17:02:13.100+0000] {processor.py:743} INFO - Processing file /home/airflow/.local/lib/python3.7/site-packages/airflow/example_dags/tutorial_dag.py for tasks to queue
[2023-03-21T17:02:13.100+0000] {logging_mixin.py:137} INFO - [2023-03-21T17:02:13.100+0000] {dagbag.py:532} INFO - Filling up the DagBag from /home/airflow/.local/lib/python3.7/site-packages/airflow/example_dags/tutorial_dag.py
[2023-03-21T17:02:13.109+0000] {processor.py:753} INFO - DAG(s) dict_keys(['tutorial_dag']) retrieved from /home/airflow/.local/lib/python3.7/site-packages/airflow/example_dags/tutorial_dag.py
[2023-03-21T17:02:13.128+0000] {logging_mixin.py:137} INFO - [2023-03-21T17:02:13.128+0000] {dag.py:2693} INFO - Sync 1 DAGs
[2023-03-21T17:02:13.144+0000] {logging_mixin.py:137} INFO - [2023-03-21T17:02:13.144+0000] {dag.py:3444} INFO - Setting next_dagrun for tutorial_dag to None, run_after=None
[2023-03-21T17:02:13.156+0000] {processor.py:175} INFO - Processing /home/airflow/.local/lib/python3.7/site-packages/airflow/example_dags/tutorial_dag.py took 0.060 seconds
[2023-03-21T17:02:44.035+0000] {processor.py:153} INFO - Started process (PID=1005) to work on /home/airflow/.local/lib/python3.7/site-packages/airflow/example_dags/tutorial_dag.py
[2023-03-21T17:02:44.036+0000] {processor.py:743} INFO - Processing file /home/airflow/.local/lib/python3.7/site-packages/airflow/example_dags/tutorial_dag.py for tasks to queue
[2023-03-21T17:02:44.037+0000] {logging_mixin.py:137} INFO - [2023-03-21T17:02:44.037+0000] {dagbag.py:532} INFO - Filling up the DagBag from /home/airflow/.local/lib/python3.7/site-packages/airflow/example_dags/tutorial_dag.py
[2023-03-21T17:02:44.049+0000] {processor.py:753} INFO - DAG(s) dict_keys(['tutorial_dag']) retrieved from /home/airflow/.local/lib/python3.7/site-packages/airflow/example_dags/tutorial_dag.py
[2023-03-21T17:02:44.072+0000] {logging_mixin.py:137} INFO - [2023-03-21T17:02:44.072+0000] {dag.py:2693} INFO - Sync 1 DAGs
[2023-03-21T17:02:44.091+0000] {logging_mixin.py:137} INFO - [2023-03-21T17:02:44.091+0000] {dag.py:3444} INFO - Setting next_dagrun for tutorial_dag to None, run_after=None
[2023-03-21T17:02:44.104+0000] {processor.py:175} INFO - Processing /home/airflow/.local/lib/python3.7/site-packages/airflow/example_dags/tutorial_dag.py took 0.074 seconds
[2023-03-21T17:03:14.305+0000] {processor.py:153} INFO - Started process (PID=1055) to work on /home/airflow/.local/lib/python3.7/site-packages/airflow/example_dags/tutorial_dag.py
[2023-03-21T17:03:14.306+0000] {processor.py:743} INFO - Processing file /home/airflow/.local/lib/python3.7/site-packages/airflow/example_dags/tutorial_dag.py for tasks to queue
[2023-03-21T17:03:14.307+0000] {logging_mixin.py:137} INFO - [2023-03-21T17:03:14.307+0000] {dagbag.py:532} INFO - Filling up the DagBag from /home/airflow/.local/lib/python3.7/site-packages/airflow/example_dags/tutorial_dag.py
[2023-03-21T17:03:14.318+0000] {processor.py:753} INFO - DAG(s) dict_keys(['tutorial_dag']) retrieved from /home/airflow/.local/lib/python3.7/site-packages/airflow/example_dags/tutorial_dag.py
[2023-03-21T17:03:14.340+0000] {logging_mixin.py:137} INFO - [2023-03-21T17:03:14.340+0000] {dag.py:2693} INFO - Sync 1 DAGs
[2023-03-21T17:03:14.356+0000] {logging_mixin.py:137} INFO - [2023-03-21T17:03:14.356+0000] {dag.py:3444} INFO - Setting next_dagrun for tutorial_dag to None, run_after=None
[2023-03-21T17:03:14.368+0000] {processor.py:175} INFO - Processing /home/airflow/.local/lib/python3.7/site-packages/airflow/example_dags/tutorial_dag.py took 0.067 seconds
[2023-03-21T17:03:44.853+0000] {processor.py:153} INFO - Started process (PID=1105) to work on /home/airflow/.local/lib/python3.7/site-packages/airflow/example_dags/tutorial_dag.py
[2023-03-21T17:03:44.855+0000] {processor.py:743} INFO - Processing file /home/airflow/.local/lib/python3.7/site-packages/airflow/example_dags/tutorial_dag.py for tasks to queue
[2023-03-21T17:03:44.855+0000] {logging_mixin.py:137} INFO - [2023-03-21T17:03:44.855+0000] {dagbag.py:532} INFO - Filling up the DagBag from /home/airflow/.local/lib/python3.7/site-packages/airflow/example_dags/tutorial_dag.py
[2023-03-21T17:03:44.866+0000] {processor.py:753} INFO - DAG(s) dict_keys(['tutorial_dag']) retrieved from /home/airflow/.local/lib/python3.7/site-packages/airflow/example_dags/tutorial_dag.py
[2023-03-21T17:03:44.887+0000] {logging_mixin.py:137} INFO - [2023-03-21T17:03:44.887+0000] {dag.py:2693} INFO - Sync 1 DAGs
[2023-03-21T17:03:44.903+0000] {logging_mixin.py:137} INFO - [2023-03-21T17:03:44.903+0000] {dag.py:3444} INFO - Setting next_dagrun for tutorial_dag to None, run_after=None
[2023-03-21T17:03:44.915+0000] {processor.py:175} INFO - Processing /home/airflow/.local/lib/python3.7/site-packages/airflow/example_dags/tutorial_dag.py took 0.065 seconds
[2023-03-21T17:04:15.899+0000] {processor.py:153} INFO - Started process (PID=1154) to work on /home/airflow/.local/lib/python3.7/site-packages/airflow/example_dags/tutorial_dag.py
[2023-03-21T17:04:15.900+0000] {processor.py:743} INFO - Processing file /home/airflow/.local/lib/python3.7/site-packages/airflow/example_dags/tutorial_dag.py for tasks to queue
[2023-03-21T17:04:15.901+0000] {logging_mixin.py:137} INFO - [2023-03-21T17:04:15.901+0000] {dagbag.py:532} INFO - Filling up the DagBag from /home/airflow/.local/lib/python3.7/site-packages/airflow/example_dags/tutorial_dag.py
[2023-03-21T17:04:15.911+0000] {processor.py:753} INFO - DAG(s) dict_keys(['tutorial_dag']) retrieved from /home/airflow/.local/lib/python3.7/site-packages/airflow/example_dags/tutorial_dag.py
[2023-03-21T17:04:15.931+0000] {logging_mixin.py:137} INFO - [2023-03-21T17:04:15.931+0000] {dag.py:2693} INFO - Sync 1 DAGs
[2023-03-21T17:04:15.947+0000] {logging_mixin.py:137} INFO - [2023-03-21T17:04:15.947+0000] {dag.py:3444} INFO - Setting next_dagrun for tutorial_dag to None, run_after=None
[2023-03-21T17:04:15.961+0000] {processor.py:175} INFO - Processing /home/airflow/.local/lib/python3.7/site-packages/airflow/example_dags/tutorial_dag.py took 0.064 seconds
[2023-03-21T17:04:46.584+0000] {processor.py:153} INFO - Started process (PID=1204) to work on /home/airflow/.local/lib/python3.7/site-packages/airflow/example_dags/tutorial_dag.py
[2023-03-21T17:04:46.585+0000] {processor.py:743} INFO - Processing file /home/airflow/.local/lib/python3.7/site-packages/airflow/example_dags/tutorial_dag.py for tasks to queue
[2023-03-21T17:04:46.586+0000] {logging_mixin.py:137} INFO - [2023-03-21T17:04:46.586+0000] {dagbag.py:532} INFO - Filling up the DagBag from /home/airflow/.local/lib/python3.7/site-packages/airflow/example_dags/tutorial_dag.py
[2023-03-21T17:04:46.596+0000] {processor.py:753} INFO - DAG(s) dict_keys(['tutorial_dag']) retrieved from /home/airflow/.local/lib/python3.7/site-packages/airflow/example_dags/tutorial_dag.py
[2023-03-21T17:04:46.630+0000] {logging_mixin.py:137} INFO - [2023-03-21T17:04:46.630+0000] {dag.py:2693} INFO - Sync 1 DAGs
[2023-03-21T17:04:46.651+0000] {logging_mixin.py:137} INFO - [2023-03-21T17:04:46.651+0000] {dag.py:3444} INFO - Setting next_dagrun for tutorial_dag to None, run_after=None
[2023-03-21T17:04:46.664+0000] {processor.py:175} INFO - Processing /home/airflow/.local/lib/python3.7/site-packages/airflow/example_dags/tutorial_dag.py took 0.083 seconds
[2023-03-21T17:05:17.423+0000] {processor.py:153} INFO - Started process (PID=1254) to work on /home/airflow/.local/lib/python3.7/site-packages/airflow/example_dags/tutorial_dag.py
[2023-03-21T17:05:17.424+0000] {processor.py:743} INFO - Processing file /home/airflow/.local/lib/python3.7/site-packages/airflow/example_dags/tutorial_dag.py for tasks to queue
[2023-03-21T17:05:17.425+0000] {logging_mixin.py:137} INFO - [2023-03-21T17:05:17.425+0000] {dagbag.py:532} INFO - Filling up the DagBag from /home/airflow/.local/lib/python3.7/site-packages/airflow/example_dags/tutorial_dag.py
[2023-03-21T17:05:17.435+0000] {processor.py:753} INFO - DAG(s) dict_keys(['tutorial_dag']) retrieved from /home/airflow/.local/lib/python3.7/site-packages/airflow/example_dags/tutorial_dag.py
[2023-03-21T17:05:17.457+0000] {logging_mixin.py:137} INFO - [2023-03-21T17:05:17.457+0000] {dag.py:2693} INFO - Sync 1 DAGs
[2023-03-21T17:05:17.473+0000] {logging_mixin.py:137} INFO - [2023-03-21T17:05:17.473+0000] {dag.py:3444} INFO - Setting next_dagrun for tutorial_dag to None, run_after=None
[2023-03-21T17:05:17.485+0000] {processor.py:175} INFO - Processing /home/airflow/.local/lib/python3.7/site-packages/airflow/example_dags/tutorial_dag.py took 0.066 seconds
[2023-03-21T17:05:48.190+0000] {processor.py:153} INFO - Started process (PID=1303) to work on /home/airflow/.local/lib/python3.7/site-packages/airflow/example_dags/tutorial_dag.py
[2023-03-21T17:05:48.192+0000] {processor.py:743} INFO - Processing file /home/airflow/.local/lib/python3.7/site-packages/airflow/example_dags/tutorial_dag.py for tasks to queue
[2023-03-21T17:05:48.192+0000] {logging_mixin.py:137} INFO - [2023-03-21T17:05:48.192+0000] {dagbag.py:532} INFO - Filling up the DagBag from /home/airflow/.local/lib/python3.7/site-packages/airflow/example_dags/tutorial_dag.py
[2023-03-21T17:05:48.203+0000] {processor.py:753} INFO - DAG(s) dict_keys(['tutorial_dag']) retrieved from /home/airflow/.local/lib/python3.7/site-packages/airflow/example_dags/tutorial_dag.py
[2023-03-21T17:05:48.225+0000] {logging_mixin.py:137} INFO - [2023-03-21T17:05:48.225+0000] {dag.py:2693} INFO - Sync 1 DAGs
[2023-03-21T17:05:48.244+0000] {logging_mixin.py:137} INFO - [2023-03-21T17:05:48.244+0000] {dag.py:3444} INFO - Setting next_dagrun for tutorial_dag to None, run_after=None
[2023-03-21T17:05:48.256+0000] {processor.py:175} INFO - Processing /home/airflow/.local/lib/python3.7/site-packages/airflow/example_dags/tutorial_dag.py took 0.069 seconds
[2023-03-21T17:06:18.935+0000] {processor.py:153} INFO - Started process (PID=1353) to work on /home/airflow/.local/lib/python3.7/site-packages/airflow/example_dags/tutorial_dag.py
[2023-03-21T17:06:18.937+0000] {processor.py:743} INFO - Processing file /home/airflow/.local/lib/python3.7/site-packages/airflow/example_dags/tutorial_dag.py for tasks to queue
[2023-03-21T17:06:18.937+0000] {logging_mixin.py:137} INFO - [2023-03-21T17:06:18.937+0000] {dagbag.py:532} INFO - Filling up the DagBag from /home/airflow/.local/lib/python3.7/site-packages/airflow/example_dags/tutorial_dag.py
[2023-03-21T17:06:18.947+0000] {processor.py:753} INFO - DAG(s) dict_keys(['tutorial_dag']) retrieved from /home/airflow/.local/lib/python3.7/site-packages/airflow/example_dags/tutorial_dag.py
[2023-03-21T17:06:18.968+0000] {logging_mixin.py:137} INFO - [2023-03-21T17:06:18.968+0000] {dag.py:2693} INFO - Sync 1 DAGs
[2023-03-21T17:06:18.985+0000] {logging_mixin.py:137} INFO - [2023-03-21T17:06:18.985+0000] {dag.py:3444} INFO - Setting next_dagrun for tutorial_dag to None, run_after=None
[2023-03-21T17:06:19.002+0000] {processor.py:175} INFO - Processing /home/airflow/.local/lib/python3.7/site-packages/airflow/example_dags/tutorial_dag.py took 0.069 seconds
[2023-03-21T17:06:49.889+0000] {processor.py:153} INFO - Started process (PID=1410) to work on /home/airflow/.local/lib/python3.7/site-packages/airflow/example_dags/tutorial_dag.py
[2023-03-21T17:06:49.891+0000] {processor.py:743} INFO - Processing file /home/airflow/.local/lib/python3.7/site-packages/airflow/example_dags/tutorial_dag.py for tasks to queue
[2023-03-21T17:06:49.892+0000] {logging_mixin.py:137} INFO - [2023-03-21T17:06:49.891+0000] {dagbag.py:532} INFO - Filling up the DagBag from /home/airflow/.local/lib/python3.7/site-packages/airflow/example_dags/tutorial_dag.py
[2023-03-21T17:06:49.904+0000] {processor.py:753} INFO - DAG(s) dict_keys(['tutorial_dag']) retrieved from /home/airflow/.local/lib/python3.7/site-packages/airflow/example_dags/tutorial_dag.py
[2023-03-21T17:06:49.926+0000] {logging_mixin.py:137} INFO - [2023-03-21T17:06:49.926+0000] {dag.py:2693} INFO - Sync 1 DAGs
[2023-03-21T17:06:49.943+0000] {logging_mixin.py:137} INFO - [2023-03-21T17:06:49.943+0000] {dag.py:3444} INFO - Setting next_dagrun for tutorial_dag to None, run_after=None
[2023-03-21T17:06:49.956+0000] {processor.py:175} INFO - Processing /home/airflow/.local/lib/python3.7/site-packages/airflow/example_dags/tutorial_dag.py took 0.071 seconds
[2023-03-21T17:16:16.946+0000] {processor.py:153} INFO - Started process (PID=51) to work on /home/airflow/.local/lib/python3.7/site-packages/airflow/example_dags/tutorial_dag.py
[2023-03-21T17:16:16.954+0000] {processor.py:743} INFO - Processing file /home/airflow/.local/lib/python3.7/site-packages/airflow/example_dags/tutorial_dag.py for tasks to queue
[2023-03-21T17:16:16.957+0000] {logging_mixin.py:137} INFO - [2023-03-21T17:16:16.957+0000] {dagbag.py:532} INFO - Filling up the DagBag from /home/airflow/.local/lib/python3.7/site-packages/airflow/example_dags/tutorial_dag.py
[2023-03-21T17:16:17.011+0000] {processor.py:753} INFO - DAG(s) dict_keys(['tutorial_dag']) retrieved from /home/airflow/.local/lib/python3.7/site-packages/airflow/example_dags/tutorial_dag.py
[2023-03-21T17:16:17.048+0000] {logging_mixin.py:137} INFO - [2023-03-21T17:16:17.048+0000] {dag.py:2693} INFO - Sync 1 DAGs
[2023-03-21T17:16:17.083+0000] {logging_mixin.py:137} INFO - [2023-03-21T17:16:17.082+0000] {dag.py:3444} INFO - Setting next_dagrun for tutorial_dag to None, run_after=None
[2023-03-21T17:16:17.109+0000] {processor.py:175} INFO - Processing /home/airflow/.local/lib/python3.7/site-packages/airflow/example_dags/tutorial_dag.py took 0.171 seconds
[2023-03-21T17:16:47.986+0000] {processor.py:153} INFO - Started process (PID=101) to work on /home/airflow/.local/lib/python3.7/site-packages/airflow/example_dags/tutorial_dag.py
[2023-03-21T17:16:47.988+0000] {processor.py:743} INFO - Processing file /home/airflow/.local/lib/python3.7/site-packages/airflow/example_dags/tutorial_dag.py for tasks to queue
[2023-03-21T17:16:47.989+0000] {logging_mixin.py:137} INFO - [2023-03-21T17:16:47.989+0000] {dagbag.py:532} INFO - Filling up the DagBag from /home/airflow/.local/lib/python3.7/site-packages/airflow/example_dags/tutorial_dag.py
[2023-03-21T17:16:48.003+0000] {processor.py:753} INFO - DAG(s) dict_keys(['tutorial_dag']) retrieved from /home/airflow/.local/lib/python3.7/site-packages/airflow/example_dags/tutorial_dag.py
[2023-03-21T17:16:48.031+0000] {logging_mixin.py:137} INFO - [2023-03-21T17:16:48.031+0000] {dag.py:2693} INFO - Sync 1 DAGs
[2023-03-21T17:16:48.049+0000] {logging_mixin.py:137} INFO - [2023-03-21T17:16:48.049+0000] {dag.py:3444} INFO - Setting next_dagrun for tutorial_dag to None, run_after=None
[2023-03-21T17:16:48.060+0000] {processor.py:175} INFO - Processing /home/airflow/.local/lib/python3.7/site-packages/airflow/example_dags/tutorial_dag.py took 0.078 seconds
[2023-03-21T17:17:22.290+0000] {processor.py:153} INFO - Started process (PID=151) to work on /home/airflow/.local/lib/python3.7/site-packages/airflow/example_dags/tutorial_dag.py
[2023-03-21T17:17:22.298+0000] {processor.py:743} INFO - Processing file /home/airflow/.local/lib/python3.7/site-packages/airflow/example_dags/tutorial_dag.py for tasks to queue
[2023-03-21T17:17:22.301+0000] {logging_mixin.py:137} INFO - [2023-03-21T17:17:22.300+0000] {dagbag.py:532} INFO - Filling up the DagBag from /home/airflow/.local/lib/python3.7/site-packages/airflow/example_dags/tutorial_dag.py
[2023-03-21T17:17:22.325+0000] {processor.py:753} INFO - DAG(s) dict_keys(['tutorial_dag']) retrieved from /home/airflow/.local/lib/python3.7/site-packages/airflow/example_dags/tutorial_dag.py
[2023-03-21T17:17:22.371+0000] {logging_mixin.py:137} INFO - [2023-03-21T17:17:22.371+0000] {dag.py:2693} INFO - Sync 1 DAGs
[2023-03-21T17:17:22.396+0000] {logging_mixin.py:137} INFO - [2023-03-21T17:17:22.396+0000] {dag.py:3444} INFO - Setting next_dagrun for tutorial_dag to None, run_after=None
[2023-03-21T17:17:22.429+0000] {processor.py:175} INFO - Processing /home/airflow/.local/lib/python3.7/site-packages/airflow/example_dags/tutorial_dag.py took 0.155 seconds
[2023-03-21T17:17:53.240+0000] {processor.py:153} INFO - Started process (PID=200) to work on /home/airflow/.local/lib/python3.7/site-packages/airflow/example_dags/tutorial_dag.py
[2023-03-21T17:17:53.241+0000] {processor.py:743} INFO - Processing file /home/airflow/.local/lib/python3.7/site-packages/airflow/example_dags/tutorial_dag.py for tasks to queue
[2023-03-21T17:17:53.242+0000] {logging_mixin.py:137} INFO - [2023-03-21T17:17:53.242+0000] {dagbag.py:532} INFO - Filling up the DagBag from /home/airflow/.local/lib/python3.7/site-packages/airflow/example_dags/tutorial_dag.py
[2023-03-21T17:17:53.253+0000] {processor.py:753} INFO - DAG(s) dict_keys(['tutorial_dag']) retrieved from /home/airflow/.local/lib/python3.7/site-packages/airflow/example_dags/tutorial_dag.py
[2023-03-21T17:17:53.275+0000] {logging_mixin.py:137} INFO - [2023-03-21T17:17:53.275+0000] {dag.py:2693} INFO - Sync 1 DAGs
[2023-03-21T17:17:53.292+0000] {logging_mixin.py:137} INFO - [2023-03-21T17:17:53.291+0000] {dag.py:3444} INFO - Setting next_dagrun for tutorial_dag to None, run_after=None
[2023-03-21T17:17:53.303+0000] {processor.py:175} INFO - Processing /home/airflow/.local/lib/python3.7/site-packages/airflow/example_dags/tutorial_dag.py took 0.065 seconds
