[2023-04-02T03:45:42.557+0000] {taskinstance.py:1084} INFO - Dependencies all met for dep_context=non-requeueable deps ti=<TaskInstance: demo_dag.upload_to_mongo_db manual__2023-04-02T03:45:38.212019+00:00 [queued]>
[2023-04-02T03:45:42.564+0000] {taskinstance.py:1084} INFO - Dependencies all met for dep_context=requeueable deps ti=<TaskInstance: demo_dag.upload_to_mongo_db manual__2023-04-02T03:45:38.212019+00:00 [queued]>
[2023-04-02T03:45:42.565+0000] {taskinstance.py:1282} INFO - 
--------------------------------------------------------------------------------
[2023-04-02T03:45:42.565+0000] {taskinstance.py:1283} INFO - Starting attempt 1 of 1
[2023-04-02T03:45:42.566+0000] {taskinstance.py:1284} INFO - 
--------------------------------------------------------------------------------
[2023-04-02T03:45:42.574+0000] {taskinstance.py:1303} INFO - Executing <Task(_PythonDecoratedOperator): upload_to_mongo_db> on 2023-04-02 03:45:38.212019+00:00
[2023-04-02T03:45:42.580+0000] {standard_task_runner.py:55} INFO - Started process 1621 to run task
[2023-04-02T03:45:42.584+0000] {standard_task_runner.py:82} INFO - Running: ['***', 'tasks', 'run', 'demo_dag', 'upload_to_mongo_db', 'manual__2023-04-02T03:45:38.212019+00:00', '--job-id', '430', '--raw', '--subdir', 'DAGS_FOLDER/test_dag.py', '--cfg-path', '/tmp/tmp90kkwlen']
[2023-04-02T03:45:42.585+0000] {standard_task_runner.py:83} INFO - Job 430: Subtask upload_to_mongo_db
[2023-04-02T03:45:42.668+0000] {task_command.py:388} INFO - Running <TaskInstance: demo_dag.upload_to_mongo_db manual__2023-04-02T03:45:38.212019+00:00 [running]> on host 0b6a9b63e384
[2023-04-02T03:45:42.728+0000] {taskinstance.py:1511} INFO - Exporting the following env vars:
AIRFLOW_CTX_DAG_OWNER=***
AIRFLOW_CTX_DAG_ID=demo_dag
AIRFLOW_CTX_TASK_ID=upload_to_mongo_db
AIRFLOW_CTX_EXECUTION_DATE=2023-04-02T03:45:38.212019+00:00
AIRFLOW_CTX_TRY_NUMBER=1
AIRFLOW_CTX_DAG_RUN_ID=manual__2023-04-02T03:45:38.212019+00:00
[2023-04-02T03:45:43.697+0000] {logging_mixin.py:137} INFO - <class 'botocore.response.StreamingBody'>
[2023-04-02T03:45:43.698+0000] {logging_mixin.py:137} INFO - <botocore.response.StreamingBody object at 0xffff6f7a6ed0>
[2023-04-02T03:45:43.700+0000] {taskinstance.py:1775} ERROR - Task failed with exception
Traceback (most recent call last):
  File "/home/airflow/.local/lib/python3.7/site-packages/airflow/decorators/base.py", line 217, in execute
    return_value = super().execute(context)
  File "/home/airflow/.local/lib/python3.7/site-packages/airflow/operators/python.py", line 175, in execute
    return_value = self.execute_callable()
  File "/home/airflow/.local/lib/python3.7/site-packages/airflow/operators/python.py", line 192, in execute_callable
    return self.python_callable(*self.op_args, **self.op_kwargs)
  File "/opt/airflow/dags/test_dag.py", line 68, in upload_to_mongo_db
    coll.insert_many(s3_object)
  File "/home/airflow/.local/lib/python3.7/site-packages/pymongo/_csot.py", line 105, in csot_wrapper
    return func(self, *args, **kwargs)
  File "/home/airflow/.local/lib/python3.7/site-packages/pymongo/collection.py", line 713, in insert_many
    blk.ops = [doc for doc in gen()]
  File "/home/airflow/.local/lib/python3.7/site-packages/pymongo/collection.py", line 713, in <listcomp>
    blk.ops = [doc for doc in gen()]
  File "/home/airflow/.local/lib/python3.7/site-packages/pymongo/collection.py", line 704, in gen
    common.validate_is_document_type("document", document)
  File "/home/airflow/.local/lib/python3.7/site-packages/pymongo/common.py", line 525, in validate_is_document_type
    "collections.MutableMapping" % (option,)
TypeError: document must be an instance of dict, bson.son.SON, bson.raw_bson.RawBSONDocument, or a type that inherits from collections.MutableMapping
[2023-04-02T03:45:43.712+0000] {taskinstance.py:1326} INFO - Marking task as FAILED. dag_id=demo_dag, task_id=upload_to_mongo_db, execution_date=20230402T034538, start_date=20230402T034542, end_date=20230402T034543
[2023-04-02T03:45:43.724+0000] {standard_task_runner.py:105} ERROR - Failed to execute job 430 for task upload_to_mongo_db (document must be an instance of dict, bson.son.SON, bson.raw_bson.RawBSONDocument, or a type that inherits from collections.MutableMapping; 1621)
[2023-04-02T03:45:43.814+0000] {local_task_job.py:212} INFO - Task exited with return code 1
[2023-04-02T03:45:43.867+0000] {taskinstance.py:2585} INFO - 0 downstream tasks scheduled from follow-on schedule check
