[2023-04-02T03:45:39.446+0000] {taskinstance.py:1084} INFO - Dependencies all met for dep_context=non-requeueable deps ti=<TaskInstance: demo_dag.get_data_from_api manual__2023-04-02T03:45:38.212019+00:00 [queued]>
[2023-04-02T03:45:39.453+0000] {taskinstance.py:1084} INFO - Dependencies all met for dep_context=requeueable deps ti=<TaskInstance: demo_dag.get_data_from_api manual__2023-04-02T03:45:38.212019+00:00 [queued]>
[2023-04-02T03:45:39.454+0000] {taskinstance.py:1282} INFO - 
--------------------------------------------------------------------------------
[2023-04-02T03:45:39.454+0000] {taskinstance.py:1283} INFO - Starting attempt 1 of 1
[2023-04-02T03:45:39.454+0000] {taskinstance.py:1284} INFO - 
--------------------------------------------------------------------------------
[2023-04-02T03:45:39.464+0000] {taskinstance.py:1303} INFO - Executing <Task(_PythonDecoratedOperator): get_data_from_api> on 2023-04-02 03:45:38.212019+00:00
[2023-04-02T03:45:39.469+0000] {standard_task_runner.py:55} INFO - Started process 1619 to run task
[2023-04-02T03:45:39.473+0000] {standard_task_runner.py:82} INFO - Running: ['***', 'tasks', 'run', 'demo_dag', 'get_data_from_api', 'manual__2023-04-02T03:45:38.212019+00:00', '--job-id', '429', '--raw', '--subdir', 'DAGS_FOLDER/test_dag.py', '--cfg-path', '/tmp/tmpq9d39ott']
[2023-04-02T03:45:39.474+0000] {standard_task_runner.py:83} INFO - Job 429: Subtask get_data_from_api
[2023-04-02T03:45:39.575+0000] {task_command.py:388} INFO - Running <TaskInstance: demo_dag.get_data_from_api manual__2023-04-02T03:45:38.212019+00:00 [running]> on host 0b6a9b63e384
[2023-04-02T03:45:39.636+0000] {taskinstance.py:1511} INFO - Exporting the following env vars:
AIRFLOW_CTX_DAG_OWNER=***
AIRFLOW_CTX_DAG_ID=demo_dag
AIRFLOW_CTX_TASK_ID=get_data_from_api
AIRFLOW_CTX_EXECUTION_DATE=2023-04-02T03:45:38.212019+00:00
AIRFLOW_CTX_TRY_NUMBER=1
AIRFLOW_CTX_DAG_RUN_ID=manual__2023-04-02T03:45:38.212019+00:00
[2023-04-02T03:45:41.708+0000] {python.py:177} INFO - Done. Returned value was: None
[2023-04-02T03:45:41.737+0000] {taskinstance.py:1326} INFO - Marking task as SUCCESS. dag_id=demo_dag, task_id=get_data_from_api, execution_date=20230402T034538, start_date=20230402T034539, end_date=20230402T034541
[2023-04-02T03:45:41.808+0000] {local_task_job.py:212} INFO - Task exited with return code 0
[2023-04-02T03:45:41.851+0000] {taskinstance.py:2585} INFO - 0 downstream tasks scheduled from follow-on schedule check
