[2023-04-02T03:47:52.160+0000] {taskinstance.py:1084} INFO - Dependencies all met for dep_context=non-requeueable deps ti=<TaskInstance: demo_dag.get_data_from_api manual__2023-04-02T03:47:50.235595+00:00 [queued]>
[2023-04-02T03:47:52.180+0000] {taskinstance.py:1084} INFO - Dependencies all met for dep_context=requeueable deps ti=<TaskInstance: demo_dag.get_data_from_api manual__2023-04-02T03:47:50.235595+00:00 [queued]>
[2023-04-02T03:47:52.181+0000] {taskinstance.py:1282} INFO - 
--------------------------------------------------------------------------------
[2023-04-02T03:47:52.182+0000] {taskinstance.py:1283} INFO - Starting attempt 1 of 1
[2023-04-02T03:47:52.183+0000] {taskinstance.py:1284} INFO - 
--------------------------------------------------------------------------------
[2023-04-02T03:47:52.200+0000] {taskinstance.py:1303} INFO - Executing <Task(_PythonDecoratedOperator): get_data_from_api> on 2023-04-02 03:47:50.235595+00:00
[2023-04-02T03:47:52.243+0000] {standard_task_runner.py:55} INFO - Started process 1692 to run task
[2023-04-02T03:47:52.276+0000] {standard_task_runner.py:82} INFO - Running: ['***', 'tasks', 'run', 'demo_dag', 'get_data_from_api', 'manual__2023-04-02T03:47:50.235595+00:00', '--job-id', '431', '--raw', '--subdir', 'DAGS_FOLDER/test_dag.py', '--cfg-path', '/tmp/tmp0kdxxxft']
[2023-04-02T03:47:52.279+0000] {standard_task_runner.py:83} INFO - Job 431: Subtask get_data_from_api
[2023-04-02T03:47:52.467+0000] {task_command.py:388} INFO - Running <TaskInstance: demo_dag.get_data_from_api manual__2023-04-02T03:47:50.235595+00:00 [running]> on host 0b6a9b63e384
[2023-04-02T03:47:52.695+0000] {taskinstance.py:1511} INFO - Exporting the following env vars:
AIRFLOW_CTX_DAG_OWNER=***
AIRFLOW_CTX_DAG_ID=demo_dag
AIRFLOW_CTX_TASK_ID=get_data_from_api
AIRFLOW_CTX_EXECUTION_DATE=2023-04-02T03:47:50.235595+00:00
AIRFLOW_CTX_TRY_NUMBER=1
AIRFLOW_CTX_DAG_RUN_ID=manual__2023-04-02T03:47:50.235595+00:00
[2023-04-02T03:47:54.969+0000] {python.py:177} INFO - Done. Returned value was: None
[2023-04-02T03:47:55.016+0000] {taskinstance.py:1326} INFO - Marking task as SUCCESS. dag_id=demo_dag, task_id=get_data_from_api, execution_date=20230402T034750, start_date=20230402T034752, end_date=20230402T034755
[2023-04-02T03:47:55.106+0000] {local_task_job.py:212} INFO - Task exited with return code 0
[2023-04-02T03:47:55.247+0000] {taskinstance.py:2585} INFO - 1 downstream tasks scheduled from follow-on schedule check
