[2023-04-04T03:26:56.750+0000] {taskinstance.py:1084} INFO - Dependencies all met for dep_context=non-requeueable deps ti=<TaskInstance: demo_dag2.get_data_from_api manual__2023-04-04T03:26:55.500091+00:00 [queued]>
[2023-04-04T03:26:56.755+0000] {taskinstance.py:1084} INFO - Dependencies all met for dep_context=requeueable deps ti=<TaskInstance: demo_dag2.get_data_from_api manual__2023-04-04T03:26:55.500091+00:00 [queued]>
[2023-04-04T03:26:56.756+0000] {taskinstance.py:1282} INFO - 
--------------------------------------------------------------------------------
[2023-04-04T03:26:56.756+0000] {taskinstance.py:1283} INFO - Starting attempt 1 of 1
[2023-04-04T03:26:56.757+0000] {taskinstance.py:1284} INFO - 
--------------------------------------------------------------------------------
[2023-04-04T03:26:56.764+0000] {taskinstance.py:1303} INFO - Executing <Task(_PythonDecoratedOperator): get_data_from_api> on 2023-04-04 03:26:55.500091+00:00
[2023-04-04T03:26:56.769+0000] {standard_task_runner.py:55} INFO - Started process 265 to run task
[2023-04-04T03:26:56.773+0000] {standard_task_runner.py:82} INFO - Running: ['***', 'tasks', 'run', 'demo_dag2', 'get_data_from_api', 'manual__2023-04-04T03:26:55.500091+00:00', '--job-id', '461', '--raw', '--subdir', 'DAGS_FOLDER/test_dag2.py', '--cfg-path', '/tmp/tmpfimsql9b']
[2023-04-04T03:26:56.774+0000] {standard_task_runner.py:83} INFO - Job 461: Subtask get_data_from_api
[2023-04-04T03:26:56.857+0000] {task_command.py:388} INFO - Running <TaskInstance: demo_dag2.get_data_from_api manual__2023-04-04T03:26:55.500091+00:00 [running]> on host eb9f63ec844e
[2023-04-04T03:26:56.947+0000] {taskinstance.py:1511} INFO - Exporting the following env vars:
AIRFLOW_CTX_DAG_OWNER=***
AIRFLOW_CTX_DAG_ID=demo_dag2
AIRFLOW_CTX_TASK_ID=get_data_from_api
AIRFLOW_CTX_EXECUTION_DATE=2023-04-04T03:26:55.500091+00:00
AIRFLOW_CTX_TRY_NUMBER=1
AIRFLOW_CTX_DAG_RUN_ID=manual__2023-04-04T03:26:55.500091+00:00
[2023-04-04T03:26:59.995+0000] {python.py:177} INFO - Done. Returned value was: None
[2023-04-04T03:27:00.039+0000] {taskinstance.py:1326} INFO - Marking task as SUCCESS. dag_id=demo_dag2, task_id=get_data_from_api, execution_date=20230404T032655, start_date=20230404T032656, end_date=20230404T032700
[2023-04-04T03:27:00.124+0000] {local_task_job.py:212} INFO - Task exited with return code 0
[2023-04-04T03:27:00.168+0000] {taskinstance.py:2585} INFO - 1 downstream tasks scheduled from follow-on schedule check
